<?xml version="1.0" encoding="UTF-8"?>
<!-- Generated by org.testng.reporters.JUnitReportReporter -->
<testsuite skipped="1" hostname="TTF-BLR-SANTOSHKOUJALAGI" name="com.tetherfi.test.RoleBasedAccessManagementCreateTest" tests="20" failures="0" timestamp="2021-08-09T21:20:25 IST" time="784.679" errors="0">
  <testcase name="VerifyAddCancelButton" time="29.283" classname="com.tetherfi.test.RoleBasedAccessManagementCreateTest"/>
  <testcase name="VerifyAddRecordWithoutRole" time="28.888" classname="com.tetherfi.test.RoleBasedAccessManagementCreateTest"/>
  <testcase name="AddRevertRecord" time="30.260" classname="com.tetherfi.test.RoleBasedAccessManagementCreateTest"/>
  <testcase name="VerifyRevertForAddNewRecord" time="42.088" classname="com.tetherfi.test.RoleBasedAccessManagementCreateTest"/>
  <testcase name="VerifyApprovedDataSectionWithoutApproval" time="36.689" classname="com.tetherfi.test.RoleBasedAccessManagementCreateTest"/>
  <testcase name="VerifyAuditTrailReportForRevert" time="62.375" classname="com.tetherfi.test.RoleBasedAccessManagementCreateTest"/>
  <testcase name="AddRejectRecord" time="31.087" classname="com.tetherfi.test.RoleBasedAccessManagementCreateTest"/>
  <testcase name="VerifySendForApprovalForAddNewRecord" time="38.483" classname="com.tetherfi.test.RoleBasedAccessManagementCreateTest"/>
  <testcase name="RejectforAddNewNewRoleBasedAccessManagementRecord" time="39.741" classname="com.tetherfi.test.RoleBasedAccessManagementCreateTest"/>
  <testcase name="VerifyAuditTrailReportForReject" time="57.077" classname="com.tetherfi.test.RoleBasedAccessManagementCreateTest"/>
  <testcase name="VerifyRecordAfterRejection" time="32.826" classname="com.tetherfi.test.RoleBasedAccessManagementCreateTest"/>
  <testcase name="AddNewNewRoleBasedAccessManagementRecord" time="30.787" classname="com.tetherfi.test.RoleBasedAccessManagementCreateTest"/>
  <testcase name="VerifyAuditTrailReportForCreate" time="60.330" classname="com.tetherfi.test.RoleBasedAccessManagementCreateTest"/>
  <testcase name="VerifyAuditTrailDataForAddNewNewRoleBasedAccessManagementRecord" time="36.323" classname="com.tetherfi.test.RoleBasedAccessManagementCreateTest"/>
  <testcase name="VerifySendForApprovalForAddNewNewRoleBasedAccessManagementRecord" time="38.185" classname="com.tetherfi.test.RoleBasedAccessManagementCreateTest"/>
  <testcase name="VerifyAuditTrailReportForSendForApproval" time="58.828" classname="com.tetherfi.test.RoleBasedAccessManagementCreateTest"/>
  <testcase name="ApproveforAddNewNewRoleBasedAccessManagementRecord" time="41.274" classname="com.tetherfi.test.RoleBasedAccessManagementCreateTest"/>
  <testcase name="VerifyAuditTrailReportForApprove" time="57.266" classname="com.tetherfi.test.RoleBasedAccessManagementCreateTest"/>
  <testcase name="VerifyRecordApprovedDataSectionafterApproval" time="32.889" classname="com.tetherfi.test.RoleBasedAccessManagementCreateTest"/>
  <testcase name="AddDuplicateRecord" classname="com.tetherfi.test.RoleBasedAccessManagementCreateTest">
    <skipped/>
  </testcase> <!-- AddDuplicateRecord -->
</testsuite> <!-- com.tetherfi.test.RoleBasedAccessManagementCreateTest -->
