<?xml version="1.0" encoding="UTF-8"?>
<!-- Generated by org.testng.reporters.JUnitReportReporter -->
<testsuite hostname="DESKTOP-O6A5C2O" failures="2" tests="39" name="com.tetherfi.test.fax.FaxLineConfigTest" time="754.432" errors="0" timestamp="2020-02-19T13:31:05 IST" skipped="0">
  <testcase classname="com.tetherfi.test.fax.FaxLineConfigTest" name="FaxLineConfigPage" time="6.784"/>
  <testcase classname="com.tetherfi.test.fax.FaxLineConfigTest" name="AddFaxLineConfigRecord" time="22.285"/>
  <testcase classname="com.tetherfi.test.fax.FaxLineConfigTest" name="VerifyAuditTrialReportForCreate" time="34.283"/>
  <testcase classname="com.tetherfi.test.fax.FaxLineConfigTest" name="SendersLink" time="24.234"/>
  <testcase classname="com.tetherfi.test.fax.FaxLineConfigTest" name="AutoAckLink" time="21.312"/>
  <testcase classname="com.tetherfi.test.fax.FaxLineConfigTest" name="RoutesLink" time="37.464">
    <failure message="expected [Record Created Successfully] but found [Record Creation Failed]" type="java.lang.AssertionError">
      <![CDATA[java.lang.AssertionError: expected [Record Created Successfully] but found [Record Creation Failed]
at org.testng.Assert.fail(Assert.java:97)
at org.testng.Assert.assertEqualsImpl(Assert.java:136)
at org.testng.Assert.assertEquals(Assert.java:118)
at org.testng.Assert.assertEquals(Assert.java:575)
at org.testng.Assert.assertEquals(Assert.java:585)
at com.tetherfi.test.fax.FaxLineConfigTest.RoutesLink(FaxLineConfigTest.java:123)
at java.base/jdk.internal.reflect.NativeMethodAccessorImpl.invoke0(Native Method)
at java.base/jdk.internal.reflect.NativeMethodAccessorImpl.invoke(Unknown Source)
at java.base/jdk.internal.reflect.DelegatingMethodAccessorImpl.invoke(Unknown Source)
at java.base/java.lang.reflect.Method.invoke(Unknown Source)
at org.testng.internal.MethodInvocationHelper.invokeMethod(MethodInvocationHelper.java:133)
at org.testng.internal.TestInvoker.invokeMethod(TestInvoker.java:584)
at org.testng.internal.TestInvoker.invokeTestMethod(TestInvoker.java:172)
at org.testng.internal.MethodRunner.runInSequence(MethodRunner.java:46)
at org.testng.internal.TestInvoker$MethodInvocationAgent.invoke(TestInvoker.java:804)
at org.testng.internal.TestInvoker.invokeTestMethods(TestInvoker.java:145)
at org.testng.internal.TestMethodWorker.invokeTestMethods(TestMethodWorker.java:146)
at org.testng.internal.TestMethodWorker.run(TestMethodWorker.java:128)
at java.base/java.util.ArrayList.forEach(Unknown Source)
at org.testng.TestRunner.privateRun(TestRunner.java:770)
at org.testng.TestRunner.run(TestRunner.java:591)
at org.testng.SuiteRunner.runTest(SuiteRunner.java:402)
at org.testng.SuiteRunner.runSequentially(SuiteRunner.java:396)
at org.testng.SuiteRunner.privateRun(SuiteRunner.java:355)
at org.testng.SuiteRunner.run(SuiteRunner.java:304)
at org.testng.SuiteRunnerWorker.runSuite(SuiteRunnerWorker.java:53)
at org.testng.SuiteRunnerWorker.run(SuiteRunnerWorker.java:96)
at org.testng.TestNG.runSuitesSequentially(TestNG.java:1180)
at org.testng.TestNG.runSuitesLocally(TestNG.java:1102)
at org.testng.TestNG.runSuites(TestNG.java:1032)
at org.testng.TestNG.run(TestNG.java:1000)
at org.testng.remote.AbstractRemoteTestNG.run(AbstractRemoteTestNG.java:115)
at org.testng.remote.RemoteTestNG.initAndRun(RemoteTestNG.java:251)
at org.testng.remote.RemoteTestNG.main(RemoteTestNG.java:77)
]]>
    </failure>
  </testcase> <!-- RoutesLink -->
  <testcase classname="com.tetherfi.test.fax.FaxLineConfigTest" name="AddDuplicateFaxLineConfigRecord" time="94.080">
    <failure message="did not expect to find [false] but found [true]" type="java.lang.AssertionError">
      <![CDATA[java.lang.AssertionError: did not expect to find [false] but found [true]
at org.testng.Assert.fail(Assert.java:97)
at org.testng.Assert.failNotEquals(Assert.java:969)
at org.testng.Assert.assertFalse(Assert.java:65)
at org.testng.Assert.assertFalse(Assert.java:75)
at com.tetherfi.test.fax.FaxLineConfigTest.AddDuplicateFaxLineConfigRecord(FaxLineConfigTest.java:134)
at java.base/jdk.internal.reflect.NativeMethodAccessorImpl.invoke0(Native Method)
at java.base/jdk.internal.reflect.NativeMethodAccessorImpl.invoke(Unknown Source)
at java.base/jdk.internal.reflect.DelegatingMethodAccessorImpl.invoke(Unknown Source)
at java.base/java.lang.reflect.Method.invoke(Unknown Source)
at org.testng.internal.MethodInvocationHelper.invokeMethod(MethodInvocationHelper.java:133)
at org.testng.internal.TestInvoker.invokeMethod(TestInvoker.java:584)
at org.testng.internal.TestInvoker.invokeTestMethod(TestInvoker.java:172)
at org.testng.internal.MethodRunner.runInSequence(MethodRunner.java:46)
at org.testng.internal.TestInvoker$MethodInvocationAgent.invoke(TestInvoker.java:804)
at org.testng.internal.TestInvoker.invokeTestMethods(TestInvoker.java:145)
at org.testng.internal.TestMethodWorker.invokeTestMethods(TestMethodWorker.java:146)
at org.testng.internal.TestMethodWorker.run(TestMethodWorker.java:128)
at java.base/java.util.ArrayList.forEach(Unknown Source)
at org.testng.TestRunner.privateRun(TestRunner.java:770)
at org.testng.TestRunner.run(TestRunner.java:591)
at org.testng.SuiteRunner.runTest(SuiteRunner.java:402)
at org.testng.SuiteRunner.runSequentially(SuiteRunner.java:396)
at org.testng.SuiteRunner.privateRun(SuiteRunner.java:355)
at org.testng.SuiteRunner.run(SuiteRunner.java:304)
at org.testng.SuiteRunnerWorker.runSuite(SuiteRunnerWorker.java:53)
at org.testng.SuiteRunnerWorker.run(SuiteRunnerWorker.java:96)
at org.testng.TestNG.runSuitesSequentially(TestNG.java:1180)
at org.testng.TestNG.runSuitesLocally(TestNG.java:1102)
at org.testng.TestNG.runSuites(TestNG.java:1032)
at org.testng.TestNG.run(TestNG.java:1000)
at org.testng.remote.AbstractRemoteTestNG.run(AbstractRemoteTestNG.java:115)
at org.testng.remote.RemoteTestNG.initAndRun(RemoteTestNG.java:251)
at org.testng.remote.RemoteTestNG.main(RemoteTestNG.java:77)
]]>
    </failure>
  </testcase> <!-- AddDuplicateFaxLineConfigRecord -->
  <testcase classname="com.tetherfi.test.fax.FaxLineConfigTest" name="AddInvalidFaxLineConfigRecordWithoutInput" time="10.350"/>
  <testcase classname="com.tetherfi.test.fax.FaxLineConfigTest" name="AddInvalidFaxLineConfigRecordWithoutFaxLine" time="16.957"/>
  <testcase classname="com.tetherfi.test.fax.FaxLineConfigTest" name="AddInvalidFaxLineConfigRecordWithoutFaxLineName" time="19.921"/>
  <testcase classname="com.tetherfi.test.fax.FaxLineConfigTest" name="AddInvalidFaxLineConfigRecordWithoutDescription" time="16.525"/>
  <testcase classname="com.tetherfi.test.fax.FaxLineConfigTest" name="AddInvalidFaxLineConfigRecordWithoutStatus" time="15.782"/>
  <testcase classname="com.tetherfi.test.fax.FaxLineConfigTest" name="AddInvalidFaxLineConfigRecordWithoutSendStatus" time="15.806"/>
  <testcase classname="com.tetherfi.test.fax.FaxLineConfigTest" name="AddInvalidFaxLineConfigRecordWithoutRecieveStatus" time="14.482"/>
  <testcase classname="com.tetherfi.test.fax.FaxLineConfigTest" name="EditFaxLineConfigCancelRecord" time="19.420"/>
  <testcase classname="com.tetherfi.test.fax.FaxLineConfigTest" name="EditInvalidFaxLineConfigRecord" time="16.211"/>
  <testcase classname="com.tetherfi.test.fax.FaxLineConfigTest" name="EditFaxLineConfigRecord" time="17.292"/>
  <testcase classname="com.tetherfi.test.fax.FaxLineConfigTest" name="VerifyAuditTrialReportForUpdate" time="35.434"/>
  <testcase classname="com.tetherfi.test.fax.FaxLineConfigTest" name="searchPage" time="11.603"/>
  <testcase classname="com.tetherfi.test.fax.FaxLineConfigTest" name="searchwithoutSearchTextbox" time="11.796"/>
  <testcase classname="com.tetherfi.test.fax.FaxLineConfigTest" name="database" time="20.470"/>
  <testcase classname="com.tetherfi.test.fax.FaxLineConfigTest" name="DeleteCancelFaxLineConfigRecord" time="16.792"/>
  <testcase classname="com.tetherfi.test.fax.FaxLineConfigTest" name="DeleteFaxLineConfigRecordWithoutReason" time="16.075"/>
  <testcase classname="com.tetherfi.test.fax.FaxLineConfigTest" name="DeleteFaxLineConfigRecord" time="17.459"/>
  <testcase classname="com.tetherfi.test.fax.FaxLineConfigTest" name="VerifyAuditTrialReportForDelete" time="35.144"/>
  <testcase classname="com.tetherfi.test.fax.FaxLineConfigTest" name="SearchClearSearch" time="14.183"/>
  <testcase classname="com.tetherfi.test.fax.FaxLineConfigTest" name="ExportToExcel" time="9.934"/>
  <testcase classname="com.tetherfi.test.fax.FaxLineConfigTest" name="ExportToExcelData" time="14.545"/>
  <testcase classname="com.tetherfi.test.fax.FaxLineConfigTest" name="ExporttoExcelWithoutData" time="12.345"/>
  <testcase classname="com.tetherfi.test.fax.FaxLineConfigTest" name="SortingByAscending" time="17.096"/>
  <testcase classname="com.tetherfi.test.fax.FaxLineConfigTest" name="SortingByDescending" time="16.917"/>
  <testcase classname="com.tetherfi.test.fax.FaxLineConfigTest" name="GroupBy" time="9.737"/>
  <testcase classname="com.tetherfi.test.fax.FaxLineConfigTest" name="VerifyArrowMoveForPreviousAndNextPage" time="6.742"/>
  <testcase classname="com.tetherfi.test.fax.FaxLineConfigTest" name="VerifyArrowMoveForFirstAndLastPage" time="6.399"/>
  <testcase classname="com.tetherfi.test.fax.FaxLineConfigTest" name="VerifyTotalNumberOfItemsPerPageDetails" time="6.265"/>
  <testcase classname="com.tetherfi.test.fax.FaxLineConfigTest" name="VerifyNumberOfItemsPerPageSelection" time="14.129"/>
  <testcase classname="com.tetherfi.test.fax.FaxLineConfigTest" name="VerifyDropdownForAllTheColumns" time="20.318"/>
  <testcase classname="com.tetherfi.test.fax.FaxLineConfigTest" name="VerifyColumnsHeaderEnable" time="16.689"/>
  <testcase classname="com.tetherfi.test.fax.FaxLineConfigTest" name="VerifyColumnsHeaderDisable" time="21.172"/>
</testsuite> <!-- com.tetherfi.test.fax.FaxLineConfigTest -->
