<?xml version="1.0" encoding="UTF-8"?>
<!-- Generated by org.testng.reporters.JUnitReportReporter -->
<testsuite skipped="0" hostname="DESKTOP-NJVBPFB" name="com.tetherfi.test.ivr.IvrConfigTest" tests="3" failures="0" timestamp="2020-05-06T17:27:30 IST" time="40.461" errors="0">
  <testcase name="AddNewIvrConfigRecord" time="15.796" classname="com.tetherfi.test.ivr.IvrConfigTest"/>
  <testcase name="EditIvrConfigRecord" time="14.307" classname="com.tetherfi.test.ivr.IvrConfigTest"/>
  <testcase name="DeleteIvrConfigRecord" time="10.358" classname="com.tetherfi.test.ivr.IvrConfigTest"/>
</testsuite> <!-- com.tetherfi.test.ivr.IvrConfigTest -->
