<?xml version="1.0" encoding="UTF-8"?>
<!-- Generated by org.testng.reporters.JUnitReportReporter -->
<testsuite hostname="admin" failures="0" tests="1" name="com.tetherfi.test.reports.OCMFaxReceivedDetailsReportTest" time="65.352" errors="0" timestamp="2020-06-21T14:53:35 IST" skipped="0">
  <testcase classname="com.tetherfi.test.reports.OCMFaxReceivedDetailsReportTest" name="database" time="65.352"/>
</testsuite> <!-- com.tetherfi.test.reports.OCMFaxReceivedDetailsReportTest -->
