<?xml version="1.0" encoding="UTF-8"?>
<!-- Generated by org.testng.reporters.JUnitReportReporter -->
<testsuite skipped="0" hostname="TTF-BLR-SANTOSHKOUJALAGI" name="com.tetherfi.test.UserRoleMappingCreateTest" tests="27" failures="0" timestamp="2021-08-01T16:13:11 IST" time="1289.329" errors="0">
  <testcase name="VerifyAddCancelButton" time="31.824" classname="com.tetherfi.test.UserRoleMappingCreateTest"/>
  <testcase name="VerifyAddRecordwithoutFirstName" time="45.805" classname="com.tetherfi.test.UserRoleMappingCreateTest"/>
  <testcase name="VerifyAddRecordWithoutLastName" time="43.853" classname="com.tetherfi.test.UserRoleMappingCreateTest"/>
  <testcase name="VerifyAddRecordWithoutLanId" time="45.114" classname="com.tetherfi.test.UserRoleMappingCreateTest"/>
  <testcase name="VerifyAddRecordWithoutLoginID" time="45.310" classname="com.tetherfi.test.UserRoleMappingCreateTest"/>
  <testcase name="VerifyAddRecordWithoutOrgUnitANDProfileAndSupervisor" time="36.611" classname="com.tetherfi.test.UserRoleMappingCreateTest"/>
  <testcase name="VerifyAddRecordWithoutProfile" time="41.582" classname="com.tetherfi.test.UserRoleMappingCreateTest"/>
  <testcase name="VerifyAddRecordWithoutSupervisor" time="41.894" classname="com.tetherfi.test.UserRoleMappingCreateTest"/>
  <testcase name="VerifyAddRecordWithoutRole" time="39.447" classname="com.tetherfi.test.UserRoleMappingCreateTest"/>
  <testcase name="AddRevertRecord" time="73.235" classname="com.tetherfi.test.UserRoleMappingCreateTest"/>
  <testcase name="VerifyRevertForAddNewRecord" time="43.308" classname="com.tetherfi.test.UserRoleMappingCreateTest"/>
  <testcase name="VerifyApprovedDataSectionWithoutApproval" time="34.977" classname="com.tetherfi.test.UserRoleMappingCreateTest"/>
  <testcase name="VerifyAuditTrailReportForRevert" time="82.126" classname="com.tetherfi.test.UserRoleMappingCreateTest"/>
  <testcase name="AddRejectRecord" time="45.964" classname="com.tetherfi.test.UserRoleMappingCreateTest"/>
  <testcase name="VerifySendForApprovalForAddNewRecord" time="43.682" classname="com.tetherfi.test.UserRoleMappingCreateTest"/>
  <testcase name="RejectforAddNewNewUserRoleMappingRecord" time="41.759" classname="com.tetherfi.test.UserRoleMappingCreateTest"/>
  <testcase name="VerifyAuditTrailReportForReject" time="58.679" classname="com.tetherfi.test.UserRoleMappingCreateTest"/>
  <testcase name="VerifyRecordAfterRejection" time="53.939" classname="com.tetherfi.test.UserRoleMappingCreateTest"/>
  <testcase name="AddNewNewUserRoleMappingRecord" time="48.416" classname="com.tetherfi.test.UserRoleMappingCreateTest"/>
  <testcase name="VerifyAuditTrailReportForCreate" time="70.797" classname="com.tetherfi.test.UserRoleMappingCreateTest"/>
  <testcase name="VerifyAuditTrailDataForAddNewNewUserRoleMappingRecord" time="32.028" classname="com.tetherfi.test.UserRoleMappingCreateTest"/>
  <testcase name="VerifySendForApprovalForAddNewNewUserRoleMappingRecord" time="40.463" classname="com.tetherfi.test.UserRoleMappingCreateTest"/>
  <testcase name="VerifyAuditTrailReportForSendForApproval" time="62.129" classname="com.tetherfi.test.UserRoleMappingCreateTest"/>
  <testcase name="ApproveforAddNewNewUserRoleMappingRecord" time="41.828" classname="com.tetherfi.test.UserRoleMappingCreateTest"/>
  <testcase name="VerifyAuditTrailReportForApprove" time="62.422" classname="com.tetherfi.test.UserRoleMappingCreateTest"/>
  <testcase name="VerifyRecordApprovedDataSectionafterApproval" time="32.997" classname="com.tetherfi.test.UserRoleMappingCreateTest"/>
  <testcase name="AddDuplicateRecord" time="49.140" classname="com.tetherfi.test.UserRoleMappingCreateTest"/>
</testsuite> <!-- com.tetherfi.test.UserRoleMappingCreateTest -->
