<?xml version="1.0" encoding="UTF-8"?>
<!-- Generated by org.testng.reporters.JUnitReportReporter -->
<testsuite hostname="admin" failures="0" tests="1" name="com.tetherfi.test.fax.FaxLineConfigTest" time="11.602" errors="0" timestamp="25 Mar 2019 09:57:07 GMT" skipped="0">
  <testcase classname="com.tetherfi.test.fax.FaxLineConfigTest" name="ExporttoExcelWithoutData" time="11.602"/>
</testsuite> <!-- com.tetherfi.test.fax.FaxLineConfigTest -->
