<?xml version="1.0" encoding="UTF-8"?>
<!-- Generated by org.testng.reporters.JUnitReportReporter -->
<testsuite skipped="1" hostname="TTF-BLR-SANTOSHKOUJALAGI" name="com.tetherfi.test.RoleBasedAccessManagementCreateTest" tests="20" failures="0" timestamp="2021-08-12T18:57:02 IST" time="1266.498" errors="1">
  <testcase name="VerifyAddCancelButton" time="44.241" classname="com.tetherfi.test.RoleBasedAccessManagementCreateTest"/>
  <testcase name="VerifyAddRecordWithoutRole" time="35.294" classname="com.tetherfi.test.RoleBasedAccessManagementCreateTest"/>
  <testcase name="AddRevertRecord" time="70.774" classname="com.tetherfi.test.RoleBasedAccessManagementCreateTest"/>
  <testcase name="VerifyRevertForAddNewRecord" time="45.101" classname="com.tetherfi.test.RoleBasedAccessManagementCreateTest"/>
  <testcase name="VerifyApprovedDataSectionWithoutApproval" time="36.854" classname="com.tetherfi.test.RoleBasedAccessManagementCreateTest"/>
  <testcase name="VerifyAuditTrailReportForRevert" time="87.379" classname="com.tetherfi.test.RoleBasedAccessManagementCreateTest"/>
  <testcase name="AddRejectRecord" time="55.582" classname="com.tetherfi.test.RoleBasedAccessManagementCreateTest"/>
  <testcase name="VerifySendForApprovalForAddNewRecord" time="80.676" classname="com.tetherfi.test.RoleBasedAccessManagementCreateTest"/>
  <testcase name="RejectforAddNewNewRoleBasedAccessManagementRecord" time="53.443" classname="com.tetherfi.test.RoleBasedAccessManagementCreateTest"/>
  <testcase name="VerifyAuditTrailReportForReject" time="91.183" classname="com.tetherfi.test.RoleBasedAccessManagementCreateTest"/>
  <testcase name="VerifyRecordAfterRejection" time="45.162" classname="com.tetherfi.test.RoleBasedAccessManagementCreateTest"/>
  <testcase name="AddNewNewRoleBasedAccessManagementRecord" time="77.503" classname="com.tetherfi.test.RoleBasedAccessManagementCreateTest"/>
  <testcase name="VerifyAuditTrailReportForCreate" time="132.726" classname="com.tetherfi.test.RoleBasedAccessManagementCreateTest"/>
  <testcase name="VerifyAuditTrailDataForAddNewNewRoleBasedAccessManagementRecord" time="62.349" classname="com.tetherfi.test.RoleBasedAccessManagementCreateTest">
    <error type="java.lang.NullPointerException">
      <![CDATA[java.lang.NullPointerException
at com.tetherfi.pages.RoleBasedAccessManagementPage.verifyAuditTrail(RoleBasedAccessManagementPage.java:1027)
at com.tetherfi.test.RoleBasedAccessManagementCreateTest.VerifyAuditTrailDataForAddNewNewRoleBasedAccessManagementRecord(RoleBasedAccessManagementCreateTest.java:211)
at sun.reflect.NativeMethodAccessorImpl.invoke0(Native Method)
at sun.reflect.NativeMethodAccessorImpl.invoke(Unknown Source)
at sun.reflect.DelegatingMethodAccessorImpl.invoke(Unknown Source)
at java.lang.reflect.Method.invoke(Unknown Source)
at org.testng.internal.MethodInvocationHelper.invokeMethod(MethodInvocationHelper.java:133)
at org.testng.internal.TestInvoker.invokeMethod(TestInvoker.java:584)
at org.testng.internal.TestInvoker.invokeTestMethod(TestInvoker.java:172)
at org.testng.internal.MethodRunner.runInSequence(MethodRunner.java:46)
at org.testng.internal.TestInvoker$MethodInvocationAgent.invoke(TestInvoker.java:804)
at org.testng.internal.TestInvoker.invokeTestMethods(TestInvoker.java:145)
at org.testng.internal.TestMethodWorker.invokeTestMethods(TestMethodWorker.java:146)
at org.testng.internal.TestMethodWorker.run(TestMethodWorker.java:128)
at java.util.ArrayList.forEach(Unknown Source)
at org.testng.TestRunner.privateRun(TestRunner.java:770)
at org.testng.TestRunner.run(TestRunner.java:591)
at org.testng.SuiteRunner.runTest(SuiteRunner.java:402)
at org.testng.SuiteRunner.runSequentially(SuiteRunner.java:396)
at org.testng.SuiteRunner.privateRun(SuiteRunner.java:355)
at org.testng.SuiteRunner.run(SuiteRunner.java:304)
at org.testng.SuiteRunnerWorker.runSuite(SuiteRunnerWorker.java:53)
at org.testng.SuiteRunnerWorker.run(SuiteRunnerWorker.java:96)
at org.testng.TestNG.runSuitesSequentially(TestNG.java:1180)
at org.testng.TestNG.runSuitesLocally(TestNG.java:1102)
at org.testng.TestNG.runSuites(TestNG.java:1032)
at org.testng.TestNG.run(TestNG.java:1000)
at org.testng.remote.AbstractRemoteTestNG.run(AbstractRemoteTestNG.java:115)
at org.testng.remote.RemoteTestNG.initAndRun(RemoteTestNG.java:251)
at org.testng.remote.RemoteTestNG.main(RemoteTestNG.java:77)
]]>
    </error>
  </testcase> <!-- VerifyAuditTrailDataForAddNewNewRoleBasedAccessManagementRecord -->
  <testcase name="VerifySendForApprovalForAddNewNewRoleBasedAccessManagementRecord" time="45.584" classname="com.tetherfi.test.RoleBasedAccessManagementCreateTest"/>
  <testcase name="VerifyAuditTrailReportForSendForApproval" time="87.024" classname="com.tetherfi.test.RoleBasedAccessManagementCreateTest"/>
  <testcase name="ApproveforAddNewNewRoleBasedAccessManagementRecord" time="58.763" classname="com.tetherfi.test.RoleBasedAccessManagementCreateTest"/>
  <testcase name="VerifyAuditTrailReportForApprove" time="122.237" classname="com.tetherfi.test.RoleBasedAccessManagementCreateTest"/>
  <testcase name="VerifyRecordApprovedDataSectionafterApproval" time="34.623" classname="com.tetherfi.test.RoleBasedAccessManagementCreateTest"/>
  <testcase name="AddDuplicateRecord" classname="com.tetherfi.test.RoleBasedAccessManagementCreateTest">
    <skipped/>
  </testcase> <!-- AddDuplicateRecord -->
</testsuite> <!-- com.tetherfi.test.RoleBasedAccessManagementCreateTest -->
