<?xml version="1.0" encoding="UTF-8"?>
<!-- Generated by org.testng.reporters.JUnitReportReporter -->
<testsuite skipped="1" hostname="TTF-BLR-SANTOSHKOUJALAGI" name="com.tetherfi.test.reports.OCMSuccessfulRegistrationDeregistrationReportTest" tests="45" failures="0" timestamp="2021-08-30T02:23:36 IST" time="1128.064" errors="0">
  <testcase name="ShowReport" time="24.340" classname="com.tetherfi.test.reports.OCMSuccessfulRegistrationDeregistrationReportTest"/>
  <testcase name="ShowReportInNewTab" time="22.225" classname="com.tetherfi.test.reports.OCMSuccessfulRegistrationDeregistrationReportTest"/>
  <testcase name="database" time="22.730" classname="com.tetherfi.test.reports.OCMSuccessfulRegistrationDeregistrationReportTest"/>
  <testcase name="VerifyArrowMoveForPreviousAndNextPage" time="27.455" classname="com.tetherfi.test.reports.OCMSuccessfulRegistrationDeregistrationReportTest"/>
  <testcase name="VerifyArrowMoveForFirstAndLastPage" time="26.898" classname="com.tetherfi.test.reports.OCMSuccessfulRegistrationDeregistrationReportTest"/>
  <testcase name="VerifyTotalNumberOfItemsPerPageDetails" time="20.709" classname="com.tetherfi.test.reports.OCMSuccessfulRegistrationDeregistrationReportTest"/>
  <testcase name="VerifyNumberOfItemsPerPageSelection" time="48.475" classname="com.tetherfi.test.reports.OCMSuccessfulRegistrationDeregistrationReportTest"/>
  <testcase name="GroupBy" time="23.342" classname="com.tetherfi.test.reports.OCMSuccessfulRegistrationDeregistrationReportTest"/>
  <testcase name="VerifySearchByFeatureForSuccessfulRegistrationDeregistrationReport" time="25.864" classname="com.tetherfi.test.reports.OCMSuccessfulRegistrationDeregistrationReportTest"/>
  <testcase name="VerifySearchFeatureForIsEqualtoReport" time="25.815" classname="com.tetherfi.test.reports.OCMSuccessfulRegistrationDeregistrationReportTest"/>
  <testcase name="VerifySearchIsNotEqualTo" time="27.315" classname="com.tetherfi.test.reports.OCMSuccessfulRegistrationDeregistrationReportTest"/>
  <testcase name="VerifySearchContains" time="24.969" classname="com.tetherfi.test.reports.OCMSuccessfulRegistrationDeregistrationReportTest"/>
  <testcase name="VerifySearchDoesNotContains" time="25.145" classname="com.tetherfi.test.reports.OCMSuccessfulRegistrationDeregistrationReportTest"/>
  <testcase name="VerifySearchStartsWith" time="25.741" classname="com.tetherfi.test.reports.OCMSuccessfulRegistrationDeregistrationReportTest"/>
  <testcase name="VerifySearchEndsWith" time="26.979" classname="com.tetherfi.test.reports.OCMSuccessfulRegistrationDeregistrationReportTest"/>
  <testcase name="searchwithoutSearchTextbox" time="24.910" classname="com.tetherfi.test.reports.OCMSuccessfulRegistrationDeregistrationReportTest"/>
  <testcase name="ClearSearch" time="24.229" classname="com.tetherfi.test.reports.OCMSuccessfulRegistrationDeregistrationReportTest"/>
  <testcase name="verifyAdvancedSearchinreportpage" time="27.067" classname="com.tetherfi.test.reports.OCMSuccessfulRegistrationDeregistrationReportTest"/>
  <testcase name="verifyAdvancedSearchANDCriteria" time="37.614" classname="com.tetherfi.test.reports.OCMSuccessfulRegistrationDeregistrationReportTest"/>
  <testcase name="verifyAdvancedSearchORCriteria" time="39.844" classname="com.tetherfi.test.reports.OCMSuccessfulRegistrationDeregistrationReportTest"/>
  <testcase name="ClearfiltersAdvSrch" time="24.727" classname="com.tetherfi.test.reports.OCMSuccessfulRegistrationDeregistrationReportTest"/>
  <testcase name="ScheduleReport" time="19.462" classname="com.tetherfi.test.reports.OCMSuccessfulRegistrationDeregistrationReportTest"/>
  <testcase name="ExportReport" time="18.266" classname="com.tetherfi.test.reports.OCMSuccessfulRegistrationDeregistrationReportTest"/>
  <testcase name="ViewDownloadedReportInReportsDownloadPage" time="10.736" classname="com.tetherfi.test.reports.OCMSuccessfulRegistrationDeregistrationReportTest"/>
  <testcase name="VerifyViewDownloadedReportInReportsDownloadPage" time="40.418" classname="com.tetherfi.test.reports.OCMSuccessfulRegistrationDeregistrationReportTest"/>
  <testcase name="ShowReportForDateRange" time="20.398" classname="com.tetherfi.test.reports.OCMSuccessfulRegistrationDeregistrationReportTest"/>
  <testcase name="ShowReportInNewTabDateRange" time="20.945" classname="com.tetherfi.test.reports.OCMSuccessfulRegistrationDeregistrationReportTest"/>
  <testcase name="ScheduleReportforDateRange" time="19.535" classname="com.tetherfi.test.reports.OCMSuccessfulRegistrationDeregistrationReportTest"/>
  <testcase name="ExportReportDateRange" time="17.210" classname="com.tetherfi.test.reports.OCMSuccessfulRegistrationDeregistrationReportTest"/>
  <testcase name="ViewDownloadedReportInReportsDownloadPageDateRange" time="10.490" classname="com.tetherfi.test.reports.OCMSuccessfulRegistrationDeregistrationReportTest"/>
  <testcase name="VerifydownlodedReportInReportsDownloadPage" time="83.970" classname="com.tetherfi.test.reports.OCMSuccessfulRegistrationDeregistrationReportTest"/>
  <testcase name="DeleteWithoutDeleteReasonRecordinReportsDownloadforDateRange" time="11.311" classname="com.tetherfi.test.reports.OCMSuccessfulRegistrationDeregistrationReportTest"/>
  <testcase name="VerifyCancelBtnAtReportsDownloadDeleteBtnForDateRange" time="32.715" classname="com.tetherfi.test.reports.OCMSuccessfulRegistrationDeregistrationReportTest"/>
  <testcase name="DeleteRecord" time="11.244" classname="com.tetherfi.test.reports.OCMSuccessfulRegistrationDeregistrationReportTest"/>
  <testcase name="ClearAll" time="18.409" classname="com.tetherfi.test.reports.OCMSuccessfulRegistrationDeregistrationReportTest"/>
  <testcase name="OCMWindow" time="21.816" classname="com.tetherfi.test.reports.OCMSuccessfulRegistrationDeregistrationReportTest"/>
  <testcase name="VerifyDropdownForAllTheColumns" time="28.976" classname="com.tetherfi.test.reports.OCMSuccessfulRegistrationDeregistrationReportTest"/>
  <testcase name="VerifyColumnsHeaderEnable" time="25.523" classname="com.tetherfi.test.reports.OCMSuccessfulRegistrationDeregistrationReportTest"/>
  <testcase name="VerifyColumnsHeaderDisable" time="26.612" classname="com.tetherfi.test.reports.OCMSuccessfulRegistrationDeregistrationReportTest"/>
  <testcase name="ExportPage" time="23.250" classname="com.tetherfi.test.reports.OCMSuccessfulRegistrationDeregistrationReportTest"/>
  <testcase name="VerifyExportedPage" time="24.587" classname="com.tetherfi.test.reports.OCMSuccessfulRegistrationDeregistrationReportTest"/>
  <testcase name="SchedulereportinSuccessfulRegistrationDeregistrationReportPage" time="21.436" classname="com.tetherfi.test.reports.OCMSuccessfulRegistrationDeregistrationReportTest"/>
  <testcase name="ExportToExcel" time="20.485" classname="com.tetherfi.test.reports.OCMSuccessfulRegistrationDeregistrationReportTest"/>
  <testcase name="ViewDownloadedReportInReportsDownloadPageinSuccessfulRegistrationDeregistrationPg" time="23.877" classname="com.tetherfi.test.reports.OCMSuccessfulRegistrationDeregistrationReportTest"/>
  <testcase name="VerifySorting" classname="com.tetherfi.test.reports.OCMSuccessfulRegistrationDeregistrationReportTest">
    <skipped/>
  </testcase> <!-- VerifySorting -->
</testsuite> <!-- com.tetherfi.test.reports.OCMSuccessfulRegistrationDeregistrationReportTest -->
