<?xml version="1.0" encoding="UTF-8"?>
<!-- Generated by org.testng.reporters.JUnitReportReporter -->
<testsuite skipped="0" hostname="DESKTOP-NJVBPFB" name="com.tetherfi.test.tmac.AgentSettingsTest" tests="3" failures="0" timestamp="2020-05-06T17:53:29 IST" time="145.026" errors="0">
  <testcase name="VerifyAddNewAgentSettingsRecord" time="74.966" classname="com.tetherfi.test.tmac.AgentSettingsTest"/>
  <testcase name="EditAgentSettingsRecord" time="35.648" classname="com.tetherfi.test.tmac.AgentSettingsTest"/>
  <testcase name="DeleteAgentSettingsRecord" time="34.412" classname="com.tetherfi.test.tmac.AgentSettingsTest"/>
</testsuite> <!-- com.tetherfi.test.tmac.AgentSettingsTest -->
