<?xml version="1.0" encoding="UTF-8"?>
<!-- Generated by org.testng.reporters.JUnitReportReporter -->
<testsuite hostname="DESKTOP-O6A5C2O" failures="3" tests="39" name="com.tetherfi.test.ivr.VBEnrollmentFlagTest" time="578.283" errors="1" timestamp="2019-10-24T14:59:05 IST" skipped="0">
  <testcase classname="com.tetherfi.test.ivr.VBEnrollmentFlagTest" name="VbEnrollmentFlagPage" time="7.748"/>
  <testcase classname="com.tetherfi.test.ivr.VBEnrollmentFlagTest" name="VerifyDropdownForAllTheColumns" time="14.760"/>
  <testcase classname="com.tetherfi.test.ivr.VBEnrollmentFlagTest" name="VerifyColumnsHeaderEnable" time="11.035"/>
  <testcase classname="com.tetherfi.test.ivr.VBEnrollmentFlagTest" name="VerifyColumnsHeaderDisable" time="10.784"/>
  <testcase classname="com.tetherfi.test.ivr.VBEnrollmentFlagTest" name="AddNewVBEnrollmentFlagRecord" time="10.118"/>
  <testcase classname="com.tetherfi.test.ivr.VBEnrollmentFlagTest" name="AddDuplicateVBEnrollmentFlagRecord" time="10.104"/>
  <testcase classname="com.tetherfi.test.ivr.VBEnrollmentFlagTest" name="VerifyAuditTrialReportForCreate" time="30.433"/>
  <testcase classname="com.tetherfi.test.ivr.VBEnrollmentFlagTest" name="AddEmptyRecord" time="6.312"/>
  <testcase classname="com.tetherfi.test.ivr.VBEnrollmentFlagTest" name="AddRecordWithoutDNIS" time="8.590"/>
  <testcase classname="com.tetherfi.test.ivr.VBEnrollmentFlagTest" name="AddRecordWithoutHotLineName" time="8.823"/>
  <testcase classname="com.tetherfi.test.ivr.VBEnrollmentFlagTest" name="AddRecordWithoutEnrollmentFlag" time="6.874"/>
  <testcase classname="com.tetherfi.test.ivr.VBEnrollmentFlagTest" name="VerifyCancelBtnAtAddRecord" time="50.197"/>
  <testcase classname="com.tetherfi.test.ivr.VBEnrollmentFlagTest" name="VerifySearchIsNotEqualTo" time="12.046"/>
  <testcase classname="com.tetherfi.test.ivr.VBEnrollmentFlagTest" name="VerifySearchContains" time="11.758"/>
  <testcase classname="com.tetherfi.test.ivr.VBEnrollmentFlagTest" name="VerifySearchDoesNotContains" time="10.265"/>
  <testcase classname="com.tetherfi.test.ivr.VBEnrollmentFlagTest" name="VerifySearchStartsWith" time="11.066"/>
  <testcase classname="com.tetherfi.test.ivr.VBEnrollmentFlagTest" name="VerifySearchEndsWith" time="11.463"/>
  <testcase classname="com.tetherfi.test.ivr.VBEnrollmentFlagTest" name="EditVBEnrollmentFlagRecord" time="12.411"/>
  <testcase classname="com.tetherfi.test.ivr.VBEnrollmentFlagTest" name="VerifyAuditTrialReportForUpdate" time="31.881"/>
  <testcase classname="com.tetherfi.test.ivr.VBEnrollmentFlagTest" name="EditWithoutModifyReasonRecord" time="13.846"/>
  <testcase classname="com.tetherfi.test.ivr.VBEnrollmentFlagTest" name="VerifyCancelBtnAtEditRecord" time="56.000"/>
  <testcase classname="com.tetherfi.test.ivr.VBEnrollmentFlagTest" name="searchPage" time="9.691"/>
  <testcase classname="com.tetherfi.test.ivr.VBEnrollmentFlagTest" name="searchwithoutSearchTextbox" time="10.215"/>
  <testcase classname="com.tetherfi.test.ivr.VBEnrollmentFlagTest" name="ExportToExcel" time="8.964"/>
  <testcase classname="com.tetherfi.test.ivr.VBEnrollmentFlagTest" name="ExportToExcelData" time="8.263">
    <failure message="did not expect to find [true] but found [false]" type="java.lang.AssertionError">
      <![CDATA[java.lang.AssertionError: did not expect to find [true] but found [false]
at org.testng.Assert.fail(Assert.java:97)
at org.testng.Assert.failNotEquals(Assert.java:969)
at org.testng.Assert.assertTrue(Assert.java:43)
at org.testng.Assert.assertTrue(Assert.java:53)
at com.tetherfi.test.ivr.VBEnrollmentFlagTest.ExportToExcelData(VBEnrollmentFlagTest.java:280)
at java.base/jdk.internal.reflect.NativeMethodAccessorImpl.invoke0(Native Method)
at java.base/jdk.internal.reflect.NativeMethodAccessorImpl.invoke(Unknown Source)
at java.base/jdk.internal.reflect.DelegatingMethodAccessorImpl.invoke(Unknown Source)
at java.base/java.lang.reflect.Method.invoke(Unknown Source)
at org.testng.internal.MethodInvocationHelper.invokeMethod(MethodInvocationHelper.java:133)
at org.testng.internal.TestInvoker.invokeMethod(TestInvoker.java:584)
at org.testng.internal.TestInvoker.invokeTestMethod(TestInvoker.java:172)
at org.testng.internal.MethodRunner.runInSequence(MethodRunner.java:46)
at org.testng.internal.TestInvoker$MethodInvocationAgent.invoke(TestInvoker.java:804)
at org.testng.internal.TestInvoker.invokeTestMethods(TestInvoker.java:145)
at org.testng.internal.TestMethodWorker.invokeTestMethods(TestMethodWorker.java:146)
at org.testng.internal.TestMethodWorker.run(TestMethodWorker.java:128)
at java.base/java.util.ArrayList.forEach(Unknown Source)
at org.testng.TestRunner.privateRun(TestRunner.java:770)
at org.testng.TestRunner.run(TestRunner.java:591)
at org.testng.SuiteRunner.runTest(SuiteRunner.java:402)
at org.testng.SuiteRunner.runSequentially(SuiteRunner.java:396)
at org.testng.SuiteRunner.privateRun(SuiteRunner.java:355)
at org.testng.SuiteRunner.run(SuiteRunner.java:304)
at org.testng.SuiteRunnerWorker.runSuite(SuiteRunnerWorker.java:53)
at org.testng.SuiteRunnerWorker.run(SuiteRunnerWorker.java:96)
at org.testng.TestNG.runSuitesSequentially(TestNG.java:1180)
at org.testng.TestNG.runSuitesLocally(TestNG.java:1102)
at org.testng.TestNG.runSuites(TestNG.java:1032)
at org.testng.TestNG.run(TestNG.java:1000)
at org.testng.remote.AbstractRemoteTestNG.run(AbstractRemoteTestNG.java:115)
at org.testng.remote.RemoteTestNG.initAndRun(RemoteTestNG.java:251)
at org.testng.remote.RemoteTestNG.main(RemoteTestNG.java:77)
]]>
    </failure>
  </testcase> <!-- ExportToExcelData -->
  <testcase classname="com.tetherfi.test.ivr.VBEnrollmentFlagTest" name="SortingByAscending" time="11.775">
    <failure message="did not expect to find [true] but found [false]" type="java.lang.AssertionError">
      <![CDATA[java.lang.AssertionError: did not expect to find [true] but found [false]
at org.testng.Assert.fail(Assert.java:97)
at org.testng.Assert.failNotEquals(Assert.java:969)
at org.testng.Assert.assertTrue(Assert.java:43)
at org.testng.Assert.assertTrue(Assert.java:53)
at com.tetherfi.test.ivr.VBEnrollmentFlagTest.SortingByAscending(VBEnrollmentFlagTest.java:289)
at java.base/jdk.internal.reflect.NativeMethodAccessorImpl.invoke0(Native Method)
at java.base/jdk.internal.reflect.NativeMethodAccessorImpl.invoke(Unknown Source)
at java.base/jdk.internal.reflect.DelegatingMethodAccessorImpl.invoke(Unknown Source)
at java.base/java.lang.reflect.Method.invoke(Unknown Source)
at org.testng.internal.MethodInvocationHelper.invokeMethod(MethodInvocationHelper.java:133)
at org.testng.internal.TestInvoker.invokeMethod(TestInvoker.java:584)
at org.testng.internal.TestInvoker.invokeTestMethod(TestInvoker.java:172)
at org.testng.internal.MethodRunner.runInSequence(MethodRunner.java:46)
at org.testng.internal.TestInvoker$MethodInvocationAgent.invoke(TestInvoker.java:804)
at org.testng.internal.TestInvoker.invokeTestMethods(TestInvoker.java:145)
at org.testng.internal.TestMethodWorker.invokeTestMethods(TestMethodWorker.java:146)
at org.testng.internal.TestMethodWorker.run(TestMethodWorker.java:128)
at java.base/java.util.ArrayList.forEach(Unknown Source)
at org.testng.TestRunner.privateRun(TestRunner.java:770)
at org.testng.TestRunner.run(TestRunner.java:591)
at org.testng.SuiteRunner.runTest(SuiteRunner.java:402)
at org.testng.SuiteRunner.runSequentially(SuiteRunner.java:396)
at org.testng.SuiteRunner.privateRun(SuiteRunner.java:355)
at org.testng.SuiteRunner.run(SuiteRunner.java:304)
at org.testng.SuiteRunnerWorker.runSuite(SuiteRunnerWorker.java:53)
at org.testng.SuiteRunnerWorker.run(SuiteRunnerWorker.java:96)
at org.testng.TestNG.runSuitesSequentially(TestNG.java:1180)
at org.testng.TestNG.runSuitesLocally(TestNG.java:1102)
at org.testng.TestNG.runSuites(TestNG.java:1032)
at org.testng.TestNG.run(TestNG.java:1000)
at org.testng.remote.AbstractRemoteTestNG.run(AbstractRemoteTestNG.java:115)
at org.testng.remote.RemoteTestNG.initAndRun(RemoteTestNG.java:251)
at org.testng.remote.RemoteTestNG.main(RemoteTestNG.java:77)
]]>
    </failure>
  </testcase> <!-- SortingByAscending -->
  <testcase classname="com.tetherfi.test.ivr.VBEnrollmentFlagTest" name="SortingByDescending" time="10.901">
    <failure message="did not expect to find [true] but found [false]" type="java.lang.AssertionError">
      <![CDATA[java.lang.AssertionError: did not expect to find [true] but found [false]
at org.testng.Assert.fail(Assert.java:97)
at org.testng.Assert.failNotEquals(Assert.java:969)
at org.testng.Assert.assertTrue(Assert.java:43)
at org.testng.Assert.assertTrue(Assert.java:53)
at com.tetherfi.test.ivr.VBEnrollmentFlagTest.SortingByDescending(VBEnrollmentFlagTest.java:298)
at java.base/jdk.internal.reflect.NativeMethodAccessorImpl.invoke0(Native Method)
at java.base/jdk.internal.reflect.NativeMethodAccessorImpl.invoke(Unknown Source)
at java.base/jdk.internal.reflect.DelegatingMethodAccessorImpl.invoke(Unknown Source)
at java.base/java.lang.reflect.Method.invoke(Unknown Source)
at org.testng.internal.MethodInvocationHelper.invokeMethod(MethodInvocationHelper.java:133)
at org.testng.internal.TestInvoker.invokeMethod(TestInvoker.java:584)
at org.testng.internal.TestInvoker.invokeTestMethod(TestInvoker.java:172)
at org.testng.internal.MethodRunner.runInSequence(MethodRunner.java:46)
at org.testng.internal.TestInvoker$MethodInvocationAgent.invoke(TestInvoker.java:804)
at org.testng.internal.TestInvoker.invokeTestMethods(TestInvoker.java:145)
at org.testng.internal.TestMethodWorker.invokeTestMethods(TestMethodWorker.java:146)
at org.testng.internal.TestMethodWorker.run(TestMethodWorker.java:128)
at java.base/java.util.ArrayList.forEach(Unknown Source)
at org.testng.TestRunner.privateRun(TestRunner.java:770)
at org.testng.TestRunner.run(TestRunner.java:591)
at org.testng.SuiteRunner.runTest(SuiteRunner.java:402)
at org.testng.SuiteRunner.runSequentially(SuiteRunner.java:396)
at org.testng.SuiteRunner.privateRun(SuiteRunner.java:355)
at org.testng.SuiteRunner.run(SuiteRunner.java:304)
at org.testng.SuiteRunnerWorker.runSuite(SuiteRunnerWorker.java:53)
at org.testng.SuiteRunnerWorker.run(SuiteRunnerWorker.java:96)
at org.testng.TestNG.runSuitesSequentially(TestNG.java:1180)
at org.testng.TestNG.runSuitesLocally(TestNG.java:1102)
at org.testng.TestNG.runSuites(TestNG.java:1032)
at org.testng.TestNG.run(TestNG.java:1000)
at org.testng.remote.AbstractRemoteTestNG.run(AbstractRemoteTestNG.java:115)
at org.testng.remote.RemoteTestNG.initAndRun(RemoteTestNG.java:251)
at org.testng.remote.RemoteTestNG.main(RemoteTestNG.java:77)
]]>
    </failure>
  </testcase> <!-- SortingByDescending -->
  <testcase classname="com.tetherfi.test.ivr.VBEnrollmentFlagTest" name="GroupBy" time="9.114"/>
  <testcase classname="com.tetherfi.test.ivr.VBEnrollmentFlagTest" name="VerifyArrowMoveForPreviousAndNextPage" time="6.500"/>
  <testcase classname="com.tetherfi.test.ivr.VBEnrollmentFlagTest" name="VerifyArrowMoveForFirstAndLastPage" time="6.435"/>
  <testcase classname="com.tetherfi.test.ivr.VBEnrollmentFlagTest" name="VerifyTotalNumberOfItemsPerPageDetails" time="6.088"/>
  <testcase classname="com.tetherfi.test.ivr.VBEnrollmentFlagTest" name="VerifyNumberOfItemsPerPageSelection" time="10.329"/>
  <testcase classname="com.tetherfi.test.ivr.VBEnrollmentFlagTest" name="database" time="5.601">
    <error type="java.lang.NullPointerException">
      <![CDATA[java.lang.NullPointerException
at com.tetherfi.utility.ExcelReader.getTestData(ExcelReader.java:99)
at com.tetherfi.test.ivr.VBEnrollmentFlagTest.database(VBEnrollmentFlagTest.java:339)
at java.base/jdk.internal.reflect.NativeMethodAccessorImpl.invoke0(Native Method)
at java.base/jdk.internal.reflect.NativeMethodAccessorImpl.invoke(Unknown Source)
at java.base/jdk.internal.reflect.DelegatingMethodAccessorImpl.invoke(Unknown Source)
at java.base/java.lang.reflect.Method.invoke(Unknown Source)
at org.testng.internal.MethodInvocationHelper.invokeMethod(MethodInvocationHelper.java:133)
at org.testng.internal.TestInvoker.invokeMethod(TestInvoker.java:584)
at org.testng.internal.TestInvoker.invokeTestMethod(TestInvoker.java:172)
at org.testng.internal.MethodRunner.runInSequence(MethodRunner.java:46)
at org.testng.internal.TestInvoker$MethodInvocationAgent.invoke(TestInvoker.java:804)
at org.testng.internal.TestInvoker.invokeTestMethods(TestInvoker.java:145)
at org.testng.internal.TestMethodWorker.invokeTestMethods(TestMethodWorker.java:146)
at org.testng.internal.TestMethodWorker.run(TestMethodWorker.java:128)
at java.base/java.util.ArrayList.forEach(Unknown Source)
at org.testng.TestRunner.privateRun(TestRunner.java:770)
at org.testng.TestRunner.run(TestRunner.java:591)
at org.testng.SuiteRunner.runTest(SuiteRunner.java:402)
at org.testng.SuiteRunner.runSequentially(SuiteRunner.java:396)
at org.testng.SuiteRunner.privateRun(SuiteRunner.java:355)
at org.testng.SuiteRunner.run(SuiteRunner.java:304)
at org.testng.SuiteRunnerWorker.runSuite(SuiteRunnerWorker.java:53)
at org.testng.SuiteRunnerWorker.run(SuiteRunnerWorker.java:96)
at org.testng.TestNG.runSuitesSequentially(TestNG.java:1180)
at org.testng.TestNG.runSuitesLocally(TestNG.java:1102)
at org.testng.TestNG.runSuites(TestNG.java:1032)
at org.testng.TestNG.run(TestNG.java:1000)
at org.testng.remote.AbstractRemoteTestNG.run(AbstractRemoteTestNG.java:115)
at org.testng.remote.RemoteTestNG.initAndRun(RemoteTestNG.java:251)
at org.testng.remote.RemoteTestNG.main(RemoteTestNG.java:77)
]]>
    </error>
  </testcase> <!-- database -->
  <testcase classname="com.tetherfi.test.ivr.VBEnrollmentFlagTest" name="DeleteWithoutDeleteReasonRecord" time="12.935"/>
  <testcase classname="com.tetherfi.test.ivr.VBEnrollmentFlagTest" name="VerifyCancelBtnAtDeleteVBEnrollmentFlagRecord" time="54.546"/>
  <testcase classname="com.tetherfi.test.ivr.VBEnrollmentFlagTest" name="DeleteVBEnrollmentFlagRecord" time="12.714"/>
  <testcase classname="com.tetherfi.test.ivr.VBEnrollmentFlagTest" name="VerifyAuditTrialReportForDelete" time="26.530"/>
  <testcase classname="com.tetherfi.test.ivr.VBEnrollmentFlagTest" name="SearchClearSearch" time="10.416"/>
  <testcase classname="com.tetherfi.test.ivr.VBEnrollmentFlagTest" name="ExporttoExcelWithoutData" time="10.752"/>
</testsuite> <!-- com.tetherfi.test.ivr.VBEnrollmentFlagTest -->
