<?xml version="1.0" encoding="UTF-8"?>
<!-- Generated by org.testng.reporters.JUnitReportReporter -->
<testsuite hostname="DESKTOP-O6A5C2O" failures="0" tests="40" name="com.tetherfi.test.ivr.OperatingHoursTest" time="782.727" errors="1" timestamp="2020-03-11T12:11:14 IST" skipped="0">
  <testcase classname="com.tetherfi.test.ivr.OperatingHoursTest" name="OperatingHoursPage" time="9.768"/>
  <testcase classname="com.tetherfi.test.ivr.OperatingHoursTest" name="AddNewOperatingHoursRecord" time="26.364"/>
  <testcase classname="com.tetherfi.test.ivr.OperatingHoursTest" name="AddAlldaysOperatingHoursRecord" time="15.231"/>
  <testcase classname="com.tetherfi.test.ivr.OperatingHoursTest" name="AddLeavingFieldsBlank" time="8.384"/>
  <testcase classname="com.tetherfi.test.ivr.OperatingHoursTest" name="AddLeavingVDNBlankBlank" time="18.979"/>
  <testcase classname="com.tetherfi.test.ivr.OperatingHoursTest" name="AddLeavingWeekDayFieldsBlank" time="15.088"/>
  <testcase classname="com.tetherfi.test.ivr.OperatingHoursTest" name="AddLeavingStartTimeFieldsBlank" time="18.001"/>
  <testcase classname="com.tetherfi.test.ivr.OperatingHoursTest" name="AddLeavingEndTimeFieldsBlank" time="18.889"/>
  <testcase classname="com.tetherfi.test.ivr.OperatingHoursTest" name="AddLeavingBypassPublicHolidayFieldsBlank" time="18.369"/>
  <testcase classname="com.tetherfi.test.ivr.OperatingHoursTest" name="AddDuplicateRecord" time="12.697"/>
  <testcase classname="com.tetherfi.test.ivr.OperatingHoursTest" name="AddInvalidVDNRecord" time="18.448"/>
  <testcase classname="com.tetherfi.test.ivr.OperatingHoursTest" name="AddInvalidStartTimeRecord" time="20.716"/>
  <testcase classname="com.tetherfi.test.ivr.OperatingHoursTest" name="AddInvalidStartAndEndTimeRecord" time="19.595"/>
  <testcase classname="com.tetherfi.test.ivr.OperatingHoursTest" name="EditOperatingHoursCancelRecord" time="23.026"/>
  <testcase classname="com.tetherfi.test.ivr.OperatingHoursTest" name="EditOperatingHoursRecord" time="23.707"/>
  <testcase classname="com.tetherfi.test.ivr.OperatingHoursTest" name="EditInvalidRecord" time="38.128"/>
  <testcase classname="com.tetherfi.test.ivr.OperatingHoursTest" name="EditRecordWithoutReason" time="23.739"/>
  <testcase classname="com.tetherfi.test.ivr.OperatingHoursTest" name="searchPage" time="11.051"/>
  <testcase classname="com.tetherfi.test.ivr.OperatingHoursTest" name="VerifySearchIsNotEqualTo" time="32.054"/>
  <testcase classname="com.tetherfi.test.ivr.OperatingHoursTest" name="VerifySearchContains" time="16.062"/>
  <testcase classname="com.tetherfi.test.ivr.OperatingHoursTest" name="VerifySearchDoesNotContains" time="26.810"/>
  <testcase classname="com.tetherfi.test.ivr.OperatingHoursTest" name="VerifySearchStartsWith" time="13.901"/>
  <testcase classname="com.tetherfi.test.ivr.OperatingHoursTest" name="VerifySearchEndsWith" time="14.525"/>
  <testcase classname="com.tetherfi.test.ivr.OperatingHoursTest" name="SearchClearSearch" time="51.501">
    <error message="no such element: Unable to locate element: {&quot;method&quot;:&quot;xpath&quot;,&quot;selector&quot;:&quot;//div[text()=&#039;No records to display&#039;]&quot;}
  (Session info: chrome=78.0.3904.70)
For documentation on this error, please visit: https://www.seleniumhq.org/exceptions/no_such_element.html
Build info: version: &#039;3.141.59&#039;, revision: &#039;e82be7d358&#039;, time: &#039;2018-11-14T08:17:03&#039;
System info: host: &#039;DESKTOP-O6A5C2O&#039;, ip: &#039;10.0.75.1&#039;, os.name: &#039;Windows 10&#039;, os.arch: &#039;amd64&#039;, os.version: &#039;10.0&#039;, java.version: &#039;9.0.4&#039;
Driver info: org.openqa.selenium.chrome.ChromeDriver
Capabilities {acceptInsecureCerts: false, browserName: chrome, browserVersion: 78.0.3904.70, chrome: {chromedriverVersion: 78.0.3904.105 (60e2d8774a81..., userDataDir: C:\Users\admin\AppData\Loca...}, goog:chromeOptions: {debuggerAddress: localhost:50918}, javascriptEnabled: true, networkConnectionEnabled: false, pageLoadStrategy: normal, platform: XP, platformName: XP, proxy: Proxy(), setWindowRect: true, strictFileInteractability: false, timeouts: {implicit: 0, pageLoad: 300000, script: 30000}, unhandledPromptBehavior: dismiss and notify}
Session ID: e75013e8928163427a71e378c75d006a
*** Element info: {Using=xpath, value=//div[text()=&#039;No records to display&#039;]}" type="org.openqa.selenium.NoSuchElementException">
      <![CDATA[org.openqa.selenium.NoSuchElementException: no such element: Unable to locate element: {"method":"xpath","selector":"//div[text()='No records to display']"}
  (Session info: chrome=78.0.3904.70)
For documentation on this error, please visit: https://www.seleniumhq.org/exceptions/no_such_element.html
Build info: version: '3.141.59', revision: 'e82be7d358', time: '2018-11-14T08:17:03'
System info: host: 'DESKTOP-O6A5C2O', ip: '10.0.75.1', os.name: 'Windows 10', os.arch: 'amd64', os.version: '10.0', java.version: '9.0.4'
Driver info: org.openqa.selenium.chrome.ChromeDriver
Capabilities {acceptInsecureCerts: false, browserName: chrome, browserVersion: 78.0.3904.70, chrome: {chromedriverVersion: 78.0.3904.105 (60e2d8774a81..., userDataDir: C:\Users\admin\AppData\Loca...}, goog:chromeOptions: {debuggerAddress: localhost:50918}, javascriptEnabled: true, networkConnectionEnabled: false, pageLoadStrategy: normal, platform: XP, platformName: XP, proxy: Proxy(), setWindowRect: true, strictFileInteractability: false, timeouts: {implicit: 0, pageLoad: 300000, script: 30000}, unhandledPromptBehavior: dismiss and notify}
Session ID: e75013e8928163427a71e378c75d006a
*** Element info: {Using=xpath, value=//div[text()='No records to display']}
at java.base/jdk.internal.reflect.NativeConstructorAccessorImpl.newInstance0(Native Method)
at java.base/jdk.internal.reflect.NativeConstructorAccessorImpl.newInstance(Unknown Source)
at java.base/jdk.internal.reflect.DelegatingConstructorAccessorImpl.newInstance(Unknown Source)
at java.base/java.lang.reflect.Constructor.newInstance(Unknown Source)
at org.openqa.selenium.remote.http.W3CHttpResponseCodec.createException(W3CHttpResponseCodec.java:187)
at org.openqa.selenium.remote.http.W3CHttpResponseCodec.decode(W3CHttpResponseCodec.java:122)
at org.openqa.selenium.remote.http.W3CHttpResponseCodec.decode(W3CHttpResponseCodec.java:49)
at org.openqa.selenium.remote.HttpCommandExecutor.execute(HttpCommandExecutor.java:158)
at org.openqa.selenium.remote.service.DriverCommandExecutor.execute(DriverCommandExecutor.java:83)
at org.openqa.selenium.remote.RemoteWebDriver.execute(RemoteWebDriver.java:552)
at org.openqa.selenium.remote.RemoteWebDriver.findElement(RemoteWebDriver.java:323)
at org.openqa.selenium.remote.RemoteWebDriver.findElementByXPath(RemoteWebDriver.java:428)
at org.openqa.selenium.By$ByXPath.findElement(By.java:353)
at org.openqa.selenium.remote.RemoteWebDriver.findElement(RemoteWebDriver.java:315)
at org.openqa.selenium.support.pagefactory.DefaultElementLocator.findElement(DefaultElementLocator.java:69)
at org.openqa.selenium.support.pagefactory.internal.LocatingElementHandler.invoke(LocatingElementHandler.java:38)
at com.sun.proxy.$Proxy16.isDisplayed(Unknown Source)
at com.tetherfi.pages.OperatingHoursPage.verifyinvalidsearchwithwrongdata(OperatingHoursPage.java:1000)
at com.tetherfi.test.ivr.OperatingHoursTest.SearchClearSearch(OperatingHoursTest.java:292)
at java.base/jdk.internal.reflect.NativeMethodAccessorImpl.invoke0(Native Method)
at java.base/jdk.internal.reflect.NativeMethodAccessorImpl.invoke(Unknown Source)
at java.base/jdk.internal.reflect.DelegatingMethodAccessorImpl.invoke(Unknown Source)
at java.base/java.lang.reflect.Method.invoke(Unknown Source)
at org.testng.internal.MethodInvocationHelper.invokeMethod(MethodInvocationHelper.java:133)
at org.testng.internal.TestInvoker.invokeMethod(TestInvoker.java:584)
at org.testng.internal.TestInvoker.invokeTestMethod(TestInvoker.java:172)
at org.testng.internal.MethodRunner.runInSequence(MethodRunner.java:46)
at org.testng.internal.TestInvoker$MethodInvocationAgent.invoke(TestInvoker.java:804)
at org.testng.internal.TestInvoker.invokeTestMethods(TestInvoker.java:145)
at org.testng.internal.TestMethodWorker.invokeTestMethods(TestMethodWorker.java:146)
at org.testng.internal.TestMethodWorker.run(TestMethodWorker.java:128)
at java.base/java.util.ArrayList.forEach(Unknown Source)
at org.testng.TestRunner.privateRun(TestRunner.java:770)
at org.testng.TestRunner.run(TestRunner.java:591)
at org.testng.SuiteRunner.runTest(SuiteRunner.java:402)
at org.testng.SuiteRunner.runSequentially(SuiteRunner.java:396)
at org.testng.SuiteRunner.privateRun(SuiteRunner.java:355)
at org.testng.SuiteRunner.run(SuiteRunner.java:304)
at org.testng.SuiteRunnerWorker.runSuite(SuiteRunnerWorker.java:53)
at org.testng.SuiteRunnerWorker.run(SuiteRunnerWorker.java:96)
at org.testng.TestNG.runSuitesSequentially(TestNG.java:1180)
at org.testng.TestNG.runSuitesLocally(TestNG.java:1102)
at org.testng.TestNG.runSuites(TestNG.java:1032)
at org.testng.TestNG.run(TestNG.java:1000)
at org.testng.remote.AbstractRemoteTestNG.run(AbstractRemoteTestNG.java:115)
at org.testng.remote.RemoteTestNG.initAndRun(RemoteTestNG.java:251)
at org.testng.remote.RemoteTestNG.main(RemoteTestNG.java:77)
]]>
    </error>
  </testcase> <!-- SearchClearSearch -->
  <testcase classname="com.tetherfi.test.ivr.OperatingHoursTest" name="ExportToExcel" time="9.905"/>
  <testcase classname="com.tetherfi.test.ivr.OperatingHoursTest" name="ExportToExcelData" time="31.017"/>
  <testcase classname="com.tetherfi.test.ivr.OperatingHoursTest" name="ExporttoExcelWithoutData" time="11.216"/>
  <testcase classname="com.tetherfi.test.ivr.OperatingHoursTest" name="SortingByAscending" time="34.469"/>
  <testcase classname="com.tetherfi.test.ivr.OperatingHoursTest" name="SortingByDescending" time="35.295"/>
  <testcase classname="com.tetherfi.test.ivr.OperatingHoursTest" name="GroupBy" time="11.764"/>
  <testcase classname="com.tetherfi.test.ivr.OperatingHoursTest" name="VerifyArrowMoveForPreviousAndNextPage" time="8.021"/>
  <testcase classname="com.tetherfi.test.ivr.OperatingHoursTest" name="VerifyArrowMoveForFirstAndLastPage" time="7.720"/>
  <testcase classname="com.tetherfi.test.ivr.OperatingHoursTest" name="VerifyTotalNumberOfItemsPerPageDetails" time="6.532"/>
  <testcase classname="com.tetherfi.test.ivr.OperatingHoursTest" name="VerifyNumberOfItemsPerPageSelection" time="21.970"/>
  <testcase classname="com.tetherfi.test.ivr.OperatingHoursTest" name="VerifyDropdownForAllTheColumns" time="20.890"/>
  <testcase classname="com.tetherfi.test.ivr.OperatingHoursTest" name="VerifyColumnsHeaderEnable" time="14.848"/>
  <testcase classname="com.tetherfi.test.ivr.OperatingHoursTest" name="VerifyColumnsHeaderDisable" time="17.752"/>
  <testcase classname="com.tetherfi.test.ivr.OperatingHoursTest" name="DeleteNoRecord" time="17.219"/>
  <testcase classname="com.tetherfi.test.ivr.OperatingHoursTest" name="DeleteOperatinghoursRecord" time="16.318"/>
  <testcase classname="com.tetherfi.test.ivr.OperatingHoursTest" name="database" time="22.758"/>
</testsuite> <!-- com.tetherfi.test.ivr.OperatingHoursTest -->
