<?xml version="1.0" encoding="UTF-8"?>
<!-- Generated by org.testng.reporters.JUnitReportReporter -->
<testsuite skipped="0" hostname="TTF-BLR-SANTOSHKOUJALAGI" name="com.tetherfi.test.ivr.VBEnrollmentFlagTest" tests="39" failures="0" timestamp="2021-08-10T21:26:09 IST" time="403.810" errors="0">
  <testcase name="VbEnrollmentFlagPage" time="2.529" classname="com.tetherfi.test.ivr.VBEnrollmentFlagTest"/>
  <testcase name="VerifyDropdownForAllTheColumns" time="11.551" classname="com.tetherfi.test.ivr.VBEnrollmentFlagTest"/>
  <testcase name="VerifyColumnsHeaderEnable" time="6.464" classname="com.tetherfi.test.ivr.VBEnrollmentFlagTest"/>
  <testcase name="VerifyColumnsHeaderDisable" time="8.142" classname="com.tetherfi.test.ivr.VBEnrollmentFlagTest"/>
  <testcase name="AddNewVBEnrollmentFlagRecord" time="5.608" classname="com.tetherfi.test.ivr.VBEnrollmentFlagTest"/>
  <testcase name="AddDuplicateVBEnrollmentFlagRecord" time="4.740" classname="com.tetherfi.test.ivr.VBEnrollmentFlagTest"/>
  <testcase name="AddEmptyRecord" time="3.252" classname="com.tetherfi.test.ivr.VBEnrollmentFlagTest"/>
  <testcase name="AddRecordWithoutDNIS" time="4.869" classname="com.tetherfi.test.ivr.VBEnrollmentFlagTest"/>
  <testcase name="AddRecordWithoutHotLineName" time="4.529" classname="com.tetherfi.test.ivr.VBEnrollmentFlagTest"/>
  <testcase name="AddRecordWithoutEnrollmentFlag" time="4.770" classname="com.tetherfi.test.ivr.VBEnrollmentFlagTest"/>
  <testcase name="VerifyCancelBtnAtAddRecord" time="25.642" classname="com.tetherfi.test.ivr.VBEnrollmentFlagTest"/>
  <testcase name="VerifySearchIsNotEqualTo" time="11.278" classname="com.tetherfi.test.ivr.VBEnrollmentFlagTest"/>
  <testcase name="VerifySearchContains" time="11.138" classname="com.tetherfi.test.ivr.VBEnrollmentFlagTest"/>
  <testcase name="VerifySearchDoesNotContains" time="10.084" classname="com.tetherfi.test.ivr.VBEnrollmentFlagTest"/>
  <testcase name="VerifySearchStartsWith" time="9.951" classname="com.tetherfi.test.ivr.VBEnrollmentFlagTest"/>
  <testcase name="VerifySearchEndsWith" time="10.135" classname="com.tetherfi.test.ivr.VBEnrollmentFlagTest"/>
  <testcase name="EditVBEnrollmentFlagRecord" time="8.940" classname="com.tetherfi.test.ivr.VBEnrollmentFlagTest"/>
  <testcase name="EditWithoutModifyReasonRecord" time="7.998" classname="com.tetherfi.test.ivr.VBEnrollmentFlagTest"/>
  <testcase name="VerifyCancelBtnAtEditRecord" time="30.598" classname="com.tetherfi.test.ivr.VBEnrollmentFlagTest"/>
  <testcase name="searchPage" time="5.362" classname="com.tetherfi.test.ivr.VBEnrollmentFlagTest"/>
  <testcase name="searchwithoutSearchTextbox" time="6.175" classname="com.tetherfi.test.ivr.VBEnrollmentFlagTest"/>
  <testcase name="ExportToExcel" time="4.328" classname="com.tetherfi.test.ivr.VBEnrollmentFlagTest"/>
  <testcase name="ExportToExcelData" time="3.416" classname="com.tetherfi.test.ivr.VBEnrollmentFlagTest"/>
  <testcase name="SortingByAscending" time="7.321" classname="com.tetherfi.test.ivr.VBEnrollmentFlagTest"/>
  <testcase name="SortingByDescending" time="7.789" classname="com.tetherfi.test.ivr.VBEnrollmentFlagTest"/>
  <testcase name="GroupBy" time="4.741" classname="com.tetherfi.test.ivr.VBEnrollmentFlagTest"/>
  <testcase name="VerifyArrowMoveForPreviousAndNextPage" time="2.494" classname="com.tetherfi.test.ivr.VBEnrollmentFlagTest"/>
  <testcase name="VerifyArrowMoveForFirstAndLastPage" time="1.623" classname="com.tetherfi.test.ivr.VBEnrollmentFlagTest"/>
  <testcase name="VerifyTotalNumberOfItemsPerPageDetails" time="1.699" classname="com.tetherfi.test.ivr.VBEnrollmentFlagTest"/>
  <testcase name="VerifyNumberOfItemsPerPageSelection" time="8.323" classname="com.tetherfi.test.ivr.VBEnrollmentFlagTest"/>
  <testcase name="database" time="9.316" classname="com.tetherfi.test.ivr.VBEnrollmentFlagTest"/>
  <testcase name="DeleteWithoutDeleteReasonRecord" time="7.704" classname="com.tetherfi.test.ivr.VBEnrollmentFlagTest"/>
  <testcase name="VerifyCancelBtnAtDeleteVBEnrollmentFlagRecord" time="31.447" classname="com.tetherfi.test.ivr.VBEnrollmentFlagTest"/>
  <testcase name="DeleteVBEnrollmentFlagRecord" time="7.590" classname="com.tetherfi.test.ivr.VBEnrollmentFlagTest"/>
  <testcase name="SearchClearSearch" time="6.465" classname="com.tetherfi.test.ivr.VBEnrollmentFlagTest"/>
  <testcase name="ExporttoExcelWithoutData" time="8.187" classname="com.tetherfi.test.ivr.VBEnrollmentFlagTest"/>
  <testcase name="VerifyAuditTrialReportForCreate" time="33.626" classname="com.tetherfi.test.ivr.VBEnrollmentFlagTest"/>
  <testcase name="VerifyAuditTrialReportForUpdate" time="31.369" classname="com.tetherfi.test.ivr.VBEnrollmentFlagTest"/>
  <testcase name="VerifyAuditTrialReportForDelete" time="32.617" classname="com.tetherfi.test.ivr.VBEnrollmentFlagTest"/>
</testsuite> <!-- com.tetherfi.test.ivr.VBEnrollmentFlagTest -->
