<?xml version="1.0" encoding="UTF-8"?>
<!-- Generated by org.testng.reporters.JUnitReportReporter -->
<testsuite hostname="DESKTOP-O6A5C2O" failures="0" tests="25" name="com.tetherfi.test.ivr.IntroMessageAnnouncementCreateTest" time="957.063" errors="0" timestamp="2019-10-24T12:22:46 IST" skipped="0">
  <testcase classname="com.tetherfi.test.ivr.IntroMessageAnnouncementCreateTest" name="VerifyAddCancelButton" time="32.479"/>
  <testcase classname="com.tetherfi.test.ivr.IntroMessageAnnouncementCreateTest" name="VerifyAddRecordwithoutFunctionality" time="38.114"/>
  <testcase classname="com.tetherfi.test.ivr.IntroMessageAnnouncementCreateTest" name="VerifyAddRecordWithoutHotLine" time="39.242"/>
  <testcase classname="com.tetherfi.test.ivr.IntroMessageAnnouncementCreateTest" name="VerifyAddRecordWithoutStartDateTime" time="39.056"/>
  <testcase classname="com.tetherfi.test.ivr.IntroMessageAnnouncementCreateTest" name="VerifyAddRecordWithoutEndDateTime" time="38.591"/>
  <testcase classname="com.tetherfi.test.ivr.IntroMessageAnnouncementCreateTest" name="VerifyAddRecordWithoutLanguage" time="43.618"/>
  <testcase classname="com.tetherfi.test.ivr.IntroMessageAnnouncementCreateTest" name="VerifyAddRecordWithoutWaveFile" time="35.099"/>
  <testcase classname="com.tetherfi.test.ivr.IntroMessageAnnouncementCreateTest" name="AddRevertRecord" time="44.043"/>
  <testcase classname="com.tetherfi.test.ivr.IntroMessageAnnouncementCreateTest" name="VerifyRevertForAddNewRecord" time="38.220"/>
  <testcase classname="com.tetherfi.test.ivr.IntroMessageAnnouncementCreateTest" name="VerifyApprovedDataSectionWithoutApproval" time="28.957"/>
  <testcase classname="com.tetherfi.test.ivr.IntroMessageAnnouncementCreateTest" name="VerifyAuditTrailReportForRevert" time="45.978"/>
  <testcase classname="com.tetherfi.test.ivr.IntroMessageAnnouncementCreateTest" name="AddRejectRecord" time="43.809"/>
  <testcase classname="com.tetherfi.test.ivr.IntroMessageAnnouncementCreateTest" name="VerifySendForApprovalForAddNewRecord" time="34.526"/>
  <testcase classname="com.tetherfi.test.ivr.IntroMessageAnnouncementCreateTest" name="RejectforAddNewIntroMessageAnnouncementRecord" time="33.923"/>
  <testcase classname="com.tetherfi.test.ivr.IntroMessageAnnouncementCreateTest" name="VerifyAuditTrailReportForReject" time="44.547"/>
  <testcase classname="com.tetherfi.test.ivr.IntroMessageAnnouncementCreateTest" name="VerifyRecordAfterRejection" time="29.025"/>
  <testcase classname="com.tetherfi.test.ivr.IntroMessageAnnouncementCreateTest" name="AddNewIntroMessageAnnouncementRecord" time="45.158"/>
  <testcase classname="com.tetherfi.test.ivr.IntroMessageAnnouncementCreateTest" name="VerifyAuditTrailReportForCreate" time="45.168"/>
  <testcase classname="com.tetherfi.test.ivr.IntroMessageAnnouncementCreateTest" name="VerifyAuditTrailDataForAddNewIntroMessageAnnouncementRecord" time="35.209"/>
  <testcase classname="com.tetherfi.test.ivr.IntroMessageAnnouncementCreateTest" name="VerifySendForApprovalForAddNewIntroMessageAnnouncementRecord" time="34.495"/>
  <testcase classname="com.tetherfi.test.ivr.IntroMessageAnnouncementCreateTest" name="VerifyAuditTrailReportForSendForApproval" time="44.884"/>
  <testcase classname="com.tetherfi.test.ivr.IntroMessageAnnouncementCreateTest" name="ApproveforAddNewIntroMessageAnnouncementRecord" time="30.321"/>
  <testcase classname="com.tetherfi.test.ivr.IntroMessageAnnouncementCreateTest" name="VerifyAuditTrailReportForApprove" time="44.569"/>
  <testcase classname="com.tetherfi.test.ivr.IntroMessageAnnouncementCreateTest" name="VerifyRecordApprovedDataSectionafterApproval" time="27.144"/>
  <testcase classname="com.tetherfi.test.ivr.IntroMessageAnnouncementCreateTest" name="AddDuplicateRecord" time="40.888"/>
</testsuite> <!-- com.tetherfi.test.ivr.IntroMessageAnnouncementCreateTest -->
