<?xml version="1.0" encoding="UTF-8"?>
<!-- Generated by org.testng.reporters.JUnitReportReporter -->
<testsuite hostname="DESKTOP-O6A5C2O" failures="0" tests="1" name="com.tetherfi.test.fax.FaxAddressBookTest" time="10.807" errors="0" timestamp="2020-05-04T17:44:36 IST" skipped="0">
  <testcase classname="com.tetherfi.test.fax.FaxAddressBookTest" name="VerifySearchIsEqualTo" time="10.807"/>
</testsuite> <!-- com.tetherfi.test.fax.FaxAddressBookTest -->
