<?xml version="1.0" encoding="UTF-8"?>
<!-- Generated by org.testng.reporters.JUnitReportReporter -->
<testsuite skipped="0" hostname="DESKTOP-NJVBPFB" name="com.tetherfi.test.reports.OCMChatAgentPerformanceReportTest" tests="1" failures="0" timestamp="2020-04-15T18:34:51 IST" time="31.794" errors="0">
  <testcase name="database" time="31.794" classname="com.tetherfi.test.reports.OCMChatAgentPerformanceReportTest"/>
</testsuite> <!-- com.tetherfi.test.reports.OCMChatAgentPerformanceReportTest -->
