<?xml version="1.0" encoding="UTF-8"?>
<!-- Generated by org.testng.reporters.JUnitReportReporter -->
<testsuite skipped="0" hostname="TTF-BLR-SANTOSHKOUJALAGI" name="com.tetherfi.test.UserOnBoardingDepartmentLevelUserCreateTest" tests="3" failures="0" timestamp="2021-08-01T21:44:48 IST" time="201.159" errors="0">
  <testcase name="AddNewUserOnBoardingRecord" time="65.550" classname="com.tetherfi.test.UserOnBoardingDepartmentLevelUserCreateTest"/>
  <testcase name="VerifySendForApprovalForAddNewUserOnBoarding" time="68.259" classname="com.tetherfi.test.UserOnBoardingDepartmentLevelUserCreateTest"/>
  <testcase name="ApproveforAddNewUserOnBoardingRecord" time="67.350" classname="com.tetherfi.test.UserOnBoardingDepartmentLevelUserCreateTest"/>
</testsuite> <!-- com.tetherfi.test.UserOnBoardingDepartmentLevelUserCreateTest -->
