<?xml version="1.0" encoding="UTF-8"?>
<!-- Generated by org.testng.reporters.JUnitReportReporter -->
<testsuite skipped="0" hostname="TTF-BLR-SANTOSHKOUJALAGI" name="com.tetherfi.test.UserOnBoardingDepartmentLevelUserCreateTest" tests="15" failures="0" timestamp="2021-08-11T02:40:06 IST" time="796.754" errors="0">
  <testcase name="VerifyAddRevertRecord" time="61.602" classname="com.tetherfi.test.UserOnBoardingDepartmentLevelUserCreateTest"/>
  <testcase name="VerifyRevertForAddNewRecord" time="43.072" classname="com.tetherfi.test.UserOnBoardingDepartmentLevelUserCreateTest"/>
  <testcase name="VerifyAuditTrailReportForRevert" time="60.852" classname="com.tetherfi.test.UserOnBoardingDepartmentLevelUserCreateTest"/>
  <testcase name="AddRejectRecord" time="62.292" classname="com.tetherfi.test.UserOnBoardingDepartmentLevelUserCreateTest"/>
  <testcase name="VerifySendForApprovalForAddNewUserOnBoardingRecord" time="42.567" classname="com.tetherfi.test.UserOnBoardingDepartmentLevelUserCreateTest"/>
  <testcase name="RejectForAddNewUserOnBoardingRecord" time="39.361" classname="com.tetherfi.test.UserOnBoardingDepartmentLevelUserCreateTest"/>
  <testcase name="VerifyAuditTrailReportForReject" time="61.024" classname="com.tetherfi.test.UserOnBoardingDepartmentLevelUserCreateTest"/>
  <testcase name="AddNewUserOnBoardingRecord" time="61.126" classname="com.tetherfi.test.UserOnBoardingDepartmentLevelUserCreateTest"/>
  <testcase name="VerifyAuditTrailReportForCreate" time="61.102" classname="com.tetherfi.test.UserOnBoardingDepartmentLevelUserCreateTest"/>
  <testcase name="VerifyAuditTrailDataForAddNewUserOnBoardingRecord" time="38.197" classname="com.tetherfi.test.UserOnBoardingDepartmentLevelUserCreateTest"/>
  <testcase name="VerifySendForApprovalForAddNewUserOnBoarding" time="42.156" classname="com.tetherfi.test.UserOnBoardingDepartmentLevelUserCreateTest"/>
  <testcase name="VerifyAuditTrailReportForSendForApproval" time="62.003" classname="com.tetherfi.test.UserOnBoardingDepartmentLevelUserCreateTest"/>
  <testcase name="ApproveforAddNewUserOnBoardingRecord" time="39.981" classname="com.tetherfi.test.UserOnBoardingDepartmentLevelUserCreateTest"/>
  <testcase name="VerifyAuditTrailReportForApprove" time="59.833" classname="com.tetherfi.test.UserOnBoardingDepartmentLevelUserCreateTest"/>
  <testcase name="AddDuplicateUserOnBoardingRecord" time="61.586" classname="com.tetherfi.test.UserOnBoardingDepartmentLevelUserCreateTest"/>
</testsuite> <!-- com.tetherfi.test.UserOnBoardingDepartmentLevelUserCreateTest -->
