<?xml version="1.0" encoding="UTF-8"?>
<!-- Generated by org.testng.reporters.JUnitReportReporter -->
<testsuite hostname="DESKTOP-O6A5C2O" failures="0" tests="8" name="com.tetherfi.test.ivr.IntroMessageAnnouncementCreateTest" time="469.186" errors="0" timestamp="2020-04-16T11:51:39 IST" skipped="0">
  <testcase classname="com.tetherfi.test.ivr.IntroMessageAnnouncementCreateTest" name="AddNewIntroMessageAnnouncementRecord" time="66.711"/>
  <testcase classname="com.tetherfi.test.ivr.IntroMessageAnnouncementCreateTest" name="VerifyAuditTrailReportForCreate" time="70.313"/>
  <testcase classname="com.tetherfi.test.ivr.IntroMessageAnnouncementCreateTest" name="VerifyAuditTrailDataForAddNewIntroMessageAnnouncementRecord" time="48.454"/>
  <testcase classname="com.tetherfi.test.ivr.IntroMessageAnnouncementCreateTest" name="VerifySendForApprovalForAddNewIntroMessageAnnouncementRecord" time="49.491"/>
  <testcase classname="com.tetherfi.test.ivr.IntroMessageAnnouncementCreateTest" name="VerifyAuditTrailReportForSendForApproval" time="73.368"/>
  <testcase classname="com.tetherfi.test.ivr.IntroMessageAnnouncementCreateTest" name="ApproveforAddNewIntroMessageAnnouncementRecord" time="51.289"/>
  <testcase classname="com.tetherfi.test.ivr.IntroMessageAnnouncementCreateTest" name="VerifyAuditTrailReportForApprove" time="64.142"/>
  <testcase classname="com.tetherfi.test.ivr.IntroMessageAnnouncementCreateTest" name="VerifyRecordApprovedDataSectionafterApproval" time="45.418"/>
</testsuite> <!-- com.tetherfi.test.ivr.IntroMessageAnnouncementCreateTest -->
