<?xml version="1.0" encoding="UTF-8"?>
<!-- Generated by org.testng.reporters.JUnitReportReporter -->
<testsuite hostname="DESKTOP-O6A5C2O" failures="0" tests="1" name="com.tetherfi.test.tmac.AgentTeamMgmtTest1" time="359.580" errors="0" timestamp="2020-04-08T21:25:50 IST" skipped="0">
  <testcase classname="com.tetherfi.test.tmac.AgentTeamMgmtTest1" name="AddNewAgentTeamManagementRecord" time="359.580"/>
</testsuite> <!-- com.tetherfi.test.tmac.AgentTeamMgmtTest1 -->
