<?xml version="1.0" encoding="UTF-8"?>
<!-- Generated by org.testng.reporters.JUnitReportReporter -->
<testsuite skipped="0" hostname="TTF-BLR-SANTOSHKOUJALAGI" name="com.tetherfi.test.chat.ChatIntentSkillMappingTest" tests="23" failures="2" timestamp="2021-10-20T06:25:02 IST" time="449.041" errors="0">
  <testcase name="AddNewChatIntentSkillMappingRecord" time="24.290" classname="com.tetherfi.test.chat.ChatIntentSkillMappingTest"/>
  <testcase name="AddDuplicateChatIntentSkillMappingRecord" time="14.119" classname="com.tetherfi.test.chat.ChatIntentSkillMappingTest">
    <failure type="java.lang.AssertionError" message="expected [Record Creation Failed, Already Exist] but found [Record Created Successfully]">
      <![CDATA[java.lang.AssertionError: expected [Record Creation Failed, Already Exist] but found [Record Created Successfully]
at org.testng.Assert.fail(Assert.java:97)
at org.testng.Assert.assertEqualsImpl(Assert.java:136)
at org.testng.Assert.assertEquals(Assert.java:118)
at org.testng.Assert.assertEquals(Assert.java:575)
at org.testng.Assert.assertEquals(Assert.java:585)
at com.tetherfi.test.chat.ChatIntentSkillMappingTest.AddDuplicateChatIntentSkillMappingRecord(ChatIntentSkillMappingTest.java:83)
at sun.reflect.NativeMethodAccessorImpl.invoke0(Native Method)
at sun.reflect.NativeMethodAccessorImpl.invoke(Unknown Source)
at sun.reflect.DelegatingMethodAccessorImpl.invoke(Unknown Source)
at java.lang.reflect.Method.invoke(Unknown Source)
at org.testng.internal.MethodInvocationHelper.invokeMethod(MethodInvocationHelper.java:133)
at org.testng.internal.TestInvoker.invokeMethod(TestInvoker.java:584)
at org.testng.internal.TestInvoker.invokeTestMethod(TestInvoker.java:172)
at org.testng.internal.MethodRunner.runInSequence(MethodRunner.java:46)
at org.testng.internal.TestInvoker$MethodInvocationAgent.invoke(TestInvoker.java:804)
at org.testng.internal.TestInvoker.invokeTestMethods(TestInvoker.java:145)
at org.testng.internal.TestMethodWorker.invokeTestMethods(TestMethodWorker.java:146)
at org.testng.internal.TestMethodWorker.run(TestMethodWorker.java:128)
at java.util.ArrayList.forEach(Unknown Source)
at org.testng.TestRunner.privateRun(TestRunner.java:770)
at org.testng.TestRunner.run(TestRunner.java:591)
at org.testng.SuiteRunner.runTest(SuiteRunner.java:402)
at org.testng.SuiteRunner.runSequentially(SuiteRunner.java:396)
at org.testng.SuiteRunner.privateRun(SuiteRunner.java:355)
at org.testng.SuiteRunner.run(SuiteRunner.java:304)
at org.testng.SuiteRunnerWorker.runSuite(SuiteRunnerWorker.java:53)
at org.testng.SuiteRunnerWorker.run(SuiteRunnerWorker.java:96)
at org.testng.TestNG.runSuitesSequentially(TestNG.java:1180)
at org.testng.TestNG.runSuitesLocally(TestNG.java:1102)
at org.testng.TestNG.runSuites(TestNG.java:1032)
at org.testng.TestNG.run(TestNG.java:1000)
at org.testng.remote.AbstractRemoteTestNG.run(AbstractRemoteTestNG.java:115)
at org.testng.remote.RemoteTestNG.initAndRun(RemoteTestNG.java:251)
at org.testng.remote.RemoteTestNG.main(RemoteTestNG.java:77)
]]>
    </failure>
  </testcase> <!-- AddDuplicateChatIntentSkillMappingRecord -->
  <testcase name="VerifyAuditTrialReportForCreate" time="34.667" classname="com.tetherfi.test.chat.ChatIntentSkillMappingTest"/>
  <testcase name="AddEmptyRecord" time="8.279" classname="com.tetherfi.test.chat.ChatIntentSkillMappingTest"/>
  <testcase name="AddRecordWithoutSkill" time="12.317" classname="com.tetherfi.test.chat.ChatIntentSkillMappingTest"/>
  <testcase name="AddRecordWithoutIntent" time="14.171" classname="com.tetherfi.test.chat.ChatIntentSkillMappingTest"/>
  <testcase name="AddRecordWithoutLanguage" time="15.740" classname="com.tetherfi.test.chat.ChatIntentSkillMappingTest"/>
  <testcase name="AddRecordWithoutChannel" time="13.603" classname="com.tetherfi.test.chat.ChatIntentSkillMappingTest"/>
  <testcase name="VerifyCancelBtnAtAddRecord" time="30.836" classname="com.tetherfi.test.chat.ChatIntentSkillMappingTest"/>
  <testcase name="EditWithoutModifyReasonRecord" time="14.008" classname="com.tetherfi.test.chat.ChatIntentSkillMappingTest"/>
  <testcase name="VerifyCancelBtnAtEditRecord" time="36.935" classname="com.tetherfi.test.chat.ChatIntentSkillMappingTest"/>
  <testcase name="EditChatIntentSkillMappingRecord" time="14.244" classname="com.tetherfi.test.chat.ChatIntentSkillMappingTest"/>
  <testcase name="VerifyAuditTrialReportForUpdate" time="33.191" classname="com.tetherfi.test.chat.ChatIntentSkillMappingTest"/>
  <testcase name="ExportToExcel" time="9.951" classname="com.tetherfi.test.chat.ChatIntentSkillMappingTest"/>
  <testcase name="ExportToExcelData" time="14.330" classname="com.tetherfi.test.chat.ChatIntentSkillMappingTest"/>
  <testcase name="DeleteWithoutDeleteReasonRecord" time="13.573" classname="com.tetherfi.test.chat.ChatIntentSkillMappingTest"/>
  <testcase name="VerifyCancelBtnAtDeleteChatIntentSkillMappingRecord" time="35.424" classname="com.tetherfi.test.chat.ChatIntentSkillMappingTest"/>
  <testcase name="DeleteIntentSkillMappingRecord" time="12.537" classname="com.tetherfi.test.chat.ChatIntentSkillMappingTest"/>
  <testcase name="VerifyAuditTrialReportForDelete" time="33.803" classname="com.tetherfi.test.chat.ChatIntentSkillMappingTest"/>
  <testcase name="database" time="18.130" classname="com.tetherfi.test.chat.ChatIntentSkillMappingTest">
    <failure type="java.lang.AssertionError" message="did not expect to find [true] but found [false]">
      <![CDATA[java.lang.AssertionError: did not expect to find [true] but found [false]
at org.testng.Assert.fail(Assert.java:97)
at org.testng.Assert.failNotEquals(Assert.java:969)
at org.testng.Assert.assertTrue(Assert.java:43)
at org.testng.Assert.assertTrue(Assert.java:53)
at com.tetherfi.test.chat.ChatIntentSkillMappingTest.database(ChatIntentSkillMappingTest.java:406)
at sun.reflect.NativeMethodAccessorImpl.invoke0(Native Method)
at sun.reflect.NativeMethodAccessorImpl.invoke(Unknown Source)
at sun.reflect.DelegatingMethodAccessorImpl.invoke(Unknown Source)
at java.lang.reflect.Method.invoke(Unknown Source)
at org.testng.internal.MethodInvocationHelper.invokeMethod(MethodInvocationHelper.java:133)
at org.testng.internal.TestInvoker.invokeMethod(TestInvoker.java:584)
at org.testng.internal.TestInvoker.invokeTestMethod(TestInvoker.java:172)
at org.testng.internal.MethodRunner.runInSequence(MethodRunner.java:46)
at org.testng.internal.TestInvoker$MethodInvocationAgent.invoke(TestInvoker.java:804)
at org.testng.internal.TestInvoker.invokeTestMethods(TestInvoker.java:145)
at org.testng.internal.TestMethodWorker.invokeTestMethods(TestMethodWorker.java:146)
at org.testng.internal.TestMethodWorker.run(TestMethodWorker.java:128)
at java.util.ArrayList.forEach(Unknown Source)
at org.testng.TestRunner.privateRun(TestRunner.java:770)
at org.testng.TestRunner.run(TestRunner.java:591)
at org.testng.SuiteRunner.runTest(SuiteRunner.java:402)
at org.testng.SuiteRunner.runSequentially(SuiteRunner.java:396)
at org.testng.SuiteRunner.privateRun(SuiteRunner.java:355)
at org.testng.SuiteRunner.run(SuiteRunner.java:304)
at org.testng.SuiteRunnerWorker.runSuite(SuiteRunnerWorker.java:53)
at org.testng.SuiteRunnerWorker.run(SuiteRunnerWorker.java:96)
at org.testng.TestNG.runSuitesSequentially(TestNG.java:1180)
at org.testng.TestNG.runSuitesLocally(TestNG.java:1102)
at org.testng.TestNG.runSuites(TestNG.java:1032)
at org.testng.TestNG.run(TestNG.java:1000)
at org.testng.remote.AbstractRemoteTestNG.run(AbstractRemoteTestNG.java:115)
at org.testng.remote.RemoteTestNG.initAndRun(RemoteTestNG.java:251)
at org.testng.remote.RemoteTestNG.main(RemoteTestNG.java:77)
]]>
    </failure>
  </testcase> <!-- database -->
  <testcase name="AddRecordWithoutSegment" time="14.332" classname="com.tetherfi.test.chat.ChatIntentSkillMappingTest"/>
  <testcase name="AddRecordWithoutSubSegment" time="14.760" classname="com.tetherfi.test.chat.ChatIntentSkillMappingTest"/>
  <testcase name="AddRecordWithoutCustEntType" time="15.801" classname="com.tetherfi.test.chat.ChatIntentSkillMappingTest"/>
</testsuite> <!-- com.tetherfi.test.chat.ChatIntentSkillMappingTest -->
