<?xml version="1.0" encoding="UTF-8"?>
<!-- Generated by org.testng.reporters.JUnitReportReporter -->
<testsuite skipped="0" hostname="TTF-BLR-SANTOSHKOUJALAGI" name="com.tetherfi.test.tmac.AttributesTest" tests="40" failures="1" timestamp="2021-08-10T09:21:44 IST" time="653.146" errors="0">
  <testcase name="VerifyAttributePage" time="8.955" classname="com.tetherfi.test.tmac.AttributesTest"/>
  <testcase name="verifyDropDownForAllTheColumns" time="17.185" classname="com.tetherfi.test.tmac.AttributesTest"/>
  <testcase name="VerifyColumnsHeaderEnable" time="11.915" classname="com.tetherfi.test.tmac.AttributesTest"/>
  <testcase name="VerifyColumnsHeaderDisable" time="14.786" classname="com.tetherfi.test.tmac.AttributesTest"/>
  <testcase name="VerifyAddCancelButton" time="11.685" classname="com.tetherfi.test.tmac.AttributesTest"/>
  <testcase name="VerifyAddRecordWithAllTheFieldsBlank" time="8.944" classname="com.tetherfi.test.tmac.AttributesTest"/>
  <testcase name="VerifyAddRecordWithoutName" time="10.634" classname="com.tetherfi.test.tmac.AttributesTest"/>
  <testcase name="VerifyAddRecordWithoutCategory" time="10.713" classname="com.tetherfi.test.tmac.AttributesTest"/>
  <testcase name="VerifyAddRecordWithoutPriorityLevel" time="13.500" classname="com.tetherfi.test.tmac.AttributesTest"/>
  <testcase name="VerifyAddRecordWithAllValidFields" time="12.502" classname="com.tetherfi.test.tmac.AttributesTest"/>
  <testcase name="VerifyAddRecordWithOutIsEnabled" time="13.161" classname="com.tetherfi.test.tmac.AttributesTest"/>
  <testcase name="VerifyAddDulicatewithAllValidFields" time="12.744" classname="com.tetherfi.test.tmac.AttributesTest"/>
  <testcase name="verifyAuditTrailReportForCreate" time="39.032" classname="com.tetherfi.test.tmac.AttributesTest"/>
  <testcase name="verifyEditCancelButton" time="15.786" classname="com.tetherfi.test.tmac.AttributesTest"/>
  <testcase name="verifyEditRecordWithOutModifyReason" time="15.582" classname="com.tetherfi.test.tmac.AttributesTest"/>
  <testcase name="verifyEditAttributeRecord" time="16.115" classname="com.tetherfi.test.tmac.AttributesTest"/>
  <testcase name="verifyAuditTrailReportForUpdate" time="38.466" classname="com.tetherfi.test.tmac.AttributesTest"/>
  <testcase name="ExportToExcelButton" time="10.278" classname="com.tetherfi.test.tmac.AttributesTest"/>
  <testcase name="verifyExportedData" time="14.060" classname="com.tetherfi.test.tmac.AttributesTest"/>
  <testcase name="verifyExportToExcelWithoutData" time="14.957" classname="com.tetherfi.test.tmac.AttributesTest"/>
  <testcase name="verifySortByAscending" time="18.129" classname="com.tetherfi.test.tmac.AttributesTest"/>
  <testcase name="verifySortByDescending" time="17.264" classname="com.tetherfi.test.tmac.AttributesTest"/>
  <testcase name="verifyGroupBy" time="9.419" classname="com.tetherfi.test.tmac.AttributesTest"/>
  <testcase name="verifyArrowMoveForPreviousAndNextPage" time="11.678" classname="com.tetherfi.test.tmac.AttributesTest"/>
  <testcase name="verifyArrowMoveForFirstAndLastPage" time="9.632" classname="com.tetherfi.test.tmac.AttributesTest"/>
  <testcase name="verifyTotalNumberOfItemsPerPageDetails" time="7.507" classname="com.tetherfi.test.tmac.AttributesTest"/>
  <testcase name="verifyNumberOfItemsPerPageSelection" time="21.176" classname="com.tetherfi.test.tmac.AttributesTest"/>
  <testcase name="verifyDeleteNoButton" time="15.825" classname="com.tetherfi.test.tmac.AttributesTest"/>
  <testcase name="verifyDeleteWithoutDeleteReason" time="15.405" classname="com.tetherfi.test.tmac.AttributesTest"/>
  <testcase name="DeleteAttributesRecord" time="17.203" classname="com.tetherfi.test.tmac.AttributesTest"/>
  <testcase name="verifyAuditTrailReportForDelete" time="37.863" classname="com.tetherfi.test.tmac.AttributesTest"/>
  <testcase name="searchPage" time="13.614" classname="com.tetherfi.test.tmac.AttributesTest"/>
  <testcase name="searchwithoutSearchTextbox" time="12.340" classname="com.tetherfi.test.tmac.AttributesTest"/>
  <testcase name="SearchClearSearch" time="13.358" classname="com.tetherfi.test.tmac.AttributesTest"/>
  <testcase name="SearchIsNotEqualTo" time="24.794" classname="com.tetherfi.test.tmac.AttributesTest"/>
  <testcase name="SearchContains" time="17.314" classname="com.tetherfi.test.tmac.AttributesTest"/>
  <testcase name="SearchDoesNotContains" time="24.486" classname="com.tetherfi.test.tmac.AttributesTest"/>
  <testcase name="SearchStartsWith" time="17.364" classname="com.tetherfi.test.tmac.AttributesTest"/>
  <testcase name="SearchEndsWith" time="17.174" classname="com.tetherfi.test.tmac.AttributesTest"/>
  <testcase name="VerifyDataBase" time="20.601" classname="com.tetherfi.test.tmac.AttributesTest">
    <failure type="java.lang.AssertionError" message="DataBase Assertion failed did not expect to find [true] but found [false]">
      <![CDATA[java.lang.AssertionError: DataBase Assertion failed did not expect to find [true] but found [false]
at org.testng.Assert.fail(Assert.java:97)
at org.testng.Assert.failNotEquals(Assert.java:969)
at org.testng.Assert.assertTrue(Assert.java:43)
at com.tetherfi.test.tmac.AttributesTest.VerifyDataBase(AttributesTest.java:411)
at sun.reflect.NativeMethodAccessorImpl.invoke0(Native Method)
at sun.reflect.NativeMethodAccessorImpl.invoke(Unknown Source)
at sun.reflect.DelegatingMethodAccessorImpl.invoke(Unknown Source)
at java.lang.reflect.Method.invoke(Unknown Source)
at org.testng.internal.MethodInvocationHelper.invokeMethod(MethodInvocationHelper.java:133)
at org.testng.internal.TestInvoker.invokeMethod(TestInvoker.java:584)
at org.testng.internal.TestInvoker.invokeTestMethod(TestInvoker.java:172)
at org.testng.internal.MethodRunner.runInSequence(MethodRunner.java:46)
at org.testng.internal.TestInvoker$MethodInvocationAgent.invoke(TestInvoker.java:804)
at org.testng.internal.TestInvoker.invokeTestMethods(TestInvoker.java:145)
at org.testng.internal.TestMethodWorker.invokeTestMethods(TestMethodWorker.java:146)
at org.testng.internal.TestMethodWorker.run(TestMethodWorker.java:128)
at java.util.ArrayList.forEach(Unknown Source)
at org.testng.TestRunner.privateRun(TestRunner.java:770)
at org.testng.TestRunner.run(TestRunner.java:591)
at org.testng.SuiteRunner.runTest(SuiteRunner.java:402)
at org.testng.SuiteRunner.runSequentially(SuiteRunner.java:396)
at org.testng.SuiteRunner.privateRun(SuiteRunner.java:355)
at org.testng.SuiteRunner.run(SuiteRunner.java:304)
at org.testng.SuiteRunnerWorker.runSuite(SuiteRunnerWorker.java:53)
at org.testng.SuiteRunnerWorker.run(SuiteRunnerWorker.java:96)
at org.testng.TestNG.runSuitesSequentially(TestNG.java:1180)
at org.testng.TestNG.runSuitesLocally(TestNG.java:1102)
at org.testng.TestNG.runSuites(TestNG.java:1032)
at org.testng.TestNG.run(TestNG.java:1000)
at org.testng.remote.AbstractRemoteTestNG.run(AbstractRemoteTestNG.java:115)
at org.testng.remote.RemoteTestNG.initAndRun(RemoteTestNG.java:251)
at org.testng.remote.RemoteTestNG.main(RemoteTestNG.java:77)
]]>
    </failure>
  </testcase> <!-- VerifyDataBase -->
</testsuite> <!-- com.tetherfi.test.tmac.AttributesTest -->
