<?xml version="1.0" encoding="UTF-8"?>
<!-- Generated by org.testng.reporters.JUnitReportReporter -->
<testsuite skipped="0" hostname="DESKTOP-NJVBPFB" name="com.tetherfi.test.ivr.IvrConfigTest" tests="38" failures="1" timestamp="2020-04-23T15:47:07 IST" time="636.591" errors="0">
  <testcase name="IvrConfigPage" time="7.833" classname="com.tetherfi.test.ivr.IvrConfigTest"/>
  <testcase name="VerifyDropdownForAllTheColumns" time="9.954" classname="com.tetherfi.test.ivr.IvrConfigTest"/>
  <testcase name="VerifyColumnsHeaderEnable" time="12.576" classname="com.tetherfi.test.ivr.IvrConfigTest"/>
  <testcase name="VerifyColumnsHeaderDisable" time="11.944" classname="com.tetherfi.test.ivr.IvrConfigTest"/>
  <testcase name="AddNewIvrConfigRecord" time="14.838" classname="com.tetherfi.test.ivr.IvrConfigTest"/>
  <testcase name="AddDuplicateIvrConfigRecord" time="13.471" classname="com.tetherfi.test.ivr.IvrConfigTest"/>
  <testcase name="VerifyAuditTrialReportForCreate" time="42.557" classname="com.tetherfi.test.ivr.IvrConfigTest"/>
  <testcase name="AddNewEmptyConfigRecord" time="14.150" classname="com.tetherfi.test.ivr.IvrConfigTest"/>
  <testcase name="AddInvalidParameterConfigRecord" time="15.730" classname="com.tetherfi.test.ivr.IvrConfigTest"/>
  <testcase name="AddInvalidValueConfigRecord" time="13.628" classname="com.tetherfi.test.ivr.IvrConfigTest"/>
  <testcase name="VerifyCancelBtnAtAddConfigRecord" time="51.061" classname="com.tetherfi.test.ivr.IvrConfigTest"/>
  <testcase name="EditIvrConfigRecord" time="14.556" classname="com.tetherfi.test.ivr.IvrConfigTest"/>
  <testcase name="VerifyAuditTrialReportForUpdate" time="31.243" classname="com.tetherfi.test.ivr.IvrConfigTest"/>
  <testcase name="EditIvrConfigRecordWithoutModifyReason" time="14.443" classname="com.tetherfi.test.ivr.IvrConfigTest"/>
  <testcase name="VerifyCancelBtnAtEditConfigRecord" time="55.602" classname="com.tetherfi.test.ivr.IvrConfigTest"/>
  <testcase name="searchPage" time="10.652" classname="com.tetherfi.test.ivr.IvrConfigTest"/>
  <testcase name="searchwithoutSearchTextbox" time="9.425" classname="com.tetherfi.test.ivr.IvrConfigTest"/>
  <testcase name="ExportToExcel" time="8.982" classname="com.tetherfi.test.ivr.IvrConfigTest"/>
  <testcase name="ExportToExcelData" time="9.603" classname="com.tetherfi.test.ivr.IvrConfigTest"/>
  <testcase name="DeleteWithoutDeleteReasonIvrConfigRecord" time="13.317" classname="com.tetherfi.test.ivr.IvrConfigTest"/>
  <testcase name="VerifyCancelBtnAtDeleteConfigRecord" time="55.772" classname="com.tetherfi.test.ivr.IvrConfigTest"/>
  <testcase name="DeleteIvrConfigRecord" time="10.920" classname="com.tetherfi.test.ivr.IvrConfigTest"/>
  <testcase name="VerifyAuditTrialReportForDelete" time="31.174" classname="com.tetherfi.test.ivr.IvrConfigTest"/>
  <testcase name="SearchClearSearch" time="27.975" classname="com.tetherfi.test.ivr.IvrConfigTest"/>
  <testcase name="ExporttoExcelWithoutData" time="12.360" classname="com.tetherfi.test.ivr.IvrConfigTest"/>
  <testcase name="SortingByAscending" time="12.367" classname="com.tetherfi.test.ivr.IvrConfigTest"/>
  <testcase name="SortingByDescending" time="10.359" classname="com.tetherfi.test.ivr.IvrConfigTest"/>
  <testcase name="GroupBy" time="8.173" classname="com.tetherfi.test.ivr.IvrConfigTest"/>
  <testcase name="VerifyArrowMoveForPreviousAndNextPage" time="6.427" classname="com.tetherfi.test.ivr.IvrConfigTest"/>
  <testcase name="VerifyArrowMoveForFirstAndLastPage" time="7.115" classname="com.tetherfi.test.ivr.IvrConfigTest"/>
  <testcase name="VerifyTotalNumberOfItemsPerPageDetails" time="8.290" classname="com.tetherfi.test.ivr.IvrConfigTest"/>
  <testcase name="VerifyNumberOfItemsPerPageSelection" time="7.732" classname="com.tetherfi.test.ivr.IvrConfigTest">
    <failure type="java.lang.AssertionError" message="item per page assertion failed did not expect to find [true] but found [false]">
      <![CDATA[java.lang.AssertionError: item per page assertion failed did not expect to find [true] but found [false]
at org.testng.Assert.fail(Assert.java:97)
at org.testng.Assert.failNotEquals(Assert.java:969)
at org.testng.Assert.assertTrue(Assert.java:43)
at com.tetherfi.test.ivr.IvrConfigTest.VerifyNumberOfItemsPerPageSelection(IvrConfigTest.java:330)
at sun.reflect.NativeMethodAccessorImpl.invoke0(Native Method)
at sun.reflect.NativeMethodAccessorImpl.invoke(Unknown Source)
at sun.reflect.DelegatingMethodAccessorImpl.invoke(Unknown Source)
at java.lang.reflect.Method.invoke(Unknown Source)
at org.testng.internal.MethodInvocationHelper.invokeMethod(MethodInvocationHelper.java:133)
at org.testng.internal.TestInvoker.invokeMethod(TestInvoker.java:584)
at org.testng.internal.TestInvoker.invokeTestMethod(TestInvoker.java:172)
at org.testng.internal.MethodRunner.runInSequence(MethodRunner.java:46)
at org.testng.internal.TestInvoker$MethodInvocationAgent.invoke(TestInvoker.java:804)
at org.testng.internal.TestInvoker.invokeTestMethods(TestInvoker.java:145)
at org.testng.internal.TestMethodWorker.invokeTestMethods(TestMethodWorker.java:146)
at org.testng.internal.TestMethodWorker.run(TestMethodWorker.java:128)
at java.util.ArrayList.forEach(Unknown Source)
at org.testng.TestRunner.privateRun(TestRunner.java:770)
at org.testng.TestRunner.run(TestRunner.java:591)
at org.testng.SuiteRunner.runTest(SuiteRunner.java:402)
at org.testng.SuiteRunner.runSequentially(SuiteRunner.java:396)
at org.testng.SuiteRunner.privateRun(SuiteRunner.java:355)
at org.testng.SuiteRunner.run(SuiteRunner.java:304)
at org.testng.SuiteRunnerWorker.runSuite(SuiteRunnerWorker.java:53)
at org.testng.SuiteRunnerWorker.run(SuiteRunnerWorker.java:96)
at org.testng.TestNG.runSuitesSequentially(TestNG.java:1180)
at org.testng.TestNG.runSuitesLocally(TestNG.java:1102)
at org.testng.TestNG.runSuites(TestNG.java:1032)
at org.testng.TestNG.run(TestNG.java:1000)
at org.testng.remote.AbstractRemoteTestNG.run(AbstractRemoteTestNG.java:115)
at org.testng.remote.RemoteTestNG.initAndRun(RemoteTestNG.java:251)
at org.testng.remote.RemoteTestNG.main(RemoteTestNG.java:77)
]]>
    </failure>
  </testcase> <!-- VerifyNumberOfItemsPerPageSelection -->
  <testcase name="database" time="12.099" classname="com.tetherfi.test.ivr.IvrConfigTest"/>
  <testcase name="VerifySearchIsNotEqualTo" time="9.711" classname="com.tetherfi.test.ivr.IvrConfigTest"/>
  <testcase name="VerifySearchContains" time="11.396" classname="com.tetherfi.test.ivr.IvrConfigTest"/>
  <testcase name="VerifySearchDoesNotContains" time="9.511" classname="com.tetherfi.test.ivr.IvrConfigTest"/>
  <testcase name="VerifySearchStartsWith" time="9.655" classname="com.tetherfi.test.ivr.IvrConfigTest"/>
  <testcase name="VerifySearchEndsWith" time="9.990" classname="com.tetherfi.test.ivr.IvrConfigTest"/>
</testsuite> <!-- com.tetherfi.test.ivr.IvrConfigTest -->
