<?xml version="1.0" encoding="UTF-8"?>
<!-- Generated by org.testng.reporters.JUnitReportReporter -->
<testsuite skipped="0" hostname="TTF-BLR-SANTOSHKOUJALAGI" name="com.tetherfi.test.UserOnBoardingAgentDeleteTest" tests="15" failures="0" timestamp="2021-08-01T22:21:36 IST" time="1047.892" errors="0">
  <testcase name="DeleteCancelUserOnBoardingRecord" time="65.650" classname="com.tetherfi.test.UserOnBoardingAgentDeleteTest"/>
  <testcase name="DeleteRevertUserOnBoardingRecord" time="66.444" classname="com.tetherfi.test.UserOnBoardingAgentDeleteTest"/>
  <testcase name="VerifyRevertForDeleteRecord" time="67.584" classname="com.tetherfi.test.UserOnBoardingAgentDeleteTest"/>
  <testcase name="VerifyAuditTrialReportForRevertDelete" time="83.185" classname="com.tetherfi.test.UserOnBoardingAgentDeleteTest"/>
  <testcase name="RejectDeleteRecord" time="68.916" classname="com.tetherfi.test.UserOnBoardingAgentDeleteTest"/>
  <testcase name="VerifySendForApprovalForDeleteNewRecord" time="65.754" classname="com.tetherfi.test.UserOnBoardingAgentDeleteTest"/>
  <testcase name="RejectforDeleteUserOnBoardingRecord" time="62.363" classname="com.tetherfi.test.UserOnBoardingAgentDeleteTest"/>
  <testcase name="VerifyAuditTrailReportForReject" time="84.874" classname="com.tetherfi.test.UserOnBoardingAgentDeleteTest"/>
  <testcase name="DeleteUserOnBoardingRecord" time="46.488" classname="com.tetherfi.test.UserOnBoardingAgentDeleteTest"/>
  <testcase name="VerifyAuditTrialReportForDelete" time="61.764" classname="com.tetherfi.test.UserOnBoardingAgentDeleteTest"/>
  <testcase name="VerifyAuditTrailDataForDeleteUserOnBoardingRecord" time="63.322" classname="com.tetherfi.test.UserOnBoardingAgentDeleteTest"/>
  <testcase name="VerifySendForApprovalForDeleteRecord" time="64.976" classname="com.tetherfi.test.UserOnBoardingAgentDeleteTest"/>
  <testcase name="VerifyAuditTrailReportForSendForApprove" time="97.496" classname="com.tetherfi.test.UserOnBoardingAgentDeleteTest"/>
  <testcase name="ApproveforDeleteUserOnBoardingRecord" time="64.782" classname="com.tetherfi.test.UserOnBoardingAgentDeleteTest"/>
  <testcase name="VerifyAuditTrailReportForApprove" time="84.294" classname="com.tetherfi.test.UserOnBoardingAgentDeleteTest"/>
</testsuite> <!-- com.tetherfi.test.UserOnBoardingAgentDeleteTest -->
