<?xml version="1.0" encoding="UTF-8"?>
<!-- Generated by org.testng.reporters.JUnitReportReporter -->
<testsuite hostname="DESKTOP-O6A5C2O" failures="3" tests="42" name="com.tetherfi.test.fax.FaxSendersTest" time="505.425" errors="0" timestamp="2020-02-20T11:55:32 IST" skipped="0">
  <testcase classname="com.tetherfi.test.fax.FaxSendersTest" name="FaxSendersPage" time="6.619"/>
  <testcase classname="com.tetherfi.test.fax.FaxSendersTest" name="AddFaxSendersRecord" time="20.656"/>
  <testcase classname="com.tetherfi.test.fax.FaxSendersTest" name="VerifyAuditTrialReportForCreate" time="28.496"/>
  <testcase classname="com.tetherfi.test.fax.FaxSendersTest" name="AddDuplicateFaxSendersRecord" time="14.631"/>
  <testcase classname="com.tetherfi.test.fax.FaxSendersTest" name="AddFaxSendersRecordwithsameFaxLine" time="12.424"/>
  <testcase classname="com.tetherfi.test.fax.FaxSendersTest" name="AddFaxSendersRecordwithsameFaxNumber" time="13.325"/>
  <testcase classname="com.tetherfi.test.fax.FaxSendersTest" name="AddRecordWithoutInput" time="6.721"/>
  <testcase classname="com.tetherfi.test.fax.FaxSendersTest" name="AddRecordWithoutFaxLine" time="12.971"/>
  <testcase classname="com.tetherfi.test.fax.FaxSendersTest" name="AddRecordWithoutName" time="13.500"/>
  <testcase classname="com.tetherfi.test.fax.FaxSendersTest" name="AddRecordWithoutFaxNumber" time="15.492"/>
  <testcase classname="com.tetherfi.test.fax.FaxSendersTest" name="AddRecordWithoutType" time="13.999"/>
  <testcase classname="com.tetherfi.test.fax.FaxSendersTest" name="EditFaxSendersRecordCancel" time="11.420"/>
  <testcase classname="com.tetherfi.test.fax.FaxSendersTest" name="EditFaxSendersInvalidRecord" time="11.388"/>
  <testcase classname="com.tetherfi.test.fax.FaxSendersTest" name="EditFaxSendersRecord" time="12.322"/>
  <testcase classname="com.tetherfi.test.fax.FaxSendersTest" name="VerifyAuditTrialReportForUpdate" time="27.474"/>
  <testcase classname="com.tetherfi.test.fax.FaxSendersTest" name="searchPage" time="9.334"/>
  <testcase classname="com.tetherfi.test.fax.FaxSendersTest" name="searchwithoutSearchTextbox" time="8.675"/>
  <testcase classname="com.tetherfi.test.fax.FaxSendersTest" name="database" time="10.882">
    <failure message="did not expect to find [true] but found [false]" type="java.lang.AssertionError">
      <![CDATA[java.lang.AssertionError: did not expect to find [true] but found [false]
at org.testng.Assert.fail(Assert.java:97)
at org.testng.Assert.failNotEquals(Assert.java:969)
at org.testng.Assert.assertTrue(Assert.java:43)
at org.testng.Assert.assertTrue(Assert.java:53)
at com.tetherfi.test.fax.FaxSendersTest.database(FaxSendersTest.java:244)
at java.base/jdk.internal.reflect.NativeMethodAccessorImpl.invoke0(Native Method)
at java.base/jdk.internal.reflect.NativeMethodAccessorImpl.invoke(Unknown Source)
at java.base/jdk.internal.reflect.DelegatingMethodAccessorImpl.invoke(Unknown Source)
at java.base/java.lang.reflect.Method.invoke(Unknown Source)
at org.testng.internal.MethodInvocationHelper.invokeMethod(MethodInvocationHelper.java:133)
at org.testng.internal.TestInvoker.invokeMethod(TestInvoker.java:584)
at org.testng.internal.TestInvoker.invokeTestMethod(TestInvoker.java:172)
at org.testng.internal.MethodRunner.runInSequence(MethodRunner.java:46)
at org.testng.internal.TestInvoker$MethodInvocationAgent.invoke(TestInvoker.java:804)
at org.testng.internal.TestInvoker.invokeTestMethods(TestInvoker.java:145)
at org.testng.internal.TestMethodWorker.invokeTestMethods(TestMethodWorker.java:146)
at org.testng.internal.TestMethodWorker.run(TestMethodWorker.java:128)
at java.base/java.util.ArrayList.forEach(Unknown Source)
at org.testng.TestRunner.privateRun(TestRunner.java:770)
at org.testng.TestRunner.run(TestRunner.java:591)
at org.testng.SuiteRunner.runTest(SuiteRunner.java:402)
at org.testng.SuiteRunner.runSequentially(SuiteRunner.java:396)
at org.testng.SuiteRunner.privateRun(SuiteRunner.java:355)
at org.testng.SuiteRunner.run(SuiteRunner.java:304)
at org.testng.SuiteRunnerWorker.runSuite(SuiteRunnerWorker.java:53)
at org.testng.SuiteRunnerWorker.run(SuiteRunnerWorker.java:96)
at org.testng.TestNG.runSuitesSequentially(TestNG.java:1180)
at org.testng.TestNG.runSuitesLocally(TestNG.java:1102)
at org.testng.TestNG.runSuites(TestNG.java:1032)
at org.testng.TestNG.run(TestNG.java:1000)
at org.testng.remote.AbstractRemoteTestNG.run(AbstractRemoteTestNG.java:115)
at org.testng.remote.RemoteTestNG.initAndRun(RemoteTestNG.java:251)
at org.testng.remote.RemoteTestNG.main(RemoteTestNG.java:77)
]]>
    </failure>
  </testcase> <!-- database -->
  <testcase classname="com.tetherfi.test.fax.FaxSendersTest" name="SearchClearSearch" time="9.029"/>
  <testcase classname="com.tetherfi.test.fax.FaxSendersTest" name="DeleteFaxSendersCancelRecord" time="9.551"/>
  <testcase classname="com.tetherfi.test.fax.FaxSendersTest" name="DeleteFaxSendersInvalidRecord" time="11.837"/>
  <testcase classname="com.tetherfi.test.fax.FaxSendersTest" name="DeleteFaxSendersRecord" time="11.179"/>
  <testcase classname="com.tetherfi.test.fax.FaxSendersTest" name="VerifyAuditTrialReportForDelete" time="26.050">
    <failure message="did not expect to find [true] but found [false]" type="java.lang.AssertionError">
      <![CDATA[java.lang.AssertionError: did not expect to find [true] but found [false]
at org.testng.Assert.fail(Assert.java:97)
at org.testng.Assert.failNotEquals(Assert.java:969)
at org.testng.Assert.assertTrue(Assert.java:43)
at org.testng.Assert.assertTrue(Assert.java:53)
at com.tetherfi.test.fax.FaxSendersTest.VerifyAuditTrialReportForDelete(FaxSendersTest.java:300)
at java.base/jdk.internal.reflect.NativeMethodAccessorImpl.invoke0(Native Method)
at java.base/jdk.internal.reflect.NativeMethodAccessorImpl.invoke(Unknown Source)
at java.base/jdk.internal.reflect.DelegatingMethodAccessorImpl.invoke(Unknown Source)
at java.base/java.lang.reflect.Method.invoke(Unknown Source)
at org.testng.internal.MethodInvocationHelper.invokeMethod(MethodInvocationHelper.java:133)
at org.testng.internal.TestInvoker.invokeMethod(TestInvoker.java:584)
at org.testng.internal.TestInvoker.invokeTestMethod(TestInvoker.java:172)
at org.testng.internal.MethodRunner.runInSequence(MethodRunner.java:46)
at org.testng.internal.TestInvoker$MethodInvocationAgent.invoke(TestInvoker.java:804)
at org.testng.internal.TestInvoker.invokeTestMethods(TestInvoker.java:145)
at org.testng.internal.TestMethodWorker.invokeTestMethods(TestMethodWorker.java:146)
at org.testng.internal.TestMethodWorker.run(TestMethodWorker.java:128)
at java.base/java.util.ArrayList.forEach(Unknown Source)
at org.testng.TestRunner.privateRun(TestRunner.java:770)
at org.testng.TestRunner.run(TestRunner.java:591)
at org.testng.SuiteRunner.runTest(SuiteRunner.java:402)
at org.testng.SuiteRunner.runSequentially(SuiteRunner.java:396)
at org.testng.SuiteRunner.privateRun(SuiteRunner.java:355)
at org.testng.SuiteRunner.run(SuiteRunner.java:304)
at org.testng.SuiteRunnerWorker.runSuite(SuiteRunnerWorker.java:53)
at org.testng.SuiteRunnerWorker.run(SuiteRunnerWorker.java:96)
at org.testng.TestNG.runSuitesSequentially(TestNG.java:1180)
at org.testng.TestNG.runSuitesLocally(TestNG.java:1102)
at org.testng.TestNG.runSuites(TestNG.java:1032)
at org.testng.TestNG.run(TestNG.java:1000)
at org.testng.remote.AbstractRemoteTestNG.run(AbstractRemoteTestNG.java:115)
at org.testng.remote.RemoteTestNG.initAndRun(RemoteTestNG.java:251)
at org.testng.remote.RemoteTestNG.main(RemoteTestNG.java:77)
]]>
    </failure>
  </testcase> <!-- VerifyAuditTrialReportForDelete -->
  <testcase classname="com.tetherfi.test.fax.FaxSendersTest" name="ExportToExcel" time="7.419"/>
  <testcase classname="com.tetherfi.test.fax.FaxSendersTest" name="ExportToExcelData" time="10.858"/>
  <testcase classname="com.tetherfi.test.fax.FaxSendersTest" name="ExporttoExcelWithoutData" time="10.485"/>
  <testcase classname="com.tetherfi.test.fax.FaxSendersTest" name="SortingByAscending" time="12.695"/>
  <testcase classname="com.tetherfi.test.fax.FaxSendersTest" name="SortingByDescending" time="13.451"/>
  <testcase classname="com.tetherfi.test.fax.FaxSendersTest" name="GroupBy" time="8.435"/>
  <testcase classname="com.tetherfi.test.fax.FaxSendersTest" name="VerifyArrowMoveForPreviousAndNextPage" time="4.283"/>
  <testcase classname="com.tetherfi.test.fax.FaxSendersTest" name="VerifyArrowMoveForFirstAndLastPage" time="5.322"/>
  <testcase classname="com.tetherfi.test.fax.FaxSendersTest" name="VerifyTotalNumberOfItemsPerPageDetails" time="5.611"/>
  <testcase classname="com.tetherfi.test.fax.FaxSendersTest" name="VerifyNumberOfItemsPerPageSelection" time="11.580"/>
  <testcase classname="com.tetherfi.test.fax.FaxSendersTest" name="VerifyDropdownForAllTheColumns" time="14.355"/>
  <testcase classname="com.tetherfi.test.fax.FaxSendersTest" name="VerifyColumnsHeaderEnable" time="9.426"/>
  <testcase classname="com.tetherfi.test.fax.FaxSendersTest" name="VerifyColumnsHeaderDisable" time="5.457"/>
  <testcase classname="com.tetherfi.test.fax.FaxSendersTest" name="BulkUploadData" time="10.548">
    <failure message="expected [CSV data being uploaded. Please check after a while] but found [CSV has not been uploaded]" type="java.lang.AssertionError">
      <![CDATA[java.lang.AssertionError: expected [CSV data being uploaded. Please check after a while] but found [CSV has not been uploaded]
at org.testng.Assert.fail(Assert.java:97)
at org.testng.Assert.assertEqualsImpl(Assert.java:136)
at org.testng.Assert.assertEquals(Assert.java:118)
at org.testng.Assert.assertEquals(Assert.java:575)
at org.testng.Assert.assertEquals(Assert.java:585)
at com.tetherfi.test.fax.FaxSendersTest.BulkUploadData(FaxSendersTest.java:403)
at java.base/jdk.internal.reflect.NativeMethodAccessorImpl.invoke0(Native Method)
at java.base/jdk.internal.reflect.NativeMethodAccessorImpl.invoke(Unknown Source)
at java.base/jdk.internal.reflect.DelegatingMethodAccessorImpl.invoke(Unknown Source)
at java.base/java.lang.reflect.Method.invoke(Unknown Source)
at org.testng.internal.MethodInvocationHelper.invokeMethod(MethodInvocationHelper.java:133)
at org.testng.internal.TestInvoker.invokeMethod(TestInvoker.java:584)
at org.testng.internal.TestInvoker.invokeTestMethod(TestInvoker.java:172)
at org.testng.internal.MethodRunner.runInSequence(MethodRunner.java:46)
at org.testng.internal.TestInvoker$MethodInvocationAgent.invoke(TestInvoker.java:804)
at org.testng.internal.TestInvoker.invokeTestMethods(TestInvoker.java:145)
at org.testng.internal.TestMethodWorker.invokeTestMethods(TestMethodWorker.java:146)
at org.testng.internal.TestMethodWorker.run(TestMethodWorker.java:128)
at java.base/java.util.ArrayList.forEach(Unknown Source)
at org.testng.TestRunner.privateRun(TestRunner.java:770)
at org.testng.TestRunner.run(TestRunner.java:591)
at org.testng.SuiteRunner.runTest(SuiteRunner.java:402)
at org.testng.SuiteRunner.runSequentially(SuiteRunner.java:396)
at org.testng.SuiteRunner.privateRun(SuiteRunner.java:355)
at org.testng.SuiteRunner.run(SuiteRunner.java:304)
at org.testng.SuiteRunnerWorker.runSuite(SuiteRunnerWorker.java:53)
at org.testng.SuiteRunnerWorker.run(SuiteRunnerWorker.java:96)
at org.testng.TestNG.runSuitesSequentially(TestNG.java:1180)
at org.testng.TestNG.runSuitesLocally(TestNG.java:1102)
at org.testng.TestNG.runSuites(TestNG.java:1032)
at org.testng.TestNG.run(TestNG.java:1000)
at org.testng.remote.AbstractRemoteTestNG.run(AbstractRemoteTestNG.java:115)
at org.testng.remote.RemoteTestNG.initAndRun(RemoteTestNG.java:251)
at org.testng.remote.RemoteTestNG.main(RemoteTestNG.java:77)
]]>
    </failure>
  </testcase> <!-- BulkUploadData -->
  <testcase classname="com.tetherfi.test.fax.FaxSendersTest" name="BulkUploadDataInvalidType" time="11.397"/>
  <testcase classname="com.tetherfi.test.fax.FaxSendersTest" name="BulkUploadDataInvalidNumber" time="10.578"/>
  <testcase classname="com.tetherfi.test.fax.FaxSendersTest" name="BulkUploadDataInvalidFaxline" time="13.302"/>
  <testcase classname="com.tetherfi.test.fax.FaxSendersTest" name="BulkUploadDataInvalidFile" time="10.610"/>
  <testcase classname="com.tetherfi.test.fax.FaxSendersTest" name="BulkUploadDuplicateData" time="11.638"/>
</testsuite> <!-- com.tetherfi.test.fax.FaxSendersTest -->
