<?xml version="1.0" encoding="UTF-8"?>
<!-- Generated by org.testng.reporters.JUnitReportReporter -->
<testsuite hostname="admin" failures="0" tests="1" name="com.tetherfi.test.fax.sqlQueryTest" time="5.844" errors="0" timestamp="14 Jun 2019 04:29:22 GMT" skipped="0">
  <testcase classname="com.tetherfi.test.fax.sqlQueryTest" name="Database" time="5.844"/>
</testsuite> <!-- com.tetherfi.test.fax.sqlQueryTest -->
