<?xml version="1.0" encoding="UTF-8"?>
<!-- Generated by org.testng.reporters.JUnitReportReporter -->
<testsuite skipped="3" hostname="TTF-BLR-SANTOSHKOUJALAGI" name="com.tetherfi.test.ivr.IntentMappingTest" tests="41" failures="0" timestamp="2021-07-26T02:07:45 IST" time="407.119" errors="2">
  <testcase name="IntentMappingPage" time="2.685" classname="com.tetherfi.test.ivr.IntentMappingTest"/>
  <testcase name="VerifyDropdownForAllTheColumns" time="8.536" classname="com.tetherfi.test.ivr.IntentMappingTest"/>
  <testcase name="VerifyColumnsHeaderEnable" time="5.940" classname="com.tetherfi.test.ivr.IntentMappingTest"/>
  <testcase name="VerifyColumnsHeaderDisable" time="7.056" classname="com.tetherfi.test.ivr.IntentMappingTest"/>
  <testcase name="AddNewIntentMappingRecord" time="10.674" classname="com.tetherfi.test.ivr.IntentMappingTest"/>
  <testcase name="AddDuplicateIntentMappingRecord" time="10.589" classname="com.tetherfi.test.ivr.IntentMappingTest"/>
  <testcase name="AddEmptyRecord" time="5.789" classname="com.tetherfi.test.ivr.IntentMappingTest"/>
  <testcase name="AddRecordWithoutProduct" time="8.942" classname="com.tetherfi.test.ivr.IntentMappingTest"/>
  <testcase name="AddRecordWithoutSegment" time="9.509" classname="com.tetherfi.test.ivr.IntentMappingTest"/>
  <testcase name="AddRecordWithoutLanguage" time="10.737" classname="com.tetherfi.test.ivr.IntentMappingTest"/>
  <testcase name="AddRecordWithoutIntentTalent" time="7.567" classname="com.tetherfi.test.ivr.IntentMappingTest"/>
  <testcase name="AddRecordWithoutVDN" time="9.935" classname="com.tetherfi.test.ivr.IntentMappingTest"/>
  <testcase name="VerifyCancelBtnAtAddRecord" time="25.948" classname="com.tetherfi.test.ivr.IntentMappingTest"/>
  <testcase name="EditWithoutModifyReasonRecord" time="14.093" classname="com.tetherfi.test.ivr.IntentMappingTest"/>
  <testcase name="VerifyCancelBtnAtEditRecord" time="35.430" classname="com.tetherfi.test.ivr.IntentMappingTest"/>
  <testcase name="EditIntentMappingRecord" time="14.939" classname="com.tetherfi.test.ivr.IntentMappingTest"/>
  <testcase name="VerifySearchIsNotEqualTo" time="3.490" classname="com.tetherfi.test.ivr.IntentMappingTest">
    <error type="org.openqa.selenium.StaleElementReferenceException" message="stale element reference: element is not attached to the page document
  (Session info: chrome=92.0.4515.107)
For documentation on this error, please visit: https://www.seleniumhq.org/exceptions/stale_element_reference.html
Build info: version: &#039;3.141.59&#039;, revision: &#039;e82be7d358&#039;, time: &#039;2018-11-14T08:17:03&#039;
System info: host: &#039;TTF-BLR-SANTOSH&#039;, ip: &#039;192.168.50.12&#039;, os.name: &#039;Windows 10&#039;, os.arch: &#039;amd64&#039;, os.version: &#039;10.0&#039;, java.version: &#039;1.8.0_181&#039;
Driver info: org.openqa.selenium.chrome.ChromeDriver
Capabilities {acceptInsecureCerts: false, browserName: chrome, browserVersion: 92.0.4515.107, chrome: {chromedriverVersion: 91.0.4472.19 (1bf021f248676..., userDataDir: C:\Users\admin\AppData\Loca...}, goog:chromeOptions: {debuggerAddress: localhost:53925}, javascriptEnabled: true, networkConnectionEnabled: false, pageLoadStrategy: normal, platform: WINDOWS, platformName: WINDOWS, proxy: Proxy(), setWindowRect: true, strictFileInteractability: false, timeouts: {implicit: 0, pageLoad: 300000, script: 30000}, unhandledPromptBehavior: dismiss and notify, webauthn:extension:largeBlob: true, webauthn:virtualAuthenticators: true}
Session ID: c5eefe21ca8a0799bc0f4986a83d91d5">
      <![CDATA[org.openqa.selenium.StaleElementReferenceException: stale element reference: element is not attached to the page document
  (Session info: chrome=92.0.4515.107)
For documentation on this error, please visit: https://www.seleniumhq.org/exceptions/stale_element_reference.html
Build info: version: '3.141.59', revision: 'e82be7d358', time: '2018-11-14T08:17:03'
System info: host: 'TTF-BLR-SANTOSH', ip: '192.168.50.12', os.name: 'Windows 10', os.arch: 'amd64', os.version: '10.0', java.version: '1.8.0_181'
Driver info: org.openqa.selenium.chrome.ChromeDriver
Capabilities {acceptInsecureCerts: false, browserName: chrome, browserVersion: 92.0.4515.107, chrome: {chromedriverVersion: 91.0.4472.19 (1bf021f248676..., userDataDir: C:\Users\admin\AppData\Loca...}, goog:chromeOptions: {debuggerAddress: localhost:53925}, javascriptEnabled: true, networkConnectionEnabled: false, pageLoadStrategy: normal, platform: WINDOWS, platformName: WINDOWS, proxy: Proxy(), setWindowRect: true, strictFileInteractability: false, timeouts: {implicit: 0, pageLoad: 300000, script: 30000}, unhandledPromptBehavior: dismiss and notify, webauthn:extension:largeBlob: true, webauthn:virtualAuthenticators: true}
Session ID: c5eefe21ca8a0799bc0f4986a83d91d5
at sun.reflect.NativeConstructorAccessorImpl.newInstance0(Native Method)
at sun.reflect.NativeConstructorAccessorImpl.newInstance(Unknown Source)
at sun.reflect.DelegatingConstructorAccessorImpl.newInstance(Unknown Source)
at java.lang.reflect.Constructor.newInstance(Unknown Source)
at org.openqa.selenium.remote.http.W3CHttpResponseCodec.createException(W3CHttpResponseCodec.java:187)
at org.openqa.selenium.remote.http.W3CHttpResponseCodec.decode(W3CHttpResponseCodec.java:122)
at org.openqa.selenium.remote.http.W3CHttpResponseCodec.decode(W3CHttpResponseCodec.java:49)
at org.openqa.selenium.remote.HttpCommandExecutor.execute(HttpCommandExecutor.java:158)
at org.openqa.selenium.remote.service.DriverCommandExecutor.execute(DriverCommandExecutor.java:83)
at org.openqa.selenium.remote.RemoteWebDriver.execute(RemoteWebDriver.java:552)
at org.openqa.selenium.remote.RemoteWebElement.execute(RemoteWebElement.java:285)
at org.openqa.selenium.remote.RemoteWebElement.isDisplayed(RemoteWebElement.java:326)
at org.openqa.selenium.support.ui.ExpectedConditions.elementIfVisible(ExpectedConditions.java:314)
at org.openqa.selenium.support.ui.ExpectedConditions.access$000(ExpectedConditions.java:43)
at org.openqa.selenium.support.ui.ExpectedConditions$10.apply(ExpectedConditions.java:300)
at org.openqa.selenium.support.ui.ExpectedConditions$10.apply(ExpectedConditions.java:297)
at org.openqa.selenium.support.ui.FluentWait.until(FluentWait.java:249)
at com.tetherfi.pages.BasePage.waitUntilWebElementListIsVisible(BasePage.java:136)
at com.tetherfi.pages.BasePage.selectDropdownFromVisibleText(BasePage.java:341)
at com.tetherfi.pages.IntentMappingPage.verifySearchIsNotEqualTo(IntentMappingPage.java:702)
at com.tetherfi.test.ivr.IntentMappingTest.VerifySearchIsNotEqualTo(IntentMappingTest.java:230)
at sun.reflect.NativeMethodAccessorImpl.invoke0(Native Method)
at sun.reflect.NativeMethodAccessorImpl.invoke(Unknown Source)
at sun.reflect.DelegatingMethodAccessorImpl.invoke(Unknown Source)
at java.lang.reflect.Method.invoke(Unknown Source)
at org.testng.internal.MethodInvocationHelper.invokeMethod(MethodInvocationHelper.java:133)
at org.testng.internal.TestInvoker.invokeMethod(TestInvoker.java:584)
at org.testng.internal.TestInvoker.invokeTestMethod(TestInvoker.java:172)
at org.testng.internal.MethodRunner.runInSequence(MethodRunner.java:46)
at org.testng.internal.TestInvoker$MethodInvocationAgent.invoke(TestInvoker.java:804)
at org.testng.internal.TestInvoker.invokeTestMethods(TestInvoker.java:145)
at org.testng.internal.TestMethodWorker.invokeTestMethods(TestMethodWorker.java:146)
at org.testng.internal.TestMethodWorker.run(TestMethodWorker.java:128)
at java.util.ArrayList.forEach(Unknown Source)
at org.testng.TestRunner.privateRun(TestRunner.java:770)
at org.testng.TestRunner.run(TestRunner.java:591)
at org.testng.SuiteRunner.runTest(SuiteRunner.java:402)
at org.testng.SuiteRunner.runSequentially(SuiteRunner.java:396)
at org.testng.SuiteRunner.privateRun(SuiteRunner.java:355)
at org.testng.SuiteRunner.run(SuiteRunner.java:304)
at org.testng.SuiteRunnerWorker.runSuite(SuiteRunnerWorker.java:53)
at org.testng.SuiteRunnerWorker.run(SuiteRunnerWorker.java:96)
at org.testng.TestNG.runSuitesSequentially(TestNG.java:1180)
at org.testng.TestNG.runSuitesLocally(TestNG.java:1102)
at org.testng.TestNG.runSuites(TestNG.java:1032)
at org.testng.TestNG.run(TestNG.java:1000)
at org.testng.remote.AbstractRemoteTestNG.run(AbstractRemoteTestNG.java:115)
at org.testng.remote.RemoteTestNG.initAndRun(RemoteTestNG.java:251)
at org.testng.remote.RemoteTestNG.main(RemoteTestNG.java:77)
]]>
    </error>
  </testcase> <!-- VerifySearchIsNotEqualTo -->
  <testcase name="VerifySearchContains" time="10.942" classname="com.tetherfi.test.ivr.IntentMappingTest"/>
  <testcase name="VerifySearchDoesNotContains" time="12.069" classname="com.tetherfi.test.ivr.IntentMappingTest"/>
  <testcase name="VerifySearchStartsWith" time="11.071" classname="com.tetherfi.test.ivr.IntentMappingTest"/>
  <testcase name="VerifySearchEndsWith" time="10.231" classname="com.tetherfi.test.ivr.IntentMappingTest"/>
  <testcase name="searchPage" time="3.794" classname="com.tetherfi.test.ivr.IntentMappingTest">
    <error type="org.openqa.selenium.StaleElementReferenceException" message="stale element reference: element is not attached to the page document
  (Session info: chrome=92.0.4515.107)
For documentation on this error, please visit: https://www.seleniumhq.org/exceptions/stale_element_reference.html
Build info: version: &#039;3.141.59&#039;, revision: &#039;e82be7d358&#039;, time: &#039;2018-11-14T08:17:03&#039;
System info: host: &#039;TTF-BLR-SANTOSH&#039;, ip: &#039;192.168.50.12&#039;, os.name: &#039;Windows 10&#039;, os.arch: &#039;amd64&#039;, os.version: &#039;10.0&#039;, java.version: &#039;1.8.0_181&#039;
Driver info: org.openqa.selenium.chrome.ChromeDriver
Capabilities {acceptInsecureCerts: false, browserName: chrome, browserVersion: 92.0.4515.107, chrome: {chromedriverVersion: 91.0.4472.19 (1bf021f248676..., userDataDir: C:\Users\admin\AppData\Loca...}, goog:chromeOptions: {debuggerAddress: localhost:53925}, javascriptEnabled: true, networkConnectionEnabled: false, pageLoadStrategy: normal, platform: WINDOWS, platformName: WINDOWS, proxy: Proxy(), setWindowRect: true, strictFileInteractability: false, timeouts: {implicit: 0, pageLoad: 300000, script: 30000}, unhandledPromptBehavior: dismiss and notify, webauthn:extension:largeBlob: true, webauthn:virtualAuthenticators: true}
Session ID: c5eefe21ca8a0799bc0f4986a83d91d5">
      <![CDATA[org.openqa.selenium.StaleElementReferenceException: stale element reference: element is not attached to the page document
  (Session info: chrome=92.0.4515.107)
For documentation on this error, please visit: https://www.seleniumhq.org/exceptions/stale_element_reference.html
Build info: version: '3.141.59', revision: 'e82be7d358', time: '2018-11-14T08:17:03'
System info: host: 'TTF-BLR-SANTOSH', ip: '192.168.50.12', os.name: 'Windows 10', os.arch: 'amd64', os.version: '10.0', java.version: '1.8.0_181'
Driver info: org.openqa.selenium.chrome.ChromeDriver
Capabilities {acceptInsecureCerts: false, browserName: chrome, browserVersion: 92.0.4515.107, chrome: {chromedriverVersion: 91.0.4472.19 (1bf021f248676..., userDataDir: C:\Users\admin\AppData\Loca...}, goog:chromeOptions: {debuggerAddress: localhost:53925}, javascriptEnabled: true, networkConnectionEnabled: false, pageLoadStrategy: normal, platform: WINDOWS, platformName: WINDOWS, proxy: Proxy(), setWindowRect: true, strictFileInteractability: false, timeouts: {implicit: 0, pageLoad: 300000, script: 30000}, unhandledPromptBehavior: dismiss and notify, webauthn:extension:largeBlob: true, webauthn:virtualAuthenticators: true}
Session ID: c5eefe21ca8a0799bc0f4986a83d91d5
at sun.reflect.NativeConstructorAccessorImpl.newInstance0(Native Method)
at sun.reflect.NativeConstructorAccessorImpl.newInstance(Unknown Source)
at sun.reflect.DelegatingConstructorAccessorImpl.newInstance(Unknown Source)
at java.lang.reflect.Constructor.newInstance(Unknown Source)
at org.openqa.selenium.remote.http.W3CHttpResponseCodec.createException(W3CHttpResponseCodec.java:187)
at org.openqa.selenium.remote.http.W3CHttpResponseCodec.decode(W3CHttpResponseCodec.java:122)
at org.openqa.selenium.remote.http.W3CHttpResponseCodec.decode(W3CHttpResponseCodec.java:49)
at org.openqa.selenium.remote.HttpCommandExecutor.execute(HttpCommandExecutor.java:158)
at org.openqa.selenium.remote.service.DriverCommandExecutor.execute(DriverCommandExecutor.java:83)
at org.openqa.selenium.remote.RemoteWebDriver.execute(RemoteWebDriver.java:552)
at org.openqa.selenium.remote.RemoteWebElement.execute(RemoteWebElement.java:285)
at org.openqa.selenium.remote.RemoteWebElement.isDisplayed(RemoteWebElement.java:326)
at org.openqa.selenium.support.ui.ExpectedConditions.elementIfVisible(ExpectedConditions.java:314)
at org.openqa.selenium.support.ui.ExpectedConditions.access$000(ExpectedConditions.java:43)
at org.openqa.selenium.support.ui.ExpectedConditions$10.apply(ExpectedConditions.java:300)
at org.openqa.selenium.support.ui.ExpectedConditions$10.apply(ExpectedConditions.java:297)
at org.openqa.selenium.support.ui.FluentWait.until(FluentWait.java:249)
at com.tetherfi.pages.BasePage.waitUntilWebElementListIsVisible(BasePage.java:136)
at com.tetherfi.pages.BasePage.selectDropdownFromVisibleText(BasePage.java:341)
at com.tetherfi.pages.IntentMappingPage.clearAll(IntentMappingPage.java:570)
at com.tetherfi.test.ivr.IntentMappingTest.searchPage(IntentMappingTest.java:275)
at sun.reflect.NativeMethodAccessorImpl.invoke0(Native Method)
at sun.reflect.NativeMethodAccessorImpl.invoke(Unknown Source)
at sun.reflect.DelegatingMethodAccessorImpl.invoke(Unknown Source)
at java.lang.reflect.Method.invoke(Unknown Source)
at org.testng.internal.MethodInvocationHelper.invokeMethod(MethodInvocationHelper.java:133)
at org.testng.internal.TestInvoker.invokeMethod(TestInvoker.java:584)
at org.testng.internal.TestInvoker.invokeTestMethod(TestInvoker.java:172)
at org.testng.internal.MethodRunner.runInSequence(MethodRunner.java:46)
at org.testng.internal.TestInvoker$MethodInvocationAgent.invoke(TestInvoker.java:804)
at org.testng.internal.TestInvoker.invokeTestMethods(TestInvoker.java:145)
at org.testng.internal.TestMethodWorker.invokeTestMethods(TestMethodWorker.java:146)
at org.testng.internal.TestMethodWorker.run(TestMethodWorker.java:128)
at java.util.ArrayList.forEach(Unknown Source)
at org.testng.TestRunner.privateRun(TestRunner.java:770)
at org.testng.TestRunner.run(TestRunner.java:591)
at org.testng.SuiteRunner.runTest(SuiteRunner.java:402)
at org.testng.SuiteRunner.runSequentially(SuiteRunner.java:396)
at org.testng.SuiteRunner.privateRun(SuiteRunner.java:355)
at org.testng.SuiteRunner.run(SuiteRunner.java:304)
at org.testng.SuiteRunnerWorker.runSuite(SuiteRunnerWorker.java:53)
at org.testng.SuiteRunnerWorker.run(SuiteRunnerWorker.java:96)
at org.testng.TestNG.runSuitesSequentially(TestNG.java:1180)
at org.testng.TestNG.runSuitesLocally(TestNG.java:1102)
at org.testng.TestNG.runSuites(TestNG.java:1032)
at org.testng.TestNG.run(TestNG.java:1000)
at org.testng.remote.AbstractRemoteTestNG.run(AbstractRemoteTestNG.java:115)
at org.testng.remote.RemoteTestNG.initAndRun(RemoteTestNG.java:251)
at org.testng.remote.RemoteTestNG.main(RemoteTestNG.java:77)
]]>
    </error>
  </testcase> <!-- searchPage -->
  <testcase name="searchwithoutSearchTextbox" time="4.111" classname="com.tetherfi.test.ivr.IntentMappingTest"/>
  <testcase name="ExportToExcel" time="4.803" classname="com.tetherfi.test.ivr.IntentMappingTest"/>
  <testcase name="ExportToExcelData" time="5.975" classname="com.tetherfi.test.ivr.IntentMappingTest"/>
  <testcase name="DeleteWithoutDeleteReasonRecord" time="12.662" classname="com.tetherfi.test.ivr.IntentMappingTest"/>
  <testcase name="VerifyCancelBtnAtDeleteIntentMappingRecord" time="36.255" classname="com.tetherfi.test.ivr.IntentMappingTest"/>
  <testcase name="DeleteIntentMappingRecord" time="14.661" classname="com.tetherfi.test.ivr.IntentMappingTest"/>
  <testcase name="SearchClearSearch" time="12.061" classname="com.tetherfi.test.ivr.IntentMappingTest"/>
  <testcase name="ExporttoExcelWithoutData" time="12.143" classname="com.tetherfi.test.ivr.IntentMappingTest"/>
  <testcase name="SortingByAscending" time="8.911" classname="com.tetherfi.test.ivr.IntentMappingTest"/>
  <testcase name="SortingByDescending" time="8.818" classname="com.tetherfi.test.ivr.IntentMappingTest"/>
  <testcase name="GroupBy" time="4.788" classname="com.tetherfi.test.ivr.IntentMappingTest"/>
  <testcase name="VerifyArrowMoveForPreviousAndNextPage" time="8.817" classname="com.tetherfi.test.ivr.IntentMappingTest"/>
  <testcase name="VerifyArrowMoveForFirstAndLastPage" time="8.440" classname="com.tetherfi.test.ivr.IntentMappingTest"/>
  <testcase name="VerifyTotalNumberOfItemsPerPageDetails" time="1.680" classname="com.tetherfi.test.ivr.IntentMappingTest"/>
  <testcase name="VerifyNumberOfItemsPerPageSelection" time="11.136" classname="com.tetherfi.test.ivr.IntentMappingTest"/>
  <testcase name="database" time="11.892" classname="com.tetherfi.test.ivr.IntentMappingTest"/>
  <testcase name="VerifyAuditTrialReportForDelete" classname="com.tetherfi.test.ivr.IntentMappingTest">
    <skipped/>
  </testcase> <!-- VerifyAuditTrialReportForDelete -->
  <testcase name="VerifyAuditTrialReportForUpdate" classname="com.tetherfi.test.ivr.IntentMappingTest">
    <skipped/>
  </testcase> <!-- VerifyAuditTrialReportForUpdate -->
  <testcase name="VerifyAuditTrialReportForCreate" classname="com.tetherfi.test.ivr.IntentMappingTest">
    <skipped/>
  </testcase> <!-- VerifyAuditTrialReportForCreate -->
</testsuite> <!-- com.tetherfi.test.ivr.IntentMappingTest -->
