<?xml version="1.0" encoding="UTF-8"?>
<!-- Generated by org.testng.reporters.JUnitReportReporter -->
<testsuite skipped="0" hostname="TTF-BLR-SANTOSHKOUJALAGI" name="com.tetherfi.test.RoleBasedAccessManagementCreateTest" tests="18" failures="0" timestamp="2021-12-17T00:22:25 IST" time="580.032" errors="1">
  <testcase name="VerifyAddCancelButton" time="21.273" classname="com.tetherfi.test.RoleBasedAccessManagementCreateTest"/>
  <testcase name="VerifyAddRecordWithoutRole" time="20.852" classname="com.tetherfi.test.RoleBasedAccessManagementCreateTest"/>
  <testcase name="AddRevertRecord" time="21.650" classname="com.tetherfi.test.RoleBasedAccessManagementCreateTest"/>
  <testcase name="VerifyRevertForAddNewRecord" time="31.894" classname="com.tetherfi.test.RoleBasedAccessManagementCreateTest"/>
  <testcase name="VerifyApprovedDataSectionWithoutApproval" time="24.247" classname="com.tetherfi.test.RoleBasedAccessManagementCreateTest"/>
  <testcase name="VerifyAuditTrailReportForRevert" time="46.361" classname="com.tetherfi.test.RoleBasedAccessManagementCreateTest"/>
  <testcase name="AddRejectRecord" time="23.079" classname="com.tetherfi.test.RoleBasedAccessManagementCreateTest"/>
  <testcase name="VerifySendForApprovalForAddNewRecord" time="31.862" classname="com.tetherfi.test.RoleBasedAccessManagementCreateTest"/>
  <testcase name="RejectforAddNewNewRoleBasedAccessManagementRecord" time="30.118" classname="com.tetherfi.test.RoleBasedAccessManagementCreateTest"/>
  <testcase name="VerifyAuditTrailReportForReject" time="41.468" classname="com.tetherfi.test.RoleBasedAccessManagementCreateTest"/>
  <testcase name="VerifyRecordAfterRejection" time="24.578" classname="com.tetherfi.test.RoleBasedAccessManagementCreateTest"/>
  <testcase name="AddNewNewRoleBasedAccessManagementRecord" time="23.919" classname="com.tetherfi.test.RoleBasedAccessManagementCreateTest"/>
  <testcase name="VerifyAuditTrailReportForCreate" time="43.473" classname="com.tetherfi.test.RoleBasedAccessManagementCreateTest"/>
  <testcase name="VerifyAuditTrailDataForAddNewNewRoleBasedAccessManagementRecord" time="28.031" classname="com.tetherfi.test.RoleBasedAccessManagementCreateTest"/>
  <testcase name="VerifySendForApprovalForAddNewNewRoleBasedAccessManagementRecord" time="29.583" classname="com.tetherfi.test.RoleBasedAccessManagementCreateTest"/>
  <testcase name="VerifyAuditTrailReportForSendForApproval" time="43.180" classname="com.tetherfi.test.RoleBasedAccessManagementCreateTest"/>
  <testcase name="ApproveforAddNewNewRoleBasedAccessManagementRecord" time="72.236" classname="com.tetherfi.test.RoleBasedAccessManagementCreateTest">
    <error type="org.openqa.selenium.NoSuchElementException" message="no such element: Unable to locate element: {&quot;method&quot;:&quot;css selector&quot;,&quot;selector&quot;:&quot;#toast-container .toast-success .toast-message&quot;}
  (Session info: chrome=96.0.4664.45)
For documentation on this error, please visit: https://www.seleniumhq.org/exceptions/no_such_element.html
Build info: version: &#039;3.141.59&#039;, revision: &#039;e82be7d358&#039;, time: &#039;2018-11-14T08:17:03&#039;
System info: host: &#039;TTF-BLR-SANTOSH&#039;, ip: &#039;192.168.50.12&#039;, os.name: &#039;Windows 10&#039;, os.arch: &#039;amd64&#039;, os.version: &#039;10.0&#039;, java.version: &#039;1.8.0_181&#039;
Driver info: org.openqa.selenium.chrome.ChromeDriver
Capabilities {acceptInsecureCerts: false, browserName: chrome, browserVersion: 96.0.4664.45, chrome: {chromedriverVersion: 95.0.4638.69 (6a1600ed572fe..., userDataDir: C:\Users\admin\AppData\Loca...}, goog:chromeOptions: {debuggerAddress: localhost:58874}, javascriptEnabled: true, networkConnectionEnabled: false, pageLoadStrategy: normal, platform: WINDOWS, platformName: WINDOWS, proxy: Proxy(), setWindowRect: true, strictFileInteractability: false, timeouts: {implicit: 0, pageLoad: 300000, script: 30000}, unhandledPromptBehavior: dismiss and notify, webauthn:extension:credBlob: true, webauthn:extension:largeBlob: true, webauthn:virtualAuthenticators: true}
Session ID: abfb4ddf207154d88b388473fb891ed0
*** Element info: {Using=css selector, value=#toast-container .toast-success .toast-message}">
      <![CDATA[org.openqa.selenium.NoSuchElementException: no such element: Unable to locate element: {"method":"css selector","selector":"#toast-container .toast-success .toast-message"}
  (Session info: chrome=96.0.4664.45)
For documentation on this error, please visit: https://www.seleniumhq.org/exceptions/no_such_element.html
Build info: version: '3.141.59', revision: 'e82be7d358', time: '2018-11-14T08:17:03'
System info: host: 'TTF-BLR-SANTOSH', ip: '192.168.50.12', os.name: 'Windows 10', os.arch: 'amd64', os.version: '10.0', java.version: '1.8.0_181'
Driver info: org.openqa.selenium.chrome.ChromeDriver
Capabilities {acceptInsecureCerts: false, browserName: chrome, browserVersion: 96.0.4664.45, chrome: {chromedriverVersion: 95.0.4638.69 (6a1600ed572fe..., userDataDir: C:\Users\admin\AppData\Loca...}, goog:chromeOptions: {debuggerAddress: localhost:58874}, javascriptEnabled: true, networkConnectionEnabled: false, pageLoadStrategy: normal, platform: WINDOWS, platformName: WINDOWS, proxy: Proxy(), setWindowRect: true, strictFileInteractability: false, timeouts: {implicit: 0, pageLoad: 300000, script: 30000}, unhandledPromptBehavior: dismiss and notify, webauthn:extension:credBlob: true, webauthn:extension:largeBlob: true, webauthn:virtualAuthenticators: true}
Session ID: abfb4ddf207154d88b388473fb891ed0
*** Element info: {Using=css selector, value=#toast-container .toast-success .toast-message}
at sun.reflect.GeneratedConstructorAccessor68.newInstance(Unknown Source)
at sun.reflect.DelegatingConstructorAccessorImpl.newInstance(Unknown Source)
at java.lang.reflect.Constructor.newInstance(Unknown Source)
at org.openqa.selenium.remote.http.W3CHttpResponseCodec.createException(W3CHttpResponseCodec.java:187)
at org.openqa.selenium.remote.http.W3CHttpResponseCodec.decode(W3CHttpResponseCodec.java:122)
at org.openqa.selenium.remote.http.W3CHttpResponseCodec.decode(W3CHttpResponseCodec.java:49)
at org.openqa.selenium.remote.HttpCommandExecutor.execute(HttpCommandExecutor.java:158)
at org.openqa.selenium.remote.service.DriverCommandExecutor.execute(DriverCommandExecutor.java:83)
at org.openqa.selenium.remote.RemoteWebDriver.execute(RemoteWebDriver.java:552)
at org.openqa.selenium.remote.RemoteWebDriver.findElement(RemoteWebDriver.java:323)
at org.openqa.selenium.remote.RemoteWebDriver.findElementByCssSelector(RemoteWebDriver.java:420)
at org.openqa.selenium.By$ByCssSelector.findElement(By.java:431)
at org.openqa.selenium.remote.RemoteWebDriver.findElement(RemoteWebDriver.java:315)
at org.openqa.selenium.support.pagefactory.DefaultElementLocator.findElement(DefaultElementLocator.java:69)
at org.openqa.selenium.support.pagefactory.internal.LocatingElementHandler.invoke(LocatingElementHandler.java:38)
at com.sun.proxy.$Proxy9.isDisplayed(Unknown Source)
at com.tetherfi.pages.RoleBasedAccessManagementPage.getSuccessMessage(RoleBasedAccessManagementPage.java:882)
at com.tetherfi.pages.RoleBasedAccessManagementPage.verifyMessage(RoleBasedAccessManagementPage.java:1231)
at com.tetherfi.test.RoleBasedAccessManagementCreateTest.ApproveforAddNewNewRoleBasedAccessManagementRecord(RoleBasedAccessManagementCreateTest.java:242)
at sun.reflect.NativeMethodAccessorImpl.invoke0(Native Method)
at sun.reflect.NativeMethodAccessorImpl.invoke(Unknown Source)
at sun.reflect.DelegatingMethodAccessorImpl.invoke(Unknown Source)
at java.lang.reflect.Method.invoke(Unknown Source)
at org.testng.internal.MethodInvocationHelper.invokeMethod(MethodInvocationHelper.java:133)
at org.testng.internal.TestInvoker.invokeMethod(TestInvoker.java:584)
at org.testng.internal.TestInvoker.invokeTestMethod(TestInvoker.java:172)
at org.testng.internal.MethodRunner.runInSequence(MethodRunner.java:46)
at org.testng.internal.TestInvoker$MethodInvocationAgent.invoke(TestInvoker.java:804)
at org.testng.internal.TestInvoker.invokeTestMethods(TestInvoker.java:145)
at org.testng.internal.TestMethodWorker.invokeTestMethods(TestMethodWorker.java:146)
at org.testng.internal.TestMethodWorker.run(TestMethodWorker.java:128)
at java.util.ArrayList.forEach(Unknown Source)
at org.testng.TestRunner.privateRun(TestRunner.java:770)
at org.testng.TestRunner.run(TestRunner.java:591)
at org.testng.SuiteRunner.runTest(SuiteRunner.java:402)
at org.testng.SuiteRunner.runSequentially(SuiteRunner.java:396)
at org.testng.SuiteRunner.privateRun(SuiteRunner.java:355)
at org.testng.SuiteRunner.run(SuiteRunner.java:304)
at org.testng.SuiteRunnerWorker.runSuite(SuiteRunnerWorker.java:53)
at org.testng.SuiteRunnerWorker.run(SuiteRunnerWorker.java:96)
at org.testng.TestNG.runSuitesSequentially(TestNG.java:1180)
at org.testng.TestNG.runSuitesLocally(TestNG.java:1102)
at org.testng.TestNG.runSuites(TestNG.java:1032)
at org.testng.TestNG.run(TestNG.java:1000)
at org.testng.remote.AbstractRemoteTestNG.run(AbstractRemoteTestNG.java:115)
at org.testng.remote.RemoteTestNG.initAndRun(RemoteTestNG.java:251)
at org.testng.remote.RemoteTestNG.main(RemoteTestNG.java:77)
]]>
    </error>
  </testcase> <!-- ApproveforAddNewNewRoleBasedAccessManagementRecord -->
  <testcase name="AddDuplicateRecord" time="22.228" classname="com.tetherfi.test.RoleBasedAccessManagementCreateTest"/>
</testsuite> <!-- com.tetherfi.test.RoleBasedAccessManagementCreateTest -->
