<?xml version="1.0" encoding="UTF-8"?>
<!-- Generated by org.testng.reporters.JUnitReportReporter -->
<testsuite skipped="0" hostname="TTF-BLR-SANTOSHKOUJALAGI" name="com.tetherfi.test.reports.OCMInteractionActionsReportTest" tests="46" failures="4" timestamp="2021-09-03T14:37:03 IST" time="1535.686" errors="0">
  <testcase name="ShowReport" time="18.814" classname="com.tetherfi.test.reports.OCMInteractionActionsReportTest"/>
  <testcase name="ShowReportInNewPage" time="19.935" classname="com.tetherfi.test.reports.OCMInteractionActionsReportTest"/>
  <testcase name="database" time="264.281" classname="com.tetherfi.test.reports.OCMInteractionActionsReportTest">
    <failure type="java.lang.AssertionError" message="Main report data mismatch did not expect to find [true] but found [false]">
      <![CDATA[java.lang.AssertionError: Main report data mismatch did not expect to find [true] but found [false]
at org.testng.Assert.fail(Assert.java:97)
at org.testng.Assert.failNotEquals(Assert.java:969)
at org.testng.Assert.assertTrue(Assert.java:43)
at com.tetherfi.test.reports.OCMInteractionActionsReportTest.database(OCMInteractionActionsReportTest.java:63)
at sun.reflect.NativeMethodAccessorImpl.invoke0(Native Method)
at sun.reflect.NativeMethodAccessorImpl.invoke(Unknown Source)
at sun.reflect.DelegatingMethodAccessorImpl.invoke(Unknown Source)
at java.lang.reflect.Method.invoke(Unknown Source)
at org.testng.internal.MethodInvocationHelper.invokeMethod(MethodInvocationHelper.java:133)
at org.testng.internal.TestInvoker.invokeMethod(TestInvoker.java:584)
at org.testng.internal.TestInvoker.invokeTestMethod(TestInvoker.java:172)
at org.testng.internal.MethodRunner.runInSequence(MethodRunner.java:46)
at org.testng.internal.TestInvoker$MethodInvocationAgent.invoke(TestInvoker.java:804)
at org.testng.internal.TestInvoker.invokeTestMethods(TestInvoker.java:145)
at org.testng.internal.TestMethodWorker.invokeTestMethods(TestMethodWorker.java:146)
at org.testng.internal.TestMethodWorker.run(TestMethodWorker.java:128)
at java.util.ArrayList.forEach(Unknown Source)
at org.testng.TestRunner.privateRun(TestRunner.java:770)
at org.testng.TestRunner.run(TestRunner.java:591)
at org.testng.SuiteRunner.runTest(SuiteRunner.java:402)
at org.testng.SuiteRunner.runSequentially(SuiteRunner.java:396)
at org.testng.SuiteRunner.privateRun(SuiteRunner.java:355)
at org.testng.SuiteRunner.run(SuiteRunner.java:304)
at org.testng.SuiteRunnerWorker.runSuite(SuiteRunnerWorker.java:53)
at org.testng.SuiteRunnerWorker.run(SuiteRunnerWorker.java:96)
at org.testng.TestNG.runSuitesSequentially(TestNG.java:1180)
at org.testng.TestNG.runSuitesLocally(TestNG.java:1102)
at org.testng.TestNG.runSuites(TestNG.java:1032)
at org.testng.TestNG.run(TestNG.java:1000)
at org.testng.remote.AbstractRemoteTestNG.run(AbstractRemoteTestNG.java:115)
at org.testng.remote.RemoteTestNG.initAndRun(RemoteTestNG.java:251)
at org.testng.remote.RemoteTestNG.main(RemoteTestNG.java:77)
]]>
    </failure>
  </testcase> <!-- database -->
  <testcase name="VerifyDropdownForAllTheColumns" time="38.358" classname="com.tetherfi.test.reports.OCMInteractionActionsReportTest"/>
  <testcase name="VerifyColumnsHeaderEnable" time="28.632" classname="com.tetherfi.test.reports.OCMInteractionActionsReportTest"/>
  <testcase name="VerifyColumnsHeaderDisable" time="36.551" classname="com.tetherfi.test.reports.OCMInteractionActionsReportTest"/>
  <testcase name="VerifyArrowMoveForPreviousAndNextPage" time="29.560" classname="com.tetherfi.test.reports.OCMInteractionActionsReportTest"/>
  <testcase name="VerifyArrowMoveForFirstAndLastPage" time="30.127" classname="com.tetherfi.test.reports.OCMInteractionActionsReportTest"/>
  <testcase name="VerifyTotalNumberOfItemsPerPageDetails" time="18.385" classname="com.tetherfi.test.reports.OCMInteractionActionsReportTest"/>
  <testcase name="VerifyNumberOfItemsPerPageSelection" time="61.986" classname="com.tetherfi.test.reports.OCMInteractionActionsReportTest"/>
  <testcase name="VerifySearchByFeature" time="38.416" classname="com.tetherfi.test.reports.OCMInteractionActionsReportTest"/>
  <testcase name="verifySearchIsEqualTo" time="33.580" classname="com.tetherfi.test.reports.OCMInteractionActionsReportTest"/>
  <testcase name="VerifySearchIsNotEqualTo" time="34.484" classname="com.tetherfi.test.reports.OCMInteractionActionsReportTest"/>
  <testcase name="VerifySearchContains" time="31.938" classname="com.tetherfi.test.reports.OCMInteractionActionsReportTest"/>
  <testcase name="VerifySearchDoesNotContains" time="35.554" classname="com.tetherfi.test.reports.OCMInteractionActionsReportTest"/>
  <testcase name="VerifySearchStartsWith" time="34.605" classname="com.tetherfi.test.reports.OCMInteractionActionsReportTest"/>
  <testcase name="VerifySearchEndsWith" time="34.390" classname="com.tetherfi.test.reports.OCMInteractionActionsReportTest"/>
  <testcase name="searchwithoutSearchTextbox" time="25.871" classname="com.tetherfi.test.reports.OCMInteractionActionsReportTest"/>
  <testcase name="SearchClear" time="26.102" classname="com.tetherfi.test.reports.OCMInteractionActionsReportTest"/>
  <testcase name="verifyAdvancedSearchinreportpageSearchEqualTo" time="68.074" classname="com.tetherfi.test.reports.OCMInteractionActionsReportTest"/>
  <testcase name="verifyAdvancedSearchORCriteria" time="51.972" classname="com.tetherfi.test.reports.OCMInteractionActionsReportTest"/>
  <testcase name="ClearfiltersAdvSrch" time="25.597" classname="com.tetherfi.test.reports.OCMInteractionActionsReportTest"/>
  <testcase name="ExportSchedulerinReportPageforSingleDate" time="16.615" classname="com.tetherfi.test.reports.OCMInteractionActionsReportTest"/>
  <testcase name="ExportReportforSingleDate" time="16.178" classname="com.tetherfi.test.reports.OCMInteractionActionsReportTest"/>
  <testcase name="ViewDownloadedReportforSingleDate" time="23.149" classname="com.tetherfi.test.reports.OCMInteractionActionsReportTest"/>
  <testcase name="VerifyViewDownloadedOcmInteractionActionReportInReportsDownloadPage" time="21.735" classname="com.tetherfi.test.reports.OCMInteractionActionsReportTest">
    <failure type="java.lang.AssertionError" message="did not expect to find [true] but found [false]">
      <![CDATA[java.lang.AssertionError: did not expect to find [true] but found [false]
at org.testng.Assert.fail(Assert.java:97)
at org.testng.Assert.failNotEquals(Assert.java:969)
at org.testng.Assert.assertTrue(Assert.java:43)
at org.testng.Assert.assertTrue(Assert.java:53)
at com.tetherfi.test.reports.OCMInteractionActionsReportTest.VerifyViewDownloadedOcmInteractionActionReportInReportsDownloadPage(OCMInteractionActionsReportTest.java:315)
at sun.reflect.NativeMethodAccessorImpl.invoke0(Native Method)
at sun.reflect.NativeMethodAccessorImpl.invoke(Unknown Source)
at sun.reflect.DelegatingMethodAccessorImpl.invoke(Unknown Source)
at java.lang.reflect.Method.invoke(Unknown Source)
at org.testng.internal.MethodInvocationHelper.invokeMethod(MethodInvocationHelper.java:133)
at org.testng.internal.TestInvoker.invokeMethod(TestInvoker.java:584)
at org.testng.internal.TestInvoker.invokeTestMethod(TestInvoker.java:172)
at org.testng.internal.MethodRunner.runInSequence(MethodRunner.java:46)
at org.testng.internal.TestInvoker$MethodInvocationAgent.invoke(TestInvoker.java:804)
at org.testng.internal.TestInvoker.invokeTestMethods(TestInvoker.java:145)
at org.testng.internal.TestMethodWorker.invokeTestMethods(TestMethodWorker.java:146)
at org.testng.internal.TestMethodWorker.run(TestMethodWorker.java:128)
at java.util.ArrayList.forEach(Unknown Source)
at org.testng.TestRunner.privateRun(TestRunner.java:770)
at org.testng.TestRunner.run(TestRunner.java:591)
at org.testng.SuiteRunner.runTest(SuiteRunner.java:402)
at org.testng.SuiteRunner.runSequentially(SuiteRunner.java:396)
at org.testng.SuiteRunner.privateRun(SuiteRunner.java:355)
at org.testng.SuiteRunner.run(SuiteRunner.java:304)
at org.testng.SuiteRunnerWorker.runSuite(SuiteRunnerWorker.java:53)
at org.testng.SuiteRunnerWorker.run(SuiteRunnerWorker.java:96)
at org.testng.TestNG.runSuitesSequentially(TestNG.java:1180)
at org.testng.TestNG.runSuitesLocally(TestNG.java:1102)
at org.testng.TestNG.runSuites(TestNG.java:1032)
at org.testng.TestNG.run(TestNG.java:1000)
at org.testng.remote.AbstractRemoteTestNG.run(AbstractRemoteTestNG.java:115)
at org.testng.remote.RemoteTestNG.initAndRun(RemoteTestNG.java:251)
at org.testng.remote.RemoteTestNG.main(RemoteTestNG.java:77)
]]>
    </failure>
  </testcase> <!-- VerifyViewDownloadedOcmInteractionActionReportInReportsDownloadPage -->
  <testcase name="ShowOCMInteractionActionReportForDateRange" time="16.116" classname="com.tetherfi.test.reports.OCMInteractionActionsReportTest"/>
  <testcase name="ShowOCMInteractionActionReportInNewTabDateRange" time="21.477" classname="com.tetherfi.test.reports.OCMInteractionActionsReportTest"/>
  <testcase name="ScheduleOCMInteractionActionReportforDateRange" time="17.636" classname="com.tetherfi.test.reports.OCMInteractionActionsReportTest"/>
  <testcase name="ExportOCMInteractionActionReportDateRange" time="17.973" classname="com.tetherfi.test.reports.OCMInteractionActionsReportTest"/>
  <testcase name="ViewDownloadedReportforDateRange" time="10.769" classname="com.tetherfi.test.reports.OCMInteractionActionsReportTest"/>
  <testcase name="VerifyViewDownloadedOcmInteractionActionReportInReportsDownloadDateRangePage" time="43.551" classname="com.tetherfi.test.reports.OCMInteractionActionsReportTest">
    <failure type="java.lang.AssertionError" message="did not expect to find [true] but found [false]">
      <![CDATA[java.lang.AssertionError: did not expect to find [true] but found [false]
at org.testng.Assert.fail(Assert.java:97)
at org.testng.Assert.failNotEquals(Assert.java:969)
at org.testng.Assert.assertTrue(Assert.java:43)
at org.testng.Assert.assertTrue(Assert.java:53)
at com.tetherfi.test.reports.OCMInteractionActionsReportTest.VerifyViewDownloadedOcmInteractionActionReportInReportsDownloadDateRangePage(OCMInteractionActionsReportTest.java:376)
at sun.reflect.NativeMethodAccessorImpl.invoke0(Native Method)
at sun.reflect.NativeMethodAccessorImpl.invoke(Unknown Source)
at sun.reflect.DelegatingMethodAccessorImpl.invoke(Unknown Source)
at java.lang.reflect.Method.invoke(Unknown Source)
at org.testng.internal.MethodInvocationHelper.invokeMethod(MethodInvocationHelper.java:133)
at org.testng.internal.TestInvoker.invokeMethod(TestInvoker.java:584)
at org.testng.internal.TestInvoker.invokeTestMethod(TestInvoker.java:172)
at org.testng.internal.MethodRunner.runInSequence(MethodRunner.java:46)
at org.testng.internal.TestInvoker$MethodInvocationAgent.invoke(TestInvoker.java:804)
at org.testng.internal.TestInvoker.invokeTestMethods(TestInvoker.java:145)
at org.testng.internal.TestMethodWorker.invokeTestMethods(TestMethodWorker.java:146)
at org.testng.internal.TestMethodWorker.run(TestMethodWorker.java:128)
at java.util.ArrayList.forEach(Unknown Source)
at org.testng.TestRunner.privateRun(TestRunner.java:770)
at org.testng.TestRunner.run(TestRunner.java:591)
at org.testng.SuiteRunner.runTest(SuiteRunner.java:402)
at org.testng.SuiteRunner.runSequentially(SuiteRunner.java:396)
at org.testng.SuiteRunner.privateRun(SuiteRunner.java:355)
at org.testng.SuiteRunner.run(SuiteRunner.java:304)
at org.testng.SuiteRunnerWorker.runSuite(SuiteRunnerWorker.java:53)
at org.testng.SuiteRunnerWorker.run(SuiteRunnerWorker.java:96)
at org.testng.TestNG.runSuitesSequentially(TestNG.java:1180)
at org.testng.TestNG.runSuitesLocally(TestNG.java:1102)
at org.testng.TestNG.runSuites(TestNG.java:1032)
at org.testng.TestNG.run(TestNG.java:1000)
at org.testng.remote.AbstractRemoteTestNG.run(AbstractRemoteTestNG.java:115)
at org.testng.remote.RemoteTestNG.initAndRun(RemoteTestNG.java:251)
at org.testng.remote.RemoteTestNG.main(RemoteTestNG.java:77)
]]>
    </failure>
  </testcase> <!-- VerifyViewDownloadedOcmInteractionActionReportInReportsDownloadDateRangePage -->
  <testcase name="DeleteWithoutDeleteReasonRecordinReportsDownloadforDateRange" time="11.120" classname="com.tetherfi.test.reports.OCMInteractionActionsReportTest"/>
  <testcase name="VerifyCancelBtnAtReportsDownloadDeleteBtnForDateRange" time="32.894" classname="com.tetherfi.test.reports.OCMInteractionActionsReportTest"/>
  <testcase name="DeleteRecordAtReportsDownload" time="11.370" classname="com.tetherfi.test.reports.OCMInteractionActionsReportTest"/>
  <testcase name="ClearAll" time="16.092" classname="com.tetherfi.test.reports.OCMInteractionActionsReportTest"/>
  <testcase name="OCMWindow" time="21.278" classname="com.tetherfi.test.reports.OCMInteractionActionsReportTest"/>
  <testcase name="ExportPage" time="22.018" classname="com.tetherfi.test.reports.OCMInteractionActionsReportTest"/>
  <testcase name="VerifyExportedPage" time="26.685" classname="com.tetherfi.test.reports.OCMInteractionActionsReportTest"/>
  <testcase name="SortingByAscending" time="27.900" classname="com.tetherfi.test.reports.OCMInteractionActionsReportTest"/>
  <testcase name="SortingByDescending" time="31.524" classname="com.tetherfi.test.reports.OCMInteractionActionsReportTest"/>
  <testcase name="ScheduledReportinOCMInteractionActionReportPage" time="20.189" classname="com.tetherfi.test.reports.OCMInteractionActionsReportTest"/>
  <testcase name="ExportToExcelForInteractionActionReport" time="18.184" classname="com.tetherfi.test.reports.OCMInteractionActionsReportTest"/>
  <testcase name="ViewDownloadedReportInReportDownloadsPage" time="23.681" classname="com.tetherfi.test.reports.OCMInteractionActionsReportTest"/>
  <testcase name="VerifyExporedExcelData" time="44.777" classname="com.tetherfi.test.reports.OCMInteractionActionsReportTest">
    <failure type="java.lang.AssertionError" message="did not expect to find [true] but found [false]">
      <![CDATA[java.lang.AssertionError: did not expect to find [true] but found [false]
at org.testng.Assert.fail(Assert.java:97)
at org.testng.Assert.failNotEquals(Assert.java:969)
at org.testng.Assert.assertTrue(Assert.java:43)
at org.testng.Assert.assertTrue(Assert.java:53)
at com.tetherfi.test.reports.OCMInteractionActionsReportTest.VerifyExporedExcelData(OCMInteractionActionsReportTest.java:535)
at sun.reflect.NativeMethodAccessorImpl.invoke0(Native Method)
at sun.reflect.NativeMethodAccessorImpl.invoke(Unknown Source)
at sun.reflect.DelegatingMethodAccessorImpl.invoke(Unknown Source)
at java.lang.reflect.Method.invoke(Unknown Source)
at org.testng.internal.MethodInvocationHelper.invokeMethod(MethodInvocationHelper.java:133)
at org.testng.internal.TestInvoker.invokeMethod(TestInvoker.java:584)
at org.testng.internal.TestInvoker.invokeTestMethod(TestInvoker.java:172)
at org.testng.internal.MethodRunner.runInSequence(MethodRunner.java:46)
at org.testng.internal.TestInvoker$MethodInvocationAgent.invoke(TestInvoker.java:804)
at org.testng.internal.TestInvoker.invokeTestMethods(TestInvoker.java:145)
at org.testng.internal.TestMethodWorker.invokeTestMethods(TestMethodWorker.java:146)
at org.testng.internal.TestMethodWorker.run(TestMethodWorker.java:128)
at java.util.ArrayList.forEach(Unknown Source)
at org.testng.TestRunner.privateRun(TestRunner.java:770)
at org.testng.TestRunner.run(TestRunner.java:591)
at org.testng.SuiteRunner.runTest(SuiteRunner.java:402)
at org.testng.SuiteRunner.runSequentially(SuiteRunner.java:396)
at org.testng.SuiteRunner.privateRun(SuiteRunner.java:355)
at org.testng.SuiteRunner.run(SuiteRunner.java:304)
at org.testng.SuiteRunnerWorker.runSuite(SuiteRunnerWorker.java:53)
at org.testng.SuiteRunnerWorker.run(SuiteRunnerWorker.java:96)
at org.testng.TestNG.runSuitesSequentially(TestNG.java:1180)
at org.testng.TestNG.runSuitesLocally(TestNG.java:1102)
at org.testng.TestNG.runSuites(TestNG.java:1032)
at org.testng.TestNG.run(TestNG.java:1000)
at org.testng.remote.AbstractRemoteTestNG.run(AbstractRemoteTestNG.java:115)
at org.testng.remote.RemoteTestNG.initAndRun(RemoteTestNG.java:251)
at org.testng.remote.RemoteTestNG.main(RemoteTestNG.java:77)
]]>
    </failure>
  </testcase> <!-- VerifyExporedExcelData -->
  <testcase name="GroupBy" time="35.563" classname="com.tetherfi.test.reports.OCMInteractionActionsReportTest"/>
</testsuite> <!-- com.tetherfi.test.reports.OCMInteractionActionsReportTest -->
