<?xml version="1.0" encoding="UTF-8"?>
<!-- Generated by org.testng.reporters.JUnitReportReporter -->
<testsuite skipped="0" hostname="TTF-BLR-SANTOSHKOUJALAGI" name="com.tetherfi.test.reports.OCMFrequentlyHitThresholdReport" tests="45" failures="0" timestamp="2021-08-30T01:11:43 IST" time="1125.926" errors="1">
  <testcase name="ShowReport" time="23.776" classname="com.tetherfi.test.reports.OCMFrequentlyHitThresholdReport"/>
  <testcase name="ShowReportInNewPage" time="23.957" classname="com.tetherfi.test.reports.OCMFrequentlyHitThresholdReport"/>
  <testcase name="database" time="36.248" classname="com.tetherfi.test.reports.OCMFrequentlyHitThresholdReport"/>
  <testcase name="VerifyTotalNumberOfItemsPerPageDetailsFoDrillDownOne" time="23.160" classname="com.tetherfi.test.reports.OCMFrequentlyHitThresholdReport"/>
  <testcase name="ScheduleOCMFrequentlyHitThresholdReport" time="20.829" classname="com.tetherfi.test.reports.OCMFrequentlyHitThresholdReport"/>
  <testcase name="ExportOcmFrequentlyHitThresholdReport" time="19.681" classname="com.tetherfi.test.reports.OCMFrequentlyHitThresholdReport"/>
  <testcase name="ViewDownloadedOcmFrequentlyHitThresholdReportInReportsDownloadPage" time="10.851" classname="com.tetherfi.test.reports.OCMFrequentlyHitThresholdReport"/>
  <testcase name="ShowReportForDateRange" time="22.558" classname="com.tetherfi.test.reports.OCMFrequentlyHitThresholdReport"/>
  <testcase name="ShowReportInNewPageForDateRange" time="21.939" classname="com.tetherfi.test.reports.OCMFrequentlyHitThresholdReport"/>
  <testcase name="ExportOcmFrequentlyHitThresholdReportDateRange" time="20.511" classname="com.tetherfi.test.reports.OCMFrequentlyHitThresholdReport"/>
  <testcase name="ViewDownloadedOcmFrequentlyHitThresholdReportInReportsDownloadPageDateRange" time="10.293" classname="com.tetherfi.test.reports.OCMFrequentlyHitThresholdReport"/>
  <testcase name="ScheduleOcmFrequentlyHitThresholdReportforDateRange" time="22.235" classname="com.tetherfi.test.reports.OCMFrequentlyHitThresholdReport"/>
  <testcase name="ClearAll" time="18.799" classname="com.tetherfi.test.reports.OCMFrequentlyHitThresholdReport"/>
  <testcase name="OCMWindow" time="21.336" classname="com.tetherfi.test.reports.OCMFrequentlyHitThresholdReport"/>
  <testcase name="VerifyDropdownForAllTheColumns" time="28.973" classname="com.tetherfi.test.reports.OCMFrequentlyHitThresholdReport"/>
  <testcase name="VerifyColumnsHeaderEnable" time="25.927" classname="com.tetherfi.test.reports.OCMFrequentlyHitThresholdReport"/>
  <testcase name="VerifyColumnsHeaderDisable" time="30.610" classname="com.tetherfi.test.reports.OCMFrequentlyHitThresholdReport"/>
  <testcase name="VerifyArrowMoveForPreviousAndNextPage" time="20.370" classname="com.tetherfi.test.reports.OCMFrequentlyHitThresholdReport"/>
  <testcase name="VerifyArrowMoveForFirstAndLastPage" time="20.810" classname="com.tetherfi.test.reports.OCMFrequentlyHitThresholdReport"/>
  <testcase name="VerifyTotalNumberOfItemsPerPageDetails" time="20.629" classname="com.tetherfi.test.reports.OCMFrequentlyHitThresholdReport"/>
  <testcase name="VerifyNumberOfItemsPerPageSelection" time="51.621" classname="com.tetherfi.test.reports.OCMFrequentlyHitThresholdReport"/>
  <testcase name="ExportPage" time="23.999" classname="com.tetherfi.test.reports.OCMFrequentlyHitThresholdReport"/>
  <testcase name="VerifyExportedPage" time="22.861" classname="com.tetherfi.test.reports.OCMFrequentlyHitThresholdReport"/>
  <testcase name="SortingByAscending" time="24.206" classname="com.tetherfi.test.reports.OCMFrequentlyHitThresholdReport"/>
  <testcase name="SortingByDescending" time="26.106" classname="com.tetherfi.test.reports.OCMFrequentlyHitThresholdReport"/>
  <testcase name="SchedulereportinFrequentlyhitReportPage" time="22.299" classname="com.tetherfi.test.reports.OCMFrequentlyHitThresholdReport"/>
  <testcase name="ExportToExcelForfrequentlyHitThresholdReport" time="21.296" classname="com.tetherfi.test.reports.OCMFrequentlyHitThresholdReport"/>
  <testcase name="ViewDownloadedReportInFrequentlyHitThresholdReportPg" time="26.004" classname="com.tetherfi.test.reports.OCMFrequentlyHitThresholdReport"/>
  <testcase name="DeleteWithoutDeleteReasonRecordinReportsDownloadforDateRange" time="23.725" classname="com.tetherfi.test.reports.OCMFrequentlyHitThresholdReport">
    <error type="java.lang.IndexOutOfBoundsException" message="Index: 0, Size: 0">
      <![CDATA[java.lang.IndexOutOfBoundsException: Index: 0, Size: 0
at java.util.ArrayList.rangeCheck(Unknown Source)
at java.util.ArrayList.get(Unknown Source)
at sun.reflect.GeneratedMethodAccessor8.invoke(Unknown Source)
at sun.reflect.DelegatingMethodAccessorImpl.invoke(Unknown Source)
at java.lang.reflect.Method.invoke(Unknown Source)
at org.openqa.selenium.support.pagefactory.internal.LocatingElementListHandler.invoke(LocatingElementListHandler.java:39)
at com.sun.proxy.$Proxy12.get(Unknown Source)
at com.tetherfi.pages.OCMReportsPage.deleteWithoutDeleteReason(OCMReportsPage.java:6734)
at com.tetherfi.test.reports.OCMFrequentlyHitThresholdReport.DeleteWithoutDeleteReasonRecordinReportsDownloadforDateRange(OCMFrequentlyHitThresholdReport.java:369)
at sun.reflect.NativeMethodAccessorImpl.invoke0(Native Method)
at sun.reflect.NativeMethodAccessorImpl.invoke(Unknown Source)
at sun.reflect.DelegatingMethodAccessorImpl.invoke(Unknown Source)
at java.lang.reflect.Method.invoke(Unknown Source)
at org.testng.internal.MethodInvocationHelper.invokeMethod(MethodInvocationHelper.java:133)
at org.testng.internal.TestInvoker.invokeMethod(TestInvoker.java:584)
at org.testng.internal.TestInvoker.invokeTestMethod(TestInvoker.java:172)
at org.testng.internal.MethodRunner.runInSequence(MethodRunner.java:46)
at org.testng.internal.TestInvoker$MethodInvocationAgent.invoke(TestInvoker.java:804)
at org.testng.internal.TestInvoker.invokeTestMethods(TestInvoker.java:145)
at org.testng.internal.TestMethodWorker.invokeTestMethods(TestMethodWorker.java:146)
at org.testng.internal.TestMethodWorker.run(TestMethodWorker.java:128)
at java.util.ArrayList.forEach(Unknown Source)
at org.testng.TestRunner.privateRun(TestRunner.java:770)
at org.testng.TestRunner.run(TestRunner.java:591)
at org.testng.SuiteRunner.runTest(SuiteRunner.java:402)
at org.testng.SuiteRunner.runSequentially(SuiteRunner.java:396)
at org.testng.SuiteRunner.privateRun(SuiteRunner.java:355)
at org.testng.SuiteRunner.run(SuiteRunner.java:304)
at org.testng.SuiteRunnerWorker.runSuite(SuiteRunnerWorker.java:53)
at org.testng.SuiteRunnerWorker.run(SuiteRunnerWorker.java:96)
at org.testng.TestNG.runSuitesSequentially(TestNG.java:1180)
at org.testng.TestNG.runSuitesLocally(TestNG.java:1102)
at org.testng.TestNG.runSuites(TestNG.java:1032)
at org.testng.TestNG.run(TestNG.java:1000)
at org.testng.remote.AbstractRemoteTestNG.run(AbstractRemoteTestNG.java:115)
at org.testng.remote.RemoteTestNG.initAndRun(RemoteTestNG.java:251)
at org.testng.remote.RemoteTestNG.main(RemoteTestNG.java:77)
]]>
    </error>
  </testcase> <!-- DeleteWithoutDeleteReasonRecordinReportsDownloadforDateRange -->
  <testcase name="VerifyCancelBtnAtReportsDownloadDeleteBtnForDateRange" time="32.738" classname="com.tetherfi.test.reports.OCMFrequentlyHitThresholdReport"/>
  <testcase name="DeleteRecordAtReportsDownload" time="11.310" classname="com.tetherfi.test.reports.OCMFrequentlyHitThresholdReport"/>
  <testcase name="VerifySearchByFeature" time="28.206" classname="com.tetherfi.test.reports.OCMFrequentlyHitThresholdReport"/>
  <testcase name="VerifySearchIsEqualTo" time="25.478" classname="com.tetherfi.test.reports.OCMFrequentlyHitThresholdReport"/>
  <testcase name="searchwithoutSearchTextbox" time="27.624" classname="com.tetherfi.test.reports.OCMFrequentlyHitThresholdReport"/>
  <testcase name="VerifySearchIsNotEqualTo" time="26.713" classname="com.tetherfi.test.reports.OCMFrequentlyHitThresholdReport"/>
  <testcase name="VerifySearchContains" time="26.424" classname="com.tetherfi.test.reports.OCMFrequentlyHitThresholdReport"/>
  <testcase name="VerifySearchDoesNotContains" time="27.252" classname="com.tetherfi.test.reports.OCMFrequentlyHitThresholdReport"/>
  <testcase name="VerifySearchStartsWith" time="26.118" classname="com.tetherfi.test.reports.OCMFrequentlyHitThresholdReport"/>
  <testcase name="VerifySearchEndsWith" time="25.186" classname="com.tetherfi.test.reports.OCMFrequentlyHitThresholdReport"/>
  <testcase name="SearchClearSearch" time="25.057" classname="com.tetherfi.test.reports.OCMFrequentlyHitThresholdReport"/>
  <testcase name="verifyAdvancedSearchInReportManagerPage" time="28.738" classname="com.tetherfi.test.reports.OCMFrequentlyHitThresholdReport"/>
  <testcase name="ClearfiltersAdvSrch" time="25.420" classname="com.tetherfi.test.reports.OCMFrequentlyHitThresholdReport"/>
  <testcase name="verifyAdvancedSearchANDCriteria" time="36.699" classname="com.tetherfi.test.reports.OCMFrequentlyHitThresholdReport"/>
  <testcase name="verifyAdvancedSearchORCriteria" time="39.733" classname="com.tetherfi.test.reports.OCMFrequentlyHitThresholdReport"/>
  <testcase name="GroupBy" time="27.621" classname="com.tetherfi.test.reports.OCMFrequentlyHitThresholdReport"/>
</testsuite> <!-- com.tetherfi.test.reports.OCMFrequentlyHitThresholdReport -->
