<?xml version="1.0" encoding="UTF-8"?>
<!-- Generated by org.testng.reporters.JUnitReportReporter -->
<testsuite hostname="DESKTOP-O6A5C2O" failures="2" tests="47" name="com.tetherfi.test.ivr.VIPListManagementTest" time="792.702" errors="2" timestamp="2019-11-12T10:42:13 IST" skipped="0">
  <testcase classname="com.tetherfi.test.ivr.VIPListManagementTest" name="VIPListManagementPage" time="7.969"/>
  <testcase classname="com.tetherfi.test.ivr.VIPListManagementTest" name="VerifyDropdownForAllTheColumns" time="26.651"/>
  <testcase classname="com.tetherfi.test.ivr.VIPListManagementTest" name="VerifyColumnsHeaderEnable" time="15.790"/>
  <testcase classname="com.tetherfi.test.ivr.VIPListManagementTest" name="VerifyColumnsHeaderDisable" time="18.555"/>
  <testcase classname="com.tetherfi.test.ivr.VIPListManagementTest" name="AddNewVIPListRecord" time="15.886"/>
  <testcase classname="com.tetherfi.test.ivr.VIPListManagementTest" name="AddDuplicateVIPListRecord" time="14.134"/>
  <testcase classname="com.tetherfi.test.ivr.VIPListManagementTest" name="VerifyAuditTrialReportForCreate" time="33.521">
    <failure message="did not expect to find [true] but found [false]" type="java.lang.AssertionError">
      <![CDATA[java.lang.AssertionError: did not expect to find [true] but found [false]
at org.testng.Assert.fail(Assert.java:97)
at org.testng.Assert.failNotEquals(Assert.java:969)
at org.testng.Assert.assertTrue(Assert.java:43)
at org.testng.Assert.assertTrue(Assert.java:53)
at com.tetherfi.test.ivr.VIPListManagementTest.VerifyAuditTrialReportForCreate(VIPListManagementTest.java:111)
at java.base/jdk.internal.reflect.NativeMethodAccessorImpl.invoke0(Native Method)
at java.base/jdk.internal.reflect.NativeMethodAccessorImpl.invoke(Unknown Source)
at java.base/jdk.internal.reflect.DelegatingMethodAccessorImpl.invoke(Unknown Source)
at java.base/java.lang.reflect.Method.invoke(Unknown Source)
at org.testng.internal.MethodInvocationHelper.invokeMethod(MethodInvocationHelper.java:133)
at org.testng.internal.TestInvoker.invokeMethod(TestInvoker.java:584)
at org.testng.internal.TestInvoker.invokeTestMethod(TestInvoker.java:172)
at org.testng.internal.MethodRunner.runInSequence(MethodRunner.java:46)
at org.testng.internal.TestInvoker$MethodInvocationAgent.invoke(TestInvoker.java:804)
at org.testng.internal.TestInvoker.invokeTestMethods(TestInvoker.java:145)
at org.testng.internal.TestMethodWorker.invokeTestMethods(TestMethodWorker.java:146)
at org.testng.internal.TestMethodWorker.run(TestMethodWorker.java:128)
at java.base/java.util.ArrayList.forEach(Unknown Source)
at org.testng.TestRunner.privateRun(TestRunner.java:770)
at org.testng.TestRunner.run(TestRunner.java:591)
at org.testng.SuiteRunner.runTest(SuiteRunner.java:402)
at org.testng.SuiteRunner.runSequentially(SuiteRunner.java:396)
at org.testng.SuiteRunner.privateRun(SuiteRunner.java:355)
at org.testng.SuiteRunner.run(SuiteRunner.java:304)
at org.testng.SuiteRunnerWorker.runSuite(SuiteRunnerWorker.java:53)
at org.testng.SuiteRunnerWorker.run(SuiteRunnerWorker.java:96)
at org.testng.TestNG.runSuitesSequentially(TestNG.java:1180)
at org.testng.TestNG.runSuitesLocally(TestNG.java:1102)
at org.testng.TestNG.runSuites(TestNG.java:1032)
at org.testng.TestNG.run(TestNG.java:1000)
at org.testng.remote.AbstractRemoteTestNG.run(AbstractRemoteTestNG.java:115)
at org.testng.remote.RemoteTestNG.initAndRun(RemoteTestNG.java:251)
at org.testng.remote.RemoteTestNG.main(RemoteTestNG.java:77)
]]>
    </failure>
  </testcase> <!-- VerifyAuditTrialReportForCreate -->
  <testcase classname="com.tetherfi.test.ivr.VIPListManagementTest" name="AddEmptyRecord" time="7.546"/>
  <testcase classname="com.tetherfi.test.ivr.VIPListManagementTest" name="AddRecordWithoutCallerID" time="14.401"/>
  <testcase classname="com.tetherfi.test.ivr.VIPListManagementTest" name="AddRecordWithoutEmailId" time="14.663"/>
  <testcase classname="com.tetherfi.test.ivr.VIPListManagementTest" name="AddRecordWithoutFBHandle" time="13.734"/>
  <testcase classname="com.tetherfi.test.ivr.VIPListManagementTest" name="AddRecordWithoutMessengerID" time="14.804"/>
  <testcase classname="com.tetherfi.test.ivr.VIPListManagementTest" name="AddRecordWithoutCustomerIDType" time="13.993"/>
  <testcase classname="com.tetherfi.test.ivr.VIPListManagementTest" name="AddRecordWithoutCustomerIDNo" time="14.629"/>
  <testcase classname="com.tetherfi.test.ivr.VIPListManagementTest" name="AddRecordWithoutCountry" time="14.284"/>
  <testcase classname="com.tetherfi.test.ivr.VIPListManagementTest" name="AddRecordWithoutContactType" time="13.417"/>
  <testcase classname="com.tetherfi.test.ivr.VIPListManagementTest" name="AddRecordWithoutInclusionFlag" time="13.626"/>
  <testcase classname="com.tetherfi.test.ivr.VIPListManagementTest" name="AddRecordWithoutExclusionFlag" time="13.349"/>
  <testcase classname="com.tetherfi.test.ivr.VIPListManagementTest" name="AddRecordWithoutOtherData" time="14.510"/>
  <testcase classname="com.tetherfi.test.ivr.VIPListManagementTest" name="VerifySearchIsNotEqualTo" time="16.629"/>
  <testcase classname="com.tetherfi.test.ivr.VIPListManagementTest" name="VerifySearchContains" time="11.816"/>
  <testcase classname="com.tetherfi.test.ivr.VIPListManagementTest" name="VerifySearchDoesNotContains" time="17.940"/>
  <testcase classname="com.tetherfi.test.ivr.VIPListManagementTest" name="VerifySearchStartsWith" time="14.010"/>
  <testcase classname="com.tetherfi.test.ivr.VIPListManagementTest" name="VerifySearchEndsWith" time="18.401"/>
  <testcase classname="com.tetherfi.test.ivr.VIPListManagementTest" name="VerifyCancelBtnAtAddRecord" time="48.917"/>
  <testcase classname="com.tetherfi.test.ivr.VIPListManagementTest" name="EditVIPListRecord" time="13.431"/>
  <testcase classname="com.tetherfi.test.ivr.VIPListManagementTest" name="VerifyAuditTrialReportForUpdate" time="33.354">
    <error type="java.lang.NullPointerException">
      <![CDATA[java.lang.NullPointerException
at com.tetherfi.pages.OCMReportsPage.verifyVIPListManagementUpdate(OCMReportsPage.java:3423)
at com.tetherfi.test.ivr.VIPListManagementTest.VerifyAuditTrialReportForUpdate(VIPListManagementTest.java:309)
at java.base/jdk.internal.reflect.NativeMethodAccessorImpl.invoke0(Native Method)
at java.base/jdk.internal.reflect.NativeMethodAccessorImpl.invoke(Unknown Source)
at java.base/jdk.internal.reflect.DelegatingMethodAccessorImpl.invoke(Unknown Source)
at java.base/java.lang.reflect.Method.invoke(Unknown Source)
at org.testng.internal.MethodInvocationHelper.invokeMethod(MethodInvocationHelper.java:133)
at org.testng.internal.TestInvoker.invokeMethod(TestInvoker.java:584)
at org.testng.internal.TestInvoker.invokeTestMethod(TestInvoker.java:172)
at org.testng.internal.MethodRunner.runInSequence(MethodRunner.java:46)
at org.testng.internal.TestInvoker$MethodInvocationAgent.invoke(TestInvoker.java:804)
at org.testng.internal.TestInvoker.invokeTestMethods(TestInvoker.java:145)
at org.testng.internal.TestMethodWorker.invokeTestMethods(TestMethodWorker.java:146)
at org.testng.internal.TestMethodWorker.run(TestMethodWorker.java:128)
at java.base/java.util.ArrayList.forEach(Unknown Source)
at org.testng.TestRunner.privateRun(TestRunner.java:770)
at org.testng.TestRunner.run(TestRunner.java:591)
at org.testng.SuiteRunner.runTest(SuiteRunner.java:402)
at org.testng.SuiteRunner.runSequentially(SuiteRunner.java:396)
at org.testng.SuiteRunner.privateRun(SuiteRunner.java:355)
at org.testng.SuiteRunner.run(SuiteRunner.java:304)
at org.testng.SuiteRunnerWorker.runSuite(SuiteRunnerWorker.java:53)
at org.testng.SuiteRunnerWorker.run(SuiteRunnerWorker.java:96)
at org.testng.TestNG.runSuitesSequentially(TestNG.java:1180)
at org.testng.TestNG.runSuitesLocally(TestNG.java:1102)
at org.testng.TestNG.runSuites(TestNG.java:1032)
at org.testng.TestNG.run(TestNG.java:1000)
at org.testng.remote.AbstractRemoteTestNG.run(AbstractRemoteTestNG.java:115)
at org.testng.remote.RemoteTestNG.initAndRun(RemoteTestNG.java:251)
at org.testng.remote.RemoteTestNG.main(RemoteTestNG.java:77)
]]>
    </error>
  </testcase> <!-- VerifyAuditTrialReportForUpdate -->
  <testcase classname="com.tetherfi.test.ivr.VIPListManagementTest" name="EditWithoutModifyReasonRecord" time="12.478"/>
  <testcase classname="com.tetherfi.test.ivr.VIPListManagementTest" name="VerifyCancelBtnAtEditConfigRecord" time="56.166"/>
  <testcase classname="com.tetherfi.test.ivr.VIPListManagementTest" name="searchPage" time="11.212"/>
  <testcase classname="com.tetherfi.test.ivr.VIPListManagementTest" name="searchwithoutSearchTextbox" time="10.219"/>
  <testcase classname="com.tetherfi.test.ivr.VIPListManagementTest" name="ExportToExcel" time="8.710"/>
  <testcase classname="com.tetherfi.test.ivr.VIPListManagementTest" name="ExportToExcelData" time="10.962"/>
  <testcase classname="com.tetherfi.test.ivr.VIPListManagementTest" name="DeleteWithoutDeleteReasonRecord" time="10.812"/>
  <testcase classname="com.tetherfi.test.ivr.VIPListManagementTest" name="VerifyCancelBtnAtDeleteVIPListRecord" time="53.833"/>
  <testcase classname="com.tetherfi.test.ivr.VIPListManagementTest" name="DeleteVIPListRecord" time="11.472"/>
  <testcase classname="com.tetherfi.test.ivr.VIPListManagementTest" name="VerifyAuditTrialReportForDelete" time="32.062"/>
  <testcase classname="com.tetherfi.test.ivr.VIPListManagementTest" name="SearchClearSearch" time="11.261">
    <error message="stale element reference: element is not attached to the page document
  (Session info: chrome=78.0.3904.97)
For documentation on this error, please visit: https://www.seleniumhq.org/exceptions/stale_element_reference.html
Build info: version: &#039;3.141.59&#039;, revision: &#039;e82be7d358&#039;, time: &#039;2018-11-14T08:17:03&#039;
System info: host: &#039;DESKTOP-O6A5C2O&#039;, ip: &#039;10.0.75.1&#039;, os.name: &#039;Windows 10&#039;, os.arch: &#039;amd64&#039;, os.version: &#039;10.0&#039;, java.version: &#039;9.0.4&#039;
Driver info: org.openqa.selenium.chrome.ChromeDriver
Capabilities {acceptInsecureCerts: false, browserName: chrome, browserVersion: 78.0.3904.97, chrome: {chromedriverVersion: 78.0.3904.70 (edb9c9f3de024..., userDataDir: C:\Users\admin\AppData\Loca...}, goog:chromeOptions: {debuggerAddress: localhost:64319}, javascriptEnabled: true, networkConnectionEnabled: false, pageLoadStrategy: normal, platform: XP, platformName: XP, proxy: Proxy(), setWindowRect: true, strictFileInteractability: false, timeouts: {implicit: 0, pageLoad: 300000, script: 30000}, unhandledPromptBehavior: dismiss and notify}
Session ID: efb82c0ff4bd828973e9396243930f5d" type="org.openqa.selenium.StaleElementReferenceException">
      <![CDATA[org.openqa.selenium.StaleElementReferenceException: stale element reference: element is not attached to the page document
  (Session info: chrome=78.0.3904.97)
For documentation on this error, please visit: https://www.seleniumhq.org/exceptions/stale_element_reference.html
Build info: version: '3.141.59', revision: 'e82be7d358', time: '2018-11-14T08:17:03'
System info: host: 'DESKTOP-O6A5C2O', ip: '10.0.75.1', os.name: 'Windows 10', os.arch: 'amd64', os.version: '10.0', java.version: '9.0.4'
Driver info: org.openqa.selenium.chrome.ChromeDriver
Capabilities {acceptInsecureCerts: false, browserName: chrome, browserVersion: 78.0.3904.97, chrome: {chromedriverVersion: 78.0.3904.70 (edb9c9f3de024..., userDataDir: C:\Users\admin\AppData\Loca...}, goog:chromeOptions: {debuggerAddress: localhost:64319}, javascriptEnabled: true, networkConnectionEnabled: false, pageLoadStrategy: normal, platform: XP, platformName: XP, proxy: Proxy(), setWindowRect: true, strictFileInteractability: false, timeouts: {implicit: 0, pageLoad: 300000, script: 30000}, unhandledPromptBehavior: dismiss and notify}
Session ID: efb82c0ff4bd828973e9396243930f5d
at java.base/jdk.internal.reflect.NativeConstructorAccessorImpl.newInstance0(Native Method)
at java.base/jdk.internal.reflect.NativeConstructorAccessorImpl.newInstance(Unknown Source)
at java.base/jdk.internal.reflect.DelegatingConstructorAccessorImpl.newInstance(Unknown Source)
at java.base/java.lang.reflect.Constructor.newInstance(Unknown Source)
at org.openqa.selenium.remote.http.W3CHttpResponseCodec.createException(W3CHttpResponseCodec.java:187)
at org.openqa.selenium.remote.http.W3CHttpResponseCodec.decode(W3CHttpResponseCodec.java:122)
at org.openqa.selenium.remote.http.W3CHttpResponseCodec.decode(W3CHttpResponseCodec.java:49)
at org.openqa.selenium.remote.HttpCommandExecutor.execute(HttpCommandExecutor.java:158)
at org.openqa.selenium.remote.service.DriverCommandExecutor.execute(DriverCommandExecutor.java:83)
at org.openqa.selenium.remote.RemoteWebDriver.execute(RemoteWebDriver.java:552)
at org.openqa.selenium.remote.RemoteWebElement.execute(RemoteWebElement.java:285)
at org.openqa.selenium.remote.RemoteWebElement.isDisplayed(RemoteWebElement.java:326)
at jdk.internal.reflect.GeneratedMethodAccessor1.invoke(Unknown Source)
at java.base/jdk.internal.reflect.DelegatingMethodAccessorImpl.invoke(Unknown Source)
at java.base/java.lang.reflect.Method.invoke(Unknown Source)
at org.openqa.selenium.support.pagefactory.internal.LocatingElementHandler.invoke(LocatingElementHandler.java:51)
at com.sun.proxy.$Proxy16.isDisplayed(Unknown Source)
at com.tetherfi.pages.VipListManagementPage.verifyinvalidsearchwithwrongdata(VipListManagementPage.java:615)
at com.tetherfi.test.ivr.VIPListManagementTest.SearchClearSearch(VIPListManagementTest.java:415)
at java.base/jdk.internal.reflect.NativeMethodAccessorImpl.invoke0(Native Method)
at java.base/jdk.internal.reflect.NativeMethodAccessorImpl.invoke(Unknown Source)
at java.base/jdk.internal.reflect.DelegatingMethodAccessorImpl.invoke(Unknown Source)
at java.base/java.lang.reflect.Method.invoke(Unknown Source)
at org.testng.internal.MethodInvocationHelper.invokeMethod(MethodInvocationHelper.java:133)
at org.testng.internal.TestInvoker.invokeMethod(TestInvoker.java:584)
at org.testng.internal.TestInvoker.invokeTestMethod(TestInvoker.java:172)
at org.testng.internal.MethodRunner.runInSequence(MethodRunner.java:46)
at org.testng.internal.TestInvoker$MethodInvocationAgent.invoke(TestInvoker.java:804)
at org.testng.internal.TestInvoker.invokeTestMethods(TestInvoker.java:145)
at org.testng.internal.TestMethodWorker.invokeTestMethods(TestMethodWorker.java:146)
at org.testng.internal.TestMethodWorker.run(TestMethodWorker.java:128)
at java.base/java.util.ArrayList.forEach(Unknown Source)
at org.testng.TestRunner.privateRun(TestRunner.java:770)
at org.testng.TestRunner.run(TestRunner.java:591)
at org.testng.SuiteRunner.runTest(SuiteRunner.java:402)
at org.testng.SuiteRunner.runSequentially(SuiteRunner.java:396)
at org.testng.SuiteRunner.privateRun(SuiteRunner.java:355)
at org.testng.SuiteRunner.run(SuiteRunner.java:304)
at org.testng.SuiteRunnerWorker.runSuite(SuiteRunnerWorker.java:53)
at org.testng.SuiteRunnerWorker.run(SuiteRunnerWorker.java:96)
at org.testng.TestNG.runSuitesSequentially(TestNG.java:1180)
at org.testng.TestNG.runSuitesLocally(TestNG.java:1102)
at org.testng.TestNG.runSuites(TestNG.java:1032)
at org.testng.TestNG.run(TestNG.java:1000)
at org.testng.remote.AbstractRemoteTestNG.run(AbstractRemoteTestNG.java:115)
at org.testng.remote.RemoteTestNG.initAndRun(RemoteTestNG.java:251)
at org.testng.remote.RemoteTestNG.main(RemoteTestNG.java:77)
]]>
    </error>
  </testcase> <!-- SearchClearSearch -->
  <testcase classname="com.tetherfi.test.ivr.VIPListManagementTest" name="ExporttoExcelWithoutData" time="12.680"/>
  <testcase classname="com.tetherfi.test.ivr.VIPListManagementTest" name="SortingByAscending" time="13.289"/>
  <testcase classname="com.tetherfi.test.ivr.VIPListManagementTest" name="SortingByDescending" time="13.076"/>
  <testcase classname="com.tetherfi.test.ivr.VIPListManagementTest" name="GroupBy" time="10.302"/>
  <testcase classname="com.tetherfi.test.ivr.VIPListManagementTest" name="VerifyArrowMoveForPreviousAndNextPage" time="5.781"/>
  <testcase classname="com.tetherfi.test.ivr.VIPListManagementTest" name="VerifyArrowMoveForFirstAndLastPage" time="6.213"/>
  <testcase classname="com.tetherfi.test.ivr.VIPListManagementTest" name="VerifyTotalNumberOfItemsPerPageDetails" time="6.843"/>
  <testcase classname="com.tetherfi.test.ivr.VIPListManagementTest" name="VerifyNumberOfItemsPerPageSelection" time="11.805"/>
  <testcase classname="com.tetherfi.test.ivr.VIPListManagementTest" name="database" time="13.566">
    <failure message="did not expect to find [true] but found [false]" type="java.lang.AssertionError">
      <![CDATA[java.lang.AssertionError: did not expect to find [true] but found [false]
at org.testng.Assert.fail(Assert.java:97)
at org.testng.Assert.failNotEquals(Assert.java:969)
at org.testng.Assert.assertTrue(Assert.java:43)
at org.testng.Assert.assertTrue(Assert.java:53)
at com.tetherfi.test.ivr.VIPListManagementTest.database(VIPListManagementTest.java:488)
at java.base/jdk.internal.reflect.NativeMethodAccessorImpl.invoke0(Native Method)
at java.base/jdk.internal.reflect.NativeMethodAccessorImpl.invoke(Unknown Source)
at java.base/jdk.internal.reflect.DelegatingMethodAccessorImpl.invoke(Unknown Source)
at java.base/java.lang.reflect.Method.invoke(Unknown Source)
at org.testng.internal.MethodInvocationHelper.invokeMethod(MethodInvocationHelper.java:133)
at org.testng.internal.TestInvoker.invokeMethod(TestInvoker.java:584)
at org.testng.internal.TestInvoker.invokeTestMethod(TestInvoker.java:172)
at org.testng.internal.MethodRunner.runInSequence(MethodRunner.java:46)
at org.testng.internal.TestInvoker$MethodInvocationAgent.invoke(TestInvoker.java:804)
at org.testng.internal.TestInvoker.invokeTestMethods(TestInvoker.java:145)
at org.testng.internal.TestMethodWorker.invokeTestMethods(TestMethodWorker.java:146)
at org.testng.internal.TestMethodWorker.run(TestMethodWorker.java:128)
at java.base/java.util.ArrayList.forEach(Unknown Source)
at org.testng.TestRunner.privateRun(TestRunner.java:770)
at org.testng.TestRunner.run(TestRunner.java:591)
at org.testng.SuiteRunner.runTest(SuiteRunner.java:402)
at org.testng.SuiteRunner.runSequentially(SuiteRunner.java:396)
at org.testng.SuiteRunner.privateRun(SuiteRunner.java:355)
at org.testng.SuiteRunner.run(SuiteRunner.java:304)
at org.testng.SuiteRunnerWorker.runSuite(SuiteRunnerWorker.java:53)
at org.testng.SuiteRunnerWorker.run(SuiteRunnerWorker.java:96)
at org.testng.TestNG.runSuitesSequentially(TestNG.java:1180)
at org.testng.TestNG.runSuitesLocally(TestNG.java:1102)
at org.testng.TestNG.runSuites(TestNG.java:1032)
at org.testng.TestNG.run(TestNG.java:1000)
at org.testng.remote.AbstractRemoteTestNG.run(AbstractRemoteTestNG.java:115)
at org.testng.remote.RemoteTestNG.initAndRun(RemoteTestNG.java:251)
at org.testng.remote.RemoteTestNG.main(RemoteTestNG.java:77)
]]>
    </failure>
  </testcase> <!-- database -->
</testsuite> <!-- com.tetherfi.test.ivr.VIPListManagementTest -->
