<?xml version="1.0" encoding="UTF-8"?>
<!-- Generated by org.testng.reporters.JUnitReportReporter -->
<testsuite skipped="0" hostname="TTF-BLR-SANTOSHKOUJALAGI" name="com.tetherfi.test.ivr.MenuDescriptionMappingTest" tests="39" failures="0" timestamp="2021-08-02T16:33:29 IST" time="2418.043" errors="0">
  <testcase name="MenuDescriptionMappingPage" time="35.065" classname="com.tetherfi.test.ivr.MenuDescriptionMappingTest"/>
  <testcase name="VerifyDropdownForAllTheColumns" time="44.054" classname="com.tetherfi.test.ivr.MenuDescriptionMappingTest"/>
  <testcase name="VerifyColumnsHeaderEnable" time="33.712" classname="com.tetherfi.test.ivr.MenuDescriptionMappingTest"/>
  <testcase name="VerifyColumnsHeaderDisable" time="40.577" classname="com.tetherfi.test.ivr.MenuDescriptionMappingTest"/>
  <testcase name="AddNewMenuDescriptionMappingRecord" time="56.348" classname="com.tetherfi.test.ivr.MenuDescriptionMappingTest"/>
  <testcase name="AddDuplicateMenuDescriptionMappingRecord" time="21.541" classname="com.tetherfi.test.ivr.MenuDescriptionMappingTest"/>
  <testcase name="VerifyAuditTrialReportForCreate" time="90.341" classname="com.tetherfi.test.ivr.MenuDescriptionMappingTest"/>
  <testcase name="AddEmptyRecord" time="33.483" classname="com.tetherfi.test.ivr.MenuDescriptionMappingTest"/>
  <testcase name="AddRecordWithoutMenuID" time="26.887" classname="com.tetherfi.test.ivr.MenuDescriptionMappingTest"/>
  <testcase name="AddRecordWithoutMenuName" time="51.478" classname="com.tetherfi.test.ivr.MenuDescriptionMappingTest"/>
  <testcase name="AddRecordWithoutIntent" time="20.982" classname="com.tetherfi.test.ivr.MenuDescriptionMappingTest"/>
  <testcase name="VerifyCancelBtnAtAddRecord" time="34.993" classname="com.tetherfi.test.ivr.MenuDescriptionMappingTest"/>
  <testcase name="EditMenuDescriptionMappingRecord" time="36.860" classname="com.tetherfi.test.ivr.MenuDescriptionMappingTest"/>
  <testcase name="VerifyAuditTrialReportForUpdate" time="109.682" classname="com.tetherfi.test.ivr.MenuDescriptionMappingTest"/>
  <testcase name="EditWithoutModifyReasonRecord" time="36.185" classname="com.tetherfi.test.ivr.MenuDescriptionMappingTest"/>
  <testcase name="VerifyCancelBtnAtEditRecord" time="59.629" classname="com.tetherfi.test.ivr.MenuDescriptionMappingTest"/>
  <testcase name="searchPage" time="41.273" classname="com.tetherfi.test.ivr.MenuDescriptionMappingTest"/>
  <testcase name="VerifySearchIsNotEqualTo" time="253.823" classname="com.tetherfi.test.ivr.MenuDescriptionMappingTest"/>
  <testcase name="VerifySearchContains" time="15.465" classname="com.tetherfi.test.ivr.MenuDescriptionMappingTest"/>
  <testcase name="VerifySearchDoesNotContains" time="144.857" classname="com.tetherfi.test.ivr.MenuDescriptionMappingTest"/>
  <testcase name="VerifySearchStartsWith" time="19.015" classname="com.tetherfi.test.ivr.MenuDescriptionMappingTest"/>
  <testcase name="VerifySearchEndsWith" time="44.898" classname="com.tetherfi.test.ivr.MenuDescriptionMappingTest"/>
  <testcase name="searchwithoutSearchTextbox" time="30.039" classname="com.tetherfi.test.ivr.MenuDescriptionMappingTest"/>
  <testcase name="ExportToExcel" time="29.299" classname="com.tetherfi.test.ivr.MenuDescriptionMappingTest"/>
  <testcase name="ExportToExcelData" time="106.919" classname="com.tetherfi.test.ivr.MenuDescriptionMappingTest"/>
  <testcase name="DeleteWithoutDeleteReasonRecord" time="48.701" classname="com.tetherfi.test.ivr.MenuDescriptionMappingTest"/>
  <testcase name="VerifyCancelBtnAtDeleteMenuDescriptionMappingRecord" time="37.170" classname="com.tetherfi.test.ivr.MenuDescriptionMappingTest"/>
  <testcase name="DeleteMenuDescriptionMappingRecord" time="28.854" classname="com.tetherfi.test.ivr.MenuDescriptionMappingTest"/>
  <testcase name="VerifyAuditTrialReportForDelete" time="41.298" classname="com.tetherfi.test.ivr.MenuDescriptionMappingTest"/>
  <testcase name="SearchClearSearch" time="14.718" classname="com.tetherfi.test.ivr.MenuDescriptionMappingTest"/>
  <testcase name="ExporttoExcelWithoutData" time="16.095" classname="com.tetherfi.test.ivr.MenuDescriptionMappingTest"/>
  <testcase name="SortingByAscending" time="114.303" classname="com.tetherfi.test.ivr.MenuDescriptionMappingTest"/>
  <testcase name="SortingByDescending" time="150.364" classname="com.tetherfi.test.ivr.MenuDescriptionMappingTest"/>
  <testcase name="GroupBy" time="21.762" classname="com.tetherfi.test.ivr.MenuDescriptionMappingTest"/>
  <testcase name="VerifyArrowMoveForPreviousAndNextPage" time="21.985" classname="com.tetherfi.test.ivr.MenuDescriptionMappingTest"/>
  <testcase name="VerifyArrowMoveForFirstAndLastPage" time="16.190" classname="com.tetherfi.test.ivr.MenuDescriptionMappingTest"/>
  <testcase name="VerifyTotalNumberOfItemsPerPageDetails" time="13.207" classname="com.tetherfi.test.ivr.MenuDescriptionMappingTest"/>
  <testcase name="VerifyNumberOfItemsPerPageSelection" time="46.817" classname="com.tetherfi.test.ivr.MenuDescriptionMappingTest"/>
  <testcase name="database" time="429.174" classname="com.tetherfi.test.ivr.MenuDescriptionMappingTest"/>
</testsuite> <!-- com.tetherfi.test.ivr.MenuDescriptionMappingTest -->
