<?xml version="1.0" encoding="UTF-8"?>
<!-- Generated by org.testng.reporters.JUnitReportReporter -->
<testsuite skipped="32" hostname="LAPTOP-NKH1C2HF" name="com.tetherfi.test.tmac.TmacBroadCastMsgTest" tests="33" failures="1" timestamp="2021-05-14T18:43:16 IST" time="16.640" errors="0">
  <testcase name="AddNewAgentTeamManagementRecord" time="16.640" classname="com.tetherfi.test.tmac.TmacBroadCastMsgTest">
    <failure type="java.lang.AssertionError" message="Add New record assertion failed did not expect to find [true] but found [false]">
      <![CDATA[java.lang.AssertionError: Add New record assertion failed did not expect to find [true] but found [false]
at org.testng.Assert.fail(Assert.java:97)
at org.testng.Assert.failNotEquals(Assert.java:969)
at org.testng.Assert.assertTrue(Assert.java:43)
at com.tetherfi.test.tmac.TmacBroadCastMsgTest.AddNewAgentTeamManagementRecord(TmacBroadCastMsgTest.java:37)
at sun.reflect.NativeMethodAccessorImpl.invoke0(Native Method)
at sun.reflect.NativeMethodAccessorImpl.invoke(Unknown Source)
at sun.reflect.DelegatingMethodAccessorImpl.invoke(Unknown Source)
at java.lang.reflect.Method.invoke(Unknown Source)
at org.testng.internal.MethodInvocationHelper.invokeMethod(MethodInvocationHelper.java:133)
at org.testng.internal.MethodInvocationHelper.invokeMethodConsideringTimeout(MethodInvocationHelper.java:62)
at org.testng.internal.ConfigInvoker.invokeConfigurationMethod(ConfigInvoker.java:340)
at org.testng.internal.ConfigInvoker.invokeConfigurations(ConfigInvoker.java:294)
at org.testng.internal.TestMethodWorker.invokeBeforeClassMethods(TestMethodWorker.java:176)
at org.testng.internal.TestMethodWorker.run(TestMethodWorker.java:122)
at java.util.ArrayList.forEach(Unknown Source)
at org.testng.TestRunner.privateRun(TestRunner.java:770)
at org.testng.TestRunner.run(TestRunner.java:591)
at org.testng.SuiteRunner.runTest(SuiteRunner.java:402)
at org.testng.SuiteRunner.runSequentially(SuiteRunner.java:396)
at org.testng.SuiteRunner.privateRun(SuiteRunner.java:355)
at org.testng.SuiteRunner.run(SuiteRunner.java:304)
at org.testng.SuiteRunnerWorker.runSuite(SuiteRunnerWorker.java:53)
at org.testng.SuiteRunnerWorker.run(SuiteRunnerWorker.java:96)
at org.testng.TestNG.runSuitesSequentially(TestNG.java:1180)
at org.testng.TestNG.runSuitesLocally(TestNG.java:1102)
at org.testng.TestNG.runSuites(TestNG.java:1032)
at org.testng.TestNG.run(TestNG.java:1000)
at org.testng.remote.AbstractRemoteTestNG.run(AbstractRemoteTestNG.java:115)
at org.testng.remote.RemoteTestNG.initAndRun(RemoteTestNG.java:251)
at org.testng.remote.RemoteTestNG.main(RemoteTestNG.java:77)
]]>
    </failure>
  </testcase> <!-- AddNewAgentTeamManagementRecord -->
  <testcase name="TmacBroadCastMsgPage" time="0.000" classname="com.tetherfi.test.tmac.TmacBroadCastMsgTest">
    <skipped/>
  </testcase> <!-- TmacBroadCastMsgPage -->
  <testcase name="AddNewTmacBroadCastMsgCancel" time="0.000" classname="com.tetherfi.test.tmac.TmacBroadCastMsgTest">
    <skipped/>
  </testcase> <!-- AddNewTmacBroadCastMsgCancel -->
  <testcase name="AddNewTmacBroadCastMsg" time="0.000" classname="com.tetherfi.test.tmac.TmacBroadCastMsgTest">
    <skipped/>
  </testcase> <!-- AddNewTmacBroadCastMsg -->
  <testcase name="VerifyAuditTrialReportForCreate" time="0.000" classname="com.tetherfi.test.tmac.TmacBroadCastMsgTest">
    <skipped/>
  </testcase> <!-- VerifyAuditTrialReportForCreate -->
  <testcase name="AddDuplicateRecord" time="0.000" classname="com.tetherfi.test.tmac.TmacBroadCastMsgTest">
    <skipped/>
  </testcase> <!-- AddDuplicateRecord -->
  <testcase name="AddRecordWithoutMesage" time="0.000" classname="com.tetherfi.test.tmac.TmacBroadCastMsgTest">
    <skipped/>
  </testcase> <!-- AddRecordWithoutMesage -->
  <testcase name="AddRecordwithoutStatus" time="0.000" classname="com.tetherfi.test.tmac.TmacBroadCastMsgTest">
    <skipped/>
  </testcase> <!-- AddRecordwithoutStatus -->
  <testcase name="AddRecordWithoutTeamName" time="0.000" classname="com.tetherfi.test.tmac.TmacBroadCastMsgTest">
    <skipped/>
  </testcase> <!-- AddRecordWithoutTeamName -->
  <testcase name="EditTmacBroadCastMsgCancel" time="0.000" classname="com.tetherfi.test.tmac.TmacBroadCastMsgTest">
    <skipped/>
  </testcase> <!-- EditTmacBroadCastMsgCancel -->
  <testcase name="EditTmacBroadCastMsg" time="0.000" classname="com.tetherfi.test.tmac.TmacBroadCastMsgTest">
    <skipped/>
  </testcase> <!-- EditTmacBroadCastMsg -->
  <testcase name="VerifyAuditTrailReportForUpdate" time="0.000" classname="com.tetherfi.test.tmac.TmacBroadCastMsgTest">
    <skipped/>
  </testcase> <!-- VerifyAuditTrailReportForUpdate -->
  <testcase name="VerifySearchIsNotEqualTo" time="0.000" classname="com.tetherfi.test.tmac.TmacBroadCastMsgTest">
    <skipped/>
  </testcase> <!-- VerifySearchIsNotEqualTo -->
  <testcase name="VerifySearchContains" time="0.000" classname="com.tetherfi.test.tmac.TmacBroadCastMsgTest">
    <skipped/>
  </testcase> <!-- VerifySearchContains -->
  <testcase name="VerifySearchDoesNotContains" time="0.000" classname="com.tetherfi.test.tmac.TmacBroadCastMsgTest">
    <skipped/>
  </testcase> <!-- VerifySearchDoesNotContains -->
  <testcase name="VerifySearchStartsWith" time="0.000" classname="com.tetherfi.test.tmac.TmacBroadCastMsgTest">
    <skipped/>
  </testcase> <!-- VerifySearchStartsWith -->
  <testcase name="VerifySearchEndsWith" time="0.000" classname="com.tetherfi.test.tmac.TmacBroadCastMsgTest">
    <skipped/>
  </testcase> <!-- VerifySearchEndsWith -->
  <testcase name="searchPage" time="0.000" classname="com.tetherfi.test.tmac.TmacBroadCastMsgTest">
    <skipped/>
  </testcase> <!-- searchPage -->
  <testcase name="SearchClearSearch" time="0.000" classname="com.tetherfi.test.tmac.TmacBroadCastMsgTest">
    <skipped/>
  </testcase> <!-- SearchClearSearch -->
  <testcase name="ExportToExcel" time="0.000" classname="com.tetherfi.test.tmac.TmacBroadCastMsgTest">
    <skipped/>
  </testcase> <!-- ExportToExcel -->
  <testcase name="ExportToExcelData" time="0.000" classname="com.tetherfi.test.tmac.TmacBroadCastMsgTest">
    <skipped/>
  </testcase> <!-- ExportToExcelData -->
  <testcase name="database" time="0.000" classname="com.tetherfi.test.tmac.TmacBroadCastMsgTest">
    <skipped/>
  </testcase> <!-- database -->
  <testcase name="GroupBy" time="0.000" classname="com.tetherfi.test.tmac.TmacBroadCastMsgTest">
    <skipped/>
  </testcase> <!-- GroupBy -->
  <testcase name="VerifyArrowMoveForPreviousAndNextPage" time="0.000" classname="com.tetherfi.test.tmac.TmacBroadCastMsgTest">
    <skipped/>
  </testcase> <!-- VerifyArrowMoveForPreviousAndNextPage -->
  <testcase name="VerifyArrowMoveForFirstAndLastPage" time="0.000" classname="com.tetherfi.test.tmac.TmacBroadCastMsgTest">
    <skipped/>
  </testcase> <!-- VerifyArrowMoveForFirstAndLastPage -->
  <testcase name="VerifyTotalNumberOfItemsPerPageDetails" time="0.000" classname="com.tetherfi.test.tmac.TmacBroadCastMsgTest">
    <skipped/>
  </testcase> <!-- VerifyTotalNumberOfItemsPerPageDetails -->
  <testcase name="VerifyNumberOfItemsPerPageSelection" time="0.000" classname="com.tetherfi.test.tmac.TmacBroadCastMsgTest">
    <skipped/>
  </testcase> <!-- VerifyNumberOfItemsPerPageSelection -->
  <testcase name="VerifyDropdownForAllTheColumns" time="0.000" classname="com.tetherfi.test.tmac.TmacBroadCastMsgTest">
    <skipped/>
  </testcase> <!-- VerifyDropdownForAllTheColumns -->
  <testcase name="VerifyColumnsHeaderEnable" time="0.000" classname="com.tetherfi.test.tmac.TmacBroadCastMsgTest">
    <skipped/>
  </testcase> <!-- VerifyColumnsHeaderEnable -->
  <testcase name="VerifyColumnsHeaderDisable" time="0.000" classname="com.tetherfi.test.tmac.TmacBroadCastMsgTest">
    <skipped/>
  </testcase> <!-- VerifyColumnsHeaderDisable -->
  <testcase name="SortingByAscending" time="0.000" classname="com.tetherfi.test.tmac.TmacBroadCastMsgTest">
    <skipped/>
  </testcase> <!-- SortingByAscending -->
  <testcase name="SortingByDescending" time="0.000" classname="com.tetherfi.test.tmac.TmacBroadCastMsgTest">
    <skipped/>
  </testcase> <!-- SortingByDescending -->
  <testcase name="ExporttoExcelWithoutData" time="0.000" classname="com.tetherfi.test.tmac.TmacBroadCastMsgTest">
    <skipped/>
  </testcase> <!-- ExporttoExcelWithoutData -->
</testsuite> <!-- com.tetherfi.test.tmac.TmacBroadCastMsgTest -->
