<?xml version="1.0" encoding="UTF-8"?>
<!-- Generated by org.testng.reporters.JUnitReportReporter -->
<testsuite hostname="DESKTOP-O6A5C2O" failures="0" tests="25" name="com.tetherfi.test.ivr.HostValueMappingCreateTest" time="1638.137" errors="2" timestamp="2019-11-22T15:33:34 IST" skipped="0">
  <testcase classname="com.tetherfi.test.ivr.HostValueMappingCreateTest" name="VerifyAddCancelButton" time="38.953"/>
  <testcase classname="com.tetherfi.test.ivr.HostValueMappingCreateTest" name="VerifyAddRecordwithoutFunctionality" time="51.349"/>
  <testcase classname="com.tetherfi.test.ivr.HostValueMappingCreateTest" name="VerifyAddRecordWithoutLanguage" time="83.758"/>
  <testcase classname="com.tetherfi.test.ivr.HostValueMappingCreateTest" name="VerifyAddRecordWithoutHostData" time="58.081">
    <error message="Expected condition failed: waiting for visibility of [[ChromeDriver: chrome on XP (175baed351e050d97eb4530948ae1879)] -&gt; css selector: ul[id=&#039;Functionality_listbox&#039;] li] (tried for 20 second(s) with 500 milliseconds interval)
Build info: version: &#039;3.141.59&#039;, revision: &#039;e82be7d358&#039;, time: &#039;2018-11-14T08:17:03&#039;
System info: host: &#039;DESKTOP-O6A5C2O&#039;, ip: &#039;10.0.75.1&#039;, os.name: &#039;Windows 10&#039;, os.arch: &#039;amd64&#039;, os.version: &#039;10.0&#039;, java.version: &#039;9.0.4&#039;
Driver info: org.openqa.selenium.chrome.ChromeDriver
Capabilities {acceptInsecureCerts: false, browserName: chrome, browserVersion: 78.0.3904.108, chrome: {chromedriverVersion: 78.0.3904.70 (edb9c9f3de024..., userDataDir: C:\Users\admin\AppData\Loca...}, goog:chromeOptions: {debuggerAddress: localhost:62505}, javascriptEnabled: true, networkConnectionEnabled: false, pageLoadStrategy: normal, platform: XP, platformName: XP, proxy: Proxy(), setWindowRect: true, strictFileInteractability: false, timeouts: {implicit: 0, pageLoad: 300000, script: 30000}, unhandledPromptBehavior: dismiss and notify}
Session ID: 175baed351e050d97eb4530948ae1879" type="org.openqa.selenium.TimeoutException">
      <![CDATA[org.openqa.selenium.TimeoutException: Expected condition failed: waiting for visibility of [[ChromeDriver: chrome on XP (175baed351e050d97eb4530948ae1879)] -> css selector: ul[id='Functionality_listbox'] li] (tried for 20 second(s) with 500 milliseconds interval)
Build info: version: '3.141.59', revision: 'e82be7d358', time: '2018-11-14T08:17:03'
System info: host: 'DESKTOP-O6A5C2O', ip: '10.0.75.1', os.name: 'Windows 10', os.arch: 'amd64', os.version: '10.0', java.version: '9.0.4'
Driver info: org.openqa.selenium.chrome.ChromeDriver
Capabilities {acceptInsecureCerts: false, browserName: chrome, browserVersion: 78.0.3904.108, chrome: {chromedriverVersion: 78.0.3904.70 (edb9c9f3de024..., userDataDir: C:\Users\admin\AppData\Loca...}, goog:chromeOptions: {debuggerAddress: localhost:62505}, javascriptEnabled: true, networkConnectionEnabled: false, pageLoadStrategy: normal, platform: XP, platformName: XP, proxy: Proxy(), setWindowRect: true, strictFileInteractability: false, timeouts: {implicit: 0, pageLoad: 300000, script: 30000}, unhandledPromptBehavior: dismiss and notify}
Session ID: 175baed351e050d97eb4530948ae1879
at org.openqa.selenium.support.ui.WebDriverWait.timeoutException(WebDriverWait.java:95)
at org.openqa.selenium.support.ui.FluentWait.until(FluentWait.java:272)
at com.tetherfi.pages.BasePage.waitUntilWebElementListIsVisible(BasePage.java:139)
at com.tetherfi.pages.BasePage.selectDropdownFromVisibleText(BasePage.java:335)
at com.tetherfi.pages.HostValueMappingPage.addwithoutHostData(HostValueMappingPage.java:1070)
at com.tetherfi.test.ivr.HostValueMappingCreateTest.VerifyAddRecordWithoutHostData(HostValueMappingCreateTest.java:102)
at java.base/jdk.internal.reflect.NativeMethodAccessorImpl.invoke0(Native Method)
at java.base/jdk.internal.reflect.NativeMethodAccessorImpl.invoke(Unknown Source)
at java.base/jdk.internal.reflect.DelegatingMethodAccessorImpl.invoke(Unknown Source)
at java.base/java.lang.reflect.Method.invoke(Unknown Source)
at org.testng.internal.MethodInvocationHelper.invokeMethod(MethodInvocationHelper.java:133)
at org.testng.internal.TestInvoker.invokeMethod(TestInvoker.java:584)
at org.testng.internal.TestInvoker.invokeTestMethod(TestInvoker.java:172)
at org.testng.internal.MethodRunner.runInSequence(MethodRunner.java:46)
at org.testng.internal.TestInvoker$MethodInvocationAgent.invoke(TestInvoker.java:804)
at org.testng.internal.TestInvoker.invokeTestMethods(TestInvoker.java:145)
at org.testng.internal.TestMethodWorker.invokeTestMethods(TestMethodWorker.java:146)
at org.testng.internal.TestMethodWorker.run(TestMethodWorker.java:128)
at java.base/java.util.ArrayList.forEach(Unknown Source)
at org.testng.TestRunner.privateRun(TestRunner.java:770)
at org.testng.TestRunner.run(TestRunner.java:591)
at org.testng.SuiteRunner.runTest(SuiteRunner.java:402)
at org.testng.SuiteRunner.runSequentially(SuiteRunner.java:396)
at org.testng.SuiteRunner.privateRun(SuiteRunner.java:355)
at org.testng.SuiteRunner.run(SuiteRunner.java:304)
at org.testng.SuiteRunnerWorker.runSuite(SuiteRunnerWorker.java:53)
at org.testng.SuiteRunnerWorker.run(SuiteRunnerWorker.java:96)
at org.testng.TestNG.runSuitesSequentially(TestNG.java:1180)
at org.testng.TestNG.runSuitesLocally(TestNG.java:1102)
at org.testng.TestNG.runSuites(TestNG.java:1032)
at org.testng.TestNG.run(TestNG.java:1000)
at org.testng.remote.AbstractRemoteTestNG.run(AbstractRemoteTestNG.java:115)
at org.testng.remote.RemoteTestNG.initAndRun(RemoteTestNG.java:251)
at org.testng.remote.RemoteTestNG.main(RemoteTestNG.java:77)
]]>
    </error>
  </testcase> <!-- VerifyAddRecordWithoutHostData -->
  <testcase classname="com.tetherfi.test.ivr.HostValueMappingCreateTest" name="VerifyAddRecordWithoutStatus" time="43.069"/>
  <testcase classname="com.tetherfi.test.ivr.HostValueMappingCreateTest" name="VerifyAddRecordWithoutDescription" time="70.421">
    <error message="Expected condition failed: waiting for visibility of [[ChromeDriver: chrome on XP (bce42c57f1e1c35c93e37e554242193f)] -&gt; css selector: ul[id=&#039;Functionality_listbox&#039;] li] (tried for 20 second(s) with 500 milliseconds interval)
Build info: version: &#039;3.141.59&#039;, revision: &#039;e82be7d358&#039;, time: &#039;2018-11-14T08:17:03&#039;
System info: host: &#039;DESKTOP-O6A5C2O&#039;, ip: &#039;10.0.75.1&#039;, os.name: &#039;Windows 10&#039;, os.arch: &#039;amd64&#039;, os.version: &#039;10.0&#039;, java.version: &#039;9.0.4&#039;
Driver info: org.openqa.selenium.chrome.ChromeDriver
Capabilities {acceptInsecureCerts: false, browserName: chrome, browserVersion: 78.0.3904.108, chrome: {chromedriverVersion: 78.0.3904.70 (edb9c9f3de024..., userDataDir: C:\Users\admin\AppData\Loca...}, goog:chromeOptions: {debuggerAddress: localhost:62586}, javascriptEnabled: true, networkConnectionEnabled: false, pageLoadStrategy: normal, platform: XP, platformName: XP, proxy: Proxy(), setWindowRect: true, strictFileInteractability: false, timeouts: {implicit: 0, pageLoad: 300000, script: 30000}, unhandledPromptBehavior: dismiss and notify}
Session ID: bce42c57f1e1c35c93e37e554242193f" type="org.openqa.selenium.TimeoutException">
      <![CDATA[org.openqa.selenium.TimeoutException: Expected condition failed: waiting for visibility of [[ChromeDriver: chrome on XP (bce42c57f1e1c35c93e37e554242193f)] -> css selector: ul[id='Functionality_listbox'] li] (tried for 20 second(s) with 500 milliseconds interval)
Build info: version: '3.141.59', revision: 'e82be7d358', time: '2018-11-14T08:17:03'
System info: host: 'DESKTOP-O6A5C2O', ip: '10.0.75.1', os.name: 'Windows 10', os.arch: 'amd64', os.version: '10.0', java.version: '9.0.4'
Driver info: org.openqa.selenium.chrome.ChromeDriver
Capabilities {acceptInsecureCerts: false, browserName: chrome, browserVersion: 78.0.3904.108, chrome: {chromedriverVersion: 78.0.3904.70 (edb9c9f3de024..., userDataDir: C:\Users\admin\AppData\Loca...}, goog:chromeOptions: {debuggerAddress: localhost:62586}, javascriptEnabled: true, networkConnectionEnabled: false, pageLoadStrategy: normal, platform: XP, platformName: XP, proxy: Proxy(), setWindowRect: true, strictFileInteractability: false, timeouts: {implicit: 0, pageLoad: 300000, script: 30000}, unhandledPromptBehavior: dismiss and notify}
Session ID: bce42c57f1e1c35c93e37e554242193f
at org.openqa.selenium.support.ui.WebDriverWait.timeoutException(WebDriverWait.java:95)
at org.openqa.selenium.support.ui.FluentWait.until(FluentWait.java:272)
at com.tetherfi.pages.BasePage.waitUntilWebElementListIsVisible(BasePage.java:139)
at com.tetherfi.pages.BasePage.selectDropdownFromVisibleText(BasePage.java:335)
at com.tetherfi.pages.HostValueMappingPage.addwithoutDescription(HostValueMappingPage.java:1108)
at com.tetherfi.test.ivr.HostValueMappingCreateTest.VerifyAddRecordWithoutDescription(HostValueMappingCreateTest.java:122)
at java.base/jdk.internal.reflect.NativeMethodAccessorImpl.invoke0(Native Method)
at java.base/jdk.internal.reflect.NativeMethodAccessorImpl.invoke(Unknown Source)
at java.base/jdk.internal.reflect.DelegatingMethodAccessorImpl.invoke(Unknown Source)
at java.base/java.lang.reflect.Method.invoke(Unknown Source)
at org.testng.internal.MethodInvocationHelper.invokeMethod(MethodInvocationHelper.java:133)
at org.testng.internal.TestInvoker.invokeMethod(TestInvoker.java:584)
at org.testng.internal.TestInvoker.invokeTestMethod(TestInvoker.java:172)
at org.testng.internal.MethodRunner.runInSequence(MethodRunner.java:46)
at org.testng.internal.TestInvoker$MethodInvocationAgent.invoke(TestInvoker.java:804)
at org.testng.internal.TestInvoker.invokeTestMethods(TestInvoker.java:145)
at org.testng.internal.TestMethodWorker.invokeTestMethods(TestMethodWorker.java:146)
at org.testng.internal.TestMethodWorker.run(TestMethodWorker.java:128)
at java.base/java.util.ArrayList.forEach(Unknown Source)
at org.testng.TestRunner.privateRun(TestRunner.java:770)
at org.testng.TestRunner.run(TestRunner.java:591)
at org.testng.SuiteRunner.runTest(SuiteRunner.java:402)
at org.testng.SuiteRunner.runSequentially(SuiteRunner.java:396)
at org.testng.SuiteRunner.privateRun(SuiteRunner.java:355)
at org.testng.SuiteRunner.run(SuiteRunner.java:304)
at org.testng.SuiteRunnerWorker.runSuite(SuiteRunnerWorker.java:53)
at org.testng.SuiteRunnerWorker.run(SuiteRunnerWorker.java:96)
at org.testng.TestNG.runSuitesSequentially(TestNG.java:1180)
at org.testng.TestNG.runSuitesLocally(TestNG.java:1102)
at org.testng.TestNG.runSuites(TestNG.java:1032)
at org.testng.TestNG.run(TestNG.java:1000)
at org.testng.remote.AbstractRemoteTestNG.run(AbstractRemoteTestNG.java:115)
at org.testng.remote.RemoteTestNG.initAndRun(RemoteTestNG.java:251)
at org.testng.remote.RemoteTestNG.main(RemoteTestNG.java:77)
]]>
    </error>
  </testcase> <!-- VerifyAddRecordWithoutDescription -->
  <testcase classname="com.tetherfi.test.ivr.HostValueMappingCreateTest" name="VerifyAddRecordWithoutWaveFile" time="45.615"/>
  <testcase classname="com.tetherfi.test.ivr.HostValueMappingCreateTest" name="AddRevertRecord" time="52.226"/>
  <testcase classname="com.tetherfi.test.ivr.HostValueMappingCreateTest" name="VerifyRevertForAddNewRecord" time="49.787"/>
  <testcase classname="com.tetherfi.test.ivr.HostValueMappingCreateTest" name="VerifyApprovedDataSectionWithoutApproval" time="41.652"/>
  <testcase classname="com.tetherfi.test.ivr.HostValueMappingCreateTest" name="VerifyAuditTrailReportForRevert" time="55.442"/>
  <testcase classname="com.tetherfi.test.ivr.HostValueMappingCreateTest" name="AddRejectRecord" time="47.009"/>
  <testcase classname="com.tetherfi.test.ivr.HostValueMappingCreateTest" name="VerifySendForApprovalForAddNewRecord" time="43.281"/>
  <testcase classname="com.tetherfi.test.ivr.HostValueMappingCreateTest" name="RejectforAddNewHostValueMappingRecord" time="142.839"/>
  <testcase classname="com.tetherfi.test.ivr.HostValueMappingCreateTest" name="VerifyAuditTrailReportForReject" time="65.822"/>
  <testcase classname="com.tetherfi.test.ivr.HostValueMappingCreateTest" name="VerifyRecordAfterRejection" time="39.334"/>
  <testcase classname="com.tetherfi.test.ivr.HostValueMappingCreateTest" name="AddNewHostValueMappingRecord" time="129.080"/>
  <testcase classname="com.tetherfi.test.ivr.HostValueMappingCreateTest" name="VerifyAuditTrailReportForCreate" time="87.917"/>
  <testcase classname="com.tetherfi.test.ivr.HostValueMappingCreateTest" name="VerifyAuditTrailDataForAddNewHostValueMappingRecord" time="52.565"/>
  <testcase classname="com.tetherfi.test.ivr.HostValueMappingCreateTest" name="VerifySendForApprovalForAddNewHostValueMappingRecord" time="58.911"/>
  <testcase classname="com.tetherfi.test.ivr.HostValueMappingCreateTest" name="VerifyAuditTrailReportForSendForApproval" time="73.031"/>
  <testcase classname="com.tetherfi.test.ivr.HostValueMappingCreateTest" name="ApproveforAddNewHostValueMappingRecord" time="73.620"/>
  <testcase classname="com.tetherfi.test.ivr.HostValueMappingCreateTest" name="VerifyAuditTrailReportForApprove" time="92.004"/>
  <testcase classname="com.tetherfi.test.ivr.HostValueMappingCreateTest" name="VerifyRecordApprovedDataSectionafterApproval" time="73.771"/>
  <testcase classname="com.tetherfi.test.ivr.HostValueMappingCreateTest" name="AddDuplicateRecord" time="68.600"/>
</testsuite> <!-- com.tetherfi.test.ivr.HostValueMappingCreateTest -->
