<?xml version="1.0" encoding="UTF-8"?>
<!-- Generated by org.testng.reporters.JUnitReportReporter -->
<testsuite hostname="admin" failures="0" tests="1" name="com.tetherfi.test.fax.FaxAutoACKConfigurationTest" time="7.401" errors="0" timestamp="28 Mar 2019 10:03:48 GMT" skipped="0">
  <testcase classname="com.tetherfi.test.fax.FaxAutoACKConfigurationTest" name="GroupBy" time="7.401"/>
</testsuite> <!-- com.tetherfi.test.fax.FaxAutoACKConfigurationTest -->
