<?xml version="1.0" encoding="UTF-8"?>
<!-- Generated by org.testng.reporters.JUnitReportReporter -->
<testsuite hostname="admin" failures="0" tests="1" name="com.tetherfi.test.reports.FaxSLAReportTest" time="26.517" errors="0" timestamp="2020-06-21T15:45:28 IST" skipped="0">
  <testcase classname="com.tetherfi.test.reports.FaxSLAReportTest" name="database" time="26.517"/>
</testsuite> <!-- com.tetherfi.test.reports.FaxSLAReportTest -->
