<?xml version="1.0" encoding="UTF-8"?>
<!-- Generated by org.testng.reporters.JUnitReportReporter -->
<testsuite hostname="DESKTOP-O6A5C2O" failures="0" tests="17" name="com.tetherfi.test.tmac.AgentSettingsEditTest" time="804.084" errors="1" timestamp="2020-04-06T19:52:27 IST" skipped="0">
  <testcase classname="com.tetherfi.test.tmac.AgentSettingsEditTest" name="EditCancelSupervisorRecord" time="42.688"/>
  <testcase classname="com.tetherfi.test.tmac.AgentSettingsEditTest" name="EditRevertSupervisorRecord" time="43.678"/>
  <testcase classname="com.tetherfi.test.tmac.AgentSettingsEditTest" name="VerifyRevertForEditRecord" time="47.946"/>
  <testcase classname="com.tetherfi.test.tmac.AgentSettingsEditTest" name="VerifyAuditTrialReportForRevertUpdate" time="56.797"/>
  <testcase classname="com.tetherfi.test.tmac.AgentSettingsEditTest" name="EditRejectRecord" time="43.723"/>
  <testcase classname="com.tetherfi.test.tmac.AgentSettingsEditTest" name="VerifySendForApprovalForEditRejectRecord" time="46.189"/>
  <testcase classname="com.tetherfi.test.tmac.AgentSettingsEditTest" name="RejectforEditAgentSettingsRecord" time="42.784"/>
  <testcase classname="com.tetherfi.test.tmac.AgentSettingsEditTest" name="VerifyAuditTrailReportForReject" time="56.451"/>
  <testcase classname="com.tetherfi.test.tmac.AgentSettingsEditTest" name="EditAgentSettingsRecord" time="41.172"/>
  <testcase classname="com.tetherfi.test.tmac.AgentSettingsEditTest" name="VerifyAuditTrailDataForEditAgentSettinsRecord" time="39.665"/>
  <testcase classname="com.tetherfi.test.tmac.AgentSettingsEditTest" name="VerifyAuditTrailReportForEdit" time="60.663"/>
  <testcase classname="com.tetherfi.test.tmac.AgentSettingsEditTest" name="VerifySendForApprovalForEditRejectRecord1" time="45.544"/>
  <testcase classname="com.tetherfi.test.tmac.AgentSettingsEditTest" name="VerifyAuditTrialReportForSendForApprovalUpdate" time="56.248"/>
  <testcase classname="com.tetherfi.test.tmac.AgentSettingsEditTest" name="ApproveforEditSupervisorRecord" time="47.608"/>
  <testcase classname="com.tetherfi.test.tmac.AgentSettingsEditTest" name="VerifyAuditTrailReportForApprove" time="55.308"/>
  <testcase classname="com.tetherfi.test.tmac.AgentSettingsEditTest" name="EditRecordWithoutModifyReason" time="37.603"/>
  <testcase classname="com.tetherfi.test.tmac.AgentSettingsEditTest" name="DeleteSupervisorRecordWhenAgentAssigned" time="40.017">
    <error message="stale element reference: element is not attached to the page document
  (Session info: chrome=79.0.3945.79)
For documentation on this error, please visit: https://www.seleniumhq.org/exceptions/stale_element_reference.html
Build info: version: &#039;3.141.59&#039;, revision: &#039;e82be7d358&#039;, time: &#039;2018-11-14T08:17:03&#039;
System info: host: &#039;DESKTOP-O6A5C2O&#039;, ip: &#039;10.0.75.1&#039;, os.name: &#039;Windows 10&#039;, os.arch: &#039;amd64&#039;, os.version: &#039;10.0&#039;, java.version: &#039;9.0.4&#039;
Driver info: org.openqa.selenium.chrome.ChromeDriver
Capabilities {acceptInsecureCerts: false, browserName: chrome, browserVersion: 79.0.3945.79, chrome: {chromedriverVersion: 79.0.3945.36 (3582db32b3389..., userDataDir: C:\Users\admin\AppData\Loca...}, goog:chromeOptions: {debuggerAddress: localhost:54025}, javascriptEnabled: true, networkConnectionEnabled: false, pageLoadStrategy: normal, platform: WINDOWS, platformName: WINDOWS, proxy: Proxy(), setWindowRect: true, strictFileInteractability: false, timeouts: {implicit: 0, pageLoad: 300000, script: 30000}, unhandledPromptBehavior: dismiss and notify}
Session ID: 53f16fd7bf165e29ce3c420a0dd0bf9e" type="org.openqa.selenium.StaleElementReferenceException">
      <![CDATA[org.openqa.selenium.StaleElementReferenceException: stale element reference: element is not attached to the page document
  (Session info: chrome=79.0.3945.79)
For documentation on this error, please visit: https://www.seleniumhq.org/exceptions/stale_element_reference.html
Build info: version: '3.141.59', revision: 'e82be7d358', time: '2018-11-14T08:17:03'
System info: host: 'DESKTOP-O6A5C2O', ip: '10.0.75.1', os.name: 'Windows 10', os.arch: 'amd64', os.version: '10.0', java.version: '9.0.4'
Driver info: org.openqa.selenium.chrome.ChromeDriver
Capabilities {acceptInsecureCerts: false, browserName: chrome, browserVersion: 79.0.3945.79, chrome: {chromedriverVersion: 79.0.3945.36 (3582db32b3389..., userDataDir: C:\Users\admin\AppData\Loca...}, goog:chromeOptions: {debuggerAddress: localhost:54025}, javascriptEnabled: true, networkConnectionEnabled: false, pageLoadStrategy: normal, platform: WINDOWS, platformName: WINDOWS, proxy: Proxy(), setWindowRect: true, strictFileInteractability: false, timeouts: {implicit: 0, pageLoad: 300000, script: 30000}, unhandledPromptBehavior: dismiss and notify}
Session ID: 53f16fd7bf165e29ce3c420a0dd0bf9e
at java.base/jdk.internal.reflect.NativeConstructorAccessorImpl.newInstance0(Native Method)
at java.base/jdk.internal.reflect.NativeConstructorAccessorImpl.newInstance(Unknown Source)
at java.base/jdk.internal.reflect.DelegatingConstructorAccessorImpl.newInstance(Unknown Source)
at java.base/java.lang.reflect.Constructor.newInstance(Unknown Source)
at org.openqa.selenium.remote.http.W3CHttpResponseCodec.createException(W3CHttpResponseCodec.java:187)
at org.openqa.selenium.remote.http.W3CHttpResponseCodec.decode(W3CHttpResponseCodec.java:122)
at org.openqa.selenium.remote.http.W3CHttpResponseCodec.decode(W3CHttpResponseCodec.java:49)
at org.openqa.selenium.remote.HttpCommandExecutor.execute(HttpCommandExecutor.java:158)
at org.openqa.selenium.remote.service.DriverCommandExecutor.execute(DriverCommandExecutor.java:83)
at org.openqa.selenium.remote.RemoteWebDriver.execute(RemoteWebDriver.java:552)
at org.openqa.selenium.remote.RemoteWebElement.execute(RemoteWebElement.java:285)
at org.openqa.selenium.remote.RemoteWebElement.click(RemoteWebElement.java:84)
at jdk.internal.reflect.GeneratedMethodAccessor4.invoke(Unknown Source)
at java.base/jdk.internal.reflect.DelegatingMethodAccessorImpl.invoke(Unknown Source)
at java.base/java.lang.reflect.Method.invoke(Unknown Source)
at org.openqa.selenium.support.pagefactory.internal.LocatingElementHandler.invoke(LocatingElementHandler.java:51)
at com.sun.proxy.$Proxy14.click(Unknown Source)
at com.tetherfi.pages.BasePage.selectWebElement(BasePage.java:202)
at com.tetherfi.pages.AgentSettingsNewDesignPage.deleteSupervisorRecordWhenAssignedToAgent(AgentSettingsNewDesignPage.java:715)
at com.tetherfi.test.tmac.AgentSettingsEditTest.DeleteSupervisorRecordWhenAgentAssigned(AgentSettingsEditTest.java:273)
at java.base/jdk.internal.reflect.NativeMethodAccessorImpl.invoke0(Native Method)
at java.base/jdk.internal.reflect.NativeMethodAccessorImpl.invoke(Unknown Source)
at java.base/jdk.internal.reflect.DelegatingMethodAccessorImpl.invoke(Unknown Source)
at java.base/java.lang.reflect.Method.invoke(Unknown Source)
at org.testng.internal.MethodInvocationHelper.invokeMethod(MethodInvocationHelper.java:133)
at org.testng.internal.TestInvoker.invokeMethod(TestInvoker.java:584)
at org.testng.internal.TestInvoker.invokeTestMethod(TestInvoker.java:172)
at org.testng.internal.MethodRunner.runInSequence(MethodRunner.java:46)
at org.testng.internal.TestInvoker$MethodInvocationAgent.invoke(TestInvoker.java:804)
at org.testng.internal.TestInvoker.invokeTestMethods(TestInvoker.java:145)
at org.testng.internal.TestMethodWorker.invokeTestMethods(TestMethodWorker.java:146)
at org.testng.internal.TestMethodWorker.run(TestMethodWorker.java:128)
at java.base/java.util.ArrayList.forEach(Unknown Source)
at org.testng.TestRunner.privateRun(TestRunner.java:770)
at org.testng.TestRunner.run(TestRunner.java:591)
at org.testng.SuiteRunner.runTest(SuiteRunner.java:402)
at org.testng.SuiteRunner.runSequentially(SuiteRunner.java:396)
at org.testng.SuiteRunner.privateRun(SuiteRunner.java:355)
at org.testng.SuiteRunner.run(SuiteRunner.java:304)
at org.testng.SuiteRunnerWorker.runSuite(SuiteRunnerWorker.java:53)
at org.testng.SuiteRunnerWorker.run(SuiteRunnerWorker.java:96)
at org.testng.TestNG.runSuitesSequentially(TestNG.java:1180)
at org.testng.TestNG.runSuitesLocally(TestNG.java:1102)
at org.testng.TestNG.runSuites(TestNG.java:1032)
at org.testng.TestNG.run(TestNG.java:1000)
at org.testng.remote.AbstractRemoteTestNG.run(AbstractRemoteTestNG.java:115)
at org.testng.remote.RemoteTestNG.initAndRun(RemoteTestNG.java:251)
at org.testng.remote.RemoteTestNG.main(RemoteTestNG.java:77)
]]>
    </error>
  </testcase> <!-- DeleteSupervisorRecordWhenAgentAssigned -->
</testsuite> <!-- com.tetherfi.test.tmac.AgentSettingsEditTest -->
