<?xml version="1.0" encoding="UTF-8"?>
<!-- Generated by org.testng.reporters.JUnitReportReporter -->
<testsuite skipped="0" hostname="TTF-BLR-SANTOSHKOUJALAGI" name="com.tetherfi.test.reports.OCMAudioVideoPlaybackReportTest" tests="47" failures="2" timestamp="2021-09-06T00:12:02 IST" time="1446.171" errors="0">
  <testcase name="ShowOCMAudioVideoPlaybackReport" time="19.882" classname="com.tetherfi.test.reports.OCMAudioVideoPlaybackReportTest"/>
  <testcase name="ShowOCMAudioVideoPlaybackReportInNewTab" time="18.263" classname="com.tetherfi.test.reports.OCMAudioVideoPlaybackReportTest"/>
  <testcase name="database" time="23.934" classname="com.tetherfi.test.reports.OCMAudioVideoPlaybackReportTest">
    <failure type="java.lang.AssertionError" message="UI and DB data mismatch did not expect to find [true] but found [false]">
      <![CDATA[java.lang.AssertionError: UI and DB data mismatch did not expect to find [true] but found [false]
at org.testng.Assert.fail(Assert.java:97)
at org.testng.Assert.failNotEquals(Assert.java:969)
at org.testng.Assert.assertTrue(Assert.java:43)
at com.tetherfi.test.reports.OCMAudioVideoPlaybackReportTest.database(OCMAudioVideoPlaybackReportTest.java:59)
at sun.reflect.NativeMethodAccessorImpl.invoke0(Native Method)
at sun.reflect.NativeMethodAccessorImpl.invoke(Unknown Source)
at sun.reflect.DelegatingMethodAccessorImpl.invoke(Unknown Source)
at java.lang.reflect.Method.invoke(Unknown Source)
at org.testng.internal.MethodInvocationHelper.invokeMethod(MethodInvocationHelper.java:133)
at org.testng.internal.TestInvoker.invokeMethod(TestInvoker.java:584)
at org.testng.internal.TestInvoker.invokeTestMethod(TestInvoker.java:172)
at org.testng.internal.MethodRunner.runInSequence(MethodRunner.java:46)
at org.testng.internal.TestInvoker$MethodInvocationAgent.invoke(TestInvoker.java:804)
at org.testng.internal.TestInvoker.invokeTestMethods(TestInvoker.java:145)
at org.testng.internal.TestMethodWorker.invokeTestMethods(TestMethodWorker.java:146)
at org.testng.internal.TestMethodWorker.run(TestMethodWorker.java:128)
at java.util.ArrayList.forEach(Unknown Source)
at org.testng.TestRunner.privateRun(TestRunner.java:770)
at org.testng.TestRunner.run(TestRunner.java:591)
at org.testng.SuiteRunner.runTest(SuiteRunner.java:402)
at org.testng.SuiteRunner.runSequentially(SuiteRunner.java:396)
at org.testng.SuiteRunner.privateRun(SuiteRunner.java:355)
at org.testng.SuiteRunner.run(SuiteRunner.java:304)
at org.testng.SuiteRunnerWorker.runSuite(SuiteRunnerWorker.java:53)
at org.testng.SuiteRunnerWorker.run(SuiteRunnerWorker.java:96)
at org.testng.TestNG.runSuitesSequentially(TestNG.java:1180)
at org.testng.TestNG.runSuitesLocally(TestNG.java:1102)
at org.testng.TestNG.runSuites(TestNG.java:1032)
at org.testng.TestNG.run(TestNG.java:1000)
at org.testng.remote.AbstractRemoteTestNG.run(AbstractRemoteTestNG.java:115)
at org.testng.remote.RemoteTestNG.initAndRun(RemoteTestNG.java:251)
at org.testng.remote.RemoteTestNG.main(RemoteTestNG.java:77)
]]>
    </failure>
  </testcase> <!-- database -->
  <testcase name="ScheduleOCMAudioVideoPlaybackReport" time="14.999" classname="com.tetherfi.test.reports.OCMAudioVideoPlaybackReportTest"/>
  <testcase name="ExportOCMAudioVideoPlaybackReport" time="14.317" classname="com.tetherfi.test.reports.OCMAudioVideoPlaybackReportTest"/>
  <testcase name="ViewDownloadedOcmAudioVideoPlaybackReportInReportsDownloadPage" time="22.022" classname="com.tetherfi.test.reports.OCMAudioVideoPlaybackReportTest"/>
  <testcase name="ShowOCMAudioVideoPlaybackReportForDateRange" time="16.453" classname="com.tetherfi.test.reports.OCMAudioVideoPlaybackReportTest"/>
  <testcase name="ShowOCMAudioVideoPlaybackReportInNewTabDateRange" time="17.453" classname="com.tetherfi.test.reports.OCMAudioVideoPlaybackReportTest"/>
  <testcase name="ScheduleOCMAudioVideoPlaybackReportforDateRange" time="16.515" classname="com.tetherfi.test.reports.OCMAudioVideoPlaybackReportTest"/>
  <testcase name="ExportOCMAudioVideoPlaybackReportDateRange" time="15.741" classname="com.tetherfi.test.reports.OCMAudioVideoPlaybackReportTest"/>
  <testcase name="ViewDownloadedOcmAudioVideoPlaybackReportInReportsDownloadPageDateRange" time="11.336" classname="com.tetherfi.test.reports.OCMAudioVideoPlaybackReportTest"/>
  <testcase name="DeleteWithoutDeleteReasonRecordinReportsDownloadforDateRange" time="10.251" classname="com.tetherfi.test.reports.OCMAudioVideoPlaybackReportTest"/>
  <testcase name="VerifyCancelBtnAtReportsDownloadDeleteBtnForDateRange" time="32.300" classname="com.tetherfi.test.reports.OCMAudioVideoPlaybackReportTest"/>
  <testcase name="DeleteRecordAtReportsDownload" time="12.499" classname="com.tetherfi.test.reports.OCMAudioVideoPlaybackReportTest"/>
  <testcase name="ClearAll" time="14.242" classname="com.tetherfi.test.reports.OCMAudioVideoPlaybackReportTest"/>
  <testcase name="OCMWindow" time="18.563" classname="com.tetherfi.test.reports.OCMAudioVideoPlaybackReportTest"/>
  <testcase name="VerifyDropdownForAllTheColumns" time="46.065" classname="com.tetherfi.test.reports.OCMAudioVideoPlaybackReportTest"/>
  <testcase name="VerifyColumnsHeaderEnable" time="65.700" classname="com.tetherfi.test.reports.OCMAudioVideoPlaybackReportTest"/>
  <testcase name="VerifyColumnsHeaderDisable" time="75.073" classname="com.tetherfi.test.reports.OCMAudioVideoPlaybackReportTest"/>
  <testcase name="VerifyArrowMoveForPreviousAndNextPage" time="17.006" classname="com.tetherfi.test.reports.OCMAudioVideoPlaybackReportTest"/>
  <testcase name="VerifyArrowMoveForFirstAndLastPage" time="15.695" classname="com.tetherfi.test.reports.OCMAudioVideoPlaybackReportTest"/>
  <testcase name="VerifyTotalNumberOfItemsPerPageDetails" time="16.195" classname="com.tetherfi.test.reports.OCMAudioVideoPlaybackReportTest"/>
  <testcase name="VerifyNumberOfItemsPerPageSelection" time="46.462" classname="com.tetherfi.test.reports.OCMAudioVideoPlaybackReportTest"/>
  <testcase name="ExportPage" time="21.576" classname="com.tetherfi.test.reports.OCMAudioVideoPlaybackReportTest"/>
  <testcase name="SchedulereportinOCMAudioVideoPlaybackReportPage" time="17.997" classname="com.tetherfi.test.reports.OCMAudioVideoPlaybackReportTest"/>
  <testcase name="ExportToExcelForAudioVideoPlaybackReport" time="17.172" classname="com.tetherfi.test.reports.OCMAudioVideoPlaybackReportTest"/>
  <testcase name="ViewDownloadedOcmAudioVideoPlaybackReportInReportsDownloadPageinAudioVideoPlaybackPg" time="23.356" classname="com.tetherfi.test.reports.OCMAudioVideoPlaybackReportTest"/>
  <testcase name="VerifySorting" time="30.627" classname="com.tetherfi.test.reports.OCMAudioVideoPlaybackReportTest"/>
  <testcase name="VerifySearchByFeatureForAudioVideoPlaybackReport" time="25.517" classname="com.tetherfi.test.reports.OCMAudioVideoPlaybackReportTest"/>
  <testcase name="VerifySearchByFeature" time="33.216" classname="com.tetherfi.test.reports.OCMAudioVideoPlaybackReportTest"/>
  <testcase name="VerifySearchIsNotEqualTo" time="24.976" classname="com.tetherfi.test.reports.OCMAudioVideoPlaybackReportTest"/>
  <testcase name="VerifySearchContains" time="30.933" classname="com.tetherfi.test.reports.OCMAudioVideoPlaybackReportTest"/>
  <testcase name="VerifySearchDoesNotContains" time="31.601" classname="com.tetherfi.test.reports.OCMAudioVideoPlaybackReportTest"/>
  <testcase name="VerifySearchStartsWith" time="29.961" classname="com.tetherfi.test.reports.OCMAudioVideoPlaybackReportTest"/>
  <testcase name="VerifySearchEndsWith" time="27.187" classname="com.tetherfi.test.reports.OCMAudioVideoPlaybackReportTest"/>
  <testcase name="searchwithoutSearchTextbox" time="24.640" classname="com.tetherfi.test.reports.OCMAudioVideoPlaybackReportTest"/>
  <testcase name="SearchClear" time="22.195" classname="com.tetherfi.test.reports.OCMAudioVideoPlaybackReportTest"/>
  <testcase name="verifyAdvancedSearchinreportpageSearchEqualTo" time="63.981" classname="com.tetherfi.test.reports.OCMAudioVideoPlaybackReportTest"/>
  <testcase name="verifyAdvancedSearchinreportpageSearchNotEqualTo" time="58.341" classname="com.tetherfi.test.reports.OCMAudioVideoPlaybackReportTest"/>
  <testcase name="verifyAdvancedSearchinreportpageSearchcontains" time="66.279" classname="com.tetherfi.test.reports.OCMAudioVideoPlaybackReportTest"/>
  <testcase name="verifyAdvancedSearchinreportpageSearchDoesnotcontains" time="70.251" classname="com.tetherfi.test.reports.OCMAudioVideoPlaybackReportTest"/>
  <testcase name="verifyAdvancedSearchSearchStartswith" time="62.846" classname="com.tetherfi.test.reports.OCMAudioVideoPlaybackReportTest"/>
  <testcase name="verifyAdvancedSearchSearchEndswith" time="66.964" classname="com.tetherfi.test.reports.OCMAudioVideoPlaybackReportTest"/>
  <testcase name="verifyAdvancedSearchANDCriteria" time="48.983" classname="com.tetherfi.test.reports.OCMAudioVideoPlaybackReportTest"/>
  <testcase name="verifyAdvancedSearchORCriteria" time="45.809" classname="com.tetherfi.test.reports.OCMAudioVideoPlaybackReportTest">
    <failure type="java.lang.AssertionError" message="did not expect to find [true] but found [false]">
      <![CDATA[java.lang.AssertionError: did not expect to find [true] but found [false]
at org.testng.Assert.fail(Assert.java:97)
at org.testng.Assert.failNotEquals(Assert.java:969)
at org.testng.Assert.assertTrue(Assert.java:43)
at org.testng.Assert.assertTrue(Assert.java:53)
at com.tetherfi.test.reports.OCMAudioVideoPlaybackReportTest.verifyAdvancedSearchORCriteria(OCMAudioVideoPlaybackReportTest.java:531)
at sun.reflect.NativeMethodAccessorImpl.invoke0(Native Method)
at sun.reflect.NativeMethodAccessorImpl.invoke(Unknown Source)
at sun.reflect.DelegatingMethodAccessorImpl.invoke(Unknown Source)
at java.lang.reflect.Method.invoke(Unknown Source)
at org.testng.internal.MethodInvocationHelper.invokeMethod(MethodInvocationHelper.java:133)
at org.testng.internal.TestInvoker.invokeMethod(TestInvoker.java:584)
at org.testng.internal.TestInvoker.invokeTestMethod(TestInvoker.java:172)
at org.testng.internal.MethodRunner.runInSequence(MethodRunner.java:46)
at org.testng.internal.TestInvoker$MethodInvocationAgent.invoke(TestInvoker.java:804)
at org.testng.internal.TestInvoker.invokeTestMethods(TestInvoker.java:145)
at org.testng.internal.TestMethodWorker.invokeTestMethods(TestMethodWorker.java:146)
at org.testng.internal.TestMethodWorker.run(TestMethodWorker.java:128)
at java.util.ArrayList.forEach(Unknown Source)
at org.testng.TestRunner.privateRun(TestRunner.java:770)
at org.testng.TestRunner.run(TestRunner.java:591)
at org.testng.SuiteRunner.runTest(SuiteRunner.java:402)
at org.testng.SuiteRunner.runSequentially(SuiteRunner.java:396)
at org.testng.SuiteRunner.privateRun(SuiteRunner.java:355)
at org.testng.SuiteRunner.run(SuiteRunner.java:304)
at org.testng.SuiteRunnerWorker.runSuite(SuiteRunnerWorker.java:53)
at org.testng.SuiteRunnerWorker.run(SuiteRunnerWorker.java:96)
at org.testng.TestNG.runSuitesSequentially(TestNG.java:1180)
at org.testng.TestNG.runSuitesLocally(TestNG.java:1102)
at org.testng.TestNG.runSuites(TestNG.java:1032)
at org.testng.TestNG.run(TestNG.java:1000)
at org.testng.remote.AbstractRemoteTestNG.run(AbstractRemoteTestNG.java:115)
at org.testng.remote.RemoteTestNG.initAndRun(RemoteTestNG.java:251)
at org.testng.remote.RemoteTestNG.main(RemoteTestNG.java:77)
]]>
    </failure>
  </testcase> <!-- verifyAdvancedSearchORCriteria -->
  <testcase name="ClearfiltersAdvSrch" time="20.484" classname="com.tetherfi.test.reports.OCMAudioVideoPlaybackReportTest"/>
  <testcase name="GroupBy" time="20.313" classname="com.tetherfi.test.reports.OCMAudioVideoPlaybackReportTest"/>
</testsuite> <!-- com.tetherfi.test.reports.OCMAudioVideoPlaybackReportTest -->
