<?xml version="1.0" encoding="UTF-8"?>
<!-- Generated by org.testng.reporters.JUnitReportReporter -->
<testsuite hostname="admin" failures="0" tests="1" name="com.tetherfi.test.UserManagementE2ETest" time="117.915" errors="0" timestamp="13 Feb 2019 10:34:51 GMT" skipped="0">
  <testcase classname="com.tetherfi.test.UserManagementE2ETest" name="VerifyExportAccessOfChatTemplates" time="117.915"/>
</testsuite> <!-- com.tetherfi.test.UserManagementE2ETest -->
