<?xml version="1.0" encoding="UTF-8"?>
<!-- Generated by org.testng.reporters.JUnitReportReporter -->
<testsuite skipped="0" hostname="DESKTOP-NJVBPFB" name="com.tetherfi.test.reports.OCMAgentInteractionReportTest" tests="1" failures="0" timestamp="2020-04-16T16:00:14 IST" time="81.679" errors="0">
  <testcase name="database" time="81.679" classname="com.tetherfi.test.reports.OCMAgentInteractionReportTest"/>
</testsuite> <!-- com.tetherfi.test.reports.OCMAgentInteractionReportTest -->
