<?xml version="1.0" encoding="UTF-8"?>
<!-- Generated by org.testng.reporters.JUnitReportReporter -->
<testsuite hostname="DESKTOP-O6A5C2O" failures="1" tests="32" name="com.tetherfi.test.tmac.TmacBroadCastMsgTest" time="642.349" errors="1" timestamp="2020-02-28T17:26:43 IST" skipped="0">
  <testcase classname="com.tetherfi.test.tmac.TmacBroadCastMsgTest" name="TmacBroadCastMsgPage" time="9.320"/>
  <testcase classname="com.tetherfi.test.tmac.TmacBroadCastMsgTest" name="AddNewTmacBroadCastMsgCancel" time="57.369"/>
  <testcase classname="com.tetherfi.test.tmac.TmacBroadCastMsgTest" name="AddNewTmacBroadCastMsg" time="55.139"/>
  <testcase classname="com.tetherfi.test.tmac.TmacBroadCastMsgTest" name="VerifyAuditTrialReportForCreate" time="33.192">
    <error type="java.lang.NullPointerException">
      <![CDATA[java.lang.NullPointerException
at com.tetherfi.pages.OCMReportsPage.verifyTmacBroadcastMsgCreate(OCMReportsPage.java:1207)
at com.tetherfi.test.tmac.TmacBroadCastMsgTest.VerifyAuditTrialReportForCreate(TmacBroadCastMsgTest.java:97)
at java.base/jdk.internal.reflect.NativeMethodAccessorImpl.invoke0(Native Method)
at java.base/jdk.internal.reflect.NativeMethodAccessorImpl.invoke(Unknown Source)
at java.base/jdk.internal.reflect.DelegatingMethodAccessorImpl.invoke(Unknown Source)
at java.base/java.lang.reflect.Method.invoke(Unknown Source)
at org.testng.internal.MethodInvocationHelper.invokeMethod(MethodInvocationHelper.java:133)
at org.testng.internal.TestInvoker.invokeMethod(TestInvoker.java:584)
at org.testng.internal.TestInvoker.invokeTestMethod(TestInvoker.java:172)
at org.testng.internal.MethodRunner.runInSequence(MethodRunner.java:46)
at org.testng.internal.TestInvoker$MethodInvocationAgent.invoke(TestInvoker.java:804)
at org.testng.internal.TestInvoker.invokeTestMethods(TestInvoker.java:145)
at org.testng.internal.TestMethodWorker.invokeTestMethods(TestMethodWorker.java:146)
at org.testng.internal.TestMethodWorker.run(TestMethodWorker.java:128)
at java.base/java.util.ArrayList.forEach(Unknown Source)
at org.testng.TestRunner.privateRun(TestRunner.java:770)
at org.testng.TestRunner.run(TestRunner.java:591)
at org.testng.SuiteRunner.runTest(SuiteRunner.java:402)
at org.testng.SuiteRunner.runSequentially(SuiteRunner.java:396)
at org.testng.SuiteRunner.privateRun(SuiteRunner.java:355)
at org.testng.SuiteRunner.run(SuiteRunner.java:304)
at org.testng.SuiteRunnerWorker.runSuite(SuiteRunnerWorker.java:53)
at org.testng.SuiteRunnerWorker.run(SuiteRunnerWorker.java:96)
at org.testng.TestNG.runSuitesSequentially(TestNG.java:1180)
at org.testng.TestNG.runSuitesLocally(TestNG.java:1102)
at org.testng.TestNG.runSuites(TestNG.java:1032)
at org.testng.TestNG.run(TestNG.java:1000)
at org.testng.remote.AbstractRemoteTestNG.run(AbstractRemoteTestNG.java:115)
at org.testng.remote.RemoteTestNG.initAndRun(RemoteTestNG.java:251)
at org.testng.remote.RemoteTestNG.main(RemoteTestNG.java:77)
]]>
    </error>
  </testcase> <!-- VerifyAuditTrialReportForCreate -->
  <testcase classname="com.tetherfi.test.tmac.TmacBroadCastMsgTest" name="AddDuplicateRecord" time="57.800"/>
  <testcase classname="com.tetherfi.test.tmac.TmacBroadCastMsgTest" name="AddRecordWithoutMesage" time="54.302"/>
  <testcase classname="com.tetherfi.test.tmac.TmacBroadCastMsgTest" name="AddRecordwithoutStatus" time="52.391"/>
  <testcase classname="com.tetherfi.test.tmac.TmacBroadCastMsgTest" name="AddRecordWithoutTeamName" time="10.145"/>
  <testcase classname="com.tetherfi.test.tmac.TmacBroadCastMsgTest" name="EditTmacBroadCastMsgCancel" time="14.301"/>
  <testcase classname="com.tetherfi.test.tmac.TmacBroadCastMsgTest" name="EditTmacBroadCastMsg" time="15.593"/>
  <testcase classname="com.tetherfi.test.tmac.TmacBroadCastMsgTest" name="VerifyAuditTrailReportForUpdate" time="35.596">
    <failure message="did not expect to find [true] but found [false]" type="java.lang.AssertionError">
      <![CDATA[java.lang.AssertionError: did not expect to find [true] but found [false]
at org.testng.Assert.fail(Assert.java:97)
at org.testng.Assert.failNotEquals(Assert.java:969)
at org.testng.Assert.assertTrue(Assert.java:43)
at org.testng.Assert.assertTrue(Assert.java:53)
at com.tetherfi.test.tmac.TmacBroadCastMsgTest.VerifyAuditTrailReportForUpdate(TmacBroadCastMsgTest.java:168)
at java.base/jdk.internal.reflect.NativeMethodAccessorImpl.invoke0(Native Method)
at java.base/jdk.internal.reflect.NativeMethodAccessorImpl.invoke(Unknown Source)
at java.base/jdk.internal.reflect.DelegatingMethodAccessorImpl.invoke(Unknown Source)
at java.base/java.lang.reflect.Method.invoke(Unknown Source)
at org.testng.internal.MethodInvocationHelper.invokeMethod(MethodInvocationHelper.java:133)
at org.testng.internal.TestInvoker.invokeMethod(TestInvoker.java:584)
at org.testng.internal.TestInvoker.invokeTestMethod(TestInvoker.java:172)
at org.testng.internal.MethodRunner.runInSequence(MethodRunner.java:46)
at org.testng.internal.TestInvoker$MethodInvocationAgent.invoke(TestInvoker.java:804)
at org.testng.internal.TestInvoker.invokeTestMethods(TestInvoker.java:145)
at org.testng.internal.TestMethodWorker.invokeTestMethods(TestMethodWorker.java:146)
at org.testng.internal.TestMethodWorker.run(TestMethodWorker.java:128)
at java.base/java.util.ArrayList.forEach(Unknown Source)
at org.testng.TestRunner.privateRun(TestRunner.java:770)
at org.testng.TestRunner.run(TestRunner.java:591)
at org.testng.SuiteRunner.runTest(SuiteRunner.java:402)
at org.testng.SuiteRunner.runSequentially(SuiteRunner.java:396)
at org.testng.SuiteRunner.privateRun(SuiteRunner.java:355)
at org.testng.SuiteRunner.run(SuiteRunner.java:304)
at org.testng.SuiteRunnerWorker.runSuite(SuiteRunnerWorker.java:53)
at org.testng.SuiteRunnerWorker.run(SuiteRunnerWorker.java:96)
at org.testng.TestNG.runSuitesSequentially(TestNG.java:1180)
at org.testng.TestNG.runSuitesLocally(TestNG.java:1102)
at org.testng.TestNG.runSuites(TestNG.java:1032)
at org.testng.TestNG.run(TestNG.java:1000)
at org.testng.remote.AbstractRemoteTestNG.run(AbstractRemoteTestNG.java:115)
at org.testng.remote.RemoteTestNG.initAndRun(RemoteTestNG.java:251)
at org.testng.remote.RemoteTestNG.main(RemoteTestNG.java:77)
]]>
    </failure>
  </testcase> <!-- VerifyAuditTrailReportForUpdate -->
  <testcase classname="com.tetherfi.test.tmac.TmacBroadCastMsgTest" name="VerifySearchIsNotEqualTo" time="13.993"/>
  <testcase classname="com.tetherfi.test.tmac.TmacBroadCastMsgTest" name="VerifySearchContains" time="10.865"/>
  <testcase classname="com.tetherfi.test.tmac.TmacBroadCastMsgTest" name="VerifySearchDoesNotContains" time="13.554"/>
  <testcase classname="com.tetherfi.test.tmac.TmacBroadCastMsgTest" name="VerifySearchStartsWith" time="12.849"/>
  <testcase classname="com.tetherfi.test.tmac.TmacBroadCastMsgTest" name="VerifySearchEndsWith" time="12.067"/>
  <testcase classname="com.tetherfi.test.tmac.TmacBroadCastMsgTest" name="searchPage" time="10.851"/>
  <testcase classname="com.tetherfi.test.tmac.TmacBroadCastMsgTest" name="SearchClearSearch" time="13.058"/>
  <testcase classname="com.tetherfi.test.tmac.TmacBroadCastMsgTest" name="ExportToExcel" time="8.408"/>
  <testcase classname="com.tetherfi.test.tmac.TmacBroadCastMsgTest" name="ExportToExcelData" time="11.653"/>
  <testcase classname="com.tetherfi.test.tmac.TmacBroadCastMsgTest" name="database" time="13.511"/>
  <testcase classname="com.tetherfi.test.tmac.TmacBroadCastMsgTest" name="GroupBy" time="11.251"/>
  <testcase classname="com.tetherfi.test.tmac.TmacBroadCastMsgTest" name="VerifyArrowMoveForPreviousAndNextPage" time="7.355"/>
  <testcase classname="com.tetherfi.test.tmac.TmacBroadCastMsgTest" name="VerifyArrowMoveForFirstAndLastPage" time="7.072"/>
  <testcase classname="com.tetherfi.test.tmac.TmacBroadCastMsgTest" name="VerifyTotalNumberOfItemsPerPageDetails" time="6.140"/>
  <testcase classname="com.tetherfi.test.tmac.TmacBroadCastMsgTest" name="VerifyNumberOfItemsPerPageSelection" time="16.254"/>
  <testcase classname="com.tetherfi.test.tmac.TmacBroadCastMsgTest" name="VerifyDropdownForAllTheColumns" time="13.172"/>
  <testcase classname="com.tetherfi.test.tmac.TmacBroadCastMsgTest" name="VerifyColumnsHeaderEnable" time="12.462"/>
  <testcase classname="com.tetherfi.test.tmac.TmacBroadCastMsgTest" name="VerifyColumnsHeaderDisable" time="10.789"/>
  <testcase classname="com.tetherfi.test.tmac.TmacBroadCastMsgTest" name="SortingByAscending" time="14.736"/>
  <testcase classname="com.tetherfi.test.tmac.TmacBroadCastMsgTest" name="SortingByDescending" time="15.469"/>
  <testcase classname="com.tetherfi.test.tmac.TmacBroadCastMsgTest" name="ExporttoExcelWithoutData" time="11.692"/>
</testsuite> <!-- com.tetherfi.test.tmac.TmacBroadCastMsgTest -->
