<?xml version="1.0" encoding="UTF-8"?>
<!-- Generated by org.testng.reporters.JUnitReportReporter -->
<testsuite skipped="0" hostname="DESKTOP-NJVBPFB" name="com.tetherfi.test.tmac.AgentSettingsTest" tests="1" failures="0" timestamp="2020-04-23T18:55:14 IST" time="36.255" errors="0">
  <testcase name="VerifyAuditTrailReportForDelete" time="36.255" classname="com.tetherfi.test.tmac.AgentSettingsTest"/>
</testsuite> <!-- com.tetherfi.test.tmac.AgentSettingsTest -->
