<?xml version="1.0" encoding="UTF-8"?>
<!-- Generated by org.testng.reporters.JUnitReportReporter -->
<testsuite hostname="admin" failures="0" tests="1" name="com.tetherfi.test.reports.OCMChatbotInteractionreportTest" time="73.252" errors="0" timestamp="2020-06-21T13:02:24 IST" skipped="0">
  <testcase classname="com.tetherfi.test.reports.OCMChatbotInteractionreportTest" name="database" time="73.252"/>
</testsuite> <!-- com.tetherfi.test.reports.OCMChatbotInteractionreportTest -->
