<?xml version="1.0" encoding="UTF-8"?>
<!-- Generated by org.testng.reporters.JUnitReportReporter -->
<testsuite skipped="0" hostname="TTF-BLR-SANTOSHKOUJALAGI" name="com.tetherfi.test.fax.FaxLineConfigTest" tests="40" failures="1" timestamp="2021-08-11T00:47:34 IST" time="556.829" errors="0">
  <testcase name="FaxLineConfigPage" time="2.777" classname="com.tetherfi.test.fax.FaxLineConfigTest"/>
  <testcase name="AddFaxLineConfigRecord" time="15.073" classname="com.tetherfi.test.fax.FaxLineConfigTest"/>
  <testcase name="AddFaxLineConfigRecord1" time="13.842" classname="com.tetherfi.test.fax.FaxLineConfigTest"/>
  <testcase name="SendersLink" time="38.350" classname="com.tetherfi.test.fax.FaxLineConfigTest"/>
  <testcase name="AutoAckLink" time="41.364" classname="com.tetherfi.test.fax.FaxLineConfigTest"/>
  <testcase name="RoutesLink" time="72.789" classname="com.tetherfi.test.fax.FaxLineConfigTest">
    <failure type="java.lang.AssertionError" message="expected [Record Created Successfully] but found [Record Creation Failed]">
      <![CDATA[java.lang.AssertionError: expected [Record Created Successfully] but found [Record Creation Failed]
at org.testng.Assert.fail(Assert.java:97)
at org.testng.Assert.assertEqualsImpl(Assert.java:136)
at org.testng.Assert.assertEquals(Assert.java:118)
at org.testng.Assert.assertEquals(Assert.java:575)
at org.testng.Assert.assertEquals(Assert.java:585)
at com.tetherfi.test.fax.FaxLineConfigTest.RoutesLink(FaxLineConfigTest.java:135)
at sun.reflect.NativeMethodAccessorImpl.invoke0(Native Method)
at sun.reflect.NativeMethodAccessorImpl.invoke(Unknown Source)
at sun.reflect.DelegatingMethodAccessorImpl.invoke(Unknown Source)
at java.lang.reflect.Method.invoke(Unknown Source)
at org.testng.internal.MethodInvocationHelper.invokeMethod(MethodInvocationHelper.java:133)
at org.testng.internal.TestInvoker.invokeMethod(TestInvoker.java:584)
at org.testng.internal.TestInvoker.invokeTestMethod(TestInvoker.java:172)
at org.testng.internal.MethodRunner.runInSequence(MethodRunner.java:46)
at org.testng.internal.TestInvoker$MethodInvocationAgent.invoke(TestInvoker.java:804)
at org.testng.internal.TestInvoker.invokeTestMethods(TestInvoker.java:145)
at org.testng.internal.TestMethodWorker.invokeTestMethods(TestMethodWorker.java:146)
at org.testng.internal.TestMethodWorker.run(TestMethodWorker.java:128)
at java.util.ArrayList.forEach(Unknown Source)
at org.testng.TestRunner.privateRun(TestRunner.java:770)
at org.testng.TestRunner.run(TestRunner.java:591)
at org.testng.SuiteRunner.runTest(SuiteRunner.java:402)
at org.testng.SuiteRunner.runSequentially(SuiteRunner.java:396)
at org.testng.SuiteRunner.privateRun(SuiteRunner.java:355)
at org.testng.SuiteRunner.run(SuiteRunner.java:304)
at org.testng.SuiteRunnerWorker.runSuite(SuiteRunnerWorker.java:53)
at org.testng.SuiteRunnerWorker.run(SuiteRunnerWorker.java:96)
at org.testng.TestNG.runSuitesSequentially(TestNG.java:1180)
at org.testng.TestNG.runSuitesLocally(TestNG.java:1102)
at org.testng.TestNG.runSuites(TestNG.java:1032)
at org.testng.TestNG.run(TestNG.java:1000)
at org.testng.remote.AbstractRemoteTestNG.run(AbstractRemoteTestNG.java:115)
at org.testng.remote.RemoteTestNG.initAndRun(RemoteTestNG.java:251)
at org.testng.remote.RemoteTestNG.main(RemoteTestNG.java:77)
]]>
    </failure>
  </testcase> <!-- RoutesLink -->
  <testcase name="AddDuplicateFaxLineConfigRecord" time="11.363" classname="com.tetherfi.test.fax.FaxLineConfigTest"/>
  <testcase name="AddInvalidFaxLineConfigRecordWithoutInput" time="6.050" classname="com.tetherfi.test.fax.FaxLineConfigTest"/>
  <testcase name="AddInvalidFaxLineConfigRecordWithoutFaxLine" time="10.356" classname="com.tetherfi.test.fax.FaxLineConfigTest"/>
  <testcase name="AddInvalidFaxLineConfigRecordWithoutFaxLineName" time="9.524" classname="com.tetherfi.test.fax.FaxLineConfigTest"/>
  <testcase name="AddInvalidFaxLineConfigRecordWithoutDescription" time="9.305" classname="com.tetherfi.test.fax.FaxLineConfigTest"/>
  <testcase name="AddInvalidFaxLineConfigRecordWithoutStatus" time="9.522" classname="com.tetherfi.test.fax.FaxLineConfigTest"/>
  <testcase name="AddInvalidFaxLineConfigRecordWithoutSendStatus" time="10.556" classname="com.tetherfi.test.fax.FaxLineConfigTest"/>
  <testcase name="AddInvalidFaxLineConfigRecordWithoutRecieveStatus" time="9.875" classname="com.tetherfi.test.fax.FaxLineConfigTest"/>
  <testcase name="EditFaxLineConfigCancelRecord" time="12.187" classname="com.tetherfi.test.fax.FaxLineConfigTest"/>
  <testcase name="EditInvalidFaxLineConfigRecord" time="11.872" classname="com.tetherfi.test.fax.FaxLineConfigTest"/>
  <testcase name="EditFaxLineConfigRecord" time="14.906" classname="com.tetherfi.test.fax.FaxLineConfigTest"/>
  <testcase name="searchPage" time="5.629" classname="com.tetherfi.test.fax.FaxLineConfigTest"/>
  <testcase name="searchwithoutSearchTextbox" time="5.712" classname="com.tetherfi.test.fax.FaxLineConfigTest"/>
  <testcase name="database" time="9.014" classname="com.tetherfi.test.fax.FaxLineConfigTest"/>
  <testcase name="DeleteCancelFaxLineConfigRecord" time="11.708" classname="com.tetherfi.test.fax.FaxLineConfigTest"/>
  <testcase name="DeleteFaxLineConfigRecordWithoutReason" time="11.642" classname="com.tetherfi.test.fax.FaxLineConfigTest"/>
  <testcase name="DeleteFaxLineConfigRecord" time="15.116" classname="com.tetherfi.test.fax.FaxLineConfigTest"/>
  <testcase name="SearchClearSearch" time="8.493" classname="com.tetherfi.test.fax.FaxLineConfigTest"/>
  <testcase name="ExportToExcel" time="4.597" classname="com.tetherfi.test.fax.FaxLineConfigTest"/>
  <testcase name="ExportToExcelData" time="4.836" classname="com.tetherfi.test.fax.FaxLineConfigTest"/>
  <testcase name="ExporttoExcelWithoutData" time="9.144" classname="com.tetherfi.test.fax.FaxLineConfigTest"/>
  <testcase name="SortingByAscending" time="8.791" classname="com.tetherfi.test.fax.FaxLineConfigTest"/>
  <testcase name="SortingByDescending" time="10.309" classname="com.tetherfi.test.fax.FaxLineConfigTest"/>
  <testcase name="GroupBy" time="5.001" classname="com.tetherfi.test.fax.FaxLineConfigTest"/>
  <testcase name="VerifyArrowMoveForPreviousAndNextPage" time="1.817" classname="com.tetherfi.test.fax.FaxLineConfigTest"/>
  <testcase name="VerifyArrowMoveForFirstAndLastPage" time="2.080" classname="com.tetherfi.test.fax.FaxLineConfigTest"/>
  <testcase name="VerifyTotalNumberOfItemsPerPageDetails" time="2.068" classname="com.tetherfi.test.fax.FaxLineConfigTest"/>
  <testcase name="VerifyNumberOfItemsPerPageSelection" time="7.896" classname="com.tetherfi.test.fax.FaxLineConfigTest"/>
  <testcase name="VerifyDropdownForAllTheColumns" time="12.190" classname="com.tetherfi.test.fax.FaxLineConfigTest"/>
  <testcase name="VerifyColumnsHeaderEnable" time="10.428" classname="com.tetherfi.test.fax.FaxLineConfigTest"/>
  <testcase name="VerifyColumnsHeaderDisable" time="12.634" classname="com.tetherfi.test.fax.FaxLineConfigTest"/>
  <testcase name="VerifyAuditTrialReportForCreate" time="33.684" classname="com.tetherfi.test.fax.FaxLineConfigTest"/>
  <testcase name="VerifyAuditTrialReportForUpdate" time="32.708" classname="com.tetherfi.test.fax.FaxLineConfigTest"/>
  <testcase name="VerifyAuditTrialReportForDelete" time="31.621" classname="com.tetherfi.test.fax.FaxLineConfigTest"/>
</testsuite> <!-- com.tetherfi.test.fax.FaxLineConfigTest -->
