<?xml version="1.0" encoding="UTF-8"?>
<!-- Generated by org.testng.reporters.JUnitReportReporter -->
<testsuite skipped="0" hostname="TTF-BLR-SANTOSHKOUJALAGI" name="com.tetherfi.test.chat.ChatMenuDescriptionTest" tests="19" failures="1" timestamp="2021-10-20T06:43:39 IST" time="325.905" errors="0">
  <testcase name="AddNewChatMenuDescriptionRecord" time="9.297" classname="com.tetherfi.test.chat.ChatMenuDescriptionTest"/>
  <testcase name="AddDuplicateChatMenuDescriptionRecord" time="11.606" classname="com.tetherfi.test.chat.ChatMenuDescriptionTest">
    <failure type="java.lang.AssertionError" message="expected [Duplicate MenuId] but found [Please Provide MenuId]">
      <![CDATA[java.lang.AssertionError: expected [Duplicate MenuId] but found [Please Provide MenuId]
at org.testng.Assert.fail(Assert.java:97)
at org.testng.Assert.assertEqualsImpl(Assert.java:136)
at org.testng.Assert.assertEquals(Assert.java:118)
at org.testng.Assert.assertEquals(Assert.java:575)
at org.testng.Assert.assertEquals(Assert.java:585)
at com.tetherfi.test.chat.ChatMenuDescriptionTest.AddDuplicateChatMenuDescriptionRecord(ChatMenuDescriptionTest.java:88)
at sun.reflect.NativeMethodAccessorImpl.invoke0(Native Method)
at sun.reflect.NativeMethodAccessorImpl.invoke(Unknown Source)
at sun.reflect.DelegatingMethodAccessorImpl.invoke(Unknown Source)
at java.lang.reflect.Method.invoke(Unknown Source)
at org.testng.internal.MethodInvocationHelper.invokeMethod(MethodInvocationHelper.java:133)
at org.testng.internal.TestInvoker.invokeMethod(TestInvoker.java:584)
at org.testng.internal.TestInvoker.invokeTestMethod(TestInvoker.java:172)
at org.testng.internal.MethodRunner.runInSequence(MethodRunner.java:46)
at org.testng.internal.TestInvoker$MethodInvocationAgent.invoke(TestInvoker.java:804)
at org.testng.internal.TestInvoker.invokeTestMethods(TestInvoker.java:145)
at org.testng.internal.TestMethodWorker.invokeTestMethods(TestMethodWorker.java:146)
at org.testng.internal.TestMethodWorker.run(TestMethodWorker.java:128)
at java.util.ArrayList.forEach(Unknown Source)
at org.testng.TestRunner.privateRun(TestRunner.java:770)
at org.testng.TestRunner.run(TestRunner.java:591)
at org.testng.SuiteRunner.runTest(SuiteRunner.java:402)
at org.testng.SuiteRunner.runSequentially(SuiteRunner.java:396)
at org.testng.SuiteRunner.privateRun(SuiteRunner.java:355)
at org.testng.SuiteRunner.run(SuiteRunner.java:304)
at org.testng.SuiteRunnerWorker.runSuite(SuiteRunnerWorker.java:53)
at org.testng.SuiteRunnerWorker.run(SuiteRunnerWorker.java:96)
at org.testng.TestNG.runSuitesSequentially(TestNG.java:1180)
at org.testng.TestNG.runSuitesLocally(TestNG.java:1102)
at org.testng.TestNG.runSuites(TestNG.java:1032)
at org.testng.TestNG.run(TestNG.java:1000)
at org.testng.remote.AbstractRemoteTestNG.run(AbstractRemoteTestNG.java:115)
at org.testng.remote.RemoteTestNG.initAndRun(RemoteTestNG.java:251)
at org.testng.remote.RemoteTestNG.main(RemoteTestNG.java:77)
]]>
    </failure>
  </testcase> <!-- AddDuplicateChatMenuDescriptionRecord -->
  <testcase name="VerifyAuditTrialReportForCreate" time="33.025" classname="com.tetherfi.test.chat.ChatMenuDescriptionTest"/>
  <testcase name="AddEmptyRecord" time="8.333" classname="com.tetherfi.test.chat.ChatMenuDescriptionTest"/>
  <testcase name="AddRecordWithoutMenuId" time="10.182" classname="com.tetherfi.test.chat.ChatMenuDescriptionTest"/>
  <testcase name="AddRecordWithoutIntent" time="8.185" classname="com.tetherfi.test.chat.ChatMenuDescriptionTest"/>
  <testcase name="AddRecordWithoutMenuName" time="8.821" classname="com.tetherfi.test.chat.ChatMenuDescriptionTest"/>
  <testcase name="VerifyCancelBtnAtAddRecord" time="29.135" classname="com.tetherfi.test.chat.ChatMenuDescriptionTest"/>
  <testcase name="EditChatMenuDescriptionRecord" time="15.941" classname="com.tetherfi.test.chat.ChatMenuDescriptionTest"/>
  <testcase name="VerifyAuditTrialReportForUpdate" time="35.644" classname="com.tetherfi.test.chat.ChatMenuDescriptionTest"/>
  <testcase name="EditWithoutModifyReasonRecord" time="14.240" classname="com.tetherfi.test.chat.ChatMenuDescriptionTest"/>
  <testcase name="VerifyCancelBtnAtEditRecord" time="37.689" classname="com.tetherfi.test.chat.ChatMenuDescriptionTest"/>
  <testcase name="ExportToExcel" time="9.295" classname="com.tetherfi.test.chat.ChatMenuDescriptionTest"/>
  <testcase name="ExportToExcelData" time="8.909" classname="com.tetherfi.test.chat.ChatMenuDescriptionTest"/>
  <testcase name="DeleteWithoutDeleteReasonRecord" time="12.321" classname="com.tetherfi.test.chat.ChatMenuDescriptionTest"/>
  <testcase name="VerifyCancelBtnAtDeleteChatMenuDescriptionRecord" time="13.574" classname="com.tetherfi.test.chat.ChatMenuDescriptionTest"/>
  <testcase name="DeleteChatMenuDescriptionRecord" time="13.508" classname="com.tetherfi.test.chat.ChatMenuDescriptionTest"/>
  <testcase name="VerifyAuditTrialReportForDelete" time="32.349" classname="com.tetherfi.test.chat.ChatMenuDescriptionTest"/>
  <testcase name="database" time="13.851" classname="com.tetherfi.test.chat.ChatMenuDescriptionTest"/>
</testsuite> <!-- com.tetherfi.test.chat.ChatMenuDescriptionTest -->
