<?xml version="1.0" encoding="UTF-8"?>
<!-- Generated by org.testng.reporters.JUnitReportReporter -->
<testsuite hostname="DESKTOP-O6A5C2O" failures="2" tests="22" name="com.tetherfi.test.tmac.AgentSettingsUITest" time="455.427" errors="0" timestamp="2019-12-20T18:08:24 IST" skipped="0">
  <testcase classname="com.tetherfi.test.tmac.AgentSettingsUITest" name="VerifyAgentSettingsModuleDisplay" time="7.419"/>
  <testcase classname="com.tetherfi.test.tmac.AgentSettingsUITest" name="VerifyAgentSettingsApprovedDataPage" time="7.033"/>
  <testcase classname="com.tetherfi.test.tmac.AgentSettingsUITest" name="VerifyAgentSettingsAuditTrailDataPage" time="13.274"/>
  <testcase classname="com.tetherfi.test.tmac.AgentSettingsUITest" name="VerifyMakeAgentSettingsChangeButton" time="18.374"/>
  <testcase classname="com.tetherfi.test.tmac.AgentSettingsUITest" name="VerifyAddNewAgentSettingsButton" time="18.696"/>
  <testcase classname="com.tetherfi.test.tmac.AgentSettingsUITest" name="VerifyClearAllAtSearchRecord" time="21.504"/>
  <testcase classname="com.tetherfi.test.tmac.AgentSettingsUITest" name="VerifyFullScreenButton" time="18.195"/>
  <testcase classname="com.tetherfi.test.tmac.AgentSettingsUITest" name="VerifyExportToExcel" time="24.791">
    <failure message="export to excel assertion failed did not expect to find [true] but found [false]" type="java.lang.AssertionError">
      <![CDATA[java.lang.AssertionError: export to excel assertion failed did not expect to find [true] but found [false]
at org.testng.Assert.fail(Assert.java:97)
at org.testng.Assert.failNotEquals(Assert.java:969)
at org.testng.Assert.assertTrue(Assert.java:43)
at com.tetherfi.test.tmac.AgentSettingsUITest.VerifyExportToExcel(AgentSettingsUITest.java:98)
at java.base/jdk.internal.reflect.NativeMethodAccessorImpl.invoke0(Native Method)
at java.base/jdk.internal.reflect.NativeMethodAccessorImpl.invoke(Unknown Source)
at java.base/jdk.internal.reflect.DelegatingMethodAccessorImpl.invoke(Unknown Source)
at java.base/java.lang.reflect.Method.invoke(Unknown Source)
at org.testng.internal.MethodInvocationHelper.invokeMethod(MethodInvocationHelper.java:133)
at org.testng.internal.TestInvoker.invokeMethod(TestInvoker.java:584)
at org.testng.internal.TestInvoker.invokeTestMethod(TestInvoker.java:172)
at org.testng.internal.MethodRunner.runInSequence(MethodRunner.java:46)
at org.testng.internal.TestInvoker$MethodInvocationAgent.invoke(TestInvoker.java:804)
at org.testng.internal.TestInvoker.invokeTestMethods(TestInvoker.java:145)
at org.testng.internal.TestMethodWorker.invokeTestMethods(TestMethodWorker.java:146)
at org.testng.internal.TestMethodWorker.run(TestMethodWorker.java:128)
at java.base/java.util.ArrayList.forEach(Unknown Source)
at org.testng.TestRunner.privateRun(TestRunner.java:770)
at org.testng.TestRunner.run(TestRunner.java:591)
at org.testng.SuiteRunner.runTest(SuiteRunner.java:402)
at org.testng.SuiteRunner.runSequentially(SuiteRunner.java:396)
at org.testng.SuiteRunner.privateRun(SuiteRunner.java:355)
at org.testng.SuiteRunner.run(SuiteRunner.java:304)
at org.testng.SuiteRunnerWorker.runSuite(SuiteRunnerWorker.java:53)
at org.testng.SuiteRunnerWorker.run(SuiteRunnerWorker.java:96)
at org.testng.TestNG.runSuitesSequentially(TestNG.java:1180)
at org.testng.TestNG.runSuitesLocally(TestNG.java:1102)
at org.testng.TestNG.runSuites(TestNG.java:1032)
at org.testng.TestNG.run(TestNG.java:1000)
at org.testng.remote.AbstractRemoteTestNG.run(AbstractRemoteTestNG.java:115)
at org.testng.remote.RemoteTestNG.initAndRun(RemoteTestNG.java:251)
at org.testng.remote.RemoteTestNG.main(RemoteTestNG.java:77)
]]>
    </failure>
  </testcase> <!-- VerifyExportToExcel -->
  <testcase classname="com.tetherfi.test.tmac.AgentSettingsUITest" name="VerifyExportToExcelWithoutData" time="25.512"/>
  <testcase classname="com.tetherfi.test.tmac.AgentSettingsUITest" name="VerifyDragAndDrop" time="17.870"/>
  <testcase classname="com.tetherfi.test.tmac.AgentSettingsUITest" name="VerifyDragAndDropofAlreadyGroupedHeader" time="19.666"/>
  <testcase classname="com.tetherfi.test.tmac.AgentSettingsUITest" name="VerifyDropdownForAllTheColumns" time="35.015"/>
  <testcase classname="com.tetherfi.test.tmac.AgentSettingsUITest" name="VerifyColumnsHeaderEnable" time="27.169"/>
  <testcase classname="com.tetherfi.test.tmac.AgentSettingsUITest" name="VerifyColumnsHeaderDisable" time="23.275">
    <failure message="columns disabled assertion failed did not expect to find [false] but found [true]" type="java.lang.AssertionError">
      <![CDATA[java.lang.AssertionError: columns disabled assertion failed did not expect to find [false] but found [true]
at org.testng.Assert.fail(Assert.java:97)
at org.testng.Assert.failNotEquals(Assert.java:969)
at org.testng.Assert.assertFalse(Assert.java:65)
at com.tetherfi.test.tmac.AgentSettingsUITest.VerifyColumnsHeaderDisable(AgentSettingsUITest.java:151)
at java.base/jdk.internal.reflect.NativeMethodAccessorImpl.invoke0(Native Method)
at java.base/jdk.internal.reflect.NativeMethodAccessorImpl.invoke(Unknown Source)
at java.base/jdk.internal.reflect.DelegatingMethodAccessorImpl.invoke(Unknown Source)
at java.base/java.lang.reflect.Method.invoke(Unknown Source)
at org.testng.internal.MethodInvocationHelper.invokeMethod(MethodInvocationHelper.java:133)
at org.testng.internal.TestInvoker.invokeMethod(TestInvoker.java:584)
at org.testng.internal.TestInvoker.invokeTestMethod(TestInvoker.java:172)
at org.testng.internal.MethodRunner.runInSequence(MethodRunner.java:46)
at org.testng.internal.TestInvoker$MethodInvocationAgent.invoke(TestInvoker.java:804)
at org.testng.internal.TestInvoker.invokeTestMethods(TestInvoker.java:145)
at org.testng.internal.TestMethodWorker.invokeTestMethods(TestMethodWorker.java:146)
at org.testng.internal.TestMethodWorker.run(TestMethodWorker.java:128)
at java.base/java.util.ArrayList.forEach(Unknown Source)
at org.testng.TestRunner.privateRun(TestRunner.java:770)
at org.testng.TestRunner.run(TestRunner.java:591)
at org.testng.SuiteRunner.runTest(SuiteRunner.java:402)
at org.testng.SuiteRunner.runSequentially(SuiteRunner.java:396)
at org.testng.SuiteRunner.privateRun(SuiteRunner.java:355)
at org.testng.SuiteRunner.run(SuiteRunner.java:304)
at org.testng.SuiteRunnerWorker.runSuite(SuiteRunnerWorker.java:53)
at org.testng.SuiteRunnerWorker.run(SuiteRunnerWorker.java:96)
at org.testng.TestNG.runSuitesSequentially(TestNG.java:1180)
at org.testng.TestNG.runSuitesLocally(TestNG.java:1102)
at org.testng.TestNG.runSuites(TestNG.java:1032)
at org.testng.TestNG.run(TestNG.java:1000)
at org.testng.remote.AbstractRemoteTestNG.run(AbstractRemoteTestNG.java:115)
at org.testng.remote.RemoteTestNG.initAndRun(RemoteTestNG.java:251)
at org.testng.remote.RemoteTestNG.main(RemoteTestNG.java:77)
]]>
    </failure>
  </testcase> <!-- VerifyColumnsHeaderDisable -->
  <testcase classname="com.tetherfi.test.tmac.AgentSettingsUITest" name="VerifyArrowMoveForPreviousAndNextPage" time="18.056"/>
  <testcase classname="com.tetherfi.test.tmac.AgentSettingsUITest" name="VerifyArrowMoveForFirstAndLastPage" time="18.385"/>
  <testcase classname="com.tetherfi.test.tmac.AgentSettingsUITest" name="VerifyTotalNumberOfItemsPerPageDetails" time="18.421"/>
  <testcase classname="com.tetherfi.test.tmac.AgentSettingsUITest" name="VerifyNumberOfItemsPerPageSelection" time="25.115"/>
  <testcase classname="com.tetherfi.test.tmac.AgentSettingsUITest" name="VerifyMandatoryFieldWarningMessage" time="18.094"/>
  <testcase classname="com.tetherfi.test.tmac.AgentSettingsUITest" name="VerifyCancelButtonAtRecordCreation" time="23.303"/>
  <testcase classname="com.tetherfi.test.tmac.AgentSettingsUITest" name="VerifyCancelButtonAtRecordEdit" time="28.785"/>
  <testcase classname="com.tetherfi.test.tmac.AgentSettingsUITest" name="VerifyCancelButtonAtRecordDelete" time="27.475"/>
</testsuite> <!-- com.tetherfi.test.tmac.AgentSettingsUITest -->
