<?xml version="1.0" encoding="UTF-8"?>
<!-- Generated by org.testng.reporters.JUnitReportReporter -->
<testsuite hostname="admin" failures="0" tests="1" name="com.tetherfi.test.reports.SkillHistoricalReportTest" time="25.267" errors="0" timestamp="2020-05-22T18:21:15 IST" skipped="0">
  <testcase classname="com.tetherfi.test.reports.SkillHistoricalReportTest" name="VerifyTotalNumberOfItemsPerPageDetailsFoDrillDowntwo" time="25.267"/>
</testsuite> <!-- com.tetherfi.test.reports.SkillHistoricalReportTest -->
