<?xml version="1.0" encoding="UTF-8"?>
<!-- Generated by org.testng.reporters.JUnitReportReporter -->
<testsuite skipped="0" hostname="LAPTOP-NKH1C2HF" name="com.tetherfi.test.UserOnBoardingDeleteTest" tests="15" failures="0" timestamp="2021-05-14T13:11:08 IST" time="740.475" errors="0">
  <testcase name="DeleteCancelUserOnBoardingRecord" time="37.416" classname="com.tetherfi.test.UserOnBoardingDeleteTest"/>
  <testcase name="DeleteRevertUserOnBoardingRecord" time="40.846" classname="com.tetherfi.test.UserOnBoardingDeleteTest"/>
  <testcase name="VerifyRevertForDeleteRecord" time="41.930" classname="com.tetherfi.test.UserOnBoardingDeleteTest"/>
  <testcase name="VerifyAuditTrialReportForRevertDelete" time="58.901" classname="com.tetherfi.test.UserOnBoardingDeleteTest"/>
  <testcase name="RejectDeleteRecord" time="44.522" classname="com.tetherfi.test.UserOnBoardingDeleteTest"/>
  <testcase name="VerifySendForApprovalForDeleteNewRecord" time="49.490" classname="com.tetherfi.test.UserOnBoardingDeleteTest"/>
  <testcase name="RejectforDeleteUserOnBoardingRecord" time="35.540" classname="com.tetherfi.test.UserOnBoardingDeleteTest"/>
  <testcase name="VerifyAuditTrailReportForReject" time="68.698" classname="com.tetherfi.test.UserOnBoardingDeleteTest"/>
  <testcase name="DeleteUserOnBoardingRecord" time="46.731" classname="com.tetherfi.test.UserOnBoardingDeleteTest"/>
  <testcase name="VerifyAuditTrialReportForDelete" time="66.226" classname="com.tetherfi.test.UserOnBoardingDeleteTest"/>
  <testcase name="VerifyAuditTrailDataForDeleteUserOnBoardingRecord" time="35.518" classname="com.tetherfi.test.UserOnBoardingDeleteTest"/>
  <testcase name="VerifySendForApprovalForDeleteRecord" time="42.179" classname="com.tetherfi.test.UserOnBoardingDeleteTest"/>
  <testcase name="VerifyAuditTrailReportForSendForApprove" time="64.097" classname="com.tetherfi.test.UserOnBoardingDeleteTest"/>
  <testcase name="ApproveforDeleteUserOnBoardingRecord" time="43.548" classname="com.tetherfi.test.UserOnBoardingDeleteTest"/>
  <testcase name="VerifyAuditTrailReportForApprove" time="64.833" classname="com.tetherfi.test.UserOnBoardingDeleteTest"/>
</testsuite> <!-- com.tetherfi.test.UserOnBoardingDeleteTest -->
