<?xml version="1.0" encoding="UTF-8"?>
<!-- Generated by org.testng.reporters.JUnitReportReporter -->
<testsuite hostname="admin" failures="0" tests="35" name="com.tetherfi.test.ivr.VBEnrollmentFlagTest" time="2.774" errors="1" timestamp="08 May 2019 07:11:32 GMT" skipped="34">
  <testcase classname="com.tetherfi.test.ivr.VBEnrollmentFlagTest" name="openApplication" time="2.772">
    <error type="java.lang.NullPointerException">
      <![CDATA[java.lang.NullPointerException
	at com.tetherfi.test.BaseTest.openApplication(BaseTest.java:37)
	at java.base/jdk.internal.reflect.NativeMethodAccessorImpl.invoke0(Native Method)
	at java.base/jdk.internal.reflect.NativeMethodAccessorImpl.invoke(Unknown Source)
	at java.base/jdk.internal.reflect.DelegatingMethodAccessorImpl.invoke(Unknown Source)
	at java.base/java.lang.reflect.Method.invoke(Unknown Source)
	at org.testng.internal.MethodInvocationHelper.invokeMethod(MethodInvocationHelper.java:108)
	at org.testng.internal.Invoker.invokeConfigurationMethod(Invoker.java:523)
	at org.testng.internal.Invoker.invokeConfigurations(Invoker.java:224)
	at org.testng.internal.Invoker.invokeConfigurations(Invoker.java:146)
	at org.testng.internal.TestMethodWorker.invokeBeforeClassMethods(TestMethodWorker.java:166)
	at org.testng.internal.TestMethodWorker.run(TestMethodWorker.java:105)
	at org.testng.TestRunner.privateRun(TestRunner.java:744)
	at org.testng.TestRunner.run(TestRunner.java:602)
	at org.testng.SuiteRunner.runTest(SuiteRunner.java:380)
	at org.testng.SuiteRunner.runSequentially(SuiteRunner.java:375)
	at org.testng.SuiteRunner.privateRun(SuiteRunner.java:340)
	at org.testng.SuiteRunner.run(SuiteRunner.java:289)
	at org.testng.SuiteRunnerWorker.runSuite(SuiteRunnerWorker.java:52)
	at org.testng.SuiteRunnerWorker.run(SuiteRunnerWorker.java:86)
	at org.testng.TestNG.runSuitesSequentially(TestNG.java:1301)
	at org.testng.TestNG.runSuitesLocally(TestNG.java:1226)
	at org.testng.TestNG.runSuites(TestNG.java:1144)
	at org.testng.TestNG.run(TestNG.java:1115)
	at org.testng.remote.AbstractRemoteTestNG.run(AbstractRemoteTestNG.java:114)
	at org.testng.remote.RemoteTestNG.initAndRun(RemoteTestNG.java:251)
	at org.testng.remote.RemoteTestNG.main(RemoteTestNG.java:77)
]]>
    </error>
  </testcase> <!-- openApplication -->
  <testcase classname="com.tetherfi.test.ivr.VBEnrollmentFlagTest" name="VbEnrollmentFlagPage" time="0.001">
    <skipped/>
  </testcase> <!-- VbEnrollmentFlagPage -->
  <testcase classname="com.tetherfi.test.ivr.VBEnrollmentFlagTest" name="VerifyDropdownForAllTheColumns" time="0.000">
    <skipped/>
  </testcase> <!-- VerifyDropdownForAllTheColumns -->
  <testcase classname="com.tetherfi.test.ivr.VBEnrollmentFlagTest" name="VerifyColumnsHeaderEnable" time="0.000">
    <skipped/>
  </testcase> <!-- VerifyColumnsHeaderEnable -->
  <testcase classname="com.tetherfi.test.ivr.VBEnrollmentFlagTest" name="VerifyColumnsHeaderDisable" time="0.000">
    <skipped/>
  </testcase> <!-- VerifyColumnsHeaderDisable -->
  <testcase classname="com.tetherfi.test.ivr.VBEnrollmentFlagTest" name="AddNewVBEnrollmentFlagRecord" time="0.000">
    <skipped/>
  </testcase> <!-- AddNewVBEnrollmentFlagRecord -->
  <testcase classname="com.tetherfi.test.ivr.VBEnrollmentFlagTest" name="AddDuplicateVBEnrollmentFlagRecord" time="0.000">
    <skipped/>
  </testcase> <!-- AddDuplicateVBEnrollmentFlagRecord -->
  <testcase classname="com.tetherfi.test.ivr.VBEnrollmentFlagTest" name="VerifyAuditTrialReportForCreate" time="0.000">
    <skipped/>
  </testcase> <!-- VerifyAuditTrialReportForCreate -->
  <testcase classname="com.tetherfi.test.ivr.VBEnrollmentFlagTest" name="AddEmptyRecord" time="0.000">
    <skipped/>
  </testcase> <!-- AddEmptyRecord -->
  <testcase classname="com.tetherfi.test.ivr.VBEnrollmentFlagTest" name="AddRecordWithoutDNIS" time="0.000">
    <skipped/>
  </testcase> <!-- AddRecordWithoutDNIS -->
  <testcase classname="com.tetherfi.test.ivr.VBEnrollmentFlagTest" name="AddRecordWithoutHotLineName" time="0.000">
    <skipped/>
  </testcase> <!-- AddRecordWithoutHotLineName -->
  <testcase classname="com.tetherfi.test.ivr.VBEnrollmentFlagTest" name="AddRecordWithoutEnrollmentFlag" time="0.000">
    <skipped/>
  </testcase> <!-- AddRecordWithoutEnrollmentFlag -->
  <testcase classname="com.tetherfi.test.ivr.VBEnrollmentFlagTest" name="VerifyCancelBtnAtAddRecord" time="0.000">
    <skipped/>
  </testcase> <!-- VerifyCancelBtnAtAddRecord -->
  <testcase classname="com.tetherfi.test.ivr.VBEnrollmentFlagTest" name="EditVBEnrollmentFlagRecord" time="0.000">
    <skipped/>
  </testcase> <!-- EditVBEnrollmentFlagRecord -->
  <testcase classname="com.tetherfi.test.ivr.VBEnrollmentFlagTest" name="VerifyAuditTrialReportForUpdate" time="0.000">
    <skipped/>
  </testcase> <!-- VerifyAuditTrialReportForUpdate -->
  <testcase classname="com.tetherfi.test.ivr.VBEnrollmentFlagTest" name="EditWithoutModifyReasonRecord" time="0.000">
    <skipped/>
  </testcase> <!-- EditWithoutModifyReasonRecord -->
  <testcase classname="com.tetherfi.test.ivr.VBEnrollmentFlagTest" name="VerifyCancelBtnAtEditRecord" time="0.000">
    <skipped/>
  </testcase> <!-- VerifyCancelBtnAtEditRecord -->
  <testcase classname="com.tetherfi.test.ivr.VBEnrollmentFlagTest" name="searchPage" time="0.000">
    <skipped/>
  </testcase> <!-- searchPage -->
  <testcase classname="com.tetherfi.test.ivr.VBEnrollmentFlagTest" name="searchwithoutSearchTextbox" time="0.001">
    <skipped/>
  </testcase> <!-- searchwithoutSearchTextbox -->
  <testcase classname="com.tetherfi.test.ivr.VBEnrollmentFlagTest" name="ExportToExcel" time="0.000">
    <skipped/>
  </testcase> <!-- ExportToExcel -->
  <testcase classname="com.tetherfi.test.ivr.VBEnrollmentFlagTest" name="ExportToExcelData" time="0.000">
    <skipped/>
  </testcase> <!-- ExportToExcelData -->
  <testcase classname="com.tetherfi.test.ivr.VBEnrollmentFlagTest" name="DeleteWithoutDeleteReasonRecord" time="0.000">
    <skipped/>
  </testcase> <!-- DeleteWithoutDeleteReasonRecord -->
  <testcase classname="com.tetherfi.test.ivr.VBEnrollmentFlagTest" name="VerifyCancelBtnAtDeleteVBEnrollmentFlagRecord" time="0.000">
    <skipped/>
  </testcase> <!-- VerifyCancelBtnAtDeleteVBEnrollmentFlagRecord -->
  <testcase classname="com.tetherfi.test.ivr.VBEnrollmentFlagTest" name="DeleteVBEnrollmentFlagRecord" time="0.000">
    <skipped/>
  </testcase> <!-- DeleteVBEnrollmentFlagRecord -->
  <testcase classname="com.tetherfi.test.ivr.VBEnrollmentFlagTest" name="SearchClearSearch" time="0.000">
    <skipped/>
  </testcase> <!-- SearchClearSearch -->
  <testcase classname="com.tetherfi.test.ivr.VBEnrollmentFlagTest" name="VerifyAuditTrialReportForDelete" time="0.000">
    <skipped/>
  </testcase> <!-- VerifyAuditTrialReportForDelete -->
  <testcase classname="com.tetherfi.test.ivr.VBEnrollmentFlagTest" name="ExporttoExcelWithoutData" time="0.000">
    <skipped/>
  </testcase> <!-- ExporttoExcelWithoutData -->
  <testcase classname="com.tetherfi.test.ivr.VBEnrollmentFlagTest" name="SortingByAscending" time="0.000">
    <skipped/>
  </testcase> <!-- SortingByAscending -->
  <testcase classname="com.tetherfi.test.ivr.VBEnrollmentFlagTest" name="SortingByDescending" time="0.000">
    <skipped/>
  </testcase> <!-- SortingByDescending -->
  <testcase classname="com.tetherfi.test.ivr.VBEnrollmentFlagTest" name="GroupBy" time="0.000">
    <skipped/>
  </testcase> <!-- GroupBy -->
  <testcase classname="com.tetherfi.test.ivr.VBEnrollmentFlagTest" name="VerifyArrowMoveForPreviousAndNextPage" time="0.000">
    <skipped/>
  </testcase> <!-- VerifyArrowMoveForPreviousAndNextPage -->
  <testcase classname="com.tetherfi.test.ivr.VBEnrollmentFlagTest" name="VerifyArrowMoveForFirstAndLastPage" time="0.000">
    <skipped/>
  </testcase> <!-- VerifyArrowMoveForFirstAndLastPage -->
  <testcase classname="com.tetherfi.test.ivr.VBEnrollmentFlagTest" name="VerifyTotalNumberOfItemsPerPageDetails" time="0.000">
    <skipped/>
  </testcase> <!-- VerifyTotalNumberOfItemsPerPageDetails -->
  <testcase classname="com.tetherfi.test.ivr.VBEnrollmentFlagTest" name="VerifyNumberOfItemsPerPageSelection" time="0.000">
    <skipped/>
  </testcase> <!-- VerifyNumberOfItemsPerPageSelection -->
  <testcase classname="com.tetherfi.test.ivr.VBEnrollmentFlagTest" name="database" time="0.000">
    <skipped/>
  </testcase> <!-- database -->
</testsuite> <!-- com.tetherfi.test.ivr.VBEnrollmentFlagTest -->
