<?xml version="1.0" encoding="UTF-8"?>
<!-- Generated by org.testng.reporters.JUnitReportReporter -->
<testsuite skipped="0" hostname="DESKTOP-NJVBPFB" name="com.tetherfi.test.sms.SmsResponseTemplateTest" tests="4" failures="0" timestamp="2020-05-08T10:25:23 IST" time="48.580" errors="0">
  <testcase name="SmsResponseTemplatePage" time="7.962" classname="com.tetherfi.test.sms.SmsResponseTemplateTest"/>
  <testcase name="AddNewSMSRecord" time="10.936" classname="com.tetherfi.test.sms.SmsResponseTemplateTest"/>
  <testcase name="EditSmsResponseTemplateRecord" time="13.766" classname="com.tetherfi.test.sms.SmsResponseTemplateTest"/>
  <testcase name="DeleteSmsResponseTemplateRecord" time="15.916" classname="com.tetherfi.test.sms.SmsResponseTemplateTest"/>
</testsuite> <!-- com.tetherfi.test.sms.SmsResponseTemplateTest -->
