<?xml version="1.0" encoding="UTF-8"?>
<!-- Generated by org.testng.reporters.JUnitReportReporter -->
<testsuite skipped="0" hostname="admin" name="com.tetherfi.test.UserManagementOtherAppsE2ETest" tests="3" failures="0" timestamp="18 Feb 2019 11:46:47 GMT" time="189.287" errors="0">
  <testcase name="VerifyIWChatMakerCheckerAccess" time="64.408" classname="com.tetherfi.test.UserManagementOtherAppsE2ETest"/>
  <testcase name="VerifyIWChatCheckerAccess" time="71.521" classname="com.tetherfi.test.UserManagementOtherAppsE2ETest"/>
  <testcase name="VerifyIWChatMakerAccess" time="53.358" classname="com.tetherfi.test.UserManagementOtherAppsE2ETest"/>
</testsuite> <!-- com.tetherfi.test.UserManagementOtherAppsE2ETest -->
