<?xml version="1.0" encoding="UTF-8"?>
<!-- Generated by org.testng.reporters.JUnitReportReporter -->
<testsuite hostname="DESKTOP-O6A5C2O" failures="0" tests="15" name="com.tetherfi.test.UserRoleMappingDeleteTest" time="774.851" errors="2" timestamp="2020-04-05T21:11:45 IST" skipped="1">
  <testcase classname="com.tetherfi.test.UserRoleMappingDeleteTest" name="DeleteCancelUserRoleMappingRecord" time="47.699"/>
  <testcase classname="com.tetherfi.test.UserRoleMappingDeleteTest" name="DeleteWithoutModifyReasonRecord" time="50.126"/>
  <testcase classname="com.tetherfi.test.UserRoleMappingDeleteTest" name="DeleteRecord" time="51.492"/>
  <testcase classname="com.tetherfi.test.UserRoleMappingDeleteTest" name="VerifyRevertForDeleteRecord" time="44.505"/>
  <testcase classname="com.tetherfi.test.UserRoleMappingDeleteTest" name="VerifyAuditTrialReportForRevertDelete" time="74.829"/>
  <testcase classname="com.tetherfi.test.UserRoleMappingDeleteTest" name="RejectDeleteRecord" time="43.044">
    <error message="stale element reference: element is not attached to the page document
  (Session info: chrome=79.0.3945.79)
For documentation on this error, please visit: https://www.seleniumhq.org/exceptions/stale_element_reference.html
Build info: version: &#039;3.141.59&#039;, revision: &#039;e82be7d358&#039;, time: &#039;2018-11-14T08:17:03&#039;
System info: host: &#039;DESKTOP-O6A5C2O&#039;, ip: &#039;10.0.75.1&#039;, os.name: &#039;Windows 10&#039;, os.arch: &#039;amd64&#039;, os.version: &#039;10.0&#039;, java.version: &#039;9.0.4&#039;
Driver info: org.openqa.selenium.chrome.ChromeDriver
Capabilities {acceptInsecureCerts: false, browserName: chrome, browserVersion: 79.0.3945.79, chrome: {chromedriverVersion: 79.0.3945.36 (3582db32b3389..., userDataDir: C:\Users\admin\AppData\Loca...}, goog:chromeOptions: {debuggerAddress: localhost:62103}, javascriptEnabled: true, networkConnectionEnabled: false, pageLoadStrategy: normal, platform: WINDOWS, platformName: WINDOWS, proxy: Proxy(), setWindowRect: true, strictFileInteractability: false, timeouts: {implicit: 0, pageLoad: 300000, script: 30000}, unhandledPromptBehavior: dismiss and notify}
Session ID: 2043cc0fc3f65678731c08d988cdfaf3" type="org.openqa.selenium.StaleElementReferenceException">
      <![CDATA[org.openqa.selenium.StaleElementReferenceException: stale element reference: element is not attached to the page document
  (Session info: chrome=79.0.3945.79)
For documentation on this error, please visit: https://www.seleniumhq.org/exceptions/stale_element_reference.html
Build info: version: '3.141.59', revision: 'e82be7d358', time: '2018-11-14T08:17:03'
System info: host: 'DESKTOP-O6A5C2O', ip: '10.0.75.1', os.name: 'Windows 10', os.arch: 'amd64', os.version: '10.0', java.version: '9.0.4'
Driver info: org.openqa.selenium.chrome.ChromeDriver
Capabilities {acceptInsecureCerts: false, browserName: chrome, browserVersion: 79.0.3945.79, chrome: {chromedriverVersion: 79.0.3945.36 (3582db32b3389..., userDataDir: C:\Users\admin\AppData\Loca...}, goog:chromeOptions: {debuggerAddress: localhost:62103}, javascriptEnabled: true, networkConnectionEnabled: false, pageLoadStrategy: normal, platform: WINDOWS, platformName: WINDOWS, proxy: Proxy(), setWindowRect: true, strictFileInteractability: false, timeouts: {implicit: 0, pageLoad: 300000, script: 30000}, unhandledPromptBehavior: dismiss and notify}
Session ID: 2043cc0fc3f65678731c08d988cdfaf3
at java.base/jdk.internal.reflect.NativeConstructorAccessorImpl.newInstance0(Native Method)
at java.base/jdk.internal.reflect.NativeConstructorAccessorImpl.newInstance(Unknown Source)
at java.base/jdk.internal.reflect.DelegatingConstructorAccessorImpl.newInstance(Unknown Source)
at java.base/java.lang.reflect.Constructor.newInstance(Unknown Source)
at org.openqa.selenium.remote.http.W3CHttpResponseCodec.createException(W3CHttpResponseCodec.java:187)
at org.openqa.selenium.remote.http.W3CHttpResponseCodec.decode(W3CHttpResponseCodec.java:122)
at org.openqa.selenium.remote.http.W3CHttpResponseCodec.decode(W3CHttpResponseCodec.java:49)
at org.openqa.selenium.remote.HttpCommandExecutor.execute(HttpCommandExecutor.java:158)
at org.openqa.selenium.remote.service.DriverCommandExecutor.execute(DriverCommandExecutor.java:83)
at org.openqa.selenium.remote.RemoteWebDriver.execute(RemoteWebDriver.java:552)
at org.openqa.selenium.remote.RemoteWebElement.execute(RemoteWebElement.java:285)
at org.openqa.selenium.remote.RemoteWebElement.isDisplayed(RemoteWebElement.java:326)
at org.openqa.selenium.support.ui.ExpectedConditions.elementIfVisible(ExpectedConditions.java:314)
at org.openqa.selenium.support.ui.ExpectedConditions.access$000(ExpectedConditions.java:43)
at org.openqa.selenium.support.ui.ExpectedConditions$10.apply(ExpectedConditions.java:300)
at org.openqa.selenium.support.ui.ExpectedConditions$10.apply(ExpectedConditions.java:297)
at org.openqa.selenium.support.ui.ExpectedConditions$23.apply(ExpectedConditions.java:670)
at org.openqa.selenium.support.ui.ExpectedConditions$23.apply(ExpectedConditions.java:666)
at org.openqa.selenium.support.ui.FluentWait.until(FluentWait.java:249)
at com.tetherfi.pages.BasePage.waitUntilWebElementListIsClickable(BasePage.java:266)
at com.tetherfi.pages.BasePage.selectDropdownFromVisibleText(BasePage.java:336)
at com.tetherfi.pages.NewUserRoleMappingPage.searchUserRoleMappingRecord(NewUserRoleMappingPage.java:574)
at com.tetherfi.pages.NewUserRoleMappingPage.DeleteUserRoleMappingRecord(NewUserRoleMappingPage.java:1524)
at com.tetherfi.test.UserRoleMappingDeleteTest.RejectDeleteRecord(UserRoleMappingDeleteTest.java:120)
at java.base/jdk.internal.reflect.NativeMethodAccessorImpl.invoke0(Native Method)
at java.base/jdk.internal.reflect.NativeMethodAccessorImpl.invoke(Unknown Source)
at java.base/jdk.internal.reflect.DelegatingMethodAccessorImpl.invoke(Unknown Source)
at java.base/java.lang.reflect.Method.invoke(Unknown Source)
at org.testng.internal.MethodInvocationHelper.invokeMethod(MethodInvocationHelper.java:133)
at org.testng.internal.TestInvoker.invokeMethod(TestInvoker.java:584)
at org.testng.internal.TestInvoker.invokeTestMethod(TestInvoker.java:172)
at org.testng.internal.MethodRunner.runInSequence(MethodRunner.java:46)
at org.testng.internal.TestInvoker$MethodInvocationAgent.invoke(TestInvoker.java:804)
at org.testng.internal.TestInvoker.invokeTestMethods(TestInvoker.java:145)
at org.testng.internal.TestMethodWorker.invokeTestMethods(TestMethodWorker.java:146)
at org.testng.internal.TestMethodWorker.run(TestMethodWorker.java:128)
at java.base/java.util.ArrayList.forEach(Unknown Source)
at org.testng.TestRunner.privateRun(TestRunner.java:770)
at org.testng.TestRunner.run(TestRunner.java:591)
at org.testng.SuiteRunner.runTest(SuiteRunner.java:402)
at org.testng.SuiteRunner.runSequentially(SuiteRunner.java:396)
at org.testng.SuiteRunner.privateRun(SuiteRunner.java:355)
at org.testng.SuiteRunner.run(SuiteRunner.java:304)
at org.testng.SuiteRunnerWorker.runSuite(SuiteRunnerWorker.java:53)
at org.testng.SuiteRunnerWorker.run(SuiteRunnerWorker.java:96)
at org.testng.TestNG.runSuitesSequentially(TestNG.java:1180)
at org.testng.TestNG.runSuitesLocally(TestNG.java:1102)
at org.testng.TestNG.runSuites(TestNG.java:1032)
at org.testng.TestNG.run(TestNG.java:1000)
at org.testng.remote.AbstractRemoteTestNG.run(AbstractRemoteTestNG.java:115)
at org.testng.remote.RemoteTestNG.initAndRun(RemoteTestNG.java:251)
at org.testng.remote.RemoteTestNG.main(RemoteTestNG.java:77)
]]>
    </error>
  </testcase> <!-- RejectDeleteRecord -->
  <testcase classname="com.tetherfi.test.UserRoleMappingDeleteTest" name="VerifySendForApprovalForRejectDeleteNewRecord" time="37.256">
    <skipped/>
  </testcase> <!-- VerifySendForApprovalForRejectDeleteNewRecord -->
  <testcase classname="com.tetherfi.test.UserRoleMappingDeleteTest" name="RejectforDeleteUserRoleMappingRecord" time="61.330">
    <error message="Expected condition failed: waiting for element to be clickable: [[[[[[[[ChromeDriver: chrome on WINDOWS (947b7206690bf414d10b173c29287e08)] -&gt; id: grid]] -&gt; tag name: tr]] -&gt; tag name: td]] -&gt; id: isEnabled] (tried for 20 second(s) with 500 milliseconds interval)
Build info: version: &#039;3.141.59&#039;, revision: &#039;e82be7d358&#039;, time: &#039;2018-11-14T08:17:03&#039;
System info: host: &#039;DESKTOP-O6A5C2O&#039;, ip: &#039;10.0.75.1&#039;, os.name: &#039;Windows 10&#039;, os.arch: &#039;amd64&#039;, os.version: &#039;10.0&#039;, java.version: &#039;9.0.4&#039;
Driver info: org.openqa.selenium.chrome.ChromeDriver
Capabilities {acceptInsecureCerts: false, browserName: chrome, browserVersion: 79.0.3945.79, chrome: {chromedriverVersion: 79.0.3945.36 (3582db32b3389..., userDataDir: C:\Users\admin\AppData\Loca...}, goog:chromeOptions: {debuggerAddress: localhost:62129}, javascriptEnabled: true, networkConnectionEnabled: false, pageLoadStrategy: normal, platform: WINDOWS, platformName: WINDOWS, proxy: Proxy(), setWindowRect: true, strictFileInteractability: false, timeouts: {implicit: 0, pageLoad: 300000, script: 30000}, unhandledPromptBehavior: dismiss and notify}
Session ID: 947b7206690bf414d10b173c29287e08" type="org.openqa.selenium.TimeoutException">
      <![CDATA[org.openqa.selenium.TimeoutException: Expected condition failed: waiting for element to be clickable: [[[[[[[[ChromeDriver: chrome on WINDOWS (947b7206690bf414d10b173c29287e08)] -> id: grid]] -> tag name: tr]] -> tag name: td]] -> id: isEnabled] (tried for 20 second(s) with 500 milliseconds interval)
Build info: version: '3.141.59', revision: 'e82be7d358', time: '2018-11-14T08:17:03'
System info: host: 'DESKTOP-O6A5C2O', ip: '10.0.75.1', os.name: 'Windows 10', os.arch: 'amd64', os.version: '10.0', java.version: '9.0.4'
Driver info: org.openqa.selenium.chrome.ChromeDriver
Capabilities {acceptInsecureCerts: false, browserName: chrome, browserVersion: 79.0.3945.79, chrome: {chromedriverVersion: 79.0.3945.36 (3582db32b3389..., userDataDir: C:\Users\admin\AppData\Loca...}, goog:chromeOptions: {debuggerAddress: localhost:62129}, javascriptEnabled: true, networkConnectionEnabled: false, pageLoadStrategy: normal, platform: WINDOWS, platformName: WINDOWS, proxy: Proxy(), setWindowRect: true, strictFileInteractability: false, timeouts: {implicit: 0, pageLoad: 300000, script: 30000}, unhandledPromptBehavior: dismiss and notify}
Session ID: 947b7206690bf414d10b173c29287e08
at org.openqa.selenium.support.ui.WebDriverWait.timeoutException(WebDriverWait.java:95)
at org.openqa.selenium.support.ui.FluentWait.until(FluentWait.java:272)
at com.tetherfi.pages.BasePage.waitUntilWebElementIsClickable(BasePage.java:259)
at com.tetherfi.pages.BasePage.selectWebElement(BasePage.java:199)
at com.tetherfi.pages.NewUserRoleMappingPage.selectRecord(NewUserRoleMappingPage.java:1326)
at com.tetherfi.pages.NewUserRoleMappingPage.clickonReject(NewUserRoleMappingPage.java:1405)
at com.tetherfi.test.UserRoleMappingDeleteTest.RejectforDeleteUserRoleMappingRecord(UserRoleMappingDeleteTest.java:136)
at java.base/jdk.internal.reflect.NativeMethodAccessorImpl.invoke0(Native Method)
at java.base/jdk.internal.reflect.NativeMethodAccessorImpl.invoke(Unknown Source)
at java.base/jdk.internal.reflect.DelegatingMethodAccessorImpl.invoke(Unknown Source)
at java.base/java.lang.reflect.Method.invoke(Unknown Source)
at org.testng.internal.MethodInvocationHelper.invokeMethod(MethodInvocationHelper.java:133)
at org.testng.internal.TestInvoker.invokeMethod(TestInvoker.java:584)
at org.testng.internal.TestInvoker.invokeTestMethod(TestInvoker.java:172)
at org.testng.internal.MethodRunner.runInSequence(MethodRunner.java:46)
at org.testng.internal.TestInvoker$MethodInvocationAgent.invoke(TestInvoker.java:804)
at org.testng.internal.TestInvoker.invokeTestMethods(TestInvoker.java:145)
at org.testng.internal.TestMethodWorker.invokeTestMethods(TestMethodWorker.java:146)
at org.testng.internal.TestMethodWorker.run(TestMethodWorker.java:128)
at java.base/java.util.ArrayList.forEach(Unknown Source)
at org.testng.TestRunner.privateRun(TestRunner.java:770)
at org.testng.TestRunner.run(TestRunner.java:591)
at org.testng.SuiteRunner.runTest(SuiteRunner.java:402)
at org.testng.SuiteRunner.runSequentially(SuiteRunner.java:396)
at org.testng.SuiteRunner.privateRun(SuiteRunner.java:355)
at org.testng.SuiteRunner.run(SuiteRunner.java:304)
at org.testng.SuiteRunnerWorker.runSuite(SuiteRunnerWorker.java:53)
at org.testng.SuiteRunnerWorker.run(SuiteRunnerWorker.java:96)
at org.testng.TestNG.runSuitesSequentially(TestNG.java:1180)
at org.testng.TestNG.runSuitesLocally(TestNG.java:1102)
at org.testng.TestNG.runSuites(TestNG.java:1032)
at org.testng.TestNG.run(TestNG.java:1000)
at org.testng.remote.AbstractRemoteTestNG.run(AbstractRemoteTestNG.java:115)
at org.testng.remote.RemoteTestNG.initAndRun(RemoteTestNG.java:251)
at org.testng.remote.RemoteTestNG.main(RemoteTestNG.java:77)
]]>
    </error>
  </testcase> <!-- RejectforDeleteUserRoleMappingRecord -->
  <testcase classname="com.tetherfi.test.UserRoleMappingDeleteTest" name="VerifyAuditTrailReportForReject" time="67.105"/>
  <testcase classname="com.tetherfi.test.UserRoleMappingDeleteTest" name="DeleteUserRoleMappingRecord" time="51.730"/>
  <testcase classname="com.tetherfi.test.UserRoleMappingDeleteTest" name="VerifyAuditTrialReportForDelete" time="68.530"/>
  <testcase classname="com.tetherfi.test.UserRoleMappingDeleteTest" name="VerifyAuditTrailDataForDeleteUserRoleMappingRecord" time="44.391"/>
  <testcase classname="com.tetherfi.test.UserRoleMappingDeleteTest" name="VerifySendForApprovalForDeleteNewRecord" time="50.429"/>
  <testcase classname="com.tetherfi.test.UserRoleMappingDeleteTest" name="ApproveforDeleteUserRoleMappingRecord" time="51.557"/>
  <testcase classname="com.tetherfi.test.UserRoleMappingDeleteTest" name="VerifyAuditTrailReportForApprove" time="30.828"/>
</testsuite> <!-- com.tetherfi.test.UserRoleMappingDeleteTest -->
