<?xml version="1.0" encoding="UTF-8"?>
<!-- Generated by org.testng.reporters.JUnitReportReporter -->
<testsuite hostname="DESKTOP-O6A5C2O" failures="1" tests="22" name="com.tetherfi.test.UserRoleMappingUITest" time="341.365" errors="1" timestamp="2019-10-04T15:06:31 IST" skipped="0">
  <testcase classname="com.tetherfi.test.UserRoleMappingUITest" name="UserRoleMappingPage" time="5.851"/>
  <testcase classname="com.tetherfi.test.UserRoleMappingUITest" name="VerifyUserRoleMappingApprovedDataPage" time="4.985"/>
  <testcase classname="com.tetherfi.test.UserRoleMappingUITest" name="VerifyUserRoleMappingAuditTrailDataPage" time="11.952"/>
  <testcase classname="com.tetherfi.test.UserRoleMappingUITest" name="VerifyMakeUserRoleMappingChangeButton" time="16.070"/>
  <testcase classname="com.tetherfi.test.UserRoleMappingUITest" name="VerifyDropdownForAllTheColumns" time="26.322"/>
  <testcase classname="com.tetherfi.test.UserRoleMappingUITest" name="VerifyColumnsHeaderEnable" time="21.448"/>
  <testcase classname="com.tetherfi.test.UserRoleMappingUITest" name="VerifyColumnsHeaderDisable" time="20.568">
    <failure message="columns disabled assertion failed did not expect to find [false] but found [true]" type="java.lang.AssertionError">
      <![CDATA[java.lang.AssertionError: columns disabled assertion failed did not expect to find [false] but found [true]
at org.testng.Assert.fail(Assert.java:97)
at org.testng.Assert.failNotEquals(Assert.java:969)
at org.testng.Assert.assertFalse(Assert.java:65)
at com.tetherfi.test.UserRoleMappingUITest.VerifyColumnsHeaderDisable(UserRoleMappingUITest.java:90)
at java.base/jdk.internal.reflect.NativeMethodAccessorImpl.invoke0(Native Method)
at java.base/jdk.internal.reflect.NativeMethodAccessorImpl.invoke(Unknown Source)
at java.base/jdk.internal.reflect.DelegatingMethodAccessorImpl.invoke(Unknown Source)
at java.base/java.lang.reflect.Method.invoke(Unknown Source)
at org.testng.internal.MethodInvocationHelper.invokeMethod(MethodInvocationHelper.java:133)
at org.testng.internal.TestInvoker.invokeMethod(TestInvoker.java:584)
at org.testng.internal.TestInvoker.invokeTestMethod(TestInvoker.java:172)
at org.testng.internal.MethodRunner.runInSequence(MethodRunner.java:46)
at org.testng.internal.TestInvoker$MethodInvocationAgent.invoke(TestInvoker.java:804)
at org.testng.internal.TestInvoker.invokeTestMethods(TestInvoker.java:145)
at org.testng.internal.TestMethodWorker.invokeTestMethods(TestMethodWorker.java:146)
at org.testng.internal.TestMethodWorker.run(TestMethodWorker.java:128)
at java.base/java.util.ArrayList.forEach(Unknown Source)
at org.testng.TestRunner.privateRun(TestRunner.java:770)
at org.testng.TestRunner.run(TestRunner.java:591)
at org.testng.SuiteRunner.runTest(SuiteRunner.java:402)
at org.testng.SuiteRunner.runSequentially(SuiteRunner.java:396)
at org.testng.SuiteRunner.privateRun(SuiteRunner.java:355)
at org.testng.SuiteRunner.run(SuiteRunner.java:304)
at org.testng.SuiteRunnerWorker.runSuite(SuiteRunnerWorker.java:53)
at org.testng.SuiteRunnerWorker.run(SuiteRunnerWorker.java:96)
at org.testng.TestNG.runSuitesSequentially(TestNG.java:1180)
at org.testng.TestNG.runSuitesLocally(TestNG.java:1102)
at org.testng.TestNG.runSuites(TestNG.java:1032)
at org.testng.TestNG.run(TestNG.java:1000)
at org.testng.remote.AbstractRemoteTestNG.run(AbstractRemoteTestNG.java:115)
at org.testng.remote.RemoteTestNG.initAndRun(RemoteTestNG.java:251)
at org.testng.remote.RemoteTestNG.main(RemoteTestNG.java:77)
]]>
    </failure>
  </testcase> <!-- VerifyColumnsHeaderDisable -->
  <testcase classname="com.tetherfi.test.UserRoleMappingUITest" name="VerifyArrowMoveForPreviousAndNextPage" time="16.556"/>
  <testcase classname="com.tetherfi.test.UserRoleMappingUITest" name="VerifyArrowMoveForFirstAndLastPage" time="15.975"/>
  <testcase classname="com.tetherfi.test.UserRoleMappingUITest" name="VerifyTotalNumberOfItemsPerPageDetails" time="15.495"/>
  <testcase classname="com.tetherfi.test.UserRoleMappingUITest" name="VerifyNumberOfItemsPerPageSelection" time="20.898"/>
  <testcase classname="com.tetherfi.test.UserRoleMappingUITest" name="ExportToExcel" time="17.947"/>
  <testcase classname="com.tetherfi.test.UserRoleMappingUITest" name="ExportToExcelData" time="18.066"/>
  <testcase classname="com.tetherfi.test.UserRoleMappingUITest" name="VerifyExportToExcelWithoutData" time="20.984"/>
  <testcase classname="com.tetherfi.test.UserRoleMappingUITest" name="SortingByAscending" time="19.870"/>
  <testcase classname="com.tetherfi.test.UserRoleMappingUITest" name="SortingByDescending" time="20.996"/>
  <testcase classname="com.tetherfi.test.UserRoleMappingUITest" name="VerifyDragAndDrop" time="16.240"/>
  <testcase classname="com.tetherfi.test.UserRoleMappingUITest" name="VerifyDragAndDropofAlreadyGroupedHeader" time="17.975"/>
  <testcase classname="com.tetherfi.test.UserRoleMappingUITest" name="database" time="5.149">
    <error message="Index 0 out-of-bounds for length 0" type="java.lang.IndexOutOfBoundsException">
      <![CDATA[java.lang.IndexOutOfBoundsException: Index 0 out-of-bounds for length 0
at java.base/jdk.internal.util.Preconditions.outOfBounds(Unknown Source)
at java.base/jdk.internal.util.Preconditions.outOfBoundsCheckIndex(Unknown Source)
at java.base/jdk.internal.util.Preconditions.checkIndex(Unknown Source)
at java.base/java.util.Objects.checkIndex(Unknown Source)
at java.base/java.util.ArrayList.get(Unknown Source)
at com.tetherfi.test.UserRoleMappingUITest.database(UserRoleMappingUITest.java:197)
at java.base/jdk.internal.reflect.NativeMethodAccessorImpl.invoke0(Native Method)
at java.base/jdk.internal.reflect.NativeMethodAccessorImpl.invoke(Unknown Source)
at java.base/jdk.internal.reflect.DelegatingMethodAccessorImpl.invoke(Unknown Source)
at java.base/java.lang.reflect.Method.invoke(Unknown Source)
at org.testng.internal.MethodInvocationHelper.invokeMethod(MethodInvocationHelper.java:133)
at org.testng.internal.TestInvoker.invokeMethod(TestInvoker.java:584)
at org.testng.internal.TestInvoker.invokeTestMethod(TestInvoker.java:172)
at org.testng.internal.MethodRunner.runInSequence(MethodRunner.java:46)
at org.testng.internal.TestInvoker$MethodInvocationAgent.invoke(TestInvoker.java:804)
at org.testng.internal.TestInvoker.invokeTestMethods(TestInvoker.java:145)
at org.testng.internal.TestMethodWorker.invokeTestMethods(TestMethodWorker.java:146)
at org.testng.internal.TestMethodWorker.run(TestMethodWorker.java:128)
at java.base/java.util.ArrayList.forEach(Unknown Source)
at org.testng.TestRunner.privateRun(TestRunner.java:770)
at org.testng.TestRunner.run(TestRunner.java:591)
at org.testng.SuiteRunner.runTest(SuiteRunner.java:402)
at org.testng.SuiteRunner.runSequentially(SuiteRunner.java:396)
at org.testng.SuiteRunner.privateRun(SuiteRunner.java:355)
at org.testng.SuiteRunner.run(SuiteRunner.java:304)
at org.testng.SuiteRunnerWorker.runSuite(SuiteRunnerWorker.java:53)
at org.testng.SuiteRunnerWorker.run(SuiteRunnerWorker.java:96)
at org.testng.TestNG.runSuitesSequentially(TestNG.java:1180)
at org.testng.TestNG.runSuitesLocally(TestNG.java:1102)
at org.testng.TestNG.runSuites(TestNG.java:1032)
at org.testng.TestNG.run(TestNG.java:1000)
at org.testng.remote.AbstractRemoteTestNG.run(AbstractRemoteTestNG.java:115)
at org.testng.remote.RemoteTestNG.initAndRun(RemoteTestNG.java:251)
at org.testng.remote.RemoteTestNG.main(RemoteTestNG.java:77)
]]>
    </error>
  </testcase> <!-- database -->
  <testcase classname="com.tetherfi.test.UserRoleMappingUITest" name="searchPage" time="8.619"/>
  <testcase classname="com.tetherfi.test.UserRoleMappingUITest" name="searchwithoutSearchTextbox" time="9.005"/>
  <testcase classname="com.tetherfi.test.UserRoleMappingUITest" name="SearchClearSearch" time="10.394"/>
</testsuite> <!-- com.tetherfi.test.UserRoleMappingUITest -->
