<?xml version="1.0" encoding="UTF-8"?>
<!-- Generated by org.testng.reporters.JUnitReportReporter -->
<testsuite skipped="0" hostname="TTF-BLR-SANTOSHKOUJALAGI" name="com.tetherfi.test.tmac.AgentTeamMgmtTest" tests="39" failures="1" timestamp="2021-07-29T01:30:07 IST" time="1041.405" errors="0">
  <testcase name="AgentTeamManagementPage" time="2.700" classname="com.tetherfi.test.tmac.AgentTeamMgmtTest"/>
  <testcase name="AddNewCountryRecord" time="12.293" classname="com.tetherfi.test.tmac.AgentTeamMgmtTest"/>
  <testcase name="AddNewDivisionRecord" time="16.617" classname="com.tetherfi.test.tmac.AgentTeamMgmtTest"/>
  <testcase name="AddNewDepartmentRecord" time="19.234" classname="com.tetherfi.test.tmac.AgentTeamMgmtTest"/>
  <testcase name="AddNewAgentTeamManagementCancelRecord" time="17.773" classname="com.tetherfi.test.tmac.AgentTeamMgmtTest"/>
  <testcase name="AddNewAgentTeamManagementRecord" time="16.273" classname="com.tetherfi.test.tmac.AgentTeamMgmtTest"/>
  <testcase name="AddRecordTeamNameBlank" time="17.509" classname="com.tetherfi.test.tmac.AgentTeamMgmtTest"/>
  <testcase name="AddRecordCountryBlank" time="11.004" classname="com.tetherfi.test.tmac.AgentTeamMgmtTest"/>
  <testcase name="AddRecordDivisionBlank" time="16.517" classname="com.tetherfi.test.tmac.AgentTeamMgmtTest"/>
  <testcase name="AddRecordDepartmentBlank" time="19.133" classname="com.tetherfi.test.tmac.AgentTeamMgmtTest"/>
  <testcase name="AddDuplicateRecord" time="19.287" classname="com.tetherfi.test.tmac.AgentTeamMgmtTest"/>
  <testcase name="EditAgentTeamManagementCancelRecord" time="11.695" classname="com.tetherfi.test.tmac.AgentTeamMgmtTest"/>
  <testcase name="EditAgentTeamManagementRecord" time="10.357" classname="com.tetherfi.test.tmac.AgentTeamMgmtTest"/>
  <testcase name="searchPage" time="9.738" classname="com.tetherfi.test.tmac.AgentTeamMgmtTest"/>
  <testcase name="VerifySearchIsNotEqualTo" time="115.365" classname="com.tetherfi.test.tmac.AgentTeamMgmtTest"/>
  <testcase name="VerifySearchContains" time="11.547" classname="com.tetherfi.test.tmac.AgentTeamMgmtTest"/>
  <testcase name="VerifySearchDoesNotContains" time="100.889" classname="com.tetherfi.test.tmac.AgentTeamMgmtTest"/>
  <testcase name="VerifySearchStartsWith" time="11.475" classname="com.tetherfi.test.tmac.AgentTeamMgmtTest"/>
  <testcase name="VerifySearchEndsWith" time="12.409" classname="com.tetherfi.test.tmac.AgentTeamMgmtTest"/>
  <testcase name="DeleteAgentTeamManagementCancelRecord" time="11.738" classname="com.tetherfi.test.tmac.AgentTeamMgmtTest"/>
  <testcase name="DeleteAgentTeamManagementRecord" time="14.079" classname="com.tetherfi.test.tmac.AgentTeamMgmtTest"/>
  <testcase name="SearchClearSearch" time="8.641" classname="com.tetherfi.test.tmac.AgentTeamMgmtTest"/>
  <testcase name="ExportToExcel" time="5.308" classname="com.tetherfi.test.tmac.AgentTeamMgmtTest"/>
  <testcase name="ExportToExcelData" time="76.797" classname="com.tetherfi.test.tmac.AgentTeamMgmtTest">
    <failure type="java.lang.AssertionError" message="did not expect to find [true] but found [false]">
      <![CDATA[java.lang.AssertionError: did not expect to find [true] but found [false]
at org.testng.Assert.fail(Assert.java:97)
at org.testng.Assert.failNotEquals(Assert.java:969)
at org.testng.Assert.assertTrue(Assert.java:43)
at org.testng.Assert.assertTrue(Assert.java:53)
at com.tetherfi.test.tmac.AgentTeamMgmtTest.ExportToExcelData(AgentTeamMgmtTest.java:270)
at sun.reflect.NativeMethodAccessorImpl.invoke0(Native Method)
at sun.reflect.NativeMethodAccessorImpl.invoke(Unknown Source)
at sun.reflect.DelegatingMethodAccessorImpl.invoke(Unknown Source)
at java.lang.reflect.Method.invoke(Unknown Source)
at org.testng.internal.MethodInvocationHelper.invokeMethod(MethodInvocationHelper.java:133)
at org.testng.internal.TestInvoker.invokeMethod(TestInvoker.java:584)
at org.testng.internal.TestInvoker.invokeTestMethod(TestInvoker.java:172)
at org.testng.internal.MethodRunner.runInSequence(MethodRunner.java:46)
at org.testng.internal.TestInvoker$MethodInvocationAgent.invoke(TestInvoker.java:804)
at org.testng.internal.TestInvoker.invokeTestMethods(TestInvoker.java:145)
at org.testng.internal.TestMethodWorker.invokeTestMethods(TestMethodWorker.java:146)
at org.testng.internal.TestMethodWorker.run(TestMethodWorker.java:128)
at java.util.ArrayList.forEach(Unknown Source)
at org.testng.TestRunner.privateRun(TestRunner.java:770)
at org.testng.TestRunner.run(TestRunner.java:591)
at org.testng.SuiteRunner.runTest(SuiteRunner.java:402)
at org.testng.SuiteRunner.runSequentially(SuiteRunner.java:396)
at org.testng.SuiteRunner.privateRun(SuiteRunner.java:355)
at org.testng.SuiteRunner.run(SuiteRunner.java:304)
at org.testng.SuiteRunnerWorker.runSuite(SuiteRunnerWorker.java:53)
at org.testng.SuiteRunnerWorker.run(SuiteRunnerWorker.java:96)
at org.testng.TestNG.runSuitesSequentially(TestNG.java:1180)
at org.testng.TestNG.runSuitesLocally(TestNG.java:1102)
at org.testng.TestNG.runSuites(TestNG.java:1032)
at org.testng.TestNG.run(TestNG.java:1000)
at org.testng.remote.AbstractRemoteTestNG.run(AbstractRemoteTestNG.java:115)
at org.testng.remote.RemoteTestNG.initAndRun(RemoteTestNG.java:251)
at org.testng.remote.RemoteTestNG.main(RemoteTestNG.java:77)
]]>
    </failure>
  </testcase> <!-- ExportToExcelData -->
  <testcase name="database" time="91.222" classname="com.tetherfi.test.tmac.AgentTeamMgmtTest"/>
  <testcase name="GroupBy" time="4.961" classname="com.tetherfi.test.tmac.AgentTeamMgmtTest"/>
  <testcase name="VerifyArrowMoveForPreviousAndNextPage" time="9.232" classname="com.tetherfi.test.tmac.AgentTeamMgmtTest"/>
  <testcase name="VerifyArrowMoveForFirstAndLastPage" time="9.513" classname="com.tetherfi.test.tmac.AgentTeamMgmtTest"/>
  <testcase name="VerifyTotalNumberOfItemsPerPageDetails" time="3.758" classname="com.tetherfi.test.tmac.AgentTeamMgmtTest"/>
  <testcase name="VerifyNumberOfItemsPerPageSelection" time="28.945" classname="com.tetherfi.test.tmac.AgentTeamMgmtTest"/>
  <testcase name="VerifyDropdownForAllTheColumns" time="14.924" classname="com.tetherfi.test.tmac.AgentTeamMgmtTest"/>
  <testcase name="VerifyColumnsHeaderEnable" time="9.094" classname="com.tetherfi.test.tmac.AgentTeamMgmtTest"/>
  <testcase name="VerifyColumnsHeaderDisable" time="11.839" classname="com.tetherfi.test.tmac.AgentTeamMgmtTest"/>
  <testcase name="SortingByAscending" time="78.730" classname="com.tetherfi.test.tmac.AgentTeamMgmtTest"/>
  <testcase name="SortingByDescending" time="101.104" classname="com.tetherfi.test.tmac.AgentTeamMgmtTest"/>
  <testcase name="ExporttoExcelWithoutData" time="9.530" classname="com.tetherfi.test.tmac.AgentTeamMgmtTest"/>
  <testcase name="VerifyAuditTrialReportForCreate" time="33.443" classname="com.tetherfi.test.tmac.AgentTeamMgmtTest"/>
  <testcase name="VerifyAuditTrialReportForUpdate" time="33.218" classname="com.tetherfi.test.tmac.AgentTeamMgmtTest"/>
  <testcase name="VerifyAuditTrialReportForDelete" time="33.514" classname="com.tetherfi.test.tmac.AgentTeamMgmtTest"/>
</testsuite> <!-- com.tetherfi.test.tmac.AgentTeamMgmtTest -->
