<?xml version="1.0" encoding="UTF-8"?>
<!-- Generated by org.testng.reporters.JUnitReportReporter -->
<testsuite hostname="DESKTOP-O6A5C2O" failures="1" tests="39" name="com.tetherfi.test.chat.ChatMenuDescriptionTest" time="527.046" errors="2" timestamp="2020-02-06T15:19:01 IST" skipped="0">
  <testcase classname="com.tetherfi.test.chat.ChatMenuDescriptionTest" name="ChatMenuDescriptionPage" time="6.013"/>
  <testcase classname="com.tetherfi.test.chat.ChatMenuDescriptionTest" name="VerifyDropdownForAllTheColumns" time="13.024"/>
  <testcase classname="com.tetherfi.test.chat.ChatMenuDescriptionTest" name="VerifyColumnsHeaderEnable" time="9.410"/>
  <testcase classname="com.tetherfi.test.chat.ChatMenuDescriptionTest" name="VerifyColumnsHeaderDisable" time="9.970"/>
  <testcase classname="com.tetherfi.test.chat.ChatMenuDescriptionTest" name="AddNewChatMenuDescriptionRecord" time="7.764"/>
  <testcase classname="com.tetherfi.test.chat.ChatMenuDescriptionTest" name="AddDuplicateChatMenuDescriptionRecord" time="7.065"/>
  <testcase classname="com.tetherfi.test.chat.ChatMenuDescriptionTest" name="VerifyAuditTrialReportForCreate" time="28.803"/>
  <testcase classname="com.tetherfi.test.chat.ChatMenuDescriptionTest" name="AddEmptyRecord" time="7.956"/>
  <testcase classname="com.tetherfi.test.chat.ChatMenuDescriptionTest" name="AddRecordWithoutMenuId" time="7.129"/>
  <testcase classname="com.tetherfi.test.chat.ChatMenuDescriptionTest" name="AddRecordWithoutIntent" time="6.891">
    <failure message="Add invalid record assertion failed expected [Please Provide Intent] but found [Please Provide MenuName, Intent]" type="java.lang.AssertionError">
      <![CDATA[java.lang.AssertionError: Add invalid record assertion failed expected [Please Provide Intent] but found [Please Provide MenuName, Intent]
at org.testng.Assert.fail(Assert.java:97)
at org.testng.Assert.assertEqualsImpl(Assert.java:136)
at org.testng.Assert.assertEquals(Assert.java:118)
at org.testng.Assert.assertEquals(Assert.java:575)
at com.tetherfi.test.chat.ChatMenuDescriptionTest.AddRecordWithoutIntent(ChatMenuDescriptionTest.java:132)
at java.base/jdk.internal.reflect.NativeMethodAccessorImpl.invoke0(Native Method)
at java.base/jdk.internal.reflect.NativeMethodAccessorImpl.invoke(Unknown Source)
at java.base/jdk.internal.reflect.DelegatingMethodAccessorImpl.invoke(Unknown Source)
at java.base/java.lang.reflect.Method.invoke(Unknown Source)
at org.testng.internal.MethodInvocationHelper.invokeMethod(MethodInvocationHelper.java:133)
at org.testng.internal.TestInvoker.invokeMethod(TestInvoker.java:584)
at org.testng.internal.TestInvoker.invokeTestMethod(TestInvoker.java:172)
at org.testng.internal.MethodRunner.runInSequence(MethodRunner.java:46)
at org.testng.internal.TestInvoker$MethodInvocationAgent.invoke(TestInvoker.java:804)
at org.testng.internal.TestInvoker.invokeTestMethods(TestInvoker.java:145)
at org.testng.internal.TestMethodWorker.invokeTestMethods(TestMethodWorker.java:146)
at org.testng.internal.TestMethodWorker.run(TestMethodWorker.java:128)
at java.base/java.util.ArrayList.forEach(Unknown Source)
at org.testng.TestRunner.privateRun(TestRunner.java:770)
at org.testng.TestRunner.run(TestRunner.java:591)
at org.testng.SuiteRunner.runTest(SuiteRunner.java:402)
at org.testng.SuiteRunner.runSequentially(SuiteRunner.java:396)
at org.testng.SuiteRunner.privateRun(SuiteRunner.java:355)
at org.testng.SuiteRunner.run(SuiteRunner.java:304)
at org.testng.SuiteRunnerWorker.runSuite(SuiteRunnerWorker.java:53)
at org.testng.SuiteRunnerWorker.run(SuiteRunnerWorker.java:96)
at org.testng.TestNG.runSuitesSequentially(TestNG.java:1180)
at org.testng.TestNG.runSuitesLocally(TestNG.java:1102)
at org.testng.TestNG.runSuites(TestNG.java:1032)
at org.testng.TestNG.run(TestNG.java:1000)
at org.testng.remote.AbstractRemoteTestNG.run(AbstractRemoteTestNG.java:115)
at org.testng.remote.RemoteTestNG.initAndRun(RemoteTestNG.java:251)
at org.testng.remote.RemoteTestNG.main(RemoteTestNG.java:77)
]]>
    </failure>
  </testcase> <!-- AddRecordWithoutIntent -->
  <testcase classname="com.tetherfi.test.chat.ChatMenuDescriptionTest" name="AddRecordWithoutMenuName" time="5.521"/>
  <testcase classname="com.tetherfi.test.chat.ChatMenuDescriptionTest" name="VerifyCancelBtnAtAddRecord" time="48.611"/>
  <testcase classname="com.tetherfi.test.chat.ChatMenuDescriptionTest" name="VerifySearchIsNotEqualTo" time="11.100"/>
  <testcase classname="com.tetherfi.test.chat.ChatMenuDescriptionTest" name="VerifySearchContains" time="7.999">
    <error message="stale element reference: element is not attached to the page document
  (Session info: chrome=79.0.3945.130)
For documentation on this error, please visit: https://www.seleniumhq.org/exceptions/stale_element_reference.html
Build info: version: &#039;3.141.59&#039;, revision: &#039;e82be7d358&#039;, time: &#039;2018-11-14T08:17:03&#039;
System info: host: &#039;DESKTOP-O6A5C2O&#039;, ip: &#039;10.0.75.1&#039;, os.name: &#039;Windows 10&#039;, os.arch: &#039;amd64&#039;, os.version: &#039;10.0&#039;, java.version: &#039;9.0.4&#039;
Driver info: org.openqa.selenium.chrome.ChromeDriver
Capabilities {acceptInsecureCerts: false, browserName: chrome, browserVersion: 79.0.3945.130, chrome: {chromedriverVersion: 78.0.3904.70 (edb9c9f3de024..., userDataDir: C:\Users\admin\AppData\Loca...}, goog:chromeOptions: {debuggerAddress: localhost:63522}, javascriptEnabled: true, networkConnectionEnabled: false, pageLoadStrategy: normal, platform: XP, platformName: XP, proxy: Proxy(), setWindowRect: true, strictFileInteractability: false, timeouts: {implicit: 0, pageLoad: 300000, script: 30000}, unhandledPromptBehavior: dismiss and notify}
Session ID: 2775cf1af02968320e13bc3a64d7af2a" type="org.openqa.selenium.StaleElementReferenceException">
      <![CDATA[org.openqa.selenium.StaleElementReferenceException: stale element reference: element is not attached to the page document
  (Session info: chrome=79.0.3945.130)
For documentation on this error, please visit: https://www.seleniumhq.org/exceptions/stale_element_reference.html
Build info: version: '3.141.59', revision: 'e82be7d358', time: '2018-11-14T08:17:03'
System info: host: 'DESKTOP-O6A5C2O', ip: '10.0.75.1', os.name: 'Windows 10', os.arch: 'amd64', os.version: '10.0', java.version: '9.0.4'
Driver info: org.openqa.selenium.chrome.ChromeDriver
Capabilities {acceptInsecureCerts: false, browserName: chrome, browserVersion: 79.0.3945.130, chrome: {chromedriverVersion: 78.0.3904.70 (edb9c9f3de024..., userDataDir: C:\Users\admin\AppData\Loca...}, goog:chromeOptions: {debuggerAddress: localhost:63522}, javascriptEnabled: true, networkConnectionEnabled: false, pageLoadStrategy: normal, platform: XP, platformName: XP, proxy: Proxy(), setWindowRect: true, strictFileInteractability: false, timeouts: {implicit: 0, pageLoad: 300000, script: 30000}, unhandledPromptBehavior: dismiss and notify}
Session ID: 2775cf1af02968320e13bc3a64d7af2a
at java.base/jdk.internal.reflect.NativeConstructorAccessorImpl.newInstance0(Native Method)
at java.base/jdk.internal.reflect.NativeConstructorAccessorImpl.newInstance(Unknown Source)
at java.base/jdk.internal.reflect.DelegatingConstructorAccessorImpl.newInstance(Unknown Source)
at java.base/java.lang.reflect.Constructor.newInstance(Unknown Source)
at org.openqa.selenium.remote.http.W3CHttpResponseCodec.createException(W3CHttpResponseCodec.java:187)
at org.openqa.selenium.remote.http.W3CHttpResponseCodec.decode(W3CHttpResponseCodec.java:122)
at org.openqa.selenium.remote.http.W3CHttpResponseCodec.decode(W3CHttpResponseCodec.java:49)
at org.openqa.selenium.remote.HttpCommandExecutor.execute(HttpCommandExecutor.java:158)
at org.openqa.selenium.remote.service.DriverCommandExecutor.execute(DriverCommandExecutor.java:83)
at org.openqa.selenium.remote.RemoteWebDriver.execute(RemoteWebDriver.java:552)
at org.openqa.selenium.remote.RemoteWebElement.execute(RemoteWebElement.java:285)
at org.openqa.selenium.remote.RemoteWebElement.getText(RemoteWebElement.java:166)
at com.tetherfi.pages.ChatMenuDescriptionPage.gettable(ChatMenuDescriptionPage.java:366)
at com.tetherfi.pages.ChatMenuDescriptionPage.verifySearchContains(ChatMenuDescriptionPage.java:691)
at com.tetherfi.test.chat.ChatMenuDescriptionTest.VerifySearchContains(ChatMenuDescriptionTest.java:168)
at java.base/jdk.internal.reflect.NativeMethodAccessorImpl.invoke0(Native Method)
at java.base/jdk.internal.reflect.NativeMethodAccessorImpl.invoke(Unknown Source)
at java.base/jdk.internal.reflect.DelegatingMethodAccessorImpl.invoke(Unknown Source)
at java.base/java.lang.reflect.Method.invoke(Unknown Source)
at org.testng.internal.MethodInvocationHelper.invokeMethod(MethodInvocationHelper.java:133)
at org.testng.internal.TestInvoker.invokeMethod(TestInvoker.java:584)
at org.testng.internal.TestInvoker.invokeTestMethod(TestInvoker.java:172)
at org.testng.internal.MethodRunner.runInSequence(MethodRunner.java:46)
at org.testng.internal.TestInvoker$MethodInvocationAgent.invoke(TestInvoker.java:804)
at org.testng.internal.TestInvoker.invokeTestMethods(TestInvoker.java:145)
at org.testng.internal.TestMethodWorker.invokeTestMethods(TestMethodWorker.java:146)
at org.testng.internal.TestMethodWorker.run(TestMethodWorker.java:128)
at java.base/java.util.ArrayList.forEach(Unknown Source)
at org.testng.TestRunner.privateRun(TestRunner.java:770)
at org.testng.TestRunner.run(TestRunner.java:591)
at org.testng.SuiteRunner.runTest(SuiteRunner.java:402)
at org.testng.SuiteRunner.runSequentially(SuiteRunner.java:396)
at org.testng.SuiteRunner.privateRun(SuiteRunner.java:355)
at org.testng.SuiteRunner.run(SuiteRunner.java:304)
at org.testng.SuiteRunnerWorker.runSuite(SuiteRunnerWorker.java:53)
at org.testng.SuiteRunnerWorker.run(SuiteRunnerWorker.java:96)
at org.testng.TestNG.runSuitesSequentially(TestNG.java:1180)
at org.testng.TestNG.runSuitesLocally(TestNG.java:1102)
at org.testng.TestNG.runSuites(TestNG.java:1032)
at org.testng.TestNG.run(TestNG.java:1000)
at org.testng.remote.AbstractRemoteTestNG.run(AbstractRemoteTestNG.java:115)
at org.testng.remote.RemoteTestNG.initAndRun(RemoteTestNG.java:251)
at org.testng.remote.RemoteTestNG.main(RemoteTestNG.java:77)
]]>
    </error>
  </testcase> <!-- VerifySearchContains -->
  <testcase classname="com.tetherfi.test.chat.ChatMenuDescriptionTest" name="VerifySearchDoesNotContains" time="10.577"/>
  <testcase classname="com.tetherfi.test.chat.ChatMenuDescriptionTest" name="VerifySearchStartsWith" time="9.261">
    <error message="stale element reference: element is not attached to the page document
  (Session info: chrome=79.0.3945.130)
For documentation on this error, please visit: https://www.seleniumhq.org/exceptions/stale_element_reference.html
Build info: version: &#039;3.141.59&#039;, revision: &#039;e82be7d358&#039;, time: &#039;2018-11-14T08:17:03&#039;
System info: host: &#039;DESKTOP-O6A5C2O&#039;, ip: &#039;10.0.75.1&#039;, os.name: &#039;Windows 10&#039;, os.arch: &#039;amd64&#039;, os.version: &#039;10.0&#039;, java.version: &#039;9.0.4&#039;
Driver info: org.openqa.selenium.chrome.ChromeDriver
Capabilities {acceptInsecureCerts: false, browserName: chrome, browserVersion: 79.0.3945.130, chrome: {chromedriverVersion: 78.0.3904.70 (edb9c9f3de024..., userDataDir: C:\Users\admin\AppData\Loca...}, goog:chromeOptions: {debuggerAddress: localhost:63522}, javascriptEnabled: true, networkConnectionEnabled: false, pageLoadStrategy: normal, platform: XP, platformName: XP, proxy: Proxy(), setWindowRect: true, strictFileInteractability: false, timeouts: {implicit: 0, pageLoad: 300000, script: 30000}, unhandledPromptBehavior: dismiss and notify}
Session ID: 2775cf1af02968320e13bc3a64d7af2a
*** Element info: {Using=tag name, value=td}" type="org.openqa.selenium.StaleElementReferenceException">
      <![CDATA[org.openqa.selenium.StaleElementReferenceException: stale element reference: element is not attached to the page document
  (Session info: chrome=79.0.3945.130)
For documentation on this error, please visit: https://www.seleniumhq.org/exceptions/stale_element_reference.html
Build info: version: '3.141.59', revision: 'e82be7d358', time: '2018-11-14T08:17:03'
System info: host: 'DESKTOP-O6A5C2O', ip: '10.0.75.1', os.name: 'Windows 10', os.arch: 'amd64', os.version: '10.0', java.version: '9.0.4'
Driver info: org.openqa.selenium.chrome.ChromeDriver
Capabilities {acceptInsecureCerts: false, browserName: chrome, browserVersion: 79.0.3945.130, chrome: {chromedriverVersion: 78.0.3904.70 (edb9c9f3de024..., userDataDir: C:\Users\admin\AppData\Loca...}, goog:chromeOptions: {debuggerAddress: localhost:63522}, javascriptEnabled: true, networkConnectionEnabled: false, pageLoadStrategy: normal, platform: XP, platformName: XP, proxy: Proxy(), setWindowRect: true, strictFileInteractability: false, timeouts: {implicit: 0, pageLoad: 300000, script: 30000}, unhandledPromptBehavior: dismiss and notify}
Session ID: 2775cf1af02968320e13bc3a64d7af2a
*** Element info: {Using=tag name, value=td}
at java.base/jdk.internal.reflect.NativeConstructorAccessorImpl.newInstance0(Native Method)
at java.base/jdk.internal.reflect.NativeConstructorAccessorImpl.newInstance(Unknown Source)
at java.base/jdk.internal.reflect.DelegatingConstructorAccessorImpl.newInstance(Unknown Source)
at java.base/java.lang.reflect.Constructor.newInstance(Unknown Source)
at org.openqa.selenium.remote.http.W3CHttpResponseCodec.createException(W3CHttpResponseCodec.java:187)
at org.openqa.selenium.remote.http.W3CHttpResponseCodec.decode(W3CHttpResponseCodec.java:122)
at org.openqa.selenium.remote.http.W3CHttpResponseCodec.decode(W3CHttpResponseCodec.java:49)
at org.openqa.selenium.remote.HttpCommandExecutor.execute(HttpCommandExecutor.java:158)
at org.openqa.selenium.remote.service.DriverCommandExecutor.execute(DriverCommandExecutor.java:83)
at org.openqa.selenium.remote.RemoteWebDriver.execute(RemoteWebDriver.java:552)
at org.openqa.selenium.remote.RemoteWebElement.execute(RemoteWebElement.java:285)
at org.openqa.selenium.remote.RemoteWebElement.findElements(RemoteWebElement.java:204)
at org.openqa.selenium.remote.RemoteWebElement.findElementsByTagName(RemoteWebElement.java:281)
at org.openqa.selenium.By$ByTagName.findElements(By.java:312)
at org.openqa.selenium.remote.RemoteWebElement.findElements(RemoteWebElement.java:177)
at com.tetherfi.pages.ChatMenuDescriptionPage.gettable(ChatMenuDescriptionPage.java:362)
at com.tetherfi.pages.ChatMenuDescriptionPage.verifySearchStartsWith(ChatMenuDescriptionPage.java:732)
at com.tetherfi.test.chat.ChatMenuDescriptionTest.VerifySearchStartsWith(ChatMenuDescriptionTest.java:186)
at java.base/jdk.internal.reflect.NativeMethodAccessorImpl.invoke0(Native Method)
at java.base/jdk.internal.reflect.NativeMethodAccessorImpl.invoke(Unknown Source)
at java.base/jdk.internal.reflect.DelegatingMethodAccessorImpl.invoke(Unknown Source)
at java.base/java.lang.reflect.Method.invoke(Unknown Source)
at org.testng.internal.MethodInvocationHelper.invokeMethod(MethodInvocationHelper.java:133)
at org.testng.internal.TestInvoker.invokeMethod(TestInvoker.java:584)
at org.testng.internal.TestInvoker.invokeTestMethod(TestInvoker.java:172)
at org.testng.internal.MethodRunner.runInSequence(MethodRunner.java:46)
at org.testng.internal.TestInvoker$MethodInvocationAgent.invoke(TestInvoker.java:804)
at org.testng.internal.TestInvoker.invokeTestMethods(TestInvoker.java:145)
at org.testng.internal.TestMethodWorker.invokeTestMethods(TestMethodWorker.java:146)
at org.testng.internal.TestMethodWorker.run(TestMethodWorker.java:128)
at java.base/java.util.ArrayList.forEach(Unknown Source)
at org.testng.TestRunner.privateRun(TestRunner.java:770)
at org.testng.TestRunner.run(TestRunner.java:591)
at org.testng.SuiteRunner.runTest(SuiteRunner.java:402)
at org.testng.SuiteRunner.runSequentially(SuiteRunner.java:396)
at org.testng.SuiteRunner.privateRun(SuiteRunner.java:355)
at org.testng.SuiteRunner.run(SuiteRunner.java:304)
at org.testng.SuiteRunnerWorker.runSuite(SuiteRunnerWorker.java:53)
at org.testng.SuiteRunnerWorker.run(SuiteRunnerWorker.java:96)
at org.testng.TestNG.runSuitesSequentially(TestNG.java:1180)
at org.testng.TestNG.runSuitesLocally(TestNG.java:1102)
at org.testng.TestNG.runSuites(TestNG.java:1032)
at org.testng.TestNG.run(TestNG.java:1000)
at org.testng.remote.AbstractRemoteTestNG.run(AbstractRemoteTestNG.java:115)
at org.testng.remote.RemoteTestNG.initAndRun(RemoteTestNG.java:251)
at org.testng.remote.RemoteTestNG.main(RemoteTestNG.java:77)
]]>
    </error>
  </testcase> <!-- VerifySearchStartsWith -->
  <testcase classname="com.tetherfi.test.chat.ChatMenuDescriptionTest" name="VerifySearchEndsWith" time="8.775"/>
  <testcase classname="com.tetherfi.test.chat.ChatMenuDescriptionTest" name="EditChatMenuDescriptionRecord" time="13.137"/>
  <testcase classname="com.tetherfi.test.chat.ChatMenuDescriptionTest" name="VerifyAuditTrialReportForUpdate" time="31.365"/>
  <testcase classname="com.tetherfi.test.chat.ChatMenuDescriptionTest" name="EditWithoutModifyReasonRecord" time="9.675"/>
  <testcase classname="com.tetherfi.test.chat.ChatMenuDescriptionTest" name="VerifyCancelBtnAtEditRecord" time="53.597"/>
  <testcase classname="com.tetherfi.test.chat.ChatMenuDescriptionTest" name="searchPage" time="8.173"/>
  <testcase classname="com.tetherfi.test.chat.ChatMenuDescriptionTest" name="searchwithoutSearchTextbox" time="8.335"/>
  <testcase classname="com.tetherfi.test.chat.ChatMenuDescriptionTest" name="ExportToExcel" time="7.174"/>
  <testcase classname="com.tetherfi.test.chat.ChatMenuDescriptionTest" name="ExportToExcelData" time="8.043"/>
  <testcase classname="com.tetherfi.test.chat.ChatMenuDescriptionTest" name="DeleteWithoutDeleteReasonRecord" time="9.666"/>
  <testcase classname="com.tetherfi.test.chat.ChatMenuDescriptionTest" name="VerifyCancelBtnAtDeleteChatMenuDescriptionRecord" time="53.395"/>
  <testcase classname="com.tetherfi.test.chat.ChatMenuDescriptionTest" name="DeleteChatMenuDescriptionRecord" time="9.742"/>
  <testcase classname="com.tetherfi.test.chat.ChatMenuDescriptionTest" name="VerifyAuditTrialReportForDelete" time="26.650"/>
  <testcase classname="com.tetherfi.test.chat.ChatMenuDescriptionTest" name="SearchClearSearch" time="8.753"/>
  <testcase classname="com.tetherfi.test.chat.ChatMenuDescriptionTest" name="ExporttoExcelWithoutData" time="9.477"/>
  <testcase classname="com.tetherfi.test.chat.ChatMenuDescriptionTest" name="SortingByAscending" time="11.085"/>
  <testcase classname="com.tetherfi.test.chat.ChatMenuDescriptionTest" name="SortingByDescending" time="11.104"/>
  <testcase classname="com.tetherfi.test.chat.ChatMenuDescriptionTest" name="GroupBy" time="9.248"/>
  <testcase classname="com.tetherfi.test.chat.ChatMenuDescriptionTest" name="VerifyArrowMoveForPreviousAndNextPage" time="5.962"/>
  <testcase classname="com.tetherfi.test.chat.ChatMenuDescriptionTest" name="VerifyArrowMoveForFirstAndLastPage" time="4.849"/>
  <testcase classname="com.tetherfi.test.chat.ChatMenuDescriptionTest" name="VerifyTotalNumberOfItemsPerPageDetails" time="4.644"/>
  <testcase classname="com.tetherfi.test.chat.ChatMenuDescriptionTest" name="VerifyNumberOfItemsPerPageSelection" time="9.684"/>
  <testcase classname="com.tetherfi.test.chat.ChatMenuDescriptionTest" name="database" time="7.419"/>
</testsuite> <!-- com.tetherfi.test.chat.ChatMenuDescriptionTest -->
