<?xml version="1.0" encoding="UTF-8"?>
<!-- Generated by org.testng.reporters.JUnitReportReporter -->
<testsuite skipped="0" hostname="TTF-BLR-SANTOSHKOUJALAGI" name="com.tetherfi.test.UserOnBoardingCountryLevelUserCreateTest" tests="15" failures="0" timestamp="2021-08-11T02:40:06 IST" time="842.367" errors="0">
  <testcase name="VerifyAddRevertRecord" time="65.474" classname="com.tetherfi.test.UserOnBoardingCountryLevelUserCreateTest"/>
  <testcase name="VerifyRevertForAddNewRecord" time="45.066" classname="com.tetherfi.test.UserOnBoardingCountryLevelUserCreateTest"/>
  <testcase name="VerifyAuditTrailReportForRevert" time="71.701" classname="com.tetherfi.test.UserOnBoardingCountryLevelUserCreateTest"/>
  <testcase name="AddRejectRecord" time="62.569" classname="com.tetherfi.test.UserOnBoardingCountryLevelUserCreateTest"/>
  <testcase name="VerifySendForApprovalForAddNewUserOnBoardingRecord" time="47.346" classname="com.tetherfi.test.UserOnBoardingCountryLevelUserCreateTest"/>
  <testcase name="RejectForAddNewUserOnBoardingRecord" time="43.908" classname="com.tetherfi.test.UserOnBoardingCountryLevelUserCreateTest"/>
  <testcase name="VerifyAuditTrailReportForReject" time="62.759" classname="com.tetherfi.test.UserOnBoardingCountryLevelUserCreateTest"/>
  <testcase name="AddNewUserOnBoardingRecord" time="62.726" classname="com.tetherfi.test.UserOnBoardingCountryLevelUserCreateTest"/>
  <testcase name="VerifyAuditTrailReportForCreate" time="62.878" classname="com.tetherfi.test.UserOnBoardingCountryLevelUserCreateTest"/>
  <testcase name="VerifyAuditTrailDataForAddNewUserOnBoardingRecord" time="39.786" classname="com.tetherfi.test.UserOnBoardingCountryLevelUserCreateTest"/>
  <testcase name="VerifySendForApprovalForAddNewUserOnBoarding" time="43.757" classname="com.tetherfi.test.UserOnBoardingCountryLevelUserCreateTest"/>
  <testcase name="VerifyAuditTrailReportForSendForApproval" time="64.091" classname="com.tetherfi.test.UserOnBoardingCountryLevelUserCreateTest"/>
  <testcase name="ApproveforAddNewUserOnBoardingRecord" time="44.726" classname="com.tetherfi.test.UserOnBoardingCountryLevelUserCreateTest"/>
  <testcase name="VerifyAuditTrailReportForApprove" time="64.220" classname="com.tetherfi.test.UserOnBoardingCountryLevelUserCreateTest"/>
  <testcase name="AddDuplicateUserOnBoardingRecord" time="61.360" classname="com.tetherfi.test.UserOnBoardingCountryLevelUserCreateTest"/>
</testsuite> <!-- com.tetherfi.test.UserOnBoardingCountryLevelUserCreateTest -->
