<?xml version="1.0" encoding="UTF-8"?>
<!-- Generated by org.testng.reporters.JUnitReportReporter -->
<testsuite hostname="DESKTOP-O6A5C2O" failures="0" tests="15" name="com.tetherfi.test.tmac.AgentSettingsDeleteTest" time="747.401" errors="0" timestamp="2020-04-06T20:23:18 IST" skipped="0">
  <testcase classname="com.tetherfi.test.tmac.AgentSettingsDeleteTest" name="DeleteCancelAgentSettingsRecord" time="41.345"/>
  <testcase classname="com.tetherfi.test.tmac.AgentSettingsDeleteTest" name="DeleteRevertAgentSettingsRecord" time="44.220"/>
  <testcase classname="com.tetherfi.test.tmac.AgentSettingsDeleteTest" name="VerifyRevertForDeleteRecord" time="50.494"/>
  <testcase classname="com.tetherfi.test.tmac.AgentSettingsDeleteTest" name="VerifyAuditTrialReportForRevertDelete" time="60.244"/>
  <testcase classname="com.tetherfi.test.tmac.AgentSettingsDeleteTest" name="RejectDeleteRecord" time="47.357"/>
  <testcase classname="com.tetherfi.test.tmac.AgentSettingsDeleteTest" name="VerifySendForApprovalForDeleteNewRecord" time="46.936"/>
  <testcase classname="com.tetherfi.test.tmac.AgentSettingsDeleteTest" name="RejectforDeleteAgentSettingsRecord" time="38.656"/>
  <testcase classname="com.tetherfi.test.tmac.AgentSettingsDeleteTest" name="VerifyAuditTrailReportForReject" time="56.421"/>
  <testcase classname="com.tetherfi.test.tmac.AgentSettingsDeleteTest" name="DeleteAgentSettingsRecord" time="48.938"/>
  <testcase classname="com.tetherfi.test.tmac.AgentSettingsDeleteTest" name="VerifyAuditTrialReportForDelete" time="61.092"/>
  <testcase classname="com.tetherfi.test.tmac.AgentSettingsDeleteTest" name="VerifyAuditTrailDataForDeleteAgentSettingsRecord" time="38.930"/>
  <testcase classname="com.tetherfi.test.tmac.AgentSettingsDeleteTest" name="VerifySendForApprovalForDeleteRecord" time="48.706"/>
  <testcase classname="com.tetherfi.test.tmac.AgentSettingsDeleteTest" name="VerifyAuditTrailReportForSendForApprove" time="57.033"/>
  <testcase classname="com.tetherfi.test.tmac.AgentSettingsDeleteTest" name="ApproveforDeleteAgentSettingsRecord" time="44.795"/>
  <testcase classname="com.tetherfi.test.tmac.AgentSettingsDeleteTest" name="VerifyAuditTrailReportForApprove" time="62.234"/>
</testsuite> <!-- com.tetherfi.test.tmac.AgentSettingsDeleteTest -->
