<?xml version="1.0" encoding="UTF-8"?>
<!-- Generated by org.testng.reporters.JUnitReportReporter -->
<testsuite hostname="DESKTOP-O6A5C2O" failures="3" tests="22" name="com.tetherfi.test.tmac.AgentSettingsUITest" time="742.284" errors="0" timestamp="2020-03-16T12:24:20 IST" skipped="0">
  <testcase classname="com.tetherfi.test.tmac.AgentSettingsUITest" name="VerifyAgentSettingsModuleDisplay" time="10.751"/>
  <testcase classname="com.tetherfi.test.tmac.AgentSettingsUITest" name="VerifyAgentSettingsApprovedDataPage" time="12.703">
    <failure message="Approved table assertion failed did not expect to find [true] but found [false]" type="java.lang.AssertionError">
      <![CDATA[java.lang.AssertionError: Approved table assertion failed did not expect to find [true] but found [false]
at org.testng.Assert.fail(Assert.java:97)
at org.testng.Assert.failNotEquals(Assert.java:969)
at org.testng.Assert.assertTrue(Assert.java:43)
at com.tetherfi.test.tmac.AgentSettingsUITest.VerifyAgentSettingsApprovedDataPage(AgentSettingsUITest.java:48)
at java.base/jdk.internal.reflect.NativeMethodAccessorImpl.invoke0(Native Method)
at java.base/jdk.internal.reflect.NativeMethodAccessorImpl.invoke(Unknown Source)
at java.base/jdk.internal.reflect.DelegatingMethodAccessorImpl.invoke(Unknown Source)
at java.base/java.lang.reflect.Method.invoke(Unknown Source)
at org.testng.internal.MethodInvocationHelper.invokeMethod(MethodInvocationHelper.java:133)
at org.testng.internal.TestInvoker.invokeMethod(TestInvoker.java:584)
at org.testng.internal.TestInvoker.invokeTestMethod(TestInvoker.java:172)
at org.testng.internal.MethodRunner.runInSequence(MethodRunner.java:46)
at org.testng.internal.TestInvoker$MethodInvocationAgent.invoke(TestInvoker.java:804)
at org.testng.internal.TestInvoker.invokeTestMethods(TestInvoker.java:145)
at org.testng.internal.TestMethodWorker.invokeTestMethods(TestMethodWorker.java:146)
at org.testng.internal.TestMethodWorker.run(TestMethodWorker.java:128)
at java.base/java.util.ArrayList.forEach(Unknown Source)
at org.testng.TestRunner.privateRun(TestRunner.java:770)
at org.testng.TestRunner.run(TestRunner.java:591)
at org.testng.SuiteRunner.runTest(SuiteRunner.java:402)
at org.testng.SuiteRunner.runSequentially(SuiteRunner.java:396)
at org.testng.SuiteRunner.privateRun(SuiteRunner.java:355)
at org.testng.SuiteRunner.run(SuiteRunner.java:304)
at org.testng.SuiteRunnerWorker.runSuite(SuiteRunnerWorker.java:53)
at org.testng.SuiteRunnerWorker.run(SuiteRunnerWorker.java:96)
at org.testng.TestNG.runSuitesSequentially(TestNG.java:1180)
at org.testng.TestNG.runSuitesLocally(TestNG.java:1102)
at org.testng.TestNG.runSuites(TestNG.java:1032)
at org.testng.TestNG.run(TestNG.java:1000)
at org.testng.remote.AbstractRemoteTestNG.run(AbstractRemoteTestNG.java:115)
at org.testng.remote.RemoteTestNG.initAndRun(RemoteTestNG.java:251)
at org.testng.remote.RemoteTestNG.main(RemoteTestNG.java:77)
]]>
    </failure>
  </testcase> <!-- VerifyAgentSettingsApprovedDataPage -->
  <testcase classname="com.tetherfi.test.tmac.AgentSettingsUITest" name="VerifyAgentSettingsAuditTrailDataPage" time="19.452"/>
  <testcase classname="com.tetherfi.test.tmac.AgentSettingsUITest" name="VerifyMakeAgentSettingsChangeButton" time="25.537"/>
  <testcase classname="com.tetherfi.test.tmac.AgentSettingsUITest" name="VerifyAddNewAgentSettingsButton" time="28.746"/>
  <testcase classname="com.tetherfi.test.tmac.AgentSettingsUITest" name="VerifyClearAllAtSearchRecord" time="28.548"/>
  <testcase classname="com.tetherfi.test.tmac.AgentSettingsUITest" name="VerifyFullScreenButton" time="24.950"/>
  <testcase classname="com.tetherfi.test.tmac.AgentSettingsUITest" name="VerifyExportToExcel" time="69.753">
    <failure message="export to excel assertion failed did not expect to find [true] but found [false]" type="java.lang.AssertionError">
      <![CDATA[java.lang.AssertionError: export to excel assertion failed did not expect to find [true] but found [false]
at org.testng.Assert.fail(Assert.java:97)
at org.testng.Assert.failNotEquals(Assert.java:969)
at org.testng.Assert.assertTrue(Assert.java:43)
at com.tetherfi.test.tmac.AgentSettingsUITest.VerifyExportToExcel(AgentSettingsUITest.java:98)
at java.base/jdk.internal.reflect.NativeMethodAccessorImpl.invoke0(Native Method)
at java.base/jdk.internal.reflect.NativeMethodAccessorImpl.invoke(Unknown Source)
at java.base/jdk.internal.reflect.DelegatingMethodAccessorImpl.invoke(Unknown Source)
at java.base/java.lang.reflect.Method.invoke(Unknown Source)
at org.testng.internal.MethodInvocationHelper.invokeMethod(MethodInvocationHelper.java:133)
at org.testng.internal.TestInvoker.invokeMethod(TestInvoker.java:584)
at org.testng.internal.TestInvoker.invokeTestMethod(TestInvoker.java:172)
at org.testng.internal.MethodRunner.runInSequence(MethodRunner.java:46)
at org.testng.internal.TestInvoker$MethodInvocationAgent.invoke(TestInvoker.java:804)
at org.testng.internal.TestInvoker.invokeTestMethods(TestInvoker.java:145)
at org.testng.internal.TestMethodWorker.invokeTestMethods(TestMethodWorker.java:146)
at org.testng.internal.TestMethodWorker.run(TestMethodWorker.java:128)
at java.base/java.util.ArrayList.forEach(Unknown Source)
at org.testng.TestRunner.privateRun(TestRunner.java:770)
at org.testng.TestRunner.run(TestRunner.java:591)
at org.testng.SuiteRunner.runTest(SuiteRunner.java:402)
at org.testng.SuiteRunner.runSequentially(SuiteRunner.java:396)
at org.testng.SuiteRunner.privateRun(SuiteRunner.java:355)
at org.testng.SuiteRunner.run(SuiteRunner.java:304)
at org.testng.SuiteRunnerWorker.runSuite(SuiteRunnerWorker.java:53)
at org.testng.SuiteRunnerWorker.run(SuiteRunnerWorker.java:96)
at org.testng.TestNG.runSuitesSequentially(TestNG.java:1180)
at org.testng.TestNG.runSuitesLocally(TestNG.java:1102)
at org.testng.TestNG.runSuites(TestNG.java:1032)
at org.testng.TestNG.run(TestNG.java:1000)
at org.testng.remote.AbstractRemoteTestNG.run(AbstractRemoteTestNG.java:115)
at org.testng.remote.RemoteTestNG.initAndRun(RemoteTestNG.java:251)
at org.testng.remote.RemoteTestNG.main(RemoteTestNG.java:77)
]]>
    </failure>
  </testcase> <!-- VerifyExportToExcel -->
  <testcase classname="com.tetherfi.test.tmac.AgentSettingsUITest" name="VerifyExportToExcelWithoutData" time="35.466"/>
  <testcase classname="com.tetherfi.test.tmac.AgentSettingsUITest" name="VerifyDragAndDrop" time="22.616"/>
  <testcase classname="com.tetherfi.test.tmac.AgentSettingsUITest" name="VerifyDragAndDropofAlreadyGroupedHeader" time="21.271"/>
  <testcase classname="com.tetherfi.test.tmac.AgentSettingsUITest" name="VerifyDropdownForAllTheColumns" time="43.226"/>
  <testcase classname="com.tetherfi.test.tmac.AgentSettingsUITest" name="VerifyColumnsHeaderEnable" time="40.266"/>
  <testcase classname="com.tetherfi.test.tmac.AgentSettingsUITest" name="VerifyColumnsHeaderDisable" time="28.765">
    <failure message="columns disabled assertion failed did not expect to find [false] but found [true]" type="java.lang.AssertionError">
      <![CDATA[java.lang.AssertionError: columns disabled assertion failed did not expect to find [false] but found [true]
at org.testng.Assert.fail(Assert.java:97)
at org.testng.Assert.failNotEquals(Assert.java:969)
at org.testng.Assert.assertFalse(Assert.java:65)
at com.tetherfi.test.tmac.AgentSettingsUITest.VerifyColumnsHeaderDisable(AgentSettingsUITest.java:151)
at java.base/jdk.internal.reflect.NativeMethodAccessorImpl.invoke0(Native Method)
at java.base/jdk.internal.reflect.NativeMethodAccessorImpl.invoke(Unknown Source)
at java.base/jdk.internal.reflect.DelegatingMethodAccessorImpl.invoke(Unknown Source)
at java.base/java.lang.reflect.Method.invoke(Unknown Source)
at org.testng.internal.MethodInvocationHelper.invokeMethod(MethodInvocationHelper.java:133)
at org.testng.internal.TestInvoker.invokeMethod(TestInvoker.java:584)
at org.testng.internal.TestInvoker.invokeTestMethod(TestInvoker.java:172)
at org.testng.internal.MethodRunner.runInSequence(MethodRunner.java:46)
at org.testng.internal.TestInvoker$MethodInvocationAgent.invoke(TestInvoker.java:804)
at org.testng.internal.TestInvoker.invokeTestMethods(TestInvoker.java:145)
at org.testng.internal.TestMethodWorker.invokeTestMethods(TestMethodWorker.java:146)
at org.testng.internal.TestMethodWorker.run(TestMethodWorker.java:128)
at java.base/java.util.ArrayList.forEach(Unknown Source)
at org.testng.TestRunner.privateRun(TestRunner.java:770)
at org.testng.TestRunner.run(TestRunner.java:591)
at org.testng.SuiteRunner.runTest(SuiteRunner.java:402)
at org.testng.SuiteRunner.runSequentially(SuiteRunner.java:396)
at org.testng.SuiteRunner.privateRun(SuiteRunner.java:355)
at org.testng.SuiteRunner.run(SuiteRunner.java:304)
at org.testng.SuiteRunnerWorker.runSuite(SuiteRunnerWorker.java:53)
at org.testng.SuiteRunnerWorker.run(SuiteRunnerWorker.java:96)
at org.testng.TestNG.runSuitesSequentially(TestNG.java:1180)
at org.testng.TestNG.runSuitesLocally(TestNG.java:1102)
at org.testng.TestNG.runSuites(TestNG.java:1032)
at org.testng.TestNG.run(TestNG.java:1000)
at org.testng.remote.AbstractRemoteTestNG.run(AbstractRemoteTestNG.java:115)
at org.testng.remote.RemoteTestNG.initAndRun(RemoteTestNG.java:251)
at org.testng.remote.RemoteTestNG.main(RemoteTestNG.java:77)
]]>
    </failure>
  </testcase> <!-- VerifyColumnsHeaderDisable -->
  <testcase classname="com.tetherfi.test.tmac.AgentSettingsUITest" name="VerifyArrowMoveForPreviousAndNextPage" time="23.302"/>
  <testcase classname="com.tetherfi.test.tmac.AgentSettingsUITest" name="VerifyArrowMoveForFirstAndLastPage" time="23.971"/>
  <testcase classname="com.tetherfi.test.tmac.AgentSettingsUITest" name="VerifyTotalNumberOfItemsPerPageDetails" time="23.477"/>
  <testcase classname="com.tetherfi.test.tmac.AgentSettingsUITest" name="VerifyNumberOfItemsPerPageSelection" time="35.105"/>
  <testcase classname="com.tetherfi.test.tmac.AgentSettingsUITest" name="VerifyMandatoryFieldWarningMessage" time="27.368"/>
  <testcase classname="com.tetherfi.test.tmac.AgentSettingsUITest" name="VerifyCancelButtonAtRecordCreation" time="68.939"/>
  <testcase classname="com.tetherfi.test.tmac.AgentSettingsUITest" name="VerifyCancelButtonAtRecordEdit" time="92.255"/>
  <testcase classname="com.tetherfi.test.tmac.AgentSettingsUITest" name="VerifyCancelButtonAtRecordDelete" time="35.817"/>
</testsuite> <!-- com.tetherfi.test.tmac.AgentSettingsUITest -->
