<?xml version="1.0" encoding="UTF-8"?>
<!-- Generated by org.testng.reporters.JUnitReportReporter -->
<testsuite skipped="0" hostname="TTF-BLR-SANTOSHKOUJALAGI" name="com.tetherfi.test.reports.OCMAgentSummaryReportTest" tests="58" failures="6" timestamp="2021-09-01T01:36:24 IST" time="2781.864" errors="0">
  <testcase name="ShowOCMAgentSummaryReport" time="22.450" classname="com.tetherfi.test.reports.OCMAgentSummaryReportTest"/>
  <testcase name="ShowOCMAgentSummaryReportInNewTab" time="21.721" classname="com.tetherfi.test.reports.OCMAgentSummaryReportTest"/>
  <testcase name="ScheduleOCMAgentSummaryReport" time="15.680" classname="com.tetherfi.test.reports.OCMAgentSummaryReportTest"/>
  <testcase name="ExportOCMAgentSummaryReport" time="20.230" classname="com.tetherfi.test.reports.OCMAgentSummaryReportTest"/>
  <testcase name="ViewDownloadedOcmAgentSummaryReportInReportsDownloadPage" time="24.210" classname="com.tetherfi.test.reports.OCMAgentSummaryReportTest"/>
  <testcase name="VerifyViewDownloadedOcmAgentSummaryReportInReportsDownloadPage" time="320.244" classname="com.tetherfi.test.reports.OCMAgentSummaryReportTest">
    <failure type="java.lang.AssertionError" message="did not expect to find [true] but found [false]">
      <![CDATA[java.lang.AssertionError: did not expect to find [true] but found [false]
at org.testng.Assert.fail(Assert.java:97)
at org.testng.Assert.failNotEquals(Assert.java:969)
at org.testng.Assert.assertTrue(Assert.java:43)
at org.testng.Assert.assertTrue(Assert.java:53)
at com.tetherfi.test.reports.OCMAgentSummaryReportTest.VerifyViewDownloadedOcmAgentSummaryReportInReportsDownloadPage(OCMAgentSummaryReportTest.java:100)
at sun.reflect.NativeMethodAccessorImpl.invoke0(Native Method)
at sun.reflect.NativeMethodAccessorImpl.invoke(Unknown Source)
at sun.reflect.DelegatingMethodAccessorImpl.invoke(Unknown Source)
at java.lang.reflect.Method.invoke(Unknown Source)
at org.testng.internal.MethodInvocationHelper.invokeMethod(MethodInvocationHelper.java:133)
at org.testng.internal.TestInvoker.invokeMethod(TestInvoker.java:584)
at org.testng.internal.TestInvoker.invokeTestMethod(TestInvoker.java:172)
at org.testng.internal.MethodRunner.runInSequence(MethodRunner.java:46)
at org.testng.internal.TestInvoker$MethodInvocationAgent.invoke(TestInvoker.java:804)
at org.testng.internal.TestInvoker.invokeTestMethods(TestInvoker.java:145)
at org.testng.internal.TestMethodWorker.invokeTestMethods(TestMethodWorker.java:146)
at org.testng.internal.TestMethodWorker.run(TestMethodWorker.java:128)
at java.util.ArrayList.forEach(Unknown Source)
at org.testng.TestRunner.privateRun(TestRunner.java:770)
at org.testng.TestRunner.run(TestRunner.java:591)
at org.testng.SuiteRunner.runTest(SuiteRunner.java:402)
at org.testng.SuiteRunner.runSequentially(SuiteRunner.java:396)
at org.testng.SuiteRunner.privateRun(SuiteRunner.java:355)
at org.testng.SuiteRunner.run(SuiteRunner.java:304)
at org.testng.SuiteRunnerWorker.runSuite(SuiteRunnerWorker.java:53)
at org.testng.SuiteRunnerWorker.run(SuiteRunnerWorker.java:96)
at org.testng.TestNG.runSuitesSequentially(TestNG.java:1180)
at org.testng.TestNG.runSuitesLocally(TestNG.java:1102)
at org.testng.TestNG.runSuites(TestNG.java:1032)
at org.testng.TestNG.run(TestNG.java:1000)
at org.testng.remote.AbstractRemoteTestNG.run(AbstractRemoteTestNG.java:115)
at org.testng.remote.RemoteTestNG.initAndRun(RemoteTestNG.java:251)
at org.testng.remote.RemoteTestNG.main(RemoteTestNG.java:77)
]]>
    </failure>
  </testcase> <!-- VerifyViewDownloadedOcmAgentSummaryReportInReportsDownloadPage -->
  <testcase name="DeleteWithoutDeleteReasonRecordinReportsDownloadforSingleDate" time="11.692" classname="com.tetherfi.test.reports.OCMAgentSummaryReportTest"/>
  <testcase name="VerifyCancelBtnAtReportsDownloadforSingleDate" time="35.216" classname="com.tetherfi.test.reports.OCMAgentSummaryReportTest"/>
  <testcase name="DeleteRecordforSingleDate" time="12.794" classname="com.tetherfi.test.reports.OCMAgentSummaryReportTest"/>
  <testcase name="ShowOCMAgentSummaryReportForDateRange" time="20.232" classname="com.tetherfi.test.reports.OCMAgentSummaryReportTest"/>
  <testcase name="ShowOCMAgentSummaryReportInNewTabDateRange" time="18.108" classname="com.tetherfi.test.reports.OCMAgentSummaryReportTest"/>
  <testcase name="ScheduleOCMAgentSummaryReportforDateRange" time="20.996" classname="com.tetherfi.test.reports.OCMAgentSummaryReportTest"/>
  <testcase name="ExportOCMAgentSummaryReportDateRange" time="16.650" classname="com.tetherfi.test.reports.OCMAgentSummaryReportTest"/>
  <testcase name="ViewDownloadedOcmAgentSummaryReportInReportsDownloadPageDateRange" time="13.714" classname="com.tetherfi.test.reports.OCMAgentSummaryReportTest"/>
  <testcase name="VerifyViewDownloadedOcmAgentSummaryReportInReportsDownloadDateRangePage" time="319.507" classname="com.tetherfi.test.reports.OCMAgentSummaryReportTest">
    <failure type="java.lang.AssertionError" message="did not expect to find [true] but found [false]">
      <![CDATA[java.lang.AssertionError: did not expect to find [true] but found [false]
at org.testng.Assert.fail(Assert.java:97)
at org.testng.Assert.failNotEquals(Assert.java:969)
at org.testng.Assert.assertTrue(Assert.java:43)
at org.testng.Assert.assertTrue(Assert.java:53)
at com.tetherfi.test.reports.OCMAgentSummaryReportTest.VerifyViewDownloadedOcmAgentSummaryReportInReportsDownloadDateRangePage(OCMAgentSummaryReportTest.java:192)
at sun.reflect.NativeMethodAccessorImpl.invoke0(Native Method)
at sun.reflect.NativeMethodAccessorImpl.invoke(Unknown Source)
at sun.reflect.DelegatingMethodAccessorImpl.invoke(Unknown Source)
at java.lang.reflect.Method.invoke(Unknown Source)
at org.testng.internal.MethodInvocationHelper.invokeMethod(MethodInvocationHelper.java:133)
at org.testng.internal.TestInvoker.invokeMethod(TestInvoker.java:584)
at org.testng.internal.TestInvoker.invokeTestMethod(TestInvoker.java:172)
at org.testng.internal.MethodRunner.runInSequence(MethodRunner.java:46)
at org.testng.internal.TestInvoker$MethodInvocationAgent.invoke(TestInvoker.java:804)
at org.testng.internal.TestInvoker.invokeTestMethods(TestInvoker.java:145)
at org.testng.internal.TestMethodWorker.invokeTestMethods(TestMethodWorker.java:146)
at org.testng.internal.TestMethodWorker.run(TestMethodWorker.java:128)
at java.util.ArrayList.forEach(Unknown Source)
at org.testng.TestRunner.privateRun(TestRunner.java:770)
at org.testng.TestRunner.run(TestRunner.java:591)
at org.testng.SuiteRunner.runTest(SuiteRunner.java:402)
at org.testng.SuiteRunner.runSequentially(SuiteRunner.java:396)
at org.testng.SuiteRunner.privateRun(SuiteRunner.java:355)
at org.testng.SuiteRunner.run(SuiteRunner.java:304)
at org.testng.SuiteRunnerWorker.runSuite(SuiteRunnerWorker.java:53)
at org.testng.SuiteRunnerWorker.run(SuiteRunnerWorker.java:96)
at org.testng.TestNG.runSuitesSequentially(TestNG.java:1180)
at org.testng.TestNG.runSuitesLocally(TestNG.java:1102)
at org.testng.TestNG.runSuites(TestNG.java:1032)
at org.testng.TestNG.run(TestNG.java:1000)
at org.testng.remote.AbstractRemoteTestNG.run(AbstractRemoteTestNG.java:115)
at org.testng.remote.RemoteTestNG.initAndRun(RemoteTestNG.java:251)
at org.testng.remote.RemoteTestNG.main(RemoteTestNG.java:77)
]]>
    </failure>
  </testcase> <!-- VerifyViewDownloadedOcmAgentSummaryReportInReportsDownloadDateRangePage -->
  <testcase name="DeleteWithoutDeleteReasonRecordinReportsDownloadforDateRange" time="12.197" classname="com.tetherfi.test.reports.OCMAgentSummaryReportTest"/>
  <testcase name="VerifyCancelBtnAtReportsDownloadDeleteBtnForDateRange" time="35.400" classname="com.tetherfi.test.reports.OCMAgentSummaryReportTest"/>
  <testcase name="DeleteRecordAtReportsDownload" time="13.218" classname="com.tetherfi.test.reports.OCMAgentSummaryReportTest"/>
  <testcase name="ClearAll" time="13.591" classname="com.tetherfi.test.reports.OCMAgentSummaryReportTest"/>
  <testcase name="OCMWindow" time="22.205" classname="com.tetherfi.test.reports.OCMAgentSummaryReportTest"/>
  <testcase name="VerifyDropdownForAllTheColumns" time="88.920" classname="com.tetherfi.test.reports.OCMAgentSummaryReportTest"/>
  <testcase name="VerifyColumnsHeaderEnable" time="181.926" classname="com.tetherfi.test.reports.OCMAgentSummaryReportTest"/>
  <testcase name="VerifyColumnsHeaderDisable" time="194.676" classname="com.tetherfi.test.reports.OCMAgentSummaryReportTest"/>
  <testcase name="VerifyArrowMoveForPreviousAndNextPage" time="18.393" classname="com.tetherfi.test.reports.OCMAgentSummaryReportTest"/>
  <testcase name="VerifyArrowMoveForFirstAndLastPage" time="18.055" classname="com.tetherfi.test.reports.OCMAgentSummaryReportTest"/>
  <testcase name="VerifyTotalNumberOfItemsPerPageDetails" time="17.720" classname="com.tetherfi.test.reports.OCMAgentSummaryReportTest"/>
  <testcase name="VerifyNumberOfItemsPerPageSelection" time="48.679" classname="com.tetherfi.test.reports.OCMAgentSummaryReportTest"/>
  <testcase name="ExportPage" time="24.397" classname="com.tetherfi.test.reports.OCMAgentSummaryReportTest"/>
  <testcase name="VerifyExportedPage" time="38.304" classname="com.tetherfi.test.reports.OCMAgentSummaryReportTest">
    <failure type="java.lang.AssertionError" message="did not expect to find [true] but found [false]">
      <![CDATA[java.lang.AssertionError: did not expect to find [true] but found [false]
at org.testng.Assert.fail(Assert.java:97)
at org.testng.Assert.failNotEquals(Assert.java:969)
at org.testng.Assert.assertTrue(Assert.java:43)
at org.testng.Assert.assertTrue(Assert.java:53)
at com.tetherfi.test.reports.OCMAgentSummaryReportTest.VerifyExportedPage(OCMAgentSummaryReportTest.java:348)
at sun.reflect.NativeMethodAccessorImpl.invoke0(Native Method)
at sun.reflect.NativeMethodAccessorImpl.invoke(Unknown Source)
at sun.reflect.DelegatingMethodAccessorImpl.invoke(Unknown Source)
at java.lang.reflect.Method.invoke(Unknown Source)
at org.testng.internal.MethodInvocationHelper.invokeMethod(MethodInvocationHelper.java:133)
at org.testng.internal.TestInvoker.invokeMethod(TestInvoker.java:584)
at org.testng.internal.TestInvoker.invokeTestMethod(TestInvoker.java:172)
at org.testng.internal.MethodRunner.runInSequence(MethodRunner.java:46)
at org.testng.internal.TestInvoker$MethodInvocationAgent.invoke(TestInvoker.java:804)
at org.testng.internal.TestInvoker.invokeTestMethods(TestInvoker.java:145)
at org.testng.internal.TestMethodWorker.invokeTestMethods(TestMethodWorker.java:146)
at org.testng.internal.TestMethodWorker.run(TestMethodWorker.java:128)
at java.util.ArrayList.forEach(Unknown Source)
at org.testng.TestRunner.privateRun(TestRunner.java:770)
at org.testng.TestRunner.run(TestRunner.java:591)
at org.testng.SuiteRunner.runTest(SuiteRunner.java:402)
at org.testng.SuiteRunner.runSequentially(SuiteRunner.java:396)
at org.testng.SuiteRunner.privateRun(SuiteRunner.java:355)
at org.testng.SuiteRunner.run(SuiteRunner.java:304)
at org.testng.SuiteRunnerWorker.runSuite(SuiteRunnerWorker.java:53)
at org.testng.SuiteRunnerWorker.run(SuiteRunnerWorker.java:96)
at org.testng.TestNG.runSuitesSequentially(TestNG.java:1180)
at org.testng.TestNG.runSuitesLocally(TestNG.java:1102)
at org.testng.TestNG.runSuites(TestNG.java:1032)
at org.testng.TestNG.run(TestNG.java:1000)
at org.testng.remote.AbstractRemoteTestNG.run(AbstractRemoteTestNG.java:115)
at org.testng.remote.RemoteTestNG.initAndRun(RemoteTestNG.java:251)
at org.testng.remote.RemoteTestNG.main(RemoteTestNG.java:77)
]]>
    </failure>
  </testcase> <!-- VerifyExportedPage -->
  <testcase name="SchedulereportinOCMAgentSummaryReportPage" time="20.262" classname="com.tetherfi.test.reports.OCMAgentSummaryReportTest"/>
  <testcase name="ExportToExcelForAgentSummaryReport" time="18.103" classname="com.tetherfi.test.reports.OCMAgentSummaryReportTest"/>
  <testcase name="ViewDownloadedOcmAgentSummaryReportInReportsDownloadPageinAgentSummaryPg" time="25.295" classname="com.tetherfi.test.reports.OCMAgentSummaryReportTest"/>
  <testcase name="VerifySearchByFeatureForAgentSummaryReport" time="22.729" classname="com.tetherfi.test.reports.OCMAgentSummaryReportTest"/>
  <testcase name="VerifySearchFeatureForAgentSummaryReport" time="27.680" classname="com.tetherfi.test.reports.OCMAgentSummaryReportTest"/>
  <testcase name="VerifySearchIsNotEqualTo" time="37.613" classname="com.tetherfi.test.reports.OCMAgentSummaryReportTest"/>
  <testcase name="VerifySearchContains" time="32.354" classname="com.tetherfi.test.reports.OCMAgentSummaryReportTest"/>
  <testcase name="VerifySearchDoesNotContains" time="35.667" classname="com.tetherfi.test.reports.OCMAgentSummaryReportTest"/>
  <testcase name="VerifySearchStartsWith" time="29.980" classname="com.tetherfi.test.reports.OCMAgentSummaryReportTest"/>
  <testcase name="VerifySearchEndsWith" time="29.288" classname="com.tetherfi.test.reports.OCMAgentSummaryReportTest"/>
  <testcase name="searchwithoutSearchTextbox" time="25.819" classname="com.tetherfi.test.reports.OCMAgentSummaryReportTest"/>
  <testcase name="SearchClear" time="23.890" classname="com.tetherfi.test.reports.OCMAgentSummaryReportTest"/>
  <testcase name="verifyAdvancedSearchinreportpageSearchEqualTo" time="32.036" classname="com.tetherfi.test.reports.OCMAgentSummaryReportTest"/>
  <testcase name="verifyAdvancedSearchinreportpageSearchNotEqualTo" time="38.380" classname="com.tetherfi.test.reports.OCMAgentSummaryReportTest"/>
  <testcase name="verifyAdvancedSearchinreportpageSearchcontains" time="35.288" classname="com.tetherfi.test.reports.OCMAgentSummaryReportTest"/>
  <testcase name="verifyAdvancedSearchinreportpageSearchDoesnotcontains" time="33.148" classname="com.tetherfi.test.reports.OCMAgentSummaryReportTest"/>
  <testcase name="verifyAdvancedSearchinreportpageSearchStartswith" time="32.252" classname="com.tetherfi.test.reports.OCMAgentSummaryReportTest"/>
  <testcase name="verifyAdvancedSearchinreportpageSearchEndswith" time="32.858" classname="com.tetherfi.test.reports.OCMAgentSummaryReportTest"/>
  <testcase name="verifyAdvancedSearchANDCriteria" time="42.868" classname="com.tetherfi.test.reports.OCMAgentSummaryReportTest"/>
  <testcase name="verifyAdvancedSearchORCriteria" time="44.542" classname="com.tetherfi.test.reports.OCMAgentSummaryReportTest"/>
  <testcase name="ClearfiltersAdvSrch" time="24.313" classname="com.tetherfi.test.reports.OCMAgentSummaryReportTest"/>
  <testcase name="GroupBy" time="25.148" classname="com.tetherfi.test.reports.OCMAgentSummaryReportTest"/>
  <testcase name="VerifyJsonDataForColumnNames" time="20.585" classname="com.tetherfi.test.reports.OCMAgentSummaryReportTest"/>
  <testcase name="VerifySorting" time="22.788" classname="com.tetherfi.test.reports.OCMAgentSummaryReportTest">
    <failure type="java.lang.AssertionError" message="Sorting assertion failed did not expect to find [true] but found [false]">
      <![CDATA[java.lang.AssertionError: Sorting assertion failed did not expect to find [true] but found [false]
at org.testng.Assert.fail(Assert.java:97)
at org.testng.Assert.failNotEquals(Assert.java:969)
at org.testng.Assert.assertTrue(Assert.java:43)
at com.tetherfi.test.reports.OCMAgentSummaryReportTest.VerifySorting(OCMAgentSummaryReportTest.java:626)
at sun.reflect.NativeMethodAccessorImpl.invoke0(Native Method)
at sun.reflect.NativeMethodAccessorImpl.invoke(Unknown Source)
at sun.reflect.DelegatingMethodAccessorImpl.invoke(Unknown Source)
at java.lang.reflect.Method.invoke(Unknown Source)
at org.testng.internal.MethodInvocationHelper.invokeMethod(MethodInvocationHelper.java:133)
at org.testng.internal.TestInvoker.invokeMethod(TestInvoker.java:584)
at org.testng.internal.TestInvoker.invokeTestMethod(TestInvoker.java:172)
at org.testng.internal.MethodRunner.runInSequence(MethodRunner.java:46)
at org.testng.internal.TestInvoker$MethodInvocationAgent.invoke(TestInvoker.java:804)
at org.testng.internal.TestInvoker.invokeTestMethods(TestInvoker.java:145)
at org.testng.internal.TestMethodWorker.invokeTestMethods(TestMethodWorker.java:146)
at org.testng.internal.TestMethodWorker.run(TestMethodWorker.java:128)
at java.util.ArrayList.forEach(Unknown Source)
at org.testng.TestRunner.privateRun(TestRunner.java:770)
at org.testng.TestRunner.run(TestRunner.java:591)
at org.testng.SuiteRunner.runTest(SuiteRunner.java:402)
at org.testng.SuiteRunner.runSequentially(SuiteRunner.java:396)
at org.testng.SuiteRunner.privateRun(SuiteRunner.java:355)
at org.testng.SuiteRunner.run(SuiteRunner.java:304)
at org.testng.SuiteRunnerWorker.runSuite(SuiteRunnerWorker.java:53)
at org.testng.SuiteRunnerWorker.run(SuiteRunnerWorker.java:96)
at org.testng.TestNG.runSuitesSequentially(TestNG.java:1180)
at org.testng.TestNG.runSuitesLocally(TestNG.java:1102)
at org.testng.TestNG.runSuites(TestNG.java:1032)
at org.testng.TestNG.run(TestNG.java:1000)
at org.testng.remote.AbstractRemoteTestNG.run(AbstractRemoteTestNG.java:115)
at org.testng.remote.RemoteTestNG.initAndRun(RemoteTestNG.java:251)
at org.testng.remote.RemoteTestNG.main(RemoteTestNG.java:77)
]]>
    </failure>
  </testcase> <!-- VerifySorting -->
  <testcase name="VerifyViewDownloadedinOcmAgentSummaryReportPage" time="318.352" classname="com.tetherfi.test.reports.OCMAgentSummaryReportTest">
    <failure type="java.lang.AssertionError" message="did not expect to find [true] but found [false]">
      <![CDATA[java.lang.AssertionError: did not expect to find [true] but found [false]
at org.testng.Assert.fail(Assert.java:97)
at org.testng.Assert.failNotEquals(Assert.java:969)
at org.testng.Assert.assertTrue(Assert.java:43)
at org.testng.Assert.assertTrue(Assert.java:53)
at com.tetherfi.test.reports.OCMAgentSummaryReportTest.VerifyViewDownloadedinOcmAgentSummaryReportPage(OCMAgentSummaryReportTest.java:636)
at sun.reflect.NativeMethodAccessorImpl.invoke0(Native Method)
at sun.reflect.NativeMethodAccessorImpl.invoke(Unknown Source)
at sun.reflect.DelegatingMethodAccessorImpl.invoke(Unknown Source)
at java.lang.reflect.Method.invoke(Unknown Source)
at org.testng.internal.MethodInvocationHelper.invokeMethod(MethodInvocationHelper.java:133)
at org.testng.internal.TestInvoker.invokeMethod(TestInvoker.java:584)
at org.testng.internal.TestInvoker.invokeTestMethod(TestInvoker.java:172)
at org.testng.internal.MethodRunner.runInSequence(MethodRunner.java:46)
at org.testng.internal.TestInvoker$MethodInvocationAgent.invoke(TestInvoker.java:804)
at org.testng.internal.TestInvoker.invokeTestMethods(TestInvoker.java:145)
at org.testng.internal.TestMethodWorker.invokeTestMethods(TestMethodWorker.java:146)
at org.testng.internal.TestMethodWorker.run(TestMethodWorker.java:128)
at java.util.ArrayList.forEach(Unknown Source)
at org.testng.TestRunner.privateRun(TestRunner.java:770)
at org.testng.TestRunner.run(TestRunner.java:591)
at org.testng.SuiteRunner.runTest(SuiteRunner.java:402)
at org.testng.SuiteRunner.runSequentially(SuiteRunner.java:396)
at org.testng.SuiteRunner.privateRun(SuiteRunner.java:355)
at org.testng.SuiteRunner.run(SuiteRunner.java:304)
at org.testng.SuiteRunnerWorker.runSuite(SuiteRunnerWorker.java:53)
at org.testng.SuiteRunnerWorker.run(SuiteRunnerWorker.java:96)
at org.testng.TestNG.runSuitesSequentially(TestNG.java:1180)
at org.testng.TestNG.runSuitesLocally(TestNG.java:1102)
at org.testng.TestNG.runSuites(TestNG.java:1032)
at org.testng.TestNG.run(TestNG.java:1000)
at org.testng.remote.AbstractRemoteTestNG.run(AbstractRemoteTestNG.java:115)
at org.testng.remote.RemoteTestNG.initAndRun(RemoteTestNG.java:251)
at org.testng.remote.RemoteTestNG.main(RemoteTestNG.java:77)
]]>
    </failure>
  </testcase> <!-- VerifyViewDownloadedinOcmAgentSummaryReportPage -->
  <testcase name="VerifyArrowMoveForPreviousAndNextPageForDrillDownOne" time="24.571" classname="com.tetherfi.test.reports.OCMAgentSummaryReportTest"/>
  <testcase name="database" time="62.022" classname="com.tetherfi.test.reports.OCMAgentSummaryReportTest">
    <failure type="java.lang.AssertionError" message="Main Report Data Mismatch did not expect to find [true] but found [false]">
      <![CDATA[java.lang.AssertionError: Main Report Data Mismatch did not expect to find [true] but found [false]
at org.testng.Assert.fail(Assert.java:97)
at org.testng.Assert.failNotEquals(Assert.java:969)
at org.testng.Assert.assertTrue(Assert.java:43)
at com.tetherfi.test.reports.OCMAgentSummaryReportTest.database(OCMAgentSummaryReportTest.java:683)
at sun.reflect.NativeMethodAccessorImpl.invoke0(Native Method)
at sun.reflect.NativeMethodAccessorImpl.invoke(Unknown Source)
at sun.reflect.DelegatingMethodAccessorImpl.invoke(Unknown Source)
at java.lang.reflect.Method.invoke(Unknown Source)
at org.testng.internal.MethodInvocationHelper.invokeMethod(MethodInvocationHelper.java:133)
at org.testng.internal.TestInvoker.invokeMethod(TestInvoker.java:584)
at org.testng.internal.TestInvoker.invokeTestMethod(TestInvoker.java:172)
at org.testng.internal.MethodRunner.runInSequence(MethodRunner.java:46)
at org.testng.internal.TestInvoker$MethodInvocationAgent.invoke(TestInvoker.java:804)
at org.testng.internal.TestInvoker.invokeTestMethods(TestInvoker.java:145)
at org.testng.internal.TestMethodWorker.invokeTestMethods(TestMethodWorker.java:146)
at org.testng.internal.TestMethodWorker.run(TestMethodWorker.java:128)
at java.util.ArrayList.forEach(Unknown Source)
at org.testng.TestRunner.privateRun(TestRunner.java:770)
at org.testng.TestRunner.run(TestRunner.java:591)
at org.testng.SuiteRunner.runTest(SuiteRunner.java:402)
at org.testng.SuiteRunner.runSequentially(SuiteRunner.java:396)
at org.testng.SuiteRunner.privateRun(SuiteRunner.java:355)
at org.testng.SuiteRunner.run(SuiteRunner.java:304)
at org.testng.SuiteRunnerWorker.runSuite(SuiteRunnerWorker.java:53)
at org.testng.SuiteRunnerWorker.run(SuiteRunnerWorker.java:96)
at org.testng.TestNG.runSuitesSequentially(TestNG.java:1180)
at org.testng.TestNG.runSuitesLocally(TestNG.java:1102)
at org.testng.TestNG.runSuites(TestNG.java:1032)
at org.testng.TestNG.run(TestNG.java:1000)
at org.testng.remote.AbstractRemoteTestNG.run(AbstractRemoteTestNG.java:115)
at org.testng.remote.RemoteTestNG.initAndRun(RemoteTestNG.java:251)
at org.testng.remote.RemoteTestNG.main(RemoteTestNG.java:77)
]]>
    </failure>
  </testcase> <!-- database -->
  <testcase name="VerifyArrowMoveForFirstAndLastPageFoDrillDownOne" time="21.964" classname="com.tetherfi.test.reports.OCMAgentSummaryReportTest"/>
  <testcase name="VerifyTotalNumberOfItemsPerPageDetailsFoDrillDownOne" time="20.944" classname="com.tetherfi.test.reports.OCMAgentSummaryReportTest"/>
</testsuite> <!-- com.tetherfi.test.reports.OCMAgentSummaryReportTest -->
