<?xml version="1.0" encoding="UTF-8"?>
<!-- Generated by org.testng.reporters.JUnitReportReporter -->
<testsuite hostname="DESKTOP-O6A5C2O" failures="0" tests="2" name="com.tetherfi.test.chat.ChatMenuDescriptionTest" time="12.731" errors="0" timestamp="2019-11-06T13:59:25 IST" skipped="0">
  <testcase classname="com.tetherfi.test.chat.ChatMenuDescriptionTest" name="AddNewChatMenuDescriptionRecord" time="6.362"/>
  <testcase classname="com.tetherfi.test.chat.ChatMenuDescriptionTest" name="AddDuplicateChatMenuDescriptionRecord" time="6.369"/>
</testsuite> <!-- com.tetherfi.test.chat.ChatMenuDescriptionTest -->
