<?xml version="1.0" encoding="UTF-8"?>
<!-- Generated by org.testng.reporters.JUnitReportReporter -->
<testsuite hostname="admin" failures="0" tests="3" name="com.tetherfi.test.SkillConfigurationTest" time="29.925" errors="0" timestamp="18 Mar 2019 05:16:24 GMT" skipped="0">
  <testcase classname="com.tetherfi.test.SkillConfigurationTest" name="VerifyDropdownForAllTheColumns" time="13.487"/>
  <testcase classname="com.tetherfi.test.SkillConfigurationTest" name="VerifyColumnsHeaderEnable" time="7.800"/>
  <testcase classname="com.tetherfi.test.SkillConfigurationTest" name="VerifyColumnsHeaderDisable" time="8.638"/>
</testsuite> <!-- com.tetherfi.test.SkillConfigurationTest -->
