<?xml version="1.0" encoding="UTF-8"?>
<!-- Generated by org.testng.reporters.JUnitReportReporter -->
<testsuite skipped="0" hostname="TTF-BLR-SANTOSHKOUJALAGI" name="com.tetherfi.test.tmac.AgentSettingsEditTest" tests="2" failures="0" timestamp="2021-08-01T12:41:40 IST" time="97.766" errors="0">
  <testcase name="VerifySendForApprovalForEditRejectRecord1" time="52.124" classname="com.tetherfi.test.tmac.AgentSettingsEditTest"/>
  <testcase name="ApproveforEditSupervisorRecord" time="45.642" classname="com.tetherfi.test.tmac.AgentSettingsEditTest"/>
</testsuite> <!-- com.tetherfi.test.tmac.AgentSettingsEditTest -->
