<?xml version="1.0" encoding="UTF-8"?>
<!-- Generated by org.testng.reporters.JUnitReportReporter -->
<testsuite skipped="0" hostname="TTF-BLR-SANTOSHKOUJALAGI" name="com.tetherfi.test.reports.OCMSMSInteractionReportTest" tests="45" failures="2" timestamp="2021-09-02T02:48:37 IST" time="976.051" errors="0">
  <testcase name="ShowReport" time="18.441" classname="com.tetherfi.test.reports.OCMSMSInteractionReportTest"/>
  <testcase name="ShowReportInNewPage" time="18.104" classname="com.tetherfi.test.reports.OCMSMSInteractionReportTest"/>
  <testcase name="ScheduleReport" time="15.301" classname="com.tetherfi.test.reports.OCMSMSInteractionReportTest"/>
  <testcase name="database" time="34.538" classname="com.tetherfi.test.reports.OCMSMSInteractionReportTest">
    <failure type="java.lang.AssertionError" message="Main report data mismatch did not expect to find [true] but found [false]">
      <![CDATA[java.lang.AssertionError: Main report data mismatch did not expect to find [true] but found [false]
at org.testng.Assert.fail(Assert.java:97)
at org.testng.Assert.failNotEquals(Assert.java:969)
at org.testng.Assert.assertTrue(Assert.java:43)
at com.tetherfi.test.reports.OCMSMSInteractionReportTest.database(OCMSMSInteractionReportTest.java:72)
at sun.reflect.NativeMethodAccessorImpl.invoke0(Native Method)
at sun.reflect.NativeMethodAccessorImpl.invoke(Unknown Source)
at sun.reflect.DelegatingMethodAccessorImpl.invoke(Unknown Source)
at java.lang.reflect.Method.invoke(Unknown Source)
at org.testng.internal.MethodInvocationHelper.invokeMethod(MethodInvocationHelper.java:133)
at org.testng.internal.TestInvoker.invokeMethod(TestInvoker.java:584)
at org.testng.internal.TestInvoker.invokeTestMethod(TestInvoker.java:172)
at org.testng.internal.MethodRunner.runInSequence(MethodRunner.java:46)
at org.testng.internal.TestInvoker$MethodInvocationAgent.invoke(TestInvoker.java:804)
at org.testng.internal.TestInvoker.invokeTestMethods(TestInvoker.java:145)
at org.testng.internal.TestMethodWorker.invokeTestMethods(TestMethodWorker.java:146)
at org.testng.internal.TestMethodWorker.run(TestMethodWorker.java:128)
at java.util.ArrayList.forEach(Unknown Source)
at org.testng.TestRunner.privateRun(TestRunner.java:770)
at org.testng.TestRunner.run(TestRunner.java:591)
at org.testng.SuiteRunner.runTest(SuiteRunner.java:402)
at org.testng.SuiteRunner.runSequentially(SuiteRunner.java:396)
at org.testng.SuiteRunner.privateRun(SuiteRunner.java:355)
at org.testng.SuiteRunner.run(SuiteRunner.java:304)
at org.testng.SuiteRunnerWorker.runSuite(SuiteRunnerWorker.java:53)
at org.testng.SuiteRunnerWorker.run(SuiteRunnerWorker.java:96)
at org.testng.TestNG.runSuitesSequentially(TestNG.java:1180)
at org.testng.TestNG.runSuitesLocally(TestNG.java:1102)
at org.testng.TestNG.runSuites(TestNG.java:1032)
at org.testng.TestNG.run(TestNG.java:1000)
at org.testng.remote.AbstractRemoteTestNG.run(AbstractRemoteTestNG.java:115)
at org.testng.remote.RemoteTestNG.initAndRun(RemoteTestNG.java:251)
at org.testng.remote.RemoteTestNG.main(RemoteTestNG.java:77)
]]>
    </failure>
  </testcase> <!-- database -->
  <testcase name="VerifyArrowMoveForPreviousAndNextPage" time="26.168" classname="com.tetherfi.test.reports.OCMSMSInteractionReportTest"/>
  <testcase name="VerifyArrowMoveForFirstAndLastPage" time="26.199" classname="com.tetherfi.test.reports.OCMSMSInteractionReportTest"/>
  <testcase name="VerifyTotalNumberOfItemsPerPageDetails" time="16.919" classname="com.tetherfi.test.reports.OCMSMSInteractionReportTest"/>
  <testcase name="VerifyNumberOfItemsPerPageSelection" time="47.184" classname="com.tetherfi.test.reports.OCMSMSInteractionReportTest"/>
  <testcase name="VerifySearchByFeature" time="27.725" classname="com.tetherfi.test.reports.OCMSMSInteractionReportTest"/>
  <testcase name="VerifySearchFeatureForIsAfterOrEqualTo" time="26.672" classname="com.tetherfi.test.reports.OCMSMSInteractionReportTest"/>
  <testcase name="VerifySearchIsNotEqualTo" time="24.339" classname="com.tetherfi.test.reports.OCMSMSInteractionReportTest"/>
  <testcase name="VerifySearchContains" time="21.777" classname="com.tetherfi.test.reports.OCMSMSInteractionReportTest"/>
  <testcase name="VerifySearchDoesNotContains" time="24.915" classname="com.tetherfi.test.reports.OCMSMSInteractionReportTest"/>
  <testcase name="VerifySearchStartsWith" time="23.241" classname="com.tetherfi.test.reports.OCMSMSInteractionReportTest"/>
  <testcase name="VerifySearchEndsWith" time="24.212" classname="com.tetherfi.test.reports.OCMSMSInteractionReportTest"/>
  <testcase name="verifyAdvancedSearchInreportpage" time="24.248" classname="com.tetherfi.test.reports.OCMSMSInteractionReportTest"/>
  <testcase name="verifyAdvancedSearchANDCriteria" time="37.607" classname="com.tetherfi.test.reports.OCMSMSInteractionReportTest"/>
  <testcase name="verifyAdvancedSearchORCriteria" time="35.780" classname="com.tetherfi.test.reports.OCMSMSInteractionReportTest"/>
  <testcase name="ExportReport" time="13.703" classname="com.tetherfi.test.reports.OCMSMSInteractionReportTest"/>
  <testcase name="ViewDownloadedReportInReportsDownloadPage" time="12.704" classname="com.tetherfi.test.reports.OCMSMSInteractionReportTest"/>
  <testcase name="VerifyViewDownloadedReportInReportsDownloadPage" time="20.352" classname="com.tetherfi.test.reports.OCMSMSInteractionReportTest"/>
  <testcase name="ShowReportForDateRange" time="16.632" classname="com.tetherfi.test.reports.OCMSMSInteractionReportTest"/>
  <testcase name="ShowReportInNewPageForDateRange" time="15.190" classname="com.tetherfi.test.reports.OCMSMSInteractionReportTest"/>
  <testcase name="ScheduleReportforDateRange" time="15.730" classname="com.tetherfi.test.reports.OCMSMSInteractionReportTest"/>
  <testcase name="ExportReportDateRange" time="13.510" classname="com.tetherfi.test.reports.OCMSMSInteractionReportTest"/>
  <testcase name="ViewDownloadedReportInReportsDownloadPageDateRange" time="12.914" classname="com.tetherfi.test.reports.OCMSMSInteractionReportTest"/>
  <testcase name="VerifyDownloadedReportInReportsDownloadPage" time="19.841" classname="com.tetherfi.test.reports.OCMSMSInteractionReportTest"/>
  <testcase name="DeleteWithoutDeleteReasonRecordinReportsDownloadforDateRange" time="19.633" classname="com.tetherfi.test.reports.OCMSMSInteractionReportTest"/>
  <testcase name="VerifyCancelBtnAtReportsDownloadDeleteBtnForDateRange" time="34.165" classname="com.tetherfi.test.reports.OCMSMSInteractionReportTest"/>
  <testcase name="DeleteRecord" time="12.306" classname="com.tetherfi.test.reports.OCMSMSInteractionReportTest"/>
  <testcase name="ClearAll" time="13.791" classname="com.tetherfi.test.reports.OCMSMSInteractionReportTest"/>
  <testcase name="OCMWindow" time="16.770" classname="com.tetherfi.test.reports.OCMSMSInteractionReportTest"/>
  <testcase name="VerifyDropdownForAllTheColumns" time="23.891" classname="com.tetherfi.test.reports.OCMSMSInteractionReportTest"/>
  <testcase name="VerifyColumnsHeaderEnable" time="20.206" classname="com.tetherfi.test.reports.OCMSMSInteractionReportTest"/>
  <testcase name="VerifyColumnsHeaderDisable" time="22.203" classname="com.tetherfi.test.reports.OCMSMSInteractionReportTest"/>
  <testcase name="ExportPage" time="19.004" classname="com.tetherfi.test.reports.OCMSMSInteractionReportTest"/>
  <testcase name="VerifyExportedPage" time="18.997" classname="com.tetherfi.test.reports.OCMSMSInteractionReportTest"/>
  <testcase name="SchedulereportinSMSHostTransactionReportPage" time="19.416" classname="com.tetherfi.test.reports.OCMSMSInteractionReportTest"/>
  <testcase name="ExportToExcel" time="16.158" classname="com.tetherfi.test.reports.OCMSMSInteractionReportTest"/>
  <testcase name="ViewDownloadedReportsButtonInSmsInteractionReportPg" time="22.144" classname="com.tetherfi.test.reports.OCMSMSInteractionReportTest"/>
  <testcase name="searchwithoutSearchTextbox" time="20.266" classname="com.tetherfi.test.reports.OCMSMSInteractionReportTest"/>
  <testcase name="ClearSearch" time="19.926" classname="com.tetherfi.test.reports.OCMSMSInteractionReportTest"/>
  <testcase name="ClearfiltersAdvSrch" time="21.771" classname="com.tetherfi.test.reports.OCMSMSInteractionReportTest"/>
  <testcase name="GroupBy" time="23.249" classname="com.tetherfi.test.reports.OCMSMSInteractionReportTest"/>
  <testcase name="VerifySorting" time="18.209" classname="com.tetherfi.test.reports.OCMSMSInteractionReportTest">
    <failure type="java.lang.AssertionError" message="Sorting assertion failed did not expect to find [true] but found [false]">
      <![CDATA[java.lang.AssertionError: Sorting assertion failed did not expect to find [true] but found [false]
at org.testng.Assert.fail(Assert.java:97)
at org.testng.Assert.failNotEquals(Assert.java:969)
at org.testng.Assert.assertTrue(Assert.java:43)
at com.tetherfi.test.reports.OCMSMSInteractionReportTest.VerifySorting(OCMSMSInteractionReportTest.java:529)
at sun.reflect.NativeMethodAccessorImpl.invoke0(Native Method)
at sun.reflect.NativeMethodAccessorImpl.invoke(Unknown Source)
at sun.reflect.DelegatingMethodAccessorImpl.invoke(Unknown Source)
at java.lang.reflect.Method.invoke(Unknown Source)
at org.testng.internal.MethodInvocationHelper.invokeMethod(MethodInvocationHelper.java:133)
at org.testng.internal.TestInvoker.invokeMethod(TestInvoker.java:584)
at org.testng.internal.TestInvoker.invokeTestMethod(TestInvoker.java:172)
at org.testng.internal.MethodRunner.runInSequence(MethodRunner.java:46)
at org.testng.internal.TestInvoker$MethodInvocationAgent.invoke(TestInvoker.java:804)
at org.testng.internal.TestInvoker.invokeTestMethods(TestInvoker.java:145)
at org.testng.internal.TestMethodWorker.invokeTestMethods(TestMethodWorker.java:146)
at org.testng.internal.TestMethodWorker.run(TestMethodWorker.java:128)
at java.util.ArrayList.forEach(Unknown Source)
at org.testng.TestRunner.privateRun(TestRunner.java:770)
at org.testng.TestRunner.run(TestRunner.java:591)
at org.testng.SuiteRunner.runTest(SuiteRunner.java:402)
at org.testng.SuiteRunner.runSequentially(SuiteRunner.java:396)
at org.testng.SuiteRunner.privateRun(SuiteRunner.java:355)
at org.testng.SuiteRunner.run(SuiteRunner.java:304)
at org.testng.SuiteRunnerWorker.runSuite(SuiteRunnerWorker.java:53)
at org.testng.SuiteRunnerWorker.run(SuiteRunnerWorker.java:96)
at org.testng.TestNG.runSuitesSequentially(TestNG.java:1180)
at org.testng.TestNG.runSuitesLocally(TestNG.java:1102)
at org.testng.TestNG.runSuites(TestNG.java:1032)
at org.testng.TestNG.run(TestNG.java:1000)
at org.testng.remote.AbstractRemoteTestNG.run(AbstractRemoteTestNG.java:115)
at org.testng.remote.RemoteTestNG.initAndRun(RemoteTestNG.java:251)
at org.testng.remote.RemoteTestNG.main(RemoteTestNG.java:77)
]]>
    </failure>
  </testcase> <!-- VerifySorting -->
</testsuite> <!-- com.tetherfi.test.reports.OCMSMSInteractionReportTest -->
