<?xml version="1.0" encoding="UTF-8"?>
<!-- Generated by org.testng.reporters.JUnitReportReporter -->
<testsuite skipped="1" hostname="TTF-BLR-SANTOSHKOUJALAGI" name="com.tetherfi.test.tmac.AgentTeamMgmtTest" tests="2" failures="0" timestamp="2021-12-16T12:53:17 IST" time="12.140" errors="0">
  <testcase name="MySQLdatabase" time="12.140" classname="com.tetherfi.test.tmac.AgentTeamMgmtTest"/>
  <testcase name="database" classname="com.tetherfi.test.tmac.AgentTeamMgmtTest">
    <skipped/>
  </testcase> <!-- database -->
</testsuite> <!-- com.tetherfi.test.tmac.AgentTeamMgmtTest -->
