<?xml version="1.0" encoding="UTF-8"?>
<!-- Generated by org.testng.reporters.JUnitReportReporter -->
<testsuite skipped="1" hostname="TTF-BLR-SANTOSHKOUJALAGI" name="com.tetherfi.test.reports.OCMAgentInteractionReportTest" tests="55" failures="4" timestamp="2021-09-05T23:05:55 IST" time="1881.340" errors="1">
  <testcase name="ShowReport" time="20.782" classname="com.tetherfi.test.reports.OCMAgentInteractionReportTest"/>
  <testcase name="ShowReportInNewPage" time="17.780" classname="com.tetherfi.test.reports.OCMAgentInteractionReportTest"/>
  <testcase name="database" time="46.881" classname="com.tetherfi.test.reports.OCMAgentInteractionReportTest">
    <failure type="java.lang.AssertionError" message="did not expect to find [true] but found [false]">
      <![CDATA[java.lang.AssertionError: did not expect to find [true] but found [false]
at org.testng.Assert.fail(Assert.java:97)
at org.testng.Assert.failNotEquals(Assert.java:969)
at org.testng.Assert.assertTrue(Assert.java:43)
at org.testng.Assert.assertTrue(Assert.java:53)
at com.tetherfi.test.reports.OCMAgentInteractionReportTest.database(OCMAgentInteractionReportTest.java:67)
at sun.reflect.NativeMethodAccessorImpl.invoke0(Native Method)
at sun.reflect.NativeMethodAccessorImpl.invoke(Unknown Source)
at sun.reflect.DelegatingMethodAccessorImpl.invoke(Unknown Source)
at java.lang.reflect.Method.invoke(Unknown Source)
at org.testng.internal.MethodInvocationHelper.invokeMethod(MethodInvocationHelper.java:133)
at org.testng.internal.TestInvoker.invokeMethod(TestInvoker.java:584)
at org.testng.internal.TestInvoker.invokeTestMethod(TestInvoker.java:172)
at org.testng.internal.MethodRunner.runInSequence(MethodRunner.java:46)
at org.testng.internal.TestInvoker$MethodInvocationAgent.invoke(TestInvoker.java:804)
at org.testng.internal.TestInvoker.invokeTestMethods(TestInvoker.java:145)
at org.testng.internal.TestMethodWorker.invokeTestMethods(TestMethodWorker.java:146)
at org.testng.internal.TestMethodWorker.run(TestMethodWorker.java:128)
at java.util.ArrayList.forEach(Unknown Source)
at org.testng.TestRunner.privateRun(TestRunner.java:770)
at org.testng.TestRunner.run(TestRunner.java:591)
at org.testng.SuiteRunner.runTest(SuiteRunner.java:402)
at org.testng.SuiteRunner.runSequentially(SuiteRunner.java:396)
at org.testng.SuiteRunner.privateRun(SuiteRunner.java:355)
at org.testng.SuiteRunner.run(SuiteRunner.java:304)
at org.testng.SuiteRunnerWorker.runSuite(SuiteRunnerWorker.java:53)
at org.testng.SuiteRunnerWorker.run(SuiteRunnerWorker.java:96)
at org.testng.TestNG.runSuitesSequentially(TestNG.java:1180)
at org.testng.TestNG.runSuitesLocally(TestNG.java:1102)
at org.testng.TestNG.runSuites(TestNG.java:1032)
at org.testng.TestNG.run(TestNG.java:1000)
at org.testng.remote.AbstractRemoteTestNG.run(AbstractRemoteTestNG.java:115)
at org.testng.remote.RemoteTestNG.initAndRun(RemoteTestNG.java:251)
at org.testng.remote.RemoteTestNG.main(RemoteTestNG.java:77)
]]>
    </failure>
  </testcase> <!-- database -->
  <testcase name="OCMWindow" time="20.278" classname="com.tetherfi.test.reports.OCMAgentInteractionReportTest"/>
  <testcase name="VerifyDropdownForAllTheColumns" time="75.676" classname="com.tetherfi.test.reports.OCMAgentInteractionReportTest"/>
  <testcase name="VerifyColumnsHeaderEnable" time="162.344" classname="com.tetherfi.test.reports.OCMAgentInteractionReportTest"/>
  <testcase name="VerifyColumnsHeaderDisable" time="172.912" classname="com.tetherfi.test.reports.OCMAgentInteractionReportTest"/>
  <testcase name="VerifyArrowMoveForPreviousAndNextPage" time="23.644" classname="com.tetherfi.test.reports.OCMAgentInteractionReportTest"/>
  <testcase name="VerifyArrowMoveForFirstAndLastPage" time="21.947" classname="com.tetherfi.test.reports.OCMAgentInteractionReportTest"/>
  <testcase name="VerifyTotalNumberOfItemsPerPageDetails" time="17.096" classname="com.tetherfi.test.reports.OCMAgentInteractionReportTest"/>
  <testcase name="VerifyNumberOfItemsPerPageSelection" time="59.507" classname="com.tetherfi.test.reports.OCMAgentInteractionReportTest"/>
  <testcase name="VerifySearchByFeature" time="35.942" classname="com.tetherfi.test.reports.OCMAgentInteractionReportTest"/>
  <testcase name="VerifySearchByIsEqualTo" time="37.132" classname="com.tetherfi.test.reports.OCMAgentInteractionReportTest"/>
  <testcase name="VerifySearchIsNotEqualTo" time="36.560" classname="com.tetherfi.test.reports.OCMAgentInteractionReportTest"/>
  <testcase name="VerifySearchContains" time="38.078" classname="com.tetherfi.test.reports.OCMAgentInteractionReportTest"/>
  <testcase name="VerifySearchDoesNotContains" time="38.939" classname="com.tetherfi.test.reports.OCMAgentInteractionReportTest"/>
  <testcase name="VerifySearchStartsWith" time="37.267" classname="com.tetherfi.test.reports.OCMAgentInteractionReportTest"/>
  <testcase name="VerifySearchEndsWith" time="37.107" classname="com.tetherfi.test.reports.OCMAgentInteractionReportTest"/>
  <testcase name="searchwithoutSearchTextbox" time="24.269" classname="com.tetherfi.test.reports.OCMAgentInteractionReportTest"/>
  <testcase name="ClearSearch" time="24.540" classname="com.tetherfi.test.reports.OCMAgentInteractionReportTest"/>
  <testcase name="verifyAdvancedSearchinreportpage" time="39.982" classname="com.tetherfi.test.reports.OCMAgentInteractionReportTest"/>
  <testcase name="verifyAdvancedSearchNotEqualTo" time="69.466" classname="com.tetherfi.test.reports.OCMAgentInteractionReportTest"/>
  <testcase name="verifyAdvancedSearchcontains" time="39.999" classname="com.tetherfi.test.reports.OCMAgentInteractionReportTest"/>
  <testcase name="verifyAdvancedSearchDoesnotcontains" time="38.023" classname="com.tetherfi.test.reports.OCMAgentInteractionReportTest"/>
  <testcase name="verifyAdvancedSearchStartswith" time="56.366" classname="com.tetherfi.test.reports.OCMAgentInteractionReportTest"/>
  <testcase name="verifyAdvancedSearchEndswith" time="39.029" classname="com.tetherfi.test.reports.OCMAgentInteractionReportTest"/>
  <testcase name="verifyAdvancedSearchANDCriteria" time="41.880" classname="com.tetherfi.test.reports.OCMAgentInteractionReportTest"/>
  <testcase name="verifyAdvancedSearchORCriteria" time="42.605" classname="com.tetherfi.test.reports.OCMAgentInteractionReportTest"/>
  <testcase name="ClearfiltersAdvSrch" time="20.874" classname="com.tetherfi.test.reports.OCMAgentInteractionReportTest"/>
  <testcase name="ScheduleAgentInteractionReport" time="15.901" classname="com.tetherfi.test.reports.OCMAgentInteractionReportTest"/>
  <testcase name="ExportReport" time="15.043" classname="com.tetherfi.test.reports.OCMAgentInteractionReportTest"/>
  <testcase name="ViewDownloadedReportInReportsDownloadPage" time="12.769" classname="com.tetherfi.test.reports.OCMAgentInteractionReportTest"/>
  <testcase name="VerifyDownloadedReportData" time="21.519" classname="com.tetherfi.test.reports.OCMAgentInteractionReportTest">
    <failure type="java.lang.AssertionError" message="did not expect to find [true] but found [false]">
      <![CDATA[java.lang.AssertionError: did not expect to find [true] but found [false]
at org.testng.Assert.fail(Assert.java:97)
at org.testng.Assert.failNotEquals(Assert.java:969)
at org.testng.Assert.assertTrue(Assert.java:43)
at org.testng.Assert.assertTrue(Assert.java:53)
at com.tetherfi.test.reports.OCMAgentInteractionReportTest.VerifyDownloadedReportData(OCMAgentInteractionReportTest.java:398)
at sun.reflect.NativeMethodAccessorImpl.invoke0(Native Method)
at sun.reflect.NativeMethodAccessorImpl.invoke(Unknown Source)
at sun.reflect.DelegatingMethodAccessorImpl.invoke(Unknown Source)
at java.lang.reflect.Method.invoke(Unknown Source)
at org.testng.internal.MethodInvocationHelper.invokeMethod(MethodInvocationHelper.java:133)
at org.testng.internal.TestInvoker.invokeMethod(TestInvoker.java:584)
at org.testng.internal.TestInvoker.invokeTestMethod(TestInvoker.java:172)
at org.testng.internal.MethodRunner.runInSequence(MethodRunner.java:46)
at org.testng.internal.TestInvoker$MethodInvocationAgent.invoke(TestInvoker.java:804)
at org.testng.internal.TestInvoker.invokeTestMethods(TestInvoker.java:145)
at org.testng.internal.TestMethodWorker.invokeTestMethods(TestMethodWorker.java:146)
at org.testng.internal.TestMethodWorker.run(TestMethodWorker.java:128)
at java.util.ArrayList.forEach(Unknown Source)
at org.testng.TestRunner.privateRun(TestRunner.java:770)
at org.testng.TestRunner.run(TestRunner.java:591)
at org.testng.SuiteRunner.runTest(SuiteRunner.java:402)
at org.testng.SuiteRunner.runSequentially(SuiteRunner.java:396)
at org.testng.SuiteRunner.privateRun(SuiteRunner.java:355)
at org.testng.SuiteRunner.run(SuiteRunner.java:304)
at org.testng.SuiteRunnerWorker.runSuite(SuiteRunnerWorker.java:53)
at org.testng.SuiteRunnerWorker.run(SuiteRunnerWorker.java:96)
at org.testng.TestNG.runSuitesSequentially(TestNG.java:1180)
at org.testng.TestNG.runSuitesLocally(TestNG.java:1102)
at org.testng.TestNG.runSuites(TestNG.java:1032)
at org.testng.TestNG.run(TestNG.java:1000)
at org.testng.remote.AbstractRemoteTestNG.run(AbstractRemoteTestNG.java:115)
at org.testng.remote.RemoteTestNG.initAndRun(RemoteTestNG.java:251)
at org.testng.remote.RemoteTestNG.main(RemoteTestNG.java:77)
]]>
    </failure>
  </testcase> <!-- VerifyDownloadedReportData -->
  <testcase name="DeleteRecordWithoutDeleteReasonInReportsDownloadforSingleDate" time="11.868" classname="com.tetherfi.test.reports.OCMAgentInteractionReportTest"/>
  <testcase name="VerifyCancelBtnAtReportsDownloadforSingleDate" time="34.565" classname="com.tetherfi.test.reports.OCMAgentInteractionReportTest"/>
  <testcase name="DeleteRecordforSingleDate" time="10.526" classname="com.tetherfi.test.reports.OCMAgentInteractionReportTest"/>
  <testcase name="ShowReportForDateRange" time="18.899" classname="com.tetherfi.test.reports.OCMAgentInteractionReportTest"/>
  <testcase name="ShowReportInNewPageForDateRange" time="19.481" classname="com.tetherfi.test.reports.OCMAgentInteractionReportTest"/>
  <testcase name="ScheduleAgentInteractionReportforDateRange" time="17.883" classname="com.tetherfi.test.reports.OCMAgentInteractionReportTest"/>
  <testcase name="ExportReportForDateRange" time="14.646" classname="com.tetherfi.test.reports.OCMAgentInteractionReportTest"/>
  <testcase name="ViewDownloadedReportInReportsDownloadPageDateRange" time="10.296" classname="com.tetherfi.test.reports.OCMAgentInteractionReportTest"/>
  <testcase name="VerifyDownloadedReportDataInReportDownloads" time="35.551" classname="com.tetherfi.test.reports.OCMAgentInteractionReportTest">
    <failure type="java.lang.AssertionError" message="did not expect to find [true] but found [false]">
      <![CDATA[java.lang.AssertionError: did not expect to find [true] but found [false]
at org.testng.Assert.fail(Assert.java:97)
at org.testng.Assert.failNotEquals(Assert.java:969)
at org.testng.Assert.assertTrue(Assert.java:43)
at org.testng.Assert.assertTrue(Assert.java:53)
at com.tetherfi.test.reports.OCMAgentInteractionReportTest.VerifyDownloadedReportDataInReportDownloads(OCMAgentInteractionReportTest.java:492)
at sun.reflect.NativeMethodAccessorImpl.invoke0(Native Method)
at sun.reflect.NativeMethodAccessorImpl.invoke(Unknown Source)
at sun.reflect.DelegatingMethodAccessorImpl.invoke(Unknown Source)
at java.lang.reflect.Method.invoke(Unknown Source)
at org.testng.internal.MethodInvocationHelper.invokeMethod(MethodInvocationHelper.java:133)
at org.testng.internal.TestInvoker.invokeMethod(TestInvoker.java:584)
at org.testng.internal.TestInvoker.invokeTestMethod(TestInvoker.java:172)
at org.testng.internal.MethodRunner.runInSequence(MethodRunner.java:46)
at org.testng.internal.TestInvoker$MethodInvocationAgent.invoke(TestInvoker.java:804)
at org.testng.internal.TestInvoker.invokeTestMethods(TestInvoker.java:145)
at org.testng.internal.TestMethodWorker.invokeTestMethods(TestMethodWorker.java:146)
at org.testng.internal.TestMethodWorker.run(TestMethodWorker.java:128)
at java.util.ArrayList.forEach(Unknown Source)
at org.testng.TestRunner.privateRun(TestRunner.java:770)
at org.testng.TestRunner.run(TestRunner.java:591)
at org.testng.SuiteRunner.runTest(SuiteRunner.java:402)
at org.testng.SuiteRunner.runSequentially(SuiteRunner.java:396)
at org.testng.SuiteRunner.privateRun(SuiteRunner.java:355)
at org.testng.SuiteRunner.run(SuiteRunner.java:304)
at org.testng.SuiteRunnerWorker.runSuite(SuiteRunnerWorker.java:53)
at org.testng.SuiteRunnerWorker.run(SuiteRunnerWorker.java:96)
at org.testng.TestNG.runSuitesSequentially(TestNG.java:1180)
at org.testng.TestNG.runSuitesLocally(TestNG.java:1102)
at org.testng.TestNG.runSuites(TestNG.java:1032)
at org.testng.TestNG.run(TestNG.java:1000)
at org.testng.remote.AbstractRemoteTestNG.run(AbstractRemoteTestNG.java:115)
at org.testng.remote.RemoteTestNG.initAndRun(RemoteTestNG.java:251)
at org.testng.remote.RemoteTestNG.main(RemoteTestNG.java:77)
]]>
    </failure>
  </testcase> <!-- VerifyDownloadedReportDataInReportDownloads -->
  <testcase name="DeleteRecordWithoutDeleteReasonInReportsDownloadforDateRange" time="11.426" classname="com.tetherfi.test.reports.OCMAgentInteractionReportTest"/>
  <testcase name="VerifyDeleteCancelBtnInReportDownloadsPage" time="32.748" classname="com.tetherfi.test.reports.OCMAgentInteractionReportTest"/>
  <testcase name="DeleteRecord" time="12.563" classname="com.tetherfi.test.reports.OCMAgentInteractionReportTest"/>
  <testcase name="ClearAll" time="15.208" classname="com.tetherfi.test.reports.OCMAgentInteractionReportTest"/>
  <testcase name="ExportPage" time="22.633" classname="com.tetherfi.test.reports.OCMAgentInteractionReportTest"/>
  <testcase name="VerifyExportedPage" time="44.138" classname="com.tetherfi.test.reports.OCMAgentInteractionReportTest"/>
  <testcase name="SchedulereportinAgentInteractionReportPage" time="16.454" classname="com.tetherfi.test.reports.OCMAgentInteractionReportTest"/>
  <testcase name="ExportToExcel" time="19.176" classname="com.tetherfi.test.reports.OCMAgentInteractionReportTest"/>
  <testcase name="viewExportedExcelDataInReportDownloadsPage" time="23.325" classname="com.tetherfi.test.reports.OCMAgentInteractionReportTest"/>
  <testcase name="VerifyExportedExcelData" time="53.194" classname="com.tetherfi.test.reports.OCMAgentInteractionReportTest">
    <failure type="java.lang.AssertionError" message="did not expect to find [true] but found [false]">
      <![CDATA[java.lang.AssertionError: did not expect to find [true] but found [false]
at org.testng.Assert.fail(Assert.java:97)
at org.testng.Assert.failNotEquals(Assert.java:969)
at org.testng.Assert.assertTrue(Assert.java:43)
at org.testng.Assert.assertTrue(Assert.java:53)
at com.tetherfi.test.reports.OCMAgentInteractionReportTest.VerifyExportedExcelData(OCMAgentInteractionReportTest.java:608)
at sun.reflect.NativeMethodAccessorImpl.invoke0(Native Method)
at sun.reflect.NativeMethodAccessorImpl.invoke(Unknown Source)
at sun.reflect.DelegatingMethodAccessorImpl.invoke(Unknown Source)
at java.lang.reflect.Method.invoke(Unknown Source)
at org.testng.internal.MethodInvocationHelper.invokeMethod(MethodInvocationHelper.java:133)
at org.testng.internal.TestInvoker.invokeMethod(TestInvoker.java:584)
at org.testng.internal.TestInvoker.invokeTestMethod(TestInvoker.java:172)
at org.testng.internal.MethodRunner.runInSequence(MethodRunner.java:46)
at org.testng.internal.TestInvoker$MethodInvocationAgent.invoke(TestInvoker.java:804)
at org.testng.internal.TestInvoker.invokeTestMethods(TestInvoker.java:145)
at org.testng.internal.TestMethodWorker.invokeTestMethods(TestMethodWorker.java:146)
at org.testng.internal.TestMethodWorker.run(TestMethodWorker.java:128)
at java.util.ArrayList.forEach(Unknown Source)
at org.testng.TestRunner.privateRun(TestRunner.java:770)
at org.testng.TestRunner.run(TestRunner.java:591)
at org.testng.SuiteRunner.runTest(SuiteRunner.java:402)
at org.testng.SuiteRunner.runSequentially(SuiteRunner.java:396)
at org.testng.SuiteRunner.privateRun(SuiteRunner.java:355)
at org.testng.SuiteRunner.run(SuiteRunner.java:304)
at org.testng.SuiteRunnerWorker.runSuite(SuiteRunnerWorker.java:53)
at org.testng.SuiteRunnerWorker.run(SuiteRunnerWorker.java:96)
at org.testng.TestNG.runSuitesSequentially(TestNG.java:1180)
at org.testng.TestNG.runSuitesLocally(TestNG.java:1102)
at org.testng.TestNG.runSuites(TestNG.java:1032)
at org.testng.TestNG.run(TestNG.java:1000)
at org.testng.remote.AbstractRemoteTestNG.run(AbstractRemoteTestNG.java:115)
at org.testng.remote.RemoteTestNG.initAndRun(RemoteTestNG.java:251)
at org.testng.remote.RemoteTestNG.main(RemoteTestNG.java:77)
]]>
    </failure>
  </testcase> <!-- VerifyExportedExcelData -->
  <testcase name="GroupBy" time="36.464" classname="com.tetherfi.test.reports.OCMAgentInteractionReportTest"/>
  <testcase name="VerifySorting" time="18.159" classname="com.tetherfi.test.reports.OCMAgentInteractionReportTest">
    <error type="java.lang.ArrayIndexOutOfBoundsException" message="1">
      <![CDATA[java.lang.ArrayIndexOutOfBoundsException: 1
at com.tetherfi.pages.OCMAgentInteractionReportPage.verifySorting(OCMAgentInteractionReportPage.java:285)
at com.tetherfi.test.reports.OCMAgentInteractionReportTest.VerifySorting(OCMAgentInteractionReportTest.java:645)
at sun.reflect.NativeMethodAccessorImpl.invoke0(Native Method)
at sun.reflect.NativeMethodAccessorImpl.invoke(Unknown Source)
at sun.reflect.DelegatingMethodAccessorImpl.invoke(Unknown Source)
at java.lang.reflect.Method.invoke(Unknown Source)
at org.testng.internal.MethodInvocationHelper.invokeMethod(MethodInvocationHelper.java:133)
at org.testng.internal.TestInvoker.invokeMethod(TestInvoker.java:584)
at org.testng.internal.TestInvoker.invokeTestMethod(TestInvoker.java:172)
at org.testng.internal.MethodRunner.runInSequence(MethodRunner.java:46)
at org.testng.internal.TestInvoker$MethodInvocationAgent.invoke(TestInvoker.java:804)
at org.testng.internal.TestInvoker.invokeTestMethods(TestInvoker.java:145)
at org.testng.internal.TestMethodWorker.invokeTestMethods(TestMethodWorker.java:146)
at org.testng.internal.TestMethodWorker.run(TestMethodWorker.java:128)
at java.util.ArrayList.forEach(Unknown Source)
at org.testng.TestRunner.privateRun(TestRunner.java:770)
at org.testng.TestRunner.run(TestRunner.java:591)
at org.testng.SuiteRunner.runTest(SuiteRunner.java:402)
at org.testng.SuiteRunner.runSequentially(SuiteRunner.java:396)
at org.testng.SuiteRunner.privateRun(SuiteRunner.java:355)
at org.testng.SuiteRunner.run(SuiteRunner.java:304)
at org.testng.SuiteRunnerWorker.runSuite(SuiteRunnerWorker.java:53)
at org.testng.SuiteRunnerWorker.run(SuiteRunnerWorker.java:96)
at org.testng.TestNG.runSuitesSequentially(TestNG.java:1180)
at org.testng.TestNG.runSuitesLocally(TestNG.java:1102)
at org.testng.TestNG.runSuites(TestNG.java:1032)
at org.testng.TestNG.run(TestNG.java:1000)
at org.testng.remote.AbstractRemoteTestNG.run(AbstractRemoteTestNG.java:115)
at org.testng.remote.RemoteTestNG.initAndRun(RemoteTestNG.java:251)
at org.testng.remote.RemoteTestNG.main(RemoteTestNG.java:77)
]]>
    </error>
  </testcase> <!-- VerifySorting -->
  <testcase name="VerifyJsonDataForColumnNames" classname="com.tetherfi.test.reports.OCMAgentInteractionReportTest">
    <skipped/>
  </testcase> <!-- VerifyJsonDataForColumnNames -->
</testsuite> <!-- com.tetherfi.test.reports.OCMAgentInteractionReportTest -->
