<?xml version="1.0" encoding="UTF-8"?>
<!-- Generated by org.testng.reporters.JUnitReportReporter -->
<testsuite skipped="0" hostname="TTF-BLR-SANTOSHKOUJALAGI" name="com.tetherfi.test.RoleBasedAccessManagementUpdateTest" tests="16" failures="1" timestamp="2021-07-28T23:19:57 IST" time="1083.439" errors="0">
  <testcase name="EditCancelRoleBasedAccessManagementRecord" time="60.277" classname="com.tetherfi.test.RoleBasedAccessManagementUpdateTest"/>
  <testcase name="EditRevertRoleBasedAccessManagementRecord" time="64.966" classname="com.tetherfi.test.RoleBasedAccessManagementUpdateTest"/>
  <testcase name="VerifyRevertForEditRecord" time="63.821" classname="com.tetherfi.test.RoleBasedAccessManagementUpdateTest"/>
  <testcase name="VerifyAuditTrialReportForRevertUpdate" time="85.480" classname="com.tetherfi.test.RoleBasedAccessManagementUpdateTest"/>
  <testcase name="EditRejectRecord" time="62.871" classname="com.tetherfi.test.RoleBasedAccessManagementUpdateTest"/>
  <testcase name="VerifySendForApprovalForEditRejectRecord" time="62.995" classname="com.tetherfi.test.RoleBasedAccessManagementUpdateTest"/>
  <testcase name="RejectforEditRoleBasedAccessManagementRecord" time="62.977" classname="com.tetherfi.test.RoleBasedAccessManagementUpdateTest"/>
  <testcase name="VerifyAuditTrailReportForReject" time="85.042" classname="com.tetherfi.test.RoleBasedAccessManagementUpdateTest"/>
  <testcase name="EditRoleBasedAccessManagementRecord" time="63.510" classname="com.tetherfi.test.RoleBasedAccessManagementUpdateTest"/>
  <testcase name="VerifyAuditTrailDataForEditRoleBasedAccessManagementRecord" time="58.315" classname="com.tetherfi.test.RoleBasedAccessManagementUpdateTest">
    <failure type="java.lang.AssertionError" message="Audit trail details failed did not expect to find [true] but found [false]">
      <![CDATA[java.lang.AssertionError: Audit trail details failed did not expect to find [true] but found [false]
at org.testng.Assert.fail(Assert.java:97)
at org.testng.Assert.failNotEquals(Assert.java:969)
at org.testng.Assert.assertTrue(Assert.java:43)
at com.tetherfi.test.RoleBasedAccessManagementUpdateTest.VerifyAuditTrailDataForEditRoleBasedAccessManagementRecord(RoleBasedAccessManagementUpdateTest.java:167)
at sun.reflect.NativeMethodAccessorImpl.invoke0(Native Method)
at sun.reflect.NativeMethodAccessorImpl.invoke(Unknown Source)
at sun.reflect.DelegatingMethodAccessorImpl.invoke(Unknown Source)
at java.lang.reflect.Method.invoke(Unknown Source)
at org.testng.internal.MethodInvocationHelper.invokeMethod(MethodInvocationHelper.java:133)
at org.testng.internal.TestInvoker.invokeMethod(TestInvoker.java:584)
at org.testng.internal.TestInvoker.invokeTestMethod(TestInvoker.java:172)
at org.testng.internal.MethodRunner.runInSequence(MethodRunner.java:46)
at org.testng.internal.TestInvoker$MethodInvocationAgent.invoke(TestInvoker.java:804)
at org.testng.internal.TestInvoker.invokeTestMethods(TestInvoker.java:145)
at org.testng.internal.TestMethodWorker.invokeTestMethods(TestMethodWorker.java:146)
at org.testng.internal.TestMethodWorker.run(TestMethodWorker.java:128)
at java.util.ArrayList.forEach(Unknown Source)
at org.testng.TestRunner.privateRun(TestRunner.java:770)
at org.testng.TestRunner.run(TestRunner.java:591)
at org.testng.SuiteRunner.runTest(SuiteRunner.java:402)
at org.testng.SuiteRunner.runSequentially(SuiteRunner.java:396)
at org.testng.SuiteRunner.privateRun(SuiteRunner.java:355)
at org.testng.SuiteRunner.run(SuiteRunner.java:304)
at org.testng.SuiteRunnerWorker.runSuite(SuiteRunnerWorker.java:53)
at org.testng.SuiteRunnerWorker.run(SuiteRunnerWorker.java:96)
at org.testng.TestNG.runSuitesSequentially(TestNG.java:1180)
at org.testng.TestNG.runSuitesLocally(TestNG.java:1102)
at org.testng.TestNG.runSuites(TestNG.java:1032)
at org.testng.TestNG.run(TestNG.java:1000)
at org.testng.remote.AbstractRemoteTestNG.run(AbstractRemoteTestNG.java:115)
at org.testng.remote.RemoteTestNG.initAndRun(RemoteTestNG.java:251)
at org.testng.remote.RemoteTestNG.main(RemoteTestNG.java:77)
]]>
    </failure>
  </testcase> <!-- VerifyAuditTrailDataForEditRoleBasedAccessManagementRecord -->
  <testcase name="VerifyAuditTrialReportForUpdate" time="83.006" classname="com.tetherfi.test.RoleBasedAccessManagementUpdateTest"/>
  <testcase name="VerifySendForApprovalForEditRecord" time="64.158" classname="com.tetherfi.test.RoleBasedAccessManagementUpdateTest"/>
  <testcase name="VerifyAuditTrialReportForSendForApprovalUpdate" time="82.051" classname="com.tetherfi.test.RoleBasedAccessManagementUpdateTest"/>
  <testcase name="ApproveforEditRoleBasedAccessManagementRecord" time="63.571" classname="com.tetherfi.test.RoleBasedAccessManagementUpdateTest"/>
  <testcase name="VerifyAuditTrailReportForApprove" time="58.686" classname="com.tetherfi.test.RoleBasedAccessManagementUpdateTest"/>
  <testcase name="EditRecordWithoutModifyReason" time="61.713" classname="com.tetherfi.test.RoleBasedAccessManagementUpdateTest"/>
</testsuite> <!-- com.tetherfi.test.RoleBasedAccessManagementUpdateTest -->
