<?xml version="1.0" encoding="UTF-8"?>
<!-- Generated by org.testng.reporters.JUnitReportReporter -->
<testsuite skipped="1" hostname="TTF-BLR-SANTOSHKOUJALAGI" name="com.tetherfi.test.RoleBasedAccessManagementCreateTest" tests="20" failures="0" timestamp="2021-07-28T22:59:57 IST" time="1102.692" errors="0">
  <testcase name="VerifyAddCancelButton" time="54.820" classname="com.tetherfi.test.RoleBasedAccessManagementCreateTest"/>
  <testcase name="VerifyAddRecordWithoutRole" time="55.121" classname="com.tetherfi.test.RoleBasedAccessManagementCreateTest"/>
  <testcase name="AddRevertRecord" time="56.782" classname="com.tetherfi.test.RoleBasedAccessManagementCreateTest"/>
  <testcase name="VerifyRevertForAddNewRecord" time="42.117" classname="com.tetherfi.test.RoleBasedAccessManagementCreateTest"/>
  <testcase name="VerifyApprovedDataSectionWithoutApproval" time="31.192" classname="com.tetherfi.test.RoleBasedAccessManagementCreateTest"/>
  <testcase name="VerifyAuditTrailReportForRevert" time="83.546" classname="com.tetherfi.test.RoleBasedAccessManagementCreateTest"/>
  <testcase name="AddRejectRecord" time="55.830" classname="com.tetherfi.test.RoleBasedAccessManagementCreateTest"/>
  <testcase name="VerifySendForApprovalForAddNewRecord" time="40.675" classname="com.tetherfi.test.RoleBasedAccessManagementCreateTest"/>
  <testcase name="RejectforAddNewNewRoleBasedAccessManagementRecord" time="65.239" classname="com.tetherfi.test.RoleBasedAccessManagementCreateTest"/>
  <testcase name="VerifyAuditTrailReportForReject" time="80.936" classname="com.tetherfi.test.RoleBasedAccessManagementCreateTest"/>
  <testcase name="VerifyRecordAfterRejection" time="32.495" classname="com.tetherfi.test.RoleBasedAccessManagementCreateTest"/>
  <testcase name="AddNewNewRoleBasedAccessManagementRecord" time="56.298" classname="com.tetherfi.test.RoleBasedAccessManagementCreateTest"/>
  <testcase name="VerifyAuditTrailReportForCreate" time="82.630" classname="com.tetherfi.test.RoleBasedAccessManagementCreateTest"/>
  <testcase name="VerifyAuditTrailDataForAddNewNewRoleBasedAccessManagementRecord" time="34.858" classname="com.tetherfi.test.RoleBasedAccessManagementCreateTest"/>
  <testcase name="VerifySendForApprovalForAddNewNewRoleBasedAccessManagementRecord" time="63.225" classname="com.tetherfi.test.RoleBasedAccessManagementCreateTest"/>
  <testcase name="VerifyAuditTrailReportForSendForApproval" time="86.374" classname="com.tetherfi.test.RoleBasedAccessManagementCreateTest"/>
  <testcase name="ApproveforAddNewNewRoleBasedAccessManagementRecord" time="65.074" classname="com.tetherfi.test.RoleBasedAccessManagementCreateTest"/>
  <testcase name="VerifyAuditTrailReportForApprove" time="60.011" classname="com.tetherfi.test.RoleBasedAccessManagementCreateTest"/>
  <testcase name="VerifyRecordApprovedDataSectionafterApproval" time="55.469" classname="com.tetherfi.test.RoleBasedAccessManagementCreateTest"/>
  <testcase name="AddDuplicateRecord" classname="com.tetherfi.test.RoleBasedAccessManagementCreateTest">
    <skipped/>
  </testcase> <!-- AddDuplicateRecord -->
</testsuite> <!-- com.tetherfi.test.RoleBasedAccessManagementCreateTest -->
