<?xml version="1.0" encoding="UTF-8"?>
<!-- Generated by org.testng.reporters.JUnitReportReporter -->
<testsuite hostname="admin" failures="0" tests="38" name="com.tetherfi.test.ivr.AdhocOptionEnhancementTest" time="2.764" errors="1" timestamp="08 May 2019 07:48:53 GMT" skipped="37">
  <testcase classname="com.tetherfi.test.ivr.AdhocOptionEnhancementTest" name="openApplication" time="2.764">
    <error type="java.lang.NullPointerException">
      <![CDATA[java.lang.NullPointerException
	at com.tetherfi.test.BaseTest.openApplication(BaseTest.java:37)
	at java.base/jdk.internal.reflect.NativeMethodAccessorImpl.invoke0(Native Method)
	at java.base/jdk.internal.reflect.NativeMethodAccessorImpl.invoke(Unknown Source)
	at java.base/jdk.internal.reflect.DelegatingMethodAccessorImpl.invoke(Unknown Source)
	at java.base/java.lang.reflect.Method.invoke(Unknown Source)
	at org.testng.internal.MethodInvocationHelper.invokeMethod(MethodInvocationHelper.java:108)
	at org.testng.internal.Invoker.invokeConfigurationMethod(Invoker.java:523)
	at org.testng.internal.Invoker.invokeConfigurations(Invoker.java:224)
	at org.testng.internal.Invoker.invokeConfigurations(Invoker.java:146)
	at org.testng.internal.TestMethodWorker.invokeBeforeClassMethods(TestMethodWorker.java:166)
	at org.testng.internal.TestMethodWorker.run(TestMethodWorker.java:105)
	at org.testng.TestRunner.privateRun(TestRunner.java:744)
	at org.testng.TestRunner.run(TestRunner.java:602)
	at org.testng.SuiteRunner.runTest(SuiteRunner.java:380)
	at org.testng.SuiteRunner.runSequentially(SuiteRunner.java:375)
	at org.testng.SuiteRunner.privateRun(SuiteRunner.java:340)
	at org.testng.SuiteRunner.run(SuiteRunner.java:289)
	at org.testng.SuiteRunnerWorker.runSuite(SuiteRunnerWorker.java:52)
	at org.testng.SuiteRunnerWorker.run(SuiteRunnerWorker.java:86)
	at org.testng.TestNG.runSuitesSequentially(TestNG.java:1301)
	at org.testng.TestNG.runSuitesLocally(TestNG.java:1226)
	at org.testng.TestNG.runSuites(TestNG.java:1144)
	at org.testng.TestNG.run(TestNG.java:1115)
	at org.testng.remote.AbstractRemoteTestNG.run(AbstractRemoteTestNG.java:114)
	at org.testng.remote.RemoteTestNG.initAndRun(RemoteTestNG.java:251)
	at org.testng.remote.RemoteTestNG.main(RemoteTestNG.java:77)
]]>
    </error>
  </testcase> <!-- openApplication -->
  <testcase classname="com.tetherfi.test.ivr.AdhocOptionEnhancementTest" name="AdhocOptionEnhancementPage" time="0.000">
    <skipped/>
  </testcase> <!-- AdhocOptionEnhancementPage -->
  <testcase classname="com.tetherfi.test.ivr.AdhocOptionEnhancementTest" name="AddNewAdhocOptionEnhancementRecord" time="0.000">
    <skipped/>
  </testcase> <!-- AddNewAdhocOptionEnhancementRecord -->
  <testcase classname="com.tetherfi.test.ivr.AdhocOptionEnhancementTest" name="VerifyAuditTrialReportForCreate" time="0.000">
    <skipped/>
  </testcase> <!-- VerifyAuditTrialReportForCreate -->
  <testcase classname="com.tetherfi.test.ivr.AdhocOptionEnhancementTest" name="AddDuplicateAdhocOptionEnhancementRecord" time="0.000">
    <skipped/>
  </testcase> <!-- AddDuplicateAdhocOptionEnhancementRecord -->
  <testcase classname="com.tetherfi.test.ivr.AdhocOptionEnhancementTest" name="AddNewAdhocOptionEnhancementwithdifferentLangvageRecord" time="0.000">
    <skipped/>
  </testcase> <!-- AddNewAdhocOptionEnhancementwithdifferentLangvageRecord -->
  <testcase classname="com.tetherfi.test.ivr.AdhocOptionEnhancementTest" name="AddEmptyAdhocOptionEnhancementRecord" time="0.000">
    <skipped/>
  </testcase> <!-- AddEmptyAdhocOptionEnhancementRecord -->
  <testcase classname="com.tetherfi.test.ivr.AdhocOptionEnhancementTest" name="VerifyCancelButtonAtAddAdhocOptionEnhancementRecord" time="0.000">
    <skipped/>
  </testcase> <!-- VerifyCancelButtonAtAddAdhocOptionEnhancementRecord -->
  <testcase classname="com.tetherfi.test.ivr.AdhocOptionEnhancementTest" name="EditAdhocOptionEnhancementRecord" time="0.000">
    <skipped/>
  </testcase> <!-- EditAdhocOptionEnhancementRecord -->
  <testcase classname="com.tetherfi.test.ivr.AdhocOptionEnhancementTest" name="VerifyAuditTrialReportForUpdate" time="0.000">
    <skipped/>
  </testcase> <!-- VerifyAuditTrialReportForUpdate -->
  <testcase classname="com.tetherfi.test.ivr.AdhocOptionEnhancementTest" name="EditEmptyAdhocOptionEnhancementRecord" time="0.000">
    <skipped/>
  </testcase> <!-- EditEmptyAdhocOptionEnhancementRecord -->
  <testcase classname="com.tetherfi.test.ivr.AdhocOptionEnhancementTest" name="EditWithoutModifyReasonAdhocOptionEnhancementRecord" time="0.000">
    <skipped/>
  </testcase> <!-- EditWithoutModifyReasonAdhocOptionEnhancementRecord -->
  <testcase classname="com.tetherfi.test.ivr.AdhocOptionEnhancementTest" name="VerifyCancelButtonAtEditAdhocOptionEnhancementRecord" time="0.000">
    <skipped/>
  </testcase> <!-- VerifyCancelButtonAtEditAdhocOptionEnhancementRecord -->
  <testcase classname="com.tetherfi.test.ivr.AdhocOptionEnhancementTest" name="DeleteWithoutDeleteReasonInAdhocOptionEnhancementRecord" time="0.000">
    <skipped/>
  </testcase> <!-- DeleteWithoutDeleteReasonInAdhocOptionEnhancementRecord -->
  <testcase classname="com.tetherfi.test.ivr.AdhocOptionEnhancementTest" name="VerifyCancelButtonInDeleteAdhocOptionEnhancementRecord" time="0.000">
    <skipped/>
  </testcase> <!-- VerifyCancelButtonInDeleteAdhocOptionEnhancementRecord -->
  <testcase classname="com.tetherfi.test.ivr.AdhocOptionEnhancementTest" name="DeleteAdhocOptionEnhancementRecord" time="0.000">
    <skipped/>
  </testcase> <!-- DeleteAdhocOptionEnhancementRecord -->
  <testcase classname="com.tetherfi.test.ivr.AdhocOptionEnhancementTest" name="VerifyAuditTrialReportForDelete" time="0.000">
    <skipped/>
  </testcase> <!-- VerifyAuditTrialReportForDelete -->
  <testcase classname="com.tetherfi.test.ivr.AdhocOptionEnhancementTest" name="ExportToExcel" time="0.000">
    <skipped/>
  </testcase> <!-- ExportToExcel -->
  <testcase classname="com.tetherfi.test.ivr.AdhocOptionEnhancementTest" name="ExportToExcelData" time="0.000">
    <skipped/>
  </testcase> <!-- ExportToExcelData -->
  <testcase classname="com.tetherfi.test.ivr.AdhocOptionEnhancementTest" name="searchPage" time="0.000">
    <skipped/>
  </testcase> <!-- searchPage -->
  <testcase classname="com.tetherfi.test.ivr.AdhocOptionEnhancementTest" name="searchwithoutSearchTextbox" time="0.000">
    <skipped/>
  </testcase> <!-- searchwithoutSearchTextbox -->
  <testcase classname="com.tetherfi.test.ivr.AdhocOptionEnhancementTest" name="ValidANDBooleanSearch" time="0.000">
    <skipped/>
  </testcase> <!-- ValidANDBooleanSearch -->
  <testcase classname="com.tetherfi.test.ivr.AdhocOptionEnhancementTest" name="ValiORBooleanSearch" time="0.000">
    <skipped/>
  </testcase> <!-- ValiORBooleanSearch -->
  <testcase classname="com.tetherfi.test.ivr.AdhocOptionEnhancementTest" name="InvalidBooleanSearchwithoutSearchTextbox" time="0.000">
    <skipped/>
  </testcase> <!-- InvalidBooleanSearchwithoutSearchTextbox -->
  <testcase classname="com.tetherfi.test.ivr.AdhocOptionEnhancementTest" name="InvalidBooleanSearchwithoutSearchTextbox1" time="0.000">
    <skipped/>
  </testcase> <!-- InvalidBooleanSearchwithoutSearchTextbox1 -->
  <testcase classname="com.tetherfi.test.ivr.AdhocOptionEnhancementTest" name="SearchClearSearch" time="0.000">
    <skipped/>
  </testcase> <!-- SearchClearSearch -->
  <testcase classname="com.tetherfi.test.ivr.AdhocOptionEnhancementTest" name="ExporttoExcelWithoutData" time="0.000">
    <skipped/>
  </testcase> <!-- ExporttoExcelWithoutData -->
  <testcase classname="com.tetherfi.test.ivr.AdhocOptionEnhancementTest" name="SortingByAscending" time="0.000">
    <skipped/>
  </testcase> <!-- SortingByAscending -->
  <testcase classname="com.tetherfi.test.ivr.AdhocOptionEnhancementTest" name="SortingByDescending" time="0.000">
    <skipped/>
  </testcase> <!-- SortingByDescending -->
  <testcase classname="com.tetherfi.test.ivr.AdhocOptionEnhancementTest" name="GroupBy" time="0.000">
    <skipped/>
  </testcase> <!-- GroupBy -->
  <testcase classname="com.tetherfi.test.ivr.AdhocOptionEnhancementTest" name="VerifyArrowMoveForPreviousAndNextPage" time="0.000">
    <skipped/>
  </testcase> <!-- VerifyArrowMoveForPreviousAndNextPage -->
  <testcase classname="com.tetherfi.test.ivr.AdhocOptionEnhancementTest" name="VerifyArrowMoveForFirstAndLastPage" time="0.000">
    <skipped/>
  </testcase> <!-- VerifyArrowMoveForFirstAndLastPage -->
  <testcase classname="com.tetherfi.test.ivr.AdhocOptionEnhancementTest" name="VerifyTotalNumberOfItemsPerPageDetails" time="0.000">
    <skipped/>
  </testcase> <!-- VerifyTotalNumberOfItemsPerPageDetails -->
  <testcase classname="com.tetherfi.test.ivr.AdhocOptionEnhancementTest" name="VerifyNumberOfItemsPerPageSelection" time="0.000">
    <skipped/>
  </testcase> <!-- VerifyNumberOfItemsPerPageSelection -->
  <testcase classname="com.tetherfi.test.ivr.AdhocOptionEnhancementTest" name="VerifyDropdownForAllTheColumns" time="0.000">
    <skipped/>
  </testcase> <!-- VerifyDropdownForAllTheColumns -->
  <testcase classname="com.tetherfi.test.ivr.AdhocOptionEnhancementTest" name="VerifyColumnsHeaderEnable" time="0.000">
    <skipped/>
  </testcase> <!-- VerifyColumnsHeaderEnable -->
  <testcase classname="com.tetherfi.test.ivr.AdhocOptionEnhancementTest" name="VerifyColumnsHeaderDisable" time="0.000">
    <skipped/>
  </testcase> <!-- VerifyColumnsHeaderDisable -->
  <testcase classname="com.tetherfi.test.ivr.AdhocOptionEnhancementTest" name="database" time="0.000">
    <skipped/>
  </testcase> <!-- database -->
</testsuite> <!-- com.tetherfi.test.ivr.AdhocOptionEnhancementTest -->
