<?xml version="1.0" encoding="UTF-8"?>
<!-- Generated by org.testng.reporters.JUnitReportReporter -->
<testsuite skipped="0" hostname="admin" name="com.tetherfi.test.UserManagementE2ETest" tests="4" failures="0" timestamp="13 Feb 2019 06:34:16 GMT" time="290.590" errors="0">
  <testcase name="VerifyEditAccessOfFaxLineConfig" time="73.154" classname="com.tetherfi.test.UserManagementE2ETest"/>
  <testcase name="VerifyAddAccessOfFaxLineConfig" time="73.612" classname="com.tetherfi.test.UserManagementE2ETest"/>
  <testcase name="VerifyExportAccessOfFaxLineConfig" time="71.195" classname="com.tetherfi.test.UserManagementE2ETest"/>
  <testcase name="VerifyDeleteAccessOfFaxLineConfig" time="72.629" classname="com.tetherfi.test.UserManagementE2ETest"/>
</testsuite> <!-- com.tetherfi.test.UserManagementE2ETest -->
