<?xml version="1.0" encoding="UTF-8"?>
<!-- Generated by org.testng.reporters.JUnitReportReporter -->
<testsuite skipped="0" hostname="TTF-BLR-SANTOSHKOUJALAGI" name="com.tetherfi.test.tmac.TmacBroadCastMsgTest" tests="32" failures="1" timestamp="2021-10-19T07:52:21 IST" time="754.254" errors="2">
  <testcase name="TmacBroadCastMsgPage" time="7.422" classname="com.tetherfi.test.tmac.TmacBroadCastMsgTest"/>
  <testcase name="AddNewTmacBroadCastMsgCancel" time="44.899" classname="com.tetherfi.test.tmac.TmacBroadCastMsgTest"/>
  <testcase name="AddNewTmacBroadCastMsg" time="45.178" classname="com.tetherfi.test.tmac.TmacBroadCastMsgTest"/>
  <testcase name="VerifyAuditTrialReportForCreate" time="33.145" classname="com.tetherfi.test.tmac.TmacBroadCastMsgTest">
    <error type="java.lang.NullPointerException">
      <![CDATA[java.lang.NullPointerException
at com.tetherfi.pages.OCMReportsPage.verifyTmacBroadcastMsgCreate(OCMReportsPage.java:1699)
at com.tetherfi.test.tmac.TmacBroadCastMsgTest.VerifyAuditTrialReportForCreate(TmacBroadCastMsgTest.java:95)
at sun.reflect.NativeMethodAccessorImpl.invoke0(Native Method)
at sun.reflect.NativeMethodAccessorImpl.invoke(Unknown Source)
at sun.reflect.DelegatingMethodAccessorImpl.invoke(Unknown Source)
at java.lang.reflect.Method.invoke(Unknown Source)
at org.testng.internal.MethodInvocationHelper.invokeMethod(MethodInvocationHelper.java:133)
at org.testng.internal.TestInvoker.invokeMethod(TestInvoker.java:584)
at org.testng.internal.TestInvoker.invokeTestMethod(TestInvoker.java:172)
at org.testng.internal.MethodRunner.runInSequence(MethodRunner.java:46)
at org.testng.internal.TestInvoker$MethodInvocationAgent.invoke(TestInvoker.java:804)
at org.testng.internal.TestInvoker.invokeTestMethods(TestInvoker.java:145)
at org.testng.internal.TestMethodWorker.invokeTestMethods(TestMethodWorker.java:146)
at org.testng.internal.TestMethodWorker.run(TestMethodWorker.java:128)
at java.util.ArrayList.forEach(Unknown Source)
at org.testng.TestRunner.privateRun(TestRunner.java:770)
at org.testng.TestRunner.run(TestRunner.java:591)
at org.testng.SuiteRunner.runTest(SuiteRunner.java:402)
at org.testng.SuiteRunner.runSequentially(SuiteRunner.java:396)
at org.testng.SuiteRunner.privateRun(SuiteRunner.java:355)
at org.testng.SuiteRunner.run(SuiteRunner.java:304)
at org.testng.SuiteRunnerWorker.runSuite(SuiteRunnerWorker.java:53)
at org.testng.SuiteRunnerWorker.run(SuiteRunnerWorker.java:96)
at org.testng.TestNG.runSuitesSequentially(TestNG.java:1180)
at org.testng.TestNG.runSuitesLocally(TestNG.java:1102)
at org.testng.TestNG.runSuites(TestNG.java:1032)
at org.testng.TestNG.run(TestNG.java:1000)
at org.testng.remote.AbstractRemoteTestNG.run(AbstractRemoteTestNG.java:115)
at org.testng.remote.RemoteTestNG.initAndRun(RemoteTestNG.java:251)
at org.testng.remote.RemoteTestNG.main(RemoteTestNG.java:77)
]]>
    </error>
  </testcase> <!-- VerifyAuditTrialReportForCreate -->
  <testcase name="AddDuplicateRecord" time="144.242" classname="com.tetherfi.test.tmac.TmacBroadCastMsgTest">
    <failure type="java.lang.AssertionError" message="Duplicate Assertion failed did not expect to find [true] but found [false]">
      <![CDATA[java.lang.AssertionError: Duplicate Assertion failed did not expect to find [true] but found [false]
at org.testng.Assert.fail(Assert.java:97)
at org.testng.Assert.failNotEquals(Assert.java:969)
at org.testng.Assert.assertTrue(Assert.java:43)
at com.tetherfi.test.tmac.TmacBroadCastMsgTest.AddDuplicateRecord(TmacBroadCastMsgTest.java:105)
at sun.reflect.NativeMethodAccessorImpl.invoke0(Native Method)
at sun.reflect.NativeMethodAccessorImpl.invoke(Unknown Source)
at sun.reflect.DelegatingMethodAccessorImpl.invoke(Unknown Source)
at java.lang.reflect.Method.invoke(Unknown Source)
at org.testng.internal.MethodInvocationHelper.invokeMethod(MethodInvocationHelper.java:133)
at org.testng.internal.TestInvoker.invokeMethod(TestInvoker.java:584)
at org.testng.internal.TestInvoker.invokeTestMethod(TestInvoker.java:172)
at org.testng.internal.MethodRunner.runInSequence(MethodRunner.java:46)
at org.testng.internal.TestInvoker$MethodInvocationAgent.invoke(TestInvoker.java:804)
at org.testng.internal.TestInvoker.invokeTestMethods(TestInvoker.java:145)
at org.testng.internal.TestMethodWorker.invokeTestMethods(TestMethodWorker.java:146)
at org.testng.internal.TestMethodWorker.run(TestMethodWorker.java:128)
at java.util.ArrayList.forEach(Unknown Source)
at org.testng.TestRunner.privateRun(TestRunner.java:770)
at org.testng.TestRunner.run(TestRunner.java:591)
at org.testng.SuiteRunner.runTest(SuiteRunner.java:402)
at org.testng.SuiteRunner.runSequentially(SuiteRunner.java:396)
at org.testng.SuiteRunner.privateRun(SuiteRunner.java:355)
at org.testng.SuiteRunner.run(SuiteRunner.java:304)
at org.testng.SuiteRunnerWorker.runSuite(SuiteRunnerWorker.java:53)
at org.testng.SuiteRunnerWorker.run(SuiteRunnerWorker.java:96)
at org.testng.TestNG.runSuitesSequentially(TestNG.java:1180)
at org.testng.TestNG.runSuitesLocally(TestNG.java:1102)
at org.testng.TestNG.runSuites(TestNG.java:1032)
at org.testng.TestNG.run(TestNG.java:1000)
at org.testng.remote.AbstractRemoteTestNG.run(AbstractRemoteTestNG.java:115)
at org.testng.remote.RemoteTestNG.initAndRun(RemoteTestNG.java:251)
at org.testng.remote.RemoteTestNG.main(RemoteTestNG.java:77)
]]>
    </failure>
  </testcase> <!-- AddDuplicateRecord -->
  <testcase name="AddRecordWithoutMesage" time="39.775" classname="com.tetherfi.test.tmac.TmacBroadCastMsgTest"/>
  <testcase name="AddRecordwithoutStatus" time="40.455" classname="com.tetherfi.test.tmac.TmacBroadCastMsgTest"/>
  <testcase name="AddRecordWithoutTeamName" time="8.699" classname="com.tetherfi.test.tmac.TmacBroadCastMsgTest"/>
  <testcase name="EditTmacBroadCastMsgCancel" time="15.107" classname="com.tetherfi.test.tmac.TmacBroadCastMsgTest"/>
  <testcase name="EditTmacBroadCastMsg" time="15.642" classname="com.tetherfi.test.tmac.TmacBroadCastMsgTest"/>
  <testcase name="VerifyAuditTrailReportForUpdate" time="32.063" classname="com.tetherfi.test.tmac.TmacBroadCastMsgTest">
    <error type="java.lang.NullPointerException">
      <![CDATA[java.lang.NullPointerException
at com.tetherfi.pages.OCMReportsPage.verifyTmacBroadcastMsgUpdate(OCMReportsPage.java:1728)
at com.tetherfi.test.tmac.TmacBroadCastMsgTest.VerifyAuditTrailReportForUpdate(TmacBroadCastMsgTest.java:166)
at sun.reflect.NativeMethodAccessorImpl.invoke0(Native Method)
at sun.reflect.NativeMethodAccessorImpl.invoke(Unknown Source)
at sun.reflect.DelegatingMethodAccessorImpl.invoke(Unknown Source)
at java.lang.reflect.Method.invoke(Unknown Source)
at org.testng.internal.MethodInvocationHelper.invokeMethod(MethodInvocationHelper.java:133)
at org.testng.internal.TestInvoker.invokeMethod(TestInvoker.java:584)
at org.testng.internal.TestInvoker.invokeTestMethod(TestInvoker.java:172)
at org.testng.internal.MethodRunner.runInSequence(MethodRunner.java:46)
at org.testng.internal.TestInvoker$MethodInvocationAgent.invoke(TestInvoker.java:804)
at org.testng.internal.TestInvoker.invokeTestMethods(TestInvoker.java:145)
at org.testng.internal.TestMethodWorker.invokeTestMethods(TestMethodWorker.java:146)
at org.testng.internal.TestMethodWorker.run(TestMethodWorker.java:128)
at java.util.ArrayList.forEach(Unknown Source)
at org.testng.TestRunner.privateRun(TestRunner.java:770)
at org.testng.TestRunner.run(TestRunner.java:591)
at org.testng.SuiteRunner.runTest(SuiteRunner.java:402)
at org.testng.SuiteRunner.runSequentially(SuiteRunner.java:396)
at org.testng.SuiteRunner.privateRun(SuiteRunner.java:355)
at org.testng.SuiteRunner.run(SuiteRunner.java:304)
at org.testng.SuiteRunnerWorker.runSuite(SuiteRunnerWorker.java:53)
at org.testng.SuiteRunnerWorker.run(SuiteRunnerWorker.java:96)
at org.testng.TestNG.runSuitesSequentially(TestNG.java:1180)
at org.testng.TestNG.runSuitesLocally(TestNG.java:1102)
at org.testng.TestNG.runSuites(TestNG.java:1032)
at org.testng.TestNG.run(TestNG.java:1000)
at org.testng.remote.AbstractRemoteTestNG.run(AbstractRemoteTestNG.java:115)
at org.testng.remote.RemoteTestNG.initAndRun(RemoteTestNG.java:251)
at org.testng.remote.RemoteTestNG.main(RemoteTestNG.java:77)
]]>
    </error>
  </testcase> <!-- VerifyAuditTrailReportForUpdate -->
  <testcase name="VerifySearchIsNotEqualTo" time="27.455" classname="com.tetherfi.test.tmac.TmacBroadCastMsgTest"/>
  <testcase name="VerifySearchContains" time="21.483" classname="com.tetherfi.test.tmac.TmacBroadCastMsgTest"/>
  <testcase name="VerifySearchDoesNotContains" time="20.713" classname="com.tetherfi.test.tmac.TmacBroadCastMsgTest"/>
  <testcase name="VerifySearchStartsWith" time="18.223" classname="com.tetherfi.test.tmac.TmacBroadCastMsgTest"/>
  <testcase name="VerifySearchEndsWith" time="20.867" classname="com.tetherfi.test.tmac.TmacBroadCastMsgTest"/>
  <testcase name="searchPage" time="11.754" classname="com.tetherfi.test.tmac.TmacBroadCastMsgTest"/>
  <testcase name="SearchClearSearch" time="11.850" classname="com.tetherfi.test.tmac.TmacBroadCastMsgTest"/>
  <testcase name="ExportToExcel" time="7.426" classname="com.tetherfi.test.tmac.TmacBroadCastMsgTest"/>
  <testcase name="ExportToExcelData" time="13.264" classname="com.tetherfi.test.tmac.TmacBroadCastMsgTest"/>
  <testcase name="database" time="24.258" classname="com.tetherfi.test.tmac.TmacBroadCastMsgTest"/>
  <testcase name="GroupBy" time="10.592" classname="com.tetherfi.test.tmac.TmacBroadCastMsgTest"/>
  <testcase name="VerifyArrowMoveForPreviousAndNextPage" time="12.362" classname="com.tetherfi.test.tmac.TmacBroadCastMsgTest"/>
  <testcase name="VerifyArrowMoveForFirstAndLastPage" time="14.682" classname="com.tetherfi.test.tmac.TmacBroadCastMsgTest"/>
  <testcase name="VerifyTotalNumberOfItemsPerPageDetails" time="6.828" classname="com.tetherfi.test.tmac.TmacBroadCastMsgTest"/>
  <testcase name="VerifyNumberOfItemsPerPageSelection" time="20.813" classname="com.tetherfi.test.tmac.TmacBroadCastMsgTest"/>
  <testcase name="VerifyDropdownForAllTheColumns" time="14.272" classname="com.tetherfi.test.tmac.TmacBroadCastMsgTest"/>
  <testcase name="VerifyColumnsHeaderEnable" time="12.723" classname="com.tetherfi.test.tmac.TmacBroadCastMsgTest"/>
  <testcase name="VerifyColumnsHeaderDisable" time="10.324" classname="com.tetherfi.test.tmac.TmacBroadCastMsgTest"/>
  <testcase name="SortingByAscending" time="16.349" classname="com.tetherfi.test.tmac.TmacBroadCastMsgTest"/>
  <testcase name="SortingByDescending" time="19.306" classname="com.tetherfi.test.tmac.TmacBroadCastMsgTest"/>
  <testcase name="ExporttoExcelWithoutData" time="12.083" classname="com.tetherfi.test.tmac.TmacBroadCastMsgTest"/>
</testsuite> <!-- com.tetherfi.test.tmac.TmacBroadCastMsgTest -->
