<?xml version="1.0" encoding="UTF-8"?>
<!-- Generated by org.testng.reporters.JUnitReportReporter -->
<testsuite hostname="DESKTOP-O6A5C2O" failures="0" tests="3" name="com.tetherfi.test.chat.ChatTemplatesTest" time="87.448" errors="0" timestamp="2019-11-08T11:50:07 IST" skipped="0">
  <testcase classname="com.tetherfi.test.chat.ChatTemplatesTest" name="DepartmentDatabase" time="31.036"/>
  <testcase classname="com.tetherfi.test.chat.ChatTemplatesTest" name="GroupDatabase" time="30.013"/>
  <testcase classname="com.tetherfi.test.chat.ChatTemplatesTest" name="Database" time="26.399"/>
</testsuite> <!-- com.tetherfi.test.chat.ChatTemplatesTest -->
