<?xml version="1.0" encoding="UTF-8"?>
<!-- Generated by org.testng.reporters.JUnitReportReporter -->
<testsuite skipped="7" hostname="TTF-BLR-SANTOSHKOUJALAGI" name="com.tetherfi.test.tmac.TmacTransferListTest" tests="70" failures="0" timestamp="2021-08-05T21:17:23 IST" time="1067.992" errors="1">
  <testcase name="VerifyTmacTransferListModuleDisplay" time="6.369" classname="com.tetherfi.test.tmac.TmacTransferListTest"/>
  <testcase name="VerifyTmacConsultTransferTableHeaders" time="9.015" classname="com.tetherfi.test.tmac.TmacTransferListTest"/>
  <testcase name="VerifyAddNewConsultTransferButton" time="6.085" classname="com.tetherfi.test.tmac.TmacTransferListTest"/>
  <testcase name="VerifyAddConsultTransferPopUpContentDisplayed" time="10.668" classname="com.tetherfi.test.tmac.TmacTransferListTest"/>
  <testcase name="VerifyErrMsgNameBlank" time="16.170" classname="com.tetherfi.test.tmac.TmacTransferListTest"/>
  <testcase name="VerifyErrMsgAgtExtBlank" time="13.819" classname="com.tetherfi.test.tmac.TmacTransferListTest"/>
  <testcase name="VerifyErrMsgTypeNotSelected" time="13.640" classname="com.tetherfi.test.tmac.TmacTransferListTest"/>
  <testcase name="VerifyCancelonNewConsulTransfer" time="9.754" classname="com.tetherfi.test.tmac.TmacTransferListTest"/>
  <testcase name="AddNewTmacConsultTransferRecord" time="12.089" classname="com.tetherfi.test.tmac.TmacTransferListTest"/>
  <testcase name="VerifyAuditTrialReportForTMACConsultTransferCreate" time="37.659" classname="com.tetherfi.test.tmac.TmacTransferListTest"/>
  <testcase name="AddNewTmacConsultTransferRecord2" time="9.560" classname="com.tetherfi.test.tmac.TmacTransferListTest"/>
  <testcase name="VerifyNoModReasonErrMsgOnEditConsulRecd" time="19.117" classname="com.tetherfi.test.tmac.TmacTransferListTest"/>
  <testcase name="EditNameOnTmacConsultTransferRecord" time="15.475" classname="com.tetherfi.test.tmac.TmacTransferListTest"/>
  <testcase name="VerifyAuditTrialReportForUpdate" time="36.768" classname="com.tetherfi.test.tmac.TmacTransferListTest"/>
  <testcase name="EditAgtExtOnTmacConsultTransferRecord" time="15.925" classname="com.tetherfi.test.tmac.TmacTransferListTest"/>
  <testcase name="EditTypeOnTmacConsultTransferRecord" time="16.733" classname="com.tetherfi.test.tmac.TmacTransferListTest"/>
  <testcase name="EditAllOnTmacConsultTransferRecord" time="15.925" classname="com.tetherfi.test.tmac.TmacTransferListTest"/>
  <testcase name="VerifySearchIsNotEqualTo" time="17.760" classname="com.tetherfi.test.tmac.TmacTransferListTest"/>
  <testcase name="VerifySearchContains" time="16.349" classname="com.tetherfi.test.tmac.TmacTransferListTest"/>
  <testcase name="VerifySearchDoesNotContains" time="17.041" classname="com.tetherfi.test.tmac.TmacTransferListTest"/>
  <testcase name="VerifySearchStartsWith" time="16.906" classname="com.tetherfi.test.tmac.TmacTransferListTest"/>
  <testcase name="VerifySearchEndsWith" time="15.237" classname="com.tetherfi.test.tmac.TmacTransferListTest"/>
  <testcase name="ExportToExcel" time="9.757" classname="com.tetherfi.test.tmac.TmacTransferListTest"/>
  <testcase name="ExportToExcelData" time="8.914" classname="com.tetherfi.test.tmac.TmacTransferListTest"/>
  <testcase name="database" time="16.033" classname="com.tetherfi.test.tmac.TmacTransferListTest"/>
  <testcase name="GroupBy" time="8.112" classname="com.tetherfi.test.tmac.TmacTransferListTest"/>
  <testcase name="DeleteNoReasonErrMsgTmacConsultTransferRecord" time="13.950" classname="com.tetherfi.test.tmac.TmacTransferListTest"/>
  <testcase name="DeleteNoReasonNoBtnTmacConsultTransferRecord" time="33.655" classname="com.tetherfi.test.tmac.TmacTransferListTest"/>
  <testcase name="DeleteTmacConsultTransferRecord" time="13.539" classname="com.tetherfi.test.tmac.TmacTransferListTest"/>
  <testcase name="VerifyAuditTrialReportForTmacConsultTransferDelete" time="37.622" classname="com.tetherfi.test.tmac.TmacTransferListTest"/>
  <testcase name="DeleteTmacConsultTransferRecord2" time="34.666" classname="com.tetherfi.test.tmac.TmacTransferListTest">
    <error type="org.openqa.selenium.NoSuchElementException" message="no such element: Unable to locate element: {&quot;method&quot;:&quot;css selector&quot;,&quot;selector&quot;:&quot;.toast-success .toast-message&quot;}
  (Session info: chrome=92.0.4515.107)
For documentation on this error, please visit: https://www.seleniumhq.org/exceptions/no_such_element.html
Build info: version: &#039;3.141.59&#039;, revision: &#039;e82be7d358&#039;, time: &#039;2018-11-14T08:17:03&#039;
System info: host: &#039;TTF-BLR-SANTOSH&#039;, ip: &#039;192.168.50.12&#039;, os.name: &#039;Windows 10&#039;, os.arch: &#039;amd64&#039;, os.version: &#039;10.0&#039;, java.version: &#039;1.8.0_181&#039;
Driver info: org.openqa.selenium.chrome.ChromeDriver
Capabilities {acceptInsecureCerts: false, browserName: chrome, browserVersion: 92.0.4515.107, chrome: {chromedriverVersion: 91.0.4472.19 (1bf021f248676..., userDataDir: C:\Users\admin\AppData\Loca...}, goog:chromeOptions: {debuggerAddress: localhost:55408}, javascriptEnabled: true, networkConnectionEnabled: false, pageLoadStrategy: normal, platform: WINDOWS, platformName: WINDOWS, proxy: Proxy(), setWindowRect: true, strictFileInteractability: false, timeouts: {implicit: 0, pageLoad: 300000, script: 30000}, unhandledPromptBehavior: dismiss and notify, webauthn:extension:largeBlob: true, webauthn:virtualAuthenticators: true}
Session ID: eedb65e9d0cf6c9f4beb03f7167ff32f
*** Element info: {Using=css selector, value=.toast-success .toast-message}">
      <![CDATA[org.openqa.selenium.NoSuchElementException: no such element: Unable to locate element: {"method":"css selector","selector":".toast-success .toast-message"}
  (Session info: chrome=92.0.4515.107)
For documentation on this error, please visit: https://www.seleniumhq.org/exceptions/no_such_element.html
Build info: version: '3.141.59', revision: 'e82be7d358', time: '2018-11-14T08:17:03'
System info: host: 'TTF-BLR-SANTOSH', ip: '192.168.50.12', os.name: 'Windows 10', os.arch: 'amd64', os.version: '10.0', java.version: '1.8.0_181'
Driver info: org.openqa.selenium.chrome.ChromeDriver
Capabilities {acceptInsecureCerts: false, browserName: chrome, browserVersion: 92.0.4515.107, chrome: {chromedriverVersion: 91.0.4472.19 (1bf021f248676..., userDataDir: C:\Users\admin\AppData\Loca...}, goog:chromeOptions: {debuggerAddress: localhost:55408}, javascriptEnabled: true, networkConnectionEnabled: false, pageLoadStrategy: normal, platform: WINDOWS, platformName: WINDOWS, proxy: Proxy(), setWindowRect: true, strictFileInteractability: false, timeouts: {implicit: 0, pageLoad: 300000, script: 30000}, unhandledPromptBehavior: dismiss and notify, webauthn:extension:largeBlob: true, webauthn:virtualAuthenticators: true}
Session ID: eedb65e9d0cf6c9f4beb03f7167ff32f
*** Element info: {Using=css selector, value=.toast-success .toast-message}
at sun.reflect.NativeConstructorAccessorImpl.newInstance0(Native Method)
at sun.reflect.NativeConstructorAccessorImpl.newInstance(Unknown Source)
at sun.reflect.DelegatingConstructorAccessorImpl.newInstance(Unknown Source)
at java.lang.reflect.Constructor.newInstance(Unknown Source)
at org.openqa.selenium.remote.http.W3CHttpResponseCodec.createException(W3CHttpResponseCodec.java:187)
at org.openqa.selenium.remote.http.W3CHttpResponseCodec.decode(W3CHttpResponseCodec.java:122)
at org.openqa.selenium.remote.http.W3CHttpResponseCodec.decode(W3CHttpResponseCodec.java:49)
at org.openqa.selenium.remote.HttpCommandExecutor.execute(HttpCommandExecutor.java:158)
at org.openqa.selenium.remote.service.DriverCommandExecutor.execute(DriverCommandExecutor.java:83)
at org.openqa.selenium.remote.RemoteWebDriver.execute(RemoteWebDriver.java:552)
at org.openqa.selenium.remote.RemoteWebDriver.findElement(RemoteWebDriver.java:323)
at org.openqa.selenium.remote.RemoteWebDriver.findElementByCssSelector(RemoteWebDriver.java:420)
at org.openqa.selenium.By$ByCssSelector.findElement(By.java:431)
at org.openqa.selenium.remote.RemoteWebDriver.findElement(RemoteWebDriver.java:315)
at org.openqa.selenium.support.pagefactory.DefaultElementLocator.findElement(DefaultElementLocator.java:69)
at org.openqa.selenium.support.pagefactory.internal.LocatingElementHandler.invoke(LocatingElementHandler.java:38)
at com.sun.proxy.$Proxy11.isDisplayed(Unknown Source)
at com.tetherfi.pages.TmacTransferListPage.VerifySuccessMsg(TmacTransferListPage.java:705)
at com.tetherfi.test.tmac.TmacTransferListTest.DeleteTmacConsultTransferRecord2(TmacTransferListTest.java:419)
at sun.reflect.NativeMethodAccessorImpl.invoke0(Native Method)
at sun.reflect.NativeMethodAccessorImpl.invoke(Unknown Source)
at sun.reflect.DelegatingMethodAccessorImpl.invoke(Unknown Source)
at java.lang.reflect.Method.invoke(Unknown Source)
at org.testng.internal.MethodInvocationHelper.invokeMethod(MethodInvocationHelper.java:133)
at org.testng.internal.TestInvoker.invokeMethod(TestInvoker.java:584)
at org.testng.internal.TestInvoker.invokeTestMethod(TestInvoker.java:172)
at org.testng.internal.MethodRunner.runInSequence(MethodRunner.java:46)
at org.testng.internal.TestInvoker$MethodInvocationAgent.invoke(TestInvoker.java:804)
at org.testng.internal.TestInvoker.invokeTestMethods(TestInvoker.java:145)
at org.testng.internal.TestMethodWorker.invokeTestMethods(TestMethodWorker.java:146)
at org.testng.internal.TestMethodWorker.run(TestMethodWorker.java:128)
at java.util.ArrayList.forEach(Unknown Source)
at org.testng.TestRunner.privateRun(TestRunner.java:770)
at org.testng.TestRunner.run(TestRunner.java:591)
at org.testng.SuiteRunner.runTest(SuiteRunner.java:402)
at org.testng.SuiteRunner.runSequentially(SuiteRunner.java:396)
at org.testng.SuiteRunner.privateRun(SuiteRunner.java:355)
at org.testng.SuiteRunner.run(SuiteRunner.java:304)
at org.testng.SuiteRunnerWorker.runSuite(SuiteRunnerWorker.java:53)
at org.testng.SuiteRunnerWorker.run(SuiteRunnerWorker.java:96)
at org.testng.TestNG.runSuitesSequentially(TestNG.java:1180)
at org.testng.TestNG.runSuitesLocally(TestNG.java:1102)
at org.testng.TestNG.runSuites(TestNG.java:1032)
at org.testng.TestNG.run(TestNG.java:1000)
at org.testng.remote.AbstractRemoteTestNG.run(AbstractRemoteTestNG.java:115)
at org.testng.remote.RemoteTestNG.initAndRun(RemoteTestNG.java:251)
at org.testng.remote.RemoteTestNG.main(RemoteTestNG.java:77)
]]>
    </error>
  </testcase> <!-- DeleteTmacConsultTransferRecord2 -->
  <testcase name="fullScreenAndRestore" time="12.415" classname="com.tetherfi.test.tmac.TmacTransferListTest"/>
  <testcase name="VerifyTmacBlindTransferTableHeaders" time="10.430" classname="com.tetherfi.test.tmac.TmacTransferListTest"/>
  <testcase name="VerifyAddNewBlindTransferButton" time="8.099" classname="com.tetherfi.test.tmac.TmacTransferListTest"/>
  <testcase name="VerifyAddBlindTransferPopUpContentDisplayed" time="9.623" classname="com.tetherfi.test.tmac.TmacTransferListTest"/>
  <testcase name="VerifyErrMsgNoData" time="13.710" classname="com.tetherfi.test.tmac.TmacTransferListTest"/>
  <testcase name="VerifyErrMsgVDNBlank" time="14.040" classname="com.tetherfi.test.tmac.TmacTransferListTest"/>
  <testcase name="VerifyErrMsgSkillNameNotSelected" time="11.640" classname="com.tetherfi.test.tmac.TmacTransferListTest"/>
  <testcase name="VerifyErrMsgChannelNotSelected" time="13.794" classname="com.tetherfi.test.tmac.TmacTransferListTest"/>
  <testcase name="VerifyCancelonNewBlindTransfer" time="13.680" classname="com.tetherfi.test.tmac.TmacTransferListTest"/>
  <testcase name="AddNewTmacBlindTransferRecord" time="15.607" classname="com.tetherfi.test.tmac.TmacTransferListTest"/>
  <testcase name="VerifyAuditTrialReportForTmacBlindTransferCreate" time="39.175" classname="com.tetherfi.test.tmac.TmacTransferListTest"/>
  <testcase name="VerifyRecdBlindTransDupVDN" time="14.125" classname="com.tetherfi.test.tmac.TmacTransferListTest"/>
  <testcase name="VerifyRecdBlindTransDiffVDN" time="14.728" classname="com.tetherfi.test.tmac.TmacTransferListTest"/>
  <testcase name="VerifyErrMsgNoModReasonEditTmacBlindTransferRecord" time="19.636" classname="com.tetherfi.test.tmac.TmacTransferListTest"/>
  <testcase name="EditTmacBlindTransferRecord" time="21.818" classname="com.tetherfi.test.tmac.TmacTransferListTest"/>
  <testcase name="VerifyAuditTrialReportForTmacBlindtransferUpdate" time="37.812" classname="com.tetherfi.test.tmac.TmacTransferListTest"/>
  <testcase name="VerifyTmacBlindSearchIsNotEqualTo" time="19.016" classname="com.tetherfi.test.tmac.TmacTransferListTest"/>
  <testcase name="VerifyTmacBlindSearchContains" time="17.748" classname="com.tetherfi.test.tmac.TmacTransferListTest"/>
  <testcase name="VerifyTmacBlindSearchDoesNotContains" time="17.711" classname="com.tetherfi.test.tmac.TmacTransferListTest"/>
  <testcase name="VerifyTmacBlindSearchStartsWith" time="17.351" classname="com.tetherfi.test.tmac.TmacTransferListTest"/>
  <testcase name="VerifyTmacBlindSearchEndsWith" time="17.828" classname="com.tetherfi.test.tmac.TmacTransferListTest"/>
  <testcase name="ExportToExcelBlindTrans" time="8.716" classname="com.tetherfi.test.tmac.TmacTransferListTest"/>
  <testcase name="ExportToExcelDataBlindTrans" time="11.329" classname="com.tetherfi.test.tmac.TmacTransferListTest"/>
  <testcase name="databaseBlindTrans" time="14.653" classname="com.tetherfi.test.tmac.TmacTransferListTest"/>
  <testcase name="GroupByBlindTrans" time="9.107" classname="com.tetherfi.test.tmac.TmacTransferListTest"/>
  <testcase name="DeleteNoReasonErrMsgTmacBlindTransferRecord" time="15.111" classname="com.tetherfi.test.tmac.TmacTransferListTest"/>
  <testcase name="DeleteNoReasonNoBtnTmacBlindTransferRecord" time="34.527" classname="com.tetherfi.test.tmac.TmacTransferListTest"/>
  <testcase name="DeleteTmacBlindTransferRecord" time="14.122" classname="com.tetherfi.test.tmac.TmacTransferListTest"/>
  <testcase name="VerifyAuditTrialReportForTmacBlindTransferDelete" time="36.070" classname="com.tetherfi.test.tmac.TmacTransferListTest"/>
  <testcase name="DeleteTmacBlindTransferRecord2" time="14.089" classname="com.tetherfi.test.tmac.TmacTransferListTest"/>
  <testcase name="DeleteTmacBlindTransferRecord3" time="14.142" classname="com.tetherfi.test.tmac.TmacTransferListTest"/>
  <testcase name="fullScreenAndRestoreBlindTrans" time="11.828" classname="com.tetherfi.test.tmac.TmacTransferListTest"/>
  <testcase name="VerifyErrMsgDuplicateName" classname="com.tetherfi.test.tmac.TmacTransferListTest">
    <skipped/>
  </testcase> <!-- VerifyErrMsgDuplicateName -->
  <testcase name="VerifyErrMsgDuplicateValue" classname="com.tetherfi.test.tmac.TmacTransferListTest">
    <skipped/>
  </testcase> <!-- VerifyErrMsgDuplicateValue -->
  <testcase name="VerifyErrMsgDupSkillIdName" classname="com.tetherfi.test.tmac.TmacTransferListTest">
    <skipped/>
  </testcase> <!-- VerifyErrMsgDupSkillIdName -->
  <testcase name="VerifyDupNameErrMsgOnEditConsulRecd" classname="com.tetherfi.test.tmac.TmacTransferListTest">
    <skipped/>
  </testcase> <!-- VerifyDupNameErrMsgOnEditConsulRecd -->
  <testcase name="VerifyDupValueErrMsgOnEditConsulRecd" classname="com.tetherfi.test.tmac.TmacTransferListTest">
    <skipped/>
  </testcase> <!-- VerifyDupValueErrMsgOnEditConsulRecd -->
  <testcase name="VerifyErrMsgDupSkillIdNameVdn" classname="com.tetherfi.test.tmac.TmacTransferListTest">
    <skipped/>
  </testcase> <!-- VerifyErrMsgDupSkillIdNameVdn -->
  <testcase name="VerifyDupErrMsgEditTmacBlindTransferRecord" classname="com.tetherfi.test.tmac.TmacTransferListTest">
    <skipped/>
  </testcase> <!-- VerifyDupErrMsgEditTmacBlindTransferRecord -->
</testsuite> <!-- com.tetherfi.test.tmac.TmacTransferListTest -->
