<?xml version="1.0" encoding="UTF-8"?>
<!-- Generated by org.testng.reporters.JUnitReportReporter -->
<testsuite hostname="admin" failures="0" tests="5" name="com.tetherfi.test.UserManagementE2ETest" time="411.997" errors="0" timestamp="14 Feb 2019 10:23:00 GMT" skipped="0">
  <testcase classname="com.tetherfi.test.UserManagementE2ETest" name="VerifyViewAccessOfCallbackAnnouncement" time="79.803"/>
  <testcase classname="com.tetherfi.test.UserManagementE2ETest" name="VerifyAddAccessOfCallbackAnnouncement" time="79.895"/>
  <testcase classname="com.tetherfi.test.UserManagementE2ETest" name="VerifyDeleteAccessOfCallbackAnnouncement" time="79.643"/>
  <testcase classname="com.tetherfi.test.UserManagementE2ETest" name="VerifyEditAccessOfCallbackAnnouncement" time="79.190"/>
  <testcase classname="com.tetherfi.test.UserManagementE2ETest" name="VerifyExportAccessOfCallbackAnnouncement" time="93.466"/>
</testsuite> <!-- com.tetherfi.test.UserManagementE2ETest -->
