<?xml version="1.0" encoding="UTF-8"?>
<!-- Generated by org.testng.reporters.JUnitReportReporter -->
<testsuite skipped="0" hostname="TTF-BLR-SANTOSHKOUJALAGI" name="com.tetherfi.test.UserOnBoardingCountryLevelUserCreateTest" tests="3" failures="0" timestamp="2021-08-01T21:37:51 IST" time="205.924" errors="0">
  <testcase name="AddNewUserOnBoardingRecord" time="67.924" classname="com.tetherfi.test.UserOnBoardingCountryLevelUserCreateTest"/>
  <testcase name="VerifySendForApprovalForAddNewUserOnBoarding" time="68.734" classname="com.tetherfi.test.UserOnBoardingCountryLevelUserCreateTest"/>
  <testcase name="ApproveforAddNewUserOnBoardingRecord" time="69.266" classname="com.tetherfi.test.UserOnBoardingCountryLevelUserCreateTest"/>
</testsuite> <!-- com.tetherfi.test.UserOnBoardingCountryLevelUserCreateTest -->
