<?xml version="1.0" encoding="UTF-8"?>
<!-- Generated by org.testng.reporters.JUnitReportReporter -->
<testsuite skipped="0" hostname="TTF-BLR-SANTOSHKOUJALAGI" name="com.tetherfi.test.reports.AgentHistoricalReportTest" tests="50" failures="1" timestamp="2021-08-26T02:06:28 IST" time="1850.271" errors="0">
  <testcase name="ShowOCMAgentHistoricalReport" time="27.356" classname="com.tetherfi.test.reports.AgentHistoricalReportTest"/>
  <testcase name="ShowOcmAgentHistoricalReportInNewTab" time="25.247" classname="com.tetherfi.test.reports.AgentHistoricalReportTest"/>
  <testcase name="ScheduleOCMAgentHistoricalReport" time="20.266" classname="com.tetherfi.test.reports.AgentHistoricalReportTest"/>
  <testcase name="ExportOcmAgentHistoricalReport" time="22.264" classname="com.tetherfi.test.reports.AgentHistoricalReportTest"/>
  <testcase name="ViewDownloadedOcmAgentHistoricalReportInReportsDownloadPage" time="9.754" classname="com.tetherfi.test.reports.AgentHistoricalReportTest"/>
  <testcase name="VerifyViewDownloadedOcmAgentHistoricalReportInReportsDownloadPage" time="93.089" classname="com.tetherfi.test.reports.AgentHistoricalReportTest"/>
  <testcase name="DeleteWithoutDeleteReasonRecordinReportsDownloadforSingleDate" time="11.909" classname="com.tetherfi.test.reports.AgentHistoricalReportTest"/>
  <testcase name="VerifyCancelBtnAtReportsDownloadforSingleDate" time="33.565" classname="com.tetherfi.test.reports.AgentHistoricalReportTest"/>
  <testcase name="DeleteRecordforSingleDate" time="12.233" classname="com.tetherfi.test.reports.AgentHistoricalReportTest"/>
  <testcase name="ShowOcmAgentHistoricalReportForDateRange" time="24.410" classname="com.tetherfi.test.reports.AgentHistoricalReportTest"/>
  <testcase name="ShowOcmAgentHistoricalReportInNewTabDateRange" time="23.491" classname="com.tetherfi.test.reports.AgentHistoricalReportTest"/>
  <testcase name="ScheduleOcmAgentHistoricalReportforDateRange" time="21.647" classname="com.tetherfi.test.reports.AgentHistoricalReportTest"/>
  <testcase name="ExportOcmAgentHistoricalReportDateRange" time="22.235" classname="com.tetherfi.test.reports.AgentHistoricalReportTest"/>
  <testcase name="ViewDownloadedOcmAgentHistoricalReportInReportsDownloadPageDateRange" time="11.530" classname="com.tetherfi.test.reports.AgentHistoricalReportTest"/>
  <testcase name="VerifyViewDownloadedOcmAgentHistoricalReportInReportsDownloadDateRangePage" time="93.396" classname="com.tetherfi.test.reports.AgentHistoricalReportTest"/>
  <testcase name="DeleteRecord" time="12.786" classname="com.tetherfi.test.reports.AgentHistoricalReportTest"/>
  <testcase name="ClearAll" time="18.947" classname="com.tetherfi.test.reports.AgentHistoricalReportTest"/>
  <testcase name="OCMWindow" time="24.868" classname="com.tetherfi.test.reports.AgentHistoricalReportTest"/>
  <testcase name="VerifyDropdownForAllTheColumns" time="62.252" classname="com.tetherfi.test.reports.AgentHistoricalReportTest"/>
  <testcase name="VerifyColumnsHeaderEnable" time="112.547" classname="com.tetherfi.test.reports.AgentHistoricalReportTest"/>
  <testcase name="VerifyColumnsHeaderDisable" time="169.738" classname="com.tetherfi.test.reports.AgentHistoricalReportTest"/>
  <testcase name="VerifyArrowMoveForPreviousAndNextPage" time="25.504" classname="com.tetherfi.test.reports.AgentHistoricalReportTest"/>
  <testcase name="VerifyArrowMoveForFirstAndLastPage" time="24.426" classname="com.tetherfi.test.reports.AgentHistoricalReportTest"/>
  <testcase name="VerifyTotalNumberOfItemsPerPageDetails" time="23.541" classname="com.tetherfi.test.reports.AgentHistoricalReportTest"/>
  <testcase name="VerifyNumberOfItemsPerPageSelection" time="46.797" classname="com.tetherfi.test.reports.AgentHistoricalReportTest">
    <failure type="java.lang.AssertionError" message="item per page assertion failed did not expect to find [true] but found [false]">
      <![CDATA[java.lang.AssertionError: item per page assertion failed did not expect to find [true] but found [false]
at org.testng.Assert.fail(Assert.java:97)
at org.testng.Assert.failNotEquals(Assert.java:969)
at org.testng.Assert.assertTrue(Assert.java:43)
at com.tetherfi.test.reports.AgentHistoricalReportTest.VerifyNumberOfItemsPerPageSelection(AgentHistoricalReportTest.java:289)
at sun.reflect.NativeMethodAccessorImpl.invoke0(Native Method)
at sun.reflect.NativeMethodAccessorImpl.invoke(Unknown Source)
at sun.reflect.DelegatingMethodAccessorImpl.invoke(Unknown Source)
at java.lang.reflect.Method.invoke(Unknown Source)
at org.testng.internal.MethodInvocationHelper.invokeMethod(MethodInvocationHelper.java:133)
at org.testng.internal.TestInvoker.invokeMethod(TestInvoker.java:584)
at org.testng.internal.TestInvoker.invokeTestMethod(TestInvoker.java:172)
at org.testng.internal.MethodRunner.runInSequence(MethodRunner.java:46)
at org.testng.internal.TestInvoker$MethodInvocationAgent.invoke(TestInvoker.java:804)
at org.testng.internal.TestInvoker.invokeTestMethods(TestInvoker.java:145)
at org.testng.internal.TestMethodWorker.invokeTestMethods(TestMethodWorker.java:146)
at org.testng.internal.TestMethodWorker.run(TestMethodWorker.java:128)
at java.util.ArrayList.forEach(Unknown Source)
at org.testng.TestRunner.privateRun(TestRunner.java:770)
at org.testng.TestRunner.run(TestRunner.java:591)
at org.testng.SuiteRunner.runTest(SuiteRunner.java:402)
at org.testng.SuiteRunner.runSequentially(SuiteRunner.java:396)
at org.testng.SuiteRunner.privateRun(SuiteRunner.java:355)
at org.testng.SuiteRunner.run(SuiteRunner.java:304)
at org.testng.SuiteRunnerWorker.runSuite(SuiteRunnerWorker.java:53)
at org.testng.SuiteRunnerWorker.run(SuiteRunnerWorker.java:96)
at org.testng.TestNG.runSuitesSequentially(TestNG.java:1180)
at org.testng.TestNG.runSuitesLocally(TestNG.java:1102)
at org.testng.TestNG.runSuites(TestNG.java:1032)
at org.testng.TestNG.run(TestNG.java:1000)
at org.testng.remote.AbstractRemoteTestNG.run(AbstractRemoteTestNG.java:115)
at org.testng.remote.RemoteTestNG.initAndRun(RemoteTestNG.java:251)
at org.testng.remote.RemoteTestNG.main(RemoteTestNG.java:77)
]]>
    </failure>
  </testcase> <!-- VerifyNumberOfItemsPerPageSelection -->
  <testcase name="ExportPage" time="27.761" classname="com.tetherfi.test.reports.AgentHistoricalReportTest"/>
  <testcase name="SchedulereportinagentHistoricalPage" time="24.913" classname="com.tetherfi.test.reports.AgentHistoricalReportTest"/>
  <testcase name="ExportToExcelForAgentHistoricalReport" time="24.691" classname="com.tetherfi.test.reports.AgentHistoricalReportTest"/>
  <testcase name="ViewDownloadedOcmAgentHistoricalReportInReportsDownloadPageinAgentHistoricalPg" time="28.112" classname="com.tetherfi.test.reports.AgentHistoricalReportTest"/>
  <testcase name="VerifyViewDownloadedOcmAgentHistoricalReportInReportsDownload" time="93.800" classname="com.tetherfi.test.reports.AgentHistoricalReportTest"/>
  <testcase name="VerifySearchByFeatureForAgentHistoricalReport" time="32.703" classname="com.tetherfi.test.reports.AgentHistoricalReportTest"/>
  <testcase name="VerifySearchEqualsToFeature" time="33.721" classname="com.tetherfi.test.reports.AgentHistoricalReportTest"/>
  <testcase name="searchwithoutSearchTextbox" time="27.264" classname="com.tetherfi.test.reports.AgentHistoricalReportTest"/>
  <testcase name="VerifySearchIsNotEqualTo" time="33.794" classname="com.tetherfi.test.reports.AgentHistoricalReportTest"/>
  <testcase name="VerifySearchContains" time="31.538" classname="com.tetherfi.test.reports.AgentHistoricalReportTest"/>
  <testcase name="VerifySearchDoesNotContains" time="32.666" classname="com.tetherfi.test.reports.AgentHistoricalReportTest"/>
  <testcase name="VerifySearchStartsWith" time="32.216" classname="com.tetherfi.test.reports.AgentHistoricalReportTest"/>
  <testcase name="VerifySearchEndsWith" time="32.029" classname="com.tetherfi.test.reports.AgentHistoricalReportTest"/>
  <testcase name="SearchClearSearch" time="27.090" classname="com.tetherfi.test.reports.AgentHistoricalReportTest"/>
  <testcase name="verifyAdvancedSearchinreportpage" time="34.192" classname="com.tetherfi.test.reports.AgentHistoricalReportTest"/>
  <testcase name="ClearfiltersAdvSrch" time="27.166" classname="com.tetherfi.test.reports.AgentHistoricalReportTest"/>
  <testcase name="GroupBy" time="27.324" classname="com.tetherfi.test.reports.AgentHistoricalReportTest"/>
  <testcase name="verifyAdvancedSearchinreportpageSearchNotEqualTo" time="37.217" classname="com.tetherfi.test.reports.AgentHistoricalReportTest"/>
  <testcase name="verifyAdvancedSearchinreportpageSearchcontains" time="32.632" classname="com.tetherfi.test.reports.AgentHistoricalReportTest"/>
  <testcase name="verifyAdvancedSearchinreportpageSearchDoesnotcontains" time="35.809" classname="com.tetherfi.test.reports.AgentHistoricalReportTest"/>
  <testcase name="verifyAdvancedSearchinreportpageSearchStartswith" time="34.303" classname="com.tetherfi.test.reports.AgentHistoricalReportTest"/>
  <testcase name="verifyAdvancedSearchinreportpageSearchEndswith" time="36.348" classname="com.tetherfi.test.reports.AgentHistoricalReportTest"/>
  <testcase name="verifyAdvancedSearchAddCriteria" time="46.687" classname="com.tetherfi.test.reports.AgentHistoricalReportTest"/>
  <testcase name="verifyAdvancedSearchORCriteria" time="47.884" classname="com.tetherfi.test.reports.AgentHistoricalReportTest"/>
  <testcase name="verifySelectdateFeature" time="34.613" classname="com.tetherfi.test.reports.AgentHistoricalReportTest"/>
</testsuite> <!-- com.tetherfi.test.reports.AgentHistoricalReportTest -->
