<?xml version="1.0" encoding="UTF-8"?>
<!-- Generated by org.testng.reporters.JUnitReportReporter -->
<testsuite hostname="DESKTOP-O6A5C2O" failures="0" tests="1" name="com.tetherfi.test.ivr.MenuDescriptionMappingTest" time="8.999" errors="0" timestamp="2019-12-09T16:01:02 IST" skipped="0">
  <testcase classname="com.tetherfi.test.ivr.MenuDescriptionMappingTest" name="AddDuplicateMenuDescriptionMappingRecord" time="8.999"/>
</testsuite> <!-- com.tetherfi.test.ivr.MenuDescriptionMappingTest -->
