<?xml version="1.0" encoding="UTF-8"?>
<!-- Generated by org.testng.reporters.JUnitReportReporter -->
<testsuite hostname="admin" failures="0" tests="20" name="com.tetherfi.test.RoleBasedAccessManagementCreateTest" time="875.367" errors="1" timestamp="2021-06-03T22:06:50 IST" skipped="1">
  <testcase classname="com.tetherfi.test.RoleBasedAccessManagementCreateTest" name="VerifyAddCancelButton" time="108.301">
    <error message="Expected condition failed: waiting for visibility of Proxy element for: DefaultElementLocator &#039;By.cssSelector: .k-grid-cancel&#039; (tried for 30 second(s) with 500 milliseconds interval)" type="org.openqa.selenium.TimeoutException">
      <![CDATA[org.openqa.selenium.TimeoutException: Expected condition failed: waiting for visibility of Proxy element for: DefaultElementLocator 'By.cssSelector: .k-grid-cancel' (tried for 30 second(s) with 500 milliseconds interval)
at org.openqa.selenium.support.ui.WebDriverWait.timeoutException(WebDriverWait.java:95)
at org.openqa.selenium.support.ui.FluentWait.until(FluentWait.java:272)
at com.tetherfi.pages.BasePage.waitUntilWebElementIsVisible(BasePage.java:129)
at com.tetherfi.pages.BasePage.selectWebElement(BasePage.java:196)
at com.tetherfi.pages.RoleBasedAccessManagementPage.addCancelButton(RoleBasedAccessManagementPage.java:984)
at com.tetherfi.test.RoleBasedAccessManagementCreateTest.VerifyAddCancelButton(RoleBasedAccessManagementCreateTest.java:72)
at java.base/jdk.internal.reflect.NativeMethodAccessorImpl.invoke0(Native Method)
at java.base/jdk.internal.reflect.NativeMethodAccessorImpl.invoke(NativeMethodAccessorImpl.java:62)
at java.base/jdk.internal.reflect.DelegatingMethodAccessorImpl.invoke(DelegatingMethodAccessorImpl.java:43)
at java.base/java.lang.reflect.Method.invoke(Method.java:564)
at org.testng.internal.MethodInvocationHelper.invokeMethod(MethodInvocationHelper.java:133)
at org.testng.internal.TestInvoker.invokeMethod(TestInvoker.java:584)
at org.testng.internal.TestInvoker.invokeTestMethod(TestInvoker.java:172)
at org.testng.internal.MethodRunner.runInSequence(MethodRunner.java:46)
at org.testng.internal.TestInvoker$MethodInvocationAgent.invoke(TestInvoker.java:804)
at org.testng.internal.TestInvoker.invokeTestMethods(TestInvoker.java:145)
at org.testng.internal.TestMethodWorker.invokeTestMethods(TestMethodWorker.java:146)
at org.testng.internal.TestMethodWorker.run(TestMethodWorker.java:128)
at java.base/java.util.ArrayList.forEach(ArrayList.java:1511)
at org.testng.TestRunner.privateRun(TestRunner.java:770)
at org.testng.TestRunner.run(TestRunner.java:591)
at org.testng.SuiteRunner.runTest(SuiteRunner.java:402)
at org.testng.SuiteRunner.runSequentially(SuiteRunner.java:396)
at org.testng.SuiteRunner.privateRun(SuiteRunner.java:355)
at org.testng.SuiteRunner.run(SuiteRunner.java:304)
at org.testng.SuiteRunnerWorker.runSuite(SuiteRunnerWorker.java:53)
at org.testng.SuiteRunnerWorker.run(SuiteRunnerWorker.java:96)
at org.testng.TestNG.runSuitesSequentially(TestNG.java:1180)
at org.testng.TestNG.runSuitesLocally(TestNG.java:1102)
at org.testng.TestNG.runSuites(TestNG.java:1032)
at org.testng.TestNG.run(TestNG.java:1000)
at org.testng.remote.AbstractRemoteTestNG.run(AbstractRemoteTestNG.java:115)
at org.testng.remote.RemoteTestNG.initAndRun(RemoteTestNG.java:251)
at org.testng.remote.RemoteTestNG.main(RemoteTestNG.java:77)
Caused by: org.openqa.selenium.NoSuchElementException: no such element: Unable to locate element: {"method":"css selector","selector":".k-grid-cancel"}
  (Session info: chrome=91.0.4472.77)
For documentation on this error, please visit: https://www.seleniumhq.org/exceptions/no_such_element.html
Build info: version: '3.141.59', revision: 'e82be7d358', time: '2018-11-14T08:17:03'
System info: host: 'ADMIN', ip: '192.168.50.8', os.name: 'Windows 8.1', os.arch: 'amd64', os.version: '6.3', java.version: '14.0.2'
Driver info: org.openqa.selenium.chrome.ChromeDriver
Capabilities {acceptInsecureCerts: false, browserName: chrome, browserVersion: 91.0.4472.77, chrome: {chromedriverVersion: 90.0.4430.24 (4c6d850f087da..., userDataDir: C:\Users\ADMINP~1\AppData\L...}, goog:chromeOptions: {debuggerAddress: localhost:51497}, javascriptEnabled: true, networkConnectionEnabled: false, pageLoadStrategy: normal, platform: WINDOWS, platformName: WINDOWS, proxy: Proxy(), setWindowRect: true, strictFileInteractability: false, timeouts: {implicit: 0, pageLoad: 300000, script: 30000}, unhandledPromptBehavior: dismiss and notify, webauthn:extension:largeBlob: true, webauthn:virtualAuthenticators: true}
Session ID: 2e10912d2fdb020a5a6f1210822ced18
*** Element info: {Using=css selector, value=.k-grid-cancel}
at java.base/jdk.internal.reflect.NativeConstructorAccessorImpl.newInstance0(Native Method)
at java.base/jdk.internal.reflect.NativeConstructorAccessorImpl.newInstance(NativeConstructorAccessorImpl.java:62)
at java.base/jdk.internal.reflect.DelegatingConstructorAccessorImpl.newInstance(DelegatingConstructorAccessorImpl.java:45)
at java.base/java.lang.reflect.Constructor.newInstanceWithCaller(Constructor.java:500)
at java.base/java.lang.reflect.Constructor.newInstance(Constructor.java:481)
at org.openqa.selenium.remote.http.W3CHttpResponseCodec.createException(W3CHttpResponseCodec.java:187)
at org.openqa.selenium.remote.http.W3CHttpResponseCodec.decode(W3CHttpResponseCodec.java:122)
at org.openqa.selenium.remote.http.W3CHttpResponseCodec.decode(W3CHttpResponseCodec.java:49)
at org.openqa.selenium.remote.HttpCommandExecutor.execute(HttpCommandExecutor.java:158)
at org.openqa.selenium.remote.service.DriverCommandExecutor.execute(DriverCommandExecutor.java:83)
at org.openqa.selenium.remote.RemoteWebDriver.execute(RemoteWebDriver.java:552)
at org.openqa.selenium.remote.RemoteWebDriver.findElement(RemoteWebDriver.java:323)
at org.openqa.selenium.remote.RemoteWebDriver.findElementByCssSelector(RemoteWebDriver.java:420)
at org.openqa.selenium.By$ByCssSelector.findElement(By.java:431)
at org.openqa.selenium.remote.RemoteWebDriver.findElement(RemoteWebDriver.java:315)
at org.openqa.selenium.support.pagefactory.DefaultElementLocator.findElement(DefaultElementLocator.java:69)
at org.openqa.selenium.support.pagefactory.internal.LocatingElementHandler.invoke(LocatingElementHandler.java:38)
at com.sun.proxy.$Proxy16.isDisplayed(Unknown Source)
at org.openqa.selenium.support.ui.ExpectedConditions.elementIfVisible(ExpectedConditions.java:314)
at org.openqa.selenium.support.ui.ExpectedConditions.access$000(ExpectedConditions.java:43)
at org.openqa.selenium.support.ui.ExpectedConditions$10.apply(ExpectedConditions.java:300)
at org.openqa.selenium.support.ui.ExpectedConditions$10.apply(ExpectedConditions.java:297)
at org.openqa.selenium.support.ui.FluentWait.until(FluentWait.java:249)
... 32 more
]]>
    </error>
  </testcase> <!-- VerifyAddCancelButton -->
  <testcase classname="com.tetherfi.test.RoleBasedAccessManagementCreateTest" name="VerifyAddRecordWithoutRole" time="29.687"/>
  <testcase classname="com.tetherfi.test.RoleBasedAccessManagementCreateTest" name="AddRevertRecord" time="29.826"/>
  <testcase classname="com.tetherfi.test.RoleBasedAccessManagementCreateTest" name="VerifyRevertForAddNewRecord" time="33.345"/>
  <testcase classname="com.tetherfi.test.RoleBasedAccessManagementCreateTest" name="VerifyApprovedDataSectionWithoutApproval" time="30.168"/>
  <testcase classname="com.tetherfi.test.RoleBasedAccessManagementCreateTest" name="VerifyAuditTrailReportForRevert" time="63.805"/>
  <testcase classname="com.tetherfi.test.RoleBasedAccessManagementCreateTest" name="AddRejectRecord" time="30.612"/>
  <testcase classname="com.tetherfi.test.RoleBasedAccessManagementCreateTest" name="VerifySendForApprovalForAddNewRecord" time="39.890"/>
  <testcase classname="com.tetherfi.test.RoleBasedAccessManagementCreateTest" name="RejectforAddNewNewRoleBasedAccessManagementRecord" time="38.108"/>
  <testcase classname="com.tetherfi.test.RoleBasedAccessManagementCreateTest" name="VerifyAuditTrailReportForReject" time="82.469"/>
  <testcase classname="com.tetherfi.test.RoleBasedAccessManagementCreateTest" name="VerifyRecordAfterRejection" time="29.653"/>
  <testcase classname="com.tetherfi.test.RoleBasedAccessManagementCreateTest" name="AddNewNewRoleBasedAccessManagementRecord" time="34.134"/>
  <testcase classname="com.tetherfi.test.RoleBasedAccessManagementCreateTest" name="VerifyAuditTrailReportForCreate" time="59.953"/>
  <testcase classname="com.tetherfi.test.RoleBasedAccessManagementCreateTest" name="VerifyAuditTrailDataForAddNewNewRoleBasedAccessManagementRecord" time="39.230"/>
  <testcase classname="com.tetherfi.test.RoleBasedAccessManagementCreateTest" name="VerifySendForApprovalForAddNewNewRoleBasedAccessManagementRecord" time="34.932"/>
  <testcase classname="com.tetherfi.test.RoleBasedAccessManagementCreateTest" name="VerifyAuditTrailReportForSendForApproval" time="61.689"/>
  <testcase classname="com.tetherfi.test.RoleBasedAccessManagementCreateTest" name="ApproveforAddNewNewRoleBasedAccessManagementRecord" time="38.888"/>
  <testcase classname="com.tetherfi.test.RoleBasedAccessManagementCreateTest" name="VerifyAuditTrailReportForApprove" time="60.614"/>
  <testcase classname="com.tetherfi.test.RoleBasedAccessManagementCreateTest" name="VerifyRecordApprovedDataSectionafterApproval" time="30.063"/>
  <testcase classname="com.tetherfi.test.RoleBasedAccessManagementCreateTest" name="AddDuplicateRecord">
    <skipped/>
  </testcase> <!-- AddDuplicateRecord -->
</testsuite> <!-- com.tetherfi.test.RoleBasedAccessManagementCreateTest -->
