<?xml version="1.0" encoding="UTF-8"?>
<!-- Generated by org.testng.reporters.JUnitReportReporter -->
<testsuite hostname="admin" failures="0" tests="1" name="com.tetherfi.test.reports.OCMAudioVideoPlaybackReportTest" time="40.988" errors="0" timestamp="2020-06-21T12:50:31 IST" skipped="0">
  <testcase classname="com.tetherfi.test.reports.OCMAudioVideoPlaybackReportTest" name="database" time="40.988"/>
</testsuite> <!-- com.tetherfi.test.reports.OCMAudioVideoPlaybackReportTest -->
