<?xml version="1.0" encoding="UTF-8"?>
<!-- Generated by org.testng.reporters.JUnitReportReporter -->
<testsuite hostname="DESKTOP-O6A5C2O" failures="0" tests="16" name="com.tetherfi.test.ivr.BranchManagementDeleteTest" time="979.599" errors="0" timestamp="2020-03-18T03:36:49 IST" skipped="0">
  <testcase classname="com.tetherfi.test.ivr.BranchManagementDeleteTest" name="DeleteCancelBranchManagementRecord" time="50.563"/>
  <testcase classname="com.tetherfi.test.ivr.BranchManagementDeleteTest" name="DeleteRecordWithoutDeleteReason" time="52.096"/>
  <testcase classname="com.tetherfi.test.ivr.BranchManagementDeleteTest" name="DeleteRecord" time="64.452"/>
  <testcase classname="com.tetherfi.test.ivr.BranchManagementDeleteTest" name="VerifyRevertForDeleteRecord" time="66.917"/>
  <testcase classname="com.tetherfi.test.ivr.BranchManagementDeleteTest" name="VerifyAuditTrialReportForRevertDelete" time="81.474"/>
  <testcase classname="com.tetherfi.test.ivr.BranchManagementDeleteTest" name="RejectDeleteRecord" time="54.120"/>
  <testcase classname="com.tetherfi.test.ivr.BranchManagementDeleteTest" name="VerifySendForApprovalForDeleteNewRecord" time="55.504"/>
  <testcase classname="com.tetherfi.test.ivr.BranchManagementDeleteTest" name="RejectforDeleteBranchManagementRecord" time="53.894"/>
  <testcase classname="com.tetherfi.test.ivr.BranchManagementDeleteTest" name="VerifyAuditTrailReportForReject" time="67.607"/>
  <testcase classname="com.tetherfi.test.ivr.BranchManagementDeleteTest" name="DeleteBranchManagementRecord" time="64.616"/>
  <testcase classname="com.tetherfi.test.ivr.BranchManagementDeleteTest" name="VerifyAuditTrialReportForDelete" time="63.016"/>
  <testcase classname="com.tetherfi.test.ivr.BranchManagementDeleteTest" name="VerifyAuditTrailDataForDeleteBranchManagementRecord" time="49.779"/>
  <testcase classname="com.tetherfi.test.ivr.BranchManagementDeleteTest" name="VerifySendForApprovalForDeleteRecord" time="51.637"/>
  <testcase classname="com.tetherfi.test.ivr.BranchManagementDeleteTest" name="VerifyAuditTrailReportForSendForApprove" time="72.108"/>
  <testcase classname="com.tetherfi.test.ivr.BranchManagementDeleteTest" name="ApproveforDeleteBranchManagementRecord" time="54.186"/>
  <testcase classname="com.tetherfi.test.ivr.BranchManagementDeleteTest" name="VerifyAuditTrailReportForApprove" time="77.630"/>
</testsuite> <!-- com.tetherfi.test.ivr.BranchManagementDeleteTest -->
