<?xml version="1.0" encoding="UTF-8"?>
<!-- Generated by org.testng.reporters.JUnitReportReporter -->
<testsuite skipped="0" hostname="admin" name="com.tetherfi.test.UserManagementE2ETest" tests="5" failures="0" timestamp="13 Feb 2019 10:50:20 GMT" time="373.881" errors="0">
  <testcase name="VerifyEditAccessOfOperatingHours" time="73.609" classname="com.tetherfi.test.UserManagementE2ETest"/>
  <testcase name="VerifyAddAccessOfOperatingHours" time="73.033" classname="com.tetherfi.test.UserManagementE2ETest"/>
  <testcase name="VerifyExportAccessOfOperatingHours" time="78.009" classname="com.tetherfi.test.UserManagementE2ETest"/>
  <testcase name="VerifyDeleteAccessOfOperatingHours" time="75.208" classname="com.tetherfi.test.UserManagementE2ETest"/>
  <testcase name="VerifyViewAccessOfOperatingHours" time="74.022" classname="com.tetherfi.test.UserManagementE2ETest"/>
</testsuite> <!-- com.tetherfi.test.UserManagementE2ETest -->
