<?xml version="1.0" encoding="UTF-8"?>
<!-- Generated by org.testng.reporters.JUnitReportReporter -->
<testsuite skipped="0" hostname="TTF-BLR-SANTOSHKOUJALAGI" name="com.tetherfi.test.tmac.Templates_TemplateTab" tests="17" failures="0" timestamp="2021-08-03T18:57:28 IST" time="529.131" errors="0">
  <testcase name="VerifyaddBtn" time="8.583" classname="com.tetherfi.test.tmac.Templates_TemplateTab"/>
  <testcase name="AddnewtemplateRecordWithDuplicateOrgunit" time="34.470" classname="com.tetherfi.test.tmac.Templates_TemplateTab"/>
  <testcase name="AddnewtemplateRecord" time="39.731" classname="com.tetherfi.test.tmac.Templates_TemplateTab"/>
  <testcase name="verifyAuditTrailReportForCreate" time="50.584" classname="com.tetherfi.test.tmac.Templates_TemplateTab"/>
  <testcase name="AddRecWithoutOrgunit" time="13.053" classname="com.tetherfi.test.tmac.Templates_TemplateTab"/>
  <testcase name="AddRecWithoutTemplateName" time="32.044" classname="com.tetherfi.test.tmac.Templates_TemplateTab"/>
  <testcase name="AddRecWithoutTheme" time="31.770" classname="com.tetherfi.test.tmac.Templates_TemplateTab"/>
  <testcase name="AddRecWithDuplicateTemplateName" time="36.311" classname="com.tetherfi.test.tmac.Templates_TemplateTab"/>
  <testcase name="EditRecord" time="22.658" classname="com.tetherfi.test.tmac.Templates_TemplateTab"/>
  <testcase name="verifyAuditTrailReportForUpdate" time="48.433" classname="com.tetherfi.test.tmac.Templates_TemplateTab"/>
  <testcase name="EditRecordwithoutModifyreason" time="20.507" classname="com.tetherfi.test.tmac.Templates_TemplateTab"/>
  <testcase name="VerifyCancelBtnatEditRecord" time="42.999" classname="com.tetherfi.test.tmac.Templates_TemplateTab"/>
  <testcase name="DeleteRecordwithoutModifyreason" time="18.567" classname="com.tetherfi.test.tmac.Templates_TemplateTab"/>
  <testcase name="VerifyCancelBtnatDeleteRecord" time="19.552" classname="com.tetherfi.test.tmac.Templates_TemplateTab"/>
  <testcase name="DeleteRecord" time="18.002" classname="com.tetherfi.test.tmac.Templates_TemplateTab"/>
  <testcase name="verifyAuditTrailReportForDelete" time="51.519" classname="com.tetherfi.test.tmac.Templates_TemplateTab"/>
  <testcase name="verifydatabase" time="40.348" classname="com.tetherfi.test.tmac.Templates_TemplateTab"/>
</testsuite> <!-- com.tetherfi.test.tmac.Templates_TemplateTab -->
