<?xml version="1.0" encoding="UTF-8"?>
<!-- Generated by org.testng.reporters.JUnitReportReporter -->
<testsuite skipped="0" hostname="TTF-BLR-SANTOSHKOUJALAGI" name="com.tetherfi.test.tmac.AgentSettingsDeleteTest" tests="19" failures="0" timestamp="2021-08-01T15:01:44 IST" time="1018.949" errors="0">
  <testcase name="DeleteCancelAgentSettingsRecord" time="51.071" classname="com.tetherfi.test.tmac.AgentSettingsDeleteTest"/>
  <testcase name="DeleteRevertAgentSettingsRecord" time="44.659" classname="com.tetherfi.test.tmac.AgentSettingsDeleteTest"/>
  <testcase name="VerifyRevertForDeleteRecord" time="70.949" classname="com.tetherfi.test.tmac.AgentSettingsDeleteTest"/>
  <testcase name="VerifyAuditTrialReportForRevertDelete" time="65.783" classname="com.tetherfi.test.tmac.AgentSettingsDeleteTest"/>
  <testcase name="RejectDeleteRecord" time="48.628" classname="com.tetherfi.test.tmac.AgentSettingsDeleteTest"/>
  <testcase name="VerifySendForApprovalForDeleteNewRecord" time="44.917" classname="com.tetherfi.test.tmac.AgentSettingsDeleteTest"/>
  <testcase name="RejectforDeleteAgentSettingsRecord" time="43.722" classname="com.tetherfi.test.tmac.AgentSettingsDeleteTest"/>
  <testcase name="VerifyAuditTrailReportForReject" time="66.521" classname="com.tetherfi.test.tmac.AgentSettingsDeleteTest"/>
  <testcase name="DeleteAgentSettingsRecord" time="44.247" classname="com.tetherfi.test.tmac.AgentSettingsDeleteTest"/>
  <testcase name="VerifyAuditTrialReportForDelete" time="67.133" classname="com.tetherfi.test.tmac.AgentSettingsDeleteTest"/>
  <testcase name="VerifyAuditTrailDataForDeleteAgentSettingsRecord" time="41.216" classname="com.tetherfi.test.tmac.AgentSettingsDeleteTest"/>
  <testcase name="VerifySendForApprovalForDeleteRecord" time="50.869" classname="com.tetherfi.test.tmac.AgentSettingsDeleteTest"/>
  <testcase name="VerifyAuditTrailReportForSendForApprove" time="67.302" classname="com.tetherfi.test.tmac.AgentSettingsDeleteTest"/>
  <testcase name="ApproveforDeleteAgentSettingsRecord" time="42.241" classname="com.tetherfi.test.tmac.AgentSettingsDeleteTest"/>
  <testcase name="VerifyAuditTrailReportForApprove" time="69.327" classname="com.tetherfi.test.tmac.AgentSettingsDeleteTest"/>
  <testcase name="DeleteAgentSettingsSupervisorRecord" time="44.599" classname="com.tetherfi.test.tmac.AgentSettingsDeleteTest"/>
  <testcase name="VerifySendForApprovalForDeleteSupervisorRecord" time="48.527" classname="com.tetherfi.test.tmac.AgentSettingsDeleteTest"/>
  <testcase name="ApproveforDeleteAgentSettingsSupervisorRecord" time="43.086" classname="com.tetherfi.test.tmac.AgentSettingsDeleteTest"/>
  <testcase name="VerifyAuditTrailReportForSupervisorApprove" time="64.152" classname="com.tetherfi.test.tmac.AgentSettingsDeleteTest"/>
</testsuite> <!-- com.tetherfi.test.tmac.AgentSettingsDeleteTest -->
