<?xml version="1.0" encoding="UTF-8"?>
<!-- Generated by org.testng.reporters.JUnitReportReporter -->
<testsuite hostname="admin" failures="0" tests="5" name="com.tetherfi.test.AgentSkillAssignmentTest" time="46.692" errors="0" timestamp="18 Mar 2019 05:26:29 GMT" skipped="0">
  <testcase classname="com.tetherfi.test.AgentSkillAssignmentTest" name="VerifyTotalNumberOfItemsPerPageDetails" time="3.824"/>
  <testcase classname="com.tetherfi.test.AgentSkillAssignmentTest" name="VerifyNumberOfItemsPerPageSelection" time="10.654"/>
  <testcase classname="com.tetherfi.test.AgentSkillAssignmentTest" name="VerifyDropdownForAllTheColumns" time="13.272"/>
  <testcase classname="com.tetherfi.test.AgentSkillAssignmentTest" name="VerifyColumnsHeaderEnable" time="8.888"/>
  <testcase classname="com.tetherfi.test.AgentSkillAssignmentTest" name="VerifyColumnsHeaderDisable" time="10.054"/>
</testsuite> <!-- com.tetherfi.test.AgentSkillAssignmentTest -->
