<?xml version="1.0" encoding="UTF-8"?>
<!-- Generated by org.testng.reporters.JUnitReportReporter -->
<testsuite hostname="admin" failures="0" tests="1" name="com.tetherfi.test.ivr.IntroMessageAnnouncementCreateTest" time="71.806" errors="0" timestamp="17 Jun 2019 08:02:29 GMT" skipped="0">
  <testcase classname="com.tetherfi.test.ivr.IntroMessageAnnouncementCreateTest" name="VerifyRecordAfterRejection" time="71.806"/>
</testsuite> <!-- com.tetherfi.test.ivr.IntroMessageAnnouncementCreateTest -->
