<?xml version="1.0" encoding="UTF-8"?>
<!-- Generated by org.testng.reporters.JUnitReportReporter -->
<testsuite hostname="DESKTOP-O6A5C2O" failures="0" tests="8" name="com.tetherfi.test.ivr.BranchManagementEditTest" time="441.368" errors="0" timestamp="2020-04-06T16:10:41 IST" skipped="0">
  <testcase classname="com.tetherfi.test.ivr.BranchManagementEditTest" name="VerifyAuditTrailReportForReject" time="71.133"/>
  <testcase classname="com.tetherfi.test.ivr.BranchManagementEditTest" name="EditBranchManagementRecord" time="47.267"/>
  <testcase classname="com.tetherfi.test.ivr.BranchManagementEditTest" name="VerifyAuditTrailDataForEditBranchManagementRecord" time="36.324"/>
  <testcase classname="com.tetherfi.test.ivr.BranchManagementEditTest" name="VerifyAuditTrialReportForUpdate" time="64.214"/>
  <testcase classname="com.tetherfi.test.ivr.BranchManagementEditTest" name="VerifySendForApprovalForRejectRecord" time="46.225"/>
  <testcase classname="com.tetherfi.test.ivr.BranchManagementEditTest" name="VerifyAuditTrialReportForSendForApprovalUpdate" time="65.950"/>
  <testcase classname="com.tetherfi.test.ivr.BranchManagementEditTest" name="ApproveforEditBranchManagementRecord" time="46.871"/>
  <testcase classname="com.tetherfi.test.ivr.BranchManagementEditTest" name="VerifyAuditTrailReportForApprove" time="63.384"/>
</testsuite> <!-- com.tetherfi.test.ivr.BranchManagementEditTest -->
