<?xml version="1.0" encoding="UTF-8"?>
<!-- Generated by org.testng.reporters.JUnitReportReporter -->
<testsuite hostname="admin" failures="0" tests="3" name="com.tetherfi.test.tmac.TmacBroadCastMsgE2E" time="114.563" errors="0" timestamp="01 Feb 2019 06:21:10 GMT" skipped="0">
  <testcase classname="com.tetherfi.test.tmac.TmacBroadCastMsgE2E" name="addTmacBroadcastMessage" time="34.809"/>
  <testcase classname="com.tetherfi.test.tmac.TmacBroadCastMsgE2E" name="editTmacBroadcastMessage" time="39.392"/>
  <testcase classname="com.tetherfi.test.tmac.TmacBroadCastMsgE2E" name="disabledStatus" time="40.362"/>
</testsuite> <!-- com.tetherfi.test.tmac.TmacBroadCastMsgE2E -->
