<?xml version="1.0" encoding="UTF-8"?>
<!-- Generated by org.testng.reporters.JUnitReportReporter -->
<testsuite skipped="15" hostname="TTF-BLR-SANTOSHKOUJALAGI" name="com.tetherfi.test.tmac.AgentTemplateTest" tests="112" failures="0" timestamp="2021-08-03T15:29:33 IST" time="1388.408" errors="0">
  <testcase name="VerifyAgentTemplatePageTemplateTab" time="11.652" classname="com.tetherfi.test.tmac.AgentTemplateTest"/>
  <testcase name="ExportToExcelButton" time="11.694" classname="com.tetherfi.test.tmac.AgentTemplateTest"/>
  <testcase name="verifyExportToExcelWithoutData" time="14.654" classname="com.tetherfi.test.tmac.AgentTemplateTest"/>
  <testcase name="verifyGroupBy" time="13.694" classname="com.tetherfi.test.tmac.AgentTemplateTest"/>
  <testcase name="verifyArrowMoveForPreviousAndNextPage" time="11.087" classname="com.tetherfi.test.tmac.AgentTemplateTest"/>
  <testcase name="verifyArrowMoveForFirstAndLastPage" time="10.690" classname="com.tetherfi.test.tmac.AgentTemplateTest"/>
  <testcase name="verifyTotalNumberOfItemsPerPageDetails" time="8.343" classname="com.tetherfi.test.tmac.AgentTemplateTest"/>
  <testcase name="verifyNumberOfItemsPerPageSelection" time="22.111" classname="com.tetherfi.test.tmac.AgentTemplateTest"/>
  <testcase name="searchPage" time="15.146" classname="com.tetherfi.test.tmac.AgentTemplateTest"/>
  <testcase name="searchwithoutSearchTextbox" time="13.188" classname="com.tetherfi.test.tmac.AgentTemplateTest"/>
  <testcase name="SearchClearSearch" time="14.075" classname="com.tetherfi.test.tmac.AgentTemplateTest"/>
  <testcase name="SearchIsNotEqualTo" time="22.468" classname="com.tetherfi.test.tmac.AgentTemplateTest"/>
  <testcase name="SearchContains" time="16.395" classname="com.tetherfi.test.tmac.AgentTemplateTest"/>
  <testcase name="SearchDoesNotContains" time="19.852" classname="com.tetherfi.test.tmac.AgentTemplateTest"/>
  <testcase name="SearchStartsWith" time="17.269" classname="com.tetherfi.test.tmac.AgentTemplateTest"/>
  <testcase name="SearchEndsWith" time="14.317" classname="com.tetherfi.test.tmac.AgentTemplateTest"/>
  <testcase name="ExportToExcelButtonInTemplateScreenTab" time="11.985" classname="com.tetherfi.test.tmac.AgentTemplateTest"/>
  <testcase name="verifyExportedDataInTemplateScreenTab" time="10.584" classname="com.tetherfi.test.tmac.AgentTemplateTest"/>
  <testcase name="verifyExportToExcelWithoutDataInTemplateScreenTab" time="15.276" classname="com.tetherfi.test.tmac.AgentTemplateTest"/>
  <testcase name="verifySortByAscendingInTemplateScreenTab" time="14.399" classname="com.tetherfi.test.tmac.AgentTemplateTest"/>
  <testcase name="verifySortByDescendingInTemplateScreenTab" time="14.509" classname="com.tetherfi.test.tmac.AgentTemplateTest"/>
  <testcase name="verifyGroupByInTemplateScreenTab" time="13.914" classname="com.tetherfi.test.tmac.AgentTemplateTest"/>
  <testcase name="verifyArrowMoveForPreviousAndNextPageInTemplateScreenTab" time="12.296" classname="com.tetherfi.test.tmac.AgentTemplateTest"/>
  <testcase name="verifyArrowMoveForFirstAndLastPageInTemplateScreenTab" time="12.263" classname="com.tetherfi.test.tmac.AgentTemplateTest"/>
  <testcase name="verifyTotalNumberOfItemsPerPageDetailsInTemplateScreenTab" time="10.291" classname="com.tetherfi.test.tmac.AgentTemplateTest"/>
  <testcase name="verifyNumberOfItemsPerPageSelectionInTemplateScreenTab" time="19.347" classname="com.tetherfi.test.tmac.AgentTemplateTest"/>
  <testcase name="searchPageTemplateScreenTab" time="15.732" classname="com.tetherfi.test.tmac.AgentTemplateTest"/>
  <testcase name="searchwithoutSearchTextboxTemplateScreenTab" time="13.652" classname="com.tetherfi.test.tmac.AgentTemplateTest"/>
  <testcase name="SearchClearSearchTemplateScreenTab" time="14.617" classname="com.tetherfi.test.tmac.AgentTemplateTest"/>
  <testcase name="SearchIsNotEqualToTemplateScreenTab" time="16.895" classname="com.tetherfi.test.tmac.AgentTemplateTest"/>
  <testcase name="SearchContainsTemplateScreenTab" time="15.673" classname="com.tetherfi.test.tmac.AgentTemplateTest"/>
  <testcase name="SearchDoesNotContainsTemplateScreenTab" time="17.492" classname="com.tetherfi.test.tmac.AgentTemplateTest"/>
  <testcase name="SearchStartsWithTemplateScreenTab" time="14.745" classname="com.tetherfi.test.tmac.AgentTemplateTest"/>
  <testcase name="SearchEndsWithTemplateScreenTab" time="14.796" classname="com.tetherfi.test.tmac.AgentTemplateTest"/>
  <testcase name="ExportToExcelButtonInTemplateScreenWidgetsTab" time="12.536" classname="com.tetherfi.test.tmac.AgentTemplateTest"/>
  <testcase name="verifyExportedDataInTemplateScreenWidgetsTab" time="14.300" classname="com.tetherfi.test.tmac.AgentTemplateTest"/>
  <testcase name="verifyExportToExcelWithoutDataInTemplateScreenWidgetsTab" time="15.001" classname="com.tetherfi.test.tmac.AgentTemplateTest"/>
  <testcase name="verifySortByAscendingInTemplateWidgetsScreenTab" time="16.089" classname="com.tetherfi.test.tmac.AgentTemplateTest"/>
  <testcase name="verifySortByDescendingInTemplateWidgetsScreenTab" time="16.591" classname="com.tetherfi.test.tmac.AgentTemplateTest"/>
  <testcase name="verifyGroupByInTemplateWidgetsScreenTab" time="11.919" classname="com.tetherfi.test.tmac.AgentTemplateTest"/>
  <testcase name="verifyArrowMoveForPreviousAndNextPageInTemplateWidgetsScreenTTab" time="11.745" classname="com.tetherfi.test.tmac.AgentTemplateTest"/>
  <testcase name="verifyArrowMoveForFirstAndLastPageInTemplateWidgetsScreenTTab" time="12.132" classname="com.tetherfi.test.tmac.AgentTemplateTest"/>
  <testcase name="verifyTotalNumberOfItemsPerPageDetailsInTemplateWidgetsScreenTTab" time="9.024" classname="com.tetherfi.test.tmac.AgentTemplateTest"/>
  <testcase name="verifyNumberOfItemsPerPageSelectionInTemplateWidgetsScreenTab" time="18.670" classname="com.tetherfi.test.tmac.AgentTemplateTest"/>
  <testcase name="searchPageTemplateWidgetsScreenTab" time="16.150" classname="com.tetherfi.test.tmac.AgentTemplateTest"/>
  <testcase name="searchwithoutSearchTextboxTemplateScreenWidgetsTab" time="13.940" classname="com.tetherfi.test.tmac.AgentTemplateTest"/>
  <testcase name="SearchClearSearchTemplateScreenWidgetsTab" time="15.936" classname="com.tetherfi.test.tmac.AgentTemplateTest"/>
  <testcase name="SearchIsNotEqualToInTemplateScreenWidgetsTab" time="18.299" classname="com.tetherfi.test.tmac.AgentTemplateTest"/>
  <testcase name="SearchContainsInTemplateScreenWidgetsTab" time="14.861" classname="com.tetherfi.test.tmac.AgentTemplateTest"/>
  <testcase name="SearchDoesNotContainsInTemplateScreenWidgetsTab" time="17.928" classname="com.tetherfi.test.tmac.AgentTemplateTest"/>
  <testcase name="SearchStartsWithInTemplateScreenWidgetsTab" time="15.066" classname="com.tetherfi.test.tmac.AgentTemplateTest"/>
  <testcase name="SearchEndsWithInTemplateScreenWidgetsTab" time="15.253" classname="com.tetherfi.test.tmac.AgentTemplateTest"/>
  <testcase name="ExportToExcelButtonInTemplateAuxCodesTab" time="12.256" classname="com.tetherfi.test.tmac.AgentTemplateTest"/>
  <testcase name="verifyExportToExcelWithoutDataInTemplateAuxCodesTab" time="15.333" classname="com.tetherfi.test.tmac.AgentTemplateTest"/>
  <testcase name="verifyGroupByInTemplateAuxCodesTab" time="12.002" classname="com.tetherfi.test.tmac.AgentTemplateTest"/>
  <testcase name="verifyArrowMoveForPreviousAndNextPageInTemplateAuxCodesTab" time="11.961" classname="com.tetherfi.test.tmac.AgentTemplateTest"/>
  <testcase name="verifyArrowMoveForFirstAndLastPageInTemplateAuxCodesTab" time="12.423" classname="com.tetherfi.test.tmac.AgentTemplateTest"/>
  <testcase name="verifyTotalNumberOfItemsPerPageDetailsInTemplateAuxCodesTab" time="9.252" classname="com.tetherfi.test.tmac.AgentTemplateTest"/>
  <testcase name="verifyNumberOfItemsPerPageSelectionInTemplateAuxCodesTab" time="18.805" classname="com.tetherfi.test.tmac.AgentTemplateTest"/>
  <testcase name="searchPageTemplateAuxCodesTab" time="15.276" classname="com.tetherfi.test.tmac.AgentTemplateTest"/>
  <testcase name="searchwithoutSearchTextboxTemplateAuxCodesTab" time="13.784" classname="com.tetherfi.test.tmac.AgentTemplateTest"/>
  <testcase name="SearchClearSearchTemplateAuxCodesTab" time="14.419" classname="com.tetherfi.test.tmac.AgentTemplateTest"/>
  <testcase name="SearchIsNotEqualToTemplateAuxCodesTab" time="15.865" classname="com.tetherfi.test.tmac.AgentTemplateTest"/>
  <testcase name="SearchContainsTemplateAuxCodesab" time="14.188" classname="com.tetherfi.test.tmac.AgentTemplateTest"/>
  <testcase name="SearchDoesNotContainsTemplateAuxCodesTab" time="14.655" classname="com.tetherfi.test.tmac.AgentTemplateTest"/>
  <testcase name="SearchStartsWithTemplateAuxCodesTab" time="14.019" classname="com.tetherfi.test.tmac.AgentTemplateTest"/>
  <testcase name="SearchEndsWithTemplateAuxCodesTab" time="14.235" classname="com.tetherfi.test.tmac.AgentTemplateTest"/>
  <testcase name="ExportToExcelButtonInTemplateOpHoursTab" time="11.543" classname="com.tetherfi.test.tmac.AgentTemplateTest"/>
  <testcase name="verifyExportToExcelWithoutDataInTemplateOpHoursTab" time="13.974" classname="com.tetherfi.test.tmac.AgentTemplateTest"/>
  <testcase name="verifyGroupByInTemplateOpHoursTab" time="12.163" classname="com.tetherfi.test.tmac.AgentTemplateTest"/>
  <testcase name="verifyArrowMoveForPreviousAndNextPageInTemplateOpHoursTab" time="13.020" classname="com.tetherfi.test.tmac.AgentTemplateTest"/>
  <testcase name="verifyArrowMoveForFirstAndLastPageInTemplateOpHoursTab" time="12.873" classname="com.tetherfi.test.tmac.AgentTemplateTest"/>
  <testcase name="verifyTotalNumberOfItemsPerPageDetailsInTemplateOpHoursTab" time="10.450" classname="com.tetherfi.test.tmac.AgentTemplateTest"/>
  <testcase name="verifyNumberOfItemsPerPageSelectionInTemplateOpHoursTab" time="20.228" classname="com.tetherfi.test.tmac.AgentTemplateTest"/>
  <testcase name="searchPageTemplateOpHoursTab" time="15.915" classname="com.tetherfi.test.tmac.AgentTemplateTest"/>
  <testcase name="searchwithoutSearchTextboxTemplateOpHoursTab" time="13.941" classname="com.tetherfi.test.tmac.AgentTemplateTest"/>
  <testcase name="SearchClearSearchTemplateOpHoursTab" time="14.023" classname="com.tetherfi.test.tmac.AgentTemplateTest"/>
  <testcase name="SearchIsNotEqualToTemplateOpHoursTab" time="19.185" classname="com.tetherfi.test.tmac.AgentTemplateTest"/>
  <testcase name="SearchContainsTemplateOpHoursTab" time="15.368" classname="com.tetherfi.test.tmac.AgentTemplateTest"/>
  <testcase name="SearchDoesNotContainsTemplateOpHoursTab" time="16.933" classname="com.tetherfi.test.tmac.AgentTemplateTest"/>
  <testcase name="SearchStartsWithTemplateOpHoursTab" time="14.115" classname="com.tetherfi.test.tmac.AgentTemplateTest"/>
  <testcase name="SearchEndsWithTemplateOpHoursTab" time="14.344" classname="com.tetherfi.test.tmac.AgentTemplateTest"/>
  <testcase name="ExportToExcelButtonInTemplateFeaturesTab" time="11.841" classname="com.tetherfi.test.tmac.AgentTemplateTest"/>
  <testcase name="verifyExportToExcelWithoutDataInTemplateFeaturesTab" time="15.023" classname="com.tetherfi.test.tmac.AgentTemplateTest"/>
  <testcase name="verifyGroupByInTemplateFeaturesTab" time="12.318" classname="com.tetherfi.test.tmac.AgentTemplateTest"/>
  <testcase name="verifyArrowMoveForPreviousAndNextPageInTemplateFeaturesTab" time="9.452" classname="com.tetherfi.test.tmac.AgentTemplateTest"/>
  <testcase name="verifyArrowMoveForFirstAndLastPageInTemplateFeaturesTab" time="9.045" classname="com.tetherfi.test.tmac.AgentTemplateTest"/>
  <testcase name="verifyTotalNumberOfItemsPerPageDetailsInTemplateFeaturesTab" time="9.563" classname="com.tetherfi.test.tmac.AgentTemplateTest"/>
  <testcase name="verifyNumberOfItemsPerPageSelectionInTemplateFeaturesTab" time="15.850" classname="com.tetherfi.test.tmac.AgentTemplateTest"/>
  <testcase name="searchPageTemplateFeaturesTab" time="15.692" classname="com.tetherfi.test.tmac.AgentTemplateTest"/>
  <testcase name="searchwithoutSearchTextboxTemplateFeaturesTab" time="13.797" classname="com.tetherfi.test.tmac.AgentTemplateTest"/>
  <testcase name="SearchClearSearchTemplateFeaturesTab" time="14.631" classname="com.tetherfi.test.tmac.AgentTemplateTest"/>
  <testcase name="SearchIsNotEqualToTemplateFeaturesTab" time="15.249" classname="com.tetherfi.test.tmac.AgentTemplateTest"/>
  <testcase name="SearchContainsTemplateFeaturesTab" time="14.808" classname="com.tetherfi.test.tmac.AgentTemplateTest"/>
  <testcase name="SearchDoesNotContainsTemplateFeaturesTab" time="15.027" classname="com.tetherfi.test.tmac.AgentTemplateTest"/>
  <testcase name="SearchStartsWithTemplateFeaturesTab" time="14.293" classname="com.tetherfi.test.tmac.AgentTemplateTest"/>
  <testcase name="SearchEndsWithTemplateFeaturesTab" time="14.730" classname="com.tetherfi.test.tmac.AgentTemplateTest"/>
  <testcase name="verifyExportedDataInTemplateOpHoursTab" classname="com.tetherfi.test.tmac.AgentTemplateTest">
    <skipped/>
  </testcase> <!-- verifyExportedDataInTemplateOpHoursTab -->
  <testcase name="verifyExportedDataInTemplateFeaturesTab" classname="com.tetherfi.test.tmac.AgentTemplateTest">
    <skipped/>
  </testcase> <!-- verifyExportedDataInTemplateFeaturesTab -->
  <testcase name="verifySortByDescending" classname="com.tetherfi.test.tmac.AgentTemplateTest">
    <skipped/>
  </testcase> <!-- verifySortByDescending -->
  <testcase name="VerifyColumnsHeaderDisable" classname="com.tetherfi.test.tmac.AgentTemplateTest">
    <skipped/>
  </testcase> <!-- VerifyColumnsHeaderDisable -->
  <testcase name="verifyDropDownForAllTheColumns" classname="com.tetherfi.test.tmac.AgentTemplateTest">
    <skipped/>
  </testcase> <!-- verifyDropDownForAllTheColumns -->
  <testcase name="verifySortByDescendingInTemplateFeaturesTab" classname="com.tetherfi.test.tmac.AgentTemplateTest">
    <skipped/>
  </testcase> <!-- verifySortByDescendingInTemplateFeaturesTab -->
  <testcase name="verifySortByAscendingInTemplateOpHoursTab" classname="com.tetherfi.test.tmac.AgentTemplateTest">
    <skipped/>
  </testcase> <!-- verifySortByAscendingInTemplateOpHoursTab -->
  <testcase name="verifySortByAscendingInTemplateFeaturesTab" classname="com.tetherfi.test.tmac.AgentTemplateTest">
    <skipped/>
  </testcase> <!-- verifySortByAscendingInTemplateFeaturesTab -->
  <testcase name="verifyExportedData" classname="com.tetherfi.test.tmac.AgentTemplateTest">
    <skipped/>
  </testcase> <!-- verifyExportedData -->
  <testcase name="verifySortByDescendingInTemplateOpHoursTab" classname="com.tetherfi.test.tmac.AgentTemplateTest">
    <skipped/>
  </testcase> <!-- verifySortByDescendingInTemplateOpHoursTab -->
  <testcase name="verifyExportedDataInTemplateAuxCodesTab" classname="com.tetherfi.test.tmac.AgentTemplateTest">
    <skipped/>
  </testcase> <!-- verifyExportedDataInTemplateAuxCodesTab -->
  <testcase name="verifySortByAscendingInTemplateAuxCodesTab" classname="com.tetherfi.test.tmac.AgentTemplateTest">
    <skipped/>
  </testcase> <!-- verifySortByAscendingInTemplateAuxCodesTab -->
  <testcase name="verifySortByAscending" classname="com.tetherfi.test.tmac.AgentTemplateTest">
    <skipped/>
  </testcase> <!-- verifySortByAscending -->
  <testcase name="verifySortByDescendingInTemplateAuxCodesTab" classname="com.tetherfi.test.tmac.AgentTemplateTest">
    <skipped/>
  </testcase> <!-- verifySortByDescendingInTemplateAuxCodesTab -->
  <testcase name="VerifyColumnsHeaderEnable" classname="com.tetherfi.test.tmac.AgentTemplateTest">
    <skipped/>
  </testcase> <!-- VerifyColumnsHeaderEnable -->
</testsuite> <!-- com.tetherfi.test.tmac.AgentTemplateTest -->
