<?xml version="1.0" encoding="UTF-8"?>
<!-- Generated by org.testng.reporters.JUnitReportReporter -->
<testsuite skipped="0" hostname="TTF-BLR-SANTOSHKOUJALAGI" name="com.tetherfi.test.fax.FaxAutoACKConfigurationTest" tests="2" failures="0" timestamp="2021-08-04T18:07:04 IST" time="50.007" errors="0">
  <testcase name="database" time="9.536" classname="com.tetherfi.test.fax.FaxAutoACKConfigurationTest"/>
  <testcase name="VerifyAuditTrialReportForDelete" time="40.471" classname="com.tetherfi.test.fax.FaxAutoACKConfigurationTest"/>
</testsuite> <!-- com.tetherfi.test.fax.FaxAutoACKConfigurationTest -->
