<?xml version="1.0" encoding="UTF-8"?>
<!-- Generated by org.testng.reporters.JUnitReportReporter -->
<testsuite skipped="0" hostname="DESKTOP-NJVBPFB" name="com.tetherfi.test.reports.OCMAnalysisCountReportTest" tests="2" failures="0" timestamp="2021-06-07T17:59:33 IST" time="93.538" errors="0">
  <testcase name="verifyAdvancedSearchORCriteria" time="51.868" classname="com.tetherfi.test.reports.OCMAnalysisCountReportTest"/>
  <testcase name="verifyAdvancedSearchANDCriteria" time="41.670" classname="com.tetherfi.test.reports.OCMAnalysisCountReportTest"/>
</testsuite> <!-- com.tetherfi.test.reports.OCMAnalysisCountReportTest -->
