<?xml version="1.0" encoding="UTF-8"?>
<!-- Generated by org.testng.reporters.JUnitReportReporter -->
<testsuite hostname="admin" failures="0" tests="1" name="com.tetherfi.test.ivr.HolidayListTest" time="5.474" errors="0" timestamp="11 Mar 2019 05:15:59 GMT" skipped="0">
  <testcase classname="com.tetherfi.test.ivr.HolidayListTest" name="HolidayListPage" time="5.474"/>
</testsuite> <!-- com.tetherfi.test.ivr.HolidayListTest -->
