<?xml version="1.0" encoding="UTF-8"?>
<!-- Generated by org.testng.reporters.JUnitReportReporter -->
<testsuite hostname="DESKTOP-O6A5C2O" failures="0" tests="1" name="com.tetherfi.test.ivr.AgentTransferTest" time="9.709" errors="0" timestamp="2019-10-21T16:43:39 IST" skipped="0">
  <testcase classname="com.tetherfi.test.ivr.AgentTransferTest" name="ExporttoExcelWithoutData" time="9.709"/>
</testsuite> <!-- com.tetherfi.test.ivr.AgentTransferTest -->
