<?xml version="1.0" encoding="UTF-8"?>
<!-- Generated by org.testng.reporters.JUnitReportReporter -->
<testsuite hostname="admin" failures="0" tests="65" name="com.tetherfi.test.reports.AgentHistoricalReportTest" time="35.271" errors="1" timestamp="2020-05-21T18:05:29 IST" skipped="64">
  <testcase classname="com.tetherfi.test.reports.AgentHistoricalReportTest" name="openApplication" time="35.271">
    <error message="chrome not reachable
  (Session info: chrome=81.0.4044.138)
Build info: version: &#039;3.141.59&#039;, revision: &#039;e82be7d358&#039;, time: &#039;2018-11-14T08:17:03&#039;
System info: host: &#039;ADMIN&#039;, ip: &#039;192.168.1.4&#039;, os.name: &#039;Windows 8.1&#039;, os.arch: &#039;amd64&#039;, os.version: &#039;6.3&#039;, java.version: &#039;9.0.4&#039;
Driver info: org.openqa.selenium.chrome.ChromeDriver
Capabilities {acceptInsecureCerts: false, browserName: chrome, browserVersion: 81.0.4044.138, chrome: {chromedriverVersion: 80.0.3987.106 (f68069574609..., userDataDir: C:\Users\ADMINP~1\AppData\L...}, goog:chromeOptions: {debuggerAddress: localhost:51203}, javascriptEnabled: true, networkConnectionEnabled: false, pageLoadStrategy: normal, platform: WINDOWS, platformName: WINDOWS, proxy: Proxy(), setWindowRect: true, strictFileInteractability: false, timeouts: {implicit: 0, pageLoad: 300000, script: 30000}, unhandledPromptBehavior: dismiss and notify}
Session ID: 7e658e6a8e053f0fdfb790d58c6e15eb" type="org.openqa.selenium.WebDriverException">
      <![CDATA[org.openqa.selenium.WebDriverException: chrome not reachable
  (Session info: chrome=81.0.4044.138)
Build info: version: '3.141.59', revision: 'e82be7d358', time: '2018-11-14T08:17:03'
System info: host: 'ADMIN', ip: '192.168.1.4', os.name: 'Windows 8.1', os.arch: 'amd64', os.version: '6.3', java.version: '9.0.4'
Driver info: org.openqa.selenium.chrome.ChromeDriver
Capabilities {acceptInsecureCerts: false, browserName: chrome, browserVersion: 81.0.4044.138, chrome: {chromedriverVersion: 80.0.3987.106 (f68069574609..., userDataDir: C:\Users\ADMINP~1\AppData\L...}, goog:chromeOptions: {debuggerAddress: localhost:51203}, javascriptEnabled: true, networkConnectionEnabled: false, pageLoadStrategy: normal, platform: WINDOWS, platformName: WINDOWS, proxy: Proxy(), setWindowRect: true, strictFileInteractability: false, timeouts: {implicit: 0, pageLoad: 300000, script: 30000}, unhandledPromptBehavior: dismiss and notify}
Session ID: 7e658e6a8e053f0fdfb790d58c6e15eb
at java.base/jdk.internal.reflect.NativeConstructorAccessorImpl.newInstance0(Native Method)
at java.base/jdk.internal.reflect.NativeConstructorAccessorImpl.newInstance(Unknown Source)
at java.base/jdk.internal.reflect.DelegatingConstructorAccessorImpl.newInstance(Unknown Source)
at java.base/java.lang.reflect.Constructor.newInstance(Unknown Source)
at org.openqa.selenium.remote.http.W3CHttpResponseCodec.createException(W3CHttpResponseCodec.java:187)
at org.openqa.selenium.remote.http.W3CHttpResponseCodec.decode(W3CHttpResponseCodec.java:122)
at org.openqa.selenium.remote.http.W3CHttpResponseCodec.decode(W3CHttpResponseCodec.java:49)
at org.openqa.selenium.remote.HttpCommandExecutor.execute(HttpCommandExecutor.java:158)
at org.openqa.selenium.remote.service.DriverCommandExecutor.execute(DriverCommandExecutor.java:83)
at org.openqa.selenium.remote.RemoteWebDriver.execute(RemoteWebDriver.java:552)
at org.openqa.selenium.remote.RemoteWebDriver.execute(RemoteWebDriver.java:609)
at org.openqa.selenium.remote.RemoteWebDriver.close(RemoteWebDriver.java:442)
at com.tetherfi.test.BaseTest.openApplication(BaseTest.java:42)
at java.base/jdk.internal.reflect.NativeMethodAccessorImpl.invoke0(Native Method)
at java.base/jdk.internal.reflect.NativeMethodAccessorImpl.invoke(Unknown Source)
at java.base/jdk.internal.reflect.DelegatingMethodAccessorImpl.invoke(Unknown Source)
at java.base/java.lang.reflect.Method.invoke(Unknown Source)
at org.testng.internal.MethodInvocationHelper.invokeMethod(MethodInvocationHelper.java:133)
at org.testng.internal.MethodInvocationHelper.invokeMethodConsideringTimeout(MethodInvocationHelper.java:62)
at org.testng.internal.ConfigInvoker.invokeConfigurationMethod(ConfigInvoker.java:340)
at org.testng.internal.ConfigInvoker.invokeConfigurations(ConfigInvoker.java:294)
at org.testng.internal.TestMethodWorker.invokeBeforeClassMethods(TestMethodWorker.java:176)
at org.testng.internal.TestMethodWorker.run(TestMethodWorker.java:122)
at java.base/java.util.ArrayList.forEach(Unknown Source)
at org.testng.TestRunner.privateRun(TestRunner.java:770)
at org.testng.TestRunner.run(TestRunner.java:591)
at org.testng.SuiteRunner.runTest(SuiteRunner.java:402)
at org.testng.SuiteRunner.runSequentially(SuiteRunner.java:396)
at org.testng.SuiteRunner.privateRun(SuiteRunner.java:355)
at org.testng.SuiteRunner.run(SuiteRunner.java:304)
at org.testng.SuiteRunnerWorker.runSuite(SuiteRunnerWorker.java:53)
at org.testng.SuiteRunnerWorker.run(SuiteRunnerWorker.java:96)
at org.testng.TestNG.runSuitesSequentially(TestNG.java:1180)
at org.testng.TestNG.runSuitesLocally(TestNG.java:1102)
at org.testng.TestNG.runSuites(TestNG.java:1032)
at org.testng.TestNG.run(TestNG.java:1000)
at org.testng.remote.AbstractRemoteTestNG.run(AbstractRemoteTestNG.java:115)
at org.testng.remote.RemoteTestNG.initAndRun(RemoteTestNG.java:251)
at org.testng.remote.RemoteTestNG.main(RemoteTestNG.java:77)
]]>
    </error>
  </testcase> <!-- openApplication -->
  <testcase classname="com.tetherfi.test.reports.AgentHistoricalReportTest" name="ShowOCMAgentHistoricalReport" time="0.000">
    <skipped/>
  </testcase> <!-- ShowOCMAgentHistoricalReport -->
  <testcase classname="com.tetherfi.test.reports.AgentHistoricalReportTest" name="ShowOcmAgentHistoricalReportInNewTab" time="0.000">
    <skipped/>
  </testcase> <!-- ShowOcmAgentHistoricalReportInNewTab -->
  <testcase classname="com.tetherfi.test.reports.AgentHistoricalReportTest" name="ScheduleOCMAgentHistoricalReport" time="0.000">
    <skipped/>
  </testcase> <!-- ScheduleOCMAgentHistoricalReport -->
  <testcase classname="com.tetherfi.test.reports.AgentHistoricalReportTest" name="ExportOcmAgentHistoricalReport" time="0.000">
    <skipped/>
  </testcase> <!-- ExportOcmAgentHistoricalReport -->
  <testcase classname="com.tetherfi.test.reports.AgentHistoricalReportTest" name="ViewDownloadedOcmAgentHistoricalReportInReportsDownloadPage" time="0.000">
    <skipped/>
  </testcase> <!-- ViewDownloadedOcmAgentHistoricalReportInReportsDownloadPage -->
  <testcase classname="com.tetherfi.test.reports.AgentHistoricalReportTest" name="VerifyViewDownloadedOcmAgentHistoricalReportInReportsDownloadPage" time="0.000">
    <skipped/>
  </testcase> <!-- VerifyViewDownloadedOcmAgentHistoricalReportInReportsDownloadPage -->
  <testcase classname="com.tetherfi.test.reports.AgentHistoricalReportTest" name="ShowOcmAgentHistoricalReportForDateRange" time="0.000">
    <skipped/>
  </testcase> <!-- ShowOcmAgentHistoricalReportForDateRange -->
  <testcase classname="com.tetherfi.test.reports.AgentHistoricalReportTest" name="ShowOcmAgentHistoricalReportInNewTabDateRange" time="0.000">
    <skipped/>
  </testcase> <!-- ShowOcmAgentHistoricalReportInNewTabDateRange -->
  <testcase classname="com.tetherfi.test.reports.AgentHistoricalReportTest" name="ScheduleOcmAgentHistoricalReportforDateRange" time="0.000">
    <skipped/>
  </testcase> <!-- ScheduleOcmAgentHistoricalReportforDateRange -->
  <testcase classname="com.tetherfi.test.reports.AgentHistoricalReportTest" name="ExportOcmAgentHistoricalReportDateRange" time="0.000">
    <skipped/>
  </testcase> <!-- ExportOcmAgentHistoricalReportDateRange -->
  <testcase classname="com.tetherfi.test.reports.AgentHistoricalReportTest" name="ViewDownloadedOcmAgentHistoricalReportInReportsDownloadPageDateRange" time="0.000">
    <skipped/>
  </testcase> <!-- ViewDownloadedOcmAgentHistoricalReportInReportsDownloadPageDateRange -->
  <testcase classname="com.tetherfi.test.reports.AgentHistoricalReportTest" name="VerifyViewDownloadedOcmAgentHistoricalReportInReportsDownloadDateRangePage" time="0.000">
    <skipped/>
  </testcase> <!-- VerifyViewDownloadedOcmAgentHistoricalReportInReportsDownloadDateRangePage -->
  <testcase classname="com.tetherfi.test.reports.AgentHistoricalReportTest" name="ClearAll" time="0.000">
    <skipped/>
  </testcase> <!-- ClearAll -->
  <testcase classname="com.tetherfi.test.reports.AgentHistoricalReportTest" name="OCMWindow" time="0.000">
    <skipped/>
  </testcase> <!-- OCMWindow -->
  <testcase classname="com.tetherfi.test.reports.AgentHistoricalReportTest" name="VerifyDropdownForAllTheColumns" time="0.000">
    <skipped/>
  </testcase> <!-- VerifyDropdownForAllTheColumns -->
  <testcase classname="com.tetherfi.test.reports.AgentHistoricalReportTest" name="VerifyColumnsHeaderEnable" time="0.000">
    <skipped/>
  </testcase> <!-- VerifyColumnsHeaderEnable -->
  <testcase classname="com.tetherfi.test.reports.AgentHistoricalReportTest" name="VerifyColumnsHeaderDisable" time="0.000">
    <skipped/>
  </testcase> <!-- VerifyColumnsHeaderDisable -->
  <testcase classname="com.tetherfi.test.reports.AgentHistoricalReportTest" name="VerifyArrowMoveForPreviousAndNextPage" time="0.000">
    <skipped/>
  </testcase> <!-- VerifyArrowMoveForPreviousAndNextPage -->
  <testcase classname="com.tetherfi.test.reports.AgentHistoricalReportTest" name="VerifyArrowMoveForFirstAndLastPage" time="0.000">
    <skipped/>
  </testcase> <!-- VerifyArrowMoveForFirstAndLastPage -->
  <testcase classname="com.tetherfi.test.reports.AgentHistoricalReportTest" name="VerifyTotalNumberOfItemsPerPageDetails" time="0.000">
    <skipped/>
  </testcase> <!-- VerifyTotalNumberOfItemsPerPageDetails -->
  <testcase classname="com.tetherfi.test.reports.AgentHistoricalReportTest" name="VerifyNumberOfItemsPerPageSelection" time="0.000">
    <skipped/>
  </testcase> <!-- VerifyNumberOfItemsPerPageSelection -->
  <testcase classname="com.tetherfi.test.reports.AgentHistoricalReportTest" name="ExportPage" time="0.000">
    <skipped/>
  </testcase> <!-- ExportPage -->
  <testcase classname="com.tetherfi.test.reports.AgentHistoricalReportTest" name="VerifyExportedPage" time="0.000">
    <skipped/>
  </testcase> <!-- VerifyExportedPage -->
  <testcase classname="com.tetherfi.test.reports.AgentHistoricalReportTest" name="SortingByAscending" time="0.000">
    <skipped/>
  </testcase> <!-- SortingByAscending -->
  <testcase classname="com.tetherfi.test.reports.AgentHistoricalReportTest" name="SortingByDescending" time="0.000">
    <skipped/>
  </testcase> <!-- SortingByDescending -->
  <testcase classname="com.tetherfi.test.reports.AgentHistoricalReportTest" name="SchedulereportinagentHistoricalPage" time="0.000">
    <skipped/>
  </testcase> <!-- SchedulereportinagentHistoricalPage -->
  <testcase classname="com.tetherfi.test.reports.AgentHistoricalReportTest" name="ExportToExcelForAgentHistoricalReport" time="0.000">
    <skipped/>
  </testcase> <!-- ExportToExcelForAgentHistoricalReport -->
  <testcase classname="com.tetherfi.test.reports.AgentHistoricalReportTest" name="ViewDownloadedOcmAgentHistoricalReportInReportsDownloadPageinAgentHistoricalPg" time="0.000">
    <skipped/>
  </testcase> <!-- ViewDownloadedOcmAgentHistoricalReportInReportsDownloadPageinAgentHistoricalPg -->
  <testcase classname="com.tetherfi.test.reports.AgentHistoricalReportTest" name="VerifyViewDownloadedOcmAgentHistoricalReportInReportsDownload" time="0.000">
    <skipped/>
  </testcase> <!-- VerifyViewDownloadedOcmAgentHistoricalReportInReportsDownload -->
  <testcase classname="com.tetherfi.test.reports.AgentHistoricalReportTest" name="VerifySearchByFeatureForAgentHistoricalReport" time="0.000">
    <skipped/>
  </testcase> <!-- VerifySearchByFeatureForAgentHistoricalReport -->
  <testcase classname="com.tetherfi.test.reports.AgentHistoricalReportTest" name="VerifySearchEqualsToFeature" time="0.000">
    <skipped/>
  </testcase> <!-- VerifySearchEqualsToFeature -->
  <testcase classname="com.tetherfi.test.reports.AgentHistoricalReportTest" name="searchwithoutSearchTextbox" time="0.000">
    <skipped/>
  </testcase> <!-- searchwithoutSearchTextbox -->
  <testcase classname="com.tetherfi.test.reports.AgentHistoricalReportTest" name="VerifySearchIsNotEqualTo" time="0.000">
    <skipped/>
  </testcase> <!-- VerifySearchIsNotEqualTo -->
  <testcase classname="com.tetherfi.test.reports.AgentHistoricalReportTest" name="VerifySearchContains" time="0.000">
    <skipped/>
  </testcase> <!-- VerifySearchContains -->
  <testcase classname="com.tetherfi.test.reports.AgentHistoricalReportTest" name="VerifySearchDoesNotContains" time="0.000">
    <skipped/>
  </testcase> <!-- VerifySearchDoesNotContains -->
  <testcase classname="com.tetherfi.test.reports.AgentHistoricalReportTest" name="VerifySearchStartsWith" time="0.000">
    <skipped/>
  </testcase> <!-- VerifySearchStartsWith -->
  <testcase classname="com.tetherfi.test.reports.AgentHistoricalReportTest" name="VerifySearchEndsWith" time="0.000">
    <skipped/>
  </testcase> <!-- VerifySearchEndsWith -->
  <testcase classname="com.tetherfi.test.reports.AgentHistoricalReportTest" name="SearchClearSearch" time="0.000">
    <skipped/>
  </testcase> <!-- SearchClearSearch -->
  <testcase classname="com.tetherfi.test.reports.AgentHistoricalReportTest" name="verifyAdvancedSearchinreportpage" time="0.000">
    <skipped/>
  </testcase> <!-- verifyAdvancedSearchinreportpage -->
  <testcase classname="com.tetherfi.test.reports.AgentHistoricalReportTest" name="ClearfiltersAdvSrch" time="0.000">
    <skipped/>
  </testcase> <!-- ClearfiltersAdvSrch -->
  <testcase classname="com.tetherfi.test.reports.AgentHistoricalReportTest" name="GroupBy" time="0.000">
    <skipped/>
  </testcase> <!-- GroupBy -->
  <testcase classname="com.tetherfi.test.reports.AgentHistoricalReportTest" name="verifyAdvancedSearchinreportpageSearchNotEqualTo" time="0.000">
    <skipped/>
  </testcase> <!-- verifyAdvancedSearchinreportpageSearchNotEqualTo -->
  <testcase classname="com.tetherfi.test.reports.AgentHistoricalReportTest" name="verifyAdvancedSearchinreportpageSearchcontains" time="0.000">
    <skipped/>
  </testcase> <!-- verifyAdvancedSearchinreportpageSearchcontains -->
  <testcase classname="com.tetherfi.test.reports.AgentHistoricalReportTest" name="verifyAdvancedSearchinreportpageSearchDoesnotcontains" time="0.000">
    <skipped/>
  </testcase> <!-- verifyAdvancedSearchinreportpageSearchDoesnotcontains -->
  <testcase classname="com.tetherfi.test.reports.AgentHistoricalReportTest" name="verifyAdvancedSearchinreportpageSearchStartswith" time="0.000">
    <skipped/>
  </testcase> <!-- verifyAdvancedSearchinreportpageSearchStartswith -->
  <testcase classname="com.tetherfi.test.reports.AgentHistoricalReportTest" name="verifyAdvancedSearchinreportpageSearchEndswith" time="0.000">
    <skipped/>
  </testcase> <!-- verifyAdvancedSearchinreportpageSearchEndswith -->
  <testcase classname="com.tetherfi.test.reports.AgentHistoricalReportTest" name="verifyAdvancedSearchAddCriteria" time="0.000">
    <skipped/>
  </testcase> <!-- verifyAdvancedSearchAddCriteria -->
  <testcase classname="com.tetherfi.test.reports.AgentHistoricalReportTest" name="verifyAdvancedSearchORCriteria" time="0.000">
    <skipped/>
  </testcase> <!-- verifyAdvancedSearchORCriteria -->
  <testcase classname="com.tetherfi.test.reports.AgentHistoricalReportTest" name="verifySelectdateFeature" time="0.000">
    <skipped/>
  </testcase> <!-- verifySelectdateFeature -->
  <testcase classname="com.tetherfi.test.reports.AgentHistoricalReportTest" name="verifySelectIntervalFeature" time="0.000">
    <skipped/>
  </testcase> <!-- verifySelectIntervalFeature -->
  <testcase classname="com.tetherfi.test.reports.AgentHistoricalReportTest" name="VerifyArrowMoveForPreviousAndNextPageForDrillDownOne" time="0.000">
    <skipped/>
  </testcase> <!-- VerifyArrowMoveForPreviousAndNextPageForDrillDownOne -->
  <testcase classname="com.tetherfi.test.reports.AgentHistoricalReportTest" name="VerifyArrowMoveForFirstAndLastPageFoDrillDownOne" time="0.000">
    <skipped/>
  </testcase> <!-- VerifyArrowMoveForFirstAndLastPageFoDrillDownOne -->
  <testcase classname="com.tetherfi.test.reports.AgentHistoricalReportTest" name="VerifyTotalNumberOfItemsPerPageDetailsFoDrillDownOne" time="0.000">
    <skipped/>
  </testcase> <!-- VerifyTotalNumberOfItemsPerPageDetailsFoDrillDownOne -->
  <testcase classname="com.tetherfi.test.reports.AgentHistoricalReportTest" name="VerifyArrowMoveForPreviousAndNextPageForDrillDowntwo" time="0.000">
    <skipped/>
  </testcase> <!-- VerifyArrowMoveForPreviousAndNextPageForDrillDowntwo -->
  <testcase classname="com.tetherfi.test.reports.AgentHistoricalReportTest" name="VerifyArrowMoveForFirstAndLastPageFoDrillDowntwo" time="0.000">
    <skipped/>
  </testcase> <!-- VerifyArrowMoveForFirstAndLastPageFoDrillDowntwo -->
  <testcase classname="com.tetherfi.test.reports.AgentHistoricalReportTest" name="VerifyTotalNumberOfItemsPerPageDetailsFoDrillDowntwo" time="0.000">
    <skipped/>
  </testcase> <!-- VerifyTotalNumberOfItemsPerPageDetailsFoDrillDowntwo -->
  <testcase classname="com.tetherfi.test.reports.AgentHistoricalReportTest" name="VerifyDrillOneSearchEqualsToFeature" time="0.000">
    <skipped/>
  </testcase> <!-- VerifyDrillOneSearchEqualsToFeature -->
  <testcase classname="com.tetherfi.test.reports.AgentHistoricalReportTest" name="searchwithoutDrillOneSearchTextbox" time="0.000">
    <skipped/>
  </testcase> <!-- searchwithoutDrillOneSearchTextbox -->
  <testcase classname="com.tetherfi.test.reports.AgentHistoricalReportTest" name="VerifyDrillOneSearchIsNotEqualTo" time="0.000">
    <skipped/>
  </testcase> <!-- VerifyDrillOneSearchIsNotEqualTo -->
  <testcase classname="com.tetherfi.test.reports.AgentHistoricalReportTest" name="VerifyDrillOneSearchContains" time="0.000">
    <skipped/>
  </testcase> <!-- VerifyDrillOneSearchContains -->
  <testcase classname="com.tetherfi.test.reports.AgentHistoricalReportTest" name="VerifyDrillOneSearchDoesNotContains" time="0.000">
    <skipped/>
  </testcase> <!-- VerifyDrillOneSearchDoesNotContains -->
  <testcase classname="com.tetherfi.test.reports.AgentHistoricalReportTest" name="VerifyDrillOneSearchStartsWith" time="0.000">
    <skipped/>
  </testcase> <!-- VerifyDrillOneSearchStartsWith -->
  <testcase classname="com.tetherfi.test.reports.AgentHistoricalReportTest" name="VerifyDrillOneSearchEndsWith" time="0.000">
    <skipped/>
  </testcase> <!-- VerifyDrillOneSearchEndsWith -->
  <testcase classname="com.tetherfi.test.reports.AgentHistoricalReportTest" name="SearchDrillOneClearAllBackButton" time="0.000">
    <skipped/>
  </testcase> <!-- SearchDrillOneClearAllBackButton -->
</testsuite> <!-- com.tetherfi.test.reports.AgentHistoricalReportTest -->
