<?xml version="1.0" encoding="UTF-8"?>
<!-- Generated by org.testng.reporters.JUnitReportReporter -->
<testsuite skipped="0" hostname="TTF-BLR-SANTOSHKOUJALAGI" name="com.tetherfi.test.ivr.IntroMessageAnnouncementUITest" tests="22" failures="3" timestamp="2021-10-19T15:21:04 IST" time="277.272" errors="0">
  <testcase name="IntroMessageAnnouncementPage" time="1.298" classname="com.tetherfi.test.ivr.IntroMessageAnnouncementUITest"/>
  <testcase name="VerifyIntroMessageAnnouncementApprovedDataPage" time="2.913" classname="com.tetherfi.test.ivr.IntroMessageAnnouncementUITest"/>
  <testcase name="VerifyIntroMessageAnnouncementAuditTrailDataPage" time="9.175" classname="com.tetherfi.test.ivr.IntroMessageAnnouncementUITest">
    <failure type="java.lang.AssertionError" message="Audit Trail table assertion failed did not expect to find [true] but found [false]">
      <![CDATA[java.lang.AssertionError: Audit Trail table assertion failed did not expect to find [true] but found [false]
at org.testng.Assert.fail(Assert.java:97)
at org.testng.Assert.failNotEquals(Assert.java:969)
at org.testng.Assert.assertTrue(Assert.java:43)
at com.tetherfi.test.ivr.IntroMessageAnnouncementUITest.VerifyIntroMessageAnnouncementAuditTrailDataPage(IntroMessageAnnouncementUITest.java:60)
at sun.reflect.NativeMethodAccessorImpl.invoke0(Native Method)
at sun.reflect.NativeMethodAccessorImpl.invoke(Unknown Source)
at sun.reflect.DelegatingMethodAccessorImpl.invoke(Unknown Source)
at java.lang.reflect.Method.invoke(Unknown Source)
at org.testng.internal.MethodInvocationHelper.invokeMethod(MethodInvocationHelper.java:133)
at org.testng.internal.TestInvoker.invokeMethod(TestInvoker.java:584)
at org.testng.internal.TestInvoker.invokeTestMethod(TestInvoker.java:172)
at org.testng.internal.MethodRunner.runInSequence(MethodRunner.java:46)
at org.testng.internal.TestInvoker$MethodInvocationAgent.invoke(TestInvoker.java:804)
at org.testng.internal.TestInvoker.invokeTestMethods(TestInvoker.java:145)
at org.testng.internal.TestMethodWorker.invokeTestMethods(TestMethodWorker.java:146)
at org.testng.internal.TestMethodWorker.run(TestMethodWorker.java:128)
at java.util.ArrayList.forEach(Unknown Source)
at org.testng.TestRunner.privateRun(TestRunner.java:770)
at org.testng.TestRunner.run(TestRunner.java:591)
at org.testng.SuiteRunner.runTest(SuiteRunner.java:402)
at org.testng.SuiteRunner.runSequentially(SuiteRunner.java:396)
at org.testng.SuiteRunner.privateRun(SuiteRunner.java:355)
at org.testng.SuiteRunner.run(SuiteRunner.java:304)
at org.testng.SuiteRunnerWorker.runSuite(SuiteRunnerWorker.java:53)
at org.testng.SuiteRunnerWorker.run(SuiteRunnerWorker.java:96)
at org.testng.TestNG.runSuitesSequentially(TestNG.java:1180)
at org.testng.TestNG.runSuitesLocally(TestNG.java:1102)
at org.testng.TestNG.runSuites(TestNG.java:1032)
at org.testng.TestNG.run(TestNG.java:1000)
at org.testng.remote.AbstractRemoteTestNG.run(AbstractRemoteTestNG.java:115)
at org.testng.remote.RemoteTestNG.initAndRun(RemoteTestNG.java:251)
at org.testng.remote.RemoteTestNG.main(RemoteTestNG.java:77)
]]>
    </failure>
  </testcase> <!-- VerifyIntroMessageAnnouncementAuditTrailDataPage -->
  <testcase name="VerifyMakeIntroMessageAnnouncementChangeButton" time="13.766" classname="com.tetherfi.test.ivr.IntroMessageAnnouncementUITest"/>
  <testcase name="VerifyDropdownForAllTheColumns" time="26.955" classname="com.tetherfi.test.ivr.IntroMessageAnnouncementUITest"/>
  <testcase name="VerifyColumnsHeaderEnable" time="25.121" classname="com.tetherfi.test.ivr.IntroMessageAnnouncementUITest"/>
  <testcase name="VerifyColumnsHeaderDisable" time="12.509" classname="com.tetherfi.test.ivr.IntroMessageAnnouncementUITest"/>
  <testcase name="VerifyArrowMoveForPreviousAndNextPage" time="12.452" classname="com.tetherfi.test.ivr.IntroMessageAnnouncementUITest"/>
  <testcase name="VerifyArrowMoveForFirstAndLastPage" time="12.367" classname="com.tetherfi.test.ivr.IntroMessageAnnouncementUITest"/>
  <testcase name="VerifyTotalNumberOfItemsPerPageDetails" time="13.960" classname="com.tetherfi.test.ivr.IntroMessageAnnouncementUITest"/>
  <testcase name="VerifyNumberOfItemsPerPageSelection" time="14.545" classname="com.tetherfi.test.ivr.IntroMessageAnnouncementUITest">
    <failure type="java.lang.AssertionError" message="item per page assertion failed did not expect to find [true] but found [false]">
      <![CDATA[java.lang.AssertionError: item per page assertion failed did not expect to find [true] but found [false]
at org.testng.Assert.fail(Assert.java:97)
at org.testng.Assert.failNotEquals(Assert.java:969)
at org.testng.Assert.assertTrue(Assert.java:43)
at com.tetherfi.test.ivr.IntroMessageAnnouncementUITest.VerifyNumberOfItemsPerPageSelection(IntroMessageAnnouncementUITest.java:125)
at sun.reflect.NativeMethodAccessorImpl.invoke0(Native Method)
at sun.reflect.NativeMethodAccessorImpl.invoke(Unknown Source)
at sun.reflect.DelegatingMethodAccessorImpl.invoke(Unknown Source)
at java.lang.reflect.Method.invoke(Unknown Source)
at org.testng.internal.MethodInvocationHelper.invokeMethod(MethodInvocationHelper.java:133)
at org.testng.internal.TestInvoker.invokeMethod(TestInvoker.java:584)
at org.testng.internal.TestInvoker.invokeTestMethod(TestInvoker.java:172)
at org.testng.internal.MethodRunner.runInSequence(MethodRunner.java:46)
at org.testng.internal.TestInvoker$MethodInvocationAgent.invoke(TestInvoker.java:804)
at org.testng.internal.TestInvoker.invokeTestMethods(TestInvoker.java:145)
at org.testng.internal.TestMethodWorker.invokeTestMethods(TestMethodWorker.java:146)
at org.testng.internal.TestMethodWorker.run(TestMethodWorker.java:128)
at java.util.ArrayList.forEach(Unknown Source)
at org.testng.TestRunner.privateRun(TestRunner.java:770)
at org.testng.TestRunner.run(TestRunner.java:591)
at org.testng.SuiteRunner.runTest(SuiteRunner.java:402)
at org.testng.SuiteRunner.runSequentially(SuiteRunner.java:396)
at org.testng.SuiteRunner.privateRun(SuiteRunner.java:355)
at org.testng.SuiteRunner.run(SuiteRunner.java:304)
at org.testng.SuiteRunnerWorker.runSuite(SuiteRunnerWorker.java:53)
at org.testng.SuiteRunnerWorker.run(SuiteRunnerWorker.java:96)
at org.testng.TestNG.runSuitesSequentially(TestNG.java:1180)
at org.testng.TestNG.runSuitesLocally(TestNG.java:1102)
at org.testng.TestNG.runSuites(TestNG.java:1032)
at org.testng.TestNG.run(TestNG.java:1000)
at org.testng.remote.AbstractRemoteTestNG.run(AbstractRemoteTestNG.java:115)
at org.testng.remote.RemoteTestNG.initAndRun(RemoteTestNG.java:251)
at org.testng.remote.RemoteTestNG.main(RemoteTestNG.java:77)
]]>
    </failure>
  </testcase> <!-- VerifyNumberOfItemsPerPageSelection -->
  <testcase name="ExportToExcel" time="15.461" classname="com.tetherfi.test.ivr.IntroMessageAnnouncementUITest"/>
  <testcase name="ExportToExcelData" time="12.046" classname="com.tetherfi.test.ivr.IntroMessageAnnouncementUITest"/>
  <testcase name="VerifyExportToExcelWithoutData" time="20.159" classname="com.tetherfi.test.ivr.IntroMessageAnnouncementUITest"/>
  <testcase name="SortingByAscending" time="17.046" classname="com.tetherfi.test.ivr.IntroMessageAnnouncementUITest"/>
  <testcase name="SortingByDescending" time="14.982" classname="com.tetherfi.test.ivr.IntroMessageAnnouncementUITest"/>
  <testcase name="VerifyDragAndDrop" time="15.044" classname="com.tetherfi.test.ivr.IntroMessageAnnouncementUITest"/>
  <testcase name="VerifyDragAndDropofAlreadyGroupedHeader" time="13.828" classname="com.tetherfi.test.ivr.IntroMessageAnnouncementUITest"/>
  <testcase name="database" time="5.592" classname="com.tetherfi.test.ivr.IntroMessageAnnouncementUITest">
    <failure type="java.lang.AssertionError" message="did not expect to find [true] but found [false]">
      <![CDATA[java.lang.AssertionError: did not expect to find [true] but found [false]
at org.testng.Assert.fail(Assert.java:97)
at org.testng.Assert.failNotEquals(Assert.java:969)
at org.testng.Assert.assertTrue(Assert.java:43)
at org.testng.Assert.assertTrue(Assert.java:53)
at com.tetherfi.test.ivr.IntroMessageAnnouncementUITest.database(IntroMessageAnnouncementUITest.java:205)
at sun.reflect.NativeMethodAccessorImpl.invoke0(Native Method)
at sun.reflect.NativeMethodAccessorImpl.invoke(Unknown Source)
at sun.reflect.DelegatingMethodAccessorImpl.invoke(Unknown Source)
at java.lang.reflect.Method.invoke(Unknown Source)
at org.testng.internal.MethodInvocationHelper.invokeMethod(MethodInvocationHelper.java:133)
at org.testng.internal.TestInvoker.invokeMethod(TestInvoker.java:584)
at org.testng.internal.TestInvoker.invokeTestMethod(TestInvoker.java:172)
at org.testng.internal.MethodRunner.runInSequence(MethodRunner.java:46)
at org.testng.internal.TestInvoker$MethodInvocationAgent.invoke(TestInvoker.java:804)
at org.testng.internal.TestInvoker.invokeTestMethods(TestInvoker.java:145)
at org.testng.internal.TestMethodWorker.invokeTestMethods(TestMethodWorker.java:146)
at org.testng.internal.TestMethodWorker.run(TestMethodWorker.java:128)
at java.util.ArrayList.forEach(Unknown Source)
at org.testng.TestRunner.privateRun(TestRunner.java:770)
at org.testng.TestRunner.run(TestRunner.java:591)
at org.testng.SuiteRunner.runTest(SuiteRunner.java:402)
at org.testng.SuiteRunner.runSequentially(SuiteRunner.java:396)
at org.testng.SuiteRunner.privateRun(SuiteRunner.java:355)
at org.testng.SuiteRunner.run(SuiteRunner.java:304)
at org.testng.SuiteRunnerWorker.runSuite(SuiteRunnerWorker.java:53)
at org.testng.SuiteRunnerWorker.run(SuiteRunnerWorker.java:96)
at org.testng.TestNG.runSuitesSequentially(TestNG.java:1180)
at org.testng.TestNG.runSuitesLocally(TestNG.java:1102)
at org.testng.TestNG.runSuites(TestNG.java:1032)
at org.testng.TestNG.run(TestNG.java:1000)
at org.testng.remote.AbstractRemoteTestNG.run(AbstractRemoteTestNG.java:115)
at org.testng.remote.RemoteTestNG.initAndRun(RemoteTestNG.java:251)
at org.testng.remote.RemoteTestNG.main(RemoteTestNG.java:77)
]]>
    </failure>
  </testcase> <!-- database -->
  <testcase name="searchPage" time="5.898" classname="com.tetherfi.test.ivr.IntroMessageAnnouncementUITest"/>
  <testcase name="searchwithoutSearchTextbox" time="5.321" classname="com.tetherfi.test.ivr.IntroMessageAnnouncementUITest"/>
  <testcase name="SearchClearSearch" time="6.834" classname="com.tetherfi.test.ivr.IntroMessageAnnouncementUITest"/>
</testsuite> <!-- com.tetherfi.test.ivr.IntroMessageAnnouncementUITest -->
