<?xml version="1.0" encoding="UTF-8"?>
<!-- Generated by org.testng.reporters.JUnitReportReporter -->
<testsuite hostname="DESKTOP-O6A5C2O" failures="1" tests="7" name="com.tetherfi.test.ivr.IntroMessageAnnouncementCreateTest" time="156.452" errors="0" timestamp="2019-11-08T12:49:24 IST" skipped="3">
  <testcase classname="com.tetherfi.test.ivr.IntroMessageAnnouncementCreateTest" name="AddNewIntroMessageAnnouncementRecord" time="43.393">
    <failure message="expected [Record created successfully] but found [Duplicate Record]" type="java.lang.AssertionError">
      <![CDATA[java.lang.AssertionError: expected [Record created successfully] but found [Duplicate Record]
at org.testng.Assert.fail(Assert.java:97)
at org.testng.Assert.assertEqualsImpl(Assert.java:136)
at org.testng.Assert.assertEquals(Assert.java:118)
at org.testng.Assert.assertEquals(Assert.java:575)
at org.testng.Assert.assertEquals(Assert.java:585)
at com.tetherfi.test.ivr.IntroMessageAnnouncementCreateTest.AddNewIntroMessageAnnouncementRecord(IntroMessageAnnouncementCreateTest.java:256)
at java.base/jdk.internal.reflect.NativeMethodAccessorImpl.invoke0(Native Method)
at java.base/jdk.internal.reflect.NativeMethodAccessorImpl.invoke(Unknown Source)
at java.base/jdk.internal.reflect.DelegatingMethodAccessorImpl.invoke(Unknown Source)
at java.base/java.lang.reflect.Method.invoke(Unknown Source)
at org.testng.internal.MethodInvocationHelper.invokeMethod(MethodInvocationHelper.java:133)
at org.testng.internal.TestInvoker.invokeMethod(TestInvoker.java:584)
at org.testng.internal.TestInvoker.invokeTestMethod(TestInvoker.java:172)
at org.testng.internal.MethodRunner.runInSequence(MethodRunner.java:46)
at org.testng.internal.TestInvoker$MethodInvocationAgent.invoke(TestInvoker.java:804)
at org.testng.internal.TestInvoker.invokeTestMethods(TestInvoker.java:145)
at org.testng.internal.TestMethodWorker.invokeTestMethods(TestMethodWorker.java:146)
at org.testng.internal.TestMethodWorker.run(TestMethodWorker.java:128)
at java.base/java.util.ArrayList.forEach(Unknown Source)
at org.testng.TestRunner.privateRun(TestRunner.java:770)
at org.testng.TestRunner.run(TestRunner.java:591)
at org.testng.SuiteRunner.runTest(SuiteRunner.java:402)
at org.testng.SuiteRunner.runSequentially(SuiteRunner.java:396)
at org.testng.SuiteRunner.privateRun(SuiteRunner.java:355)
at org.testng.SuiteRunner.run(SuiteRunner.java:304)
at org.testng.SuiteRunnerWorker.runSuite(SuiteRunnerWorker.java:53)
at org.testng.SuiteRunnerWorker.run(SuiteRunnerWorker.java:96)
at org.testng.TestNG.runSuitesSequentially(TestNG.java:1180)
at org.testng.TestNG.runSuitesLocally(TestNG.java:1102)
at org.testng.TestNG.runSuites(TestNG.java:1032)
at org.testng.TestNG.run(TestNG.java:1000)
at org.testng.remote.AbstractRemoteTestNG.run(AbstractRemoteTestNG.java:115)
at org.testng.remote.RemoteTestNG.initAndRun(RemoteTestNG.java:251)
at org.testng.remote.RemoteTestNG.main(RemoteTestNG.java:77)
]]>
    </failure>
  </testcase> <!-- AddNewIntroMessageAnnouncementRecord -->
  <testcase classname="com.tetherfi.test.ivr.IntroMessageAnnouncementCreateTest" name="VerifyAuditTrailDataForAddNewIntroMessageAnnouncementRecord" time="23.651">
    <skipped/>
  </testcase> <!-- VerifyAuditTrailDataForAddNewIntroMessageAnnouncementRecord -->
  <testcase classname="com.tetherfi.test.ivr.IntroMessageAnnouncementCreateTest" name="VerifySendForApprovalForAddNewIntroMessageAnnouncementRecord" time="33.694">
    <skipped/>
  </testcase> <!-- VerifySendForApprovalForAddNewIntroMessageAnnouncementRecord -->
  <testcase classname="com.tetherfi.test.ivr.IntroMessageAnnouncementCreateTest" name="VerifyAuditTrailReportForSendForApproval" time="28.191">
    <skipped/>
  </testcase> <!-- VerifyAuditTrailReportForSendForApproval -->
  <testcase classname="com.tetherfi.test.ivr.IntroMessageAnnouncementCreateTest" name="ApproveforAddNewIntroMessageAnnouncementRecord" time="4.268"/>
  <testcase classname="com.tetherfi.test.ivr.IntroMessageAnnouncementCreateTest" name="VerifyAuditTrailReportForApprove" time="20.159"/>
  <testcase classname="com.tetherfi.test.ivr.IntroMessageAnnouncementCreateTest" name="VerifyRecordApprovedDataSectionafterApproval" time="3.096"/>
</testsuite> <!-- com.tetherfi.test.ivr.IntroMessageAnnouncementCreateTest -->
