<?xml version="1.0" encoding="UTF-8"?>
<!-- Generated by org.testng.reporters.JUnitReportReporter -->
<testsuite hostname="admin" failures="0" tests="1" name="com.tetherfi.test.ivr.AgentTransferTest" time="6.636" errors="0" timestamp="15 Apr 2019 05:32:10 GMT" skipped="0">
  <testcase classname="com.tetherfi.test.ivr.AgentTransferTest" name="database" time="6.636"/>
</testsuite> <!-- com.tetherfi.test.ivr.AgentTransferTest -->
