<?xml version="1.0" encoding="UTF-8"?>
<!-- Generated by org.testng.reporters.JUnitReportReporter -->
<<<<<<< HEAD
<testsuite hostname="DESKTOP-O6A5C2O" failures="2" tests="39" name="com.tetherfi.test.DashboardColorCodeConfigTest" time="462.199" errors="0" timestamp="2020-04-11T12:46:49 IST" skipped="0">
  <testcase classname="com.tetherfi.test.DashboardColorCodeConfigTest" name="DashboardColorCodeConfigPage" time="5.193"/>
  <testcase classname="com.tetherfi.test.DashboardColorCodeConfigTest" name="AddnewCancel" time="14.177"/>
  <testcase classname="com.tetherfi.test.DashboardColorCodeConfigTest" name="AddNewDashboardColorConfigRecord" time="13.198"/>
  <testcase classname="com.tetherfi.test.DashboardColorCodeConfigTest" name="AddRecordWithoutDashboardName" time="9.567"/>
  <testcase classname="com.tetherfi.test.DashboardColorCodeConfigTest" name="AddRecordWithoutColumnName" time="12.117"/>
  <testcase classname="com.tetherfi.test.DashboardColorCodeConfigTest" name="AddRecordWithoutStartTime" time="12.433"/>
  <testcase classname="com.tetherfi.test.DashboardColorCodeConfigTest" name="AddRecordWithoutEndTime" time="10.777"/>
  <testcase classname="com.tetherfi.test.DashboardColorCodeConfigTest" name="AddRecordWithDuplicate" time="12.721"/>
  <testcase classname="com.tetherfi.test.DashboardColorCodeConfigTest" name="VerifyAuditTrialReportForCreate" time="28.834"/>
  <testcase classname="com.tetherfi.test.DashboardColorCodeConfigTest" name="EditDashboardColorConfigCancelRecord" time="11.477"/>
  <testcase classname="com.tetherfi.test.DashboardColorCodeConfigTest" name="EditWithoutModifyReasonRecord" time="10.159"/>
  <testcase classname="com.tetherfi.test.DashboardColorCodeConfigTest" name="EditDashboardColorConfigRecord" time="13.743"/>
  <testcase classname="com.tetherfi.test.DashboardColorCodeConfigTest" name="VerifyAuditTrialReportForUpdate" time="28.311"/>
  <testcase classname="com.tetherfi.test.DashboardColorCodeConfigTest" name="ExportToExcel" time="6.709"/>
  <testcase classname="com.tetherfi.test.DashboardColorCodeConfigTest" name="ExportToExcelData" time="6.409"/>
  <testcase classname="com.tetherfi.test.DashboardColorCodeConfigTest" name="SortingByAscending" time="9.528"/>
  <testcase classname="com.tetherfi.test.DashboardColorCodeConfigTest" name="SortingByDescending" time="9.416"/>
  <testcase classname="com.tetherfi.test.DashboardColorCodeConfigTest" name="GroupBy" time="7.419"/>
  <testcase classname="com.tetherfi.test.DashboardColorCodeConfigTest" name="VerifyArrowMoveForPreviousAndNextPage" time="4.759"/>
  <testcase classname="com.tetherfi.test.DashboardColorCodeConfigTest" name="VerifyArrowMoveForFirstAndLastPage" time="4.611"/>
  <testcase classname="com.tetherfi.test.DashboardColorCodeConfigTest" name="VerifyTotalNumberOfItemsPerPageDetails" time="5.111"/>
  <testcase classname="com.tetherfi.test.DashboardColorCodeConfigTest" name="VerifyNumberOfItemsPerPageSelection" time="4.255"/>
  <testcase classname="com.tetherfi.test.DashboardColorCodeConfigTest" name="VerifyDropdownForAllTheColumns" time="56.259">
    <failure message="Columns dropdown assertion failed did not expect to find [true] but found [false]" type="java.lang.AssertionError">
      <![CDATA[java.lang.AssertionError: Columns dropdown assertion failed did not expect to find [true] but found [false]
at org.testng.Assert.fail(Assert.java:97)
at org.testng.Assert.failNotEquals(Assert.java:969)
at org.testng.Assert.assertTrue(Assert.java:43)
at com.tetherfi.test.DashboardColorCodeConfigTest.VerifyDropdownForAllTheColumns(DashboardColorCodeConfigTest.java:242)
at java.base/jdk.internal.reflect.NativeMethodAccessorImpl.invoke0(Native Method)
at java.base/jdk.internal.reflect.NativeMethodAccessorImpl.invoke(Unknown Source)
at java.base/jdk.internal.reflect.DelegatingMethodAccessorImpl.invoke(Unknown Source)
at java.base/java.lang.reflect.Method.invoke(Unknown Source)
at org.testng.internal.MethodInvocationHelper.invokeMethod(MethodInvocationHelper.java:133)
at org.testng.internal.TestInvoker.invokeMethod(TestInvoker.java:584)
at org.testng.internal.TestInvoker.invokeTestMethod(TestInvoker.java:172)
at org.testng.internal.MethodRunner.runInSequence(MethodRunner.java:46)
at org.testng.internal.TestInvoker$MethodInvocationAgent.invoke(TestInvoker.java:804)
at org.testng.internal.TestInvoker.invokeTestMethods(TestInvoker.java:145)
at org.testng.internal.TestMethodWorker.invokeTestMethods(TestMethodWorker.java:146)
at org.testng.internal.TestMethodWorker.run(TestMethodWorker.java:128)
at java.base/java.util.ArrayList.forEach(Unknown Source)
at org.testng.TestRunner.privateRun(TestRunner.java:770)
at org.testng.TestRunner.run(TestRunner.java:591)
at org.testng.SuiteRunner.runTest(SuiteRunner.java:402)
at org.testng.SuiteRunner.runSequentially(SuiteRunner.java:396)
at org.testng.SuiteRunner.privateRun(SuiteRunner.java:355)
at org.testng.SuiteRunner.run(SuiteRunner.java:304)
at org.testng.SuiteRunnerWorker.runSuite(SuiteRunnerWorker.java:53)
at org.testng.SuiteRunnerWorker.run(SuiteRunnerWorker.java:96)
at org.testng.TestNG.runSuitesSequentially(TestNG.java:1180)
at org.testng.TestNG.runSuitesLocally(TestNG.java:1102)
at org.testng.TestNG.runSuites(TestNG.java:1032)
at org.testng.TestNG.run(TestNG.java:1000)
at org.testng.remote.AbstractRemoteTestNG.run(AbstractRemoteTestNG.java:115)
at org.testng.remote.RemoteTestNG.initAndRun(RemoteTestNG.java:251)
at org.testng.remote.RemoteTestNG.main(RemoteTestNG.java:77)
]]>
    </failure>
  </testcase> <!-- VerifyDropdownForAllTheColumns -->
  <testcase classname="com.tetherfi.test.DashboardColorCodeConfigTest" name="VerifyColumnsHeaderEnable" time="10.264"/>
  <testcase classname="com.tetherfi.test.DashboardColorCodeConfigTest" name="VerifyColumnsHeaderDisable" time="4.582"/>
  <testcase classname="com.tetherfi.test.DashboardColorCodeConfigTest" name="VerifySearchIsNotEqualTo" time="10.541"/>
  <testcase classname="com.tetherfi.test.DashboardColorCodeConfigTest" name="VerifySearchContains" time="9.984"/>
  <testcase classname="com.tetherfi.test.DashboardColorCodeConfigTest" name="VerifySearchDoesNotContains" time="9.240"/>
  <testcase classname="com.tetherfi.test.DashboardColorCodeConfigTest" name="VerifySearchStartsWith" time="9.076"/>
  <testcase classname="com.tetherfi.test.DashboardColorCodeConfigTest" name="VerifySearchEndsWith" time="10.092"/>
  <testcase classname="com.tetherfi.test.DashboardColorCodeConfigTest" name="searchPageClearAll" time="8.891"/>
  <testcase classname="com.tetherfi.test.DashboardColorCodeConfigTest" name="DeleteCancelRecord" time="8.796"/>
  <testcase classname="com.tetherfi.test.DashboardColorCodeConfigTest" name="DeleteWithoutDeleteReasonRecord" time="11.831"/>
  <testcase classname="com.tetherfi.test.DashboardColorCodeConfigTest" name="DeleteRecord" time="10.363"/>
  <testcase classname="com.tetherfi.test.DashboardColorCodeConfigTest" name="VerifyAuditTrialReportForDelete" time="29.452"/>
  <testcase classname="com.tetherfi.test.DashboardColorCodeConfigTest" name="ExporttoExcelWithoutData" time="8.507"/>
  <testcase classname="com.tetherfi.test.DashboardColorCodeConfigTest" name="database" time="7.610">
    <failure message="did not expect to find [true] but found [false]" type="java.lang.AssertionError">
      <![CDATA[java.lang.AssertionError: did not expect to find [true] but found [false]
at org.testng.Assert.fail(Assert.java:97)
at org.testng.Assert.failNotEquals(Assert.java:969)
at org.testng.Assert.assertTrue(Assert.java:43)
at org.testng.Assert.assertTrue(Assert.java:53)
at com.tetherfi.test.DashboardColorCodeConfigTest.database(DashboardColorCodeConfigTest.java:375)
at java.base/jdk.internal.reflect.NativeMethodAccessorImpl.invoke0(Native Method)
at java.base/jdk.internal.reflect.NativeMethodAccessorImpl.invoke(Unknown Source)
at java.base/jdk.internal.reflect.DelegatingMethodAccessorImpl.invoke(Unknown Source)
at java.base/java.lang.reflect.Method.invoke(Unknown Source)
at org.testng.internal.MethodInvocationHelper.invokeMethod(MethodInvocationHelper.java:133)
at org.testng.internal.TestInvoker.invokeMethod(TestInvoker.java:584)
at org.testng.internal.TestInvoker.invokeTestMethod(TestInvoker.java:172)
at org.testng.internal.MethodRunner.runInSequence(MethodRunner.java:46)
at org.testng.internal.TestInvoker$MethodInvocationAgent.invoke(TestInvoker.java:804)
at org.testng.internal.TestInvoker.invokeTestMethods(TestInvoker.java:145)
at org.testng.internal.TestMethodWorker.invokeTestMethods(TestMethodWorker.java:146)
at org.testng.internal.TestMethodWorker.run(TestMethodWorker.java:128)
at java.base/java.util.ArrayList.forEach(Unknown Source)
at org.testng.TestRunner.privateRun(TestRunner.java:770)
at org.testng.TestRunner.run(TestRunner.java:591)
at org.testng.SuiteRunner.runTest(SuiteRunner.java:402)
at org.testng.SuiteRunner.runSequentially(SuiteRunner.java:396)
at org.testng.SuiteRunner.privateRun(SuiteRunner.java:355)
at org.testng.SuiteRunner.run(SuiteRunner.java:304)
at org.testng.SuiteRunnerWorker.runSuite(SuiteRunnerWorker.java:53)
at org.testng.SuiteRunnerWorker.run(SuiteRunnerWorker.java:96)
at org.testng.TestNG.runSuitesSequentially(TestNG.java:1180)
at org.testng.TestNG.runSuitesLocally(TestNG.java:1102)
at org.testng.TestNG.runSuites(TestNG.java:1032)
at org.testng.TestNG.run(TestNG.java:1000)
at org.testng.remote.AbstractRemoteTestNG.run(AbstractRemoteTestNG.java:115)
at org.testng.remote.RemoteTestNG.initAndRun(RemoteTestNG.java:251)
at org.testng.remote.RemoteTestNG.main(RemoteTestNG.java:77)
]]>
    </failure>
  </testcase> <!-- database -->
  <testcase classname="com.tetherfi.test.DashboardColorCodeConfigTest" name="SearchClearSearch" time="8.213"/>
  <testcase classname="com.tetherfi.test.DashboardColorCodeConfigTest" name="searchwithoutSearchTextbox" time="7.574"/>
=======
<testsuite skipped="0" hostname="DESKTOP-NJVBPFB" name="com.tetherfi.test.DashboardColorCodeConfigTest" tests="3" failures="0" timestamp="2020-05-08T17:05:26 IST" time="49.081" errors="0">
  <testcase name="AddNewDashboardColorConfigRecord" time="13.662" classname="com.tetherfi.test.DashboardColorCodeConfigTest"/>
  <testcase name="EditDashboardColorConfigRecord" time="17.779" classname="com.tetherfi.test.DashboardColorCodeConfigTest"/>
  <testcase name="DeleteRecord" time="17.640" classname="com.tetherfi.test.DashboardColorCodeConfigTest"/>
>>>>>>> refs/remotes/origin/PalakReports
</testsuite> <!-- com.tetherfi.test.DashboardColorCodeConfigTest -->
