<?xml version="1.0" encoding="UTF-8"?>
<!-- Generated by org.testng.reporters.JUnitReportReporter -->
<testsuite skipped="0" hostname="TTF-BLR-SANTOSHKOUJALAGI" name="com.tetherfi.test.SkillConfigurationTest" tests="38" failures="1" timestamp="2021-07-25T13:33:39 IST" time="872.630" errors="1">
  <testcase name="SkillConfigurationPage" time="6.841" classname="com.tetherfi.test.SkillConfigurationTest"/>
  <testcase name="VerifyDropdownForAllTheColumns" time="17.111" classname="com.tetherfi.test.SkillConfigurationTest"/>
  <testcase name="VerifyColumnsHeaderEnable" time="12.884" classname="com.tetherfi.test.SkillConfigurationTest"/>
  <testcase name="VerifyColumnsHeaderDisable" time="14.637" classname="com.tetherfi.test.SkillConfigurationTest"/>
  <testcase name="AddSkillConfigurationRecord" time="16.312" classname="com.tetherfi.test.SkillConfigurationTest"/>
  <testcase name="VerifySkillInAgentSkillAssignment" time="53.221" classname="com.tetherfi.test.SkillConfigurationTest"/>
  <testcase name="AddRecordWithoutSkillID" time="11.461" classname="com.tetherfi.test.SkillConfigurationTest"/>
  <testcase name="AddRecordWithoutSkillName" time="9.904" classname="com.tetherfi.test.SkillConfigurationTest"/>
  <testcase name="AddRecordWithoutSkillExtension" time="13.692" classname="com.tetherfi.test.SkillConfigurationTest"/>
  <testcase name="AddRecordWithoutSkillPriority" time="9.985" classname="com.tetherfi.test.SkillConfigurationTest"/>
  <testcase name="AddRecordWithoutEnabled" time="12.044" classname="com.tetherfi.test.SkillConfigurationTest"/>
  <testcase name="VerifySearchIsNotEqualTo" time="62.723" classname="com.tetherfi.test.SkillConfigurationTest"/>
  <testcase name="VerifySearchContains" time="30.398" classname="com.tetherfi.test.SkillConfigurationTest"/>
  <testcase name="VerifySearchDoesNotContains" time="23.048" classname="com.tetherfi.test.SkillConfigurationTest"/>
  <testcase name="VerifySearchStartsWith" time="12.929" classname="com.tetherfi.test.SkillConfigurationTest"/>
  <testcase name="VerifySearchEndsWith" time="13.365" classname="com.tetherfi.test.SkillConfigurationTest"/>
  <testcase name="EditCancelSkillConfigurationRecord" time="12.195" classname="com.tetherfi.test.SkillConfigurationTest"/>
  <testcase name="EditSkillConfigurationRecord" time="15.519" classname="com.tetherfi.test.SkillConfigurationTest"/>
  <testcase name="VerifyUpdatedSkillInSkillAssignment" time="52.699" classname="com.tetherfi.test.SkillConfigurationTest"/>
  <testcase name="searchPage" time="11.514" classname="com.tetherfi.test.SkillConfigurationTest"/>
  <testcase name="ExportToExcel" time="9.677" classname="com.tetherfi.test.SkillConfigurationTest"/>
  <testcase name="ExportToExcelData" time="34.946" classname="com.tetherfi.test.SkillConfigurationTest"/>
  <testcase name="DeleteCancelRecord" time="15.544" classname="com.tetherfi.test.SkillConfigurationTest"/>
  <testcase name="DeleteRecord" time="15.331" classname="com.tetherfi.test.SkillConfigurationTest"/>
  <testcase name="VerifyDeletedSkillInSkillAssignment" time="53.298" classname="com.tetherfi.test.SkillConfigurationTest"/>
  <testcase name="SearchClearSearch" time="10.785" classname="com.tetherfi.test.SkillConfigurationTest"/>
  <testcase name="ExporttoExcelWithoutData" time="12.219" classname="com.tetherfi.test.SkillConfigurationTest"/>
  <testcase name="SortingByAscending" time="38.898" classname="com.tetherfi.test.SkillConfigurationTest"/>
  <testcase name="SortingByDescending" time="28.452" classname="com.tetherfi.test.SkillConfigurationTest">
    <error type="java.lang.NullPointerException">
      <![CDATA[java.lang.NullPointerException
at com.tetherfi.utility.ExcelReader.getTestData(ExcelReader.java:99)
at com.tetherfi.test.SkillConfigurationTest.SortingByDescending(SkillConfigurationTest.java:342)
at sun.reflect.NativeMethodAccessorImpl.invoke0(Native Method)
at sun.reflect.NativeMethodAccessorImpl.invoke(Unknown Source)
at sun.reflect.DelegatingMethodAccessorImpl.invoke(Unknown Source)
at java.lang.reflect.Method.invoke(Unknown Source)
at org.testng.internal.MethodInvocationHelper.invokeMethod(MethodInvocationHelper.java:133)
at org.testng.internal.TestInvoker.invokeMethod(TestInvoker.java:584)
at org.testng.internal.TestInvoker.invokeTestMethod(TestInvoker.java:172)
at org.testng.internal.MethodRunner.runInSequence(MethodRunner.java:46)
at org.testng.internal.TestInvoker$MethodInvocationAgent.invoke(TestInvoker.java:804)
at org.testng.internal.TestInvoker.invokeTestMethods(TestInvoker.java:145)
at org.testng.internal.TestMethodWorker.invokeTestMethods(TestMethodWorker.java:146)
at org.testng.internal.TestMethodWorker.run(TestMethodWorker.java:128)
at java.util.ArrayList.forEach(Unknown Source)
at org.testng.TestRunner.privateRun(TestRunner.java:770)
at org.testng.TestRunner.run(TestRunner.java:591)
at org.testng.SuiteRunner.runTest(SuiteRunner.java:402)
at org.testng.SuiteRunner.runSequentially(SuiteRunner.java:396)
at org.testng.SuiteRunner.privateRun(SuiteRunner.java:355)
at org.testng.SuiteRunner.run(SuiteRunner.java:304)
at org.testng.SuiteRunnerWorker.runSuite(SuiteRunnerWorker.java:53)
at org.testng.SuiteRunnerWorker.run(SuiteRunnerWorker.java:96)
at org.testng.TestNG.runSuitesSequentially(TestNG.java:1180)
at org.testng.TestNG.runSuitesLocally(TestNG.java:1102)
at org.testng.TestNG.runSuites(TestNG.java:1032)
at org.testng.TestNG.run(TestNG.java:1000)
at org.testng.remote.AbstractRemoteTestNG.run(AbstractRemoteTestNG.java:115)
at org.testng.remote.RemoteTestNG.initAndRun(RemoteTestNG.java:251)
at org.testng.remote.RemoteTestNG.main(RemoteTestNG.java:77)
]]>
    </error>
  </testcase> <!-- SortingByDescending -->
  <testcase name="GroupBy" time="9.867" classname="com.tetherfi.test.SkillConfigurationTest"/>
  <testcase name="VerifyArrowMoveForPreviousAndNextPage" time="9.304" classname="com.tetherfi.test.SkillConfigurationTest"/>
  <testcase name="VerifyArrowMoveForFirstAndLastPage" time="8.991" classname="com.tetherfi.test.SkillConfigurationTest"/>
  <testcase name="VerifyTotalNumberOfItemsPerPageDetails" time="25.198" classname="com.tetherfi.test.SkillConfigurationTest"/>
  <testcase name="VerifyNumberOfItemsPerPageSelection" time="26.453" classname="com.tetherfi.test.SkillConfigurationTest"/>
  <testcase name="database" time="39.664" classname="com.tetherfi.test.SkillConfigurationTest">
    <failure type="java.lang.AssertionError" message="did not expect to find [true] but found [false]">
      <![CDATA[java.lang.AssertionError: did not expect to find [true] but found [false]
at org.testng.Assert.fail(Assert.java:97)
at org.testng.Assert.failNotEquals(Assert.java:969)
at org.testng.Assert.assertTrue(Assert.java:43)
at org.testng.Assert.assertTrue(Assert.java:53)
at com.tetherfi.test.SkillConfigurationTest.database(SkillConfigurationTest.java:387)
at sun.reflect.NativeMethodAccessorImpl.invoke0(Native Method)
at sun.reflect.NativeMethodAccessorImpl.invoke(Unknown Source)
at sun.reflect.DelegatingMethodAccessorImpl.invoke(Unknown Source)
at java.lang.reflect.Method.invoke(Unknown Source)
at org.testng.internal.MethodInvocationHelper.invokeMethod(MethodInvocationHelper.java:133)
at org.testng.internal.TestInvoker.invokeMethod(TestInvoker.java:584)
at org.testng.internal.TestInvoker.invokeTestMethod(TestInvoker.java:172)
at org.testng.internal.MethodRunner.runInSequence(MethodRunner.java:46)
at org.testng.internal.TestInvoker$MethodInvocationAgent.invoke(TestInvoker.java:804)
at org.testng.internal.TestInvoker.invokeTestMethods(TestInvoker.java:145)
at org.testng.internal.TestMethodWorker.invokeTestMethods(TestMethodWorker.java:146)
at org.testng.internal.TestMethodWorker.run(TestMethodWorker.java:128)
at java.util.ArrayList.forEach(Unknown Source)
at org.testng.TestRunner.privateRun(TestRunner.java:770)
at org.testng.TestRunner.run(TestRunner.java:591)
at org.testng.SuiteRunner.runTest(SuiteRunner.java:402)
at org.testng.SuiteRunner.runSequentially(SuiteRunner.java:396)
at org.testng.SuiteRunner.privateRun(SuiteRunner.java:355)
at org.testng.SuiteRunner.run(SuiteRunner.java:304)
at org.testng.SuiteRunnerWorker.runSuite(SuiteRunnerWorker.java:53)
at org.testng.SuiteRunnerWorker.run(SuiteRunnerWorker.java:96)
at org.testng.TestNG.runSuitesSequentially(TestNG.java:1180)
at org.testng.TestNG.runSuitesLocally(TestNG.java:1102)
at org.testng.TestNG.runSuites(TestNG.java:1032)
at org.testng.TestNG.run(TestNG.java:1000)
at org.testng.remote.AbstractRemoteTestNG.run(AbstractRemoteTestNG.java:115)
at org.testng.remote.RemoteTestNG.initAndRun(RemoteTestNG.java:251)
at org.testng.remote.RemoteTestNG.main(RemoteTestNG.java:77)
]]>
    </failure>
  </testcase> <!-- database -->
  <testcase name="VerifyAuditTrialReportForCreate" time="45.003" classname="com.tetherfi.test.SkillConfigurationTest"/>
  <testcase name="VerifyAuditTrialReportForUpdate" time="38.426" classname="com.tetherfi.test.SkillConfigurationTest"/>
  <testcase name="VerifyAuditTrialReportForDelete" time="38.092" classname="com.tetherfi.test.SkillConfigurationTest"/>
</testsuite> <!-- com.tetherfi.test.SkillConfigurationTest -->
