<?xml version="1.0" encoding="UTF-8"?>
<!-- Generated by org.testng.reporters.JUnitReportReporter -->
<testsuite skipped="0" hostname="TTF-BLR-SANTOSHKOUJALAGI" name="com.tetherfi.test.UserRoleMappingDeleteTest" tests="15" failures="0" timestamp="2021-08-09T23:01:15 IST" time="665.533" errors="0">
  <testcase name="DeleteCancelUserRoleMappingRecord" time="36.260" classname="com.tetherfi.test.UserRoleMappingDeleteTest"/>
  <testcase name="DeleteWithoutModifyReasonRecord" time="38.763" classname="com.tetherfi.test.UserRoleMappingDeleteTest"/>
  <testcase name="DeleteRecord" time="37.605" classname="com.tetherfi.test.UserRoleMappingDeleteTest"/>
  <testcase name="VerifyRevertForDeleteRecord" time="40.136" classname="com.tetherfi.test.UserRoleMappingDeleteTest"/>
  <testcase name="VerifyAuditTrialReportForRevertDelete" time="55.673" classname="com.tetherfi.test.UserRoleMappingDeleteTest"/>
  <testcase name="RejectDeleteRecord" time="39.631" classname="com.tetherfi.test.UserRoleMappingDeleteTest"/>
  <testcase name="VerifySendForApprovalForRejectDeleteNewRecord" time="42.943" classname="com.tetherfi.test.UserRoleMappingDeleteTest"/>
  <testcase name="RejectforDeleteUserRoleMappingRecord" time="38.998" classname="com.tetherfi.test.UserRoleMappingDeleteTest"/>
  <testcase name="VerifyAuditTrailReportForReject" time="63.217" classname="com.tetherfi.test.UserRoleMappingDeleteTest"/>
  <testcase name="DeleteUserRoleMappingRecord" time="39.249" classname="com.tetherfi.test.UserRoleMappingDeleteTest"/>
  <testcase name="VerifyAuditTrialReportForDelete" time="57.856" classname="com.tetherfi.test.UserRoleMappingDeleteTest"/>
  <testcase name="VerifyAuditTrailDataForDeleteUserRoleMappingRecord" time="31.443" classname="com.tetherfi.test.UserRoleMappingDeleteTest"/>
  <testcase name="VerifySendForApprovalForDeleteNewRecord" time="38.906" classname="com.tetherfi.test.UserRoleMappingDeleteTest"/>
  <testcase name="ApproveforDeleteUserRoleMappingRecord" time="43.588" classname="com.tetherfi.test.UserRoleMappingDeleteTest"/>
  <testcase name="VerifyAuditTrailReportForApprove" time="61.265" classname="com.tetherfi.test.UserRoleMappingDeleteTest"/>
</testsuite> <!-- com.tetherfi.test.UserRoleMappingDeleteTest -->
