<?xml version="1.0" encoding="UTF-8"?>
<!-- Generated by org.testng.reporters.JUnitReportReporter -->
<testsuite hostname="DESKTOP-O6A5C2O" failures="0" tests="1" name="com.tetherfi.test.chat.ChatIntentSkillMappingTest" time="55.195" errors="0" timestamp="2019-11-14T15:03:02 IST" skipped="0">
  <testcase classname="com.tetherfi.test.chat.ChatIntentSkillMappingTest" name="VerifyCancelBtnAtEditRecord" time="55.195"/>
</testsuite> <!-- com.tetherfi.test.chat.ChatIntentSkillMappingTest -->
