<?xml version="1.0" encoding="UTF-8"?>
<!-- Generated by org.testng.reporters.JUnitReportReporter -->
<testsuite skipped="0" hostname="TTF-BLR-SANTOSHKOUJALAGI" name="com.tetherfi.test.ivr.IntroMessageAnnouncementCreateTest" tests="25" failures="0" timestamp="2021-10-19T17:11:52 IST" time="877.707" errors="1">
  <testcase name="VerifyAddCancelButton" time="25.216" classname="com.tetherfi.test.ivr.IntroMessageAnnouncementCreateTest"/>
  <testcase name="VerifyAddRecordwithoutFunctionality" time="32.391" classname="com.tetherfi.test.ivr.IntroMessageAnnouncementCreateTest"/>
  <testcase name="VerifyAddRecordWithoutHotLine" time="34.436" classname="com.tetherfi.test.ivr.IntroMessageAnnouncementCreateTest"/>
  <testcase name="VerifyAddRecordWithoutStartDateTime" time="36.302" classname="com.tetherfi.test.ivr.IntroMessageAnnouncementCreateTest"/>
  <testcase name="VerifyAddRecordWithoutEndDateTime" time="33.121" classname="com.tetherfi.test.ivr.IntroMessageAnnouncementCreateTest"/>
  <testcase name="VerifyAddRecordWithoutLanguage" time="35.361" classname="com.tetherfi.test.ivr.IntroMessageAnnouncementCreateTest"/>
  <testcase name="VerifyAddRecordWithoutWaveFile" time="31.669" classname="com.tetherfi.test.ivr.IntroMessageAnnouncementCreateTest"/>
  <testcase name="AddRevertRecord" time="42.526" classname="com.tetherfi.test.ivr.IntroMessageAnnouncementCreateTest"/>
  <testcase name="VerifyRevertForAddNewRecord" time="27.916" classname="com.tetherfi.test.ivr.IntroMessageAnnouncementCreateTest"/>
  <testcase name="VerifyApprovedDataSectionWithoutApproval" time="24.115" classname="com.tetherfi.test.ivr.IntroMessageAnnouncementCreateTest"/>
  <testcase name="VerifyAuditTrailReportForRevert" time="51.221" classname="com.tetherfi.test.ivr.IntroMessageAnnouncementCreateTest"/>
  <testcase name="AddRejectRecord" time="33.954" classname="com.tetherfi.test.ivr.IntroMessageAnnouncementCreateTest"/>
  <testcase name="VerifySendForApprovalForAddNewRecord" time="29.013" classname="com.tetherfi.test.ivr.IntroMessageAnnouncementCreateTest"/>
  <testcase name="RejectforAddNewIntroMessageAnnouncementRecord" time="28.991" classname="com.tetherfi.test.ivr.IntroMessageAnnouncementCreateTest"/>
  <testcase name="VerifyAuditTrailReportForReject" time="50.376" classname="com.tetherfi.test.ivr.IntroMessageAnnouncementCreateTest"/>
  <testcase name="VerifyRecordAfterRejection" time="24.659" classname="com.tetherfi.test.ivr.IntroMessageAnnouncementCreateTest"/>
  <testcase name="AddNewIntroMessageAnnouncementRecord" time="45.097" classname="com.tetherfi.test.ivr.IntroMessageAnnouncementCreateTest"/>
  <testcase name="VerifyAuditTrailReportForCreate" time="51.972" classname="com.tetherfi.test.ivr.IntroMessageAnnouncementCreateTest"/>
  <testcase name="VerifyAuditTrailDataForAddNewIntroMessageAnnouncementRecord" time="24.716" classname="com.tetherfi.test.ivr.IntroMessageAnnouncementCreateTest">
    <error type="java.lang.NullPointerException">
      <![CDATA[java.lang.NullPointerException
at com.tetherfi.pages.IntroMessageAnnouncementPage.verifyAuditTrail(IntroMessageAnnouncementPage.java:493)
at com.tetherfi.test.ivr.IntroMessageAnnouncementCreateTest.VerifyAuditTrailDataForAddNewIntroMessageAnnouncementRecord(IntroMessageAnnouncementCreateTest.java:283)
at sun.reflect.NativeMethodAccessorImpl.invoke0(Native Method)
at sun.reflect.NativeMethodAccessorImpl.invoke(Unknown Source)
at sun.reflect.DelegatingMethodAccessorImpl.invoke(Unknown Source)
at java.lang.reflect.Method.invoke(Unknown Source)
at org.testng.internal.MethodInvocationHelper.invokeMethod(MethodInvocationHelper.java:133)
at org.testng.internal.TestInvoker.invokeMethod(TestInvoker.java:584)
at org.testng.internal.TestInvoker.invokeTestMethod(TestInvoker.java:172)
at org.testng.internal.MethodRunner.runInSequence(MethodRunner.java:46)
at org.testng.internal.TestInvoker$MethodInvocationAgent.invoke(TestInvoker.java:804)
at org.testng.internal.TestInvoker.invokeTestMethods(TestInvoker.java:145)
at org.testng.internal.TestMethodWorker.invokeTestMethods(TestMethodWorker.java:146)
at org.testng.internal.TestMethodWorker.run(TestMethodWorker.java:128)
at java.util.ArrayList.forEach(Unknown Source)
at org.testng.TestRunner.privateRun(TestRunner.java:770)
at org.testng.TestRunner.run(TestRunner.java:591)
at org.testng.SuiteRunner.runTest(SuiteRunner.java:402)
at org.testng.SuiteRunner.runSequentially(SuiteRunner.java:396)
at org.testng.SuiteRunner.privateRun(SuiteRunner.java:355)
at org.testng.SuiteRunner.run(SuiteRunner.java:304)
at org.testng.SuiteRunnerWorker.runSuite(SuiteRunnerWorker.java:53)
at org.testng.SuiteRunnerWorker.run(SuiteRunnerWorker.java:96)
at org.testng.TestNG.runSuitesSequentially(TestNG.java:1180)
at org.testng.TestNG.runSuitesLocally(TestNG.java:1102)
at org.testng.TestNG.runSuites(TestNG.java:1032)
at org.testng.TestNG.run(TestNG.java:1000)
at org.testng.remote.AbstractRemoteTestNG.run(AbstractRemoteTestNG.java:115)
at org.testng.remote.RemoteTestNG.initAndRun(RemoteTestNG.java:251)
at org.testng.remote.RemoteTestNG.main(RemoteTestNG.java:77)
]]>
    </error>
  </testcase> <!-- VerifyAuditTrailDataForAddNewIntroMessageAnnouncementRecord -->
  <testcase name="VerifySendForApprovalForAddNewIntroMessageAnnouncementRecord" time="28.875" classname="com.tetherfi.test.ivr.IntroMessageAnnouncementCreateTest"/>
  <testcase name="VerifyAuditTrailReportForSendForApproval" time="46.764" classname="com.tetherfi.test.ivr.IntroMessageAnnouncementCreateTest"/>
  <testcase name="ApproveforAddNewIntroMessageAnnouncementRecord" time="25.646" classname="com.tetherfi.test.ivr.IntroMessageAnnouncementCreateTest"/>
  <testcase name="VerifyAuditTrailReportForApprove" time="52.614" classname="com.tetherfi.test.ivr.IntroMessageAnnouncementCreateTest"/>
  <testcase name="VerifyRecordApprovedDataSectionafterApproval" time="22.913" classname="com.tetherfi.test.ivr.IntroMessageAnnouncementCreateTest"/>
  <testcase name="AddDuplicateRecord" time="37.843" classname="com.tetherfi.test.ivr.IntroMessageAnnouncementCreateTest"/>
</testsuite> <!-- com.tetherfi.test.ivr.IntroMessageAnnouncementCreateTest -->
