<?xml version="1.0" encoding="UTF-8"?>
<!-- Generated by org.testng.reporters.JUnitReportReporter -->
<testsuite hostname="DESKTOP-O6A5C2O" failures="0" tests="28" name="com.tetherfi.test.ivr.BranchManagementCreateTest" time="2105.194" errors="0" timestamp="2020-03-18T03:00:38 IST" skipped="0">
  <testcase classname="com.tetherfi.test.ivr.BranchManagementCreateTest" name="VerifyAddCancelButton" time="84.744"/>
  <testcase classname="com.tetherfi.test.ivr.BranchManagementCreateTest" name="VerifyAddRecordwithoutMainLines" time="86.636"/>
  <testcase classname="com.tetherfi.test.ivr.BranchManagementCreateTest" name="VerifyAddRecordWithoutSubLines" time="86.554"/>
  <testcase classname="com.tetherfi.test.ivr.BranchManagementCreateTest" name="VerifyAddRecordWithoutLocation" time="95.309"/>
  <testcase classname="com.tetherfi.test.ivr.BranchManagementCreateTest" name="VerifyAddRecordWithoutBranchType" time="82.326"/>
  <testcase classname="com.tetherfi.test.ivr.BranchManagementCreateTest" name="VerifyAddRecordWithoutBranchName" time="75.197"/>
  <testcase classname="com.tetherfi.test.ivr.BranchManagementCreateTest" name="VerifyAddRecordWithoutAddress" time="63.982"/>
  <testcase classname="com.tetherfi.test.ivr.BranchManagementCreateTest" name="VerifyAddRecordWithoutLineOrder" time="84.800"/>
  <testcase classname="com.tetherfi.test.ivr.BranchManagementCreateTest" name="VerifyAddRecordWithoutStatus" time="72.558"/>
  <testcase classname="com.tetherfi.test.ivr.BranchManagementCreateTest" name="VerifyAddRecordWithoutLanguage" time="86.639"/>
  <testcase classname="com.tetherfi.test.ivr.BranchManagementCreateTest" name="AddRevertRecord" time="86.117"/>
  <testcase classname="com.tetherfi.test.ivr.BranchManagementCreateTest" name="VerifyRevertForAddNewRecord" time="54.797"/>
  <testcase classname="com.tetherfi.test.ivr.BranchManagementCreateTest" name="VerifyApprovedDataSectionWithoutApproval" time="55.029"/>
  <testcase classname="com.tetherfi.test.ivr.BranchManagementCreateTest" name="VerifyAuditTrailReportForRevert" time="70.916"/>
  <testcase classname="com.tetherfi.test.ivr.BranchManagementCreateTest" name="AddRejectRecord" time="76.460"/>
  <testcase classname="com.tetherfi.test.ivr.BranchManagementCreateTest" name="VerifySendForApprovalForAddNewRecord" time="63.504"/>
  <testcase classname="com.tetherfi.test.ivr.BranchManagementCreateTest" name="RejectforAddNewBranchManagementRecord" time="56.445"/>
  <testcase classname="com.tetherfi.test.ivr.BranchManagementCreateTest" name="VerifyAuditTrailReportForReject" time="77.749"/>
  <testcase classname="com.tetherfi.test.ivr.BranchManagementCreateTest" name="VerifyRecordAfterRejection" time="76.969"/>
  <testcase classname="com.tetherfi.test.ivr.BranchManagementCreateTest" name="AddNewBranchManagementRecord" time="89.470"/>
  <testcase classname="com.tetherfi.test.ivr.BranchManagementCreateTest" name="VerifyAuditTrailReportForCreate" time="73.632"/>
  <testcase classname="com.tetherfi.test.ivr.BranchManagementCreateTest" name="VerifyAuditTrailDataForAddNewBranchManagementRecord" time="58.284"/>
  <testcase classname="com.tetherfi.test.ivr.BranchManagementCreateTest" name="VerifySendForApprovalForAddNewBranchManagementRecord" time="60.114"/>
  <testcase classname="com.tetherfi.test.ivr.BranchManagementCreateTest" name="VerifyAuditTrailReportForSendForApproval" time="96.623"/>
  <testcase classname="com.tetherfi.test.ivr.BranchManagementCreateTest" name="ApproveforAddNewBranchManagementRecord" time="57.805"/>
  <testcase classname="com.tetherfi.test.ivr.BranchManagementCreateTest" name="VerifyAuditTrailReportForApprove" time="80.732"/>
  <testcase classname="com.tetherfi.test.ivr.BranchManagementCreateTest" name="VerifyRecordApprovedDataSectionafterApproval" time="63.717"/>
  <testcase classname="com.tetherfi.test.ivr.BranchManagementCreateTest" name="AddDuplicateRecord" time="88.086"/>
</testsuite> <!-- com.tetherfi.test.ivr.BranchManagementCreateTest -->
