<?xml version="1.0" encoding="UTF-8"?>
<!-- Generated by org.testng.reporters.JUnitReportReporter -->
<testsuite hostname="admin" failures="0" tests="4" name="com.tetherfi.test.fax.FaxRoutingConfigurationTest" time="25.448" errors="0" timestamp="25 Mar 2019 11:05:16 GMT" skipped="0">
  <testcase classname="com.tetherfi.test.fax.FaxRoutingConfigurationTest" name="ExportToExcel" time="6.327"/>
  <testcase classname="com.tetherfi.test.fax.FaxRoutingConfigurationTest" name="ExportToExcelData" time="4.720"/>
  <testcase classname="com.tetherfi.test.fax.FaxRoutingConfigurationTest" name="SortingByAscending" time="6.730"/>
  <testcase classname="com.tetherfi.test.fax.FaxRoutingConfigurationTest" name="SortingByDescending" time="7.671"/>
</testsuite> <!-- com.tetherfi.test.fax.FaxRoutingConfigurationTest -->
