<?xml version="1.0" encoding="UTF-8"?>
<!-- Generated by org.testng.reporters.JUnitReportReporter -->
<testsuite hostname="DESKTOP-O6A5C2O" failures="0" tests="15" name="com.tetherfi.test.RoleBasedAccessManagementDeleteTest" time="771.963" errors="0" timestamp="2020-03-17T02:15:37 IST" skipped="0">
  <testcase classname="com.tetherfi.test.RoleBasedAccessManagementDeleteTest" name="DeleteCancelRoleBasedAccessManagementRecord" time="45.103"/>
  <testcase classname="com.tetherfi.test.RoleBasedAccessManagementDeleteTest" name="DeleteWithoutModifyReasonRecord" time="46.409"/>
  <testcase classname="com.tetherfi.test.RoleBasedAccessManagementDeleteTest" name="DeleteRecord" time="51.633"/>
  <testcase classname="com.tetherfi.test.RoleBasedAccessManagementDeleteTest" name="VerifyRevertForDeleteRecord" time="49.201"/>
  <testcase classname="com.tetherfi.test.RoleBasedAccessManagementDeleteTest" name="VerifyAuditTrialReportForRevertDelete" time="63.241"/>
  <testcase classname="com.tetherfi.test.RoleBasedAccessManagementDeleteTest" name="RejectDeleteRecord" time="48.459"/>
  <testcase classname="com.tetherfi.test.RoleBasedAccessManagementDeleteTest" name="VerifySendForApprovalForRejectDeleteNewRecord" time="46.972"/>
  <testcase classname="com.tetherfi.test.RoleBasedAccessManagementDeleteTest" name="RejectforDeleteRoleBasedAccessManagementRecord" time="49.592"/>
  <testcase classname="com.tetherfi.test.RoleBasedAccessManagementDeleteTest" name="VerifyAuditTrailReportForReject" time="59.648"/>
  <testcase classname="com.tetherfi.test.RoleBasedAccessManagementDeleteTest" name="DeleteRoleBasedAccessManagementRecord" time="49.406"/>
  <testcase classname="com.tetherfi.test.RoleBasedAccessManagementDeleteTest" name="VerifyAuditTrialReportForDelete" time="62.440"/>
  <testcase classname="com.tetherfi.test.RoleBasedAccessManagementDeleteTest" name="VerifyAuditTrailDataForDeleteRoleBasedAccessManagementRecord" time="40.268"/>
  <testcase classname="com.tetherfi.test.RoleBasedAccessManagementDeleteTest" name="VerifySendForApprovalForDeleteNewRecord" time="46.695"/>
  <testcase classname="com.tetherfi.test.RoleBasedAccessManagementDeleteTest" name="ApproveforDeleteRoleBasedAccessManagementRecord" time="50.682"/>
  <testcase classname="com.tetherfi.test.RoleBasedAccessManagementDeleteTest" name="VerifyAuditTrailReportForApprove" time="62.214"/>
</testsuite> <!-- com.tetherfi.test.RoleBasedAccessManagementDeleteTest -->
