<?xml version="1.0" encoding="UTF-8"?>
<!-- Generated by org.testng.reporters.JUnitReportReporter -->
<testsuite hostname="admin" failures="0" tests="3" name="com.tetherfi.test.reports.SkillHistoricalReportTest" time="90.286" errors="0" timestamp="2020-05-21T18:42:15 IST" skipped="0">
  <testcase classname="com.tetherfi.test.reports.SkillHistoricalReportTest" name="VerifyArrowMoveForPreviousAndNextPageForDrillDownOne" time="34.945"/>
  <testcase classname="com.tetherfi.test.reports.SkillHistoricalReportTest" name="VerifyArrowMoveForFirstAndLastPageFoDrillDownOne" time="29.215"/>
  <testcase classname="com.tetherfi.test.reports.SkillHistoricalReportTest" name="VerifyTotalNumberOfItemsPerPageDetailsFoDrillDownOne" time="26.126"/>
</testsuite> <!-- com.tetherfi.test.reports.SkillHistoricalReportTest -->
