<?xml version="1.0" encoding="UTF-8"?>
<!-- Generated by org.testng.reporters.JUnitReportReporter -->
<testsuite hostname="admin" failures="0" tests="3" name="com.tetherfi.test.sms.SmsResponseTemplateDeleteTest" time="94.091" errors="0" timestamp="2019-09-13T18:03:28 IST" skipped="0">
  <testcase classname="com.tetherfi.test.sms.SmsResponseTemplateDeleteTest" name="VerifyAuditTrailReportForSendForApprove" time="33.281"/>
  <testcase classname="com.tetherfi.test.sms.SmsResponseTemplateDeleteTest" name="ApproveforDeleteSmsResponseTemplateRecord" time="24.629"/>
  <testcase classname="com.tetherfi.test.sms.SmsResponseTemplateDeleteTest" name="VerifyAuditTrailReportForApprove" time="36.181"/>
</testsuite> <!-- com.tetherfi.test.sms.SmsResponseTemplateDeleteTest -->
