<?xml version="1.0" encoding="UTF-8"?>
<!-- Generated by org.testng.reporters.JUnitReportReporter -->
<testsuite hostname="admin" failures="0" tests="2" name="com.tetherfi.test.ivr.HolidayListTest" time="98.036" errors="0" timestamp="07 Mar 2019 11:02:10 GMT" skipped="0">
  <testcase classname="com.tetherfi.test.ivr.HolidayListTest" name="addNewHolidayListRecord" time="33.519"/>
  <testcase classname="com.tetherfi.test.ivr.HolidayListTest" name="Add" time="64.517"/>
</testsuite> <!-- com.tetherfi.test.ivr.HolidayListTest -->
