<?xml version="1.0" encoding="UTF-8"?>
<!-- Generated by org.testng.reporters.JUnitReportReporter -->
<testsuite hostname="DESKTOP-O6A5C2O" failures="0" tests="1" name="com.tetherfi.test.ivr.OperatingHoursTest" time="11.571" errors="0" timestamp="2020-01-02T12:52:52 IST" skipped="0">
  <testcase classname="com.tetherfi.test.ivr.OperatingHoursTest" name="VerifySearchEndsWith" time="11.571"/>
</testsuite> <!-- com.tetherfi.test.ivr.OperatingHoursTest -->
