<?xml version="1.0" encoding="UTF-8"?>
<!-- Generated by org.testng.reporters.JUnitReportReporter -->
<testsuite hostname="DESKTOP-O6A5C2O" failures="0" tests="5" name="com.tetherfi.test.reports.OCMAgentSummaryReportTest" time="215.455" errors="0" timestamp="2020-05-13T13:33:49 IST" skipped="0">
  <testcase classname="com.tetherfi.test.reports.OCMAgentSummaryReportTest" name="ShowOCMAgentSummaryReport" time="68.128"/>
  <testcase classname="com.tetherfi.test.reports.OCMAgentSummaryReportTest" name="ShowOCMAgentSummaryReportInNewTab" time="43.116"/>
  <testcase classname="com.tetherfi.test.reports.OCMAgentSummaryReportTest" name="ScheduleOCMAgentSummaryReport" time="28.726"/>
  <testcase classname="com.tetherfi.test.reports.OCMAgentSummaryReportTest" name="ExportOCMAgentSummaryReport" time="41.550"/>
  <testcase classname="com.tetherfi.test.reports.OCMAgentSummaryReportTest" name="ViewDownloadedOcmAgentSummaryReportInReportsDownloadPage" time="33.935"/>
</testsuite> <!-- com.tetherfi.test.reports.OCMAgentSummaryReportTest -->
