<?xml version="1.0" encoding="UTF-8"?>
<!-- Generated by org.testng.reporters.JUnitReportReporter -->
<testsuite skipped="0" hostname="DESKTOP-NJVBPFB" name="com.tetherfi.test.tmac.WaitTimeColorConfigTest" tests="1" failures="0" timestamp="2020-04-28T13:31:33 IST" time="31.095" errors="0">
  <testcase name="WaitTimeColorConfigPage" time="31.095" classname="com.tetherfi.test.tmac.WaitTimeColorConfigTest"/>
</testsuite> <!-- com.tetherfi.test.tmac.WaitTimeColorConfigTest -->
