<?xml version="1.0" encoding="UTF-8"?>
<!-- Generated by org.testng.reporters.JUnitReportReporter -->
<testsuite skipped="0" hostname="DESKTOP-NJVBPFB" name="com.tetherfi.test.ivr.OperatingHoursTest" tests="4" failures="0" timestamp="2020-05-06T16:17:21 IST" time="104.420" errors="0">
  <testcase name="AddNewOperatingHoursRecord" time="43.621" classname="com.tetherfi.test.ivr.OperatingHoursTest"/>
  <testcase name="AddAlldaysOperatingHoursRecord" time="18.854" classname="com.tetherfi.test.ivr.OperatingHoursTest"/>
  <testcase name="EditOperatingHoursRecord" time="24.345" classname="com.tetherfi.test.ivr.OperatingHoursTest"/>
  <testcase name="DeleteOperatinghoursRecord" time="17.600" classname="com.tetherfi.test.ivr.OperatingHoursTest"/>
</testsuite> <!-- com.tetherfi.test.ivr.OperatingHoursTest -->
