<?xml version="1.0" encoding="UTF-8"?>
<!-- Generated by org.testng.reporters.JUnitReportReporter -->
<testsuite hostname="DESKTOP-O6A5C2O" failures="0" tests="1" name="com.tetherfi.test.fax.FaxAddressBookTest" time="14.693" errors="0" timestamp="2020-04-13T09:11:38 IST" skipped="0">
  <testcase classname="com.tetherfi.test.fax.FaxAddressBookTest" name="EditRecipientRecord" time="14.693"/>
</testsuite> <!-- com.tetherfi.test.fax.FaxAddressBookTest -->
