<?xml version="1.0" encoding="UTF-8"?>
<!-- Generated by org.testng.reporters.JUnitReportReporter -->
<testsuite skipped="0" hostname="TTF-BLR-SANTOSHKOUJALAGI" name="com.tetherfi.test.sms.SmsResponseTemplateDeleteTest" tests="16" failures="0" timestamp="2021-10-20T06:13:43 IST" time="531.371" errors="0">
  <testcase name="DeleteCancelSmsResponseTemplateRecord" time="28.095" classname="com.tetherfi.test.sms.SmsResponseTemplateDeleteTest"/>
  <testcase name="DeleteWithoutModifyReasonRecord" time="27.214" classname="com.tetherfi.test.sms.SmsResponseTemplateDeleteTest"/>
  <testcase name="DeleteRecord" time="30.869" classname="com.tetherfi.test.sms.SmsResponseTemplateDeleteTest"/>
  <testcase name="VerifyRevertForDeleteRecord" time="28.050" classname="com.tetherfi.test.sms.SmsResponseTemplateDeleteTest"/>
  <testcase name="VerifyAuditTrialReportForRevertDelete" time="43.103" classname="com.tetherfi.test.sms.SmsResponseTemplateDeleteTest"/>
  <testcase name="RejectDeleteRecord" time="27.938" classname="com.tetherfi.test.sms.SmsResponseTemplateDeleteTest"/>
  <testcase name="VerifySendForApprovalForDeleteNewRecord" time="28.734" classname="com.tetherfi.test.sms.SmsResponseTemplateDeleteTest"/>
  <testcase name="RejectforDeleteSmsResponseTemplateRecord" time="29.270" classname="com.tetherfi.test.sms.SmsResponseTemplateDeleteTest"/>
  <testcase name="VerifyAuditTrailReportForReject" time="42.231" classname="com.tetherfi.test.sms.SmsResponseTemplateDeleteTest"/>
  <testcase name="DeleteSmsResponseTemplateRecord" time="31.813" classname="com.tetherfi.test.sms.SmsResponseTemplateDeleteTest"/>
  <testcase name="VerifyAuditTrialReportForDelete" time="40.932" classname="com.tetherfi.test.sms.SmsResponseTemplateDeleteTest"/>
  <testcase name="VerifyAuditTrailDataForDeleteSmsResponseTemplateRecord" time="22.695" classname="com.tetherfi.test.sms.SmsResponseTemplateDeleteTest"/>
  <testcase name="VerifySendForApprovalForDeleteRecord" time="31.454" classname="com.tetherfi.test.sms.SmsResponseTemplateDeleteTest"/>
  <testcase name="VerifyAuditTrailReportForSendForApprove" time="43.177" classname="com.tetherfi.test.sms.SmsResponseTemplateDeleteTest"/>
  <testcase name="ApproveforDeleteSmsResponseTemplateRecord" time="30.820" classname="com.tetherfi.test.sms.SmsResponseTemplateDeleteTest"/>
  <testcase name="VerifyAuditTrailReportForApprove" time="44.976" classname="com.tetherfi.test.sms.SmsResponseTemplateDeleteTest"/>
</testsuite> <!-- com.tetherfi.test.sms.SmsResponseTemplateDeleteTest -->
