<?xml version="1.0" encoding="UTF-8"?>
<!-- Generated by org.testng.reporters.JUnitReportReporter -->
<testsuite skipped="0" hostname="TTF-BLR-SANTOSHKOUJALAGI" name="com.tetherfi.test.tmac.AgentSettingsCreateTest" tests="21" failures="0" timestamp="2021-08-09T23:57:11 IST" time="1074.690" errors="0">
  <testcase name="AddRevertNewSupervisorRecord" time="62.040" classname="com.tetherfi.test.tmac.AgentSettingsCreateTest"/>
  <testcase name="VerifyRevertForAddNewRecord" time="44.621" classname="com.tetherfi.test.tmac.AgentSettingsCreateTest"/>
  <testcase name="VerifyAuditTrailReportForRevert" time="57.878" classname="com.tetherfi.test.tmac.AgentSettingsCreateTest"/>
  <testcase name="AddRejectRecord" time="63.028" classname="com.tetherfi.test.tmac.AgentSettingsCreateTest"/>
  <testcase name="VerifySendForApprovalForAddNewAgentSettingsRecord" time="42.078" classname="com.tetherfi.test.tmac.AgentSettingsCreateTest"/>
  <testcase name="RejectForAddNewAgentSettingsRecord" time="39.116" classname="com.tetherfi.test.tmac.AgentSettingsCreateTest"/>
  <testcase name="VerifyAuditTrailReportForReject" time="57.835" classname="com.tetherfi.test.tmac.AgentSettingsCreateTest"/>
  <testcase name="AddNewSupervisorRecord" time="61.618" classname="com.tetherfi.test.tmac.AgentSettingsCreateTest"/>
  <testcase name="VerifyAuditTrailReportForCreate" time="57.866" classname="com.tetherfi.test.tmac.AgentSettingsCreateTest"/>
  <testcase name="VerifyAuditTrailDataForAddNewSupervisorRecord" time="36.040" classname="com.tetherfi.test.tmac.AgentSettingsCreateTest"/>
  <testcase name="VerifySendForApprovalForAddNewAgentSettingsRecord1" time="41.475" classname="com.tetherfi.test.tmac.AgentSettingsCreateTest"/>
  <testcase name="VerifyAuditTrailReportForSendForApproval" time="59.401" classname="com.tetherfi.test.tmac.AgentSettingsCreateTest"/>
  <testcase name="ApproveforAddNewAgentSettingRecord" time="39.622" classname="com.tetherfi.test.tmac.AgentSettingsCreateTest"/>
  <testcase name="VerifyAuditTrailReportForApprove" time="61.004" classname="com.tetherfi.test.tmac.AgentSettingsCreateTest"/>
  <testcase name="VerifyDuplicateLanIDCreation" time="61.778" classname="com.tetherfi.test.tmac.AgentSettingsCreateTest"/>
  <testcase name="VerifyDuplicateAvayaLoginIDCreation" time="60.770" classname="com.tetherfi.test.tmac.AgentSettingsCreateTest"/>
  <testcase name="VerifyAddAgentsDetailsInDatabase" time="28.167" classname="com.tetherfi.test.tmac.AgentSettingsCreateTest"/>
  <testcase name="AddNewAgentSettingsRecord" time="61.157" classname="com.tetherfi.test.tmac.AgentSettingsCreateTest"/>
  <testcase name="VerifySendForApprovalRecord" time="41.856" classname="com.tetherfi.test.tmac.AgentSettingsCreateTest"/>
  <testcase name="ApproveforAddNewAgentRecord" time="40.063" classname="com.tetherfi.test.tmac.AgentSettingsCreateTest"/>
  <testcase name="VerifyAuditTrailReportForAgentApprove" time="57.277" classname="com.tetherfi.test.tmac.AgentSettingsCreateTest"/>
</testsuite> <!-- com.tetherfi.test.tmac.AgentSettingsCreateTest -->
