<?xml version="1.0" encoding="UTF-8"?>
<!-- Generated by org.testng.reporters.JUnitReportReporter -->
<testsuite hostname="admin" failures="0" tests="1" name="com.tetherfi.test.SkillConfigurationTest" time="16.146" errors="0" timestamp="16 Apr 2019 05:12:17 GMT" skipped="0">
  <testcase classname="com.tetherfi.test.SkillConfigurationTest" name="database" time="16.146"/>
</testsuite> <!-- com.tetherfi.test.SkillConfigurationTest -->
