<?xml version="1.0" encoding="UTF-8"?>
<!-- Generated by org.testng.reporters.JUnitReportReporter -->
<testsuite hostname="DESKTOP-O6A5C2O" failures="0" tests="16" name="com.tetherfi.test.ivr.HostValueMappingUpdateTest" time="806.556" errors="0" timestamp="2020-03-11T15:10:35 IST" skipped="0">
  <testcase classname="com.tetherfi.test.ivr.HostValueMappingUpdateTest" name="EditCancelHostValueMappingRecord" time="43.295"/>
  <testcase classname="com.tetherfi.test.ivr.HostValueMappingUpdateTest" name="EditRecordWithoutModifyReason" time="44.479"/>
  <testcase classname="com.tetherfi.test.ivr.HostValueMappingUpdateTest" name="EditRevertHostValueMappingRecord" time="49.385"/>
  <testcase classname="com.tetherfi.test.ivr.HostValueMappingUpdateTest" name="VerifyRevertForEditRecord" time="47.240"/>
  <testcase classname="com.tetherfi.test.ivr.HostValueMappingUpdateTest" name="VerifyAuditTrialReportForRevertUpdate" time="59.634"/>
  <testcase classname="com.tetherfi.test.ivr.HostValueMappingUpdateTest" name="EditRejectRecord" time="45.147"/>
  <testcase classname="com.tetherfi.test.ivr.HostValueMappingUpdateTest" name="VerifySendForApprovalForEditRejectRecord" time="47.404"/>
  <testcase classname="com.tetherfi.test.ivr.HostValueMappingUpdateTest" name="RejectforEditHostValueMappingRecord" time="45.891"/>
  <testcase classname="com.tetherfi.test.ivr.HostValueMappingUpdateTest" name="VerifyAuditTrailReportForReject" time="59.496"/>
  <testcase classname="com.tetherfi.test.ivr.HostValueMappingUpdateTest" name="EditHostValueMappingRecord" time="45.954"/>
  <testcase classname="com.tetherfi.test.ivr.HostValueMappingUpdateTest" name="VerifyAuditTrailDataForEditHostValueMappingRecord" time="44.215"/>
  <testcase classname="com.tetherfi.test.ivr.HostValueMappingUpdateTest" name="VerifyAuditTrialReportForUpdate" time="59.773"/>
  <testcase classname="com.tetherfi.test.ivr.HostValueMappingUpdateTest" name="VerifySendForApprovalForRejectRecord" time="47.446"/>
  <testcase classname="com.tetherfi.test.ivr.HostValueMappingUpdateTest" name="VerifyAuditTrialReportForSendForApprovalUpdate" time="58.585"/>
  <testcase classname="com.tetherfi.test.ivr.HostValueMappingUpdateTest" name="ApproveforEditHostValueMappingRecord" time="48.808"/>
  <testcase classname="com.tetherfi.test.ivr.HostValueMappingUpdateTest" name="VerifyAuditTrailReportForApprove" time="59.804"/>
</testsuite> <!-- com.tetherfi.test.ivr.HostValueMappingUpdateTest -->
