<?xml version="1.0" encoding="UTF-8"?>
<!-- Generated by org.testng.reporters.JUnitReportReporter -->
<testsuite skipped="0" hostname="LAPTOP-NKH1C2HF" name="com.tetherfi.test.UserOnBoardingCreateTest" tests="22" failures="0" timestamp="2021-05-14T12:17:29 IST" time="1738.846" errors="0">
  <testcase name="VerifyAddCancelButton" time="41.837" classname="com.tetherfi.test.UserOnBoardingCreateTest"/>
  <testcase name="VerifyStepIconPresenceandAddRecordWithAlltheFiledsBlank" time="42.437" classname="com.tetherfi.test.UserOnBoardingCreateTest"/>
  <testcase name="VerifyAddRecordWithoutFirstName" time="116.734" classname="com.tetherfi.test.UserOnBoardingCreateTest"/>
  <testcase name="VerifyAddRecordWithoutLastName" time="118.258" classname="com.tetherfi.test.UserOnBoardingCreateTest"/>
  <testcase name="VerifyAddRecordWithoutLanID" time="110.888" classname="com.tetherfi.test.UserOnBoardingCreateTest"/>
  <testcase name="VerifyAddRecordWithoutAvayaLoginID" time="105.577" classname="com.tetherfi.test.UserOnBoardingCreateTest"/>
  <testcase name="VerifyAddRecordWithoutOrgUnit" time="75.421" classname="com.tetherfi.test.UserOnBoardingCreateTest"/>
  <testcase name="VerifyAddRecordWithoutProfile" time="110.784" classname="com.tetherfi.test.UserOnBoardingCreateTest"/>
  <testcase name="VerifyAddRevertRecord" time="120.389" classname="com.tetherfi.test.UserOnBoardingCreateTest"/>
  <testcase name="VerifyRevertForAddNewRecord" time="52.304" classname="com.tetherfi.test.UserOnBoardingCreateTest"/>
  <testcase name="VerifyAuditTrailReportForRevert" time="72.998" classname="com.tetherfi.test.UserOnBoardingCreateTest"/>
  <testcase name="AddRejectRecord" time="118.053" classname="com.tetherfi.test.UserOnBoardingCreateTest"/>
  <testcase name="VerifySendForApprovalForAddNewUserOnBoardingRecord" time="50.037" classname="com.tetherfi.test.UserOnBoardingCreateTest"/>
  <testcase name="RejectForAddNewUserOnBoardingRecord" time="47.337" classname="com.tetherfi.test.UserOnBoardingCreateTest"/>
  <testcase name="VerifyAuditTrailReportForReject" time="72.460" classname="com.tetherfi.test.UserOnBoardingCreateTest"/>
  <testcase name="AddNewUserOnBoardingRecord" time="123.842" classname="com.tetherfi.test.UserOnBoardingCreateTest"/>
  <testcase name="VerifyAuditTrailReportForCreate" time="73.896" classname="com.tetherfi.test.UserOnBoardingCreateTest"/>
  <testcase name="VerifyAuditTrailDataForAddNewUserOnBoardingRecord" time="42.384" classname="com.tetherfi.test.UserOnBoardingCreateTest"/>
  <testcase name="VerifySendForApprovalForAddNewUserOnBoarding" time="51.481" classname="com.tetherfi.test.UserOnBoardingCreateTest"/>
  <testcase name="VerifyAuditTrailReportForSendForApproval" time="72.995" classname="com.tetherfi.test.UserOnBoardingCreateTest"/>
  <testcase name="ApproveforAddNewUserOnBoardingRecord" time="46.801" classname="com.tetherfi.test.UserOnBoardingCreateTest"/>
  <testcase name="VerifyAuditTrailReportForApprove" time="71.933" classname="com.tetherfi.test.UserOnBoardingCreateTest"/>
</testsuite> <!-- com.tetherfi.test.UserOnBoardingCreateTest -->
