<?xml version="1.0" encoding="UTF-8"?>
<!-- Generated by org.testng.reporters.JUnitReportReporter -->
<testsuite hostname="DESKTOP-O6A5C2O" failures="0" tests="1" name="com.tetherfi.test.ivr.VBEnrollmentFlagTest" time="9.422" errors="0" timestamp="2019-10-30T10:59:31 IST" skipped="0">
  <testcase classname="com.tetherfi.test.ivr.VBEnrollmentFlagTest" name="database" time="9.422"/>
</testsuite> <!-- com.tetherfi.test.ivr.VBEnrollmentFlagTest -->
