<?xml version="1.0" encoding="UTF-8"?>
<!-- Generated by org.testng.reporters.JUnitReportReporter -->
<testsuite hostname="DESKTOP-O6A5C2O" failures="0" tests="23" name="com.tetherfi.test.sms.SmsResponseTemplateCreateTest" time="1076.871" errors="2" timestamp="2020-01-06T18:29:29 IST" skipped="0">
  <testcase classname="com.tetherfi.test.sms.SmsResponseTemplateCreateTest" name="VerifyAddCancelButton" time="36.352"/>
  <testcase classname="com.tetherfi.test.sms.SmsResponseTemplateCreateTest" name="VerifyAddRecordwithoutText" time="39.982"/>
  <testcase classname="com.tetherfi.test.sms.SmsResponseTemplateCreateTest" name="VerifyAddRecordWithoutIntent" time="41.196"/>
  <testcase classname="com.tetherfi.test.sms.SmsResponseTemplateCreateTest" name="VerifyAddRecordWithoutEnable" time="39.560"/>
  <testcase classname="com.tetherfi.test.sms.SmsResponseTemplateCreateTest" name="VerifyAddRecordWithoutICOMTemplateID" time="39.785"/>
  <testcase classname="com.tetherfi.test.sms.SmsResponseTemplateCreateTest" name="AddRevertRecord" time="40.177"/>
  <testcase classname="com.tetherfi.test.sms.SmsResponseTemplateCreateTest" name="VerifyRevertForAddNewRecord" time="50.628"/>
  <testcase classname="com.tetherfi.test.sms.SmsResponseTemplateCreateTest" name="VerifyApprovedDataSectionWithoutApproval" time="38.841"/>
  <testcase classname="com.tetherfi.test.sms.SmsResponseTemplateCreateTest" name="VerifyAuditTrailReportForRevert" time="62.675">
    <error type="java.lang.NullPointerException">
      <![CDATA[java.lang.NullPointerException
at com.tetherfi.pages.OCMReportsPage.verifySmsResponseTemplateCreate(OCMReportsPage.java:5254)
at com.tetherfi.test.sms.SmsResponseTemplateCreateTest.VerifyAuditTrailReportForRevert(SmsResponseTemplateCreateTest.java:158)
at java.base/jdk.internal.reflect.NativeMethodAccessorImpl.invoke0(Native Method)
at java.base/jdk.internal.reflect.NativeMethodAccessorImpl.invoke(Unknown Source)
at java.base/jdk.internal.reflect.DelegatingMethodAccessorImpl.invoke(Unknown Source)
at java.base/java.lang.reflect.Method.invoke(Unknown Source)
at org.testng.internal.MethodInvocationHelper.invokeMethod(MethodInvocationHelper.java:133)
at org.testng.internal.TestInvoker.invokeMethod(TestInvoker.java:584)
at org.testng.internal.TestInvoker.invokeTestMethod(TestInvoker.java:172)
at org.testng.internal.MethodRunner.runInSequence(MethodRunner.java:46)
at org.testng.internal.TestInvoker$MethodInvocationAgent.invoke(TestInvoker.java:804)
at org.testng.internal.TestInvoker.invokeTestMethods(TestInvoker.java:145)
at org.testng.internal.TestMethodWorker.invokeTestMethods(TestMethodWorker.java:146)
at org.testng.internal.TestMethodWorker.run(TestMethodWorker.java:128)
at java.base/java.util.ArrayList.forEach(Unknown Source)
at org.testng.TestRunner.privateRun(TestRunner.java:770)
at org.testng.TestRunner.run(TestRunner.java:591)
at org.testng.SuiteRunner.runTest(SuiteRunner.java:402)
at org.testng.SuiteRunner.runSequentially(SuiteRunner.java:396)
at org.testng.SuiteRunner.privateRun(SuiteRunner.java:355)
at org.testng.SuiteRunner.run(SuiteRunner.java:304)
at org.testng.SuiteRunnerWorker.runSuite(SuiteRunnerWorker.java:53)
at org.testng.SuiteRunnerWorker.run(SuiteRunnerWorker.java:96)
at org.testng.TestNG.runSuitesSequentially(TestNG.java:1180)
at org.testng.TestNG.runSuitesLocally(TestNG.java:1102)
at org.testng.TestNG.runSuites(TestNG.java:1032)
at org.testng.TestNG.run(TestNG.java:1000)
at org.testng.remote.AbstractRemoteTestNG.run(AbstractRemoteTestNG.java:115)
at org.testng.remote.RemoteTestNG.initAndRun(RemoteTestNG.java:251)
at org.testng.remote.RemoteTestNG.main(RemoteTestNG.java:77)
]]>
    </error>
  </testcase> <!-- VerifyAuditTrailReportForRevert -->
  <testcase classname="com.tetherfi.test.sms.SmsResponseTemplateCreateTest" name="AddRejectRecord" time="42.770"/>
  <testcase classname="com.tetherfi.test.sms.SmsResponseTemplateCreateTest" name="VerifySendForApprovalForAddNewRecord" time="44.911"/>
  <testcase classname="com.tetherfi.test.sms.SmsResponseTemplateCreateTest" name="RejectforAddNewSmsResponseTemplateRecord" time="44.706"/>
  <testcase classname="com.tetherfi.test.sms.SmsResponseTemplateCreateTest" name="VerifyAuditTrailReportForReject" time="62.660"/>
  <testcase classname="com.tetherfi.test.sms.SmsResponseTemplateCreateTest" name="VerifyRecordAfterRejection" time="39.715"/>
  <testcase classname="com.tetherfi.test.sms.SmsResponseTemplateCreateTest" name="AddNewSmsResponseTemplateRecord" time="41.034"/>
  <testcase classname="com.tetherfi.test.sms.SmsResponseTemplateCreateTest" name="VerifyAuditTrailReportForCreate" time="63.774">
    <error type="java.lang.NullPointerException">
      <![CDATA[java.lang.NullPointerException
at com.tetherfi.pages.OCMReportsPage.verifySmsResponseTemplateCreate(OCMReportsPage.java:5254)
at com.tetherfi.test.sms.SmsResponseTemplateCreateTest.VerifyAuditTrailReportForCreate(SmsResponseTemplateCreateTest.java:232)
at java.base/jdk.internal.reflect.NativeMethodAccessorImpl.invoke0(Native Method)
at java.base/jdk.internal.reflect.NativeMethodAccessorImpl.invoke(Unknown Source)
at java.base/jdk.internal.reflect.DelegatingMethodAccessorImpl.invoke(Unknown Source)
at java.base/java.lang.reflect.Method.invoke(Unknown Source)
at org.testng.internal.MethodInvocationHelper.invokeMethod(MethodInvocationHelper.java:133)
at org.testng.internal.TestInvoker.invokeMethod(TestInvoker.java:584)
at org.testng.internal.TestInvoker.invokeTestMethod(TestInvoker.java:172)
at org.testng.internal.MethodRunner.runInSequence(MethodRunner.java:46)
at org.testng.internal.TestInvoker$MethodInvocationAgent.invoke(TestInvoker.java:804)
at org.testng.internal.TestInvoker.invokeTestMethods(TestInvoker.java:145)
at org.testng.internal.TestMethodWorker.invokeTestMethods(TestMethodWorker.java:146)
at org.testng.internal.TestMethodWorker.run(TestMethodWorker.java:128)
at java.base/java.util.ArrayList.forEach(Unknown Source)
at org.testng.TestRunner.privateRun(TestRunner.java:770)
at org.testng.TestRunner.run(TestRunner.java:591)
at org.testng.SuiteRunner.runTest(SuiteRunner.java:402)
at org.testng.SuiteRunner.runSequentially(SuiteRunner.java:396)
at org.testng.SuiteRunner.privateRun(SuiteRunner.java:355)
at org.testng.SuiteRunner.run(SuiteRunner.java:304)
at org.testng.SuiteRunnerWorker.runSuite(SuiteRunnerWorker.java:53)
at org.testng.SuiteRunnerWorker.run(SuiteRunnerWorker.java:96)
at org.testng.TestNG.runSuitesSequentially(TestNG.java:1180)
at org.testng.TestNG.runSuitesLocally(TestNG.java:1102)
at org.testng.TestNG.runSuites(TestNG.java:1032)
at org.testng.TestNG.run(TestNG.java:1000)
at org.testng.remote.AbstractRemoteTestNG.run(AbstractRemoteTestNG.java:115)
at org.testng.remote.RemoteTestNG.initAndRun(RemoteTestNG.java:251)
at org.testng.remote.RemoteTestNG.main(RemoteTestNG.java:77)
]]>
    </error>
  </testcase> <!-- VerifyAuditTrailReportForCreate -->
  <testcase classname="com.tetherfi.test.sms.SmsResponseTemplateCreateTest" name="VerifyAuditTrailDataForAddNewSmsResponseTemplateRecord" time="40.146"/>
  <testcase classname="com.tetherfi.test.sms.SmsResponseTemplateCreateTest" name="VerifySendForApprovalForAddNewSmsResponseTemplateRecord" time="44.556"/>
  <testcase classname="com.tetherfi.test.sms.SmsResponseTemplateCreateTest" name="VerifyAuditTrailReportForSendForApproval" time="63.798"/>
  <testcase classname="com.tetherfi.test.sms.SmsResponseTemplateCreateTest" name="ApproveforAddNewSmsResponseTemplateRecord" time="53.081"/>
  <testcase classname="com.tetherfi.test.sms.SmsResponseTemplateCreateTest" name="VerifyAuditTrailReportForApprove" time="65.008"/>
  <testcase classname="com.tetherfi.test.sms.SmsResponseTemplateCreateTest" name="VerifyRecordApprovedDataSectionafterApproval" time="39.889"/>
  <testcase classname="com.tetherfi.test.sms.SmsResponseTemplateCreateTest" name="AddDuplicateRecord" time="41.627"/>
</testsuite> <!-- com.tetherfi.test.sms.SmsResponseTemplateCreateTest -->
