<?xml version="1.0" encoding="UTF-8"?>
<!-- Generated by org.testng.reporters.JUnitReportReporter -->
<testsuite skipped="0" hostname="TTF-BLR-SANTOSHKOUJALAGI" name="com.tetherfi.test.reports.OCMChatInteractionReportTest" tests="48" failures="3" timestamp="2021-09-01T03:02:53 IST" time="1234.518" errors="0">
  <testcase name="ShowChatInteractionReport" time="19.745" classname="com.tetherfi.test.reports.OCMChatInteractionReportTest"/>
  <testcase name="ShowOcmChatInteractionReportInNewTab" time="17.984" classname="com.tetherfi.test.reports.OCMChatInteractionReportTest"/>
  <testcase name="VerifyArrowMoveForPreviousAndNextPage" time="29.977" classname="com.tetherfi.test.reports.OCMChatInteractionReportTest"/>
  <testcase name="VerifyArrowMoveForFirstAndLastPage" time="26.103" classname="com.tetherfi.test.reports.OCMChatInteractionReportTest"/>
  <testcase name="VerifySearchByFeatureForChatInteractionReport" time="24.617" classname="com.tetherfi.test.reports.OCMChatInteractionReportTest"/>
  <testcase name="VerifySearchFeatureForIsEqualtoReport" time="23.396" classname="com.tetherfi.test.reports.OCMChatInteractionReportTest"/>
  <testcase name="VerifySearchIsNotEqualTo" time="34.201" classname="com.tetherfi.test.reports.OCMChatInteractionReportTest"/>
  <testcase name="VerifySearchContains" time="24.769" classname="com.tetherfi.test.reports.OCMChatInteractionReportTest"/>
  <testcase name="VerifySearchDoesNotContains" time="38.297" classname="com.tetherfi.test.reports.OCMChatInteractionReportTest"/>
  <testcase name="VerifySearchStartsWith" time="28.514" classname="com.tetherfi.test.reports.OCMChatInteractionReportTest"/>
  <testcase name="VerifySearchEndsWith" time="24.635" classname="com.tetherfi.test.reports.OCMChatInteractionReportTest"/>
  <testcase name="searchwithoutSearchTextbox" time="22.325" classname="com.tetherfi.test.reports.OCMChatInteractionReportTest"/>
  <testcase name="ClearSearch" time="20.449" classname="com.tetherfi.test.reports.OCMChatInteractionReportTest"/>
  <testcase name="verifyAdvancedSearchinreportpage" time="27.241" classname="com.tetherfi.test.reports.OCMChatInteractionReportTest"/>
  <testcase name="verifyAdvancedSearchinreportpageSearchNotEqualTo" time="41.067" classname="com.tetherfi.test.reports.OCMChatInteractionReportTest"/>
  <testcase name="verifyAdvancedSearchinreportpageSearchcontains" time="25.317" classname="com.tetherfi.test.reports.OCMChatInteractionReportTest"/>
  <testcase name="verifyAdvancedSearchinreportpageSearchDoesnotcontains" time="71.579" classname="com.tetherfi.test.reports.OCMChatInteractionReportTest"/>
  <testcase name="verifyAdvancedSearchinreportpageSearchStartswith" time="24.523" classname="com.tetherfi.test.reports.OCMChatInteractionReportTest"/>
  <testcase name="verifyAdvancedSearchinreportpageSearchEndswith" time="26.471" classname="com.tetherfi.test.reports.OCMChatInteractionReportTest"/>
  <testcase name="verifyAdvancedSearchANDCriteria" time="37.603" classname="com.tetherfi.test.reports.OCMChatInteractionReportTest"/>
  <testcase name="verifyAdvancedSearchORCriteria" time="46.450" classname="com.tetherfi.test.reports.OCMChatInteractionReportTest"/>
  <testcase name="ClearfiltersAdvSrch" time="21.636" classname="com.tetherfi.test.reports.OCMChatInteractionReportTest"/>
  <testcase name="GroupBy" time="22.702" classname="com.tetherfi.test.reports.OCMChatInteractionReportTest"/>
  <testcase name="VerifySorting" time="20.056" classname="com.tetherfi.test.reports.OCMChatInteractionReportTest"/>
  <testcase name="database" time="52.778" classname="com.tetherfi.test.reports.OCMChatInteractionReportTest">
    <failure type="java.lang.AssertionError" message="UI and Database data mismatch did not expect to find [true] but found [false]">
      <![CDATA[java.lang.AssertionError: UI and Database data mismatch did not expect to find [true] but found [false]
at org.testng.Assert.fail(Assert.java:97)
at org.testng.Assert.failNotEquals(Assert.java:969)
at org.testng.Assert.assertTrue(Assert.java:43)
at com.tetherfi.test.reports.OCMChatInteractionReportTest.database(OCMChatInteractionReportTest.java:309)
at sun.reflect.NativeMethodAccessorImpl.invoke0(Native Method)
at sun.reflect.NativeMethodAccessorImpl.invoke(Unknown Source)
at sun.reflect.DelegatingMethodAccessorImpl.invoke(Unknown Source)
at java.lang.reflect.Method.invoke(Unknown Source)
at org.testng.internal.MethodInvocationHelper.invokeMethod(MethodInvocationHelper.java:133)
at org.testng.internal.TestInvoker.invokeMethod(TestInvoker.java:584)
at org.testng.internal.TestInvoker.invokeTestMethod(TestInvoker.java:172)
at org.testng.internal.MethodRunner.runInSequence(MethodRunner.java:46)
at org.testng.internal.TestInvoker$MethodInvocationAgent.invoke(TestInvoker.java:804)
at org.testng.internal.TestInvoker.invokeTestMethods(TestInvoker.java:145)
at org.testng.internal.TestMethodWorker.invokeTestMethods(TestMethodWorker.java:146)
at org.testng.internal.TestMethodWorker.run(TestMethodWorker.java:128)
at java.util.ArrayList.forEach(Unknown Source)
at org.testng.TestRunner.privateRun(TestRunner.java:770)
at org.testng.TestRunner.run(TestRunner.java:591)
at org.testng.SuiteRunner.runTest(SuiteRunner.java:402)
at org.testng.SuiteRunner.runSequentially(SuiteRunner.java:396)
at org.testng.SuiteRunner.privateRun(SuiteRunner.java:355)
at org.testng.SuiteRunner.run(SuiteRunner.java:304)
at org.testng.SuiteRunnerWorker.runSuite(SuiteRunnerWorker.java:53)
at org.testng.SuiteRunnerWorker.run(SuiteRunnerWorker.java:96)
at org.testng.TestNG.runSuitesSequentially(TestNG.java:1180)
at org.testng.TestNG.runSuitesLocally(TestNG.java:1102)
at org.testng.TestNG.runSuites(TestNG.java:1032)
at org.testng.TestNG.run(TestNG.java:1000)
at org.testng.remote.AbstractRemoteTestNG.run(AbstractRemoteTestNG.java:115)
at org.testng.remote.RemoteTestNG.initAndRun(RemoteTestNG.java:251)
at org.testng.remote.RemoteTestNG.main(RemoteTestNG.java:77)
]]>
    </failure>
  </testcase> <!-- database -->
  <testcase name="ScheduleChatInteractionReport" time="15.275" classname="com.tetherfi.test.reports.OCMChatInteractionReportTest"/>
  <testcase name="ExportOcmChatInteractionReport" time="14.068" classname="com.tetherfi.test.reports.OCMChatInteractionReportTest"/>
  <testcase name="ViewDownloadedOcmChatInteractionReportInReportsDownloadPage" time="12.545" classname="com.tetherfi.test.reports.OCMChatInteractionReportTest"/>
  <testcase name="DeleteWithoutDeleteReasonRecordinReportsDownloadforSingleDate" time="11.080" classname="com.tetherfi.test.reports.OCMChatInteractionReportTest">
    <failure type="java.lang.AssertionError" message="empty delete reason record assertion failed did not expect to find [true] but found [false]">
      <![CDATA[java.lang.AssertionError: empty delete reason record assertion failed did not expect to find [true] but found [false]
at org.testng.Assert.fail(Assert.java:97)
at org.testng.Assert.failNotEquals(Assert.java:969)
at org.testng.Assert.assertTrue(Assert.java:43)
at com.tetherfi.test.reports.OCMChatInteractionReportTest.DeleteWithoutDeleteReasonRecordinReportsDownloadforSingleDate(OCMChatInteractionReportTest.java:350)
at sun.reflect.NativeMethodAccessorImpl.invoke0(Native Method)
at sun.reflect.NativeMethodAccessorImpl.invoke(Unknown Source)
at sun.reflect.DelegatingMethodAccessorImpl.invoke(Unknown Source)
at java.lang.reflect.Method.invoke(Unknown Source)
at org.testng.internal.MethodInvocationHelper.invokeMethod(MethodInvocationHelper.java:133)
at org.testng.internal.TestInvoker.invokeMethod(TestInvoker.java:584)
at org.testng.internal.TestInvoker.invokeTestMethod(TestInvoker.java:172)
at org.testng.internal.MethodRunner.runInSequence(MethodRunner.java:46)
at org.testng.internal.TestInvoker$MethodInvocationAgent.invoke(TestInvoker.java:804)
at org.testng.internal.TestInvoker.invokeTestMethods(TestInvoker.java:145)
at org.testng.internal.TestMethodWorker.invokeTestMethods(TestMethodWorker.java:146)
at org.testng.internal.TestMethodWorker.run(TestMethodWorker.java:128)
at java.util.ArrayList.forEach(Unknown Source)
at org.testng.TestRunner.privateRun(TestRunner.java:770)
at org.testng.TestRunner.run(TestRunner.java:591)
at org.testng.SuiteRunner.runTest(SuiteRunner.java:402)
at org.testng.SuiteRunner.runSequentially(SuiteRunner.java:396)
at org.testng.SuiteRunner.privateRun(SuiteRunner.java:355)
at org.testng.SuiteRunner.run(SuiteRunner.java:304)
at org.testng.SuiteRunnerWorker.runSuite(SuiteRunnerWorker.java:53)
at org.testng.SuiteRunnerWorker.run(SuiteRunnerWorker.java:96)
at org.testng.TestNG.runSuitesSequentially(TestNG.java:1180)
at org.testng.TestNG.runSuitesLocally(TestNG.java:1102)
at org.testng.TestNG.runSuites(TestNG.java:1032)
at org.testng.TestNG.run(TestNG.java:1000)
at org.testng.remote.AbstractRemoteTestNG.run(AbstractRemoteTestNG.java:115)
at org.testng.remote.RemoteTestNG.initAndRun(RemoteTestNG.java:251)
at org.testng.remote.RemoteTestNG.main(RemoteTestNG.java:77)
]]>
    </failure>
  </testcase> <!-- DeleteWithoutDeleteReasonRecordinReportsDownloadforSingleDate -->
  <testcase name="VerifyCancelBtnAtReportsDownloadforSingleDate" time="34.307" classname="com.tetherfi.test.reports.OCMChatInteractionReportTest"/>
  <testcase name="DeleteRecordforSingleDate" time="11.617" classname="com.tetherfi.test.reports.OCMChatInteractionReportTest"/>
  <testcase name="ShowOcmChatInteractionReportForDateRange" time="16.768" classname="com.tetherfi.test.reports.OCMChatInteractionReportTest"/>
  <testcase name="ShowOcmChatInteractionReportInNewTabDateRange" time="16.837" classname="com.tetherfi.test.reports.OCMChatInteractionReportTest"/>
  <testcase name="ScheduleChatInteractionReportforDateRange" time="16.803" classname="com.tetherfi.test.reports.OCMChatInteractionReportTest"/>
  <testcase name="ExportOcmChatInteractionReportDateRange" time="15.813" classname="com.tetherfi.test.reports.OCMChatInteractionReportTest"/>
  <testcase name="ViewDownloadedOcmChatInteractionReportInReportsDownloadPageDateRange" time="11.598" classname="com.tetherfi.test.reports.OCMChatInteractionReportTest"/>
  <testcase name="ClearAll" time="13.588" classname="com.tetherfi.test.reports.OCMChatInteractionReportTest"/>
  <testcase name="OCMWindow" time="17.821" classname="com.tetherfi.test.reports.OCMChatInteractionReportTest"/>
  <testcase name="VerifyDropdownForAllTheColumns" time="35.841" classname="com.tetherfi.test.reports.OCMChatInteractionReportTest"/>
  <testcase name="VerifyColumnsHeaderEnable" time="26.591" classname="com.tetherfi.test.reports.OCMChatInteractionReportTest"/>
  <testcase name="VerifyColumnsHeaderDisable" time="40.107" classname="com.tetherfi.test.reports.OCMChatInteractionReportTest"/>
  <testcase name="VerifyTotalNumberOfItemsPerPageDetails" time="16.398" classname="com.tetherfi.test.reports.OCMChatInteractionReportTest"/>
  <testcase name="VerifyNumberOfItemsPerPageSelection" time="47.202" classname="com.tetherfi.test.reports.OCMChatInteractionReportTest"/>
  <testcase name="ExportPage" time="18.954" classname="com.tetherfi.test.reports.OCMChatInteractionReportTest"/>
  <testcase name="VerifyExportedPage" time="33.021" classname="com.tetherfi.test.reports.OCMChatInteractionReportTest">
    <failure type="java.lang.AssertionError" message="did not expect to find [true] but found [false]">
      <![CDATA[java.lang.AssertionError: did not expect to find [true] but found [false]
at org.testng.Assert.fail(Assert.java:97)
at org.testng.Assert.failNotEquals(Assert.java:969)
at org.testng.Assert.assertTrue(Assert.java:43)
at org.testng.Assert.assertTrue(Assert.java:53)
at com.tetherfi.test.reports.OCMChatInteractionReportTest.VerifyExportedPage(OCMChatInteractionReportTest.java:527)
at sun.reflect.NativeMethodAccessorImpl.invoke0(Native Method)
at sun.reflect.NativeMethodAccessorImpl.invoke(Unknown Source)
at sun.reflect.DelegatingMethodAccessorImpl.invoke(Unknown Source)
at java.lang.reflect.Method.invoke(Unknown Source)
at org.testng.internal.MethodInvocationHelper.invokeMethod(MethodInvocationHelper.java:133)
at org.testng.internal.TestInvoker.invokeMethod(TestInvoker.java:584)
at org.testng.internal.TestInvoker.invokeTestMethod(TestInvoker.java:172)
at org.testng.internal.MethodRunner.runInSequence(MethodRunner.java:46)
at org.testng.internal.TestInvoker$MethodInvocationAgent.invoke(TestInvoker.java:804)
at org.testng.internal.TestInvoker.invokeTestMethods(TestInvoker.java:145)
at org.testng.internal.TestMethodWorker.invokeTestMethods(TestMethodWorker.java:146)
at org.testng.internal.TestMethodWorker.run(TestMethodWorker.java:128)
at java.util.ArrayList.forEach(Unknown Source)
at org.testng.TestRunner.privateRun(TestRunner.java:770)
at org.testng.TestRunner.run(TestRunner.java:591)
at org.testng.SuiteRunner.runTest(SuiteRunner.java:402)
at org.testng.SuiteRunner.runSequentially(SuiteRunner.java:396)
at org.testng.SuiteRunner.privateRun(SuiteRunner.java:355)
at org.testng.SuiteRunner.run(SuiteRunner.java:304)
at org.testng.SuiteRunnerWorker.runSuite(SuiteRunnerWorker.java:53)
at org.testng.SuiteRunnerWorker.run(SuiteRunnerWorker.java:96)
at org.testng.TestNG.runSuitesSequentially(TestNG.java:1180)
at org.testng.TestNG.runSuitesLocally(TestNG.java:1102)
at org.testng.TestNG.runSuites(TestNG.java:1032)
at org.testng.TestNG.run(TestNG.java:1000)
at org.testng.remote.AbstractRemoteTestNG.run(AbstractRemoteTestNG.java:115)
at org.testng.remote.RemoteTestNG.initAndRun(RemoteTestNG.java:251)
at org.testng.remote.RemoteTestNG.main(RemoteTestNG.java:77)
]]>
    </failure>
  </testcase> <!-- VerifyExportedPage -->
  <testcase name="SchedulereportinChatInteractionReportPage" time="17.345" classname="com.tetherfi.test.reports.OCMChatInteractionReportTest"/>
  <testcase name="ExportToExcel" time="16.429" classname="com.tetherfi.test.reports.OCMChatInteractionReportTest"/>
  <testcase name="ViewDownloadedOcmChatInteractionReportInReportsDownloadPageinChatInteractionPg" time="22.075" classname="com.tetherfi.test.reports.OCMChatInteractionReportTest"/>
</testsuite> <!-- com.tetherfi.test.reports.OCMChatInteractionReportTest -->
