<?xml version="1.0" encoding="UTF-8"?>
<!-- Generated by org.testng.reporters.JUnitReportReporter -->
<testsuite skipped="0" hostname="DESKTOP-NJVBPFB" name="com.tetherfi.test.reports.OCMAgentInteractionReportTest" tests="1" failures="0" timestamp="2020-04-17T12:18:39 IST" time="76.833" errors="0">
  <testcase name="database" time="76.833" classname="com.tetherfi.test.reports.OCMAgentInteractionReportTest"/>
</testsuite> <!-- com.tetherfi.test.reports.OCMAgentInteractionReportTest -->
