<?xml version="1.0" encoding="UTF-8"?>
<!-- Generated by org.testng.reporters.JUnitReportReporter -->
<testsuite skipped="0" hostname="TTF-BLR-SANTOSHKOUJALAGI" name="com.tetherfi.test.chat.TextTemplatesTest" tests="4" failures="0" timestamp="2021-12-01T11:00:47 IST" time="65.924" errors="0">
  <testcase name="TextTemplatesPage" time="10.366" classname="com.tetherfi.test.chat.TextTemplatesTest"/>
  <testcase name="VerifyDepartmentsDropdownForAllTheColumns" time="18.507" classname="com.tetherfi.test.chat.TextTemplatesTest"/>
  <testcase name="VerifyDepartmentsColumnsHeaderEnable" time="14.451" classname="com.tetherfi.test.chat.TextTemplatesTest"/>
  <testcase name="VerifyDepartmentsColumnsHeaderDisable" time="22.600" classname="com.tetherfi.test.chat.TextTemplatesTest"/>
</testsuite> <!-- com.tetherfi.test.chat.TextTemplatesTest -->
