<?xml version="1.0" encoding="UTF-8"?>
<!-- Generated by org.testng.reporters.JUnitReportReporter -->
<testsuite hostname="DESKTOP-O6A5C2O" failures="0" tests="16" name="com.tetherfi.test.sms.SmsResponseTemplateDeleteTest" time="853.446" errors="0" timestamp="2020-01-06T19:36:00 IST" skipped="0">
  <testcase classname="com.tetherfi.test.sms.SmsResponseTemplateDeleteTest" name="DeleteCancelSmsResponseTemplateRecord" time="43.878"/>
  <testcase classname="com.tetherfi.test.sms.SmsResponseTemplateDeleteTest" name="DeleteWithoutModifyReasonRecord" time="48.123"/>
  <testcase classname="com.tetherfi.test.sms.SmsResponseTemplateDeleteTest" name="DeleteRecord" time="44.112"/>
  <testcase classname="com.tetherfi.test.sms.SmsResponseTemplateDeleteTest" name="VerifyRevertForDeleteRecord" time="47.613"/>
  <testcase classname="com.tetherfi.test.sms.SmsResponseTemplateDeleteTest" name="VerifyAuditTrialReportForRevertDelete" time="63.821"/>
  <testcase classname="com.tetherfi.test.sms.SmsResponseTemplateDeleteTest" name="RejectDeleteRecord" time="48.324"/>
  <testcase classname="com.tetherfi.test.sms.SmsResponseTemplateDeleteTest" name="VerifySendForApprovalForDeleteNewRecord" time="52.201"/>
  <testcase classname="com.tetherfi.test.sms.SmsResponseTemplateDeleteTest" name="RejectforDeleteSmsResponseTemplateRecord" time="50.879"/>
  <testcase classname="com.tetherfi.test.sms.SmsResponseTemplateDeleteTest" name="VerifyAuditTrailReportForReject" time="68.433"/>
  <testcase classname="com.tetherfi.test.sms.SmsResponseTemplateDeleteTest" name="DeleteSmsResponseTemplateRecord" time="50.852"/>
  <testcase classname="com.tetherfi.test.sms.SmsResponseTemplateDeleteTest" name="VerifyAuditTrialReportForDelete" time="62.722"/>
  <testcase classname="com.tetherfi.test.sms.SmsResponseTemplateDeleteTest" name="VerifyAuditTrailDataForDeleteSmsResponseTemplateRecord" time="40.925"/>
  <testcase classname="com.tetherfi.test.sms.SmsResponseTemplateDeleteTest" name="VerifySendForApprovalForDeleteRecord" time="47.881"/>
  <testcase classname="com.tetherfi.test.sms.SmsResponseTemplateDeleteTest" name="VerifyAuditTrailReportForSendForApprove" time="65.214"/>
  <testcase classname="com.tetherfi.test.sms.SmsResponseTemplateDeleteTest" name="ApproveforDeleteSmsResponseTemplateRecord" time="55.833"/>
  <testcase classname="com.tetherfi.test.sms.SmsResponseTemplateDeleteTest" name="VerifyAuditTrailReportForApprove" time="62.635"/>
</testsuite> <!-- com.tetherfi.test.sms.SmsResponseTemplateDeleteTest -->
