<?xml version="1.0" encoding="UTF-8"?>
<!-- Generated by org.testng.reporters.JUnitReportReporter -->
<testsuite skipped="0" hostname="TTF-BLR-SANTOSHKOUJALAGI" name="com.tetherfi.test.ivr.OperatingHoursTest" tests="40" failures="0" timestamp="2021-08-10T20:54:33 IST" time="511.289" errors="0">
  <testcase name="OperatingHoursPage" time="3.458" classname="com.tetherfi.test.ivr.OperatingHoursTest"/>
  <testcase name="AddNewOperatingHoursRecord" time="19.097" classname="com.tetherfi.test.ivr.OperatingHoursTest"/>
  <testcase name="AddAlldaysOperatingHoursRecord" time="9.471" classname="com.tetherfi.test.ivr.OperatingHoursTest"/>
  <testcase name="AddLeavingFieldsBlank" time="3.281" classname="com.tetherfi.test.ivr.OperatingHoursTest"/>
  <testcase name="AddLeavingVDNBlank" time="12.398" classname="com.tetherfi.test.ivr.OperatingHoursTest"/>
  <testcase name="AddLeavingWeekDayFieldsBlank" time="9.567" classname="com.tetherfi.test.ivr.OperatingHoursTest"/>
  <testcase name="AddLeavingStartTimeFieldsBlank" time="12.127" classname="com.tetherfi.test.ivr.OperatingHoursTest"/>
  <testcase name="AddLeavingEndTimeFieldsBlank" time="12.543" classname="com.tetherfi.test.ivr.OperatingHoursTest"/>
  <testcase name="AddLeavingBypassPublicHolidayFieldsBlank" time="13.943" classname="com.tetherfi.test.ivr.OperatingHoursTest"/>
  <testcase name="AddDuplicateRecord" time="7.941" classname="com.tetherfi.test.ivr.OperatingHoursTest"/>
  <testcase name="AddInvalidVDNRecord" time="10.863" classname="com.tetherfi.test.ivr.OperatingHoursTest"/>
  <testcase name="AddInvalidStartTimeRecord" time="12.540" classname="com.tetherfi.test.ivr.OperatingHoursTest"/>
  <testcase name="AddInvalidStartAndEndTimeRecord" time="11.115" classname="com.tetherfi.test.ivr.OperatingHoursTest"/>
  <testcase name="EditOperatingHoursCancelRecord" time="18.014" classname="com.tetherfi.test.ivr.OperatingHoursTest"/>
  <testcase name="EditRecordWithoutReason" time="17.895" classname="com.tetherfi.test.ivr.OperatingHoursTest"/>
  <testcase name="EditOperatingHoursRecord" time="19.275" classname="com.tetherfi.test.ivr.OperatingHoursTest"/>
  <testcase name="EditInvalidRecord" time="37.815" classname="com.tetherfi.test.ivr.OperatingHoursTest"/>
  <testcase name="searchPage" time="6.771" classname="com.tetherfi.test.ivr.OperatingHoursTest"/>
  <testcase name="VerifySearchIsNotEqualTo" time="23.390" classname="com.tetherfi.test.ivr.OperatingHoursTest"/>
  <testcase name="VerifySearchContains" time="13.549" classname="com.tetherfi.test.ivr.OperatingHoursTest"/>
  <testcase name="VerifySearchDoesNotContains" time="18.794" classname="com.tetherfi.test.ivr.OperatingHoursTest"/>
  <testcase name="VerifySearchStartsWith" time="13.636" classname="com.tetherfi.test.ivr.OperatingHoursTest"/>
  <testcase name="VerifySearchEndsWith" time="13.239" classname="com.tetherfi.test.ivr.OperatingHoursTest"/>
  <testcase name="SearchClearSearch" time="8.214" classname="com.tetherfi.test.ivr.OperatingHoursTest"/>
  <testcase name="ExportToExcel" time="5.189" classname="com.tetherfi.test.ivr.OperatingHoursTest"/>
  <testcase name="ExportToExcelData" time="15.509" classname="com.tetherfi.test.ivr.OperatingHoursTest"/>
  <testcase name="ExporttoExcelWithoutData" time="8.613" classname="com.tetherfi.test.ivr.OperatingHoursTest"/>
  <testcase name="SortingByAscending" time="19.009" classname="com.tetherfi.test.ivr.OperatingHoursTest"/>
  <testcase name="SortingByDescending" time="21.074" classname="com.tetherfi.test.ivr.OperatingHoursTest"/>
  <testcase name="GroupBy" time="7.150" classname="com.tetherfi.test.ivr.OperatingHoursTest"/>
  <testcase name="VerifyArrowMoveForPreviousAndNextPage" time="3.449" classname="com.tetherfi.test.ivr.OperatingHoursTest"/>
  <testcase name="VerifyArrowMoveForFirstAndLastPage" time="3.476" classname="com.tetherfi.test.ivr.OperatingHoursTest"/>
  <testcase name="VerifyTotalNumberOfItemsPerPageDetails" time="1.687" classname="com.tetherfi.test.ivr.OperatingHoursTest"/>
  <testcase name="VerifyNumberOfItemsPerPageSelection" time="15.302" classname="com.tetherfi.test.ivr.OperatingHoursTest"/>
  <testcase name="VerifyDropdownForAllTheColumns" time="19.426" classname="com.tetherfi.test.ivr.OperatingHoursTest"/>
  <testcase name="VerifyColumnsHeaderEnable" time="9.956" classname="com.tetherfi.test.ivr.OperatingHoursTest"/>
  <testcase name="VerifyColumnsHeaderDisable" time="12.754" classname="com.tetherfi.test.ivr.OperatingHoursTest"/>
  <testcase name="DeleteWithoutDeleteReason" time="15.125" classname="com.tetherfi.test.ivr.OperatingHoursTest"/>
  <testcase name="DeleteOperatinghoursRecord" time="12.127" classname="com.tetherfi.test.ivr.OperatingHoursTest"/>
  <testcase name="database" time="12.507" classname="com.tetherfi.test.ivr.OperatingHoursTest"/>
</testsuite> <!-- com.tetherfi.test.ivr.OperatingHoursTest -->
