<?xml version="1.0" encoding="UTF-8"?>
<!-- Generated by org.testng.reporters.JUnitReportReporter -->
<testsuite skipped="0" hostname="DESKTOP-NJVBPFB" name="com.tetherfi.test.ivr.VBEnrollmentFlagTest" tests="2" failures="0" timestamp="2020-05-06T17:17:27 IST" time="26.816" errors="0">
  <testcase name="AddNewVBEnrollmentFlagRecord" time="13.596" classname="com.tetherfi.test.ivr.VBEnrollmentFlagTest"/>
  <testcase name="DeleteVBEnrollmentFlagRecord" time="13.220" classname="com.tetherfi.test.ivr.VBEnrollmentFlagTest"/>
</testsuite> <!-- com.tetherfi.test.ivr.VBEnrollmentFlagTest -->
