<?xml version="1.0" encoding="UTF-8"?>
<!-- Generated by org.testng.reporters.JUnitReportReporter -->
<testsuite hostname="DESKTOP-O6A5C2O" failures="1" tests="39" name="com.tetherfi.test.ivr.MenuDescriptionMappingTest" time="538.878" errors="0" timestamp="2019-10-22T10:49:28 IST" skipped="0">
  <testcase classname="com.tetherfi.test.ivr.MenuDescriptionMappingTest" name="MenuDescriptionMappingPage" time="7.020"/>
  <testcase classname="com.tetherfi.test.ivr.MenuDescriptionMappingTest" name="VerifyDropdownForAllTheColumns" time="13.113"/>
  <testcase classname="com.tetherfi.test.ivr.MenuDescriptionMappingTest" name="VerifyColumnsHeaderEnable" time="9.806"/>
  <testcase classname="com.tetherfi.test.ivr.MenuDescriptionMappingTest" name="VerifyColumnsHeaderDisable" time="9.919"/>
  <testcase classname="com.tetherfi.test.ivr.MenuDescriptionMappingTest" name="AddNewMenuDescriptionMappingRecord" time="7.793"/>
  <testcase classname="com.tetherfi.test.ivr.MenuDescriptionMappingTest" name="AddDuplicateMenuDescriptionMappingRecord" time="7.435"/>
  <testcase classname="com.tetherfi.test.ivr.MenuDescriptionMappingTest" name="VerifyAuditTrialReportForCreate" time="29.269"/>
  <testcase classname="com.tetherfi.test.ivr.MenuDescriptionMappingTest" name="AddEmptyRecord" time="6.083"/>
  <testcase classname="com.tetherfi.test.ivr.MenuDescriptionMappingTest" name="AddRecordWithoutMenuID" time="7.376"/>
  <testcase classname="com.tetherfi.test.ivr.MenuDescriptionMappingTest" name="AddRecordWithoutMenuName" time="7.151"/>
  <testcase classname="com.tetherfi.test.ivr.MenuDescriptionMappingTest" name="AddRecordWithoutIntent" time="7.706"/>
  <testcase classname="com.tetherfi.test.ivr.MenuDescriptionMappingTest" name="VerifyCancelBtnAtAddRecord" time="49.183"/>
  <testcase classname="com.tetherfi.test.ivr.MenuDescriptionMappingTest" name="EditMenuDescriptionMappingRecord" time="12.699"/>
  <testcase classname="com.tetherfi.test.ivr.MenuDescriptionMappingTest" name="VerifyAuditTrialReportForUpdate" time="27.886"/>
  <testcase classname="com.tetherfi.test.ivr.MenuDescriptionMappingTest" name="EditWithoutModifyReasonRecord" time="11.814"/>
  <testcase classname="com.tetherfi.test.ivr.MenuDescriptionMappingTest" name="VerifyCancelBtnAtEditRecord" time="52.143"/>
  <testcase classname="com.tetherfi.test.ivr.MenuDescriptionMappingTest" name="searchPage" time="9.121"/>
  <testcase classname="com.tetherfi.test.ivr.MenuDescriptionMappingTest" name="VerifySearchIsNotEqualTo" time="11.107"/>
  <testcase classname="com.tetherfi.test.ivr.MenuDescriptionMappingTest" name="VerifySearchContains" time="9.579"/>
  <testcase classname="com.tetherfi.test.ivr.MenuDescriptionMappingTest" name="VerifySearchDoesNotContains" time="10.812"/>
  <testcase classname="com.tetherfi.test.ivr.MenuDescriptionMappingTest" name="VerifySearchStartsWith" time="9.592"/>
  <testcase classname="com.tetherfi.test.ivr.MenuDescriptionMappingTest" name="VerifySearchEndsWith" time="11.474"/>
  <testcase classname="com.tetherfi.test.ivr.MenuDescriptionMappingTest" name="searchwithoutSearchTextbox" time="8.934"/>
  <testcase classname="com.tetherfi.test.ivr.MenuDescriptionMappingTest" name="ExportToExcel" time="8.468"/>
  <testcase classname="com.tetherfi.test.ivr.MenuDescriptionMappingTest" name="ExportToExcelData" time="6.660"/>
  <testcase classname="com.tetherfi.test.ivr.MenuDescriptionMappingTest" name="DeleteWithoutDeleteReasonRecord" time="10.877"/>
  <testcase classname="com.tetherfi.test.ivr.MenuDescriptionMappingTest" name="VerifyCancelBtnAtDeleteMenuDescriptionMappingRecord" time="51.231"/>
  <testcase classname="com.tetherfi.test.ivr.MenuDescriptionMappingTest" name="DeleteMenuDescriptionMappingRecord" time="11.778"/>
  <testcase classname="com.tetherfi.test.ivr.MenuDescriptionMappingTest" name="VerifyAuditTrialReportForDelete" time="27.923"/>
  <testcase classname="com.tetherfi.test.ivr.MenuDescriptionMappingTest" name="SearchClearSearch" time="9.553"/>
  <testcase classname="com.tetherfi.test.ivr.MenuDescriptionMappingTest" name="ExporttoExcelWithoutData" time="9.245"/>
  <testcase classname="com.tetherfi.test.ivr.MenuDescriptionMappingTest" name="SortingByAscending" time="9.489"/>
  <testcase classname="com.tetherfi.test.ivr.MenuDescriptionMappingTest" name="SortingByDescending" time="9.456"/>
  <testcase classname="com.tetherfi.test.ivr.MenuDescriptionMappingTest" name="GroupBy" time="8.934"/>
  <testcase classname="com.tetherfi.test.ivr.MenuDescriptionMappingTest" name="VerifyArrowMoveForPreviousAndNextPage" time="6.768"/>
  <testcase classname="com.tetherfi.test.ivr.MenuDescriptionMappingTest" name="VerifyArrowMoveForFirstAndLastPage" time="5.490"/>
  <testcase classname="com.tetherfi.test.ivr.MenuDescriptionMappingTest" name="VerifyTotalNumberOfItemsPerPageDetails" time="5.792">
    <failure message="item per page assertion failed did not expect to find [true] but found [false]" type="java.lang.AssertionError">
      <![CDATA[java.lang.AssertionError: item per page assertion failed did not expect to find [true] but found [false]
at org.testng.Assert.fail(Assert.java:97)
at org.testng.Assert.failNotEquals(Assert.java:969)
at org.testng.Assert.assertTrue(Assert.java:43)
at com.tetherfi.test.ivr.MenuDescriptionMappingTest.VerifyTotalNumberOfItemsPerPageDetails(MenuDescriptionMappingTest.java:390)
at java.base/jdk.internal.reflect.NativeMethodAccessorImpl.invoke0(Native Method)
at java.base/jdk.internal.reflect.NativeMethodAccessorImpl.invoke(Unknown Source)
at java.base/jdk.internal.reflect.DelegatingMethodAccessorImpl.invoke(Unknown Source)
at java.base/java.lang.reflect.Method.invoke(Unknown Source)
at org.testng.internal.MethodInvocationHelper.invokeMethod(MethodInvocationHelper.java:133)
at org.testng.internal.TestInvoker.invokeMethod(TestInvoker.java:584)
at org.testng.internal.TestInvoker.invokeTestMethod(TestInvoker.java:172)
at org.testng.internal.MethodRunner.runInSequence(MethodRunner.java:46)
at org.testng.internal.TestInvoker$MethodInvocationAgent.invoke(TestInvoker.java:804)
at org.testng.internal.TestInvoker.invokeTestMethods(TestInvoker.java:145)
at org.testng.internal.TestMethodWorker.invokeTestMethods(TestMethodWorker.java:146)
at org.testng.internal.TestMethodWorker.run(TestMethodWorker.java:128)
at java.base/java.util.ArrayList.forEach(Unknown Source)
at org.testng.TestRunner.privateRun(TestRunner.java:770)
at org.testng.TestRunner.run(TestRunner.java:591)
at org.testng.SuiteRunner.runTest(SuiteRunner.java:402)
at org.testng.SuiteRunner.runSequentially(SuiteRunner.java:396)
at org.testng.SuiteRunner.privateRun(SuiteRunner.java:355)
at org.testng.SuiteRunner.run(SuiteRunner.java:304)
at org.testng.SuiteRunnerWorker.runSuite(SuiteRunnerWorker.java:53)
at org.testng.SuiteRunnerWorker.run(SuiteRunnerWorker.java:96)
at org.testng.TestNG.runSuitesSequentially(TestNG.java:1180)
at org.testng.TestNG.runSuitesLocally(TestNG.java:1102)
at org.testng.TestNG.runSuites(TestNG.java:1032)
at org.testng.TestNG.run(TestNG.java:1000)
at org.testng.remote.AbstractRemoteTestNG.run(AbstractRemoteTestNG.java:115)
at org.testng.remote.RemoteTestNG.initAndRun(RemoteTestNG.java:251)
at org.testng.remote.RemoteTestNG.main(RemoteTestNG.java:77)
]]>
    </failure>
  </testcase> <!-- VerifyTotalNumberOfItemsPerPageDetails -->
  <testcase classname="com.tetherfi.test.ivr.MenuDescriptionMappingTest" name="VerifyNumberOfItemsPerPageSelection" time="11.007"/>
  <testcase classname="com.tetherfi.test.ivr.MenuDescriptionMappingTest" name="database" time="9.192"/>
</testsuite> <!-- com.tetherfi.test.ivr.MenuDescriptionMappingTest -->
