<?xml version="1.0" encoding="UTF-8"?>
<!-- Generated by org.testng.reporters.JUnitReportReporter -->
<testsuite skipped="0" hostname="TTF-BLR-SANTOSHKOUJALAGI" name="com.tetherfi.test.UserOnBoardingTeamLevelUserCreateTest" tests="17" failures="2" timestamp="2021-08-11T02:40:06 IST" time="1221.405" errors="0">
  <testcase name="VerifyAddRevertRecord" time="111.002" classname="com.tetherfi.test.UserOnBoardingTeamLevelUserCreateTest"/>
  <testcase name="VerifyRevertForAddNewRecord" time="43.527" classname="com.tetherfi.test.UserOnBoardingTeamLevelUserCreateTest"/>
  <testcase name="VerifyAuditTrailReportForRevert" time="60.518" classname="com.tetherfi.test.UserOnBoardingTeamLevelUserCreateTest"/>
  <testcase name="AddRejectRecord" time="112.505" classname="com.tetherfi.test.UserOnBoardingTeamLevelUserCreateTest"/>
  <testcase name="VerifySendForApprovalForAddNewUserOnBoardingRecord" time="44.182" classname="com.tetherfi.test.UserOnBoardingTeamLevelUserCreateTest"/>
  <testcase name="RejectForAddNewUserOnBoardingRecord" time="39.072" classname="com.tetherfi.test.UserOnBoardingTeamLevelUserCreateTest"/>
  <testcase name="VerifyAuditTrailReportForReject" time="59.689" classname="com.tetherfi.test.UserOnBoardingTeamLevelUserCreateTest"/>
  <testcase name="AddNewUserOnBoardingRecord" time="111.200" classname="com.tetherfi.test.UserOnBoardingTeamLevelUserCreateTest"/>
  <testcase name="VerifyAuditTrailReportForCreate" time="60.998" classname="com.tetherfi.test.UserOnBoardingTeamLevelUserCreateTest"/>
  <testcase name="VerifyAuditTrailDataForAddNewUserOnBoardingRecord" time="39.385" classname="com.tetherfi.test.UserOnBoardingTeamLevelUserCreateTest"/>
  <testcase name="VerifySendForApprovalForAddNewUserOnBoarding" time="40.415" classname="com.tetherfi.test.UserOnBoardingTeamLevelUserCreateTest"/>
  <testcase name="VerifyAuditTrailReportForSendForApproval" time="65.408" classname="com.tetherfi.test.UserOnBoardingTeamLevelUserCreateTest"/>
  <testcase name="ApproveforAddNewUserOnBoardingRecord" time="40.188" classname="com.tetherfi.test.UserOnBoardingTeamLevelUserCreateTest"/>
  <testcase name="VerifyAuditTrailReportForApprove" time="60.000" classname="com.tetherfi.test.UserOnBoardingTeamLevelUserCreateTest"/>
  <testcase name="AddDuplicateUserOnBoardingRecord" time="110.666" classname="com.tetherfi.test.UserOnBoardingTeamLevelUserCreateTest"/>
  <testcase name="AddRecordwithDuplicateLanID" time="111.397" classname="com.tetherfi.test.UserOnBoardingTeamLevelUserCreateTest">
    <failure type="java.lang.AssertionError" message="Record Creation Assertion failed expected [Record Creation Failed, Already Exist] but found [Record Created Successfully]">
      <![CDATA[java.lang.AssertionError: Record Creation Assertion failed expected [Record Creation Failed, Already Exist] but found [Record Created Successfully]
at org.testng.Assert.fail(Assert.java:97)
at org.testng.Assert.assertEqualsImpl(Assert.java:136)
at org.testng.Assert.assertEquals(Assert.java:118)
at org.testng.Assert.assertEquals(Assert.java:575)
at com.tetherfi.test.UserOnBoardingTeamLevelUserCreateTest.AddRecordwithDuplicateLanID(UserOnBoardingTeamLevelUserCreateTest.java:245)
at sun.reflect.NativeMethodAccessorImpl.invoke0(Native Method)
at sun.reflect.NativeMethodAccessorImpl.invoke(Unknown Source)
at sun.reflect.DelegatingMethodAccessorImpl.invoke(Unknown Source)
at java.lang.reflect.Method.invoke(Unknown Source)
at org.testng.internal.MethodInvocationHelper.invokeMethod(MethodInvocationHelper.java:133)
at org.testng.internal.TestInvoker.invokeMethod(TestInvoker.java:584)
at org.testng.internal.TestInvoker.invokeTestMethod(TestInvoker.java:172)
at org.testng.internal.MethodRunner.runInSequence(MethodRunner.java:46)
at org.testng.internal.TestInvoker$MethodInvocationAgent.invoke(TestInvoker.java:804)
at org.testng.internal.TestInvoker.invokeTestMethods(TestInvoker.java:145)
at org.testng.internal.TestMethodWorker.invokeTestMethods(TestMethodWorker.java:146)
at org.testng.internal.TestMethodWorker.run(TestMethodWorker.java:128)
at java.util.ArrayList.forEach(Unknown Source)
at org.testng.TestRunner.privateRun(TestRunner.java:770)
at org.testng.TestRunner.run(TestRunner.java:591)
at org.testng.SuiteRunner.runTest(SuiteRunner.java:402)
at org.testng.SuiteRunner.runSequentially(SuiteRunner.java:396)
at org.testng.SuiteRunner.privateRun(SuiteRunner.java:355)
at org.testng.SuiteRunner.run(SuiteRunner.java:304)
at org.testng.SuiteRunnerWorker.runSuite(SuiteRunnerWorker.java:53)
at org.testng.SuiteRunnerWorker.run(SuiteRunnerWorker.java:96)
at org.testng.TestNG.runSuitesSequentially(TestNG.java:1180)
at org.testng.TestNG.runSuitesLocally(TestNG.java:1102)
at org.testng.TestNG.runSuites(TestNG.java:1032)
at org.testng.TestNG.run(TestNG.java:1000)
at org.testng.remote.AbstractRemoteTestNG.run(AbstractRemoteTestNG.java:115)
at org.testng.remote.RemoteTestNG.initAndRun(RemoteTestNG.java:251)
at org.testng.remote.RemoteTestNG.main(RemoteTestNG.java:77)
]]>
    </failure>
  </testcase> <!-- AddRecordwithDuplicateLanID -->
  <testcase name="AddRecordwithDuplicateAvayaLoginID" time="111.253" classname="com.tetherfi.test.UserOnBoardingTeamLevelUserCreateTest">
    <failure type="java.lang.AssertionError" message="Record Creation Assertion failed expected [Record Creation Failed, Already Exist] but found [Record Created Successfully]">
      <![CDATA[java.lang.AssertionError: Record Creation Assertion failed expected [Record Creation Failed, Already Exist] but found [Record Created Successfully]
at org.testng.Assert.fail(Assert.java:97)
at org.testng.Assert.assertEqualsImpl(Assert.java:136)
at org.testng.Assert.assertEquals(Assert.java:118)
at org.testng.Assert.assertEquals(Assert.java:575)
at com.tetherfi.test.UserOnBoardingTeamLevelUserCreateTest.AddRecordwithDuplicateAvayaLoginID(UserOnBoardingTeamLevelUserCreateTest.java:255)
at sun.reflect.NativeMethodAccessorImpl.invoke0(Native Method)
at sun.reflect.NativeMethodAccessorImpl.invoke(Unknown Source)
at sun.reflect.DelegatingMethodAccessorImpl.invoke(Unknown Source)
at java.lang.reflect.Method.invoke(Unknown Source)
at org.testng.internal.MethodInvocationHelper.invokeMethod(MethodInvocationHelper.java:133)
at org.testng.internal.TestInvoker.invokeMethod(TestInvoker.java:584)
at org.testng.internal.TestInvoker.invokeTestMethod(TestInvoker.java:172)
at org.testng.internal.MethodRunner.runInSequence(MethodRunner.java:46)
at org.testng.internal.TestInvoker$MethodInvocationAgent.invoke(TestInvoker.java:804)
at org.testng.internal.TestInvoker.invokeTestMethods(TestInvoker.java:145)
at org.testng.internal.TestMethodWorker.invokeTestMethods(TestMethodWorker.java:146)
at org.testng.internal.TestMethodWorker.run(TestMethodWorker.java:128)
at java.util.ArrayList.forEach(Unknown Source)
at org.testng.TestRunner.privateRun(TestRunner.java:770)
at org.testng.TestRunner.run(TestRunner.java:591)
at org.testng.SuiteRunner.runTest(SuiteRunner.java:402)
at org.testng.SuiteRunner.runSequentially(SuiteRunner.java:396)
at org.testng.SuiteRunner.privateRun(SuiteRunner.java:355)
at org.testng.SuiteRunner.run(SuiteRunner.java:304)
at org.testng.SuiteRunnerWorker.runSuite(SuiteRunnerWorker.java:53)
at org.testng.SuiteRunnerWorker.run(SuiteRunnerWorker.java:96)
at org.testng.TestNG.runSuitesSequentially(TestNG.java:1180)
at org.testng.TestNG.runSuitesLocally(TestNG.java:1102)
at org.testng.TestNG.runSuites(TestNG.java:1032)
at org.testng.TestNG.run(TestNG.java:1000)
at org.testng.remote.AbstractRemoteTestNG.run(AbstractRemoteTestNG.java:115)
at org.testng.remote.RemoteTestNG.initAndRun(RemoteTestNG.java:251)
at org.testng.remote.RemoteTestNG.main(RemoteTestNG.java:77)
]]>
    </failure>
  </testcase> <!-- AddRecordwithDuplicateAvayaLoginID -->
</testsuite> <!-- com.tetherfi.test.UserOnBoardingTeamLevelUserCreateTest -->
