<?xml version="1.0" encoding="UTF-8"?>
<!-- Generated by org.testng.reporters.JUnitReportReporter -->
<testsuite skipped="0" hostname="DESKTOP-NJVBPFB" name="com.tetherfi.test.reports.SkillHistoricalReportTest" tests="1" failures="0" timestamp="2020-04-27T11:24:48 IST" time="1178.802" errors="0">
  <testcase name="database" time="1178.802" classname="com.tetherfi.test.reports.SkillHistoricalReportTest"/>
</testsuite> <!-- com.tetherfi.test.reports.SkillHistoricalReportTest -->
