<?xml version="1.0" encoding="UTF-8"?>
<!-- Generated by org.testng.reporters.JUnitReportReporter -->
<testsuite hostname="admin" failures="1" tests="31" name="com.tetherfi.test.fax.FaxTemplateCreateTest" time="30.074" errors="1" timestamp="05 Apr 2019 05:06:11 GMT" skipped="29">
  <testcase classname="com.tetherfi.test.fax.FaxTemplateCreateTest" name="ApproveforAddNewFaxTemplateUploadHtmlRecord" time="0.000">
    <skipped/>
  </testcase> <!-- ApproveforAddNewFaxTemplateUploadHtmlRecord -->
  <testcase classname="com.tetherfi.test.fax.FaxTemplateCreateTest" name="VerifyAuditTrailReportForCreate" time="0.000">
    <skipped/>
  </testcase> <!-- VerifyAuditTrailReportForCreate -->
  <testcase classname="com.tetherfi.test.fax.FaxTemplateCreateTest" name="VerifyAuditTrailReportForUploadLogoCreate" time="0.000">
    <skipped/>
  </testcase> <!-- VerifyAuditTrailReportForUploadLogoCreate -->
  <testcase classname="com.tetherfi.test.fax.FaxTemplateCreateTest" name="AddNewFaxTemplateUploadHtmlRecord" time="0.000">
    <skipped/>
  </testcase> <!-- AddNewFaxTemplateUploadHtmlRecord -->
  <testcase classname="com.tetherfi.test.fax.FaxTemplateCreateTest" name="VerifyAddCancelButton" time="18.985">
    <skipped/>
  </testcase> <!-- VerifyAddCancelButton -->
  <testcase classname="com.tetherfi.test.fax.FaxTemplateCreateTest" name="VerifyRecordApprovedDataSectionafterApproval" time="0.000">
    <skipped/>
  </testcase> <!-- VerifyRecordApprovedDataSectionafterApproval -->
  <testcase classname="com.tetherfi.test.fax.FaxTemplateCreateTest" name="RejectforAddNewFaxTemplateRecord" time="0.000">
    <skipped/>
  </testcase> <!-- RejectforAddNewFaxTemplateRecord -->
  <testcase classname="com.tetherfi.test.fax.FaxTemplateCreateTest" name="ApproveforAddNewFaxTemplateUploadLogoRecord" time="0.000">
    <skipped/>
  </testcase> <!-- ApproveforAddNewFaxTemplateUploadLogoRecord -->
  <testcase classname="com.tetherfi.test.fax.FaxTemplateCreateTest" name="VerifyTaskCompleteActionForAddNewFaxTemplateRecord" time="0.000">
    <skipped/>
  </testcase> <!-- VerifyTaskCompleteActionForAddNewFaxTemplateRecord -->
  <testcase classname="com.tetherfi.test.fax.FaxTemplateCreateTest" name="VerifyMakeFaxTemplateButtonafterRejection" time="0.000">
    <skipped/>
  </testcase> <!-- VerifyMakeFaxTemplateButtonafterRejection -->
  <testcase classname="com.tetherfi.test.fax.FaxTemplateCreateTest" name="VerifyAuditTrailReportForUploadLogoApprove" time="0.000">
    <skipped/>
  </testcase> <!-- VerifyAuditTrailReportForUploadLogoApprove -->
  <testcase classname="com.tetherfi.test.fax.FaxTemplateCreateTest" name="VerifyAuditTrailReportForUploadHtmlApprove" time="0.000">
    <skipped/>
  </testcase> <!-- VerifyAuditTrailReportForUploadHtmlApprove -->
  <testcase classname="com.tetherfi.test.fax.FaxTemplateCreateTest" name="AddDuplicateRecord" time="0.000">
    <skipped/>
  </testcase> <!-- AddDuplicateRecord -->
  <testcase classname="com.tetherfi.test.fax.FaxTemplateCreateTest" name="VerifyAddRecordWhenUploadBlank" time="0.000">
    <skipped/>
  </testcase> <!-- VerifyAddRecordWhenUploadBlank -->
  <testcase classname="com.tetherfi.test.fax.FaxTemplateCreateTest" name="VerifyCreatedRecordApprovedDataSectionwithoutAprroval" time="0.000">
    <skipped/>
  </testcase> <!-- VerifyCreatedRecordApprovedDataSectionwithoutAprroval -->
  <testcase classname="com.tetherfi.test.fax.FaxTemplateCreateTest" name="VerifyAuditTrailDataForAddNewFaxTemplateRecord" time="0.000">
    <skipped/>
  </testcase> <!-- VerifyAuditTrailDataForAddNewFaxTemplateRecord -->
  <testcase classname="com.tetherfi.test.fax.FaxTemplateCreateTest" name="VerifyAddRecordWhenTemplateNameBlank" time="0.000">
    <skipped/>
  </testcase> <!-- VerifyAddRecordWhenTemplateNameBlank -->
  <testcase classname="com.tetherfi.test.fax.FaxTemplateCreateTest" name="VerifyAuditTrailDataForAddNewFaxTemplateUploadLogoRecord" time="0.000">
    <skipped/>
  </testcase> <!-- VerifyAuditTrailDataForAddNewFaxTemplateUploadLogoRecord -->
  <testcase classname="com.tetherfi.test.fax.FaxTemplateCreateTest" name="VerifyAuditTrailReportForUploadHtmlCreate" time="0.000">
    <skipped/>
  </testcase> <!-- VerifyAuditTrailReportForUploadHtmlCreate -->
  <testcase classname="com.tetherfi.test.fax.FaxTemplateCreateTest" name="NavigateToFaxTemplatePage" time="3.254">
    <error message="0" type="java.lang.ArrayIndexOutOfBoundsException">
      <![CDATA[java.lang.ArrayIndexOutOfBoundsException: 0
	at com.tetherfi.test.fax.FaxTemplateCreateTest.NavigateToFaxTemplatePage(FaxTemplateCreateTest.java:47)
	at java.base/jdk.internal.reflect.NativeMethodAccessorImpl.invoke0(Native Method)
	at java.base/jdk.internal.reflect.NativeMethodAccessorImpl.invoke(Unknown Source)
	at java.base/jdk.internal.reflect.DelegatingMethodAccessorImpl.invoke(Unknown Source)
	at java.base/java.lang.reflect.Method.invoke(Unknown Source)
	at org.testng.internal.MethodInvocationHelper.invokeMethod(MethodInvocationHelper.java:108)
	at org.testng.internal.Invoker.invokeConfigurationMethod(Invoker.java:523)
	at org.testng.internal.Invoker.invokeConfigurations(Invoker.java:224)
	at org.testng.internal.Invoker.invokeMethod(Invoker.java:599)
	at org.testng.internal.Invoker.invokeTestMethod(Invoker.java:869)
	at org.testng.internal.Invoker.invokeTestMethods(Invoker.java:1193)
	at org.testng.internal.TestMethodWorker.invokeTestMethods(TestMethodWorker.java:126)
	at org.testng.internal.TestMethodWorker.run(TestMethodWorker.java:109)
	at org.testng.TestRunner.privateRun(TestRunner.java:744)
	at org.testng.TestRunner.run(TestRunner.java:602)
	at org.testng.SuiteRunner.runTest(SuiteRunner.java:380)
	at org.testng.SuiteRunner.runSequentially(SuiteRunner.java:375)
	at org.testng.SuiteRunner.privateRun(SuiteRunner.java:340)
	at org.testng.SuiteRunner.run(SuiteRunner.java:289)
	at org.testng.SuiteRunnerWorker.runSuite(SuiteRunnerWorker.java:52)
	at org.testng.SuiteRunnerWorker.run(SuiteRunnerWorker.java:86)
	at org.testng.TestNG.runSuitesSequentially(TestNG.java:1301)
	at org.testng.TestNG.runSuitesLocally(TestNG.java:1226)
	at org.testng.TestNG.runSuites(TestNG.java:1144)
	at org.testng.TestNG.run(TestNG.java:1115)
	at org.testng.remote.AbstractRemoteTestNG.run(AbstractRemoteTestNG.java:114)
	at org.testng.remote.RemoteTestNG.initAndRun(RemoteTestNG.java:251)
	at org.testng.remote.RemoteTestNG.main(RemoteTestNG.java:77)
]]>
    </error>
  </testcase> <!-- NavigateToFaxTemplatePage -->
  <testcase classname="com.tetherfi.test.fax.FaxTemplateCreateTest" name="VerifyAddRecordWhenBodyBlank" time="0.000">
    <skipped/>
  </testcase> <!-- VerifyAddRecordWhenBodyBlank -->
  <testcase classname="com.tetherfi.test.fax.FaxTemplateCreateTest" name="VerifyMakeFaxTemplateButtonafterTaskComplete" time="0.000">
    <skipped/>
  </testcase> <!-- VerifyMakeFaxTemplateButtonafterTaskComplete -->
  <testcase classname="com.tetherfi.test.fax.FaxTemplateCreateTest" name="ApproveforAddNewFaxTemplateRecord" time="0.000">
    <skipped/>
  </testcase> <!-- ApproveforAddNewFaxTemplateRecord -->
  <testcase classname="com.tetherfi.test.fax.FaxTemplateCreateTest" name="AddNewFaxTemplateUploadLogoRecord" time="0.000">
    <skipped/>
  </testcase> <!-- AddNewFaxTemplateUploadLogoRecord -->
  <testcase classname="com.tetherfi.test.fax.FaxTemplateCreateTest" name="AddRecord" time="0.000">
    <skipped/>
  </testcase> <!-- AddRecord -->
  <testcase classname="com.tetherfi.test.fax.FaxTemplateCreateTest" name="AddNewFaxTemplateRecord" time="7.835">
    <failure message="expected [Record Created Successfully] but found [Record Creation Failed, Already Exist]" type="java.lang.AssertionError">
      <![CDATA[java.lang.AssertionError: expected [Record Created Successfully] but found [Record Creation Failed, Already Exist]
	at org.testng.Assert.fail(Assert.java:93)
	at org.testng.Assert.failNotEquals(Assert.java:512)
	at org.testng.Assert.assertEqualsImpl(Assert.java:134)
	at org.testng.Assert.assertEquals(Assert.java:115)
	at org.testng.Assert.assertEquals(Assert.java:189)
	at org.testng.Assert.assertEquals(Assert.java:199)
	at com.tetherfi.test.fax.FaxTemplateCreateTest.AddNewFaxTemplateRecord(FaxTemplateCreateTest.java:86)
	at java.base/jdk.internal.reflect.NativeMethodAccessorImpl.invoke0(Native Method)
	at java.base/jdk.internal.reflect.NativeMethodAccessorImpl.invoke(Unknown Source)
	at java.base/jdk.internal.reflect.DelegatingMethodAccessorImpl.invoke(Unknown Source)
	at java.base/java.lang.reflect.Method.invoke(Unknown Source)
	at org.testng.internal.MethodInvocationHelper.invokeMethod(MethodInvocationHelper.java:108)
	at org.testng.internal.Invoker.invokeMethod(Invoker.java:661)
	at org.testng.internal.Invoker.invokeTestMethod(Invoker.java:869)
	at org.testng.internal.Invoker.invokeTestMethods(Invoker.java:1193)
	at org.testng.internal.TestMethodWorker.invokeTestMethods(TestMethodWorker.java:126)
	at org.testng.internal.TestMethodWorker.run(TestMethodWorker.java:109)
	at org.testng.TestRunner.privateRun(TestRunner.java:744)
	at org.testng.TestRunner.run(TestRunner.java:602)
	at org.testng.SuiteRunner.runTest(SuiteRunner.java:380)
	at org.testng.SuiteRunner.runSequentially(SuiteRunner.java:375)
	at org.testng.SuiteRunner.privateRun(SuiteRunner.java:340)
	at org.testng.SuiteRunner.run(SuiteRunner.java:289)
	at org.testng.SuiteRunnerWorker.runSuite(SuiteRunnerWorker.java:52)
	at org.testng.SuiteRunnerWorker.run(SuiteRunnerWorker.java:86)
	at org.testng.TestNG.runSuitesSequentially(TestNG.java:1301)
	at org.testng.TestNG.runSuitesLocally(TestNG.java:1226)
	at org.testng.TestNG.runSuites(TestNG.java:1144)
	at org.testng.TestNG.run(TestNG.java:1115)
	at org.testng.remote.AbstractRemoteTestNG.run(AbstractRemoteTestNG.java:114)
	at org.testng.remote.RemoteTestNG.initAndRun(RemoteTestNG.java:251)
	at org.testng.remote.RemoteTestNG.main(RemoteTestNG.java:77)
]]>
    </failure>
  </testcase> <!-- AddNewFaxTemplateRecord -->
  <testcase classname="com.tetherfi.test.fax.FaxTemplateCreateTest" name="VerifyAuditTrailReportForApprove" time="0.000">
    <skipped/>
  </testcase> <!-- VerifyAuditTrailReportForApprove -->
  <testcase classname="com.tetherfi.test.fax.FaxTemplateCreateTest" name="VerifyAddRecordWhenUploadWrongFile" time="0.000">
    <skipped/>
  </testcase> <!-- VerifyAddRecordWhenUploadWrongFile -->
  <testcase classname="com.tetherfi.test.fax.FaxTemplateCreateTest" name="VerifyRecordAfterRejection" time="0.000">
    <skipped/>
  </testcase> <!-- VerifyRecordAfterRejection -->
  <testcase classname="com.tetherfi.test.fax.FaxTemplateCreateTest" name="VerifyAuditTrailDataForAddNewFaxTemplateUploadHtmlRecord" time="0.000">
    <skipped/>
  </testcase> <!-- VerifyAuditTrailDataForAddNewFaxTemplateUploadHtmlRecord -->
  <testcase classname="com.tetherfi.test.fax.FaxTemplateCreateTest" name="VerifyAuditTrailReportForReject" time="0.000">
    <skipped/>
  </testcase> <!-- VerifyAuditTrailReportForReject -->
</testsuite> <!-- com.tetherfi.test.fax.FaxTemplateCreateTest -->
