<?xml version="1.0" encoding="UTF-8"?>
<!-- Generated by org.testng.reporters.JUnitReportReporter -->
<testsuite skipped="0" hostname="TTF-BLR-SANTOSHKOUJALAGI" name="com.tetherfi.test.fax.FaxTemplateCoverPageTypeDeleteTest" tests="16" failures="0" timestamp="2021-07-26T23:08:34 IST" time="1100.703" errors="0">
  <testcase name="VerifyDeleteCancelFaxTemplateRecord" time="73.453" classname="com.tetherfi.test.fax.FaxTemplateCoverPageTypeDeleteTest"/>
  <testcase name="VerifyDeleteFaxTemplateRecordWithOutDeleteReason" time="48.228" classname="com.tetherfi.test.fax.FaxTemplateCoverPageTypeDeleteTest"/>
  <testcase name="VerifyDeleteFaxTemplateRevertRecord" time="63.162" classname="com.tetherfi.test.fax.FaxTemplateCoverPageTypeDeleteTest"/>
  <testcase name="VerifyRevertforDeleteRecord" time="66.150" classname="com.tetherfi.test.fax.FaxTemplateCoverPageTypeDeleteTest"/>
  <testcase name="VerifyAuditTrailReportForDeleteRevertRecord" time="96.199" classname="com.tetherfi.test.fax.FaxTemplateCoverPageTypeDeleteTest"/>
  <testcase name="VerifyDeleteFaxTemplateRejectRecord" time="42.154" classname="com.tetherfi.test.fax.FaxTemplateCoverPageTypeDeleteTest"/>
  <testcase name="VerifySendForApprovalDeleteRejectRecord" time="67.680" classname="com.tetherfi.test.fax.FaxTemplateCoverPageTypeDeleteTest"/>
  <testcase name="RejectForDeleteFaxTemplateRecord" time="65.425" classname="com.tetherfi.test.fax.FaxTemplateCoverPageTypeDeleteTest"/>
  <testcase name="VerifyAuditTrailReportForRejectRecord" time="87.761" classname="com.tetherfi.test.fax.FaxTemplateCoverPageTypeDeleteTest"/>
  <testcase name="VerifyDeleteFaxTemplateApproveRecord" time="62.523" classname="com.tetherfi.test.fax.FaxTemplateCoverPageTypeDeleteTest"/>
  <testcase name="VerifyAuditTrailReportForDeleteApproveRecord" time="88.715" classname="com.tetherfi.test.fax.FaxTemplateCoverPageTypeDeleteTest"/>
  <testcase name="VerifyAuditTrailDataForApproveRecord" time="58.271" classname="com.tetherfi.test.fax.FaxTemplateCoverPageTypeDeleteTest"/>
  <testcase name="VerifySendForApprovalDeleteApproveRecord" time="47.079" classname="com.tetherfi.test.fax.FaxTemplateCoverPageTypeDeleteTest"/>
  <testcase name="VerifyAuditTrailReportForSendForApproval" time="84.442" classname="com.tetherfi.test.fax.FaxTemplateCoverPageTypeDeleteTest"/>
  <testcase name="ApproveForDeleteFaxTemplateRecord" time="65.789" classname="com.tetherfi.test.fax.FaxTemplateCoverPageTypeDeleteTest"/>
  <testcase name="VerifyAuditTrailReportForApprove" time="83.672" classname="com.tetherfi.test.fax.FaxTemplateCoverPageTypeDeleteTest"/>
</testsuite> <!-- com.tetherfi.test.fax.FaxTemplateCoverPageTypeDeleteTest -->
