<?xml version="1.0" encoding="UTF-8"?>
<!-- Generated by org.testng.reporters.JUnitReportReporter -->
<testsuite hostname="admin" failures="2" tests="22" name="com.tetherfi.test.RoleBasedAccessManagementUITest" time="457.626" errors="0" timestamp="2021-06-03T22:06:50 IST" skipped="0">
  <testcase classname="com.tetherfi.test.RoleBasedAccessManagementUITest" name="RoleBasedAccessManagementPage" time="10.055"/>
  <testcase classname="com.tetherfi.test.RoleBasedAccessManagementUITest" name="VerifyRoleBasedAccessManagementApprovedDataPage" time="10.977"/>
  <testcase classname="com.tetherfi.test.RoleBasedAccessManagementUITest" name="VerifyRoleBasedAccessManagementAuditTrailDataPage" time="15.892"/>
  <testcase classname="com.tetherfi.test.RoleBasedAccessManagementUITest" name="VerifyMakeRoleBasedAccessManagementChangeButton" time="22.131"/>
  <testcase classname="com.tetherfi.test.RoleBasedAccessManagementUITest" name="VerifyDropdownForAllTheColumns" time="26.807"/>
  <testcase classname="com.tetherfi.test.RoleBasedAccessManagementUITest" name="VerifyColumnsHeaderEnable" time="31.507"/>
  <testcase classname="com.tetherfi.test.RoleBasedAccessManagementUITest" name="VerifyColumnsHeaderDisable" time="20.874"/>
  <testcase classname="com.tetherfi.test.RoleBasedAccessManagementUITest" name="VerifyArrowMoveForPreviousAndNextPage" time="20.500"/>
  <testcase classname="com.tetherfi.test.RoleBasedAccessManagementUITest" name="VerifyArrowMoveForFirstAndLastPage" time="20.696"/>
  <testcase classname="com.tetherfi.test.RoleBasedAccessManagementUITest" name="VerifyTotalNumberOfItemsPerPageDetails" time="25.361"/>
  <testcase classname="com.tetherfi.test.RoleBasedAccessManagementUITest" name="VerifyNumberOfItemsPerPageSelection" time="23.363">
    <failure message="item per page assertion failed did not expect to find [true] but found [false]" type="java.lang.AssertionError">
      <![CDATA[java.lang.AssertionError: item per page assertion failed did not expect to find [true] but found [false]
at org.testng.Assert.fail(Assert.java:97)
at org.testng.Assert.failNotEquals(Assert.java:969)
at org.testng.Assert.assertTrue(Assert.java:43)
at com.tetherfi.test.RoleBasedAccessManagementUITest.VerifyNumberOfItemsPerPageSelection(RoleBasedAccessManagementUITest.java:121)
at java.base/jdk.internal.reflect.NativeMethodAccessorImpl.invoke0(Native Method)
at java.base/jdk.internal.reflect.NativeMethodAccessorImpl.invoke(NativeMethodAccessorImpl.java:62)
at java.base/jdk.internal.reflect.DelegatingMethodAccessorImpl.invoke(DelegatingMethodAccessorImpl.java:43)
at java.base/java.lang.reflect.Method.invoke(Method.java:564)
at org.testng.internal.MethodInvocationHelper.invokeMethod(MethodInvocationHelper.java:133)
at org.testng.internal.TestInvoker.invokeMethod(TestInvoker.java:584)
at org.testng.internal.TestInvoker.invokeTestMethod(TestInvoker.java:172)
at org.testng.internal.MethodRunner.runInSequence(MethodRunner.java:46)
at org.testng.internal.TestInvoker$MethodInvocationAgent.invoke(TestInvoker.java:804)
at org.testng.internal.TestInvoker.invokeTestMethods(TestInvoker.java:145)
at org.testng.internal.TestMethodWorker.invokeTestMethods(TestMethodWorker.java:146)
at org.testng.internal.TestMethodWorker.run(TestMethodWorker.java:128)
at java.base/java.util.ArrayList.forEach(ArrayList.java:1511)
at org.testng.TestRunner.privateRun(TestRunner.java:770)
at org.testng.TestRunner.run(TestRunner.java:591)
at org.testng.SuiteRunner.runTest(SuiteRunner.java:402)
at org.testng.SuiteRunner.runSequentially(SuiteRunner.java:396)
at org.testng.SuiteRunner.privateRun(SuiteRunner.java:355)
at org.testng.SuiteRunner.run(SuiteRunner.java:304)
at org.testng.SuiteRunnerWorker.runSuite(SuiteRunnerWorker.java:53)
at org.testng.SuiteRunnerWorker.run(SuiteRunnerWorker.java:96)
at org.testng.TestNG.runSuitesSequentially(TestNG.java:1180)
at org.testng.TestNG.runSuitesLocally(TestNG.java:1102)
at org.testng.TestNG.runSuites(TestNG.java:1032)
at org.testng.TestNG.run(TestNG.java:1000)
at org.testng.remote.AbstractRemoteTestNG.run(AbstractRemoteTestNG.java:115)
at org.testng.remote.RemoteTestNG.initAndRun(RemoteTestNG.java:251)
at org.testng.remote.RemoteTestNG.main(RemoteTestNG.java:77)
]]>
    </failure>
  </testcase> <!-- VerifyNumberOfItemsPerPageSelection -->
  <testcase classname="com.tetherfi.test.RoleBasedAccessManagementUITest" name="ExportToExcel" time="24.650"/>
  <testcase classname="com.tetherfi.test.RoleBasedAccessManagementUITest" name="ExportToExcelData" time="22.829"/>
  <testcase classname="com.tetherfi.test.RoleBasedAccessManagementUITest" name="VerifyExportToExcelWithoutData" time="31.039"/>
  <testcase classname="com.tetherfi.test.RoleBasedAccessManagementUITest" name="SortingByAscending" time="25.718"/>
  <testcase classname="com.tetherfi.test.RoleBasedAccessManagementUITest" name="SortingByDescending" time="20.570"/>
  <testcase classname="com.tetherfi.test.RoleBasedAccessManagementUITest" name="VerifyDragAndDrop" time="19.554"/>
  <testcase classname="com.tetherfi.test.RoleBasedAccessManagementUITest" name="VerifyDragAndDropofAlreadyGroupedHeader" time="20.397"/>
  <testcase classname="com.tetherfi.test.RoleBasedAccessManagementUITest" name="database" time="15.883">
    <failure message="did not expect to find [true] but found [false]" type="java.lang.AssertionError">
      <![CDATA[java.lang.AssertionError: did not expect to find [true] but found [false]
at org.testng.Assert.fail(Assert.java:97)
at org.testng.Assert.failNotEquals(Assert.java:969)
at org.testng.Assert.assertTrue(Assert.java:43)
at org.testng.Assert.assertTrue(Assert.java:53)
at com.tetherfi.test.RoleBasedAccessManagementUITest.database(RoleBasedAccessManagementUITest.java:201)
at java.base/jdk.internal.reflect.NativeMethodAccessorImpl.invoke0(Native Method)
at java.base/jdk.internal.reflect.NativeMethodAccessorImpl.invoke(NativeMethodAccessorImpl.java:62)
at java.base/jdk.internal.reflect.DelegatingMethodAccessorImpl.invoke(DelegatingMethodAccessorImpl.java:43)
at java.base/java.lang.reflect.Method.invoke(Method.java:564)
at org.testng.internal.MethodInvocationHelper.invokeMethod(MethodInvocationHelper.java:133)
at org.testng.internal.TestInvoker.invokeMethod(TestInvoker.java:584)
at org.testng.internal.TestInvoker.invokeTestMethod(TestInvoker.java:172)
at org.testng.internal.MethodRunner.runInSequence(MethodRunner.java:46)
at org.testng.internal.TestInvoker$MethodInvocationAgent.invoke(TestInvoker.java:804)
at org.testng.internal.TestInvoker.invokeTestMethods(TestInvoker.java:145)
at org.testng.internal.TestMethodWorker.invokeTestMethods(TestMethodWorker.java:146)
at org.testng.internal.TestMethodWorker.run(TestMethodWorker.java:128)
at java.base/java.util.ArrayList.forEach(ArrayList.java:1511)
at org.testng.TestRunner.privateRun(TestRunner.java:770)
at org.testng.TestRunner.run(TestRunner.java:591)
at org.testng.SuiteRunner.runTest(SuiteRunner.java:402)
at org.testng.SuiteRunner.runSequentially(SuiteRunner.java:396)
at org.testng.SuiteRunner.privateRun(SuiteRunner.java:355)
at org.testng.SuiteRunner.run(SuiteRunner.java:304)
at org.testng.SuiteRunnerWorker.runSuite(SuiteRunnerWorker.java:53)
at org.testng.SuiteRunnerWorker.run(SuiteRunnerWorker.java:96)
at org.testng.TestNG.runSuitesSequentially(TestNG.java:1180)
at org.testng.TestNG.runSuitesLocally(TestNG.java:1102)
at org.testng.TestNG.runSuites(TestNG.java:1032)
at org.testng.TestNG.run(TestNG.java:1000)
at org.testng.remote.AbstractRemoteTestNG.run(AbstractRemoteTestNG.java:115)
at org.testng.remote.RemoteTestNG.initAndRun(RemoteTestNG.java:251)
at org.testng.remote.RemoteTestNG.main(RemoteTestNG.java:77)
]]>
    </failure>
  </testcase> <!-- database -->
  <testcase classname="com.tetherfi.test.RoleBasedAccessManagementUITest" name="searchPage" time="14.539"/>
  <testcase classname="com.tetherfi.test.RoleBasedAccessManagementUITest" name="searchwithoutSearchTextbox" time="19.085"/>
  <testcase classname="com.tetherfi.test.RoleBasedAccessManagementUITest" name="SearchClearSearch" time="15.199"/>
</testsuite> <!-- com.tetherfi.test.RoleBasedAccessManagementUITest -->
