<?xml version="1.0" encoding="UTF-8"?>
<!-- Generated by org.testng.reporters.JUnitReportReporter -->
<testsuite hostname="DESKTOP-O6A5C2O" failures="0" tests="1" name="com.tetherfi.test.chat.ChatMenuDescriptionTest" time="10.854" errors="0" timestamp="2019-10-22T13:57:03 IST" skipped="0">
  <testcase classname="com.tetherfi.test.chat.ChatMenuDescriptionTest" name="searchwithoutSearchTextbox" time="10.854"/>
</testsuite> <!-- com.tetherfi.test.chat.ChatMenuDescriptionTest -->
