<?xml version="1.0" encoding="UTF-8"?>
<!-- Generated by org.testng.reporters.JUnitReportReporter -->
<testsuite skipped="0" hostname="TTF-BLR-SANTOSHKOUJALAGI" name="com.tetherfi.test.ivr.CallBackAnnouncementTest" tests="39" failures="0" timestamp="2021-08-10T17:19:09 IST" time="436.595" errors="0">
  <testcase name="CallbackAnnouncementPage" time="2.980" classname="com.tetherfi.test.ivr.CallBackAnnouncementTest"/>
  <testcase name="VerifyDropdownForAllTheColumns" time="11.572" classname="com.tetherfi.test.ivr.CallBackAnnouncementTest"/>
  <testcase name="VerifyColumnsHeaderEnable" time="7.562" classname="com.tetherfi.test.ivr.CallBackAnnouncementTest"/>
  <testcase name="VerifyColumnsHeaderDisable" time="8.852" classname="com.tetherfi.test.ivr.CallBackAnnouncementTest"/>
  <testcase name="AddNewCallbackAnnouncementCancelRecord" time="14.365" classname="com.tetherfi.test.ivr.CallBackAnnouncementTest"/>
  <testcase name="AddNewCallbackAnnouncementRecord" time="13.117" classname="com.tetherfi.test.ivr.CallBackAnnouncementTest"/>
  <testcase name="AddDuplicateCallBackAnnouncementRecord" time="14.160" classname="com.tetherfi.test.ivr.CallBackAnnouncementTest"/>
  <testcase name="AddNewCallbackAnnouncementWithoutWavFile" time="9.157" classname="com.tetherfi.test.ivr.CallBackAnnouncementTest"/>
  <testcase name="AddNewCallbackAnnouncementWithoutStartTime" time="10.605" classname="com.tetherfi.test.ivr.CallBackAnnouncementTest"/>
  <testcase name="AddNewCallbackAnnouncementWithoutEndTime" time="11.598" classname="com.tetherfi.test.ivr.CallBackAnnouncementTest"/>
  <testcase name="AddNewCallbackAnnouncementWithoutLanguage" time="11.918" classname="com.tetherfi.test.ivr.CallBackAnnouncementTest"/>
  <testcase name="VerifySearchIsNotEqualTo" time="10.972" classname="com.tetherfi.test.ivr.CallBackAnnouncementTest"/>
  <testcase name="VerifySearchContains" time="10.544" classname="com.tetherfi.test.ivr.CallBackAnnouncementTest"/>
  <testcase name="VerifySearchDoesNotContains" time="11.471" classname="com.tetherfi.test.ivr.CallBackAnnouncementTest"/>
  <testcase name="VerifySearchStartsWith" time="10.963" classname="com.tetherfi.test.ivr.CallBackAnnouncementTest"/>
  <testcase name="VerifySearchEndsWith" time="11.002" classname="com.tetherfi.test.ivr.CallBackAnnouncementTest"/>
  <testcase name="EditCallBackAnnouncementRecord" time="13.415" classname="com.tetherfi.test.ivr.CallBackAnnouncementTest"/>
  <testcase name="EditWithoutModifyReasonCallbackannouncementRecord" time="14.671" classname="com.tetherfi.test.ivr.CallBackAnnouncementTest"/>
  <testcase name="VerifyCancelButtonAtEditCallbackAnnouncementRecord" time="13.010" classname="com.tetherfi.test.ivr.CallBackAnnouncementTest"/>
  <testcase name="searchPage" time="6.009" classname="com.tetherfi.test.ivr.CallBackAnnouncementTest"/>
  <testcase name="searchwithoutSearchTextbox" time="4.787" classname="com.tetherfi.test.ivr.CallBackAnnouncementTest"/>
  <testcase name="DeleteWithoutDeleteReasonRecord" time="9.454" classname="com.tetherfi.test.ivr.CallBackAnnouncementTest"/>
  <testcase name="VerifyCancelButtonDeleteRecord" time="11.374" classname="com.tetherfi.test.ivr.CallBackAnnouncementTest"/>
  <testcase name="DeleteCallbackAnnouncementRecord" time="11.595" classname="com.tetherfi.test.ivr.CallBackAnnouncementTest"/>
  <testcase name="ExportToExcel" time="5.393" classname="com.tetherfi.test.ivr.CallBackAnnouncementTest"/>
  <testcase name="ExportToExcelData" time="3.766" classname="com.tetherfi.test.ivr.CallBackAnnouncementTest"/>
  <testcase name="SearchClearSearch" time="13.203" classname="com.tetherfi.test.ivr.CallBackAnnouncementTest"/>
  <testcase name="ExporttoExcelWithoutData" time="10.278" classname="com.tetherfi.test.ivr.CallBackAnnouncementTest"/>
  <testcase name="SortingByAscending" time="7.181" classname="com.tetherfi.test.ivr.CallBackAnnouncementTest"/>
  <testcase name="SortingByDescending" time="9.879" classname="com.tetherfi.test.ivr.CallBackAnnouncementTest"/>
  <testcase name="GroupBy" time="4.728" classname="com.tetherfi.test.ivr.CallBackAnnouncementTest"/>
  <testcase name="VerifyArrowMoveForPreviousAndNextPage" time="1.711" classname="com.tetherfi.test.ivr.CallBackAnnouncementTest"/>
  <testcase name="VerifyArrowMoveForFirstAndLastPage" time="2.059" classname="com.tetherfi.test.ivr.CallBackAnnouncementTest"/>
  <testcase name="VerifyTotalNumberOfItemsPerPageDetails" time="2.354" classname="com.tetherfi.test.ivr.CallBackAnnouncementTest"/>
  <testcase name="VerifyNumberOfItemsPerPageSelection" time="7.736" classname="com.tetherfi.test.ivr.CallBackAnnouncementTest"/>
  <testcase name="database" time="9.086" classname="com.tetherfi.test.ivr.CallBackAnnouncementTest"/>
  <testcase name="VerifyAuditTrialReportForCreate" time="37.452" classname="com.tetherfi.test.ivr.CallBackAnnouncementTest"/>
  <testcase name="VerifyAuditTrialReportForUpdate" time="33.380" classname="com.tetherfi.test.ivr.CallBackAnnouncementTest"/>
  <testcase name="VerifyAuditTrialReportForDelete" time="33.236" classname="com.tetherfi.test.ivr.CallBackAnnouncementTest"/>
</testsuite> <!-- com.tetherfi.test.ivr.CallBackAnnouncementTest -->
