<?xml version="1.0" encoding="UTF-8"?>
<!-- Generated by org.testng.reporters.JUnitReportReporter -->
<testsuite skipped="0" hostname="TTF-BLR-SANTOSHKOUJALAGI" name="com.tetherfi.test.tmac.TmacBroadCastMsgTest" tests="32" failures="0" timestamp="2021-07-29T03:34:01 IST" time="835.707" errors="1">
  <testcase name="TmacBroadCastMsgPage" time="9.087" classname="com.tetherfi.test.tmac.TmacBroadCastMsgTest"/>
  <testcase name="AddNewTmacBroadCastMsgCancel" time="49.766" classname="com.tetherfi.test.tmac.TmacBroadCastMsgTest"/>
  <testcase name="AddNewTmacBroadCastMsg" time="50.726" classname="com.tetherfi.test.tmac.TmacBroadCastMsgTest"/>
  <testcase name="VerifyAuditTrialReportForCreate" time="47.210" classname="com.tetherfi.test.tmac.TmacBroadCastMsgTest"/>
  <testcase name="AddDuplicateRecord" time="47.670" classname="com.tetherfi.test.tmac.TmacBroadCastMsgTest"/>
  <testcase name="AddRecordWithoutMesage" time="44.430" classname="com.tetherfi.test.tmac.TmacBroadCastMsgTest"/>
  <testcase name="AddRecordwithoutStatus" time="42.185" classname="com.tetherfi.test.tmac.TmacBroadCastMsgTest"/>
  <testcase name="AddRecordWithoutTeamName" time="11.731" classname="com.tetherfi.test.tmac.TmacBroadCastMsgTest"/>
  <testcase name="EditTmacBroadCastMsgCancel" time="18.317" classname="com.tetherfi.test.tmac.TmacBroadCastMsgTest"/>
  <testcase name="EditTmacBroadCastMsg" time="24.783" classname="com.tetherfi.test.tmac.TmacBroadCastMsgTest"/>
  <testcase name="VerifyAuditTrailReportForUpdate" time="47.792" classname="com.tetherfi.test.tmac.TmacBroadCastMsgTest"/>
  <testcase name="VerifySearchIsNotEqualTo" time="34.401" classname="com.tetherfi.test.tmac.TmacBroadCastMsgTest"/>
  <testcase name="VerifySearchContains" time="26.426" classname="com.tetherfi.test.tmac.TmacBroadCastMsgTest"/>
  <testcase name="VerifySearchDoesNotContains" time="25.791" classname="com.tetherfi.test.tmac.TmacBroadCastMsgTest"/>
  <testcase name="VerifySearchStartsWith" time="22.216" classname="com.tetherfi.test.tmac.TmacBroadCastMsgTest"/>
  <testcase name="VerifySearchEndsWith" time="24.925" classname="com.tetherfi.test.tmac.TmacBroadCastMsgTest"/>
  <testcase name="searchPage" time="16.024" classname="com.tetherfi.test.tmac.TmacBroadCastMsgTest"/>
  <testcase name="SearchClearSearch" time="34.950" classname="com.tetherfi.test.tmac.TmacBroadCastMsgTest">
    <error type="org.openqa.selenium.NoSuchElementException" message="no such element: Unable to locate element: {&quot;method&quot;:&quot;xpath&quot;,&quot;selector&quot;:&quot;//div[text()=&#039;No records to display&#039;]&quot;}
  (Session info: chrome=92.0.4515.107)
For documentation on this error, please visit: https://www.seleniumhq.org/exceptions/no_such_element.html
Build info: version: &#039;3.141.59&#039;, revision: &#039;e82be7d358&#039;, time: &#039;2018-11-14T08:17:03&#039;
System info: host: &#039;TTF-BLR-SANTOSH&#039;, ip: &#039;192.168.50.12&#039;, os.name: &#039;Windows 10&#039;, os.arch: &#039;amd64&#039;, os.version: &#039;10.0&#039;, java.version: &#039;1.8.0_181&#039;
Driver info: org.openqa.selenium.chrome.ChromeDriver
Capabilities {acceptInsecureCerts: false, browserName: chrome, browserVersion: 92.0.4515.107, chrome: {chromedriverVersion: 91.0.4472.19 (1bf021f248676..., userDataDir: C:\Users\admin\AppData\Loca...}, goog:chromeOptions: {debuggerAddress: localhost:65142}, javascriptEnabled: true, networkConnectionEnabled: false, pageLoadStrategy: normal, platform: WINDOWS, platformName: WINDOWS, proxy: Proxy(), setWindowRect: true, strictFileInteractability: false, timeouts: {implicit: 0, pageLoad: 300000, script: 30000}, unhandledPromptBehavior: dismiss and notify, webauthn:extension:largeBlob: true, webauthn:virtualAuthenticators: true}
Session ID: 14b81777636046471c58617edef2d380
*** Element info: {Using=xpath, value=//div[text()=&#039;No records to display&#039;]}">
      <![CDATA[org.openqa.selenium.NoSuchElementException: no such element: Unable to locate element: {"method":"xpath","selector":"//div[text()='No records to display']"}
  (Session info: chrome=92.0.4515.107)
For documentation on this error, please visit: https://www.seleniumhq.org/exceptions/no_such_element.html
Build info: version: '3.141.59', revision: 'e82be7d358', time: '2018-11-14T08:17:03'
System info: host: 'TTF-BLR-SANTOSH', ip: '192.168.50.12', os.name: 'Windows 10', os.arch: 'amd64', os.version: '10.0', java.version: '1.8.0_181'
Driver info: org.openqa.selenium.chrome.ChromeDriver
Capabilities {acceptInsecureCerts: false, browserName: chrome, browserVersion: 92.0.4515.107, chrome: {chromedriverVersion: 91.0.4472.19 (1bf021f248676..., userDataDir: C:\Users\admin\AppData\Loca...}, goog:chromeOptions: {debuggerAddress: localhost:65142}, javascriptEnabled: true, networkConnectionEnabled: false, pageLoadStrategy: normal, platform: WINDOWS, platformName: WINDOWS, proxy: Proxy(), setWindowRect: true, strictFileInteractability: false, timeouts: {implicit: 0, pageLoad: 300000, script: 30000}, unhandledPromptBehavior: dismiss and notify, webauthn:extension:largeBlob: true, webauthn:virtualAuthenticators: true}
Session ID: 14b81777636046471c58617edef2d380
*** Element info: {Using=xpath, value=//div[text()='No records to display']}
at sun.reflect.NativeConstructorAccessorImpl.newInstance0(Native Method)
at sun.reflect.NativeConstructorAccessorImpl.newInstance(Unknown Source)
at sun.reflect.DelegatingConstructorAccessorImpl.newInstance(Unknown Source)
at java.lang.reflect.Constructor.newInstance(Unknown Source)
at org.openqa.selenium.remote.http.W3CHttpResponseCodec.createException(W3CHttpResponseCodec.java:187)
at org.openqa.selenium.remote.http.W3CHttpResponseCodec.decode(W3CHttpResponseCodec.java:122)
at org.openqa.selenium.remote.http.W3CHttpResponseCodec.decode(W3CHttpResponseCodec.java:49)
at org.openqa.selenium.remote.HttpCommandExecutor.execute(HttpCommandExecutor.java:158)
at org.openqa.selenium.remote.service.DriverCommandExecutor.execute(DriverCommandExecutor.java:83)
at org.openqa.selenium.remote.RemoteWebDriver.execute(RemoteWebDriver.java:552)
at org.openqa.selenium.remote.RemoteWebDriver.findElement(RemoteWebDriver.java:323)
at org.openqa.selenium.remote.RemoteWebDriver.findElementByXPath(RemoteWebDriver.java:428)
at org.openqa.selenium.By$ByXPath.findElement(By.java:353)
at org.openqa.selenium.remote.RemoteWebDriver.findElement(RemoteWebDriver.java:315)
at org.openqa.selenium.support.pagefactory.DefaultElementLocator.findElement(DefaultElementLocator.java:69)
at org.openqa.selenium.support.pagefactory.internal.LocatingElementHandler.invoke(LocatingElementHandler.java:38)
at com.sun.proxy.$Proxy11.isDisplayed(Unknown Source)
at com.tetherfi.pages.TmacBroadCastMsgPage.verifyinvalidsearch(TmacBroadCastMsgPage.java:579)
at com.tetherfi.test.tmac.TmacBroadCastMsgTest.SearchClearSearch(TmacBroadCastMsgTest.java:233)
at sun.reflect.NativeMethodAccessorImpl.invoke0(Native Method)
at sun.reflect.NativeMethodAccessorImpl.invoke(Unknown Source)
at sun.reflect.DelegatingMethodAccessorImpl.invoke(Unknown Source)
at java.lang.reflect.Method.invoke(Unknown Source)
at org.testng.internal.MethodInvocationHelper.invokeMethod(MethodInvocationHelper.java:133)
at org.testng.internal.TestInvoker.invokeMethod(TestInvoker.java:584)
at org.testng.internal.TestInvoker.invokeTestMethod(TestInvoker.java:172)
at org.testng.internal.MethodRunner.runInSequence(MethodRunner.java:46)
at org.testng.internal.TestInvoker$MethodInvocationAgent.invoke(TestInvoker.java:804)
at org.testng.internal.TestInvoker.invokeTestMethods(TestInvoker.java:145)
at org.testng.internal.TestMethodWorker.invokeTestMethods(TestMethodWorker.java:146)
at org.testng.internal.TestMethodWorker.run(TestMethodWorker.java:128)
at java.util.ArrayList.forEach(Unknown Source)
at org.testng.TestRunner.privateRun(TestRunner.java:770)
at org.testng.TestRunner.run(TestRunner.java:591)
at org.testng.SuiteRunner.runTest(SuiteRunner.java:402)
at org.testng.SuiteRunner.runSequentially(SuiteRunner.java:396)
at org.testng.SuiteRunner.privateRun(SuiteRunner.java:355)
at org.testng.SuiteRunner.run(SuiteRunner.java:304)
at org.testng.SuiteRunnerWorker.runSuite(SuiteRunnerWorker.java:53)
at org.testng.SuiteRunnerWorker.run(SuiteRunnerWorker.java:96)
at org.testng.TestNG.runSuitesSequentially(TestNG.java:1180)
at org.testng.TestNG.runSuitesLocally(TestNG.java:1102)
at org.testng.TestNG.runSuites(TestNG.java:1032)
at org.testng.TestNG.run(TestNG.java:1000)
at org.testng.remote.AbstractRemoteTestNG.run(AbstractRemoteTestNG.java:115)
at org.testng.remote.RemoteTestNG.initAndRun(RemoteTestNG.java:251)
at org.testng.remote.RemoteTestNG.main(RemoteTestNG.java:77)
]]>
    </error>
  </testcase> <!-- SearchClearSearch -->
  <testcase name="ExportToExcel" time="9.220" classname="com.tetherfi.test.tmac.TmacBroadCastMsgTest"/>
  <testcase name="ExportToExcelData" time="18.460" classname="com.tetherfi.test.tmac.TmacBroadCastMsgTest"/>
  <testcase name="database" time="29.797" classname="com.tetherfi.test.tmac.TmacBroadCastMsgTest"/>
  <testcase name="GroupBy" time="14.419" classname="com.tetherfi.test.tmac.TmacBroadCastMsgTest"/>
  <testcase name="VerifyArrowMoveForPreviousAndNextPage" time="16.321" classname="com.tetherfi.test.tmac.TmacBroadCastMsgTest"/>
  <testcase name="VerifyArrowMoveForFirstAndLastPage" time="13.983" classname="com.tetherfi.test.tmac.TmacBroadCastMsgTest"/>
  <testcase name="VerifyTotalNumberOfItemsPerPageDetails" time="8.230" classname="com.tetherfi.test.tmac.TmacBroadCastMsgTest"/>
  <testcase name="VerifyNumberOfItemsPerPageSelection" time="25.223" classname="com.tetherfi.test.tmac.TmacBroadCastMsgTest"/>
  <testcase name="VerifyDropdownForAllTheColumns" time="16.631" classname="com.tetherfi.test.tmac.TmacBroadCastMsgTest"/>
  <testcase name="VerifyColumnsHeaderEnable" time="15.697" classname="com.tetherfi.test.tmac.TmacBroadCastMsgTest"/>
  <testcase name="VerifyColumnsHeaderDisable" time="18.824" classname="com.tetherfi.test.tmac.TmacBroadCastMsgTest"/>
  <testcase name="SortingByAscending" time="23.075" classname="com.tetherfi.test.tmac.TmacBroadCastMsgTest"/>
  <testcase name="SortingByDescending" time="31.525" classname="com.tetherfi.test.tmac.TmacBroadCastMsgTest"/>
  <testcase name="ExporttoExcelWithoutData" time="15.872" classname="com.tetherfi.test.tmac.TmacBroadCastMsgTest"/>
</testsuite> <!-- com.tetherfi.test.tmac.TmacBroadCastMsgTest -->
