<?xml version="1.0" encoding="UTF-8"?>
<!-- Generated by org.testng.reporters.JUnitReportReporter -->
<testsuite hostname="DESKTOP-O6A5C2O" failures="0" tests="50" name="com.tetherfi.test.ivr.AdhocOptionEnhancementTest" time="1227.562" errors="1" timestamp="2020-03-10T12:05:19 IST" skipped="1">
  <testcase classname="com.tetherfi.test.ivr.AdhocOptionEnhancementTest" name="AdhocOptionEnhancementPage" time="7.956"/>
  <testcase classname="com.tetherfi.test.ivr.AdhocOptionEnhancementTest" name="AddNewAdhocOptionEnhancementRecord" time="27.830"/>
  <testcase classname="com.tetherfi.test.ivr.AdhocOptionEnhancementTest" name="VerifyAuditTrialReportForCreate" time="37.395"/>
  <testcase classname="com.tetherfi.test.ivr.AdhocOptionEnhancementTest" name="AddDuplicateAdhocOptionEnhancementRecord" time="26.483"/>
  <testcase classname="com.tetherfi.test.ivr.AdhocOptionEnhancementTest" name="AddNewAdhocOptionEnhancementwithdifferentLangvageRecord" time="27.084"/>
  <testcase classname="com.tetherfi.test.ivr.AdhocOptionEnhancementTest" name="AddEmptyAdhocOptionEnhancementRecord" time="8.574"/>
  <testcase classname="com.tetherfi.test.ivr.AdhocOptionEnhancementTest" name="AddAdhocOptionEnhancementRecordWithoutPromotionalNumber" time="27.012"/>
  <testcase classname="com.tetherfi.test.ivr.AdhocOptionEnhancementTest" name="AddAdhocOptionEnhancementRecordWithoutPromotionalDescription" time="27.477"/>
  <testcase classname="com.tetherfi.test.ivr.AdhocOptionEnhancementTest" name="AddAdhocOptionEnhancementRecordWithoutLanguage" time="28.875"/>
  <testcase classname="com.tetherfi.test.ivr.AdhocOptionEnhancementTest" name="AddAdhocOptionEnhancementRecordWithoutDirectTransfer" time="25.865"/>
  <testcase classname="com.tetherfi.test.ivr.AdhocOptionEnhancementTest" name="AddAdhocOptionEnhancementRecordWithoutPromotionNameWavfile" time="21.300"/>
  <testcase classname="com.tetherfi.test.ivr.AdhocOptionEnhancementTest" name="AddAdhocOptionEnhancementRecordWithoutPromotionDetailsWavfile" time="22.973"/>
  <testcase classname="com.tetherfi.test.ivr.AdhocOptionEnhancementTest" name="AddEmptyAdhocOptionEnhancementRecordWithoutIntent" time="26.946"/>
  <testcase classname="com.tetherfi.test.ivr.AdhocOptionEnhancementTest" name="AddAdhocOptionEnhancementRecordWithoutStatus" time="26.750"/>
  <testcase classname="com.tetherfi.test.ivr.AdhocOptionEnhancementTest" name="VerifyCancelButtonAtAddAdhocOptionEnhancementRecord" time="51.831"/>
  <testcase classname="com.tetherfi.test.ivr.AdhocOptionEnhancementTest" name="VerifySearchIsNotEqualTo" time="19.996"/>
  <testcase classname="com.tetherfi.test.ivr.AdhocOptionEnhancementTest" name="VerifySearchContains" time="14.343"/>
  <testcase classname="com.tetherfi.test.ivr.AdhocOptionEnhancementTest" name="VerifySearchDoesNotContains" time="20.262"/>
  <testcase classname="com.tetherfi.test.ivr.AdhocOptionEnhancementTest" name="VerifySearchStartsWith" time="15.455"/>
  <testcase classname="com.tetherfi.test.ivr.AdhocOptionEnhancementTest" name="VerifySearchEndsWith" time="13.966"/>
  <testcase classname="com.tetherfi.test.ivr.AdhocOptionEnhancementTest" name="EditAdhocOptionEnhancementRecord" time="28.863"/>
  <testcase classname="com.tetherfi.test.ivr.AdhocOptionEnhancementTest" name="VerifyAuditTrialReportForUpdate" time="37.870"/>
  <testcase classname="com.tetherfi.test.ivr.AdhocOptionEnhancementTest" name="EditEmptyAdhocOptionEnhancementRecord" time="18.921"/>
  <testcase classname="com.tetherfi.test.ivr.AdhocOptionEnhancementTest" name="EditWithoutModifyReasonAdhocOptionEnhancementRecord" time="13.953"/>
  <testcase classname="com.tetherfi.test.ivr.AdhocOptionEnhancementTest" name="VerifyCancelButtonAtEditAdhocOptionEnhancementRecord" time="62.738"/>
  <testcase classname="com.tetherfi.test.ivr.AdhocOptionEnhancementTest" name="ExportToExcel" time="9.988"/>
  <testcase classname="com.tetherfi.test.ivr.AdhocOptionEnhancementTest" name="ExportToExcelData" time="18.165"/>
  <testcase classname="com.tetherfi.test.ivr.AdhocOptionEnhancementTest" name="SortingByAscending" time="17.545"/>
  <testcase classname="com.tetherfi.test.ivr.AdhocOptionEnhancementTest" name="SortingByDescending" time="18.913"/>
  <testcase classname="com.tetherfi.test.ivr.AdhocOptionEnhancementTest" name="GroupBy" time="9.589"/>
  <testcase classname="com.tetherfi.test.ivr.AdhocOptionEnhancementTest" name="VerifyArrowMoveForPreviousAndNextPage" time="8.889"/>
  <testcase classname="com.tetherfi.test.ivr.AdhocOptionEnhancementTest" name="VerifyArrowMoveForFirstAndLastPage" time="8.150"/>
  <testcase classname="com.tetherfi.test.ivr.AdhocOptionEnhancementTest" name="VerifyTotalNumberOfItemsPerPageDetails" time="8.066"/>
  <testcase classname="com.tetherfi.test.ivr.AdhocOptionEnhancementTest" name="VerifyNumberOfItemsPerPageSelection" time="16.356"/>
  <testcase classname="com.tetherfi.test.ivr.AdhocOptionEnhancementTest" name="VerifyDropdownForAllTheColumns" time="27.718"/>
  <testcase classname="com.tetherfi.test.ivr.AdhocOptionEnhancementTest" name="VerifyColumnsHeaderEnable" time="17.044"/>
  <testcase classname="com.tetherfi.test.ivr.AdhocOptionEnhancementTest" name="VerifyColumnsHeaderDisable" time="20.573"/>
  <testcase classname="com.tetherfi.test.ivr.AdhocOptionEnhancementTest" name="database" time="18.565"/>
  <testcase classname="com.tetherfi.test.ivr.AdhocOptionEnhancementTest" name="DeleteWithoutDeleteReasonInAdhocOptionEnhancementRecord" time="15.682"/>
  <testcase classname="com.tetherfi.test.ivr.AdhocOptionEnhancementTest" name="VerifyCancelButtonInDeleteAdhocOptionEnhancementRecord" time="58.750"/>
  <testcase classname="com.tetherfi.test.ivr.AdhocOptionEnhancementTest" name="DeleteAdhocOptionEnhancementRecord" time="135.048">
    <error message="Expected condition failed: waiting for visibility of Proxy element for: DefaultElementLocator &#039;By.cssSelector: #toast-container .toast-message&#039; (tried for 30 second(s) with 500 milliseconds interval)" type="org.openqa.selenium.TimeoutException">
      <![CDATA[org.openqa.selenium.TimeoutException: Expected condition failed: waiting for visibility of Proxy element for: DefaultElementLocator 'By.cssSelector: #toast-container .toast-message' (tried for 30 second(s) with 500 milliseconds interval)
at org.openqa.selenium.support.ui.WebDriverWait.timeoutException(WebDriverWait.java:95)
at org.openqa.selenium.support.ui.FluentWait.until(FluentWait.java:272)
at com.tetherfi.pages.BasePage.waitUntilWebElementIsVisible(BasePage.java:127)
at com.tetherfi.pages.AdhocOptionEnhancementPage.verifySuccessMessage(AdhocOptionEnhancementPage.java:561)
at com.tetherfi.test.ivr.AdhocOptionEnhancementTest.DeleteAdhocOptionEnhancementRecord(AdhocOptionEnhancementTest.java:411)
at java.base/jdk.internal.reflect.NativeMethodAccessorImpl.invoke0(Native Method)
at java.base/jdk.internal.reflect.NativeMethodAccessorImpl.invoke(Unknown Source)
at java.base/jdk.internal.reflect.DelegatingMethodAccessorImpl.invoke(Unknown Source)
at java.base/java.lang.reflect.Method.invoke(Unknown Source)
at org.testng.internal.MethodInvocationHelper.invokeMethod(MethodInvocationHelper.java:133)
at org.testng.internal.TestInvoker.invokeMethod(TestInvoker.java:584)
at org.testng.internal.TestInvoker.invokeTestMethod(TestInvoker.java:172)
at org.testng.internal.MethodRunner.runInSequence(MethodRunner.java:46)
at org.testng.internal.TestInvoker$MethodInvocationAgent.invoke(TestInvoker.java:804)
at org.testng.internal.TestInvoker.invokeTestMethods(TestInvoker.java:145)
at org.testng.internal.TestMethodWorker.invokeTestMethods(TestMethodWorker.java:146)
at org.testng.internal.TestMethodWorker.run(TestMethodWorker.java:128)
at java.base/java.util.ArrayList.forEach(Unknown Source)
at org.testng.TestRunner.privateRun(TestRunner.java:770)
at org.testng.TestRunner.run(TestRunner.java:591)
at org.testng.SuiteRunner.runTest(SuiteRunner.java:402)
at org.testng.SuiteRunner.runSequentially(SuiteRunner.java:396)
at org.testng.SuiteRunner.privateRun(SuiteRunner.java:355)
at org.testng.SuiteRunner.run(SuiteRunner.java:304)
at org.testng.SuiteRunnerWorker.runSuite(SuiteRunnerWorker.java:53)
at org.testng.SuiteRunnerWorker.run(SuiteRunnerWorker.java:96)
at org.testng.TestNG.runSuitesSequentially(TestNG.java:1180)
at org.testng.TestNG.runSuitesLocally(TestNG.java:1102)
at org.testng.TestNG.runSuites(TestNG.java:1032)
at org.testng.TestNG.run(TestNG.java:1000)
at org.testng.remote.AbstractRemoteTestNG.run(AbstractRemoteTestNG.java:115)
at org.testng.remote.RemoteTestNG.initAndRun(RemoteTestNG.java:251)
at org.testng.remote.RemoteTestNG.main(RemoteTestNG.java:77)
Caused by: org.openqa.selenium.NoSuchElementException: no such element: Unable to locate element: {"method":"css selector","selector":"#toast-container .toast-message"}
  (Session info: chrome=78.0.3904.70)
For documentation on this error, please visit: https://www.seleniumhq.org/exceptions/no_such_element.html
Build info: version: '3.141.59', revision: 'e82be7d358', time: '2018-11-14T08:17:03'
System info: host: 'DESKTOP-O6A5C2O', ip: '10.0.75.1', os.name: 'Windows 10', os.arch: 'amd64', os.version: '10.0', java.version: '9.0.4'
Driver info: org.openqa.selenium.chrome.ChromeDriver
Capabilities {acceptInsecureCerts: false, browserName: chrome, browserVersion: 78.0.3904.70, chrome: {chromedriverVersion: 78.0.3904.105 (60e2d8774a81..., userDataDir: C:\Users\admin\AppData\Loca...}, goog:chromeOptions: {debuggerAddress: localhost:59186}, javascriptEnabled: true, networkConnectionEnabled: false, pageLoadStrategy: normal, platform: XP, platformName: XP, proxy: Proxy(), setWindowRect: true, strictFileInteractability: false, timeouts: {implicit: 0, pageLoad: 300000, script: 30000}, unhandledPromptBehavior: dismiss and notify}
Session ID: f98c9227a7e9c284480cdbdac761af6c
*** Element info: {Using=css selector, value=#toast-container .toast-message}
at java.base/jdk.internal.reflect.NativeConstructorAccessorImpl.newInstance0(Native Method)
at java.base/jdk.internal.reflect.NativeConstructorAccessorImpl.newInstance(Unknown Source)
at java.base/jdk.internal.reflect.DelegatingConstructorAccessorImpl.newInstance(Unknown Source)
at java.base/java.lang.reflect.Constructor.newInstance(Unknown Source)
at org.openqa.selenium.remote.http.W3CHttpResponseCodec.createException(W3CHttpResponseCodec.java:187)
at org.openqa.selenium.remote.http.W3CHttpResponseCodec.decode(W3CHttpResponseCodec.java:122)
at org.openqa.selenium.remote.http.W3CHttpResponseCodec.decode(W3CHttpResponseCodec.java:49)
at org.openqa.selenium.remote.HttpCommandExecutor.execute(HttpCommandExecutor.java:158)
at org.openqa.selenium.remote.service.DriverCommandExecutor.execute(DriverCommandExecutor.java:83)
at org.openqa.selenium.remote.RemoteWebDriver.execute(RemoteWebDriver.java:552)
at org.openqa.selenium.remote.RemoteWebDriver.findElement(RemoteWebDriver.java:323)
at org.openqa.selenium.remote.RemoteWebDriver.findElementByCssSelector(RemoteWebDriver.java:420)
at org.openqa.selenium.By$ByCssSelector.findElement(By.java:431)
at org.openqa.selenium.remote.RemoteWebDriver.findElement(RemoteWebDriver.java:315)
at org.openqa.selenium.support.pagefactory.DefaultElementLocator.findElement(DefaultElementLocator.java:69)
at org.openqa.selenium.support.pagefactory.internal.LocatingElementHandler.invoke(LocatingElementHandler.java:38)
at com.sun.proxy.$Proxy16.isDisplayed(Unknown Source)
at org.openqa.selenium.support.ui.ExpectedConditions.elementIfVisible(ExpectedConditions.java:314)
at org.openqa.selenium.support.ui.ExpectedConditions.access$000(ExpectedConditions.java:43)
at org.openqa.selenium.support.ui.ExpectedConditions$10.apply(ExpectedConditions.java:300)
at org.openqa.selenium.support.ui.ExpectedConditions$10.apply(ExpectedConditions.java:297)
at org.openqa.selenium.support.ui.FluentWait.until(FluentWait.java:249)
... 31 more
]]>
    </error>
  </testcase> <!-- DeleteAdhocOptionEnhancementRecord -->
  <testcase classname="com.tetherfi.test.ivr.AdhocOptionEnhancementTest" name="VerifyAuditTrialReportForDelete" time="5.935">
    <skipped/>
  </testcase> <!-- VerifyAuditTrialReportForDelete -->
  <testcase classname="com.tetherfi.test.ivr.AdhocOptionEnhancementTest" name="searchPage" time="13.616"/>
  <testcase classname="com.tetherfi.test.ivr.AdhocOptionEnhancementTest" name="searchwithoutSearchTextbox" time="11.465"/>
  <testcase classname="com.tetherfi.test.ivr.AdhocOptionEnhancementTest" name="ValidANDBooleanSearch" time="20.949"/>
  <testcase classname="com.tetherfi.test.ivr.AdhocOptionEnhancementTest" name="ValiORBooleanSearch" time="20.581"/>
  <testcase classname="com.tetherfi.test.ivr.AdhocOptionEnhancementTest" name="InvalidBooleanSearchwithoutSearchTextbox" time="20.874"/>
  <testcase classname="com.tetherfi.test.ivr.AdhocOptionEnhancementTest" name="InvalidBooleanSearchwithoutSearchTextbox1" time="19.749"/>
  <testcase classname="com.tetherfi.test.ivr.AdhocOptionEnhancementTest" name="SearchClearSearch" time="58.611"/>
  <testcase classname="com.tetherfi.test.ivr.AdhocOptionEnhancementTest" name="ExporttoExcelWithoutData" time="6.023"/>
</testsuite> <!-- com.tetherfi.test.ivr.AdhocOptionEnhancementTest -->
