<?xml version="1.0" encoding="UTF-8"?>
<!-- Generated by org.testng.reporters.JUnitReportReporter -->
<testsuite skipped="0" hostname="TTF-BLR-SANTOSHKOUJALAGI" name="com.tetherfi.test.ivr.AdhocOptionEnhancementTest" tests="50" failures="0" timestamp="2021-08-03T02:47:30 IST" time="758.089" errors="0">
  <testcase name="AdhocOptionEnhancementPage" time="3.542" classname="com.tetherfi.test.ivr.AdhocOptionEnhancementTest"/>
  <testcase name="AddNewAdhocOptionEnhancementRecord" time="21.083" classname="com.tetherfi.test.ivr.AdhocOptionEnhancementTest"/>
  <testcase name="AddDuplicateAdhocOptionEnhancementRecord" time="19.333" classname="com.tetherfi.test.ivr.AdhocOptionEnhancementTest"/>
  <testcase name="AddNewAdhocOptionEnhancementwithdifferentLangvageRecord" time="20.645" classname="com.tetherfi.test.ivr.AdhocOptionEnhancementTest"/>
  <testcase name="AddEmptyAdhocOptionEnhancementRecord" time="4.452" classname="com.tetherfi.test.ivr.AdhocOptionEnhancementTest"/>
  <testcase name="AddAdhocOptionEnhancementRecordWithoutPromotionalNumber" time="19.804" classname="com.tetherfi.test.ivr.AdhocOptionEnhancementTest"/>
  <testcase name="AddAdhocOptionEnhancementRecordWithoutPromotionalDescription" time="19.984" classname="com.tetherfi.test.ivr.AdhocOptionEnhancementTest"/>
  <testcase name="AddAdhocOptionEnhancementRecordWithoutLanguage" time="19.644" classname="com.tetherfi.test.ivr.AdhocOptionEnhancementTest"/>
  <testcase name="AddAdhocOptionEnhancementRecordWithoutDirectTransfer" time="19.408" classname="com.tetherfi.test.ivr.AdhocOptionEnhancementTest"/>
  <testcase name="AddAdhocOptionEnhancementRecordWithoutPromotionNameWavfile" time="16.193" classname="com.tetherfi.test.ivr.AdhocOptionEnhancementTest"/>
  <testcase name="AddAdhocOptionEnhancementRecordWithoutPromotionDetailsWavfile" time="15.490" classname="com.tetherfi.test.ivr.AdhocOptionEnhancementTest"/>
  <testcase name="AddEmptyAdhocOptionEnhancementRecordWithoutIntent" time="19.761" classname="com.tetherfi.test.ivr.AdhocOptionEnhancementTest"/>
  <testcase name="AddAdhocOptionEnhancementRecordWithoutStatus" time="19.060" classname="com.tetherfi.test.ivr.AdhocOptionEnhancementTest"/>
  <testcase name="VerifyCancelButtonAtAddAdhocOptionEnhancementRecord" time="26.447" classname="com.tetherfi.test.ivr.AdhocOptionEnhancementTest"/>
  <testcase name="VerifySearchIsNotEqualTo" time="17.185" classname="com.tetherfi.test.ivr.AdhocOptionEnhancementTest"/>
  <testcase name="VerifySearchContains" time="13.349" classname="com.tetherfi.test.ivr.AdhocOptionEnhancementTest"/>
  <testcase name="VerifySearchDoesNotContains" time="14.544" classname="com.tetherfi.test.ivr.AdhocOptionEnhancementTest"/>
  <testcase name="VerifySearchStartsWith" time="12.169" classname="com.tetherfi.test.ivr.AdhocOptionEnhancementTest"/>
  <testcase name="VerifySearchEndsWith" time="11.206" classname="com.tetherfi.test.ivr.AdhocOptionEnhancementTest"/>
  <testcase name="EditAdhocOptionEnhancementRecord" time="22.088" classname="com.tetherfi.test.ivr.AdhocOptionEnhancementTest"/>
  <testcase name="EditEmptyAdhocOptionEnhancementRecord" time="14.512" classname="com.tetherfi.test.ivr.AdhocOptionEnhancementTest"/>
  <testcase name="EditWithoutModifyReasonAdhocOptionEnhancementRecord" time="10.126" classname="com.tetherfi.test.ivr.AdhocOptionEnhancementTest"/>
  <testcase name="VerifyCancelButtonAtEditAdhocOptionEnhancementRecord" time="34.159" classname="com.tetherfi.test.ivr.AdhocOptionEnhancementTest"/>
  <testcase name="ExportToExcel" time="5.194" classname="com.tetherfi.test.ivr.AdhocOptionEnhancementTest"/>
  <testcase name="ExportToExcelData" time="7.834" classname="com.tetherfi.test.ivr.AdhocOptionEnhancementTest"/>
  <testcase name="SortingByAscending" time="12.377" classname="com.tetherfi.test.ivr.AdhocOptionEnhancementTest"/>
  <testcase name="SortingByDescending" time="12.383" classname="com.tetherfi.test.ivr.AdhocOptionEnhancementTest"/>
  <testcase name="GroupBy" time="4.803" classname="com.tetherfi.test.ivr.AdhocOptionEnhancementTest"/>
  <testcase name="VerifyArrowMoveForPreviousAndNextPage" time="0.451" classname="com.tetherfi.test.ivr.AdhocOptionEnhancementTest"/>
  <testcase name="VerifyArrowMoveForFirstAndLastPage" time="1.889" classname="com.tetherfi.test.ivr.AdhocOptionEnhancementTest"/>
  <testcase name="VerifyTotalNumberOfItemsPerPageDetails" time="2.245" classname="com.tetherfi.test.ivr.AdhocOptionEnhancementTest"/>
  <testcase name="VerifyNumberOfItemsPerPageSelection" time="10.056" classname="com.tetherfi.test.ivr.AdhocOptionEnhancementTest"/>
  <testcase name="VerifyDropdownForAllTheColumns" time="17.132" classname="com.tetherfi.test.ivr.AdhocOptionEnhancementTest"/>
  <testcase name="VerifyColumnsHeaderEnable" time="10.760" classname="com.tetherfi.test.ivr.AdhocOptionEnhancementTest"/>
  <testcase name="VerifyColumnsHeaderDisable" time="14.964" classname="com.tetherfi.test.ivr.AdhocOptionEnhancementTest"/>
  <testcase name="database" time="13.787" classname="com.tetherfi.test.ivr.AdhocOptionEnhancementTest"/>
  <testcase name="DeleteWithoutDeleteReasonInAdhocOptionEnhancementRecord" time="9.684" classname="com.tetherfi.test.ivr.AdhocOptionEnhancementTest"/>
  <testcase name="VerifyCancelButtonInDeleteAdhocOptionEnhancementRecord" time="33.864" classname="com.tetherfi.test.ivr.AdhocOptionEnhancementTest"/>
  <testcase name="DeleteAdhocOptionEnhancementRecord" time="10.914" classname="com.tetherfi.test.ivr.AdhocOptionEnhancementTest"/>
  <testcase name="searchPage" time="5.927" classname="com.tetherfi.test.ivr.AdhocOptionEnhancementTest"/>
  <testcase name="searchwithoutSearchTextbox" time="7.329" classname="com.tetherfi.test.ivr.AdhocOptionEnhancementTest"/>
  <testcase name="ValidANDBooleanSearch" time="17.210" classname="com.tetherfi.test.ivr.AdhocOptionEnhancementTest"/>
  <testcase name="ValiORBooleanSearch" time="16.054" classname="com.tetherfi.test.ivr.AdhocOptionEnhancementTest"/>
  <testcase name="InvalidBooleanSearchwithoutSearchTextbox" time="11.808" classname="com.tetherfi.test.ivr.AdhocOptionEnhancementTest"/>
  <testcase name="InvalidBooleanSearchwithoutSearchTextbox1" time="11.990" classname="com.tetherfi.test.ivr.AdhocOptionEnhancementTest"/>
  <testcase name="SearchClearSearch" time="18.216" classname="com.tetherfi.test.ivr.AdhocOptionEnhancementTest"/>
  <testcase name="ExporttoExcelWithoutData" time="9.434" classname="com.tetherfi.test.ivr.AdhocOptionEnhancementTest"/>
  <testcase name="VerifyAuditTrialReportForCreate" time="33.641" classname="com.tetherfi.test.ivr.AdhocOptionEnhancementTest"/>
  <testcase name="VerifyAuditTrialReportForUpdate" time="32.295" classname="com.tetherfi.test.ivr.AdhocOptionEnhancementTest"/>
  <testcase name="VerifyAuditTrialReportForDelete" time="31.664" classname="com.tetherfi.test.ivr.AdhocOptionEnhancementTest"/>
</testsuite> <!-- com.tetherfi.test.ivr.AdhocOptionEnhancementTest -->
