<?xml version="1.0" encoding="UTF-8"?>
<!-- Generated by org.testng.reporters.JUnitReportReporter -->
<testsuite skipped="0" hostname="admin" name="com.tetherfi.test.UserManagementE2ETest" tests="2" failures="0" timestamp="18 Feb 2019 09:41:55 GMT" time="170.569" errors="0">
  <testcase name="VerifyExportAccessOfBranchManagement" time="88.160" classname="com.tetherfi.test.UserManagementE2ETest"/>
  <testcase name="VerifyDeleteAccessOfBranchManagement" time="82.409" classname="com.tetherfi.test.UserManagementE2ETest"/>
</testsuite> <!-- com.tetherfi.test.UserManagementE2ETest -->
