<?xml version="1.0" encoding="UTF-8"?>
<!-- Generated by org.testng.reporters.JUnitReportReporter -->
<testsuite skipped="0" hostname="TTF-BLR-SANTOSHKOUJALAGI" name="com.tetherfi.test.RoleBasedAccessManagementUITest" tests="22" failures="1" timestamp="2021-08-09T21:04:40 IST" time="391.566" errors="0">
  <testcase name="RoleBasedAccessManagementPage" time="6.914" classname="com.tetherfi.test.RoleBasedAccessManagementUITest"/>
  <testcase name="VerifyRoleBasedAccessManagementApprovedDataPage" time="6.514" classname="com.tetherfi.test.RoleBasedAccessManagementUITest"/>
  <testcase name="VerifyRoleBasedAccessManagementAuditTrailDataPage" time="15.119" classname="com.tetherfi.test.RoleBasedAccessManagementUITest"/>
  <testcase name="VerifyMakeRoleBasedAccessManagementChangeButton" time="19.138" classname="com.tetherfi.test.RoleBasedAccessManagementUITest"/>
  <testcase name="VerifyDropdownForAllTheColumns" time="22.093" classname="com.tetherfi.test.RoleBasedAccessManagementUITest"/>
  <testcase name="VerifyColumnsHeaderEnable" time="22.864" classname="com.tetherfi.test.RoleBasedAccessManagementUITest"/>
  <testcase name="VerifyColumnsHeaderDisable" time="16.695" classname="com.tetherfi.test.RoleBasedAccessManagementUITest"/>
  <testcase name="VerifyArrowMoveForPreviousAndNextPage" time="18.733" classname="com.tetherfi.test.RoleBasedAccessManagementUITest"/>
  <testcase name="VerifyArrowMoveForFirstAndLastPage" time="18.785" classname="com.tetherfi.test.RoleBasedAccessManagementUITest"/>
  <testcase name="VerifyTotalNumberOfItemsPerPageDetails" time="17.224" classname="com.tetherfi.test.RoleBasedAccessManagementUITest"/>
  <testcase name="VerifyNumberOfItemsPerPageSelection" time="26.561" classname="com.tetherfi.test.RoleBasedAccessManagementUITest"/>
  <testcase name="ExportToExcel" time="19.377" classname="com.tetherfi.test.RoleBasedAccessManagementUITest"/>
  <testcase name="ExportToExcelData" time="22.328" classname="com.tetherfi.test.RoleBasedAccessManagementUITest"/>
  <testcase name="VerifyExportToExcelWithoutData" time="24.327" classname="com.tetherfi.test.RoleBasedAccessManagementUITest"/>
  <testcase name="SortingByAscending" time="23.612" classname="com.tetherfi.test.RoleBasedAccessManagementUITest"/>
  <testcase name="SortingByDescending" time="23.737" classname="com.tetherfi.test.RoleBasedAccessManagementUITest"/>
  <testcase name="VerifyDragAndDrop" time="16.624" classname="com.tetherfi.test.RoleBasedAccessManagementUITest"/>
  <testcase name="VerifyDragAndDropofAlreadyGroupedHeader" time="18.575" classname="com.tetherfi.test.RoleBasedAccessManagementUITest"/>
  <testcase name="database" time="16.658" classname="com.tetherfi.test.RoleBasedAccessManagementUITest">
    <failure type="java.lang.AssertionError" message="did not expect to find [true] but found [false]">
      <![CDATA[java.lang.AssertionError: did not expect to find [true] but found [false]
at org.testng.Assert.fail(Assert.java:97)
at org.testng.Assert.failNotEquals(Assert.java:969)
at org.testng.Assert.assertTrue(Assert.java:43)
at org.testng.Assert.assertTrue(Assert.java:53)
at com.tetherfi.test.RoleBasedAccessManagementUITest.database(RoleBasedAccessManagementUITest.java:201)
at sun.reflect.NativeMethodAccessorImpl.invoke0(Native Method)
at sun.reflect.NativeMethodAccessorImpl.invoke(Unknown Source)
at sun.reflect.DelegatingMethodAccessorImpl.invoke(Unknown Source)
at java.lang.reflect.Method.invoke(Unknown Source)
at org.testng.internal.MethodInvocationHelper.invokeMethod(MethodInvocationHelper.java:133)
at org.testng.internal.TestInvoker.invokeMethod(TestInvoker.java:584)
at org.testng.internal.TestInvoker.invokeTestMethod(TestInvoker.java:172)
at org.testng.internal.MethodRunner.runInSequence(MethodRunner.java:46)
at org.testng.internal.TestInvoker$MethodInvocationAgent.invoke(TestInvoker.java:804)
at org.testng.internal.TestInvoker.invokeTestMethods(TestInvoker.java:145)
at org.testng.internal.TestMethodWorker.invokeTestMethods(TestMethodWorker.java:146)
at org.testng.internal.TestMethodWorker.run(TestMethodWorker.java:128)
at java.util.ArrayList.forEach(Unknown Source)
at org.testng.TestRunner.privateRun(TestRunner.java:770)
at org.testng.TestRunner.run(TestRunner.java:591)
at org.testng.SuiteRunner.runTest(SuiteRunner.java:402)
at org.testng.SuiteRunner.runSequentially(SuiteRunner.java:396)
at org.testng.SuiteRunner.privateRun(SuiteRunner.java:355)
at org.testng.SuiteRunner.run(SuiteRunner.java:304)
at org.testng.SuiteRunnerWorker.runSuite(SuiteRunnerWorker.java:53)
at org.testng.SuiteRunnerWorker.run(SuiteRunnerWorker.java:96)
at org.testng.TestNG.runSuitesSequentially(TestNG.java:1180)
at org.testng.TestNG.runSuitesLocally(TestNG.java:1102)
at org.testng.TestNG.runSuites(TestNG.java:1032)
at org.testng.TestNG.run(TestNG.java:1000)
at org.testng.remote.AbstractRemoteTestNG.run(AbstractRemoteTestNG.java:115)
at org.testng.remote.RemoteTestNG.initAndRun(RemoteTestNG.java:251)
at org.testng.remote.RemoteTestNG.main(RemoteTestNG.java:77)
]]>
    </failure>
  </testcase> <!-- database -->
  <testcase name="searchPage" time="11.769" classname="com.tetherfi.test.RoleBasedAccessManagementUITest"/>
  <testcase name="searchwithoutSearchTextbox" time="11.688" classname="com.tetherfi.test.RoleBasedAccessManagementUITest"/>
  <testcase name="SearchClearSearch" time="12.231" classname="com.tetherfi.test.RoleBasedAccessManagementUITest"/>
</testsuite> <!-- com.tetherfi.test.RoleBasedAccessManagementUITest -->
