<?xml version="1.0" encoding="UTF-8"?>
<!-- Generated by org.testng.reporters.JUnitReportReporter -->
<testsuite skipped="34" hostname="DESKTOP-SNCCD49" name="com.tetherfi.test.ivr.CallBackAnnouncementTest" tests="35" failures="0" timestamp="2019-09-05T10:24:11 IST" time="30.990" errors="1">
  <testcase name="NavigateToCallBackAnnouncementPage" time="30.986" classname="com.tetherfi.test.ivr.CallBackAnnouncementTest">
    <error type="org.openqa.selenium.TimeoutException" message="Expected condition failed: waiting for visibility of [[ChromeDriver: chrome on XP (5461c482909331eb4c6d2a539a4548b9)] -&gt; xpath: //a[@class=&#039;OCM-sidebar-toggle white-color&#039;]] (tried for 30 second(s) with 500 milliseconds interval)
Build info: version: &#039;3.141.59&#039;, revision: &#039;e82be7d358&#039;, time: &#039;2018-11-14T08:17:03&#039;
System info: host: &#039;DESKTOP-SNCCD49&#039;, ip: &#039;192.168.1.10&#039;, os.name: &#039;Windows 10&#039;, os.arch: &#039;amd64&#039;, os.version: &#039;10.0&#039;, java.version: &#039;1.8.0_181&#039;
Driver info: org.openqa.selenium.chrome.ChromeDriver
Capabilities {acceptInsecureCerts: false, browserName: chrome, browserVersion: 76.0.3809.132, chrome: {chromedriverVersion: 76.0.3809.68 (420c9498db8ce..., userDataDir: C:\Users\admin\AppData\Loca...}, goog:chromeOptions: {debuggerAddress: localhost:50979}, javascriptEnabled: true, networkConnectionEnabled: false, pageLoadStrategy: normal, platform: XP, platformName: XP, proxy: Proxy(), setWindowRect: true, strictFileInteractability: false, timeouts: {implicit: 0, pageLoad: 300000, script: 30000}, unhandledPromptBehavior: dismiss and notify}
Session ID: 5461c482909331eb4c6d2a539a4548b9">
      <![CDATA[org.openqa.selenium.TimeoutException: Expected condition failed: waiting for visibility of [[ChromeDriver: chrome on XP (5461c482909331eb4c6d2a539a4548b9)] -> xpath: //a[@class='OCM-sidebar-toggle white-color']] (tried for 30 second(s) with 500 milliseconds interval)
Build info: version: '3.141.59', revision: 'e82be7d358', time: '2018-11-14T08:17:03'
System info: host: 'DESKTOP-SNCCD49', ip: '192.168.1.10', os.name: 'Windows 10', os.arch: 'amd64', os.version: '10.0', java.version: '1.8.0_181'
Driver info: org.openqa.selenium.chrome.ChromeDriver
Capabilities {acceptInsecureCerts: false, browserName: chrome, browserVersion: 76.0.3809.132, chrome: {chromedriverVersion: 76.0.3809.68 (420c9498db8ce..., userDataDir: C:\Users\admin\AppData\Loca...}, goog:chromeOptions: {debuggerAddress: localhost:50979}, javascriptEnabled: true, networkConnectionEnabled: false, pageLoadStrategy: normal, platform: XP, platformName: XP, proxy: Proxy(), setWindowRect: true, strictFileInteractability: false, timeouts: {implicit: 0, pageLoad: 300000, script: 30000}, unhandledPromptBehavior: dismiss and notify}
Session ID: 5461c482909331eb4c6d2a539a4548b9
at org.openqa.selenium.support.ui.WebDriverWait.timeoutException(WebDriverWait.java:95)
at org.openqa.selenium.support.ui.FluentWait.until(FluentWait.java:272)
at com.tetherfi.pages.BasePage.waitUntilWebElementIsVisible(BasePage.java:127)
at com.tetherfi.pages.BasePage.selectWebElement(BasePage.java:191)
at com.tetherfi.pages.HomePage.navigateToOCMPage(HomePage.java:60)
at com.tetherfi.test.ivr.CallBackAnnouncementTest.NavigateToCallBackAnnouncementPage(CallBackAnnouncementTest.java:36)
at sun.reflect.NativeMethodAccessorImpl.invoke0(Native Method)
at sun.reflect.NativeMethodAccessorImpl.invoke(Unknown Source)
at sun.reflect.DelegatingMethodAccessorImpl.invoke(Unknown Source)
at java.lang.reflect.Method.invoke(Unknown Source)
at org.testng.internal.MethodInvocationHelper.invokeMethod(MethodInvocationHelper.java:133)
at org.testng.internal.MethodInvocationHelper.invokeMethodConsideringTimeout(MethodInvocationHelper.java:62)
at org.testng.internal.ConfigInvoker.invokeConfigurationMethod(ConfigInvoker.java:340)
at org.testng.internal.ConfigInvoker.invokeConfigurations(ConfigInvoker.java:294)
at org.testng.internal.TestInvoker.runConfigMethods(TestInvoker.java:683)
at org.testng.internal.TestInvoker.invokeMethod(TestInvoker.java:510)
at org.testng.internal.TestInvoker.invokeTestMethod(TestInvoker.java:172)
at org.testng.internal.MethodRunner.runInSequence(MethodRunner.java:46)
at org.testng.internal.TestInvoker$MethodInvocationAgent.invoke(TestInvoker.java:804)
at org.testng.internal.TestInvoker.invokeTestMethods(TestInvoker.java:145)
at org.testng.internal.TestMethodWorker.invokeTestMethods(TestMethodWorker.java:146)
at org.testng.internal.TestMethodWorker.run(TestMethodWorker.java:128)
at java.util.ArrayList.forEach(Unknown Source)
at org.testng.TestRunner.privateRun(TestRunner.java:770)
at org.testng.TestRunner.run(TestRunner.java:591)
at org.testng.SuiteRunner.runTest(SuiteRunner.java:402)
at org.testng.SuiteRunner.runSequentially(SuiteRunner.java:396)
at org.testng.SuiteRunner.privateRun(SuiteRunner.java:355)
at org.testng.SuiteRunner.run(SuiteRunner.java:304)
at org.testng.SuiteRunnerWorker.runSuite(SuiteRunnerWorker.java:53)
at org.testng.SuiteRunnerWorker.run(SuiteRunnerWorker.java:96)
at org.testng.TestNG.runSuitesSequentially(TestNG.java:1180)
at org.testng.TestNG.runSuitesLocally(TestNG.java:1102)
at org.testng.TestNG.runSuites(TestNG.java:1032)
at org.testng.TestNG.run(TestNG.java:1000)
at org.testng.remote.AbstractRemoteTestNG.run(AbstractRemoteTestNG.java:115)
at org.testng.remote.RemoteTestNG.initAndRun(RemoteTestNG.java:251)
at org.testng.remote.RemoteTestNG.main(RemoteTestNG.java:77)
]]>
    </error>
  </testcase> <!-- NavigateToCallBackAnnouncementPage -->
  <testcase name="CallbackAnnouncementPage" time="0.000" classname="com.tetherfi.test.ivr.CallBackAnnouncementTest">
    <skipped/>
  </testcase> <!-- CallbackAnnouncementPage -->
  <testcase name="VerifyDropdownForAllTheColumns" time="0.000" classname="com.tetherfi.test.ivr.CallBackAnnouncementTest">
    <skipped/>
  </testcase> <!-- VerifyDropdownForAllTheColumns -->
  <testcase name="VerifyColumnsHeaderEnable" time="0.000" classname="com.tetherfi.test.ivr.CallBackAnnouncementTest">
    <skipped/>
  </testcase> <!-- VerifyColumnsHeaderEnable -->
  <testcase name="VerifyColumnsHeaderDisable" time="0.000" classname="com.tetherfi.test.ivr.CallBackAnnouncementTest">
    <skipped/>
  </testcase> <!-- VerifyColumnsHeaderDisable -->
  <testcase name="AddNewCallbackAnnouncementCancelRecord" time="0.000" classname="com.tetherfi.test.ivr.CallBackAnnouncementTest">
    <skipped/>
  </testcase> <!-- AddNewCallbackAnnouncementCancelRecord -->
  <testcase name="AddNewCallbackAnnouncementRecord" time="0.000" classname="com.tetherfi.test.ivr.CallBackAnnouncementTest">
    <skipped/>
  </testcase> <!-- AddNewCallbackAnnouncementRecord -->
  <testcase name="VerifyAuditTrialReportForCreate" time="0.000" classname="com.tetherfi.test.ivr.CallBackAnnouncementTest">
    <skipped/>
  </testcase> <!-- VerifyAuditTrialReportForCreate -->
  <testcase name="AddDuplicateCallBackAnnouncementRecord" time="0.000" classname="com.tetherfi.test.ivr.CallBackAnnouncementTest">
    <skipped/>
  </testcase> <!-- AddDuplicateCallBackAnnouncementRecord -->
  <testcase name="AddNewCallbackAnnouncementWithoutWavFile" time="0.003" classname="com.tetherfi.test.ivr.CallBackAnnouncementTest">
    <skipped/>
  </testcase> <!-- AddNewCallbackAnnouncementWithoutWavFile -->
  <testcase name="AddNewCallbackAnnouncementWithoutStartTime" time="0.000" classname="com.tetherfi.test.ivr.CallBackAnnouncementTest">
    <skipped/>
  </testcase> <!-- AddNewCallbackAnnouncementWithoutStartTime -->
  <testcase name="AddNewCallbackAnnouncementWithoutEndTime" time="0.000" classname="com.tetherfi.test.ivr.CallBackAnnouncementTest">
    <skipped/>
  </testcase> <!-- AddNewCallbackAnnouncementWithoutEndTime -->
  <testcase name="AddNewCallbackAnnouncementWithoutLanguage" time="0.000" classname="com.tetherfi.test.ivr.CallBackAnnouncementTest">
    <skipped/>
  </testcase> <!-- AddNewCallbackAnnouncementWithoutLanguage -->
  <testcase name="EditCallBackAnnouncementRecord" time="0.000" classname="com.tetherfi.test.ivr.CallBackAnnouncementTest">
    <skipped/>
  </testcase> <!-- EditCallBackAnnouncementRecord -->
  <testcase name="VerifyAuditTrialReportForUpdate" time="0.000" classname="com.tetherfi.test.ivr.CallBackAnnouncementTest">
    <skipped/>
  </testcase> <!-- VerifyAuditTrialReportForUpdate -->
  <testcase name="EditWithoutModifyReasonCallbackannouncementRecord" time="0.000" classname="com.tetherfi.test.ivr.CallBackAnnouncementTest">
    <skipped/>
  </testcase> <!-- EditWithoutModifyReasonCallbackannouncementRecord -->
  <testcase name="VerifyCancelButtonAtEditCallbackAnnouncementRecord" time="0.000" classname="com.tetherfi.test.ivr.CallBackAnnouncementTest">
    <skipped/>
  </testcase> <!-- VerifyCancelButtonAtEditCallbackAnnouncementRecord -->
  <testcase name="searchPage" time="0.000" classname="com.tetherfi.test.ivr.CallBackAnnouncementTest">
    <skipped/>
  </testcase> <!-- searchPage -->
  <testcase name="searchwithoutSearchTextbox" time="0.000" classname="com.tetherfi.test.ivr.CallBackAnnouncementTest">
    <skipped/>
  </testcase> <!-- searchwithoutSearchTextbox -->
  <testcase name="DeleteWithoutDeleteReasonRecord" time="0.000" classname="com.tetherfi.test.ivr.CallBackAnnouncementTest">
    <skipped/>
  </testcase> <!-- DeleteWithoutDeleteReasonRecord -->
  <testcase name="VerifyCancelButtonDeleteRecord" time="0.000" classname="com.tetherfi.test.ivr.CallBackAnnouncementTest">
    <skipped/>
  </testcase> <!-- VerifyCancelButtonDeleteRecord -->
  <testcase name="DeleteCallbackAnnouncementRecord" time="0.000" classname="com.tetherfi.test.ivr.CallBackAnnouncementTest">
    <skipped/>
  </testcase> <!-- DeleteCallbackAnnouncementRecord -->
  <testcase name="VerifyAuditTrialReportForDelete" time="0.000" classname="com.tetherfi.test.ivr.CallBackAnnouncementTest">
    <skipped/>
  </testcase> <!-- VerifyAuditTrialReportForDelete -->
  <testcase name="ExportToExcel" time="0.000" classname="com.tetherfi.test.ivr.CallBackAnnouncementTest">
    <skipped/>
  </testcase> <!-- ExportToExcel -->
  <testcase name="ExportToExcelData" time="0.000" classname="com.tetherfi.test.ivr.CallBackAnnouncementTest">
    <skipped/>
  </testcase> <!-- ExportToExcelData -->
  <testcase name="SearchClearSearch" time="0.000" classname="com.tetherfi.test.ivr.CallBackAnnouncementTest">
    <skipped/>
  </testcase> <!-- SearchClearSearch -->
  <testcase name="ExporttoExcelWithoutData" time="0.000" classname="com.tetherfi.test.ivr.CallBackAnnouncementTest">
    <skipped/>
  </testcase> <!-- ExporttoExcelWithoutData -->
  <testcase name="SortingByAscending" time="0.000" classname="com.tetherfi.test.ivr.CallBackAnnouncementTest">
    <skipped/>
  </testcase> <!-- SortingByAscending -->
  <testcase name="SortingByDescending" time="0.000" classname="com.tetherfi.test.ivr.CallBackAnnouncementTest">
    <skipped/>
  </testcase> <!-- SortingByDescending -->
  <testcase name="GroupBy" time="0.000" classname="com.tetherfi.test.ivr.CallBackAnnouncementTest">
    <skipped/>
  </testcase> <!-- GroupBy -->
  <testcase name="VerifyArrowMoveForPreviousAndNextPage" time="0.000" classname="com.tetherfi.test.ivr.CallBackAnnouncementTest">
    <skipped/>
  </testcase> <!-- VerifyArrowMoveForPreviousAndNextPage -->
  <testcase name="VerifyArrowMoveForFirstAndLastPage" time="0.000" classname="com.tetherfi.test.ivr.CallBackAnnouncementTest">
    <skipped/>
  </testcase> <!-- VerifyArrowMoveForFirstAndLastPage -->
  <testcase name="VerifyTotalNumberOfItemsPerPageDetails" time="0.000" classname="com.tetherfi.test.ivr.CallBackAnnouncementTest">
    <skipped/>
  </testcase> <!-- VerifyTotalNumberOfItemsPerPageDetails -->
  <testcase name="VerifyNumberOfItemsPerPageSelection" time="0.000" classname="com.tetherfi.test.ivr.CallBackAnnouncementTest">
    <skipped/>
  </testcase> <!-- VerifyNumberOfItemsPerPageSelection -->
  <testcase name="database" time="0.001" classname="com.tetherfi.test.ivr.CallBackAnnouncementTest">
    <skipped/>
  </testcase> <!-- database -->
</testsuite> <!-- com.tetherfi.test.ivr.CallBackAnnouncementTest -->
