<?xml version="1.0" encoding="UTF-8"?>
<!-- Generated by org.testng.reporters.JUnitReportReporter -->
<testsuite hostname="DESKTOP-O6A5C2O" failures="0" tests="16" name="com.tetherfi.test.sms.SmsResponseTemplateUpdateTest" time="895.116" errors="0" timestamp="2020-03-12T11:24:46 IST" skipped="0">
  <testcase classname="com.tetherfi.test.sms.SmsResponseTemplateUpdateTest" name="EditCancelSmsResponseTemplateRecord" time="69.792"/>
  <testcase classname="com.tetherfi.test.sms.SmsResponseTemplateUpdateTest" name="EditRevertSmsResponseTemplateRecord" time="47.096"/>
  <testcase classname="com.tetherfi.test.sms.SmsResponseTemplateUpdateTest" name="VerifyRevertForEditRecord" time="48.982"/>
  <testcase classname="com.tetherfi.test.sms.SmsResponseTemplateUpdateTest" name="VerifyAuditTrialReportForRevertUpdate" time="67.670"/>
  <testcase classname="com.tetherfi.test.sms.SmsResponseTemplateUpdateTest" name="EditRejectRecord" time="51.364"/>
  <testcase classname="com.tetherfi.test.sms.SmsResponseTemplateUpdateTest" name="VerifySendForApprovalForEditRejectRecord" time="50.290"/>
  <testcase classname="com.tetherfi.test.sms.SmsResponseTemplateUpdateTest" name="RejectforEditSmsResponseTemplateRecord" time="49.011"/>
  <testcase classname="com.tetherfi.test.sms.SmsResponseTemplateUpdateTest" name="VerifyAuditTrailReportForReject" time="67.964"/>
  <testcase classname="com.tetherfi.test.sms.SmsResponseTemplateUpdateTest" name="EditSmsResponseTemplateRecord" time="49.577"/>
  <testcase classname="com.tetherfi.test.sms.SmsResponseTemplateUpdateTest" name="VerifyAuditTrailDataForEditSmsResponseTemplateRecord" time="41.619"/>
  <testcase classname="com.tetherfi.test.sms.SmsResponseTemplateUpdateTest" name="VerifyAuditTrialReportForUpdate" time="66.949"/>
  <testcase classname="com.tetherfi.test.sms.SmsResponseTemplateUpdateTest" name="VerifySendForApprovalForRejectRecord" time="50.280"/>
  <testcase classname="com.tetherfi.test.sms.SmsResponseTemplateUpdateTest" name="VerifyAuditTrialReportForSendForApprovalUpdate" time="68.749"/>
  <testcase classname="com.tetherfi.test.sms.SmsResponseTemplateUpdateTest" name="ApproveforEditSmsResponseTemplateRecord" time="50.141"/>
  <testcase classname="com.tetherfi.test.sms.SmsResponseTemplateUpdateTest" name="VerifyAuditTrailReportForApprove" time="66.760"/>
  <testcase classname="com.tetherfi.test.sms.SmsResponseTemplateUpdateTest" name="EditRecordWithoutModifyReason" time="48.872"/>
</testsuite> <!-- com.tetherfi.test.sms.SmsResponseTemplateUpdateTest -->
