<?xml version="1.0" encoding="UTF-8"?>
<!-- Generated by org.testng.reporters.JUnitReportReporter -->
<testsuite skipped="0" hostname="TTF-BLR-SANTOSHKOUJALAGI" name="com.tetherfi.test.UserOnBoardingDivisionLevelUserDeleteTest" tests="14" failures="0" timestamp="2021-08-01T23:30:38 IST" time="846.334" errors="0">
  <testcase name="DeleteRevertUserOnBoardingRecord" time="68.903" classname="com.tetherfi.test.UserOnBoardingDivisionLevelUserDeleteTest"/>
  <testcase name="VerifyRevertForDeleteRecord" time="70.235" classname="com.tetherfi.test.UserOnBoardingDivisionLevelUserDeleteTest"/>
  <testcase name="VerifyAuditTrialReportForRevertDelete" time="82.595" classname="com.tetherfi.test.UserOnBoardingDivisionLevelUserDeleteTest"/>
  <testcase name="RejectDeleteRecord" time="42.770" classname="com.tetherfi.test.UserOnBoardingDivisionLevelUserDeleteTest"/>
  <testcase name="VerifySendForApprovalForDeleteNewRecord" time="67.941" classname="com.tetherfi.test.UserOnBoardingDivisionLevelUserDeleteTest"/>
  <testcase name="RejectforDeleteUserOnBoardingRecord" time="40.059" classname="com.tetherfi.test.UserOnBoardingDivisionLevelUserDeleteTest"/>
  <testcase name="VerifyAuditTrailReportForReject" time="58.957" classname="com.tetherfi.test.UserOnBoardingDivisionLevelUserDeleteTest"/>
  <testcase name="DeleteUserOnBoardingRecord" time="43.912" classname="com.tetherfi.test.UserOnBoardingDivisionLevelUserDeleteTest"/>
  <testcase name="VerifyAuditTrialReportForDelete" time="83.743" classname="com.tetherfi.test.UserOnBoardingDivisionLevelUserDeleteTest"/>
  <testcase name="VerifyAuditTrailDataForDeleteUserOnBoardingRecord" time="36.477" classname="com.tetherfi.test.UserOnBoardingDivisionLevelUserDeleteTest"/>
  <testcase name="VerifySendForApprovalForDeleteRecord" time="65.463" classname="com.tetherfi.test.UserOnBoardingDivisionLevelUserDeleteTest"/>
  <testcase name="VerifyAuditTrailReportForSendForApprove" time="59.597" classname="com.tetherfi.test.UserOnBoardingDivisionLevelUserDeleteTest"/>
  <testcase name="ApproveforDeleteUserOnBoardingRecord" time="64.046" classname="com.tetherfi.test.UserOnBoardingDivisionLevelUserDeleteTest"/>
  <testcase name="VerifyAuditTrailReportForApprove" time="61.636" classname="com.tetherfi.test.UserOnBoardingDivisionLevelUserDeleteTest"/>
</testsuite> <!-- com.tetherfi.test.UserOnBoardingDivisionLevelUserDeleteTest -->
