<?xml version="1.0" encoding="UTF-8"?>
<!-- Generated by org.testng.reporters.JUnitReportReporter -->
<testsuite hostname="admin" failures="0" tests="1" name="com.tetherfi.test.UserManagementE2ETest" time="84.165" errors="0" timestamp="14 Feb 2019 12:08:21 GMT" skipped="0">
  <testcase classname="com.tetherfi.test.UserManagementE2ETest" name="VerifyExportAccessOfHolidayList" time="84.165"/>
</testsuite> <!-- com.tetherfi.test.UserManagementE2ETest -->
