<?xml version="1.0" encoding="UTF-8"?>
<!-- Generated by org.testng.reporters.JUnitReportReporter -->
<testsuite skipped="0" hostname="TTF-BLR-SANTOSHKOUJALAGI" name="com.tetherfi.test.fax.FaxTemplateUITest" tests="27" failures="2" timestamp="2021-10-20T15:50:20 IST" time="536.343" errors="0">
  <testcase name="FaxTemplatePage" time="8.951" classname="com.tetherfi.test.fax.FaxTemplateUITest"/>
  <testcase name="VerifyFaxTemplateApprovedDataPage" time="7.742" classname="com.tetherfi.test.fax.FaxTemplateUITest"/>
  <testcase name="VerifyFaxTemplateAuditTrailDataPage" time="14.380" classname="com.tetherfi.test.fax.FaxTemplateUITest">
    <failure type="java.lang.AssertionError" message="Audit Trail table assertion failed did not expect to find [true] but found [false]">
      <![CDATA[java.lang.AssertionError: Audit Trail table assertion failed did not expect to find [true] but found [false]
at org.testng.Assert.fail(Assert.java:97)
at org.testng.Assert.failNotEquals(Assert.java:969)
at org.testng.Assert.assertTrue(Assert.java:43)
at com.tetherfi.test.fax.FaxTemplateUITest.VerifyFaxTemplateAuditTrailDataPage(FaxTemplateUITest.java:60)
at sun.reflect.NativeMethodAccessorImpl.invoke0(Native Method)
at sun.reflect.NativeMethodAccessorImpl.invoke(Unknown Source)
at sun.reflect.DelegatingMethodAccessorImpl.invoke(Unknown Source)
at java.lang.reflect.Method.invoke(Unknown Source)
at org.testng.internal.MethodInvocationHelper.invokeMethod(MethodInvocationHelper.java:133)
at org.testng.internal.TestInvoker.invokeMethod(TestInvoker.java:584)
at org.testng.internal.TestInvoker.invokeTestMethod(TestInvoker.java:172)
at org.testng.internal.MethodRunner.runInSequence(MethodRunner.java:46)
at org.testng.internal.TestInvoker$MethodInvocationAgent.invoke(TestInvoker.java:804)
at org.testng.internal.TestInvoker.invokeTestMethods(TestInvoker.java:145)
at org.testng.internal.TestMethodWorker.invokeTestMethods(TestMethodWorker.java:146)
at org.testng.internal.TestMethodWorker.run(TestMethodWorker.java:128)
at java.util.ArrayList.forEach(Unknown Source)
at org.testng.TestRunner.privateRun(TestRunner.java:770)
at org.testng.TestRunner.run(TestRunner.java:591)
at org.testng.SuiteRunner.runTest(SuiteRunner.java:402)
at org.testng.SuiteRunner.runSequentially(SuiteRunner.java:396)
at org.testng.SuiteRunner.privateRun(SuiteRunner.java:355)
at org.testng.SuiteRunner.run(SuiteRunner.java:304)
at org.testng.SuiteRunnerWorker.runSuite(SuiteRunnerWorker.java:53)
at org.testng.SuiteRunnerWorker.run(SuiteRunnerWorker.java:96)
at org.testng.TestNG.runSuitesSequentially(TestNG.java:1180)
at org.testng.TestNG.runSuitesLocally(TestNG.java:1102)
at org.testng.TestNG.runSuites(TestNG.java:1032)
at org.testng.TestNG.run(TestNG.java:1000)
at org.testng.remote.AbstractRemoteTestNG.run(AbstractRemoteTestNG.java:115)
at org.testng.remote.RemoteTestNG.initAndRun(RemoteTestNG.java:251)
at org.testng.remote.RemoteTestNG.main(RemoteTestNG.java:77)
]]>
    </failure>
  </testcase> <!-- VerifyFaxTemplateAuditTrailDataPage -->
  <testcase name="VerifyMakeFaxTemplateChangeButton" time="17.267" classname="com.tetherfi.test.fax.FaxTemplateUITest"/>
  <testcase name="VerifyDropDownForAllTheColumns" time="26.636" classname="com.tetherfi.test.fax.FaxTemplateUITest"/>
  <testcase name="VerifyColumnsHeaderEnable" time="22.660" classname="com.tetherfi.test.fax.FaxTemplateUITest"/>
  <testcase name="VerifyColumnsHeaderdisable" time="25.735" classname="com.tetherfi.test.fax.FaxTemplateUITest"/>
  <testcase name="VerifyArrowMoveForPreviousAndNextPage" time="16.718" classname="com.tetherfi.test.fax.FaxTemplateUITest"/>
  <testcase name="VerifyArrowMoveForFirstAndLastPage" time="16.570" classname="com.tetherfi.test.fax.FaxTemplateUITest"/>
  <testcase name="VerifyToatalNumberOfItemsPerPageDetails" time="19.206" classname="com.tetherfi.test.fax.FaxTemplateUITest"/>
  <testcase name="VerifyNumberOfItemsPerPageSelection" time="25.189" classname="com.tetherfi.test.fax.FaxTemplateUITest"/>
  <testcase name="ExportToExcel" time="20.438" classname="com.tetherfi.test.fax.FaxTemplateUITest"/>
  <testcase name="ExportToExcelData" time="19.807" classname="com.tetherfi.test.fax.FaxTemplateUITest"/>
  <testcase name="ExportToExcelWithoutData" time="26.290" classname="com.tetherfi.test.fax.FaxTemplateUITest"/>
  <testcase name="SortByAscending" time="25.714" classname="com.tetherfi.test.fax.FaxTemplateUITest"/>
  <testcase name="SortByDescending" time="27.203" classname="com.tetherfi.test.fax.FaxTemplateUITest"/>
  <testcase name="VerifyDragAndDrop" time="18.271" classname="com.tetherfi.test.fax.FaxTemplateUITest"/>
  <testcase name="verifyDragAndDropAlreadyGroupedHeader" time="17.392" classname="com.tetherfi.test.fax.FaxTemplateUITest"/>
  <testcase name="dataBase" time="15.984" classname="com.tetherfi.test.fax.FaxTemplateUITest">
    <failure type="java.lang.AssertionError" message="dataBase assertion Failed did not expect to find [true] but found [false]">
      <![CDATA[java.lang.AssertionError: dataBase assertion Failed did not expect to find [true] but found [false]
at org.testng.Assert.fail(Assert.java:97)
at org.testng.Assert.failNotEquals(Assert.java:969)
at org.testng.Assert.assertTrue(Assert.java:43)
at com.tetherfi.test.fax.FaxTemplateUITest.dataBase(FaxTemplateUITest.java:207)
at sun.reflect.NativeMethodAccessorImpl.invoke0(Native Method)
at sun.reflect.NativeMethodAccessorImpl.invoke(Unknown Source)
at sun.reflect.DelegatingMethodAccessorImpl.invoke(Unknown Source)
at java.lang.reflect.Method.invoke(Unknown Source)
at org.testng.internal.MethodInvocationHelper.invokeMethod(MethodInvocationHelper.java:133)
at org.testng.internal.TestInvoker.invokeMethod(TestInvoker.java:584)
at org.testng.internal.TestInvoker.invokeTestMethod(TestInvoker.java:172)
at org.testng.internal.MethodRunner.runInSequence(MethodRunner.java:46)
at org.testng.internal.TestInvoker$MethodInvocationAgent.invoke(TestInvoker.java:804)
at org.testng.internal.TestInvoker.invokeTestMethods(TestInvoker.java:145)
at org.testng.internal.TestMethodWorker.invokeTestMethods(TestMethodWorker.java:146)
at org.testng.internal.TestMethodWorker.run(TestMethodWorker.java:128)
at java.util.ArrayList.forEach(Unknown Source)
at org.testng.TestRunner.privateRun(TestRunner.java:770)
at org.testng.TestRunner.run(TestRunner.java:591)
at org.testng.SuiteRunner.runTest(SuiteRunner.java:402)
at org.testng.SuiteRunner.runSequentially(SuiteRunner.java:396)
at org.testng.SuiteRunner.privateRun(SuiteRunner.java:355)
at org.testng.SuiteRunner.run(SuiteRunner.java:304)
at org.testng.SuiteRunnerWorker.runSuite(SuiteRunnerWorker.java:53)
at org.testng.SuiteRunnerWorker.run(SuiteRunnerWorker.java:96)
at org.testng.TestNG.runSuitesSequentially(TestNG.java:1180)
at org.testng.TestNG.runSuitesLocally(TestNG.java:1102)
at org.testng.TestNG.runSuites(TestNG.java:1032)
at org.testng.TestNG.run(TestNG.java:1000)
at org.testng.remote.AbstractRemoteTestNG.run(AbstractRemoteTestNG.java:115)
at org.testng.remote.RemoteTestNG.initAndRun(RemoteTestNG.java:251)
at org.testng.remote.RemoteTestNG.main(RemoteTestNG.java:77)
]]>
    </failure>
  </testcase> <!-- dataBase -->
  <testcase name="SearchPage" time="10.755" classname="com.tetherfi.test.fax.FaxTemplateUITest"/>
  <testcase name="SearchWithoutSearchTextBox" time="10.167" classname="com.tetherfi.test.fax.FaxTemplateUITest"/>
  <testcase name="SearchClearSearch" time="12.202" classname="com.tetherfi.test.fax.FaxTemplateUITest"/>
  <testcase name="VerifySearchIsNotEqualTo" time="31.881" classname="com.tetherfi.test.fax.FaxTemplateUITest"/>
  <testcase name="VerifySearchContains" time="25.561" classname="com.tetherfi.test.fax.FaxTemplateUITest"/>
  <testcase name="VerifySearchDoesNotContains" time="26.692" classname="com.tetherfi.test.fax.FaxTemplateUITest"/>
  <testcase name="VerifySearchStartsWith" time="23.550" classname="com.tetherfi.test.fax.FaxTemplateUITest"/>
  <testcase name="VerifySearchEndsWith" time="23.382" classname="com.tetherfi.test.fax.FaxTemplateUITest"/>
</testsuite> <!-- com.tetherfi.test.fax.FaxTemplateUITest -->
