<?xml version="1.0" encoding="UTF-8"?>
<!-- Generated by org.testng.reporters.JUnitReportReporter -->
<testsuite skipped="0" hostname="TTF-BLR-SANTOSHKOUJALAGI" name="com.tetherfi.test.tmac.TmacTransferListTest" tests="3" failures="0" timestamp="2021-08-10T12:30:02 IST" time="51.545" errors="0">
  <testcase name="DeleteTmacBlindTransferRecord2" time="18.993" classname="com.tetherfi.test.tmac.TmacTransferListTest"/>
  <testcase name="DeleteTmacBlindTransferRecord3" time="19.569" classname="com.tetherfi.test.tmac.TmacTransferListTest"/>
  <testcase name="fullScreenAndRestoreBlindTrans" time="12.983" classname="com.tetherfi.test.tmac.TmacTransferListTest"/>
</testsuite> <!-- com.tetherfi.test.tmac.TmacTransferListTest -->
