<?xml version="1.0" encoding="UTF-8"?>
<!-- Generated by org.testng.reporters.JUnitReportReporter -->
<testsuite hostname="DESKTOP-O6A5C2O" failures="1" tests="21" name="com.tetherfi.test.ivr.IvrConfigUITest" time="415.493" errors="1" timestamp="2020-03-18T14:06:25 IST" skipped="0">
  <testcase classname="com.tetherfi.test.ivr.IvrConfigUITest" name="IvrConfigPage" time="8.160"/>
  <testcase classname="com.tetherfi.test.ivr.IvrConfigUITest" name="VerifyIvrConfigApprovedDataPage" time="7.977"/>
  <testcase classname="com.tetherfi.test.ivr.IvrConfigUITest" name="VerifyIvrConfigAuditTrailPage" time="13.710"/>
  <testcase classname="com.tetherfi.test.ivr.IvrConfigUITest" name="VerifyMakeIvrConfigChangesButton" time="17.466"/>
  <testcase classname="com.tetherfi.test.ivr.IvrConfigUITest" name="VerifyDropDownForAllColumns" time="21.391"/>
  <testcase classname="com.tetherfi.test.ivr.IvrConfigUITest" name="VerifyColumnsHeaderEnable" time="23.417"/>
  <testcase classname="com.tetherfi.test.ivr.IvrConfigUITest" name="VerifyColumnsHeaderDisable" time="24.115"/>
  <testcase classname="com.tetherfi.test.ivr.IvrConfigUITest" name="VerfiyArrowMoveForPreviousAndNextPage" time="19.300"/>
  <testcase classname="com.tetherfi.test.ivr.IvrConfigUITest" name="VerifyArrowMoveForFirstAndLastPage" time="18.597"/>
  <testcase classname="com.tetherfi.test.ivr.IvrConfigUITest" name="VerifyNumberOfItemsPerPageSelection" time="20.189">
    <failure message="Number of Items per page details assertion failed did not expect to find [true] but found [false]" type="java.lang.AssertionError">
      <![CDATA[java.lang.AssertionError: Number of Items per page details assertion failed did not expect to find [true] but found [false]
at org.testng.Assert.fail(Assert.java:97)
at org.testng.Assert.failNotEquals(Assert.java:969)
at org.testng.Assert.assertTrue(Assert.java:43)
at com.tetherfi.test.ivr.IvrConfigUITest.VerifyNumberOfItemsPerPageSelection(IvrConfigUITest.java:122)
at java.base/jdk.internal.reflect.NativeMethodAccessorImpl.invoke0(Native Method)
at java.base/jdk.internal.reflect.NativeMethodAccessorImpl.invoke(Unknown Source)
at java.base/jdk.internal.reflect.DelegatingMethodAccessorImpl.invoke(Unknown Source)
at java.base/java.lang.reflect.Method.invoke(Unknown Source)
at org.testng.internal.MethodInvocationHelper.invokeMethod(MethodInvocationHelper.java:133)
at org.testng.internal.TestInvoker.invokeMethod(TestInvoker.java:584)
at org.testng.internal.TestInvoker.invokeTestMethod(TestInvoker.java:172)
at org.testng.internal.MethodRunner.runInSequence(MethodRunner.java:46)
at org.testng.internal.TestInvoker$MethodInvocationAgent.invoke(TestInvoker.java:804)
at org.testng.internal.TestInvoker.invokeTestMethods(TestInvoker.java:145)
at org.testng.internal.TestMethodWorker.invokeTestMethods(TestMethodWorker.java:146)
at org.testng.internal.TestMethodWorker.run(TestMethodWorker.java:128)
at java.base/java.util.ArrayList.forEach(Unknown Source)
at org.testng.TestRunner.privateRun(TestRunner.java:770)
at org.testng.TestRunner.run(TestRunner.java:591)
at org.testng.SuiteRunner.runTest(SuiteRunner.java:402)
at org.testng.SuiteRunner.runSequentially(SuiteRunner.java:396)
at org.testng.SuiteRunner.privateRun(SuiteRunner.java:355)
at org.testng.SuiteRunner.run(SuiteRunner.java:304)
at org.testng.SuiteRunnerWorker.runSuite(SuiteRunnerWorker.java:53)
at org.testng.SuiteRunnerWorker.run(SuiteRunnerWorker.java:96)
at org.testng.TestNG.runSuitesSequentially(TestNG.java:1180)
at org.testng.TestNG.runSuitesLocally(TestNG.java:1102)
at org.testng.TestNG.runSuites(TestNG.java:1032)
at org.testng.TestNG.run(TestNG.java:1000)
at org.testng.remote.AbstractRemoteTestNG.run(AbstractRemoteTestNG.java:115)
at org.testng.remote.RemoteTestNG.initAndRun(RemoteTestNG.java:251)
at org.testng.remote.RemoteTestNG.main(RemoteTestNG.java:77)
]]>
    </failure>
  </testcase> <!-- VerifyNumberOfItemsPerPageSelection -->
  <testcase classname="com.tetherfi.test.ivr.IvrConfigUITest" name="VerifyTotalNumberOfItemsPerPageDetails" time="18.172"/>
  <testcase classname="com.tetherfi.test.ivr.IvrConfigUITest" name="VerifyExportToExcel" time="20.016"/>
  <testcase classname="com.tetherfi.test.ivr.IvrConfigUITest" name="VerifyExportToExcelData" time="39.302"/>
  <testcase classname="com.tetherfi.test.ivr.IvrConfigUITest" name="VerifyExportToExcelWithoutData" time="23.277"/>
  <testcase classname="com.tetherfi.test.ivr.IvrConfigUITest" name="VerifySortByAscending" time="41.406"/>
  <testcase classname="com.tetherfi.test.ivr.IvrConfigUITest" name="VerifySortByDescending" time="41.877"/>
  <testcase classname="com.tetherfi.test.ivr.IvrConfigUITest" name="VerifyDragAndDropOfAlreadyGroupedHeader" time="18.368"/>
  <testcase classname="com.tetherfi.test.ivr.IvrConfigUITest" name="dataBase" time="7.603">
    <error type="java.lang.NullPointerException">
      <![CDATA[java.lang.NullPointerException
at com.tetherfi.utility.ExcelReader.getTestData(ExcelReader.java:99)
at com.tetherfi.test.ivr.IvrConfigUITest.dataBase(IvrConfigUITest.java:197)
at java.base/jdk.internal.reflect.NativeMethodAccessorImpl.invoke0(Native Method)
at java.base/jdk.internal.reflect.NativeMethodAccessorImpl.invoke(Unknown Source)
at java.base/jdk.internal.reflect.DelegatingMethodAccessorImpl.invoke(Unknown Source)
at java.base/java.lang.reflect.Method.invoke(Unknown Source)
at org.testng.internal.MethodInvocationHelper.invokeMethod(MethodInvocationHelper.java:133)
at org.testng.internal.TestInvoker.invokeMethod(TestInvoker.java:584)
at org.testng.internal.TestInvoker.invokeTestMethod(TestInvoker.java:172)
at org.testng.internal.MethodRunner.runInSequence(MethodRunner.java:46)
at org.testng.internal.TestInvoker$MethodInvocationAgent.invoke(TestInvoker.java:804)
at org.testng.internal.TestInvoker.invokeTestMethods(TestInvoker.java:145)
at org.testng.internal.TestMethodWorker.invokeTestMethods(TestMethodWorker.java:146)
at org.testng.internal.TestMethodWorker.run(TestMethodWorker.java:128)
at java.base/java.util.ArrayList.forEach(Unknown Source)
at org.testng.TestRunner.privateRun(TestRunner.java:770)
at org.testng.TestRunner.run(TestRunner.java:591)
at org.testng.SuiteRunner.runTest(SuiteRunner.java:402)
at org.testng.SuiteRunner.runSequentially(SuiteRunner.java:396)
at org.testng.SuiteRunner.privateRun(SuiteRunner.java:355)
at org.testng.SuiteRunner.run(SuiteRunner.java:304)
at org.testng.SuiteRunnerWorker.runSuite(SuiteRunnerWorker.java:53)
at org.testng.SuiteRunnerWorker.run(SuiteRunnerWorker.java:96)
at org.testng.TestNG.runSuitesSequentially(TestNG.java:1180)
at org.testng.TestNG.runSuitesLocally(TestNG.java:1102)
at org.testng.TestNG.runSuites(TestNG.java:1032)
at org.testng.TestNG.run(TestNG.java:1000)
at org.testng.remote.AbstractRemoteTestNG.run(AbstractRemoteTestNG.java:115)
at org.testng.remote.RemoteTestNG.initAndRun(RemoteTestNG.java:251)
at org.testng.remote.RemoteTestNG.main(RemoteTestNG.java:77)
]]>
    </error>
  </testcase> <!-- dataBase -->
  <testcase classname="com.tetherfi.test.ivr.IvrConfigUITest" name="SearchPage" time="10.180"/>
  <testcase classname="com.tetherfi.test.ivr.IvrConfigUITest" name="SearchWithoutSearchTextBox" time="10.089"/>
  <testcase classname="com.tetherfi.test.ivr.IvrConfigUITest" name="SearchClearSearch" time="10.881"/>
</testsuite> <!-- com.tetherfi.test.ivr.IvrConfigUITest -->
