<?xml version="1.0" encoding="UTF-8"?>
<!-- Generated by org.testng.reporters.JUnitReportReporter -->
<testsuite skipped="0" hostname="DESKTOP-NJVBPFB" name="com.tetherfi.test.ivr.AdhocOptionEnhancementTest" tests="4" failures="0" timestamp="2020-05-08T09:42:12 IST" time="76.996" errors="0">
  <testcase name="AdhocOptionEnhancementPage" time="7.591" classname="com.tetherfi.test.ivr.AdhocOptionEnhancementTest"/>
  <testcase name="AddNewAdhocOptionEnhancementRecord" time="30.991" classname="com.tetherfi.test.ivr.AdhocOptionEnhancementTest"/>
  <testcase name="EditAdhocOptionEnhancementRecord" time="26.395" classname="com.tetherfi.test.ivr.AdhocOptionEnhancementTest"/>
  <testcase name="DeleteAdhocOptionEnhancementRecord" time="12.019" classname="com.tetherfi.test.ivr.AdhocOptionEnhancementTest"/>
</testsuite> <!-- com.tetherfi.test.ivr.AdhocOptionEnhancementTest -->
