<?xml version="1.0" encoding="UTF-8"?>
<!-- Generated by org.testng.reporters.JUnitReportReporter -->
<testsuite hostname="DESKTOP-O6A5C2O" failures="1" tests="37" name="com.tetherfi.test.tmac.WorkCodeListTest" time="867.973" errors="1" timestamp="2020-03-13T18:36:00 IST" skipped="0">
  <testcase classname="com.tetherfi.test.tmac.WorkCodeListTest" name="WorkCodeListPage" time="8.376"/>
  <testcase classname="com.tetherfi.test.tmac.WorkCodeListTest" name="addNewWorkGroupListCancelRecord" time="15.216"/>
  <testcase classname="com.tetherfi.test.tmac.WorkCodeListTest" name="addNewWorkGroupListRecord" time="15.087"/>
  <testcase classname="com.tetherfi.test.tmac.WorkCodeListTest" name="addNewWorkcodeListCancelRecord" time="23.096"/>
  <testcase classname="com.tetherfi.test.tmac.WorkCodeListTest" name="addNewWorkcodeListRecord" time="67.135"/>
  <testcase classname="com.tetherfi.test.tmac.WorkCodeListTest" name="VerifyAuditTrialReportForCreate" time="37.507"/>
  <testcase classname="com.tetherfi.test.tmac.WorkCodeListTest" name="addInvalidRecordWithoutWorkLevel" time="7.706"/>
  <testcase classname="com.tetherfi.test.tmac.WorkCodeListTest" name="addInvalidRecordWithoutWorkGroup" time="15.409"/>
  <testcase classname="com.tetherfi.test.tmac.WorkCodeListTest" name="addInvalidRecordWithoutName" time="21.588"/>
  <testcase classname="com.tetherfi.test.tmac.WorkCodeListTest" name="addDuplicateRecord" time="228.694">
    <failure message="DuplicateRecord Assertion failed did not expect to find [false] but found [true]" type="java.lang.AssertionError">
      <![CDATA[java.lang.AssertionError: DuplicateRecord Assertion failed did not expect to find [false] but found [true]
at org.testng.Assert.fail(Assert.java:97)
at org.testng.Assert.failNotEquals(Assert.java:969)
at org.testng.Assert.assertFalse(Assert.java:65)
at com.tetherfi.test.tmac.WorkCodeListTest.addDuplicateRecord(WorkCodeListTest.java:171)
at java.base/jdk.internal.reflect.NativeMethodAccessorImpl.invoke0(Native Method)
at java.base/jdk.internal.reflect.NativeMethodAccessorImpl.invoke(Unknown Source)
at java.base/jdk.internal.reflect.DelegatingMethodAccessorImpl.invoke(Unknown Source)
at java.base/java.lang.reflect.Method.invoke(Unknown Source)
at org.testng.internal.MethodInvocationHelper.invokeMethod(MethodInvocationHelper.java:133)
at org.testng.internal.TestInvoker.invokeMethod(TestInvoker.java:584)
at org.testng.internal.TestInvoker.invokeTestMethod(TestInvoker.java:172)
at org.testng.internal.MethodRunner.runInSequence(MethodRunner.java:46)
at org.testng.internal.TestInvoker$MethodInvocationAgent.invoke(TestInvoker.java:804)
at org.testng.internal.TestInvoker.invokeTestMethods(TestInvoker.java:145)
at org.testng.internal.TestMethodWorker.invokeTestMethods(TestMethodWorker.java:146)
at org.testng.internal.TestMethodWorker.run(TestMethodWorker.java:128)
at java.base/java.util.ArrayList.forEach(Unknown Source)
at org.testng.TestRunner.privateRun(TestRunner.java:770)
at org.testng.TestRunner.run(TestRunner.java:591)
at org.testng.SuiteRunner.runTest(SuiteRunner.java:402)
at org.testng.SuiteRunner.runSequentially(SuiteRunner.java:396)
at org.testng.SuiteRunner.privateRun(SuiteRunner.java:355)
at org.testng.SuiteRunner.run(SuiteRunner.java:304)
at org.testng.SuiteRunnerWorker.runSuite(SuiteRunnerWorker.java:53)
at org.testng.SuiteRunnerWorker.run(SuiteRunnerWorker.java:96)
at org.testng.TestNG.runSuitesSequentially(TestNG.java:1180)
at org.testng.TestNG.runSuitesLocally(TestNG.java:1102)
at org.testng.TestNG.runSuites(TestNG.java:1032)
at org.testng.TestNG.run(TestNG.java:1000)
at org.testng.remote.AbstractRemoteTestNG.run(AbstractRemoteTestNG.java:115)
at org.testng.remote.RemoteTestNG.initAndRun(RemoteTestNG.java:251)
at org.testng.remote.RemoteTestNG.main(RemoteTestNG.java:77)
]]>
    </failure>
  </testcase> <!-- addDuplicateRecord -->
  <testcase classname="com.tetherfi.test.tmac.WorkCodeListTest" name="editWorkCodeListCancelRecord" time="14.716"/>
  <testcase classname="com.tetherfi.test.tmac.WorkCodeListTest" name="editWorkCodeListRecord" time="16.274"/>
  <testcase classname="com.tetherfi.test.tmac.WorkCodeListTest" name="VerifyAuditTrialReportForUpdate" time="38.088"/>
  <testcase classname="com.tetherfi.test.tmac.WorkCodeListTest" name="searchPage" time="10.083"/>
  <testcase classname="com.tetherfi.test.tmac.WorkCodeListTest" name="VerifySearchIsNotEqualTo" time="18.390"/>
  <testcase classname="com.tetherfi.test.tmac.WorkCodeListTest" name="VerifySearchContains" time="14.658"/>
  <testcase classname="com.tetherfi.test.tmac.WorkCodeListTest" name="VerifySearchDoesNotContains" time="14.558"/>
  <testcase classname="com.tetherfi.test.tmac.WorkCodeListTest" name="VerifySearchStartsWith" time="14.528"/>
  <testcase classname="com.tetherfi.test.tmac.WorkCodeListTest" name="VerifySearchEndsWith" time="12.772"/>
  <testcase classname="com.tetherfi.test.tmac.WorkCodeListTest" name="SearchClearSearch" time="13.936"/>
  <testcase classname="com.tetherfi.test.tmac.WorkCodeListTest" name="DeleteWorkCodeListCancelRecord" time="20.567"/>
  <testcase classname="com.tetherfi.test.tmac.WorkCodeListTest" name="DeleteWorkCodeListRecord" time="20.233"/>
  <testcase classname="com.tetherfi.test.tmac.WorkCodeListTest" name="VerifyauditTrailReportDelete" time="36.353"/>
  <testcase classname="com.tetherfi.test.tmac.WorkCodeListTest" name="ExportToExcel" time="10.827"/>
  <testcase classname="com.tetherfi.test.tmac.WorkCodeListTest" name="ExportToExcelData" time="12.572"/>
  <testcase classname="com.tetherfi.test.tmac.WorkCodeListTest" name="database" time="13.919"/>
  <testcase classname="com.tetherfi.test.tmac.WorkCodeListTest" name="GroupBy" time="10.444"/>
  <testcase classname="com.tetherfi.test.tmac.WorkCodeListTest" name="VerifyArrowMoveForPreviousAndNextPage" time="8.435"/>
  <testcase classname="com.tetherfi.test.tmac.WorkCodeListTest" name="VerifyArrowMoveForFirstAndLastPage" time="8.266"/>
  <testcase classname="com.tetherfi.test.tmac.WorkCodeListTest" name="VerifyTotalNumberOfItemsPerPageDetails" time="6.803"/>
  <testcase classname="com.tetherfi.test.tmac.WorkCodeListTest" name="VerifyNumberOfItemsPerPageSelection" time="17.371"/>
  <testcase classname="com.tetherfi.test.tmac.WorkCodeListTest" name="VerifyDropdownForAllTheColumns" time="17.354"/>
  <testcase classname="com.tetherfi.test.tmac.WorkCodeListTest" name="VerifyColumnsHeaderEnable" time="13.260"/>
  <testcase classname="com.tetherfi.test.tmac.WorkCodeListTest" name="VerifyColumnsHeaderDisable" time="15.345"/>
  <testcase classname="com.tetherfi.test.tmac.WorkCodeListTest" name="SortingByAscending" time="13.263"/>
  <testcase classname="com.tetherfi.test.tmac.WorkCodeListTest" name="SortingByDescending" time="14.698"/>
  <testcase classname="com.tetherfi.test.tmac.WorkCodeListTest" name="ExporttoExcelWithoutData" time="20.446">
    <error message="element click intercepted: Element &lt;i class=&quot;fas fa-search&quot; title=&quot;Search&quot;&gt;&lt;/i&gt; is not clickable at point (1536, 88). Other element would receive the click: &lt;div class=&quot;k-overlay&quot; style=&quot;display: block; z-index: 10002; opacity: 0; transition: all 350ms ease-out 0s;&quot;&gt;&lt;/div&gt;
  (Session info: chrome=78.0.3904.70)
Build info: version: &#039;3.141.59&#039;, revision: &#039;e82be7d358&#039;, time: &#039;2018-11-14T08:17:03&#039;
System info: host: &#039;DESKTOP-O6A5C2O&#039;, ip: &#039;10.0.75.1&#039;, os.name: &#039;Windows 10&#039;, os.arch: &#039;amd64&#039;, os.version: &#039;10.0&#039;, java.version: &#039;9.0.4&#039;
Driver info: org.openqa.selenium.chrome.ChromeDriver
Capabilities {acceptInsecureCerts: false, browserName: chrome, browserVersion: 78.0.3904.70, chrome: {chromedriverVersion: 78.0.3904.105 (60e2d8774a81..., userDataDir: C:\Users\admin\AppData\Loca...}, goog:chromeOptions: {debuggerAddress: localhost:54730}, javascriptEnabled: true, networkConnectionEnabled: false, pageLoadStrategy: normal, platform: XP, platformName: XP, proxy: Proxy(), setWindowRect: true, strictFileInteractability: false, timeouts: {implicit: 0, pageLoad: 300000, script: 30000}, unhandledPromptBehavior: dismiss and notify}
Session ID: 82eaf5881727cec8a0a34f5f039e1474" type="org.openqa.selenium.ElementClickInterceptedException">
      <![CDATA[org.openqa.selenium.ElementClickInterceptedException: element click intercepted: Element <i class="fas fa-search" title="Search"></i> is not clickable at point (1536, 88). Other element would receive the click: <div class="k-overlay" style="display: block; z-index: 10002; opacity: 0; transition: all 350ms ease-out 0s;"></div>
  (Session info: chrome=78.0.3904.70)
Build info: version: '3.141.59', revision: 'e82be7d358', time: '2018-11-14T08:17:03'
System info: host: 'DESKTOP-O6A5C2O', ip: '10.0.75.1', os.name: 'Windows 10', os.arch: 'amd64', os.version: '10.0', java.version: '9.0.4'
Driver info: org.openqa.selenium.chrome.ChromeDriver
Capabilities {acceptInsecureCerts: false, browserName: chrome, browserVersion: 78.0.3904.70, chrome: {chromedriverVersion: 78.0.3904.105 (60e2d8774a81..., userDataDir: C:\Users\admin\AppData\Loca...}, goog:chromeOptions: {debuggerAddress: localhost:54730}, javascriptEnabled: true, networkConnectionEnabled: false, pageLoadStrategy: normal, platform: XP, platformName: XP, proxy: Proxy(), setWindowRect: true, strictFileInteractability: false, timeouts: {implicit: 0, pageLoad: 300000, script: 30000}, unhandledPromptBehavior: dismiss and notify}
Session ID: 82eaf5881727cec8a0a34f5f039e1474
at java.base/jdk.internal.reflect.NativeConstructorAccessorImpl.newInstance0(Native Method)
at java.base/jdk.internal.reflect.NativeConstructorAccessorImpl.newInstance(Unknown Source)
at java.base/jdk.internal.reflect.DelegatingConstructorAccessorImpl.newInstance(Unknown Source)
at java.base/java.lang.reflect.Constructor.newInstance(Unknown Source)
at org.openqa.selenium.remote.http.W3CHttpResponseCodec.createException(W3CHttpResponseCodec.java:187)
at org.openqa.selenium.remote.http.W3CHttpResponseCodec.decode(W3CHttpResponseCodec.java:122)
at org.openqa.selenium.remote.http.W3CHttpResponseCodec.decode(W3CHttpResponseCodec.java:49)
at org.openqa.selenium.remote.HttpCommandExecutor.execute(HttpCommandExecutor.java:158)
at org.openqa.selenium.remote.service.DriverCommandExecutor.execute(DriverCommandExecutor.java:83)
at org.openqa.selenium.remote.RemoteWebDriver.execute(RemoteWebDriver.java:552)
at org.openqa.selenium.remote.RemoteWebElement.execute(RemoteWebElement.java:285)
at org.openqa.selenium.remote.RemoteWebElement.click(RemoteWebElement.java:84)
at jdk.internal.reflect.GeneratedMethodAccessor4.invoke(Unknown Source)
at java.base/jdk.internal.reflect.DelegatingMethodAccessorImpl.invoke(Unknown Source)
at java.base/java.lang.reflect.Method.invoke(Unknown Source)
at org.openqa.selenium.support.pagefactory.internal.LocatingElementHandler.invoke(LocatingElementHandler.java:51)
at com.sun.proxy.$Proxy16.click(Unknown Source)
at com.tetherfi.pages.BasePage.selectWebElement(BasePage.java:202)
at com.tetherfi.pages.WorkCodeListPage.searchWorkcodeList(WorkCodeListPage.java:462)
at com.tetherfi.pages.WorkCodeListPage.ExporttoExcelWithoutData(WorkCodeListPage.java:989)
at com.tetherfi.test.tmac.WorkCodeListTest.ExporttoExcelWithoutData(WorkCodeListTest.java:409)
at java.base/jdk.internal.reflect.NativeMethodAccessorImpl.invoke0(Native Method)
at java.base/jdk.internal.reflect.NativeMethodAccessorImpl.invoke(Unknown Source)
at java.base/jdk.internal.reflect.DelegatingMethodAccessorImpl.invoke(Unknown Source)
at java.base/java.lang.reflect.Method.invoke(Unknown Source)
at org.testng.internal.MethodInvocationHelper.invokeMethod(MethodInvocationHelper.java:133)
at org.testng.internal.TestInvoker.invokeMethod(TestInvoker.java:584)
at org.testng.internal.TestInvoker.invokeTestMethod(TestInvoker.java:172)
at org.testng.internal.MethodRunner.runInSequence(MethodRunner.java:46)
at org.testng.internal.TestInvoker$MethodInvocationAgent.invoke(TestInvoker.java:804)
at org.testng.internal.TestInvoker.invokeTestMethods(TestInvoker.java:145)
at org.testng.internal.TestMethodWorker.invokeTestMethods(TestMethodWorker.java:146)
at org.testng.internal.TestMethodWorker.run(TestMethodWorker.java:128)
at java.base/java.util.ArrayList.forEach(Unknown Source)
at org.testng.TestRunner.privateRun(TestRunner.java:770)
at org.testng.TestRunner.run(TestRunner.java:591)
at org.testng.SuiteRunner.runTest(SuiteRunner.java:402)
at org.testng.SuiteRunner.runSequentially(SuiteRunner.java:396)
at org.testng.SuiteRunner.privateRun(SuiteRunner.java:355)
at org.testng.SuiteRunner.run(SuiteRunner.java:304)
at org.testng.SuiteRunnerWorker.runSuite(SuiteRunnerWorker.java:53)
at org.testng.SuiteRunnerWorker.run(SuiteRunnerWorker.java:96)
at org.testng.TestNG.runSuitesSequentially(TestNG.java:1180)
at org.testng.TestNG.runSuitesLocally(TestNG.java:1102)
at org.testng.TestNG.runSuites(TestNG.java:1032)
at org.testng.TestNG.run(TestNG.java:1000)
at org.testng.remote.AbstractRemoteTestNG.run(AbstractRemoteTestNG.java:115)
at org.testng.remote.RemoteTestNG.initAndRun(RemoteTestNG.java:251)
at org.testng.remote.RemoteTestNG.main(RemoteTestNG.java:77)
]]>
    </error>
  </testcase> <!-- ExporttoExcelWithoutData -->
</testsuite> <!-- com.tetherfi.test.tmac.WorkCodeListTest -->
