<?xml version="1.0" encoding="UTF-8"?>
<!-- Generated by org.testng.reporters.JUnitReportReporter -->
<testsuite skipped="0" hostname="TTF-BLR-SANTOSHKOUJALAGI" name="com.tetherfi.test.tmac.AttributesTest" tests="40" failures="0" timestamp="2021-07-29T19:09:02 IST" time="669.425" errors="0">
  <testcase name="VerifyAttributePage" time="9.698" classname="com.tetherfi.test.tmac.AttributesTest"/>
  <testcase name="verifyDropDownForAllTheColumns" time="16.482" classname="com.tetherfi.test.tmac.AttributesTest"/>
  <testcase name="VerifyColumnsHeaderEnable" time="12.267" classname="com.tetherfi.test.tmac.AttributesTest"/>
  <testcase name="VerifyColumnsHeaderDisable" time="14.721" classname="com.tetherfi.test.tmac.AttributesTest"/>
  <testcase name="VerifyAddCancelButton" time="13.315" classname="com.tetherfi.test.tmac.AttributesTest"/>
  <testcase name="VerifyAddRecordWithAllTheFieldsBlank" time="10.865" classname="com.tetherfi.test.tmac.AttributesTest"/>
  <testcase name="VerifyAddRecordWithoutName" time="14.945" classname="com.tetherfi.test.tmac.AttributesTest"/>
  <testcase name="VerifyAddRecordWithoutCategory" time="10.180" classname="com.tetherfi.test.tmac.AttributesTest"/>
  <testcase name="VerifyAddRecordWithoutPriorityLevel" time="10.851" classname="com.tetherfi.test.tmac.AttributesTest"/>
  <testcase name="VerifyAddRecordWithOutIsEnabled" time="15.024" classname="com.tetherfi.test.tmac.AttributesTest"/>
  <testcase name="VerifyAddRecordWithAllValidFields" time="12.716" classname="com.tetherfi.test.tmac.AttributesTest"/>
  <testcase name="VerifyAddDulicatewithAllValidFields" time="13.386" classname="com.tetherfi.test.tmac.AttributesTest"/>
  <testcase name="verifyAuditTrailReportForCreate" time="43.202" classname="com.tetherfi.test.tmac.AttributesTest"/>
  <testcase name="verifyEditCancelButton" time="14.392" classname="com.tetherfi.test.tmac.AttributesTest"/>
  <testcase name="verifyEditRecordWithOutModifyReason" time="15.246" classname="com.tetherfi.test.tmac.AttributesTest"/>
  <testcase name="verifyEditAttributeRecord" time="14.587" classname="com.tetherfi.test.tmac.AttributesTest"/>
  <testcase name="verifyAuditTrailReportForUpdate" time="40.016" classname="com.tetherfi.test.tmac.AttributesTest"/>
  <testcase name="ExportToExcelButton" time="10.225" classname="com.tetherfi.test.tmac.AttributesTest"/>
  <testcase name="verifyExportedData" time="15.620" classname="com.tetherfi.test.tmac.AttributesTest"/>
  <testcase name="verifyExportToExcelWithoutData" time="13.142" classname="com.tetherfi.test.tmac.AttributesTest"/>
  <testcase name="verifySortByAscending" time="17.406" classname="com.tetherfi.test.tmac.AttributesTest"/>
  <testcase name="verifySortByDescending" time="16.481" classname="com.tetherfi.test.tmac.AttributesTest"/>
  <testcase name="verifyGroupBy" time="10.813" classname="com.tetherfi.test.tmac.AttributesTest"/>
  <testcase name="verifyArrowMoveForPreviousAndNextPage" time="10.662" classname="com.tetherfi.test.tmac.AttributesTest"/>
  <testcase name="verifyArrowMoveForFirstAndLastPage" time="10.464" classname="com.tetherfi.test.tmac.AttributesTest"/>
  <testcase name="verifyTotalNumberOfItemsPerPageDetails" time="7.291" classname="com.tetherfi.test.tmac.AttributesTest"/>
  <testcase name="verifyNumberOfItemsPerPageSelection" time="22.567" classname="com.tetherfi.test.tmac.AttributesTest"/>
  <testcase name="verifyDeleteNoButton" time="12.974" classname="com.tetherfi.test.tmac.AttributesTest"/>
  <testcase name="verifyDeleteWithoutDeleteReason" time="15.589" classname="com.tetherfi.test.tmac.AttributesTest"/>
  <testcase name="DeleteAttributesRecord" time="13.795" classname="com.tetherfi.test.tmac.AttributesTest"/>
  <testcase name="verifyAuditTrailReportForDelete" time="40.595" classname="com.tetherfi.test.tmac.AttributesTest"/>
  <testcase name="searchPage" time="14.737" classname="com.tetherfi.test.tmac.AttributesTest"/>
  <testcase name="searchwithoutSearchTextbox" time="12.753" classname="com.tetherfi.test.tmac.AttributesTest"/>
  <testcase name="SearchClearSearch" time="12.899" classname="com.tetherfi.test.tmac.AttributesTest"/>
  <testcase name="SearchIsNotEqualTo" time="25.524" classname="com.tetherfi.test.tmac.AttributesTest"/>
  <testcase name="SearchContains" time="17.990" classname="com.tetherfi.test.tmac.AttributesTest"/>
  <testcase name="SearchDoesNotContains" time="25.959" classname="com.tetherfi.test.tmac.AttributesTest"/>
  <testcase name="SearchStartsWith" time="17.888" classname="com.tetherfi.test.tmac.AttributesTest"/>
  <testcase name="SearchEndsWith" time="20.197" classname="com.tetherfi.test.tmac.AttributesTest"/>
  <testcase name="VerifyDataBase" time="21.961" classname="com.tetherfi.test.tmac.AttributesTest"/>
</testsuite> <!-- com.tetherfi.test.tmac.AttributesTest -->
