<?xml version="1.0" encoding="UTF-8"?>
<!-- Generated by org.testng.reporters.JUnitReportReporter -->
<testsuite skipped="0" hostname="TTF-BLR-SANTOSHKOUJALAGI" name="com.tetherfi.test.reports.SkillHistoricalReportTest" tests="1" failures="0" timestamp="2021-11-15T01:23:08 IST" time="996.957" errors="0">
  <testcase name="database" time="996.957" classname="com.tetherfi.test.reports.SkillHistoricalReportTest"/>
</testsuite> <!-- com.tetherfi.test.reports.SkillHistoricalReportTest -->
