<?xml version="1.0" encoding="UTF-8"?>
<!-- Generated by org.testng.reporters.JUnitReportReporter -->
<testsuite skipped="0" hostname="TTF-BLR-SANTOSHKOUJALAGI" name="com.tetherfi.test.sms.SmsResponseTemplateUpdateTest" tests="15" failures="0" timestamp="2021-10-20T05:58:26 IST" time="536.324" errors="0">
  <testcase name="EditCancelSmsResponseTemplateRecord" time="27.358" classname="com.tetherfi.test.sms.SmsResponseTemplateUpdateTest"/>
  <testcase name="EditRevertSmsResponseTemplateRecord" time="30.413" classname="com.tetherfi.test.sms.SmsResponseTemplateUpdateTest"/>
  <testcase name="VerifyRevertForEditRecord" time="30.484" classname="com.tetherfi.test.sms.SmsResponseTemplateUpdateTest"/>
  <testcase name="VerifyAuditTrialReportForRevertUpdate" time="49.173" classname="com.tetherfi.test.sms.SmsResponseTemplateUpdateTest"/>
  <testcase name="EditRejectRecord" time="36.293" classname="com.tetherfi.test.sms.SmsResponseTemplateUpdateTest"/>
  <testcase name="VerifySendForApprovalForEditRejectRecord" time="28.707" classname="com.tetherfi.test.sms.SmsResponseTemplateUpdateTest"/>
  <testcase name="RejectforEditSmsResponseTemplateRecord" time="36.427" classname="com.tetherfi.test.sms.SmsResponseTemplateUpdateTest"/>
  <testcase name="EditSmsResponseTemplateRecord" time="34.953" classname="com.tetherfi.test.sms.SmsResponseTemplateUpdateTest"/>
  <testcase name="VerifyAuditTrailDataForEditSmsResponseTemplateRecord" time="27.759" classname="com.tetherfi.test.sms.SmsResponseTemplateUpdateTest"/>
  <testcase name="VerifyAuditTrialReportForUpdate" time="45.668" classname="com.tetherfi.test.sms.SmsResponseTemplateUpdateTest"/>
  <testcase name="VerifySendForApprovalForRejectRecord" time="27.607" classname="com.tetherfi.test.sms.SmsResponseTemplateUpdateTest"/>
  <testcase name="VerifyAuditTrialReportForSendForApprovalUpdate" time="54.448" classname="com.tetherfi.test.sms.SmsResponseTemplateUpdateTest"/>
  <testcase name="ApproveforEditSmsResponseTemplateRecord" time="35.391" classname="com.tetherfi.test.sms.SmsResponseTemplateUpdateTest"/>
  <testcase name="VerifyAuditTrailReportForApprove" time="41.143" classname="com.tetherfi.test.sms.SmsResponseTemplateUpdateTest"/>
  <testcase name="EditRecordWithoutModifyReason" time="30.500" classname="com.tetherfi.test.sms.SmsResponseTemplateUpdateTest"/>
</testsuite> <!-- com.tetherfi.test.sms.SmsResponseTemplateUpdateTest -->
