<?xml version="1.0" encoding="UTF-8"?>
<!-- Generated by org.testng.reporters.JUnitReportReporter -->
<testsuite skipped="0" hostname="TTF-BLR-SANTOSHKOUJALAGI" name="com.tetherfi.test.ivr.AdhocOptionEnhancementTest" tests="50" failures="0" timestamp="2021-08-10T17:08:54 IST" time="764.844" errors="0">
  <testcase name="AdhocOptionEnhancementPage" time="2.731" classname="com.tetherfi.test.ivr.AdhocOptionEnhancementTest"/>
  <testcase name="AddNewAdhocOptionEnhancementRecord" time="20.510" classname="com.tetherfi.test.ivr.AdhocOptionEnhancementTest"/>
  <testcase name="AddDuplicateAdhocOptionEnhancementRecord" time="20.497" classname="com.tetherfi.test.ivr.AdhocOptionEnhancementTest"/>
  <testcase name="AddNewAdhocOptionEnhancementwithdifferentLangvageRecord" time="20.198" classname="com.tetherfi.test.ivr.AdhocOptionEnhancementTest"/>
  <testcase name="AddEmptyAdhocOptionEnhancementRecord" time="3.925" classname="com.tetherfi.test.ivr.AdhocOptionEnhancementTest"/>
  <testcase name="AddAdhocOptionEnhancementRecordWithoutPromotionalNumber" time="20.256" classname="com.tetherfi.test.ivr.AdhocOptionEnhancementTest"/>
  <testcase name="AddAdhocOptionEnhancementRecordWithoutPromotionalDescription" time="20.257" classname="com.tetherfi.test.ivr.AdhocOptionEnhancementTest"/>
  <testcase name="AddAdhocOptionEnhancementRecordWithoutLanguage" time="19.470" classname="com.tetherfi.test.ivr.AdhocOptionEnhancementTest"/>
  <testcase name="AddAdhocOptionEnhancementRecordWithoutDirectTransfer" time="18.739" classname="com.tetherfi.test.ivr.AdhocOptionEnhancementTest"/>
  <testcase name="AddAdhocOptionEnhancementRecordWithoutPromotionNameWavfile" time="17.397" classname="com.tetherfi.test.ivr.AdhocOptionEnhancementTest"/>
  <testcase name="AddAdhocOptionEnhancementRecordWithoutPromotionDetailsWavfile" time="16.953" classname="com.tetherfi.test.ivr.AdhocOptionEnhancementTest"/>
  <testcase name="AddEmptyAdhocOptionEnhancementRecordWithoutIntent" time="19.621" classname="com.tetherfi.test.ivr.AdhocOptionEnhancementTest"/>
  <testcase name="AddAdhocOptionEnhancementRecordWithoutStatus" time="18.883" classname="com.tetherfi.test.ivr.AdhocOptionEnhancementTest"/>
  <testcase name="VerifyCancelButtonAtAddAdhocOptionEnhancementRecord" time="26.398" classname="com.tetherfi.test.ivr.AdhocOptionEnhancementTest"/>
  <testcase name="VerifySearchIsNotEqualTo" time="17.246" classname="com.tetherfi.test.ivr.AdhocOptionEnhancementTest"/>
  <testcase name="VerifySearchContains" time="14.238" classname="com.tetherfi.test.ivr.AdhocOptionEnhancementTest"/>
  <testcase name="VerifySearchDoesNotContains" time="15.804" classname="com.tetherfi.test.ivr.AdhocOptionEnhancementTest"/>
  <testcase name="VerifySearchStartsWith" time="13.334" classname="com.tetherfi.test.ivr.AdhocOptionEnhancementTest"/>
  <testcase name="VerifySearchEndsWith" time="12.569" classname="com.tetherfi.test.ivr.AdhocOptionEnhancementTest"/>
  <testcase name="EditAdhocOptionEnhancementRecord" time="24.370" classname="com.tetherfi.test.ivr.AdhocOptionEnhancementTest"/>
  <testcase name="EditEmptyAdhocOptionEnhancementRecord" time="14.657" classname="com.tetherfi.test.ivr.AdhocOptionEnhancementTest"/>
  <testcase name="EditWithoutModifyReasonAdhocOptionEnhancementRecord" time="9.868" classname="com.tetherfi.test.ivr.AdhocOptionEnhancementTest"/>
  <testcase name="VerifyCancelButtonAtEditAdhocOptionEnhancementRecord" time="33.809" classname="com.tetherfi.test.ivr.AdhocOptionEnhancementTest"/>
  <testcase name="ExportToExcel" time="4.792" classname="com.tetherfi.test.ivr.AdhocOptionEnhancementTest"/>
  <testcase name="ExportToExcelData" time="7.406" classname="com.tetherfi.test.ivr.AdhocOptionEnhancementTest"/>
  <testcase name="SortingByAscending" time="13.197" classname="com.tetherfi.test.ivr.AdhocOptionEnhancementTest"/>
  <testcase name="SortingByDescending" time="11.917" classname="com.tetherfi.test.ivr.AdhocOptionEnhancementTest"/>
  <testcase name="GroupBy" time="4.974" classname="com.tetherfi.test.ivr.AdhocOptionEnhancementTest"/>
  <testcase name="VerifyArrowMoveForPreviousAndNextPage" time="2.117" classname="com.tetherfi.test.ivr.AdhocOptionEnhancementTest"/>
  <testcase name="VerifyArrowMoveForFirstAndLastPage" time="2.397" classname="com.tetherfi.test.ivr.AdhocOptionEnhancementTest"/>
  <testcase name="VerifyTotalNumberOfItemsPerPageDetails" time="1.910" classname="com.tetherfi.test.ivr.AdhocOptionEnhancementTest"/>
  <testcase name="VerifyNumberOfItemsPerPageSelection" time="9.864" classname="com.tetherfi.test.ivr.AdhocOptionEnhancementTest"/>
  <testcase name="VerifyDropdownForAllTheColumns" time="16.685" classname="com.tetherfi.test.ivr.AdhocOptionEnhancementTest"/>
  <testcase name="VerifyColumnsHeaderEnable" time="9.557" classname="com.tetherfi.test.ivr.AdhocOptionEnhancementTest"/>
  <testcase name="VerifyColumnsHeaderDisable" time="13.078" classname="com.tetherfi.test.ivr.AdhocOptionEnhancementTest"/>
  <testcase name="database" time="13.058" classname="com.tetherfi.test.ivr.AdhocOptionEnhancementTest"/>
  <testcase name="DeleteWithoutDeleteReasonInAdhocOptionEnhancementRecord" time="9.145" classname="com.tetherfi.test.ivr.AdhocOptionEnhancementTest"/>
  <testcase name="VerifyCancelButtonInDeleteAdhocOptionEnhancementRecord" time="33.831" classname="com.tetherfi.test.ivr.AdhocOptionEnhancementTest"/>
  <testcase name="DeleteAdhocOptionEnhancementRecord" time="11.191" classname="com.tetherfi.test.ivr.AdhocOptionEnhancementTest"/>
  <testcase name="searchPage" time="5.587" classname="com.tetherfi.test.ivr.AdhocOptionEnhancementTest"/>
  <testcase name="searchwithoutSearchTextbox" time="7.178" classname="com.tetherfi.test.ivr.AdhocOptionEnhancementTest"/>
  <testcase name="ValidANDBooleanSearch" time="15.563" classname="com.tetherfi.test.ivr.AdhocOptionEnhancementTest"/>
  <testcase name="ValiORBooleanSearch" time="16.015" classname="com.tetherfi.test.ivr.AdhocOptionEnhancementTest"/>
  <testcase name="InvalidBooleanSearchwithoutSearchTextbox" time="11.498" classname="com.tetherfi.test.ivr.AdhocOptionEnhancementTest"/>
  <testcase name="InvalidBooleanSearchwithoutSearchTextbox1" time="12.209" classname="com.tetherfi.test.ivr.AdhocOptionEnhancementTest"/>
  <testcase name="SearchClearSearch" time="18.359" classname="com.tetherfi.test.ivr.AdhocOptionEnhancementTest"/>
  <testcase name="ExporttoExcelWithoutData" time="10.025" classname="com.tetherfi.test.ivr.AdhocOptionEnhancementTest"/>
  <testcase name="VerifyAuditTrialReportForCreate" time="33.441" classname="com.tetherfi.test.ivr.AdhocOptionEnhancementTest"/>
  <testcase name="VerifyAuditTrialReportForUpdate" time="33.467" classname="com.tetherfi.test.ivr.AdhocOptionEnhancementTest"/>
  <testcase name="VerifyAuditTrialReportForDelete" time="34.653" classname="com.tetherfi.test.ivr.AdhocOptionEnhancementTest"/>
</testsuite> <!-- com.tetherfi.test.ivr.AdhocOptionEnhancementTest -->
