<?xml version="1.0" encoding="UTF-8"?>
<!-- Generated by org.testng.reporters.JUnitReportReporter -->
<testsuite hostname="DESKTOP-O6A5C2O" failures="0" tests="1" name="com.tetherfi.test.reports.OCMAgentSummaryReportTest" time="19.047" errors="0" timestamp="2020-05-18T08:39:55 IST" skipped="0">
  <testcase classname="com.tetherfi.test.reports.OCMAgentSummaryReportTest" name="quickInputMonth" time="19.047"/>
</testsuite> <!-- com.tetherfi.test.reports.OCMAgentSummaryReportTest -->
