<?xml version="1.0" encoding="UTF-8"?>
<!-- Generated by org.testng.reporters.JUnitReportReporter -->
<testsuite hostname="admin" failures="2" tests="35" name="com.tetherfi.test.tmac.TmacAuxCodesTest" time="536.860" errors="1" timestamp="2021-06-02T13:43:33 IST" skipped="0">
  <testcase classname="com.tetherfi.test.tmac.TmacAuxCodesTest" name="TmacAuxCodesPage" time="7.134"/>
  <testcase classname="com.tetherfi.test.tmac.TmacAuxCodesTest" name="verifyAddNewTmacAuxCodesCancelButton" time="9.972"/>
  <testcase classname="com.tetherfi.test.tmac.TmacAuxCodesTest" name="AddRecordWithoutValue" time="11.091"/>
  <testcase classname="com.tetherfi.test.tmac.TmacAuxCodesTest" name="AddRecordWithoutName" time="9.919"/>
  <testcase classname="com.tetherfi.test.tmac.TmacAuxCodesTest" name="AddRecordWithoutCode" time="9.835"/>
  <testcase classname="com.tetherfi.test.tmac.TmacAuxCodesTest" name="AddRecordWithoutStatus" time="28.680">
    <error message="element not interactable
  (Session info: chrome=90.0.4430.212)
Build info: version: &#039;3.141.59&#039;, revision: &#039;e82be7d358&#039;, time: &#039;2018-11-14T08:17:03&#039;
System info: host: &#039;ADMIN&#039;, ip: &#039;192.168.50.11&#039;, os.name: &#039;Windows 8.1&#039;, os.arch: &#039;amd64&#039;, os.version: &#039;6.3&#039;, java.version: &#039;14.0.2&#039;
Driver info: org.openqa.selenium.chrome.ChromeDriver
Capabilities {acceptInsecureCerts: false, browserName: chrome, browserVersion: 90.0.4430.212, chrome: {chromedriverVersion: 90.0.4430.24 (4c6d850f087da..., userDataDir: C:\Users\ADMINP~1\AppData\L...}, goog:chromeOptions: {debuggerAddress: localhost:56554}, javascriptEnabled: true, networkConnectionEnabled: false, pageLoadStrategy: normal, platform: WINDOWS, platformName: WINDOWS, proxy: Proxy(), setWindowRect: true, strictFileInteractability: false, timeouts: {implicit: 0, pageLoad: 300000, script: 30000}, unhandledPromptBehavior: dismiss and notify, webauthn:extension:largeBlob: true, webauthn:virtualAuthenticators: true}
Session ID: 08ef64393643e06ee02b46679e997fc7" type="org.openqa.selenium.ElementNotInteractableException">
      <![CDATA[org.openqa.selenium.ElementNotInteractableException: element not interactable
  (Session info: chrome=90.0.4430.212)
Build info: version: '3.141.59', revision: 'e82be7d358', time: '2018-11-14T08:17:03'
System info: host: 'ADMIN', ip: '192.168.50.11', os.name: 'Windows 8.1', os.arch: 'amd64', os.version: '6.3', java.version: '14.0.2'
Driver info: org.openqa.selenium.chrome.ChromeDriver
Capabilities {acceptInsecureCerts: false, browserName: chrome, browserVersion: 90.0.4430.212, chrome: {chromedriverVersion: 90.0.4430.24 (4c6d850f087da..., userDataDir: C:\Users\ADMINP~1\AppData\L...}, goog:chromeOptions: {debuggerAddress: localhost:56554}, javascriptEnabled: true, networkConnectionEnabled: false, pageLoadStrategy: normal, platform: WINDOWS, platformName: WINDOWS, proxy: Proxy(), setWindowRect: true, strictFileInteractability: false, timeouts: {implicit: 0, pageLoad: 300000, script: 30000}, unhandledPromptBehavior: dismiss and notify, webauthn:extension:largeBlob: true, webauthn:virtualAuthenticators: true}
Session ID: 08ef64393643e06ee02b46679e997fc7
at java.base/jdk.internal.reflect.NativeConstructorAccessorImpl.newInstance0(Native Method)
at java.base/jdk.internal.reflect.NativeConstructorAccessorImpl.newInstance(NativeConstructorAccessorImpl.java:62)
at java.base/jdk.internal.reflect.DelegatingConstructorAccessorImpl.newInstance(DelegatingConstructorAccessorImpl.java:45)
at java.base/java.lang.reflect.Constructor.newInstanceWithCaller(Constructor.java:500)
at java.base/java.lang.reflect.Constructor.newInstance(Constructor.java:481)
at org.openqa.selenium.remote.http.W3CHttpResponseCodec.createException(W3CHttpResponseCodec.java:187)
at org.openqa.selenium.remote.http.W3CHttpResponseCodec.decode(W3CHttpResponseCodec.java:122)
at org.openqa.selenium.remote.http.W3CHttpResponseCodec.decode(W3CHttpResponseCodec.java:49)
at org.openqa.selenium.remote.HttpCommandExecutor.execute(HttpCommandExecutor.java:158)
at org.openqa.selenium.remote.service.DriverCommandExecutor.execute(DriverCommandExecutor.java:83)
at org.openqa.selenium.remote.RemoteWebDriver.execute(RemoteWebDriver.java:552)
at org.openqa.selenium.remote.RemoteWebElement.execute(RemoteWebElement.java:285)
at org.openqa.selenium.remote.RemoteWebElement.sendKeys(RemoteWebElement.java:106)
at jdk.internal.reflect.GeneratedMethodAccessor11.invoke(Unknown Source)
at java.base/jdk.internal.reflect.DelegatingMethodAccessorImpl.invoke(DelegatingMethodAccessorImpl.java:43)
at java.base/java.lang.reflect.Method.invoke(Method.java:564)
at org.openqa.selenium.support.pagefactory.internal.LocatingElementHandler.invoke(LocatingElementHandler.java:51)
at com.sun.proxy.$Proxy16.sendKeys(Unknown Source)
at com.tetherfi.pages.BasePage.enterValueToTxtField(BasePage.java:150)
at com.tetherfi.pages.TmacAuxCodesPage.addRecordWithoutStatus(TmacAuxCodesPage.java:304)
at com.tetherfi.test.tmac.TmacAuxCodesTest.AddRecordWithoutStatus(TmacAuxCodesTest.java:99)
at java.base/jdk.internal.reflect.NativeMethodAccessorImpl.invoke0(Native Method)
at java.base/jdk.internal.reflect.NativeMethodAccessorImpl.invoke(NativeMethodAccessorImpl.java:62)
at java.base/jdk.internal.reflect.DelegatingMethodAccessorImpl.invoke(DelegatingMethodAccessorImpl.java:43)
at java.base/java.lang.reflect.Method.invoke(Method.java:564)
at org.testng.internal.MethodInvocationHelper.invokeMethod(MethodInvocationHelper.java:133)
at org.testng.internal.TestInvoker.invokeMethod(TestInvoker.java:584)
at org.testng.internal.TestInvoker.invokeTestMethod(TestInvoker.java:172)
at org.testng.internal.MethodRunner.runInSequence(MethodRunner.java:46)
at org.testng.internal.TestInvoker$MethodInvocationAgent.invoke(TestInvoker.java:804)
at org.testng.internal.TestInvoker.invokeTestMethods(TestInvoker.java:145)
at org.testng.internal.TestMethodWorker.invokeTestMethods(TestMethodWorker.java:146)
at org.testng.internal.TestMethodWorker.run(TestMethodWorker.java:128)
at java.base/java.util.ArrayList.forEach(ArrayList.java:1511)
at org.testng.TestRunner.privateRun(TestRunner.java:770)
at org.testng.TestRunner.run(TestRunner.java:591)
at org.testng.SuiteRunner.runTest(SuiteRunner.java:402)
at org.testng.SuiteRunner.runSequentially(SuiteRunner.java:396)
at org.testng.SuiteRunner.privateRun(SuiteRunner.java:355)
at org.testng.SuiteRunner.run(SuiteRunner.java:304)
at org.testng.SuiteRunnerWorker.runSuite(SuiteRunnerWorker.java:53)
at org.testng.SuiteRunnerWorker.run(SuiteRunnerWorker.java:96)
at org.testng.TestNG.runSuitesSequentially(TestNG.java:1180)
at org.testng.TestNG.runSuitesLocally(TestNG.java:1102)
at org.testng.TestNG.runSuites(TestNG.java:1032)
at org.testng.TestNG.run(TestNG.java:1000)
at org.testng.remote.AbstractRemoteTestNG.run(AbstractRemoteTestNG.java:115)
at org.testng.remote.RemoteTestNG.initAndRun(RemoteTestNG.java:251)
at org.testng.remote.RemoteTestNG.main(RemoteTestNG.java:77)
]]>
    </error>
  </testcase> <!-- AddRecordWithoutStatus -->
  <testcase classname="com.tetherfi.test.tmac.TmacAuxCodesTest" name="AddNewTmacAuxCodesRecord" time="11.365"/>
  <testcase classname="com.tetherfi.test.tmac.TmacAuxCodesTest" name="verifyAuditTrailReportForCreate" time="36.284">
    <failure message="Create Audit Trail Assertion Failed did not expect to find [true] but found [false]" type="java.lang.AssertionError">
      <![CDATA[java.lang.AssertionError: Create Audit Trail Assertion Failed did not expect to find [true] but found [false]
at org.testng.Assert.fail(Assert.java:97)
at org.testng.Assert.failNotEquals(Assert.java:969)
at org.testng.Assert.assertTrue(Assert.java:43)
at com.tetherfi.test.tmac.TmacAuxCodesTest.verifyAuditTrailReportForCreate(TmacAuxCodesTest.java:125)
at java.base/jdk.internal.reflect.NativeMethodAccessorImpl.invoke0(Native Method)
at java.base/jdk.internal.reflect.NativeMethodAccessorImpl.invoke(NativeMethodAccessorImpl.java:62)
at java.base/jdk.internal.reflect.DelegatingMethodAccessorImpl.invoke(DelegatingMethodAccessorImpl.java:43)
at java.base/java.lang.reflect.Method.invoke(Method.java:564)
at org.testng.internal.MethodInvocationHelper.invokeMethod(MethodInvocationHelper.java:133)
at org.testng.internal.TestInvoker.invokeMethod(TestInvoker.java:584)
at org.testng.internal.TestInvoker.invokeTestMethod(TestInvoker.java:172)
at org.testng.internal.MethodRunner.runInSequence(MethodRunner.java:46)
at org.testng.internal.TestInvoker$MethodInvocationAgent.invoke(TestInvoker.java:804)
at org.testng.internal.TestInvoker.invokeTestMethods(TestInvoker.java:145)
at org.testng.internal.TestMethodWorker.invokeTestMethods(TestMethodWorker.java:146)
at org.testng.internal.TestMethodWorker.run(TestMethodWorker.java:128)
at java.base/java.util.ArrayList.forEach(ArrayList.java:1511)
at org.testng.TestRunner.privateRun(TestRunner.java:770)
at org.testng.TestRunner.run(TestRunner.java:591)
at org.testng.SuiteRunner.runTest(SuiteRunner.java:402)
at org.testng.SuiteRunner.runSequentially(SuiteRunner.java:396)
at org.testng.SuiteRunner.privateRun(SuiteRunner.java:355)
at org.testng.SuiteRunner.run(SuiteRunner.java:304)
at org.testng.SuiteRunnerWorker.runSuite(SuiteRunnerWorker.java:53)
at org.testng.SuiteRunnerWorker.run(SuiteRunnerWorker.java:96)
at org.testng.TestNG.runSuitesSequentially(TestNG.java:1180)
at org.testng.TestNG.runSuitesLocally(TestNG.java:1102)
at org.testng.TestNG.runSuites(TestNG.java:1032)
at org.testng.TestNG.run(TestNG.java:1000)
at org.testng.remote.AbstractRemoteTestNG.run(AbstractRemoteTestNG.java:115)
at org.testng.remote.RemoteTestNG.initAndRun(RemoteTestNG.java:251)
at org.testng.remote.RemoteTestNG.main(RemoteTestNG.java:77)
]]>
    </failure>
  </testcase> <!-- verifyAuditTrailReportForCreate -->
  <testcase classname="com.tetherfi.test.tmac.TmacAuxCodesTest" name="DuplicateRecord" time="11.429"/>
  <testcase classname="com.tetherfi.test.tmac.TmacAuxCodesTest" name="verifyEditCancelButton" time="16.237"/>
  <testcase classname="com.tetherfi.test.tmac.TmacAuxCodesTest" name="verifyEditRecordWithOutModifyReason" time="16.522"/>
  <testcase classname="com.tetherfi.test.tmac.TmacAuxCodesTest" name="verifyEditRecord" time="16.652"/>
  <testcase classname="com.tetherfi.test.tmac.TmacAuxCodesTest" name="verifyAuditTrailReportForUpdate" time="34.193"/>
  <testcase classname="com.tetherfi.test.tmac.TmacAuxCodesTest" name="ExportToExcelButton" time="8.401"/>
  <testcase classname="com.tetherfi.test.tmac.TmacAuxCodesTest" name="verifyExportedData" time="10.612"/>
  <testcase classname="com.tetherfi.test.tmac.TmacAuxCodesTest" name="verifyExportToExcelWithoutData" time="15.040"/>
  <testcase classname="com.tetherfi.test.tmac.TmacAuxCodesTest" name="verifySortByAscending" time="13.575"/>
  <testcase classname="com.tetherfi.test.tmac.TmacAuxCodesTest" name="verifySortByDescending" time="13.907"/>
  <testcase classname="com.tetherfi.test.tmac.TmacAuxCodesTest" name="verifyGroupBy" time="9.710"/>
  <testcase classname="com.tetherfi.test.tmac.TmacAuxCodesTest" name="verifyArrowMoveForPreviousAndNextPage" time="13.290"/>
  <testcase classname="com.tetherfi.test.tmac.TmacAuxCodesTest" name="verifyArrowMoveForFirstAndLastPage" time="13.168"/>
  <testcase classname="com.tetherfi.test.tmac.TmacAuxCodesTest" name="verifyTotalNumberOfItemsPerPageDetails" time="6.561"/>
  <testcase classname="com.tetherfi.test.tmac.TmacAuxCodesTest" name="verifyNumberOfItemsPerPageSelection" time="17.534"/>
  <testcase classname="com.tetherfi.test.tmac.TmacAuxCodesTest" name="verifyDropDownForAllTheColumns" time="16.302"/>
  <testcase classname="com.tetherfi.test.tmac.TmacAuxCodesTest" name="verifyColoumnsHeaderEnabled" time="10.548"/>
  <testcase classname="com.tetherfi.test.tmac.TmacAuxCodesTest" name="verifyColumnsHeaderDisabled" time="11.856"/>
  <testcase classname="com.tetherfi.test.tmac.TmacAuxCodesTest" name="verifyDeleteNoButton" time="15.857"/>
  <testcase classname="com.tetherfi.test.tmac.TmacAuxCodesTest" name="verifyWithoutDeleteReason" time="16.353"/>
  <testcase classname="com.tetherfi.test.tmac.TmacAuxCodesTest" name="DeleteTmacAuxCodesRecord" time="15.800"/>
  <testcase classname="com.tetherfi.test.tmac.TmacAuxCodesTest" name="verifyAuditTrailReportForDelete" time="35.494">
    <failure message="Create Audit Trail Assertion Failed did not expect to find [true] but found [false]" type="java.lang.AssertionError">
      <![CDATA[java.lang.AssertionError: Create Audit Trail Assertion Failed did not expect to find [true] but found [false]
at org.testng.Assert.fail(Assert.java:97)
at org.testng.Assert.failNotEquals(Assert.java:969)
at org.testng.Assert.assertTrue(Assert.java:43)
at com.tetherfi.test.tmac.TmacAuxCodesTest.verifyAuditTrailReportForDelete(TmacAuxCodesTest.java:316)
at java.base/jdk.internal.reflect.NativeMethodAccessorImpl.invoke0(Native Method)
at java.base/jdk.internal.reflect.NativeMethodAccessorImpl.invoke(NativeMethodAccessorImpl.java:62)
at java.base/jdk.internal.reflect.DelegatingMethodAccessorImpl.invoke(DelegatingMethodAccessorImpl.java:43)
at java.base/java.lang.reflect.Method.invoke(Method.java:564)
at org.testng.internal.MethodInvocationHelper.invokeMethod(MethodInvocationHelper.java:133)
at org.testng.internal.TestInvoker.invokeMethod(TestInvoker.java:584)
at org.testng.internal.TestInvoker.invokeTestMethod(TestInvoker.java:172)
at org.testng.internal.MethodRunner.runInSequence(MethodRunner.java:46)
at org.testng.internal.TestInvoker$MethodInvocationAgent.invoke(TestInvoker.java:804)
at org.testng.internal.TestInvoker.invokeTestMethods(TestInvoker.java:145)
at org.testng.internal.TestMethodWorker.invokeTestMethods(TestMethodWorker.java:146)
at org.testng.internal.TestMethodWorker.run(TestMethodWorker.java:128)
at java.base/java.util.ArrayList.forEach(ArrayList.java:1511)
at org.testng.TestRunner.privateRun(TestRunner.java:770)
at org.testng.TestRunner.run(TestRunner.java:591)
at org.testng.SuiteRunner.runTest(SuiteRunner.java:402)
at org.testng.SuiteRunner.runSequentially(SuiteRunner.java:396)
at org.testng.SuiteRunner.privateRun(SuiteRunner.java:355)
at org.testng.SuiteRunner.run(SuiteRunner.java:304)
at org.testng.SuiteRunnerWorker.runSuite(SuiteRunnerWorker.java:53)
at org.testng.SuiteRunnerWorker.run(SuiteRunnerWorker.java:96)
at org.testng.TestNG.runSuitesSequentially(TestNG.java:1180)
at org.testng.TestNG.runSuitesLocally(TestNG.java:1102)
at org.testng.TestNG.runSuites(TestNG.java:1032)
at org.testng.TestNG.run(TestNG.java:1000)
at org.testng.remote.AbstractRemoteTestNG.run(AbstractRemoteTestNG.java:115)
at org.testng.remote.RemoteTestNG.initAndRun(RemoteTestNG.java:251)
at org.testng.remote.RemoteTestNG.main(RemoteTestNG.java:77)
]]>
    </failure>
  </testcase> <!-- verifyAuditTrailReportForDelete -->
  <testcase classname="com.tetherfi.test.tmac.TmacAuxCodesTest" name="SearchIsNotEqualTo" time="15.531"/>
  <testcase classname="com.tetherfi.test.tmac.TmacAuxCodesTest" name="SearchContains" time="14.857"/>
  <testcase classname="com.tetherfi.test.tmac.TmacAuxCodesTest" name="SearchDoesNotContains" time="14.557"/>
  <testcase classname="com.tetherfi.test.tmac.TmacAuxCodesTest" name="SearchStartsWith" time="14.205"/>
  <testcase classname="com.tetherfi.test.tmac.TmacAuxCodesTest" name="SearchEndsWith" time="14.389"/>
</testsuite> <!-- com.tetherfi.test.tmac.TmacAuxCodesTest -->
