<?xml version="1.0" encoding="UTF-8"?>
<!-- Generated by org.testng.reporters.JUnitReportReporter -->
<testsuite hostname="DESKTOP-O6A5C2O" failures="0" tests="25" name="com.tetherfi.test.ivr.IntroMessageAnnouncementCreateTest" time="1191.274" errors="1" timestamp="2019-12-09T16:31:10 IST" skipped="2">
  <testcase classname="com.tetherfi.test.ivr.IntroMessageAnnouncementCreateTest" name="VerifyAddCancelButton" time="41.006"/>
  <testcase classname="com.tetherfi.test.ivr.IntroMessageAnnouncementCreateTest" name="VerifyAddRecordwithoutFunctionality" time="43.635"/>
  <testcase classname="com.tetherfi.test.ivr.IntroMessageAnnouncementCreateTest" name="VerifyAddRecordWithoutHotLine" time="46.775"/>
  <testcase classname="com.tetherfi.test.ivr.IntroMessageAnnouncementCreateTest" name="VerifyAddRecordWithoutStartDateTime" time="45.766"/>
  <testcase classname="com.tetherfi.test.ivr.IntroMessageAnnouncementCreateTest" name="VerifyAddRecordWithoutEndDateTime" time="49.078"/>
  <testcase classname="com.tetherfi.test.ivr.IntroMessageAnnouncementCreateTest" name="VerifyAddRecordWithoutLanguage" time="46.700"/>
  <testcase classname="com.tetherfi.test.ivr.IntroMessageAnnouncementCreateTest" name="VerifyAddRecordWithoutWaveFile" time="44.666"/>
  <testcase classname="com.tetherfi.test.ivr.IntroMessageAnnouncementCreateTest" name="AddRevertRecord" time="70.329"/>
  <testcase classname="com.tetherfi.test.ivr.IntroMessageAnnouncementCreateTest" name="VerifyRevertForAddNewRecord" time="54.797"/>
  <testcase classname="com.tetherfi.test.ivr.IntroMessageAnnouncementCreateTest" name="VerifyApprovedDataSectionWithoutApproval" time="34.854"/>
  <testcase classname="com.tetherfi.test.ivr.IntroMessageAnnouncementCreateTest" name="VerifyAuditTrailReportForRevert" time="54.170"/>
  <testcase classname="com.tetherfi.test.ivr.IntroMessageAnnouncementCreateTest" name="AddRejectRecord" time="70.851"/>
  <testcase classname="com.tetherfi.test.ivr.IntroMessageAnnouncementCreateTest" name="VerifySendForApprovalForAddNewRecord" time="41.230"/>
  <testcase classname="com.tetherfi.test.ivr.IntroMessageAnnouncementCreateTest" name="RejectforAddNewIntroMessageAnnouncementRecord" time="39.124"/>
  <testcase classname="com.tetherfi.test.ivr.IntroMessageAnnouncementCreateTest" name="VerifyAuditTrailReportForReject" time="52.123"/>
  <testcase classname="com.tetherfi.test.ivr.IntroMessageAnnouncementCreateTest" name="VerifyRecordAfterRejection" time="79.802"/>
  <testcase classname="com.tetherfi.test.ivr.IntroMessageAnnouncementCreateTest" name="AddNewIntroMessageAnnouncementRecord" time="73.835"/>
  <testcase classname="com.tetherfi.test.ivr.IntroMessageAnnouncementCreateTest" name="VerifyAuditTrailReportForCreate" time="51.522"/>
  <testcase classname="com.tetherfi.test.ivr.IntroMessageAnnouncementCreateTest" name="VerifyAuditTrailDataForAddNewIntroMessageAnnouncementRecord" time="37.657"/>
  <testcase classname="com.tetherfi.test.ivr.IntroMessageAnnouncementCreateTest" name="VerifySendForApprovalForAddNewIntroMessageAnnouncementRecord" time="40.664"/>
  <testcase classname="com.tetherfi.test.ivr.IntroMessageAnnouncementCreateTest" name="VerifyAuditTrailReportForSendForApproval" time="52.123"/>
  <testcase classname="com.tetherfi.test.ivr.IntroMessageAnnouncementCreateTest" name="ApproveforAddNewIntroMessageAnnouncementRecord" time="72.852">
    <error message="no such element: Unable to locate element: {&quot;method&quot;:&quot;css selector&quot;,&quot;selector&quot;:&quot;.toast-message&quot;}
  (Session info: chrome=78.0.3904.108)
For documentation on this error, please visit: https://www.seleniumhq.org/exceptions/no_such_element.html
Build info: version: &#039;3.141.59&#039;, revision: &#039;e82be7d358&#039;, time: &#039;2018-11-14T08:17:03&#039;
System info: host: &#039;DESKTOP-O6A5C2O&#039;, ip: &#039;10.0.75.1&#039;, os.name: &#039;Windows 10&#039;, os.arch: &#039;amd64&#039;, os.version: &#039;10.0&#039;, java.version: &#039;9.0.4&#039;
Driver info: org.openqa.selenium.chrome.ChromeDriver
Capabilities {acceptInsecureCerts: false, browserName: chrome, browserVersion: 78.0.3904.108, chrome: {chromedriverVersion: 78.0.3904.70 (edb9c9f3de024..., userDataDir: C:\Users\admin\AppData\Loca...}, goog:chromeOptions: {debuggerAddress: localhost:58944}, javascriptEnabled: true, networkConnectionEnabled: false, pageLoadStrategy: normal, platform: XP, platformName: XP, proxy: Proxy(), setWindowRect: true, strictFileInteractability: false, timeouts: {implicit: 0, pageLoad: 300000, script: 30000}, unhandledPromptBehavior: dismiss and notify}
Session ID: 275d58cd835616e54cad0af99c677fd6
*** Element info: {Using=css selector, value=.toast-message}" type="org.openqa.selenium.NoSuchElementException">
      <![CDATA[org.openqa.selenium.NoSuchElementException: no such element: Unable to locate element: {"method":"css selector","selector":".toast-message"}
  (Session info: chrome=78.0.3904.108)
For documentation on this error, please visit: https://www.seleniumhq.org/exceptions/no_such_element.html
Build info: version: '3.141.59', revision: 'e82be7d358', time: '2018-11-14T08:17:03'
System info: host: 'DESKTOP-O6A5C2O', ip: '10.0.75.1', os.name: 'Windows 10', os.arch: 'amd64', os.version: '10.0', java.version: '9.0.4'
Driver info: org.openqa.selenium.chrome.ChromeDriver
Capabilities {acceptInsecureCerts: false, browserName: chrome, browserVersion: 78.0.3904.108, chrome: {chromedriverVersion: 78.0.3904.70 (edb9c9f3de024..., userDataDir: C:\Users\admin\AppData\Loca...}, goog:chromeOptions: {debuggerAddress: localhost:58944}, javascriptEnabled: true, networkConnectionEnabled: false, pageLoadStrategy: normal, platform: XP, platformName: XP, proxy: Proxy(), setWindowRect: true, strictFileInteractability: false, timeouts: {implicit: 0, pageLoad: 300000, script: 30000}, unhandledPromptBehavior: dismiss and notify}
Session ID: 275d58cd835616e54cad0af99c677fd6
*** Element info: {Using=css selector, value=.toast-message}
at java.base/jdk.internal.reflect.NativeConstructorAccessorImpl.newInstance0(Native Method)
at java.base/jdk.internal.reflect.NativeConstructorAccessorImpl.newInstance(Unknown Source)
at java.base/jdk.internal.reflect.DelegatingConstructorAccessorImpl.newInstance(Unknown Source)
at java.base/java.lang.reflect.Constructor.newInstance(Unknown Source)
at org.openqa.selenium.remote.http.W3CHttpResponseCodec.createException(W3CHttpResponseCodec.java:187)
at org.openqa.selenium.remote.http.W3CHttpResponseCodec.decode(W3CHttpResponseCodec.java:122)
at org.openqa.selenium.remote.http.W3CHttpResponseCodec.decode(W3CHttpResponseCodec.java:49)
at org.openqa.selenium.remote.HttpCommandExecutor.execute(HttpCommandExecutor.java:158)
at org.openqa.selenium.remote.service.DriverCommandExecutor.execute(DriverCommandExecutor.java:83)
at org.openqa.selenium.remote.RemoteWebDriver.execute(RemoteWebDriver.java:552)
at org.openqa.selenium.remote.RemoteWebDriver.findElement(RemoteWebDriver.java:323)
at org.openqa.selenium.remote.RemoteWebDriver.findElementByCssSelector(RemoteWebDriver.java:420)
at org.openqa.selenium.By$ByCssSelector.findElement(By.java:431)
at org.openqa.selenium.remote.RemoteWebDriver.findElement(RemoteWebDriver.java:315)
at org.openqa.selenium.support.pagefactory.DefaultElementLocator.findElement(DefaultElementLocator.java:69)
at org.openqa.selenium.support.pagefactory.internal.LocatingElementHandler.invoke(LocatingElementHandler.java:38)
at com.sun.proxy.$Proxy14.isDisplayed(Unknown Source)
at com.tetherfi.pages.IntroMessageAnnouncementPage.getSuccessMessage(IntroMessageAnnouncementPage.java:975)
at com.tetherfi.pages.IntroMessageAnnouncementPage.verifyMessage(IntroMessageAnnouncementPage.java:1506)
at com.tetherfi.test.ivr.IntroMessageAnnouncementCreateTest.ApproveforAddNewIntroMessageAnnouncementRecord(IntroMessageAnnouncementCreateTest.java:312)
at java.base/jdk.internal.reflect.NativeMethodAccessorImpl.invoke0(Native Method)
at java.base/jdk.internal.reflect.NativeMethodAccessorImpl.invoke(Unknown Source)
at java.base/jdk.internal.reflect.DelegatingMethodAccessorImpl.invoke(Unknown Source)
at java.base/java.lang.reflect.Method.invoke(Unknown Source)
at org.testng.internal.MethodInvocationHelper.invokeMethod(MethodInvocationHelper.java:133)
at org.testng.internal.TestInvoker.invokeMethod(TestInvoker.java:584)
at org.testng.internal.TestInvoker.invokeTestMethod(TestInvoker.java:172)
at org.testng.internal.MethodRunner.runInSequence(MethodRunner.java:46)
at org.testng.internal.TestInvoker$MethodInvocationAgent.invoke(TestInvoker.java:804)
at org.testng.internal.TestInvoker.invokeTestMethods(TestInvoker.java:145)
at org.testng.internal.TestMethodWorker.invokeTestMethods(TestMethodWorker.java:146)
at org.testng.internal.TestMethodWorker.run(TestMethodWorker.java:128)
at java.base/java.util.ArrayList.forEach(Unknown Source)
at org.testng.TestRunner.privateRun(TestRunner.java:770)
at org.testng.TestRunner.run(TestRunner.java:591)
at org.testng.SuiteRunner.runTest(SuiteRunner.java:402)
at org.testng.SuiteRunner.runSequentially(SuiteRunner.java:396)
at org.testng.SuiteRunner.privateRun(SuiteRunner.java:355)
at org.testng.SuiteRunner.run(SuiteRunner.java:304)
at org.testng.SuiteRunnerWorker.runSuite(SuiteRunnerWorker.java:53)
at org.testng.SuiteRunnerWorker.run(SuiteRunnerWorker.java:96)
at org.testng.TestNG.runSuitesSequentially(TestNG.java:1180)
at org.testng.TestNG.runSuitesLocally(TestNG.java:1102)
at org.testng.TestNG.runSuites(TestNG.java:1032)
at org.testng.TestNG.run(TestNG.java:1000)
at org.testng.remote.AbstractRemoteTestNG.run(AbstractRemoteTestNG.java:115)
at org.testng.remote.RemoteTestNG.initAndRun(RemoteTestNG.java:251)
at org.testng.remote.RemoteTestNG.main(RemoteTestNG.java:77)
]]>
    </error>
  </testcase> <!-- ApproveforAddNewIntroMessageAnnouncementRecord -->
  <testcase classname="com.tetherfi.test.ivr.IntroMessageAnnouncementCreateTest" name="VerifyAuditTrailReportForApprove" time="31.974">
    <skipped/>
  </testcase> <!-- VerifyAuditTrailReportForApprove -->
  <testcase classname="com.tetherfi.test.ivr.IntroMessageAnnouncementCreateTest" name="VerifyRecordApprovedDataSectionafterApproval" time="0.000">
    <skipped/>
  </testcase> <!-- VerifyRecordApprovedDataSectionafterApproval -->
  <testcase classname="com.tetherfi.test.ivr.IntroMessageAnnouncementCreateTest" name="AddDuplicateRecord" time="15.741"/>
</testsuite> <!-- com.tetherfi.test.ivr.IntroMessageAnnouncementCreateTest -->
