<?xml version="1.0" encoding="UTF-8"?>
<!-- Generated by org.testng.reporters.JUnitReportReporter -->
<testsuite skipped="0" hostname="DESKTOP-NJVBPFB" name="com.tetherfi.test.reports.OCMAgentAuxReportTest" tests="1" failures="0" timestamp="2020-04-20T14:47:16 IST" time="63.564" errors="0">
  <testcase name="database" time="63.564" classname="com.tetherfi.test.reports.OCMAgentAuxReportTest"/>
</testsuite> <!-- com.tetherfi.test.reports.OCMAgentAuxReportTest -->
