<?xml version="1.0" encoding="UTF-8"?>
<!-- Generated by org.testng.reporters.JUnitReportReporter -->
<testsuite hostname="DESKTOP-O6A5C2O" failures="1" tests="16" name="com.tetherfi.test.RoleBasedAccessManagementUpdateTest" time="833.347" errors="0" timestamp="2020-03-17T02:01:24 IST" skipped="0">
  <testcase classname="com.tetherfi.test.RoleBasedAccessManagementUpdateTest" name="EditCancelRoleBasedAccessManagementRecord" time="47.651"/>
  <testcase classname="com.tetherfi.test.RoleBasedAccessManagementUpdateTest" name="EditRevertRoleBasedAccessManagementRecord" time="52.424"/>
  <testcase classname="com.tetherfi.test.RoleBasedAccessManagementUpdateTest" name="VerifyRevertForEditRecord" time="49.287"/>
  <testcase classname="com.tetherfi.test.RoleBasedAccessManagementUpdateTest" name="VerifyAuditTrialReportForRevertUpdate" time="60.681"/>
  <testcase classname="com.tetherfi.test.RoleBasedAccessManagementUpdateTest" name="EditRejectRecord" time="50.624"/>
  <testcase classname="com.tetherfi.test.RoleBasedAccessManagementUpdateTest" name="VerifySendForApprovalForEditRejectRecord" time="45.984"/>
  <testcase classname="com.tetherfi.test.RoleBasedAccessManagementUpdateTest" name="RejectforEditRoleBasedAccessManagementRecord" time="48.881"/>
  <testcase classname="com.tetherfi.test.RoleBasedAccessManagementUpdateTest" name="VerifyAuditTrailReportForReject" time="62.069"/>
  <testcase classname="com.tetherfi.test.RoleBasedAccessManagementUpdateTest" name="EditRoleBasedAccessManagementRecord" time="48.915"/>
  <testcase classname="com.tetherfi.test.RoleBasedAccessManagementUpdateTest" name="VerifyAuditTrailDataForEditRoleBasedAccessManagementRecord" time="42.034">
    <failure message="Audit trail details failed did not expect to find [true] but found [false]" type="java.lang.AssertionError">
      <![CDATA[java.lang.AssertionError: Audit trail details failed did not expect to find [true] but found [false]
at org.testng.Assert.fail(Assert.java:97)
at org.testng.Assert.failNotEquals(Assert.java:969)
at org.testng.Assert.assertTrue(Assert.java:43)
at com.tetherfi.test.RoleBasedAccessManagementUpdateTest.VerifyAuditTrailDataForEditRoleBasedAccessManagementRecord(RoleBasedAccessManagementUpdateTest.java:165)
at java.base/jdk.internal.reflect.NativeMethodAccessorImpl.invoke0(Native Method)
at java.base/jdk.internal.reflect.NativeMethodAccessorImpl.invoke(Unknown Source)
at java.base/jdk.internal.reflect.DelegatingMethodAccessorImpl.invoke(Unknown Source)
at java.base/java.lang.reflect.Method.invoke(Unknown Source)
at org.testng.internal.MethodInvocationHelper.invokeMethod(MethodInvocationHelper.java:133)
at org.testng.internal.TestInvoker.invokeMethod(TestInvoker.java:584)
at org.testng.internal.TestInvoker.invokeTestMethod(TestInvoker.java:172)
at org.testng.internal.MethodRunner.runInSequence(MethodRunner.java:46)
at org.testng.internal.TestInvoker$MethodInvocationAgent.invoke(TestInvoker.java:804)
at org.testng.internal.TestInvoker.invokeTestMethods(TestInvoker.java:145)
at org.testng.internal.TestMethodWorker.invokeTestMethods(TestMethodWorker.java:146)
at org.testng.internal.TestMethodWorker.run(TestMethodWorker.java:128)
at java.base/java.util.ArrayList.forEach(Unknown Source)
at org.testng.TestRunner.privateRun(TestRunner.java:770)
at org.testng.TestRunner.run(TestRunner.java:591)
at org.testng.SuiteRunner.runTest(SuiteRunner.java:402)
at org.testng.SuiteRunner.runSequentially(SuiteRunner.java:396)
at org.testng.SuiteRunner.privateRun(SuiteRunner.java:355)
at org.testng.SuiteRunner.run(SuiteRunner.java:304)
at org.testng.SuiteRunnerWorker.runSuite(SuiteRunnerWorker.java:53)
at org.testng.SuiteRunnerWorker.run(SuiteRunnerWorker.java:96)
at org.testng.TestNG.runSuitesSequentially(TestNG.java:1180)
at org.testng.TestNG.runSuitesLocally(TestNG.java:1102)
at org.testng.TestNG.runSuites(TestNG.java:1032)
at org.testng.TestNG.run(TestNG.java:1000)
at org.testng.remote.AbstractRemoteTestNG.run(AbstractRemoteTestNG.java:115)
at org.testng.remote.RemoteTestNG.initAndRun(RemoteTestNG.java:251)
at org.testng.remote.RemoteTestNG.main(RemoteTestNG.java:77)
]]>
    </failure>
  </testcase> <!-- VerifyAuditTrailDataForEditRoleBasedAccessManagementRecord -->
  <testcase classname="com.tetherfi.test.RoleBasedAccessManagementUpdateTest" name="VerifyAuditTrialReportForUpdate" time="64.415"/>
  <testcase classname="com.tetherfi.test.RoleBasedAccessManagementUpdateTest" name="VerifySendForApprovalForEditRecord" time="45.783"/>
  <testcase classname="com.tetherfi.test.RoleBasedAccessManagementUpdateTest" name="VerifyAuditTrialReportForSendForApprovalUpdate" time="62.018"/>
  <testcase classname="com.tetherfi.test.RoleBasedAccessManagementUpdateTest" name="ApproveforEditRoleBasedAccessManagementRecord" time="46.506"/>
  <testcase classname="com.tetherfi.test.RoleBasedAccessManagementUpdateTest" name="VerifyAuditTrailReportForApprove" time="56.919"/>
  <testcase classname="com.tetherfi.test.RoleBasedAccessManagementUpdateTest" name="EditRecordWithoutModifyReason" time="49.156"/>
</testsuite> <!-- com.tetherfi.test.RoleBasedAccessManagementUpdateTest -->
