<?xml version="1.0" encoding="UTF-8"?>
<!-- Generated by org.testng.reporters.JUnitReportReporter -->
<testsuite skipped="0" hostname="TTF-BLR-SANTOSHKOUJALAGI" name="com.tetherfi.test.RoleBasedAccessManagementDeleteTest" tests="15" failures="0" timestamp="2021-11-09T18:33:14 IST" time="534.891" errors="0">
  <testcase name="DeleteCancelRoleBasedAccessManagementRecord" time="28.822" classname="com.tetherfi.test.RoleBasedAccessManagementDeleteTest"/>
  <testcase name="DeleteWithoutModifyReasonRecord" time="33.159" classname="com.tetherfi.test.RoleBasedAccessManagementDeleteTest"/>
  <testcase name="DeleteRecord" time="33.509" classname="com.tetherfi.test.RoleBasedAccessManagementDeleteTest"/>
  <testcase name="VerifyRevertForDeleteRecord" time="36.123" classname="com.tetherfi.test.RoleBasedAccessManagementDeleteTest"/>
  <testcase name="VerifyAuditTrialReportForRevertDelete" time="43.505" classname="com.tetherfi.test.RoleBasedAccessManagementDeleteTest"/>
  <testcase name="RejectDeleteRecord" time="34.189" classname="com.tetherfi.test.RoleBasedAccessManagementDeleteTest"/>
  <testcase name="VerifySendForApprovalForRejectDeleteNewRecord" time="32.689" classname="com.tetherfi.test.RoleBasedAccessManagementDeleteTest"/>
  <testcase name="RejectforDeleteRoleBasedAccessManagementRecord" time="32.331" classname="com.tetherfi.test.RoleBasedAccessManagementDeleteTest"/>
  <testcase name="VerifyAuditTrailReportForReject" time="44.741" classname="com.tetherfi.test.RoleBasedAccessManagementDeleteTest"/>
  <testcase name="DeleteRoleBasedAccessManagementRecord" time="37.307" classname="com.tetherfi.test.RoleBasedAccessManagementDeleteTest"/>
  <testcase name="VerifyAuditTrialReportForDelete" time="43.693" classname="com.tetherfi.test.RoleBasedAccessManagementDeleteTest"/>
  <testcase name="VerifyAuditTrailDataForDeleteRoleBasedAccessManagementRecord" time="25.725" classname="com.tetherfi.test.RoleBasedAccessManagementDeleteTest"/>
  <testcase name="VerifySendForApprovalForDeleteNewRecord" time="31.644" classname="com.tetherfi.test.RoleBasedAccessManagementDeleteTest"/>
  <testcase name="ApproveforDeleteRoleBasedAccessManagementRecord" time="32.807" classname="com.tetherfi.test.RoleBasedAccessManagementDeleteTest"/>
  <testcase name="VerifyAuditTrailReportForApprove" time="44.647" classname="com.tetherfi.test.RoleBasedAccessManagementDeleteTest"/>
</testsuite> <!-- com.tetherfi.test.RoleBasedAccessManagementDeleteTest -->
