<?xml version="1.0" encoding="UTF-8"?>
<!-- Generated by org.testng.reporters.JUnitReportReporter -->
<testsuite hostname="DESKTOP-O6A5C2O" failures="0" tests="28" name="com.tetherfi.test.ivr.BranchManagementCreateTest" time="1427.303" errors="1" timestamp="2019-12-04T11:53:48 IST" skipped="0">
  <testcase classname="com.tetherfi.test.ivr.BranchManagementCreateTest" name="VerifyAddCancelButton" time="36.341"/>
  <testcase classname="com.tetherfi.test.ivr.BranchManagementCreateTest" name="VerifyAddRecordwithoutMainLines" time="50.135"/>
  <testcase classname="com.tetherfi.test.ivr.BranchManagementCreateTest" name="VerifyAddRecordWithoutSubLines" time="49.447"/>
  <testcase classname="com.tetherfi.test.ivr.BranchManagementCreateTest" name="VerifyAddRecordWithoutLocation" time="77.120">
    <error message="Expected condition failed: waiting for visibility of Proxy element for: DefaultElementLocator &#039;By.cssSelector: span[aria-owns=&#039;MainLines_listbox&#039;]&#039; (tried for 30 second(s) with 500 milliseconds interval)" type="org.openqa.selenium.TimeoutException">
      <![CDATA[org.openqa.selenium.TimeoutException: Expected condition failed: waiting for visibility of Proxy element for: DefaultElementLocator 'By.cssSelector: span[aria-owns='MainLines_listbox']' (tried for 30 second(s) with 500 milliseconds interval)
at org.openqa.selenium.support.ui.WebDriverWait.timeoutException(WebDriverWait.java:95)
at org.openqa.selenium.support.ui.FluentWait.until(FluentWait.java:272)
at com.tetherfi.pages.BasePage.waitUntilWebElementIsVisible(BasePage.java:127)
at com.tetherfi.pages.BasePage.selectWebElement(BasePage.java:198)
at com.tetherfi.pages.BranchManagementPage.addwithoutLocation(BranchManagementPage.java:1130)
at com.tetherfi.test.ivr.BranchManagementCreateTest.VerifyAddRecordWithoutLocation(BranchManagementCreateTest.java:105)
at java.base/jdk.internal.reflect.NativeMethodAccessorImpl.invoke0(Native Method)
at java.base/jdk.internal.reflect.NativeMethodAccessorImpl.invoke(Unknown Source)
at java.base/jdk.internal.reflect.DelegatingMethodAccessorImpl.invoke(Unknown Source)
at java.base/java.lang.reflect.Method.invoke(Unknown Source)
at org.testng.internal.MethodInvocationHelper.invokeMethod(MethodInvocationHelper.java:133)
at org.testng.internal.TestInvoker.invokeMethod(TestInvoker.java:584)
at org.testng.internal.TestInvoker.invokeTestMethod(TestInvoker.java:172)
at org.testng.internal.MethodRunner.runInSequence(MethodRunner.java:46)
at org.testng.internal.TestInvoker$MethodInvocationAgent.invoke(TestInvoker.java:804)
at org.testng.internal.TestInvoker.invokeTestMethods(TestInvoker.java:145)
at org.testng.internal.TestMethodWorker.invokeTestMethods(TestMethodWorker.java:146)
at org.testng.internal.TestMethodWorker.run(TestMethodWorker.java:128)
at java.base/java.util.ArrayList.forEach(Unknown Source)
at org.testng.TestRunner.privateRun(TestRunner.java:770)
at org.testng.TestRunner.run(TestRunner.java:591)
at org.testng.SuiteRunner.runTest(SuiteRunner.java:402)
at org.testng.SuiteRunner.runSequentially(SuiteRunner.java:396)
at org.testng.SuiteRunner.privateRun(SuiteRunner.java:355)
at org.testng.SuiteRunner.run(SuiteRunner.java:304)
at org.testng.SuiteRunnerWorker.runSuite(SuiteRunnerWorker.java:53)
at org.testng.SuiteRunnerWorker.run(SuiteRunnerWorker.java:96)
at org.testng.TestNG.runSuitesSequentially(TestNG.java:1180)
at org.testng.TestNG.runSuitesLocally(TestNG.java:1102)
at org.testng.TestNG.runSuites(TestNG.java:1032)
at org.testng.TestNG.run(TestNG.java:1000)
at org.testng.remote.AbstractRemoteTestNG.run(AbstractRemoteTestNG.java:115)
at org.testng.remote.RemoteTestNG.initAndRun(RemoteTestNG.java:251)
at org.testng.remote.RemoteTestNG.main(RemoteTestNG.java:77)
Caused by: org.openqa.selenium.NoSuchElementException: no such element: Unable to locate element: {"method":"css selector","selector":"span[aria-owns='MainLines_listbox']"}
  (Session info: chrome=78.0.3904.108)
For documentation on this error, please visit: https://www.seleniumhq.org/exceptions/no_such_element.html
Build info: version: '3.141.59', revision: 'e82be7d358', time: '2018-11-14T08:17:03'
System info: host: 'DESKTOP-O6A5C2O', ip: '10.0.75.1', os.name: 'Windows 10', os.arch: 'amd64', os.version: '10.0', java.version: '9.0.4'
Driver info: org.openqa.selenium.chrome.ChromeDriver
Capabilities {acceptInsecureCerts: false, browserName: chrome, browserVersion: 78.0.3904.108, chrome: {chromedriverVersion: 78.0.3904.70 (edb9c9f3de024..., userDataDir: C:\Users\admin\AppData\Loca...}, goog:chromeOptions: {debuggerAddress: localhost:59709}, javascriptEnabled: true, networkConnectionEnabled: false, pageLoadStrategy: normal, platform: XP, platformName: XP, proxy: Proxy(), setWindowRect: true, strictFileInteractability: false, timeouts: {implicit: 0, pageLoad: 300000, script: 30000}, unhandledPromptBehavior: dismiss and notify}
Session ID: 59473763dc943ffb86d35649dbf574fc
*** Element info: {Using=css selector, value=span[aria-owns='MainLines_listbox']}
at jdk.internal.reflect.GeneratedConstructorAccessor37.newInstance(Unknown Source)
at java.base/jdk.internal.reflect.DelegatingConstructorAccessorImpl.newInstance(Unknown Source)
at java.base/java.lang.reflect.Constructor.newInstance(Unknown Source)
at org.openqa.selenium.remote.http.W3CHttpResponseCodec.createException(W3CHttpResponseCodec.java:187)
at org.openqa.selenium.remote.http.W3CHttpResponseCodec.decode(W3CHttpResponseCodec.java:122)
at org.openqa.selenium.remote.http.W3CHttpResponseCodec.decode(W3CHttpResponseCodec.java:49)
at org.openqa.selenium.remote.HttpCommandExecutor.execute(HttpCommandExecutor.java:158)
at org.openqa.selenium.remote.service.DriverCommandExecutor.execute(DriverCommandExecutor.java:83)
at org.openqa.selenium.remote.RemoteWebDriver.execute(RemoteWebDriver.java:552)
at org.openqa.selenium.remote.RemoteWebDriver.findElement(RemoteWebDriver.java:323)
at org.openqa.selenium.remote.RemoteWebDriver.findElementByCssSelector(RemoteWebDriver.java:420)
at org.openqa.selenium.By$ByCssSelector.findElement(By.java:431)
at org.openqa.selenium.remote.RemoteWebDriver.findElement(RemoteWebDriver.java:315)
at org.openqa.selenium.support.pagefactory.DefaultElementLocator.findElement(DefaultElementLocator.java:69)
at org.openqa.selenium.support.pagefactory.internal.LocatingElementHandler.invoke(LocatingElementHandler.java:38)
at com.sun.proxy.$Proxy14.isDisplayed(Unknown Source)
at org.openqa.selenium.support.ui.ExpectedConditions.elementIfVisible(ExpectedConditions.java:314)
at org.openqa.selenium.support.ui.ExpectedConditions.access$000(ExpectedConditions.java:43)
at org.openqa.selenium.support.ui.ExpectedConditions$10.apply(ExpectedConditions.java:300)
at org.openqa.selenium.support.ui.ExpectedConditions$10.apply(ExpectedConditions.java:297)
at org.openqa.selenium.support.ui.FluentWait.until(FluentWait.java:249)
... 32 more
]]>
    </error>
  </testcase> <!-- VerifyAddRecordWithoutLocation -->
  <testcase classname="com.tetherfi.test.ivr.BranchManagementCreateTest" name="VerifyAddRecordWithoutBranchType" time="53.830"/>
  <testcase classname="com.tetherfi.test.ivr.BranchManagementCreateTest" name="VerifyAddRecordWithoutBranchName" time="46.712"/>
  <testcase classname="com.tetherfi.test.ivr.BranchManagementCreateTest" name="VerifyAddRecordWithoutAddress" time="49.056"/>
  <testcase classname="com.tetherfi.test.ivr.BranchManagementCreateTest" name="VerifyAddRecordWithoutLineOrder" time="51.397"/>
  <testcase classname="com.tetherfi.test.ivr.BranchManagementCreateTest" name="VerifyAddRecordWithoutStatus" time="47.132"/>
  <testcase classname="com.tetherfi.test.ivr.BranchManagementCreateTest" name="VerifyAddRecordWithoutLanguage" time="49.122"/>
  <testcase classname="com.tetherfi.test.ivr.BranchManagementCreateTest" name="AddRevertRecord" time="53.132"/>
  <testcase classname="com.tetherfi.test.ivr.BranchManagementCreateTest" name="VerifyRevertForAddNewRecord" time="41.866"/>
  <testcase classname="com.tetherfi.test.ivr.BranchManagementCreateTest" name="VerifyApprovedDataSectionWithoutApproval" time="38.488"/>
  <testcase classname="com.tetherfi.test.ivr.BranchManagementCreateTest" name="VerifyAuditTrailReportForRevert" time="90.370"/>
  <testcase classname="com.tetherfi.test.ivr.BranchManagementCreateTest" name="AddRejectRecord" time="57.170"/>
  <testcase classname="com.tetherfi.test.ivr.BranchManagementCreateTest" name="VerifySendForApprovalForAddNewRecord" time="41.980"/>
  <testcase classname="com.tetherfi.test.ivr.BranchManagementCreateTest" name="RejectforAddNewBranchManagementRecord" time="42.432"/>
  <testcase classname="com.tetherfi.test.ivr.BranchManagementCreateTest" name="VerifyAuditTrailReportForReject" time="55.815"/>
  <testcase classname="com.tetherfi.test.ivr.BranchManagementCreateTest" name="VerifyRecordAfterRejection" time="42.454"/>
  <testcase classname="com.tetherfi.test.ivr.BranchManagementCreateTest" name="AddNewBranchManagementRecord" time="55.477"/>
  <testcase classname="com.tetherfi.test.ivr.BranchManagementCreateTest" name="VerifyAuditTrailReportForCreate" time="54.177"/>
  <testcase classname="com.tetherfi.test.ivr.BranchManagementCreateTest" name="VerifyAuditTrailDataForAddNewBranchManagementRecord" time="37.160"/>
  <testcase classname="com.tetherfi.test.ivr.BranchManagementCreateTest" name="VerifySendForApprovalForAddNewBranchManagementRecord" time="59.442"/>
  <testcase classname="com.tetherfi.test.ivr.BranchManagementCreateTest" name="VerifyAuditTrailReportForSendForApproval" time="54.196"/>
  <testcase classname="com.tetherfi.test.ivr.BranchManagementCreateTest" name="ApproveforAddNewBranchManagementRecord" time="56.015"/>
  <testcase classname="com.tetherfi.test.ivr.BranchManagementCreateTest" name="VerifyAuditTrailReportForApprove" time="48.809"/>
  <testcase classname="com.tetherfi.test.ivr.BranchManagementCreateTest" name="VerifyRecordApprovedDataSectionafterApproval" time="36.528"/>
  <testcase classname="com.tetherfi.test.ivr.BranchManagementCreateTest" name="AddDuplicateRecord" time="51.500"/>
</testsuite> <!-- com.tetherfi.test.ivr.BranchManagementCreateTest -->
