<?xml version="1.0" encoding="UTF-8"?>
<!-- Generated by org.testng.reporters.JUnitReportReporter -->
<testsuite skipped="0" hostname="TTF-BLR-SANTOSHKOUJALAGI" name="com.tetherfi.test.ivr.MenuDescriptionMappingTest" tests="20" failures="0" timestamp="2021-10-20T06:57:28 IST" time="561.305" errors="0">
  <testcase name="AddNewMenuDescriptionMappingRecord" time="12.642" classname="com.tetherfi.test.ivr.MenuDescriptionMappingTest"/>
  <testcase name="AddDuplicateMenuDescriptionMappingRecord" time="10.000" classname="com.tetherfi.test.ivr.MenuDescriptionMappingTest"/>
  <testcase name="VerifyAuditTrialReportForCreate" time="33.202" classname="com.tetherfi.test.ivr.MenuDescriptionMappingTest"/>
  <testcase name="AddEmptyRecord" time="8.955" classname="com.tetherfi.test.ivr.MenuDescriptionMappingTest"/>
  <testcase name="AddRecordWithoutMenuID" time="9.324" classname="com.tetherfi.test.ivr.MenuDescriptionMappingTest"/>
  <testcase name="AddRecordWithoutMenuName" time="9.659" classname="com.tetherfi.test.ivr.MenuDescriptionMappingTest"/>
  <testcase name="AddRecordWithoutIntent" time="9.337" classname="com.tetherfi.test.ivr.MenuDescriptionMappingTest"/>
  <testcase name="VerifyCancelBtnAtAddRecord" time="30.424" classname="com.tetherfi.test.ivr.MenuDescriptionMappingTest"/>
  <testcase name="EditMenuDescriptionMappingRecord" time="17.973" classname="com.tetherfi.test.ivr.MenuDescriptionMappingTest"/>
  <testcase name="VerifyAuditTrialReportForUpdate" time="32.214" classname="com.tetherfi.test.ivr.MenuDescriptionMappingTest"/>
  <testcase name="EditWithoutModifyReasonRecord" time="16.765" classname="com.tetherfi.test.ivr.MenuDescriptionMappingTest"/>
  <testcase name="VerifyCancelBtnAtEditRecord" time="38.333" classname="com.tetherfi.test.ivr.MenuDescriptionMappingTest"/>
  <testcase name="searchPage" time="12.457" classname="com.tetherfi.test.ivr.MenuDescriptionMappingTest"/>
  <testcase name="ExportToExcel" time="9.953" classname="com.tetherfi.test.ivr.MenuDescriptionMappingTest"/>
  <testcase name="ExportToExcelData" time="83.484" classname="com.tetherfi.test.ivr.MenuDescriptionMappingTest"/>
  <testcase name="DeleteWithoutDeleteReasonRecord" time="14.189" classname="com.tetherfi.test.ivr.MenuDescriptionMappingTest"/>
  <testcase name="VerifyCancelBtnAtDeleteMenuDescriptionMappingRecord" time="35.805" classname="com.tetherfi.test.ivr.MenuDescriptionMappingTest"/>
  <testcase name="DeleteMenuDescriptionMappingRecord" time="16.742" classname="com.tetherfi.test.ivr.MenuDescriptionMappingTest"/>
  <testcase name="VerifyAuditTrialReportForDelete" time="32.342" classname="com.tetherfi.test.ivr.MenuDescriptionMappingTest"/>
  <testcase name="database" time="127.505" classname="com.tetherfi.test.ivr.MenuDescriptionMappingTest"/>
</testsuite> <!-- com.tetherfi.test.ivr.MenuDescriptionMappingTest -->
