<?xml version="1.0" encoding="UTF-8"?>
<!-- Generated by org.testng.reporters.JUnitReportReporter -->
<testsuite skipped="1" hostname="TTF-BLR-SANTOSHKOUJALAGI" name="com.tetherfi.test.reports.OCMLineOverallStatisticReportTest" tests="46" failures="0" timestamp="2021-09-06T00:40:02 IST" time="791.715" errors="0">
  <testcase name="ShowReport" time="18.014" classname="com.tetherfi.test.reports.OCMLineOverallStatisticReportTest"/>
  <testcase name="ShowReportInNewPage" time="16.894" classname="com.tetherfi.test.reports.OCMLineOverallStatisticReportTest"/>
  <testcase name="database" time="18.107" classname="com.tetherfi.test.reports.OCMLineOverallStatisticReportTest"/>
  <testcase name="VerifyArrowMoveForPreviousAndNextPage" time="14.124" classname="com.tetherfi.test.reports.OCMLineOverallStatisticReportTest"/>
  <testcase name="VerifyArrowMoveForFirstAndLastPage" time="14.908" classname="com.tetherfi.test.reports.OCMLineOverallStatisticReportTest"/>
  <testcase name="VerifyTotalNumberOfItemsPerPageDetails" time="14.933" classname="com.tetherfi.test.reports.OCMLineOverallStatisticReportTest"/>
  <testcase name="verifyAdvancedSearchinreportpage" time="21.592" classname="com.tetherfi.test.reports.OCMLineOverallStatisticReportTest"/>
  <testcase name="verifyAdvancedSearchANDCriteria" time="32.127" classname="com.tetherfi.test.reports.OCMLineOverallStatisticReportTest"/>
  <testcase name="verifyAdvancedSearchORCriteria" time="33.190" classname="com.tetherfi.test.reports.OCMLineOverallStatisticReportTest"/>
  <testcase name="VerifySearchByFeature" time="22.237" classname="com.tetherfi.test.reports.OCMLineOverallStatisticReportTest"/>
  <testcase name="VerifySearchFeatureForIsEqualTo" time="18.927" classname="com.tetherfi.test.reports.OCMLineOverallStatisticReportTest"/>
  <testcase name="VerifySearchIsNotEqualTo" time="19.536" classname="com.tetherfi.test.reports.OCMLineOverallStatisticReportTest"/>
  <testcase name="VerifySearchContains" time="18.817" classname="com.tetherfi.test.reports.OCMLineOverallStatisticReportTest"/>
  <testcase name="VerifySearchDoesNotContains" time="18.715" classname="com.tetherfi.test.reports.OCMLineOverallStatisticReportTest"/>
  <testcase name="VerifySearchStartsWith" time="20.021" classname="com.tetherfi.test.reports.OCMLineOverallStatisticReportTest"/>
  <testcase name="VerifySearchEndsWith" time="19.562" classname="com.tetherfi.test.reports.OCMLineOverallStatisticReportTest"/>
  <testcase name="ScheduleReport" time="13.808" classname="com.tetherfi.test.reports.OCMLineOverallStatisticReportTest"/>
  <testcase name="ExportReport" time="12.408" classname="com.tetherfi.test.reports.OCMLineOverallStatisticReportTest"/>
  <testcase name="ViewDownloadedReportInReportsDownloadPage" time="10.547" classname="com.tetherfi.test.reports.OCMLineOverallStatisticReportTest"/>
  <testcase name="VerifyViewDownloadedReportInReportsDownloadPage" time="15.457" classname="com.tetherfi.test.reports.OCMLineOverallStatisticReportTest"/>
  <testcase name="ShowReportForDateRange" time="14.304" classname="com.tetherfi.test.reports.OCMLineOverallStatisticReportTest"/>
  <testcase name="ShowReportInNewPageForDateRange" time="13.779" classname="com.tetherfi.test.reports.OCMLineOverallStatisticReportTest"/>
  <testcase name="ScheduleReportforDateRange" time="14.221" classname="com.tetherfi.test.reports.OCMLineOverallStatisticReportTest"/>
  <testcase name="ExportReportDateRange" time="13.104" classname="com.tetherfi.test.reports.OCMLineOverallStatisticReportTest"/>
  <testcase name="ViewDownloadedReportInReportsDownloadPageDateRange" time="10.140" classname="com.tetherfi.test.reports.OCMLineOverallStatisticReportTest"/>
  <testcase name="VerifydownloadedReportInReportsDownloadPage" time="14.441" classname="com.tetherfi.test.reports.OCMLineOverallStatisticReportTest"/>
  <testcase name="DeleteWithoutDeleteReasonRecordInReportsDownloadforDateRange" time="10.869" classname="com.tetherfi.test.reports.OCMLineOverallStatisticReportTest"/>
  <testcase name="VerifyCancelBtnAtReportsDownloadDeleteBtnForDateRange" time="32.582" classname="com.tetherfi.test.reports.OCMLineOverallStatisticReportTest"/>
  <testcase name="DeleteRecord" time="10.992" classname="com.tetherfi.test.reports.OCMLineOverallStatisticReportTest"/>
  <testcase name="ClearAll" time="11.930" classname="com.tetherfi.test.reports.OCMLineOverallStatisticReportTest"/>
  <testcase name="OCMWindow" time="16.480" classname="com.tetherfi.test.reports.OCMLineOverallStatisticReportTest"/>
  <testcase name="VerifyDropdownForAllTheColumns" time="21.174" classname="com.tetherfi.test.reports.OCMLineOverallStatisticReportTest"/>
  <testcase name="VerifyColumnsHeaderEnable" time="18.651" classname="com.tetherfi.test.reports.OCMLineOverallStatisticReportTest"/>
  <testcase name="VerifyColumnsHeaderDisable" time="21.267" classname="com.tetherfi.test.reports.OCMLineOverallStatisticReportTest"/>
  <testcase name="ExportPage" time="16.755" classname="com.tetherfi.test.reports.OCMLineOverallStatisticReportTest"/>
  <testcase name="VerifyExportedPage" time="15.753" classname="com.tetherfi.test.reports.OCMLineOverallStatisticReportTest"/>
  <testcase name="SchedulereportinLineOverallStatisticReportPage" time="14.331" classname="com.tetherfi.test.reports.OCMLineOverallStatisticReportTest"/>
  <testcase name="ExportToExcel" time="13.572" classname="com.tetherfi.test.reports.OCMLineOverallStatisticReportTest"/>
  <testcase name="ViewDownloadedButtonInLineOverallStatisticPg" time="19.651" classname="com.tetherfi.test.reports.OCMLineOverallStatisticReportTest"/>
  <testcase name="VerifyExportedData" time="14.173" classname="com.tetherfi.test.reports.OCMLineOverallStatisticReportTest"/>
  <testcase name="searchwithoutSearchTextbox" time="18.525" classname="com.tetherfi.test.reports.OCMLineOverallStatisticReportTest"/>
  <testcase name="ClearSearch" time="17.572" classname="com.tetherfi.test.reports.OCMLineOverallStatisticReportTest"/>
  <testcase name="ClearfiltersAdvSrch" time="18.840" classname="com.tetherfi.test.reports.OCMLineOverallStatisticReportTest"/>
  <testcase name="GroupBy" time="27.280" classname="com.tetherfi.test.reports.OCMLineOverallStatisticReportTest"/>
  <testcase name="VerifySorting" time="17.405" classname="com.tetherfi.test.reports.OCMLineOverallStatisticReportTest"/>
  <testcase name="VerifyNumberOfItemsPerPageSelection" classname="com.tetherfi.test.reports.OCMLineOverallStatisticReportTest">
    <skipped/>
  </testcase> <!-- VerifyNumberOfItemsPerPageSelection -->
</testsuite> <!-- com.tetherfi.test.reports.OCMLineOverallStatisticReportTest -->
