<?xml version="1.0" encoding="UTF-8"?>
<!-- Generated by org.testng.reporters.JUnitReportReporter -->
<testsuite skipped="0" hostname="TTF-BLR-SANTOSHKOUJALAGI" name="com.tetherfi.test.tmac.Templates_FeaturesTabTest" tests="13" failures="0" timestamp="2021-08-03T23:52:15 IST" time="237.529" errors="0">
  <testcase name="AddnewtemplateRecord" time="24.882" classname="com.tetherfi.test.tmac.Templates_FeaturesTabTest"/>
  <testcase name="VerifyAddNewTemplateFeaturesandPopUpCancelButton" time="11.216" classname="com.tetherfi.test.tmac.Templates_FeaturesTabTest"/>
  <testcase name="AddRecWithoutTemplate" time="14.649" classname="com.tetherfi.test.tmac.Templates_FeaturesTabTest"/>
  <testcase name="AddRecWithoutTemplateFeatures" time="13.966" classname="com.tetherfi.test.tmac.Templates_FeaturesTabTest"/>
  <testcase name="AddValidTemplateFeaturesRecord" time="15.481" classname="com.tetherfi.test.tmac.Templates_FeaturesTabTest"/>
  <testcase name="EditRecordwithoutModifyreason" time="20.737" classname="com.tetherfi.test.tmac.Templates_FeaturesTabTest"/>
  <testcase name="VerifyCancelBtnatEditRecord" time="39.493" classname="com.tetherfi.test.tmac.Templates_FeaturesTabTest"/>
  <testcase name="EditFeaturesRecord" time="17.306" classname="com.tetherfi.test.tmac.Templates_FeaturesTabTest"/>
  <testcase name="DeleteRecordwithoutDeletereason" time="15.800" classname="com.tetherfi.test.tmac.Templates_FeaturesTabTest"/>
  <testcase name="VerifyCancelBtnatDeleteRecord" time="16.560" classname="com.tetherfi.test.tmac.Templates_FeaturesTabTest"/>
  <testcase name="DeleteFeaturesTemplateRecord" time="16.277" classname="com.tetherfi.test.tmac.Templates_FeaturesTabTest"/>
  <testcase name="DeleteRecordwithoutFeatures" time="17.423" classname="com.tetherfi.test.tmac.Templates_FeaturesTabTest"/>
  <testcase name="DeleteTemplateRecord" time="13.739" classname="com.tetherfi.test.tmac.Templates_FeaturesTabTest"/>
</testsuite> <!-- com.tetherfi.test.tmac.Templates_FeaturesTabTest -->
