<?xml version="1.0" encoding="UTF-8"?>
<!-- Generated by org.testng.reporters.JUnitReportReporter -->
<testsuite hostname="admin" failures="0" tests="1" name="com.tetherfi.test.ivr.IntroMessageAnnouncementUITest" time="12.289" errors="0" timestamp="13 May 2019 07:34:27 GMT" skipped="0">
  <testcase classname="com.tetherfi.test.ivr.IntroMessageAnnouncementUITest" name="SearchClearSearch" time="12.289"/>
</testsuite> <!-- com.tetherfi.test.ivr.IntroMessageAnnouncementUITest -->
