<?xml version="1.0" encoding="UTF-8"?>
<!-- Generated by org.testng.reporters.JUnitReportReporter -->
<testsuite hostname="DESKTOP-O6A5C2O" failures="0" tests="1" name="com.tetherfi.test.CEPEventMappingTest" time="48.398" errors="0" timestamp="2019-10-21T12:20:39 IST" skipped="0">
  <testcase classname="com.tetherfi.test.CEPEventMappingTest" name="VerifyCancelBtnAtAddRecord" time="48.398"/>
</testsuite> <!-- com.tetherfi.test.CEPEventMappingTest -->
