<?xml version="1.0" encoding="UTF-8"?>
<!-- Generated by org.testng.reporters.JUnitReportReporter -->
<testsuite hostname="DESKTOP-O6A5C2O" failures="0" tests="39" name="com.tetherfi.test.fax.FaxLineConfigTest" time="546.290" errors="1" timestamp="2020-03-16T20:32:38 IST" skipped="0">
  <testcase classname="com.tetherfi.test.fax.FaxLineConfigTest" name="FaxLineConfigPage" time="8.415"/>
  <testcase classname="com.tetherfi.test.fax.FaxLineConfigTest" name="AddFaxLineConfigRecord" time="19.020"/>
  <testcase classname="com.tetherfi.test.fax.FaxLineConfigTest" name="VerifyAuditTrialReportForCreate" time="33.501"/>
  <testcase classname="com.tetherfi.test.fax.FaxLineConfigTest" name="SendersLink" time="19.018"/>
  <testcase classname="com.tetherfi.test.fax.FaxLineConfigTest" name="AutoAckLink" time="18.684"/>
  <testcase classname="com.tetherfi.test.fax.FaxLineConfigTest" name="RoutesLink" time="10.889">
    <error message="Index 1 out-of-bounds for length 1" type="java.lang.IndexOutOfBoundsException">
      <![CDATA[java.lang.IndexOutOfBoundsException: Index 1 out-of-bounds for length 1
at java.base/jdk.internal.util.Preconditions.outOfBounds(Unknown Source)
at java.base/jdk.internal.util.Preconditions.outOfBoundsCheckIndex(Unknown Source)
at java.base/jdk.internal.util.Preconditions.checkIndex(Unknown Source)
at java.base/java.util.Objects.checkIndex(Unknown Source)
at java.base/java.util.ArrayList.get(Unknown Source)
at com.tetherfi.pages.FaxLineConfigPage.verifyRoutesLink(FaxLineConfigPage.java:1015)
at com.tetherfi.test.fax.FaxLineConfigTest.RoutesLink(FaxLineConfigTest.java:116)
at java.base/jdk.internal.reflect.NativeMethodAccessorImpl.invoke0(Native Method)
at java.base/jdk.internal.reflect.NativeMethodAccessorImpl.invoke(Unknown Source)
at java.base/jdk.internal.reflect.DelegatingMethodAccessorImpl.invoke(Unknown Source)
at java.base/java.lang.reflect.Method.invoke(Unknown Source)
at org.testng.internal.MethodInvocationHelper.invokeMethod(MethodInvocationHelper.java:133)
at org.testng.internal.TestInvoker.invokeMethod(TestInvoker.java:584)
at org.testng.internal.TestInvoker.invokeTestMethod(TestInvoker.java:172)
at org.testng.internal.MethodRunner.runInSequence(MethodRunner.java:46)
at org.testng.internal.TestInvoker$MethodInvocationAgent.invoke(TestInvoker.java:804)
at org.testng.internal.TestInvoker.invokeTestMethods(TestInvoker.java:145)
at org.testng.internal.TestMethodWorker.invokeTestMethods(TestMethodWorker.java:146)
at org.testng.internal.TestMethodWorker.run(TestMethodWorker.java:128)
at java.base/java.util.ArrayList.forEach(Unknown Source)
at org.testng.TestRunner.privateRun(TestRunner.java:770)
at org.testng.TestRunner.run(TestRunner.java:591)
at org.testng.SuiteRunner.runTest(SuiteRunner.java:402)
at org.testng.SuiteRunner.runSequentially(SuiteRunner.java:396)
at org.testng.SuiteRunner.privateRun(SuiteRunner.java:355)
at org.testng.SuiteRunner.run(SuiteRunner.java:304)
at org.testng.SuiteRunnerWorker.runSuite(SuiteRunnerWorker.java:53)
at org.testng.SuiteRunnerWorker.run(SuiteRunnerWorker.java:96)
at org.testng.TestNG.runSuitesSequentially(TestNG.java:1180)
at org.testng.TestNG.runSuitesLocally(TestNG.java:1102)
at org.testng.TestNG.runSuites(TestNG.java:1032)
at org.testng.TestNG.run(TestNG.java:1000)
at org.testng.remote.AbstractRemoteTestNG.run(AbstractRemoteTestNG.java:115)
at org.testng.remote.RemoteTestNG.initAndRun(RemoteTestNG.java:251)
at org.testng.remote.RemoteTestNG.main(RemoteTestNG.java:77)
]]>
    </error>
  </testcase> <!-- RoutesLink -->
  <testcase classname="com.tetherfi.test.fax.FaxLineConfigTest" name="AddDuplicateFaxLineConfigRecord" time="11.699"/>
  <testcase classname="com.tetherfi.test.fax.FaxLineConfigTest" name="AddInvalidFaxLineConfigRecordWithoutInput" time="11.935"/>
  <testcase classname="com.tetherfi.test.fax.FaxLineConfigTest" name="AddInvalidFaxLineConfigRecordWithoutFaxLine" time="15.693"/>
  <testcase classname="com.tetherfi.test.fax.FaxLineConfigTest" name="AddInvalidFaxLineConfigRecordWithoutFaxLineName" time="16.360"/>
  <testcase classname="com.tetherfi.test.fax.FaxLineConfigTest" name="AddInvalidFaxLineConfigRecordWithoutDescription" time="14.849"/>
  <testcase classname="com.tetherfi.test.fax.FaxLineConfigTest" name="AddInvalidFaxLineConfigRecordWithoutStatus" time="13.933"/>
  <testcase classname="com.tetherfi.test.fax.FaxLineConfigTest" name="AddInvalidFaxLineConfigRecordWithoutSendStatus" time="15.151"/>
  <testcase classname="com.tetherfi.test.fax.FaxLineConfigTest" name="AddInvalidFaxLineConfigRecordWithoutRecieveStatus" time="15.166"/>
  <testcase classname="com.tetherfi.test.fax.FaxLineConfigTest" name="EditFaxLineConfigCancelRecord" time="14.232"/>
  <testcase classname="com.tetherfi.test.fax.FaxLineConfigTest" name="EditInvalidFaxLineConfigRecord" time="15.578"/>
  <testcase classname="com.tetherfi.test.fax.FaxLineConfigTest" name="EditFaxLineConfigRecord" time="14.148"/>
  <testcase classname="com.tetherfi.test.fax.FaxLineConfigTest" name="VerifyAuditTrialReportForUpdate" time="29.842"/>
  <testcase classname="com.tetherfi.test.fax.FaxLineConfigTest" name="searchPage" time="8.104"/>
  <testcase classname="com.tetherfi.test.fax.FaxLineConfigTest" name="searchwithoutSearchTextbox" time="7.943"/>
  <testcase classname="com.tetherfi.test.fax.FaxLineConfigTest" name="database" time="15.228"/>
  <testcase classname="com.tetherfi.test.fax.FaxLineConfigTest" name="DeleteCancelFaxLineConfigRecord" time="14.088"/>
  <testcase classname="com.tetherfi.test.fax.FaxLineConfigTest" name="DeleteFaxLineConfigRecordWithoutReason" time="13.751"/>
  <testcase classname="com.tetherfi.test.fax.FaxLineConfigTest" name="DeleteFaxLineConfigRecord" time="14.906"/>
  <testcase classname="com.tetherfi.test.fax.FaxLineConfigTest" name="VerifyAuditTrialReportForDelete" time="29.582"/>
  <testcase classname="com.tetherfi.test.fax.FaxLineConfigTest" name="SearchClearSearch" time="11.490"/>
  <testcase classname="com.tetherfi.test.fax.FaxLineConfigTest" name="ExportToExcel" time="7.623"/>
  <testcase classname="com.tetherfi.test.fax.FaxLineConfigTest" name="ExportToExcelData" time="9.706"/>
  <testcase classname="com.tetherfi.test.fax.FaxLineConfigTest" name="ExporttoExcelWithoutData" time="10.872"/>
  <testcase classname="com.tetherfi.test.fax.FaxLineConfigTest" name="SortingByAscending" time="15.039"/>
  <testcase classname="com.tetherfi.test.fax.FaxLineConfigTest" name="SortingByDescending" time="15.492"/>
  <testcase classname="com.tetherfi.test.fax.FaxLineConfigTest" name="GroupBy" time="8.408"/>
  <testcase classname="com.tetherfi.test.fax.FaxLineConfigTest" name="VerifyArrowMoveForPreviousAndNextPage" time="5.898"/>
  <testcase classname="com.tetherfi.test.fax.FaxLineConfigTest" name="VerifyArrowMoveForFirstAndLastPage" time="5.815"/>
  <testcase classname="com.tetherfi.test.fax.FaxLineConfigTest" name="VerifyTotalNumberOfItemsPerPageDetails" time="7.147"/>
  <testcase classname="com.tetherfi.test.fax.FaxLineConfigTest" name="VerifyNumberOfItemsPerPageSelection" time="12.545"/>
  <testcase classname="com.tetherfi.test.fax.FaxLineConfigTest" name="VerifyDropdownForAllTheColumns" time="15.402"/>
  <testcase classname="com.tetherfi.test.fax.FaxLineConfigTest" name="VerifyColumnsHeaderEnable" time="13.633"/>
  <testcase classname="com.tetherfi.test.fax.FaxLineConfigTest" name="VerifyColumnsHeaderDisable" time="5.505"/>
</testsuite> <!-- com.tetherfi.test.fax.FaxLineConfigTest -->
