<?xml version="1.0" encoding="UTF-8"?>
<!-- Generated by org.testng.reporters.JUnitReportReporter -->
<testsuite hostname="admin" failures="0" tests="3" name="com.tetherfi.test.tmac.TmacBroadCastMsgE2E" time="113.498" errors="0" timestamp="25 Jan 2019 12:23:34 GMT" skipped="0">
  <testcase classname="com.tetherfi.test.tmac.TmacBroadCastMsgE2E" name="addTmacBroadcastMessage" time="35.354"/>
  <testcase classname="com.tetherfi.test.tmac.TmacBroadCastMsgE2E" name="editTmacBroadcastMessage" time="38.275"/>
  <testcase classname="com.tetherfi.test.tmac.TmacBroadCastMsgE2E" name="disabledStatus" time="39.869"/>
</testsuite> <!-- com.tetherfi.test.tmac.TmacBroadCastMsgE2E -->
