<?xml version="1.0" encoding="UTF-8"?>
<!-- Generated by org.testng.reporters.JUnitReportReporter -->
<testsuite skipped="0" hostname="TTF-BLR-SANTOSHKOUJALAGI" name="com.tetherfi.test.reports.OCMInteractionActionsReportTest" tests="1" failures="0" timestamp="2021-12-09T20:49:50 IST" time="144.525" errors="0">
  <testcase name="database" time="144.525" classname="com.tetherfi.test.reports.OCMInteractionActionsReportTest"/>
</testsuite> <!-- com.tetherfi.test.reports.OCMInteractionActionsReportTest -->
