<?xml version="1.0" encoding="UTF-8"?>
<!-- Generated by org.testng.reporters.JUnitReportReporter -->
<testsuite hostname="DESKTOP-O6A5C2O" failures="0" tests="16" name="com.tetherfi.test.sms.SmsResponseTemplateUpdateTest" time="819.215" errors="0" timestamp="2020-01-06T19:19:54 IST" skipped="0">
  <testcase classname="com.tetherfi.test.sms.SmsResponseTemplateUpdateTest" name="EditCancelSmsResponseTemplateRecord" time="42.953"/>
  <testcase classname="com.tetherfi.test.sms.SmsResponseTemplateUpdateTest" name="EditRevertSmsResponseTemplateRecord" time="44.952"/>
  <testcase classname="com.tetherfi.test.sms.SmsResponseTemplateUpdateTest" name="VerifyRevertForEditRecord" time="45.358"/>
  <testcase classname="com.tetherfi.test.sms.SmsResponseTemplateUpdateTest" name="VerifyAuditTrialReportForRevertUpdate" time="68.927"/>
  <testcase classname="com.tetherfi.test.sms.SmsResponseTemplateUpdateTest" name="EditRejectRecord" time="43.813"/>
  <testcase classname="com.tetherfi.test.sms.SmsResponseTemplateUpdateTest" name="VerifySendForApprovalForEditRejectRecord" time="48.048"/>
  <testcase classname="com.tetherfi.test.sms.SmsResponseTemplateUpdateTest" name="RejectforEditSmsResponseTemplateRecord" time="47.515"/>
  <testcase classname="com.tetherfi.test.sms.SmsResponseTemplateUpdateTest" name="VerifyAuditTrailReportForReject" time="65.330"/>
  <testcase classname="com.tetherfi.test.sms.SmsResponseTemplateUpdateTest" name="EditSmsResponseTemplateRecord" time="46.556"/>
  <testcase classname="com.tetherfi.test.sms.SmsResponseTemplateUpdateTest" name="VerifyAuditTrailDataForEditSmsResponseTemplateRecord" time="42.255"/>
  <testcase classname="com.tetherfi.test.sms.SmsResponseTemplateUpdateTest" name="VerifyAuditTrialReportForUpdate" time="62.919"/>
  <testcase classname="com.tetherfi.test.sms.SmsResponseTemplateUpdateTest" name="VerifySendForApprovalForRejectRecord" time="45.469"/>
  <testcase classname="com.tetherfi.test.sms.SmsResponseTemplateUpdateTest" name="VerifyAuditTrialReportForSendForApprovalUpdate" time="59.387"/>
  <testcase classname="com.tetherfi.test.sms.SmsResponseTemplateUpdateTest" name="ApproveforEditSmsResponseTemplateRecord" time="46.981"/>
  <testcase classname="com.tetherfi.test.sms.SmsResponseTemplateUpdateTest" name="VerifyAuditTrailReportForApprove" time="63.827"/>
  <testcase classname="com.tetherfi.test.sms.SmsResponseTemplateUpdateTest" name="EditRecordWithoutModifyReason" time="44.925"/>
</testsuite> <!-- com.tetherfi.test.sms.SmsResponseTemplateUpdateTest -->
