<?xml version="1.0" encoding="UTF-8"?>
<!-- Generated by org.testng.reporters.JUnitReportReporter -->
<testsuite hostname="admin" failures="1" tests="41" name="com.tetherfi.test.ivr.BranchManagementWithoutMakerCheckerTest" time="130.118" errors="1" timestamp="2019-09-23T13:05:20 IST" skipped="36">
  <testcase classname="com.tetherfi.test.ivr.BranchManagementWithoutMakerCheckerTest" name="afterEachMethod" time="5.500">
    <error message="no such window: target window already closed
from unknown error: web view not found
  (Session info: chrome=77.0.3865.90)
Build info: version: &#039;3.141.59&#039;, revision: &#039;e82be7d358&#039;, time: &#039;2018-11-14T08:17:03&#039;
System info: host: &#039;ADMIN&#039;, ip: &#039;192.168.1.15&#039;, os.name: &#039;Windows 8.1&#039;, os.arch: &#039;amd64&#039;, os.version: &#039;6.3&#039;, java.version: &#039;9.0.4&#039;
Driver info: org.openqa.selenium.chrome.ChromeDriver
Capabilities {acceptInsecureCerts: false, browserName: chrome, browserVersion: 77.0.3865.90, chrome: {chromedriverVersion: 76.0.3809.68 (420c9498db8ce..., userDataDir: C:\Users\ADMINP~1\AppData\L...}, goog:chromeOptions: {debuggerAddress: localhost:55879}, javascriptEnabled: true, networkConnectionEnabled: false, pageLoadStrategy: normal, platform: XP, platformName: XP, proxy: Proxy(), setWindowRect: true, strictFileInteractability: false, timeouts: {implicit: 0, pageLoad: 300000, script: 30000}, unhandledPromptBehavior: dismiss and notify}
Session ID: e87459ec18f67159529c2a889374a73f" type="org.openqa.selenium.NoSuchWindowException">
      <![CDATA[org.openqa.selenium.NoSuchWindowException: no such window: target window already closed
from unknown error: web view not found
  (Session info: chrome=77.0.3865.90)
Build info: version: '3.141.59', revision: 'e82be7d358', time: '2018-11-14T08:17:03'
System info: host: 'ADMIN', ip: '192.168.1.15', os.name: 'Windows 8.1', os.arch: 'amd64', os.version: '6.3', java.version: '9.0.4'
Driver info: org.openqa.selenium.chrome.ChromeDriver
Capabilities {acceptInsecureCerts: false, browserName: chrome, browserVersion: 77.0.3865.90, chrome: {chromedriverVersion: 76.0.3809.68 (420c9498db8ce..., userDataDir: C:\Users\ADMINP~1\AppData\L...}, goog:chromeOptions: {debuggerAddress: localhost:55879}, javascriptEnabled: true, networkConnectionEnabled: false, pageLoadStrategy: normal, platform: XP, platformName: XP, proxy: Proxy(), setWindowRect: true, strictFileInteractability: false, timeouts: {implicit: 0, pageLoad: 300000, script: 30000}, unhandledPromptBehavior: dismiss and notify}
Session ID: e87459ec18f67159529c2a889374a73f
at java.base/jdk.internal.reflect.NativeConstructorAccessorImpl.newInstance0(Native Method)
at java.base/jdk.internal.reflect.NativeConstructorAccessorImpl.newInstance(Unknown Source)
at java.base/jdk.internal.reflect.DelegatingConstructorAccessorImpl.newInstance(Unknown Source)
at java.base/java.lang.reflect.Constructor.newInstance(Unknown Source)
at org.openqa.selenium.remote.http.W3CHttpResponseCodec.createException(W3CHttpResponseCodec.java:187)
at org.openqa.selenium.remote.http.W3CHttpResponseCodec.decode(W3CHttpResponseCodec.java:122)
at org.openqa.selenium.remote.http.W3CHttpResponseCodec.decode(W3CHttpResponseCodec.java:49)
at org.openqa.selenium.remote.HttpCommandExecutor.execute(HttpCommandExecutor.java:158)
at org.openqa.selenium.remote.service.DriverCommandExecutor.execute(DriverCommandExecutor.java:83)
at org.openqa.selenium.remote.RemoteWebDriver.execute(RemoteWebDriver.java:552)
at org.openqa.selenium.remote.RemoteWebDriver.execute(RemoteWebDriver.java:609)
at org.openqa.selenium.remote.RemoteWebDriver$RemoteNavigation.refresh(RemoteWebDriver.java:865)
at com.tetherfi.test.ivr.BranchManagementWithoutMakerCheckerTest.afterEachMethod(BranchManagementWithoutMakerCheckerTest.java:422)
at java.base/jdk.internal.reflect.NativeMethodAccessorImpl.invoke0(Native Method)
at java.base/jdk.internal.reflect.NativeMethodAccessorImpl.invoke(Unknown Source)
at java.base/jdk.internal.reflect.DelegatingMethodAccessorImpl.invoke(Unknown Source)
at java.base/java.lang.reflect.Method.invoke(Unknown Source)
at org.testng.internal.MethodInvocationHelper.invokeMethod(MethodInvocationHelper.java:133)
at org.testng.internal.MethodInvocationHelper.invokeMethodConsideringTimeout(MethodInvocationHelper.java:62)
at org.testng.internal.ConfigInvoker.invokeConfigurationMethod(ConfigInvoker.java:340)
at org.testng.internal.ConfigInvoker.invokeConfigurations(ConfigInvoker.java:294)
at org.testng.internal.TestInvoker.runConfigMethods(TestInvoker.java:683)
at org.testng.internal.TestInvoker.runAfterGroupsConfigurations(TestInvoker.java:658)
at org.testng.internal.TestInvoker.invokeMethod(TestInvoker.java:642)
at org.testng.internal.TestInvoker.invokeTestMethod(TestInvoker.java:172)
at org.testng.internal.MethodRunner.runInSequence(MethodRunner.java:46)
at org.testng.internal.TestInvoker$MethodInvocationAgent.invoke(TestInvoker.java:804)
at org.testng.internal.TestInvoker.invokeTestMethods(TestInvoker.java:145)
at org.testng.internal.TestMethodWorker.invokeTestMethods(TestMethodWorker.java:146)
at org.testng.internal.TestMethodWorker.run(TestMethodWorker.java:128)
at java.base/java.util.ArrayList.forEach(Unknown Source)
at org.testng.TestRunner.privateRun(TestRunner.java:770)
at org.testng.TestRunner.run(TestRunner.java:591)
at org.testng.SuiteRunner.runTest(SuiteRunner.java:402)
at org.testng.SuiteRunner.runSequentially(SuiteRunner.java:396)
at org.testng.SuiteRunner.privateRun(SuiteRunner.java:355)
at org.testng.SuiteRunner.run(SuiteRunner.java:304)
at org.testng.SuiteRunnerWorker.runSuite(SuiteRunnerWorker.java:53)
at org.testng.SuiteRunnerWorker.run(SuiteRunnerWorker.java:96)
at org.testng.TestNG.runSuitesSequentially(TestNG.java:1180)
at org.testng.TestNG.runSuitesLocally(TestNG.java:1102)
at org.testng.TestNG.runSuites(TestNG.java:1032)
at org.testng.TestNG.run(TestNG.java:1000)
at org.testng.remote.AbstractRemoteTestNG.run(AbstractRemoteTestNG.java:115)
at org.testng.remote.RemoteTestNG.initAndRun(RemoteTestNG.java:251)
at org.testng.remote.RemoteTestNG.main(RemoteTestNG.java:77)
]]>
    </error>
  </testcase> <!-- afterEachMethod -->
  <testcase classname="com.tetherfi.test.ivr.BranchManagementWithoutMakerCheckerTest" name="BranchManagementWHPage" time="5.442"/>
  <testcase classname="com.tetherfi.test.ivr.BranchManagementWithoutMakerCheckerTest" name="AddNewBranchManagementRecord" time="25.880"/>
  <testcase classname="com.tetherfi.test.ivr.BranchManagementWithoutMakerCheckerTest" name="VerifyAuditTrialReportForCreate" time="26.350"/>
  <testcase classname="com.tetherfi.test.ivr.BranchManagementWithoutMakerCheckerTest" name="AddDuplicateBranchManagementRecord" time="66.946">
    <failure message="Duplicate record assertion failed expected [Record Creation Failed, Already Exist] but found [true]" type="java.lang.AssertionError">
      <![CDATA[java.lang.AssertionError: Duplicate record assertion failed expected [Record Creation Failed, Already Exist] but found [true]
at org.testng.Assert.fail(Assert.java:97)
at org.testng.Assert.assertEqualsImpl(Assert.java:136)
at org.testng.Assert.assertEquals(Assert.java:118)
at com.tetherfi.test.ivr.BranchManagementWithoutMakerCheckerTest.AddDuplicateBranchManagementRecord(BranchManagementWithoutMakerCheckerTest.java:86)
at java.base/jdk.internal.reflect.NativeMethodAccessorImpl.invoke0(Native Method)
at java.base/jdk.internal.reflect.NativeMethodAccessorImpl.invoke(Unknown Source)
at java.base/jdk.internal.reflect.DelegatingMethodAccessorImpl.invoke(Unknown Source)
at java.base/java.lang.reflect.Method.invoke(Unknown Source)
at org.testng.internal.MethodInvocationHelper.invokeMethod(MethodInvocationHelper.java:133)
at org.testng.internal.TestInvoker.invokeMethod(TestInvoker.java:584)
at org.testng.internal.TestInvoker.invokeTestMethod(TestInvoker.java:172)
at org.testng.internal.MethodRunner.runInSequence(MethodRunner.java:46)
at org.testng.internal.TestInvoker$MethodInvocationAgent.invoke(TestInvoker.java:804)
at org.testng.internal.TestInvoker.invokeTestMethods(TestInvoker.java:145)
at org.testng.internal.TestMethodWorker.invokeTestMethods(TestMethodWorker.java:146)
at org.testng.internal.TestMethodWorker.run(TestMethodWorker.java:128)
at java.base/java.util.ArrayList.forEach(Unknown Source)
at org.testng.TestRunner.privateRun(TestRunner.java:770)
at org.testng.TestRunner.run(TestRunner.java:591)
at org.testng.SuiteRunner.runTest(SuiteRunner.java:402)
at org.testng.SuiteRunner.runSequentially(SuiteRunner.java:396)
at org.testng.SuiteRunner.privateRun(SuiteRunner.java:355)
at org.testng.SuiteRunner.run(SuiteRunner.java:304)
at org.testng.SuiteRunnerWorker.runSuite(SuiteRunnerWorker.java:53)
at org.testng.SuiteRunnerWorker.run(SuiteRunnerWorker.java:96)
at org.testng.TestNG.runSuitesSequentially(TestNG.java:1180)
at org.testng.TestNG.runSuitesLocally(TestNG.java:1102)
at org.testng.TestNG.runSuites(TestNG.java:1032)
at org.testng.TestNG.run(TestNG.java:1000)
at org.testng.remote.AbstractRemoteTestNG.run(AbstractRemoteTestNG.java:115)
at org.testng.remote.RemoteTestNG.initAndRun(RemoteTestNG.java:251)
at org.testng.remote.RemoteTestNG.main(RemoteTestNG.java:77)
]]>
    </failure>
  </testcase> <!-- AddDuplicateBranchManagementRecord -->
  <testcase classname="com.tetherfi.test.ivr.BranchManagementWithoutMakerCheckerTest" name="AddEmptyBranchManagementRecord" time="0.000">
    <skipped/>
  </testcase> <!-- AddEmptyBranchManagementRecord -->
  <testcase classname="com.tetherfi.test.ivr.BranchManagementWithoutMakerCheckerTest" name="AddBranchManagementRecordWithoutMainLines" time="0.000">
    <skipped/>
  </testcase> <!-- AddBranchManagementRecordWithoutMainLines -->
  <testcase classname="com.tetherfi.test.ivr.BranchManagementWithoutMakerCheckerTest" name="AddBranchManagementRecordWithoutSubLines" time="0.000">
    <skipped/>
  </testcase> <!-- AddBranchManagementRecordWithoutSubLines -->
  <testcase classname="com.tetherfi.test.ivr.BranchManagementWithoutMakerCheckerTest" name="AddBranchManagementRecordWithoutLocation" time="0.000">
    <skipped/>
  </testcase> <!-- AddBranchManagementRecordWithoutLocation -->
  <testcase classname="com.tetherfi.test.ivr.BranchManagementWithoutMakerCheckerTest" name="AddBranchManagementRecordWithoutBranchType" time="0.000">
    <skipped/>
  </testcase> <!-- AddBranchManagementRecordWithoutBranchType -->
  <testcase classname="com.tetherfi.test.ivr.BranchManagementWithoutMakerCheckerTest" name="AddBranchManagementRecordWithoutBranchName" time="0.000">
    <skipped/>
  </testcase> <!-- AddBranchManagementRecordWithoutBranchName -->
  <testcase classname="com.tetherfi.test.ivr.BranchManagementWithoutMakerCheckerTest" name="AddBranchManagementRecordWithoutAddressName" time="0.000">
    <skipped/>
  </testcase> <!-- AddBranchManagementRecordWithoutAddressName -->
  <testcase classname="com.tetherfi.test.ivr.BranchManagementWithoutMakerCheckerTest" name="AddEmptyBranchManagementRecordWithoutLineEstateOrder" time="0.000">
    <skipped/>
  </testcase> <!-- AddEmptyBranchManagementRecordWithoutLineEstateOrder -->
  <testcase classname="com.tetherfi.test.ivr.BranchManagementWithoutMakerCheckerTest" name="AddBranchManagementRecordWithoutStatus" time="0.000">
    <skipped/>
  </testcase> <!-- AddBranchManagementRecordWithoutStatus -->
  <testcase classname="com.tetherfi.test.ivr.BranchManagementWithoutMakerCheckerTest" name="AddBranchManagementRecordWithoutLanguage" time="0.000">
    <skipped/>
  </testcase> <!-- AddBranchManagementRecordWithoutLanguage -->
  <testcase classname="com.tetherfi.test.ivr.BranchManagementWithoutMakerCheckerTest" name="VerifyCancelButtonAtAddBranchManagementRecord" time="0.000">
    <skipped/>
  </testcase> <!-- VerifyCancelButtonAtAddBranchManagementRecord -->
  <testcase classname="com.tetherfi.test.ivr.BranchManagementWithoutMakerCheckerTest" name="EditBranchManagementRecord" time="0.000">
    <skipped/>
  </testcase> <!-- EditBranchManagementRecord -->
  <testcase classname="com.tetherfi.test.ivr.BranchManagementWithoutMakerCheckerTest" name="VerifyAuditTrialReportForUpdate" time="0.000">
    <skipped/>
  </testcase> <!-- VerifyAuditTrialReportForUpdate -->
  <testcase classname="com.tetherfi.test.ivr.BranchManagementWithoutMakerCheckerTest" name="EditWithoutModifyReasonBranchManagementRecord" time="0.000">
    <skipped/>
  </testcase> <!-- EditWithoutModifyReasonBranchManagementRecord -->
  <testcase classname="com.tetherfi.test.ivr.BranchManagementWithoutMakerCheckerTest" name="VerifyCancelButtonAtEditBranchManagementRecord" time="0.000">
    <skipped/>
  </testcase> <!-- VerifyCancelButtonAtEditBranchManagementRecord -->
  <testcase classname="com.tetherfi.test.ivr.BranchManagementWithoutMakerCheckerTest" name="ExportToExcel" time="0.000">
    <skipped/>
  </testcase> <!-- ExportToExcel -->
  <testcase classname="com.tetherfi.test.ivr.BranchManagementWithoutMakerCheckerTest" name="ExportToExcelData" time="0.000">
    <skipped/>
  </testcase> <!-- ExportToExcelData -->
  <testcase classname="com.tetherfi.test.ivr.BranchManagementWithoutMakerCheckerTest" name="SortingByAscending" time="0.000">
    <skipped/>
  </testcase> <!-- SortingByAscending -->
  <testcase classname="com.tetherfi.test.ivr.BranchManagementWithoutMakerCheckerTest" name="SortingByDescending" time="0.000">
    <skipped/>
  </testcase> <!-- SortingByDescending -->
  <testcase classname="com.tetherfi.test.ivr.BranchManagementWithoutMakerCheckerTest" name="GroupBy" time="0.000">
    <skipped/>
  </testcase> <!-- GroupBy -->
  <testcase classname="com.tetherfi.test.ivr.BranchManagementWithoutMakerCheckerTest" name="VerifyArrowMoveForPreviousAndNextPage" time="0.000">
    <skipped/>
  </testcase> <!-- VerifyArrowMoveForPreviousAndNextPage -->
  <testcase classname="com.tetherfi.test.ivr.BranchManagementWithoutMakerCheckerTest" name="VerifyArrowMoveForFirstAndLastPage" time="0.000">
    <skipped/>
  </testcase> <!-- VerifyArrowMoveForFirstAndLastPage -->
  <testcase classname="com.tetherfi.test.ivr.BranchManagementWithoutMakerCheckerTest" name="VerifyTotalNumberOfItemsPerPageDetails" time="0.000">
    <skipped/>
  </testcase> <!-- VerifyTotalNumberOfItemsPerPageDetails -->
  <testcase classname="com.tetherfi.test.ivr.BranchManagementWithoutMakerCheckerTest" name="VerifyNumberOfItemsPerPageSelection" time="0.000">
    <skipped/>
  </testcase> <!-- VerifyNumberOfItemsPerPageSelection -->
  <testcase classname="com.tetherfi.test.ivr.BranchManagementWithoutMakerCheckerTest" name="VerifyDropdownForAllTheColumns" time="0.000">
    <skipped/>
  </testcase> <!-- VerifyDropdownForAllTheColumns -->
  <testcase classname="com.tetherfi.test.ivr.BranchManagementWithoutMakerCheckerTest" name="VerifyColumnsHeaderEnable" time="0.000">
    <skipped/>
  </testcase> <!-- VerifyColumnsHeaderEnable -->
  <testcase classname="com.tetherfi.test.ivr.BranchManagementWithoutMakerCheckerTest" name="VerifyColumnsHeaderDisable" time="0.000">
    <skipped/>
  </testcase> <!-- VerifyColumnsHeaderDisable -->
  <testcase classname="com.tetherfi.test.ivr.BranchManagementWithoutMakerCheckerTest" name="database" time="0.000">
    <skipped/>
  </testcase> <!-- database -->
  <testcase classname="com.tetherfi.test.ivr.BranchManagementWithoutMakerCheckerTest" name="DeleteWithoutDeleteReasonInBranchManagementRecord" time="0.000">
    <skipped/>
  </testcase> <!-- DeleteWithoutDeleteReasonInBranchManagementRecord -->
  <testcase classname="com.tetherfi.test.ivr.BranchManagementWithoutMakerCheckerTest" name="VerifyCancelButtonInDeleteBranchManagementRecord" time="0.000">
    <skipped/>
  </testcase> <!-- VerifyCancelButtonInDeleteBranchManagementRecord -->
  <testcase classname="com.tetherfi.test.ivr.BranchManagementWithoutMakerCheckerTest" name="DeleteBranchManagementRecord" time="0.000">
    <skipped/>
  </testcase> <!-- DeleteBranchManagementRecord -->
  <testcase classname="com.tetherfi.test.ivr.BranchManagementWithoutMakerCheckerTest" name="VerifyAuditTrialReportForDelete" time="0.000">
    <skipped/>
  </testcase> <!-- VerifyAuditTrialReportForDelete -->
  <testcase classname="com.tetherfi.test.ivr.BranchManagementWithoutMakerCheckerTest" name="searchPage" time="0.000">
    <skipped/>
  </testcase> <!-- searchPage -->
  <testcase classname="com.tetherfi.test.ivr.BranchManagementWithoutMakerCheckerTest" name="searchwithoutSearchTextbox" time="0.000">
    <skipped/>
  </testcase> <!-- searchwithoutSearchTextbox -->
  <testcase classname="com.tetherfi.test.ivr.BranchManagementWithoutMakerCheckerTest" name="SearchClearSearch" time="0.000">
    <skipped/>
  </testcase> <!-- SearchClearSearch -->
  <testcase classname="com.tetherfi.test.ivr.BranchManagementWithoutMakerCheckerTest" name="ExporttoExcelWithoutData" time="0.000">
    <skipped/>
  </testcase> <!-- ExporttoExcelWithoutData -->
</testsuite> <!-- com.tetherfi.test.ivr.BranchManagementWithoutMakerCheckerTest -->
