<?xml version="1.0" encoding="UTF-8"?>
<!-- Generated by org.testng.reporters.JUnitReportReporter -->
<testsuite hostname="admin" failures="0" tests="19" name="com.tetherfi.test.tmac.WorkCodeListTest" time="13.729" errors="1" timestamp="30 Jan 2019 07:15:11 GMT" skipped="17">
  <testcase classname="com.tetherfi.test.tmac.WorkCodeListTest" name="NavigateToWorkCodeListPage" time="8.501">
    <error type="java.lang.NullPointerException">
      <![CDATA[java.lang.NullPointerException
	at com.tetherfi.pages.WorkCodeListPage.isWorkCodeListPageDisplayed(WorkCodeListPage.java:238)
	at com.tetherfi.test.tmac.WorkCodeListTest.NavigateToWorkCodeListPage(WorkCodeListTest.java:64)
	at java.base/jdk.internal.reflect.NativeMethodAccessorImpl.invoke0(Native Method)
	at java.base/jdk.internal.reflect.NativeMethodAccessorImpl.invoke(Unknown Source)
	at java.base/jdk.internal.reflect.DelegatingMethodAccessorImpl.invoke(Unknown Source)
	at java.base/java.lang.reflect.Method.invoke(Unknown Source)
	at org.testng.internal.MethodInvocationHelper.invokeMethod(MethodInvocationHelper.java:108)
	at org.testng.internal.Invoker.invokeConfigurationMethod(Invoker.java:523)
	at org.testng.internal.Invoker.invokeConfigurations(Invoker.java:224)
	at org.testng.internal.Invoker.invokeMethod(Invoker.java:599)
	at org.testng.internal.Invoker.invokeTestMethod(Invoker.java:869)
	at org.testng.internal.Invoker.invokeTestMethods(Invoker.java:1193)
	at org.testng.internal.TestMethodWorker.invokeTestMethods(TestMethodWorker.java:126)
	at org.testng.internal.TestMethodWorker.run(TestMethodWorker.java:109)
	at org.testng.TestRunner.privateRun(TestRunner.java:744)
	at org.testng.TestRunner.run(TestRunner.java:602)
	at org.testng.SuiteRunner.runTest(SuiteRunner.java:380)
	at org.testng.SuiteRunner.runSequentially(SuiteRunner.java:375)
	at org.testng.SuiteRunner.privateRun(SuiteRunner.java:340)
	at org.testng.SuiteRunner.run(SuiteRunner.java:289)
	at org.testng.SuiteRunnerWorker.runSuite(SuiteRunnerWorker.java:52)
	at org.testng.SuiteRunnerWorker.run(SuiteRunnerWorker.java:86)
	at org.testng.TestNG.runSuitesSequentially(TestNG.java:1301)
	at org.testng.TestNG.runSuitesLocally(TestNG.java:1226)
	at org.testng.TestNG.runSuites(TestNG.java:1144)
	at org.testng.TestNG.run(TestNG.java:1115)
	at org.testng.remote.AbstractRemoteTestNG.run(AbstractRemoteTestNG.java:114)
	at org.testng.remote.RemoteTestNG.initAndRun(RemoteTestNG.java:251)
	at org.testng.remote.RemoteTestNG.main(RemoteTestNG.java:77)
]]>
    </error>
  </testcase> <!-- NavigateToWorkCodeListPage -->
  <testcase classname="com.tetherfi.test.tmac.WorkCodeListTest" name="VerifyColumnsHeaderEnable" time="5.228"/>
  <testcase classname="com.tetherfi.test.tmac.WorkCodeListTest" name="addNewWorkcodeListRecord" time="0.000">
    <skipped/>
  </testcase> <!-- addNewWorkcodeListRecord -->
  <testcase classname="com.tetherfi.test.tmac.WorkCodeListTest" name="addInvalidRecord" time="0.000">
    <skipped/>
  </testcase> <!-- addInvalidRecord -->
  <testcase classname="com.tetherfi.test.tmac.WorkCodeListTest" name="editWorkCodeListRecord" time="0.000">
    <skipped/>
  </testcase> <!-- editWorkCodeListRecord -->
  <testcase classname="com.tetherfi.test.tmac.WorkCodeListTest" name="searchPage" time="0.000">
    <skipped/>
  </testcase> <!-- searchPage -->
  <testcase classname="com.tetherfi.test.tmac.WorkCodeListTest" name="SearchClearSearch" time="0.000">
    <skipped/>
  </testcase> <!-- SearchClearSearch -->
  <testcase classname="com.tetherfi.test.tmac.WorkCodeListTest" name="InvalidSearch" time="0.000">
    <skipped/>
  </testcase> <!-- InvalidSearch -->
  <testcase classname="com.tetherfi.test.tmac.WorkCodeListTest" name="DeleteWorkCodeListRecord" time="0.000">
    <skipped/>
  </testcase> <!-- DeleteWorkCodeListRecord -->
  <testcase classname="com.tetherfi.test.tmac.WorkCodeListTest" name="ExportToExcel" time="0.000">
    <skipped/>
  </testcase> <!-- ExportToExcel -->
  <testcase classname="com.tetherfi.test.tmac.WorkCodeListTest" name="ExportToExcelData" time="0.000">
    <skipped/>
  </testcase> <!-- ExportToExcelData -->
  <testcase classname="com.tetherfi.test.tmac.WorkCodeListTest" name="database" time="0.000">
    <skipped/>
  </testcase> <!-- database -->
  <testcase classname="com.tetherfi.test.tmac.WorkCodeListTest" name="GroupBy" time="0.000">
    <skipped/>
  </testcase> <!-- GroupBy -->
  <testcase classname="com.tetherfi.test.tmac.WorkCodeListTest" name="VerifyArrowMoveForPreviousAndNextPage" time="0.000">
    <skipped/>
  </testcase> <!-- VerifyArrowMoveForPreviousAndNextPage -->
  <testcase classname="com.tetherfi.test.tmac.WorkCodeListTest" name="VerifyArrowMoveForFirstAndLastPage" time="0.000">
    <skipped/>
  </testcase> <!-- VerifyArrowMoveForFirstAndLastPage -->
  <testcase classname="com.tetherfi.test.tmac.WorkCodeListTest" name="VerifyTotalNumberOfItemsPerPageDetails" time="0.000">
    <skipped/>
  </testcase> <!-- VerifyTotalNumberOfItemsPerPageDetails -->
  <testcase classname="com.tetherfi.test.tmac.WorkCodeListTest" name="VerifyNumberOfItemsPerPageSelection" time="0.000">
    <skipped/>
  </testcase> <!-- VerifyNumberOfItemsPerPageSelection -->
  <testcase classname="com.tetherfi.test.tmac.WorkCodeListTest" name="VerifyDropdownForAllTheColumns" time="0.000">
    <skipped/>
  </testcase> <!-- VerifyDropdownForAllTheColumns -->
  <testcase classname="com.tetherfi.test.tmac.WorkCodeListTest" name="VerifyColumnsHeaderDisable" time="0.000">
    <skipped/>
  </testcase> <!-- VerifyColumnsHeaderDisable -->
</testsuite> <!-- com.tetherfi.test.tmac.WorkCodeListTest -->
