<?xml version="1.0" encoding="UTF-8"?>
<!-- Generated by org.testng.reporters.JUnitReportReporter -->
<testsuite hostname="DESKTOP-O6A5C2O" failures="2" tests="16" name="com.tetherfi.test.sms.SmsResponseTemplateUpdateTest" time="697.845" errors="0" timestamp="2020-04-12T11:55:12 IST" skipped="2">
  <testcase classname="com.tetherfi.test.sms.SmsResponseTemplateUpdateTest" name="EditCancelSmsResponseTemplateRecord" time="45.578"/>
  <testcase classname="com.tetherfi.test.sms.SmsResponseTemplateUpdateTest" name="EditRevertSmsResponseTemplateRecord" time="45.666"/>
  <testcase classname="com.tetherfi.test.sms.SmsResponseTemplateUpdateTest" name="VerifyRevertForEditRecord" time="47.691"/>
  <testcase classname="com.tetherfi.test.sms.SmsResponseTemplateUpdateTest" name="VerifyAuditTrialReportForRevertUpdate" time="61.426"/>
  <testcase classname="com.tetherfi.test.sms.SmsResponseTemplateUpdateTest" name="EditRejectRecord" time="46.699"/>
  <testcase classname="com.tetherfi.test.sms.SmsResponseTemplateUpdateTest" name="VerifySendForApprovalForEditRejectRecord" time="47.362"/>
  <testcase classname="com.tetherfi.test.sms.SmsResponseTemplateUpdateTest" name="RejectforEditSmsResponseTemplateRecord" time="48.010">
    <failure message="did not expect to find [true] but found [false]" type="java.lang.AssertionError">
      <![CDATA[java.lang.AssertionError: did not expect to find [true] but found [false]
at org.testng.Assert.fail(Assert.java:97)
at org.testng.Assert.failNotEquals(Assert.java:969)
at org.testng.Assert.assertTrue(Assert.java:43)
at org.testng.Assert.assertTrue(Assert.java:53)
at com.tetherfi.test.sms.SmsResponseTemplateUpdateTest.RejectforEditSmsResponseTemplateRecord(SmsResponseTemplateUpdateTest.java:135)
at java.base/jdk.internal.reflect.NativeMethodAccessorImpl.invoke0(Native Method)
at java.base/jdk.internal.reflect.NativeMethodAccessorImpl.invoke(Unknown Source)
at java.base/jdk.internal.reflect.DelegatingMethodAccessorImpl.invoke(Unknown Source)
at java.base/java.lang.reflect.Method.invoke(Unknown Source)
at org.testng.internal.MethodInvocationHelper.invokeMethod(MethodInvocationHelper.java:133)
at org.testng.internal.TestInvoker.invokeMethod(TestInvoker.java:584)
at org.testng.internal.TestInvoker.invokeTestMethod(TestInvoker.java:172)
at org.testng.internal.MethodRunner.runInSequence(MethodRunner.java:46)
at org.testng.internal.TestInvoker$MethodInvocationAgent.invoke(TestInvoker.java:804)
at org.testng.internal.TestInvoker.invokeTestMethods(TestInvoker.java:145)
at org.testng.internal.TestMethodWorker.invokeTestMethods(TestMethodWorker.java:146)
at org.testng.internal.TestMethodWorker.run(TestMethodWorker.java:128)
at java.base/java.util.ArrayList.forEach(Unknown Source)
at org.testng.TestRunner.privateRun(TestRunner.java:770)
at org.testng.TestRunner.run(TestRunner.java:591)
at org.testng.SuiteRunner.runTest(SuiteRunner.java:402)
at org.testng.SuiteRunner.runSequentially(SuiteRunner.java:396)
at org.testng.SuiteRunner.privateRun(SuiteRunner.java:355)
at org.testng.SuiteRunner.run(SuiteRunner.java:304)
at org.testng.SuiteRunnerWorker.runSuite(SuiteRunnerWorker.java:53)
at org.testng.SuiteRunnerWorker.run(SuiteRunnerWorker.java:96)
at org.testng.TestNG.runSuitesSequentially(TestNG.java:1180)
at org.testng.TestNG.runSuitesLocally(TestNG.java:1102)
at org.testng.TestNG.runSuites(TestNG.java:1032)
at org.testng.TestNG.run(TestNG.java:1000)
at org.testng.remote.AbstractRemoteTestNG.run(AbstractRemoteTestNG.java:115)
at org.testng.remote.RemoteTestNG.initAndRun(RemoteTestNG.java:251)
at org.testng.remote.RemoteTestNG.main(RemoteTestNG.java:77)
]]>
    </failure>
  </testcase> <!-- RejectforEditSmsResponseTemplateRecord -->
  <testcase classname="com.tetherfi.test.sms.SmsResponseTemplateUpdateTest" name="VerifyAuditTrailReportForReject" time="37.802">
    <skipped/>
  </testcase> <!-- VerifyAuditTrailReportForReject -->
  <testcase classname="com.tetherfi.test.sms.SmsResponseTemplateUpdateTest" name="EditSmsResponseTemplateRecord" time="50.694"/>
  <testcase classname="com.tetherfi.test.sms.SmsResponseTemplateUpdateTest" name="VerifyAuditTrailDataForEditSmsResponseTemplateRecord" time="43.569"/>
  <testcase classname="com.tetherfi.test.sms.SmsResponseTemplateUpdateTest" name="VerifyAuditTrialReportForUpdate" time="61.249"/>
  <testcase classname="com.tetherfi.test.sms.SmsResponseTemplateUpdateTest" name="VerifySendForApprovalForRejectRecord" time="46.228"/>
  <testcase classname="com.tetherfi.test.sms.SmsResponseTemplateUpdateTest" name="VerifyAuditTrialReportForSendForApprovalUpdate" time="60.790"/>
  <testcase classname="com.tetherfi.test.sms.SmsResponseTemplateUpdateTest" name="ApproveforEditSmsResponseTemplateRecord" time="44.918">
    <failure message="did not expect to find [true] but found [false]" type="java.lang.AssertionError">
      <![CDATA[java.lang.AssertionError: did not expect to find [true] but found [false]
at org.testng.Assert.fail(Assert.java:97)
at org.testng.Assert.failNotEquals(Assert.java:969)
at org.testng.Assert.assertTrue(Assert.java:43)
at org.testng.Assert.assertTrue(Assert.java:53)
at com.tetherfi.test.sms.SmsResponseTemplateUpdateTest.ApproveforEditSmsResponseTemplateRecord(SmsResponseTemplateUpdateTest.java:217)
at java.base/jdk.internal.reflect.NativeMethodAccessorImpl.invoke0(Native Method)
at java.base/jdk.internal.reflect.NativeMethodAccessorImpl.invoke(Unknown Source)
at java.base/jdk.internal.reflect.DelegatingMethodAccessorImpl.invoke(Unknown Source)
at java.base/java.lang.reflect.Method.invoke(Unknown Source)
at org.testng.internal.MethodInvocationHelper.invokeMethod(MethodInvocationHelper.java:133)
at org.testng.internal.TestInvoker.invokeMethod(TestInvoker.java:584)
at org.testng.internal.TestInvoker.invokeTestMethod(TestInvoker.java:172)
at org.testng.internal.MethodRunner.runInSequence(MethodRunner.java:46)
at org.testng.internal.TestInvoker$MethodInvocationAgent.invoke(TestInvoker.java:804)
at org.testng.internal.TestInvoker.invokeTestMethods(TestInvoker.java:145)
at org.testng.internal.TestMethodWorker.invokeTestMethods(TestMethodWorker.java:146)
at org.testng.internal.TestMethodWorker.run(TestMethodWorker.java:128)
at java.base/java.util.ArrayList.forEach(Unknown Source)
at org.testng.TestRunner.privateRun(TestRunner.java:770)
at org.testng.TestRunner.run(TestRunner.java:591)
at org.testng.SuiteRunner.runTest(SuiteRunner.java:402)
at org.testng.SuiteRunner.runSequentially(SuiteRunner.java:396)
at org.testng.SuiteRunner.privateRun(SuiteRunner.java:355)
at org.testng.SuiteRunner.run(SuiteRunner.java:304)
at org.testng.SuiteRunnerWorker.runSuite(SuiteRunnerWorker.java:53)
at org.testng.SuiteRunnerWorker.run(SuiteRunnerWorker.java:96)
at org.testng.TestNG.runSuitesSequentially(TestNG.java:1180)
at org.testng.TestNG.runSuitesLocally(TestNG.java:1102)
at org.testng.TestNG.runSuites(TestNG.java:1032)
at org.testng.TestNG.run(TestNG.java:1000)
at org.testng.remote.AbstractRemoteTestNG.run(AbstractRemoteTestNG.java:115)
at org.testng.remote.RemoteTestNG.initAndRun(RemoteTestNG.java:251)
at org.testng.remote.RemoteTestNG.main(RemoteTestNG.java:77)
]]>
    </failure>
  </testcase> <!-- ApproveforEditSmsResponseTemplateRecord -->
  <testcase classname="com.tetherfi.test.sms.SmsResponseTemplateUpdateTest" name="VerifyAuditTrailReportForApprove" time="0.000">
    <skipped/>
  </testcase> <!-- VerifyAuditTrailReportForApprove -->
  <testcase classname="com.tetherfi.test.sms.SmsResponseTemplateUpdateTest" name="EditRecordWithoutModifyReason" time="10.163"/>
</testsuite> <!-- com.tetherfi.test.sms.SmsResponseTemplateUpdateTest -->
