<?xml version="1.0" encoding="UTF-8"?>
<!-- Generated by org.testng.reporters.JUnitReportReporter -->
<testsuite hostname="DESKTOP-O6A5C2O" failures="1" tests="22" name="com.tetherfi.test.ivr.HostValueMappingUITest" time="345.115" errors="0" timestamp="2020-03-11T12:42:18 IST" skipped="0">
  <testcase classname="com.tetherfi.test.ivr.HostValueMappingUITest" name="HostValueMappingPage" time="6.894"/>
  <testcase classname="com.tetherfi.test.ivr.HostValueMappingUITest" name="VerifyHostValueMappingApprovedDataPage" time="8.296"/>
  <testcase classname="com.tetherfi.test.ivr.HostValueMappingUITest" name="VerifyHostValueMappingAuditTrailDataPage" time="16.051"/>
  <testcase classname="com.tetherfi.test.ivr.HostValueMappingUITest" name="VerifyMakeHostValueMappingChangeButton" time="14.911"/>
  <testcase classname="com.tetherfi.test.ivr.HostValueMappingUITest" name="VerifyDropdownForAllTheColumns" time="25.282"/>
  <testcase classname="com.tetherfi.test.ivr.HostValueMappingUITest" name="VerifyColumnsHeaderEnable" time="20.825"/>
  <testcase classname="com.tetherfi.test.ivr.HostValueMappingUITest" name="VerifyColumnsHeaderDisable" time="20.526"/>
  <testcase classname="com.tetherfi.test.ivr.HostValueMappingUITest" name="VerifyArrowMoveForPreviousAndNextPage" time="15.745"/>
  <testcase classname="com.tetherfi.test.ivr.HostValueMappingUITest" name="VerifyArrowMoveForFirstAndLastPage" time="14.974"/>
  <testcase classname="com.tetherfi.test.ivr.HostValueMappingUITest" name="VerifyTotalNumberOfItemsPerPageDetails" time="15.510"/>
  <testcase classname="com.tetherfi.test.ivr.HostValueMappingUITest" name="VerifyNumberOfItemsPerPageSelection" time="17.067">
    <failure message="item per page assertion failed did not expect to find [true] but found [false]" type="java.lang.AssertionError">
      <![CDATA[java.lang.AssertionError: item per page assertion failed did not expect to find [true] but found [false]
at org.testng.Assert.fail(Assert.java:97)
at org.testng.Assert.failNotEquals(Assert.java:969)
at org.testng.Assert.assertTrue(Assert.java:43)
at com.tetherfi.test.ivr.HostValueMappingUITest.VerifyNumberOfItemsPerPageSelection(HostValueMappingUITest.java:124)
at java.base/jdk.internal.reflect.NativeMethodAccessorImpl.invoke0(Native Method)
at java.base/jdk.internal.reflect.NativeMethodAccessorImpl.invoke(Unknown Source)
at java.base/jdk.internal.reflect.DelegatingMethodAccessorImpl.invoke(Unknown Source)
at java.base/java.lang.reflect.Method.invoke(Unknown Source)
at org.testng.internal.MethodInvocationHelper.invokeMethod(MethodInvocationHelper.java:133)
at org.testng.internal.TestInvoker.invokeMethod(TestInvoker.java:584)
at org.testng.internal.TestInvoker.invokeTestMethod(TestInvoker.java:172)
at org.testng.internal.MethodRunner.runInSequence(MethodRunner.java:46)
at org.testng.internal.TestInvoker$MethodInvocationAgent.invoke(TestInvoker.java:804)
at org.testng.internal.TestInvoker.invokeTestMethods(TestInvoker.java:145)
at org.testng.internal.TestMethodWorker.invokeTestMethods(TestMethodWorker.java:146)
at org.testng.internal.TestMethodWorker.run(TestMethodWorker.java:128)
at java.base/java.util.ArrayList.forEach(Unknown Source)
at org.testng.TestRunner.privateRun(TestRunner.java:770)
at org.testng.TestRunner.run(TestRunner.java:591)
at org.testng.SuiteRunner.runTest(SuiteRunner.java:402)
at org.testng.SuiteRunner.runSequentially(SuiteRunner.java:396)
at org.testng.SuiteRunner.privateRun(SuiteRunner.java:355)
at org.testng.SuiteRunner.run(SuiteRunner.java:304)
at org.testng.SuiteRunnerWorker.runSuite(SuiteRunnerWorker.java:53)
at org.testng.SuiteRunnerWorker.run(SuiteRunnerWorker.java:96)
at org.testng.TestNG.runSuitesSequentially(TestNG.java:1180)
at org.testng.TestNG.runSuitesLocally(TestNG.java:1102)
at org.testng.TestNG.runSuites(TestNG.java:1032)
at org.testng.TestNG.run(TestNG.java:1000)
at org.testng.remote.AbstractRemoteTestNG.run(AbstractRemoteTestNG.java:115)
at org.testng.remote.RemoteTestNG.initAndRun(RemoteTestNG.java:251)
at org.testng.remote.RemoteTestNG.main(RemoteTestNG.java:77)
]]>
    </failure>
  </testcase> <!-- VerifyNumberOfItemsPerPageSelection -->
  <testcase classname="com.tetherfi.test.ivr.HostValueMappingUITest" name="ExportToExcel" time="18.466"/>
  <testcase classname="com.tetherfi.test.ivr.HostValueMappingUITest" name="ExportToExcelData" time="17.787"/>
  <testcase classname="com.tetherfi.test.ivr.HostValueMappingUITest" name="VerifyExportToExcelWithoutData" time="19.698"/>
  <testcase classname="com.tetherfi.test.ivr.HostValueMappingUITest" name="SortingByAscending" time="18.599"/>
  <testcase classname="com.tetherfi.test.ivr.HostValueMappingUITest" name="SortingByDescending" time="20.263"/>
  <testcase classname="com.tetherfi.test.ivr.HostValueMappingUITest" name="VerifyDragAndDrop" time="16.101"/>
  <testcase classname="com.tetherfi.test.ivr.HostValueMappingUITest" name="VerifyDragAndDropofAlreadyGroupedHeader" time="17.003"/>
  <testcase classname="com.tetherfi.test.ivr.HostValueMappingUITest" name="database" time="10.222"/>
  <testcase classname="com.tetherfi.test.ivr.HostValueMappingUITest" name="searchPage" time="9.934"/>
  <testcase classname="com.tetherfi.test.ivr.HostValueMappingUITest" name="searchwithoutSearchTextbox" time="10.002"/>
  <testcase classname="com.tetherfi.test.ivr.HostValueMappingUITest" name="SearchClearSearch" time="10.959"/>
</testsuite> <!-- com.tetherfi.test.ivr.HostValueMappingUITest -->
