<?xml version="1.0" encoding="UTF-8"?>
<!-- Generated by org.testng.reporters.JUnitReportReporter -->
<testsuite skipped="0" hostname="DESKTOP-R93I6MJ" name="com.tetherfi.test.reports.SkillProfileReportTest" tests="2" failures="0" timestamp="2020-04-28T11:07:53 IST" time="45.135" errors="0">
  <testcase name="ShowOCMAgentSkillProfileReport" time="23.274" classname="com.tetherfi.test.reports.SkillProfileReportTest"/>
  <testcase name="ShowOcmAgentSkillhistoricalReportInNewTab" time="21.861" classname="com.tetherfi.test.reports.SkillProfileReportTest"/>
</testsuite> <!-- com.tetherfi.test.reports.SkillProfileReportTest -->
