<?xml version="1.0" encoding="UTF-8"?>
<!-- Generated by org.testng.reporters.JUnitReportReporter -->
<testsuite skipped="0" hostname="TTF-BLR-SANTOSHKOUJALAGI" name="com.tetherfi.test.UserOnBoardingTeamLevelUserCreateTest" tests="3" failures="0" timestamp="2021-08-01T21:52:42 IST" time="252.326" errors="0">
  <testcase name="AddNewUserOnBoardingRecord" time="142.266" classname="com.tetherfi.test.UserOnBoardingTeamLevelUserCreateTest"/>
  <testcase name="VerifySendForApprovalForAddNewUserOnBoarding" time="45.497" classname="com.tetherfi.test.UserOnBoardingTeamLevelUserCreateTest"/>
  <testcase name="ApproveforAddNewUserOnBoardingRecord" time="64.563" classname="com.tetherfi.test.UserOnBoardingTeamLevelUserCreateTest"/>
</testsuite> <!-- com.tetherfi.test.UserOnBoardingTeamLevelUserCreateTest -->
