<?xml version="1.0" encoding="UTF-8"?>
<!-- Generated by org.testng.reporters.JUnitReportReporter -->
<testsuite hostname="admin" failures="0" tests="1" name="com.tetherfi.test.ivr.HostValueMappingUpdateTest" time="33.458" errors="0" timestamp="07 May 2019 08:14:06 GMT" skipped="0">
  <testcase classname="com.tetherfi.test.ivr.HostValueMappingUpdateTest" name="EditRecordWithoutModifyReason" time="33.458"/>
</testsuite> <!-- com.tetherfi.test.ivr.HostValueMappingUpdateTest -->
