<?xml version="1.0" encoding="UTF-8"?>
<!-- Generated by org.testng.reporters.JUnitReportReporter -->
<testsuite hostname="DESKTOP-O6A5C2O" failures="0" tests="28" name="com.tetherfi.test.ivr.BranchManagementCreateTest" time="1280.898" errors="0" timestamp="2019-11-15T13:54:22 IST" skipped="0">
  <testcase classname="com.tetherfi.test.ivr.BranchManagementCreateTest" name="VerifyAddCancelButton" time="33.047"/>
  <testcase classname="com.tetherfi.test.ivr.BranchManagementCreateTest" name="VerifyAddRecordwithoutMainLines" time="46.602"/>
  <testcase classname="com.tetherfi.test.ivr.BranchManagementCreateTest" name="VerifyAddRecordWithoutSubLines" time="49.879"/>
  <testcase classname="com.tetherfi.test.ivr.BranchManagementCreateTest" name="VerifyAddRecordWithoutLocation" time="48.051"/>
  <testcase classname="com.tetherfi.test.ivr.BranchManagementCreateTest" name="VerifyAddRecordWithoutBranchType" time="50.287"/>
  <testcase classname="com.tetherfi.test.ivr.BranchManagementCreateTest" name="VerifyAddRecordWithoutBranchName" time="46.856"/>
  <testcase classname="com.tetherfi.test.ivr.BranchManagementCreateTest" name="VerifyAddRecordWithoutAddress" time="47.718"/>
  <testcase classname="com.tetherfi.test.ivr.BranchManagementCreateTest" name="VerifyAddRecordWithoutLineOrder" time="47.832"/>
  <testcase classname="com.tetherfi.test.ivr.BranchManagementCreateTest" name="VerifyAddRecordWithoutStatus" time="49.819"/>
  <testcase classname="com.tetherfi.test.ivr.BranchManagementCreateTest" name="VerifyAddRecordWithoutLanguage" time="49.088"/>
  <testcase classname="com.tetherfi.test.ivr.BranchManagementCreateTest" name="AddRevertRecord" time="51.878"/>
  <testcase classname="com.tetherfi.test.ivr.BranchManagementCreateTest" name="VerifyRevertForAddNewRecord" time="39.649"/>
  <testcase classname="com.tetherfi.test.ivr.BranchManagementCreateTest" name="VerifyApprovedDataSectionWithoutApproval" time="35.555"/>
  <testcase classname="com.tetherfi.test.ivr.BranchManagementCreateTest" name="VerifyAuditTrailReportForRevert" time="46.072"/>
  <testcase classname="com.tetherfi.test.ivr.BranchManagementCreateTest" name="AddRejectRecord" time="49.111"/>
  <testcase classname="com.tetherfi.test.ivr.BranchManagementCreateTest" name="VerifySendForApprovalForAddNewRecord" time="40.826"/>
  <testcase classname="com.tetherfi.test.ivr.BranchManagementCreateTest" name="RejectforAddNewBranchManagementRecord" time="40.426"/>
  <testcase classname="com.tetherfi.test.ivr.BranchManagementCreateTest" name="VerifyAuditTrailReportForReject" time="50.136"/>
  <testcase classname="com.tetherfi.test.ivr.BranchManagementCreateTest" name="VerifyRecordAfterRejection" time="32.392"/>
  <testcase classname="com.tetherfi.test.ivr.BranchManagementCreateTest" name="AddNewBranchManagementRecord" time="54.704"/>
  <testcase classname="com.tetherfi.test.ivr.BranchManagementCreateTest" name="VerifyAuditTrailReportForCreate" time="50.460"/>
  <testcase classname="com.tetherfi.test.ivr.BranchManagementCreateTest" name="VerifyAuditTrailDataForAddNewBranchManagementRecord" time="34.742"/>
  <testcase classname="com.tetherfi.test.ivr.BranchManagementCreateTest" name="VerifySendForApprovalForAddNewBranchManagementRecord" time="41.472"/>
  <testcase classname="com.tetherfi.test.ivr.BranchManagementCreateTest" name="VerifyAuditTrailReportForSendForApproval" time="50.810"/>
  <testcase classname="com.tetherfi.test.ivr.BranchManagementCreateTest" name="ApproveforAddNewBranchManagementRecord" time="56.485"/>
  <testcase classname="com.tetherfi.test.ivr.BranchManagementCreateTest" name="VerifyAuditTrailReportForApprove" time="54.452"/>
  <testcase classname="com.tetherfi.test.ivr.BranchManagementCreateTest" name="VerifyRecordApprovedDataSectionafterApproval" time="33.876"/>
  <testcase classname="com.tetherfi.test.ivr.BranchManagementCreateTest" name="AddDuplicateRecord" time="48.673"/>
</testsuite> <!-- com.tetherfi.test.ivr.BranchManagementCreateTest -->
