<?xml version="1.0" encoding="UTF-8"?>
<!-- Generated by org.testng.reporters.JUnitReportReporter -->
<testsuite skipped="0" hostname="TTF-BLR-SANTOSHKOUJALAGI" name="com.tetherfi.test.ivr.IntentMappingTest" tests="41" failures="0" timestamp="2021-08-10T22:50:14 IST" time="515.199" errors="1">
  <testcase name="IntentMappingPage" time="3.842" classname="com.tetherfi.test.ivr.IntentMappingTest"/>
  <testcase name="VerifyDropdownForAllTheColumns" time="7.892" classname="com.tetherfi.test.ivr.IntentMappingTest"/>
  <testcase name="VerifyColumnsHeaderEnable" time="5.866" classname="com.tetherfi.test.ivr.IntentMappingTest"/>
  <testcase name="VerifyColumnsHeaderDisable" time="6.954" classname="com.tetherfi.test.ivr.IntentMappingTest"/>
  <testcase name="AddNewIntentMappingRecord" time="10.104" classname="com.tetherfi.test.ivr.IntentMappingTest"/>
  <testcase name="AddDuplicateIntentMappingRecord" time="10.195" classname="com.tetherfi.test.ivr.IntentMappingTest"/>
  <testcase name="AddEmptyRecord" time="3.512" classname="com.tetherfi.test.ivr.IntentMappingTest"/>
  <testcase name="AddRecordWithoutProduct" time="8.893" classname="com.tetherfi.test.ivr.IntentMappingTest"/>
  <testcase name="AddRecordWithoutSegment" time="9.106" classname="com.tetherfi.test.ivr.IntentMappingTest"/>
  <testcase name="AddRecordWithoutLanguage" time="9.380" classname="com.tetherfi.test.ivr.IntentMappingTest"/>
  <testcase name="AddRecordWithoutIntentTalent" time="8.695" classname="com.tetherfi.test.ivr.IntentMappingTest"/>
  <testcase name="AddRecordWithoutVDN" time="9.667" classname="com.tetherfi.test.ivr.IntentMappingTest"/>
  <testcase name="VerifyCancelBtnAtAddRecord" time="26.921" classname="com.tetherfi.test.ivr.IntentMappingTest"/>
  <testcase name="EditWithoutModifyReasonRecord" time="12.686" classname="com.tetherfi.test.ivr.IntentMappingTest"/>
  <testcase name="VerifyCancelBtnAtEditRecord" time="34.591" classname="com.tetherfi.test.ivr.IntentMappingTest"/>
  <testcase name="EditIntentMappingRecord" time="13.620" classname="com.tetherfi.test.ivr.IntentMappingTest"/>
  <testcase name="VerifySearchIsNotEqualTo" time="14.555" classname="com.tetherfi.test.ivr.IntentMappingTest"/>
  <testcase name="VerifySearchContains" time="11.226" classname="com.tetherfi.test.ivr.IntentMappingTest"/>
  <testcase name="VerifySearchDoesNotContains" time="12.025" classname="com.tetherfi.test.ivr.IntentMappingTest"/>
  <testcase name="VerifySearchStartsWith" time="11.513" classname="com.tetherfi.test.ivr.IntentMappingTest"/>
  <testcase name="VerifySearchEndsWith" time="10.451" classname="com.tetherfi.test.ivr.IntentMappingTest"/>
  <testcase name="searchPage" time="5.694" classname="com.tetherfi.test.ivr.IntentMappingTest"/>
  <testcase name="searchwithoutSearchTextbox" time="5.675" classname="com.tetherfi.test.ivr.IntentMappingTest"/>
  <testcase name="ExportToExcel" time="5.058" classname="com.tetherfi.test.ivr.IntentMappingTest"/>
  <testcase name="ExportToExcelData" time="4.751" classname="com.tetherfi.test.ivr.IntentMappingTest"/>
  <testcase name="DeleteWithoutDeleteReasonRecord" time="12.556" classname="com.tetherfi.test.ivr.IntentMappingTest"/>
  <testcase name="VerifyCancelBtnAtDeleteIntentMappingRecord" time="34.664" classname="com.tetherfi.test.ivr.IntentMappingTest"/>
  <testcase name="DeleteIntentMappingRecord" time="14.893" classname="com.tetherfi.test.ivr.IntentMappingTest"/>
  <testcase name="SearchClearSearch" time="12.278" classname="com.tetherfi.test.ivr.IntentMappingTest"/>
  <testcase name="ExporttoExcelWithoutData" time="12.197" classname="com.tetherfi.test.ivr.IntentMappingTest"/>
  <testcase name="SortingByAscending" time="10.459" classname="com.tetherfi.test.ivr.IntentMappingTest"/>
  <testcase name="SortingByDescending" time="9.646" classname="com.tetherfi.test.ivr.IntentMappingTest"/>
  <testcase name="GroupBy" time="4.418" classname="com.tetherfi.test.ivr.IntentMappingTest"/>
  <testcase name="VerifyArrowMoveForPreviousAndNextPage" time="8.564" classname="com.tetherfi.test.ivr.IntentMappingTest"/>
  <testcase name="VerifyArrowMoveForFirstAndLastPage" time="8.393" classname="com.tetherfi.test.ivr.IntentMappingTest"/>
  <testcase name="VerifyTotalNumberOfItemsPerPageDetails" time="2.079" classname="com.tetherfi.test.ivr.IntentMappingTest"/>
  <testcase name="VerifyNumberOfItemsPerPageSelection" time="11.940" classname="com.tetherfi.test.ivr.IntentMappingTest"/>
  <testcase name="database" time="11.679" classname="com.tetherfi.test.ivr.IntentMappingTest"/>
  <testcase name="VerifyAuditTrialReportForCreate" time="35.115" classname="com.tetherfi.test.ivr.IntentMappingTest"/>
  <testcase name="VerifyAuditTrialReportForUpdate" time="33.112" classname="com.tetherfi.test.ivr.IntentMappingTest"/>
  <testcase name="VerifyAuditTrialReportForDelete" time="30.334" classname="com.tetherfi.test.ivr.IntentMappingTest">
    <error type="org.openqa.selenium.ElementClickInterceptedException" message="element click intercepted: Element &lt;a class=&quot;k-link&quot; href=&quot;#&quot;&gt;...&lt;/a&gt; is not clickable at point (983, 204). Other element would receive the click: &lt;div class=&quot;modal-body&quot; id=&quot;searchSForm&quot;&gt;...&lt;/div&gt;
  (Session info: chrome=92.0.4515.131)
Build info: version: &#039;3.141.59&#039;, revision: &#039;e82be7d358&#039;, time: &#039;2018-11-14T08:17:03&#039;
System info: host: &#039;TTF-BLR-SANTOSH&#039;, ip: &#039;192.168.50.12&#039;, os.name: &#039;Windows 10&#039;, os.arch: &#039;amd64&#039;, os.version: &#039;10.0&#039;, java.version: &#039;1.8.0_181&#039;
Driver info: org.openqa.selenium.chrome.ChromeDriver
Capabilities {acceptInsecureCerts: false, browserName: chrome, browserVersion: 92.0.4515.131, chrome: {chromedriverVersion: 91.0.4472.19 (1bf021f248676..., userDataDir: C:\Users\admin\AppData\Loca...}, goog:chromeOptions: {debuggerAddress: localhost:65195}, javascriptEnabled: true, networkConnectionEnabled: false, pageLoadStrategy: normal, platform: WINDOWS, platformName: WINDOWS, proxy: Proxy(), setWindowRect: true, strictFileInteractability: false, timeouts: {implicit: 0, pageLoad: 300000, script: 30000}, unhandledPromptBehavior: dismiss and notify, webauthn:extension:largeBlob: true, webauthn:virtualAuthenticators: true}
Session ID: 7eafca004527ee255fd6046e77c6047c">
      <![CDATA[org.openqa.selenium.ElementClickInterceptedException: element click intercepted: Element <a class="k-link" href="#">...</a> is not clickable at point (983, 204). Other element would receive the click: <div class="modal-body" id="searchSForm">...</div>
  (Session info: chrome=92.0.4515.131)
Build info: version: '3.141.59', revision: 'e82be7d358', time: '2018-11-14T08:17:03'
System info: host: 'TTF-BLR-SANTOSH', ip: '192.168.50.12', os.name: 'Windows 10', os.arch: 'amd64', os.version: '10.0', java.version: '1.8.0_181'
Driver info: org.openqa.selenium.chrome.ChromeDriver
Capabilities {acceptInsecureCerts: false, browserName: chrome, browserVersion: 92.0.4515.131, chrome: {chromedriverVersion: 91.0.4472.19 (1bf021f248676..., userDataDir: C:\Users\admin\AppData\Loca...}, goog:chromeOptions: {debuggerAddress: localhost:65195}, javascriptEnabled: true, networkConnectionEnabled: false, pageLoadStrategy: normal, platform: WINDOWS, platformName: WINDOWS, proxy: Proxy(), setWindowRect: true, strictFileInteractability: false, timeouts: {implicit: 0, pageLoad: 300000, script: 30000}, unhandledPromptBehavior: dismiss and notify, webauthn:extension:largeBlob: true, webauthn:virtualAuthenticators: true}
Session ID: 7eafca004527ee255fd6046e77c6047c
at sun.reflect.NativeConstructorAccessorImpl.newInstance0(Native Method)
at sun.reflect.NativeConstructorAccessorImpl.newInstance(Unknown Source)
at sun.reflect.DelegatingConstructorAccessorImpl.newInstance(Unknown Source)
at java.lang.reflect.Constructor.newInstance(Unknown Source)
at org.openqa.selenium.remote.http.W3CHttpResponseCodec.createException(W3CHttpResponseCodec.java:187)
at org.openqa.selenium.remote.http.W3CHttpResponseCodec.decode(W3CHttpResponseCodec.java:122)
at org.openqa.selenium.remote.http.W3CHttpResponseCodec.decode(W3CHttpResponseCodec.java:49)
at org.openqa.selenium.remote.HttpCommandExecutor.execute(HttpCommandExecutor.java:158)
at org.openqa.selenium.remote.service.DriverCommandExecutor.execute(DriverCommandExecutor.java:83)
at org.openqa.selenium.remote.RemoteWebDriver.execute(RemoteWebDriver.java:552)
at org.openqa.selenium.remote.RemoteWebElement.execute(RemoteWebElement.java:285)
at org.openqa.selenium.remote.RemoteWebElement.click(RemoteWebElement.java:84)
at sun.reflect.GeneratedMethodAccessor5.invoke(Unknown Source)
at sun.reflect.DelegatingMethodAccessorImpl.invoke(Unknown Source)
at java.lang.reflect.Method.invoke(Unknown Source)
at org.openqa.selenium.support.pagefactory.internal.LocatingElementHandler.invoke(LocatingElementHandler.java:51)
at com.sun.proxy.$Proxy11.click(Unknown Source)
at com.tetherfi.pages.BasePage.selectWebElement(BasePage.java:200)
at com.tetherfi.pages.OCMReportsPage.booleansearchold(OCMReportsPage.java:1674)
at com.tetherfi.pages.OCMReportsPage.verifyIntentMappingdelete(OCMReportsPage.java:4571)
at com.tetherfi.test.ivr.IntentMappingTest.VerifyAuditTrialReportForDelete(IntentMappingTest.java:430)
at sun.reflect.NativeMethodAccessorImpl.invoke0(Native Method)
at sun.reflect.NativeMethodAccessorImpl.invoke(Unknown Source)
at sun.reflect.DelegatingMethodAccessorImpl.invoke(Unknown Source)
at java.lang.reflect.Method.invoke(Unknown Source)
at org.testng.internal.MethodInvocationHelper.invokeMethod(MethodInvocationHelper.java:133)
at org.testng.internal.TestInvoker.invokeMethod(TestInvoker.java:584)
at org.testng.internal.TestInvoker.invokeTestMethod(TestInvoker.java:172)
at org.testng.internal.MethodRunner.runInSequence(MethodRunner.java:46)
at org.testng.internal.TestInvoker$MethodInvocationAgent.invoke(TestInvoker.java:804)
at org.testng.internal.TestInvoker.invokeTestMethods(TestInvoker.java:145)
at org.testng.internal.TestMethodWorker.invokeTestMethods(TestMethodWorker.java:146)
at org.testng.internal.TestMethodWorker.run(TestMethodWorker.java:128)
at java.util.ArrayList.forEach(Unknown Source)
at org.testng.TestRunner.privateRun(TestRunner.java:770)
at org.testng.TestRunner.run(TestRunner.java:591)
at org.testng.SuiteRunner.runTest(SuiteRunner.java:402)
at org.testng.SuiteRunner.runSequentially(SuiteRunner.java:396)
at org.testng.SuiteRunner.privateRun(SuiteRunner.java:355)
at org.testng.SuiteRunner.run(SuiteRunner.java:304)
at org.testng.SuiteRunnerWorker.runSuite(SuiteRunnerWorker.java:53)
at org.testng.SuiteRunnerWorker.run(SuiteRunnerWorker.java:96)
at org.testng.TestNG.runSuitesSequentially(TestNG.java:1180)
at org.testng.TestNG.runSuitesLocally(TestNG.java:1102)
at org.testng.TestNG.runSuites(TestNG.java:1032)
at org.testng.TestNG.run(TestNG.java:1000)
at org.testng.remote.AbstractRemoteTestNG.run(AbstractRemoteTestNG.java:115)
at org.testng.remote.RemoteTestNG.initAndRun(RemoteTestNG.java:251)
at org.testng.remote.RemoteTestNG.main(RemoteTestNG.java:77)
]]>
    </error>
  </testcase> <!-- VerifyAuditTrialReportForDelete -->
</testsuite> <!-- com.tetherfi.test.ivr.IntentMappingTest -->
