<?xml version="1.0" encoding="UTF-8"?>
<!-- Generated by org.testng.reporters.JUnitReportReporter -->
<testsuite hostname="DESKTOP-O6A5C2O" failures="1" tests="16" name="com.tetherfi.test.ivr.IntroMessageAnnouncementUpdateTest" time="816.925" errors="0" timestamp="2020-03-11T16:28:44 IST" skipped="0">
  <testcase classname="com.tetherfi.test.ivr.IntroMessageAnnouncementUpdateTest" name="EditCancelIntroMessageAnnouncementRecord" time="46.191">
    <failure message="Edit Cancel assertion Failed did not expect to find [true] but found [false]" type="java.lang.AssertionError">
      <![CDATA[java.lang.AssertionError: Edit Cancel assertion Failed did not expect to find [true] but found [false]
at org.testng.Assert.fail(Assert.java:97)
at org.testng.Assert.failNotEquals(Assert.java:969)
at org.testng.Assert.assertTrue(Assert.java:43)
at com.tetherfi.test.ivr.IntroMessageAnnouncementUpdateTest.EditCancelIntroMessageAnnouncementRecord(IntroMessageAnnouncementUpdateTest.java:75)
at java.base/jdk.internal.reflect.NativeMethodAccessorImpl.invoke0(Native Method)
at java.base/jdk.internal.reflect.NativeMethodAccessorImpl.invoke(Unknown Source)
at java.base/jdk.internal.reflect.DelegatingMethodAccessorImpl.invoke(Unknown Source)
at java.base/java.lang.reflect.Method.invoke(Unknown Source)
at org.testng.internal.MethodInvocationHelper.invokeMethod(MethodInvocationHelper.java:133)
at org.testng.internal.TestInvoker.invokeMethod(TestInvoker.java:584)
at org.testng.internal.TestInvoker.invokeTestMethod(TestInvoker.java:172)
at org.testng.internal.MethodRunner.runInSequence(MethodRunner.java:46)
at org.testng.internal.TestInvoker$MethodInvocationAgent.invoke(TestInvoker.java:804)
at org.testng.internal.TestInvoker.invokeTestMethods(TestInvoker.java:145)
at org.testng.internal.TestMethodWorker.invokeTestMethods(TestMethodWorker.java:146)
at org.testng.internal.TestMethodWorker.run(TestMethodWorker.java:128)
at java.base/java.util.ArrayList.forEach(Unknown Source)
at org.testng.TestRunner.privateRun(TestRunner.java:770)
at org.testng.TestRunner.run(TestRunner.java:591)
at org.testng.SuiteRunner.runTest(SuiteRunner.java:402)
at org.testng.SuiteRunner.runSequentially(SuiteRunner.java:396)
at org.testng.SuiteRunner.privateRun(SuiteRunner.java:355)
at org.testng.SuiteRunner.run(SuiteRunner.java:304)
at org.testng.SuiteRunnerWorker.runSuite(SuiteRunnerWorker.java:53)
at org.testng.SuiteRunnerWorker.run(SuiteRunnerWorker.java:96)
at org.testng.TestNG.runSuitesSequentially(TestNG.java:1180)
at org.testng.TestNG.runSuitesLocally(TestNG.java:1102)
at org.testng.TestNG.runSuites(TestNG.java:1032)
at org.testng.TestNG.run(TestNG.java:1000)
at org.testng.remote.AbstractRemoteTestNG.run(AbstractRemoteTestNG.java:115)
at org.testng.remote.RemoteTestNG.initAndRun(RemoteTestNG.java:251)
at org.testng.remote.RemoteTestNG.main(RemoteTestNG.java:77)
]]>
    </failure>
  </testcase> <!-- EditCancelIntroMessageAnnouncementRecord -->
  <testcase classname="com.tetherfi.test.ivr.IntroMessageAnnouncementUpdateTest" name="EditRecordWithoutModifyReason" time="46.362"/>
  <testcase classname="com.tetherfi.test.ivr.IntroMessageAnnouncementUpdateTest" name="EditRevertIntroMessageAnnouncementRecord" time="50.281"/>
  <testcase classname="com.tetherfi.test.ivr.IntroMessageAnnouncementUpdateTest" name="VerifyRevertForEditRecord" time="43.352"/>
  <testcase classname="com.tetherfi.test.ivr.IntroMessageAnnouncementUpdateTest" name="VerifyAuditTrialReportForRevertUpdate" time="59.859"/>
  <testcase classname="com.tetherfi.test.ivr.IntroMessageAnnouncementUpdateTest" name="EditRejectRecord" time="55.323"/>
  <testcase classname="com.tetherfi.test.ivr.IntroMessageAnnouncementUpdateTest" name="VerifySendForApprovalForEditRejectRecord" time="42.864"/>
  <testcase classname="com.tetherfi.test.ivr.IntroMessageAnnouncementUpdateTest" name="RejectforEditIntroMessageAnnouncementRecord" time="48.832"/>
  <testcase classname="com.tetherfi.test.ivr.IntroMessageAnnouncementUpdateTest" name="VerifyAuditTrailReportForReject" time="59.434"/>
  <testcase classname="com.tetherfi.test.ivr.IntroMessageAnnouncementUpdateTest" name="EditIntroMessageAnnouncementRecord" time="47.565"/>
  <testcase classname="com.tetherfi.test.ivr.IntroMessageAnnouncementUpdateTest" name="VerifyAuditTrailDataForEditIntroMessageAnnouncementRecord" time="39.456"/>
  <testcase classname="com.tetherfi.test.ivr.IntroMessageAnnouncementUpdateTest" name="VerifyAuditTrialReportForUpdate" time="60.422"/>
  <testcase classname="com.tetherfi.test.ivr.IntroMessageAnnouncementUpdateTest" name="VerifySendForApprovalForRecord" time="47.905"/>
  <testcase classname="com.tetherfi.test.ivr.IntroMessageAnnouncementUpdateTest" name="VerifyAuditTrialReportForSendForApprovalUpdate" time="61.692"/>
  <testcase classname="com.tetherfi.test.ivr.IntroMessageAnnouncementUpdateTest" name="ApproveforEditIntroMessageAnnouncementRecord" time="46.030"/>
  <testcase classname="com.tetherfi.test.ivr.IntroMessageAnnouncementUpdateTest" name="VerifyAuditTrailReportForApprove" time="61.357"/>
</testsuite> <!-- com.tetherfi.test.ivr.IntroMessageAnnouncementUpdateTest -->
