<?xml version="1.0" encoding="UTF-8"?>
<!-- Generated by org.testng.reporters.JUnitReportReporter -->
<<<<<<< HEAD
<testsuite hostname="DESKTOP-O6A5C2O" failures="1" tests="38" name="com.tetherfi.test.ivr.IvrConfigTest" time="575.666" errors="0" timestamp="2020-04-15T08:32:01 IST" skipped="0">
  <testcase classname="com.tetherfi.test.ivr.IvrConfigTest" name="IvrConfigPage" time="6.064"/>
  <testcase classname="com.tetherfi.test.ivr.IvrConfigTest" name="VerifyDropdownForAllTheColumns" time="48.476"/>
  <testcase classname="com.tetherfi.test.ivr.IvrConfigTest" name="VerifyColumnsHeaderEnable" time="8.977"/>
  <testcase classname="com.tetherfi.test.ivr.IvrConfigTest" name="VerifyColumnsHeaderDisable" time="9.259"/>
  <testcase classname="com.tetherfi.test.ivr.IvrConfigTest" name="AddNewIvrConfigRecord" time="12.281"/>
  <testcase classname="com.tetherfi.test.ivr.IvrConfigTest" name="AddDuplicateIvrConfigRecord" time="13.613"/>
  <testcase classname="com.tetherfi.test.ivr.IvrConfigTest" name="VerifyAuditTrialReportForCreate" time="30.303"/>
  <testcase classname="com.tetherfi.test.ivr.IvrConfigTest" name="AddNewEmptyConfigRecord" time="12.637"/>
  <testcase classname="com.tetherfi.test.ivr.IvrConfigTest" name="AddInvalidParameterConfigRecord" time="11.684"/>
  <testcase classname="com.tetherfi.test.ivr.IvrConfigTest" name="AddInvalidValueConfigRecord" time="11.321"/>
  <testcase classname="com.tetherfi.test.ivr.IvrConfigTest" name="VerifyCancelBtnAtAddConfigRecord" time="49.414"/>
  <testcase classname="com.tetherfi.test.ivr.IvrConfigTest" name="EditIvrConfigRecord" time="12.293"/>
  <testcase classname="com.tetherfi.test.ivr.IvrConfigTest" name="VerifyAuditTrialReportForUpdate" time="30.113"/>
  <testcase classname="com.tetherfi.test.ivr.IvrConfigTest" name="EditIvrConfigRecordWithoutModifyReason" time="13.208"/>
  <testcase classname="com.tetherfi.test.ivr.IvrConfigTest" name="VerifyCancelBtnAtEditConfigRecord" time="52.280"/>
  <testcase classname="com.tetherfi.test.ivr.IvrConfigTest" name="searchPage" time="8.248"/>
  <testcase classname="com.tetherfi.test.ivr.IvrConfigTest" name="searchwithoutSearchTextbox" time="8.171"/>
  <testcase classname="com.tetherfi.test.ivr.IvrConfigTest" name="ExportToExcel" time="8.062"/>
  <testcase classname="com.tetherfi.test.ivr.IvrConfigTest" name="ExportToExcelData" time="6.110"/>
  <testcase classname="com.tetherfi.test.ivr.IvrConfigTest" name="DeleteWithoutDeleteReasonIvrConfigRecord" time="11.799"/>
  <testcase classname="com.tetherfi.test.ivr.IvrConfigTest" name="VerifyCancelBtnAtDeleteConfigRecord" time="52.106"/>
  <testcase classname="com.tetherfi.test.ivr.IvrConfigTest" name="DeleteIvrConfigRecord" time="9.563"/>
  <testcase classname="com.tetherfi.test.ivr.IvrConfigTest" name="VerifyAuditTrialReportForDelete" time="29.875"/>
  <testcase classname="com.tetherfi.test.ivr.IvrConfigTest" name="SearchClearSearch" time="9.191"/>
  <testcase classname="com.tetherfi.test.ivr.IvrConfigTest" name="ExporttoExcelWithoutData" time="11.415"/>
  <testcase classname="com.tetherfi.test.ivr.IvrConfigTest" name="SortingByAscending" time="8.819"/>
  <testcase classname="com.tetherfi.test.ivr.IvrConfigTest" name="SortingByDescending" time="8.974"/>
  <testcase classname="com.tetherfi.test.ivr.IvrConfigTest" name="GroupBy" time="6.967"/>
  <testcase classname="com.tetherfi.test.ivr.IvrConfigTest" name="VerifyArrowMoveForPreviousAndNextPage" time="5.730"/>
  <testcase classname="com.tetherfi.test.ivr.IvrConfigTest" name="VerifyArrowMoveForFirstAndLastPage" time="5.630"/>
  <testcase classname="com.tetherfi.test.ivr.IvrConfigTest" name="VerifyTotalNumberOfItemsPerPageDetails" time="5.598"/>
  <testcase classname="com.tetherfi.test.ivr.IvrConfigTest" name="VerifyNumberOfItemsPerPageSelection" time="7.545">
    <failure message="item per page assertion failed did not expect to find [true] but found [false]" type="java.lang.AssertionError">
      <![CDATA[java.lang.AssertionError: item per page assertion failed did not expect to find [true] but found [false]
at org.testng.Assert.fail(Assert.java:97)
at org.testng.Assert.failNotEquals(Assert.java:969)
at org.testng.Assert.assertTrue(Assert.java:43)
at com.tetherfi.test.ivr.IvrConfigTest.VerifyNumberOfItemsPerPageSelection(IvrConfigTest.java:330)
at java.base/jdk.internal.reflect.NativeMethodAccessorImpl.invoke0(Native Method)
at java.base/jdk.internal.reflect.NativeMethodAccessorImpl.invoke(Unknown Source)
at java.base/jdk.internal.reflect.DelegatingMethodAccessorImpl.invoke(Unknown Source)
at java.base/java.lang.reflect.Method.invoke(Unknown Source)
at org.testng.internal.MethodInvocationHelper.invokeMethod(MethodInvocationHelper.java:133)
at org.testng.internal.TestInvoker.invokeMethod(TestInvoker.java:584)
at org.testng.internal.TestInvoker.invokeTestMethod(TestInvoker.java:172)
at org.testng.internal.MethodRunner.runInSequence(MethodRunner.java:46)
at org.testng.internal.TestInvoker$MethodInvocationAgent.invoke(TestInvoker.java:804)
at org.testng.internal.TestInvoker.invokeTestMethods(TestInvoker.java:145)
at org.testng.internal.TestMethodWorker.invokeTestMethods(TestMethodWorker.java:146)
at org.testng.internal.TestMethodWorker.run(TestMethodWorker.java:128)
at java.base/java.util.ArrayList.forEach(Unknown Source)
at org.testng.TestRunner.privateRun(TestRunner.java:770)
at org.testng.TestRunner.run(TestRunner.java:591)
at org.testng.SuiteRunner.runTest(SuiteRunner.java:402)
at org.testng.SuiteRunner.runSequentially(SuiteRunner.java:396)
at org.testng.SuiteRunner.privateRun(SuiteRunner.java:355)
at org.testng.SuiteRunner.run(SuiteRunner.java:304)
at org.testng.SuiteRunnerWorker.runSuite(SuiteRunnerWorker.java:53)
at org.testng.SuiteRunnerWorker.run(SuiteRunnerWorker.java:96)
at org.testng.TestNG.runSuitesSequentially(TestNG.java:1180)
at org.testng.TestNG.runSuitesLocally(TestNG.java:1102)
at org.testng.TestNG.runSuites(TestNG.java:1032)
at org.testng.TestNG.run(TestNG.java:1000)
at org.testng.remote.AbstractRemoteTestNG.run(AbstractRemoteTestNG.java:115)
at org.testng.remote.RemoteTestNG.initAndRun(RemoteTestNG.java:251)
at org.testng.remote.RemoteTestNG.main(RemoteTestNG.java:77)
]]>
    </failure>
  </testcase> <!-- VerifyNumberOfItemsPerPageSelection -->
  <testcase classname="com.tetherfi.test.ivr.IvrConfigTest" name="database" time="6.804"/>
  <testcase classname="com.tetherfi.test.ivr.IvrConfigTest" name="VerifySearchIsNotEqualTo" time="8.719"/>
  <testcase classname="com.tetherfi.test.ivr.IvrConfigTest" name="VerifySearchContains" time="8.729"/>
  <testcase classname="com.tetherfi.test.ivr.IvrConfigTest" name="VerifySearchDoesNotContains" time="8.726"/>
  <testcase classname="com.tetherfi.test.ivr.IvrConfigTest" name="VerifySearchStartsWith" time="8.365"/>
  <testcase classname="com.tetherfi.test.ivr.IvrConfigTest" name="VerifySearchEndsWith" time="8.597"/>
=======
<testsuite skipped="0" hostname="DESKTOP-NJVBPFB" name="com.tetherfi.test.ivr.IvrConfigTest" tests="3" failures="0" timestamp="2020-05-08T10:00:44 IST" time="120.154" errors="1">
  <testcase name="AddNewIvrConfigRecord" time="13.163" classname="com.tetherfi.test.ivr.IvrConfigTest"/>
  <testcase name="EditIvrConfigRecord" time="15.221" classname="com.tetherfi.test.ivr.IvrConfigTest"/>
  <testcase name="DeleteIvrConfigRecord" time="91.770" classname="com.tetherfi.test.ivr.IvrConfigTest">
    <error type="org.openqa.selenium.NoSuchElementException" message="no such element: Unable to locate element: {&quot;method&quot;:&quot;css selector&quot;,&quot;selector&quot;:&quot;#toast-container .toast-message&quot;}
  (Session info: chrome=81.0.4044.138)
For documentation on this error, please visit: https://www.seleniumhq.org/exceptions/no_such_element.html
Build info: version: &#039;3.141.59&#039;, revision: &#039;e82be7d358&#039;, time: &#039;2018-11-14T08:17:03&#039;
System info: host: &#039;DESKTOP-NJVBPFB&#039;, ip: &#039;192.168.225.65&#039;, os.name: &#039;Windows 10&#039;, os.arch: &#039;amd64&#039;, os.version: &#039;10.0&#039;, java.version: &#039;1.8.0_181&#039;
Driver info: org.openqa.selenium.chrome.ChromeDriver
Capabilities {acceptInsecureCerts: false, browserName: chrome, browserVersion: 81.0.4044.138, chrome: {chromedriverVersion: 80.0.3987.106 (f68069574609..., userDataDir: C:\Users\admin\AppData\Loca...}, goog:chromeOptions: {debuggerAddress: localhost:52220}, javascriptEnabled: true, networkConnectionEnabled: false, pageLoadStrategy: normal, platform: WINDOWS, platformName: WINDOWS, proxy: Proxy(), setWindowRect: true, strictFileInteractability: false, timeouts: {implicit: 0, pageLoad: 300000, script: 30000}, unhandledPromptBehavior: dismiss and notify}
Session ID: 2f7703ede7a3d0caf8360872beceed3c
*** Element info: {Using=css selector, value=#toast-container .toast-message}">
      <![CDATA[org.openqa.selenium.NoSuchElementException: no such element: Unable to locate element: {"method":"css selector","selector":"#toast-container .toast-message"}
  (Session info: chrome=81.0.4044.138)
For documentation on this error, please visit: https://www.seleniumhq.org/exceptions/no_such_element.html
Build info: version: '3.141.59', revision: 'e82be7d358', time: '2018-11-14T08:17:03'
System info: host: 'DESKTOP-NJVBPFB', ip: '192.168.225.65', os.name: 'Windows 10', os.arch: 'amd64', os.version: '10.0', java.version: '1.8.0_181'
Driver info: org.openqa.selenium.chrome.ChromeDriver
Capabilities {acceptInsecureCerts: false, browserName: chrome, browserVersion: 81.0.4044.138, chrome: {chromedriverVersion: 80.0.3987.106 (f68069574609..., userDataDir: C:\Users\admin\AppData\Loca...}, goog:chromeOptions: {debuggerAddress: localhost:52220}, javascriptEnabled: true, networkConnectionEnabled: false, pageLoadStrategy: normal, platform: WINDOWS, platformName: WINDOWS, proxy: Proxy(), setWindowRect: true, strictFileInteractability: false, timeouts: {implicit: 0, pageLoad: 300000, script: 30000}, unhandledPromptBehavior: dismiss and notify}
Session ID: 2f7703ede7a3d0caf8360872beceed3c
*** Element info: {Using=css selector, value=#toast-container .toast-message}
at sun.reflect.NativeConstructorAccessorImpl.newInstance0(Native Method)
at sun.reflect.NativeConstructorAccessorImpl.newInstance(Unknown Source)
at sun.reflect.DelegatingConstructorAccessorImpl.newInstance(Unknown Source)
at java.lang.reflect.Constructor.newInstance(Unknown Source)
at org.openqa.selenium.remote.http.W3CHttpResponseCodec.createException(W3CHttpResponseCodec.java:187)
at org.openqa.selenium.remote.http.W3CHttpResponseCodec.decode(W3CHttpResponseCodec.java:122)
at org.openqa.selenium.remote.http.W3CHttpResponseCodec.decode(W3CHttpResponseCodec.java:49)
at org.openqa.selenium.remote.HttpCommandExecutor.execute(HttpCommandExecutor.java:158)
at org.openqa.selenium.remote.service.DriverCommandExecutor.execute(DriverCommandExecutor.java:83)
at org.openqa.selenium.remote.RemoteWebDriver.execute(RemoteWebDriver.java:552)
at org.openqa.selenium.remote.RemoteWebDriver.findElement(RemoteWebDriver.java:323)
at org.openqa.selenium.remote.RemoteWebDriver.findElementByCssSelector(RemoteWebDriver.java:420)
at org.openqa.selenium.By$ByCssSelector.findElement(By.java:431)
at org.openqa.selenium.remote.RemoteWebDriver.findElement(RemoteWebDriver.java:315)
at org.openqa.selenium.support.pagefactory.DefaultElementLocator.findElement(DefaultElementLocator.java:69)
at org.openqa.selenium.support.pagefactory.internal.LocatingElementHandler.invoke(LocatingElementHandler.java:38)
at com.sun.proxy.$Proxy11.isDisplayed(Unknown Source)
at com.tetherfi.pages.IvrConfigPageWMC.getSuccessMessage(IvrConfigPageWMC.java:956)
at com.tetherfi.test.ivr.IvrConfigTest.DeleteIvrConfigRecord(IvrConfigTest.java:248)
at sun.reflect.NativeMethodAccessorImpl.invoke0(Native Method)
at sun.reflect.NativeMethodAccessorImpl.invoke(Unknown Source)
at sun.reflect.DelegatingMethodAccessorImpl.invoke(Unknown Source)
at java.lang.reflect.Method.invoke(Unknown Source)
at org.testng.internal.MethodInvocationHelper.invokeMethod(MethodInvocationHelper.java:133)
at org.testng.internal.TestInvoker.invokeMethod(TestInvoker.java:584)
at org.testng.internal.TestInvoker.invokeTestMethod(TestInvoker.java:172)
at org.testng.internal.MethodRunner.runInSequence(MethodRunner.java:46)
at org.testng.internal.TestInvoker$MethodInvocationAgent.invoke(TestInvoker.java:804)
at org.testng.internal.TestInvoker.invokeTestMethods(TestInvoker.java:145)
at org.testng.internal.TestMethodWorker.invokeTestMethods(TestMethodWorker.java:146)
at org.testng.internal.TestMethodWorker.run(TestMethodWorker.java:128)
at java.util.ArrayList.forEach(Unknown Source)
at org.testng.TestRunner.privateRun(TestRunner.java:770)
at org.testng.TestRunner.run(TestRunner.java:591)
at org.testng.SuiteRunner.runTest(SuiteRunner.java:402)
at org.testng.SuiteRunner.runSequentially(SuiteRunner.java:396)
at org.testng.SuiteRunner.privateRun(SuiteRunner.java:355)
at org.testng.SuiteRunner.run(SuiteRunner.java:304)
at org.testng.SuiteRunnerWorker.runSuite(SuiteRunnerWorker.java:53)
at org.testng.SuiteRunnerWorker.run(SuiteRunnerWorker.java:96)
at org.testng.TestNG.runSuitesSequentially(TestNG.java:1180)
at org.testng.TestNG.runSuitesLocally(TestNG.java:1102)
at org.testng.TestNG.runSuites(TestNG.java:1032)
at org.testng.TestNG.run(TestNG.java:1000)
at org.testng.remote.AbstractRemoteTestNG.run(AbstractRemoteTestNG.java:115)
at org.testng.remote.RemoteTestNG.initAndRun(RemoteTestNG.java:251)
at org.testng.remote.RemoteTestNG.main(RemoteTestNG.java:77)
]]>
    </error>
  </testcase> <!-- DeleteIvrConfigRecord -->
>>>>>>> refs/remotes/origin/PalakReports
</testsuite> <!-- com.tetherfi.test.ivr.IvrConfigTest -->
