<?xml version="1.0" encoding="UTF-8"?>
<!-- Generated by org.testng.reporters.JUnitReportReporter -->
<testsuite skipped="0" hostname="TTF-BLR-SANTOSHKOUJALAGI" name="com.tetherfi.test.tmac.AgentSettingsUITest" tests="31" failures="2" timestamp="2021-08-09T23:36:02 IST" time="1001.465" errors="0">
  <testcase name="VerifyAgentSettingsModuleDisplay" time="10.023" classname="com.tetherfi.test.tmac.AgentSettingsUITest"/>
  <testcase name="VerifyAgentSettingsApprovedDataPage" time="11.070" classname="com.tetherfi.test.tmac.AgentSettingsUITest"/>
  <testcase name="VerifyAgentSettingsAuditTrailDataPage" time="17.877" classname="com.tetherfi.test.tmac.AgentSettingsUITest"/>
  <testcase name="VerifyMakeAgentSettingsChangeButton" time="21.001" classname="com.tetherfi.test.tmac.AgentSettingsUITest"/>
  <testcase name="VerifyAddNewAgentSettingsButton" time="22.369" classname="com.tetherfi.test.tmac.AgentSettingsUITest"/>
  <testcase name="searchPage" time="14.997" classname="com.tetherfi.test.tmac.AgentSettingsUITest"/>
  <testcase name="searchwithoutSearchTextbox" time="12.247" classname="com.tetherfi.test.tmac.AgentSettingsUITest"/>
  <testcase name="SearchClearSearch" time="15.210" classname="com.tetherfi.test.tmac.AgentSettingsUITest"/>
  <testcase name="VerifyFullScreenButton" time="21.568" classname="com.tetherfi.test.tmac.AgentSettingsUITest"/>
  <testcase name="VerifyExportToExcel" time="29.866" classname="com.tetherfi.test.tmac.AgentSettingsUITest"/>
  <testcase name="VerifyExportToExcelWithoutData" time="30.729" classname="com.tetherfi.test.tmac.AgentSettingsUITest"/>
  <testcase name="VerifyDragAndDrop" time="22.972" classname="com.tetherfi.test.tmac.AgentSettingsUITest"/>
  <testcase name="VerifyDragAndDropofAlreadyGroupedHeader" time="23.052" classname="com.tetherfi.test.tmac.AgentSettingsUITest"/>
  <testcase name="VerifyDropdownForAllTheColumns" time="39.828" classname="com.tetherfi.test.tmac.AgentSettingsUITest">
    <failure type="java.lang.AssertionError" message="Columns dropdown assertion failed did not expect to find [true] but found [false]">
      <![CDATA[java.lang.AssertionError: Columns dropdown assertion failed did not expect to find [true] but found [false]
at org.testng.Assert.fail(Assert.java:97)
at org.testng.Assert.failNotEquals(Assert.java:969)
at org.testng.Assert.assertTrue(Assert.java:43)
at com.tetherfi.test.tmac.AgentSettingsUITest.VerifyDropdownForAllTheColumns(AgentSettingsUITest.java:183)
at sun.reflect.NativeMethodAccessorImpl.invoke0(Native Method)
at sun.reflect.NativeMethodAccessorImpl.invoke(Unknown Source)
at sun.reflect.DelegatingMethodAccessorImpl.invoke(Unknown Source)
at java.lang.reflect.Method.invoke(Unknown Source)
at org.testng.internal.MethodInvocationHelper.invokeMethod(MethodInvocationHelper.java:133)
at org.testng.internal.TestInvoker.invokeMethod(TestInvoker.java:584)
at org.testng.internal.TestInvoker.invokeTestMethod(TestInvoker.java:172)
at org.testng.internal.MethodRunner.runInSequence(MethodRunner.java:46)
at org.testng.internal.TestInvoker$MethodInvocationAgent.invoke(TestInvoker.java:804)
at org.testng.internal.TestInvoker.invokeTestMethods(TestInvoker.java:145)
at org.testng.internal.TestMethodWorker.invokeTestMethods(TestMethodWorker.java:146)
at org.testng.internal.TestMethodWorker.run(TestMethodWorker.java:128)
at java.util.ArrayList.forEach(Unknown Source)
at org.testng.TestRunner.privateRun(TestRunner.java:770)
at org.testng.TestRunner.run(TestRunner.java:591)
at org.testng.SuiteRunner.runTest(SuiteRunner.java:402)
at org.testng.SuiteRunner.runSequentially(SuiteRunner.java:396)
at org.testng.SuiteRunner.privateRun(SuiteRunner.java:355)
at org.testng.SuiteRunner.run(SuiteRunner.java:304)
at org.testng.SuiteRunnerWorker.runSuite(SuiteRunnerWorker.java:53)
at org.testng.SuiteRunnerWorker.run(SuiteRunnerWorker.java:96)
at org.testng.TestNG.runSuitesSequentially(TestNG.java:1180)
at org.testng.TestNG.runSuitesLocally(TestNG.java:1102)
at org.testng.TestNG.runSuites(TestNG.java:1032)
at org.testng.TestNG.run(TestNG.java:1000)
at org.testng.remote.AbstractRemoteTestNG.run(AbstractRemoteTestNG.java:115)
at org.testng.remote.RemoteTestNG.initAndRun(RemoteTestNG.java:251)
at org.testng.remote.RemoteTestNG.main(RemoteTestNG.java:77)
]]>
    </failure>
  </testcase> <!-- VerifyDropdownForAllTheColumns -->
  <testcase name="VerifyColumnsHeaderEnable" time="31.888" classname="com.tetherfi.test.tmac.AgentSettingsUITest"/>
  <testcase name="VerifyColumnsHeaderDisable" time="28.136" classname="com.tetherfi.test.tmac.AgentSettingsUITest">
    <failure type="java.lang.AssertionError" message="columns disabled assertion failed did not expect to find [false] but found [true]">
      <![CDATA[java.lang.AssertionError: columns disabled assertion failed did not expect to find [false] but found [true]
at org.testng.Assert.fail(Assert.java:97)
at org.testng.Assert.failNotEquals(Assert.java:969)
at org.testng.Assert.assertFalse(Assert.java:65)
at com.tetherfi.test.tmac.AgentSettingsUITest.VerifyColumnsHeaderDisable(AgentSettingsUITest.java:199)
at sun.reflect.NativeMethodAccessorImpl.invoke0(Native Method)
at sun.reflect.NativeMethodAccessorImpl.invoke(Unknown Source)
at sun.reflect.DelegatingMethodAccessorImpl.invoke(Unknown Source)
at java.lang.reflect.Method.invoke(Unknown Source)
at org.testng.internal.MethodInvocationHelper.invokeMethod(MethodInvocationHelper.java:133)
at org.testng.internal.TestInvoker.invokeMethod(TestInvoker.java:584)
at org.testng.internal.TestInvoker.invokeTestMethod(TestInvoker.java:172)
at org.testng.internal.MethodRunner.runInSequence(MethodRunner.java:46)
at org.testng.internal.TestInvoker$MethodInvocationAgent.invoke(TestInvoker.java:804)
at org.testng.internal.TestInvoker.invokeTestMethods(TestInvoker.java:145)
at org.testng.internal.TestMethodWorker.invokeTestMethods(TestMethodWorker.java:146)
at org.testng.internal.TestMethodWorker.run(TestMethodWorker.java:128)
at java.util.ArrayList.forEach(Unknown Source)
at org.testng.TestRunner.privateRun(TestRunner.java:770)
at org.testng.TestRunner.run(TestRunner.java:591)
at org.testng.SuiteRunner.runTest(SuiteRunner.java:402)
at org.testng.SuiteRunner.runSequentially(SuiteRunner.java:396)
at org.testng.SuiteRunner.privateRun(SuiteRunner.java:355)
at org.testng.SuiteRunner.run(SuiteRunner.java:304)
at org.testng.SuiteRunnerWorker.runSuite(SuiteRunnerWorker.java:53)
at org.testng.SuiteRunnerWorker.run(SuiteRunnerWorker.java:96)
at org.testng.TestNG.runSuitesSequentially(TestNG.java:1180)
at org.testng.TestNG.runSuitesLocally(TestNG.java:1102)
at org.testng.TestNG.runSuites(TestNG.java:1032)
at org.testng.TestNG.run(TestNG.java:1000)
at org.testng.remote.AbstractRemoteTestNG.run(AbstractRemoteTestNG.java:115)
at org.testng.remote.RemoteTestNG.initAndRun(RemoteTestNG.java:251)
at org.testng.remote.RemoteTestNG.main(RemoteTestNG.java:77)
]]>
    </failure>
  </testcase> <!-- VerifyColumnsHeaderDisable -->
  <testcase name="VerifyArrowMoveForPreviousAndNextPage" time="22.724" classname="com.tetherfi.test.tmac.AgentSettingsUITest"/>
  <testcase name="VerifyArrowMoveForFirstAndLastPage" time="23.244" classname="com.tetherfi.test.tmac.AgentSettingsUITest"/>
  <testcase name="VerifyTotalNumberOfItemsPerPageDetails" time="20.736" classname="com.tetherfi.test.tmac.AgentSettingsUITest"/>
  <testcase name="VerifyNumberOfItemsPerPageSelection" time="43.771" classname="com.tetherfi.test.tmac.AgentSettingsUITest"/>
  <testcase name="VerifySearchIsNotEqualTo" time="124.981" classname="com.tetherfi.test.tmac.AgentSettingsUITest"/>
  <testcase name="VerifySearchContains" time="29.318" classname="com.tetherfi.test.tmac.AgentSettingsUITest"/>
  <testcase name="VerifySearchDoesNotContains" time="90.896" classname="com.tetherfi.test.tmac.AgentSettingsUITest"/>
  <testcase name="VerifySearchStartsWith" time="28.933" classname="com.tetherfi.test.tmac.AgentSettingsUITest"/>
  <testcase name="VerifySearchEndsWith" time="39.681" classname="com.tetherfi.test.tmac.AgentSettingsUITest"/>
  <testcase name="VerifyMandatoryFieldWarningMessage" time="23.025" classname="com.tetherfi.test.tmac.AgentSettingsUITest"/>
  <testcase name="VerifyAddRecordWithoutLanID" time="42.645" classname="com.tetherfi.test.tmac.AgentSettingsUITest"/>
  <testcase name="VerifyAddRecordWithoutAvayaLoginID" time="42.717" classname="com.tetherfi.test.tmac.AgentSettingsUITest"/>
  <testcase name="VerifyAddRecordWithoutFirstName" time="42.883" classname="com.tetherfi.test.tmac.AgentSettingsUITest"/>
  <testcase name="VerifyAddRecordWithoutOrgUnitProfileandSupervisor" time="31.333" classname="com.tetherfi.test.tmac.AgentSettingsUITest"/>
  <testcase name="VerifyAddRecordWithoutLastName" time="41.745" classname="com.tetherfi.test.tmac.AgentSettingsUITest"/>
</testsuite> <!-- com.tetherfi.test.tmac.AgentSettingsUITest -->
