<?xml version="1.0" encoding="UTF-8"?>
<!-- Generated by org.testng.reporters.JUnitReportReporter -->
<testsuite hostname="DESKTOP-O6A5C2O" failures="0" tests="1" name="com.tetherfi.test.tmac.TmacTransferListTest" time="11.926" errors="0" timestamp="2020-03-05T10:35:44 IST" skipped="0">
  <testcase classname="com.tetherfi.test.tmac.TmacTransferListTest" name="databaseBlindTrans" time="11.926"/>
</testsuite> <!-- com.tetherfi.test.tmac.TmacTransferListTest -->
