<?xml version="1.0" encoding="UTF-8"?>
<!-- Generated by org.testng.reporters.JUnitReportReporter -->
<testsuite skipped="0" hostname="TTF-BLR-SANTOSHKOUJALAGI" name="com.tetherfi.test.tmac.SkillTemplateTest" tests="41" failures="0" timestamp="2021-08-05T14:20:52 IST" time="355.796" errors="0">
  <testcase name="VerifySkillTemplatePage" time="3.469" classname="com.tetherfi.test.tmac.SkillTemplateTest"/>
  <testcase name="verifyDropDownForAllTheColumns" time="8.104" classname="com.tetherfi.test.tmac.SkillTemplateTest"/>
  <testcase name="VerifyColumnsHeaderEnable" time="5.983" classname="com.tetherfi.test.tmac.SkillTemplateTest"/>
  <testcase name="VerifyColumnsHeaderDisable" time="7.200" classname="com.tetherfi.test.tmac.SkillTemplateTest"/>
  <testcase name="VerifyAddNewSkillTemplateWindowPresence" time="3.706" classname="com.tetherfi.test.tmac.SkillTemplateTest"/>
  <testcase name="VerifyTeamNamewithDataBase" time="23.942" classname="com.tetherfi.test.tmac.SkillTemplateTest"/>
  <testcase name="AddNewSkillTemplatewithOutTemplateName" time="19.618" classname="com.tetherfi.test.tmac.SkillTemplateTest"/>
  <testcase name="AddNewSkillTemplatewithOutOrgUnit" time="4.651" classname="com.tetherfi.test.tmac.SkillTemplateTest"/>
  <testcase name="AddNewSkillTemplatewithOutSkill" time="22.670" classname="com.tetherfi.test.tmac.SkillTemplateTest"/>
  <testcase name="VerifyAddNewSkillTemplateWindowCloseButton" time="4.383" classname="com.tetherfi.test.tmac.SkillTemplateTest"/>
  <testcase name="SearchVoiceSkills" time="4.811" classname="com.tetherfi.test.tmac.SkillTemplateTest"/>
  <testcase name="SearchTextChatSkills" time="6.163" classname="com.tetherfi.test.tmac.SkillTemplateTest"/>
  <testcase name="SearchAudioChatSkills" time="5.505" classname="com.tetherfi.test.tmac.SkillTemplateTest"/>
  <testcase name="SearchVideoChatSkills" time="6.178" classname="com.tetherfi.test.tmac.SkillTemplateTest"/>
  <testcase name="SearchFaxSkills" time="5.812" classname="com.tetherfi.test.tmac.SkillTemplateTest"/>
  <testcase name="SearchEmailSkills" time="5.771" classname="com.tetherfi.test.tmac.SkillTemplateTest"/>
  <testcase name="SearchSMsSkills" time="5.807" classname="com.tetherfi.test.tmac.SkillTemplateTest"/>
  <testcase name="SearchEmailChannelSkills" time="6.850" classname="com.tetherfi.test.tmac.SkillTemplateTest"/>
  <testcase name="AddNewSkillTemplate" time="26.035" classname="com.tetherfi.test.tmac.SkillTemplateTest"/>
  <testcase name="EditSkillTemplate" time="15.945" classname="com.tetherfi.test.tmac.SkillTemplateTest"/>
  <testcase name="verifyDeleteNoButton" time="18.715" classname="com.tetherfi.test.tmac.SkillTemplateTest"/>
  <testcase name="verifyDeleteWithoutDeleteReason" time="8.187" classname="com.tetherfi.test.tmac.SkillTemplateTest"/>
  <testcase name="DeleteSkillTemplateRecord" time="9.846" classname="com.tetherfi.test.tmac.SkillTemplateTest"/>
  <testcase name="ExportToExcelButton" time="4.964" classname="com.tetherfi.test.tmac.SkillTemplateTest"/>
  <testcase name="verifyExportedData" time="4.190" classname="com.tetherfi.test.tmac.SkillTemplateTest"/>
  <testcase name="verifyExportToExcelWithoutData" time="7.579" classname="com.tetherfi.test.tmac.SkillTemplateTest"/>
  <testcase name="verifySortByAscending" time="7.384" classname="com.tetherfi.test.tmac.SkillTemplateTest"/>
  <testcase name="verifySortByDescending" time="7.785" classname="com.tetherfi.test.tmac.SkillTemplateTest"/>
  <testcase name="verifyGroupBy" time="4.750" classname="com.tetherfi.test.tmac.SkillTemplateTest"/>
  <testcase name="verifyArrowMoveForPreviousAndNextPage" time="4.833" classname="com.tetherfi.test.tmac.SkillTemplateTest"/>
  <testcase name="verifyArrowMoveForFirstAndLastPage" time="4.627" classname="com.tetherfi.test.tmac.SkillTemplateTest"/>
  <testcase name="verifyTotalNumberOfItemsPerPageDetails" time="2.039" classname="com.tetherfi.test.tmac.SkillTemplateTest"/>
  <testcase name="verifyNumberOfItemsPerPageSelection" time="11.745" classname="com.tetherfi.test.tmac.SkillTemplateTest"/>
  <testcase name="searchPage" time="9.106" classname="com.tetherfi.test.tmac.SkillTemplateTest"/>
  <testcase name="searchwithoutSearchTextbox" time="5.206" classname="com.tetherfi.test.tmac.SkillTemplateTest"/>
  <testcase name="SearchClearSearch" time="6.984" classname="com.tetherfi.test.tmac.SkillTemplateTest"/>
  <testcase name="SearchIsNotEqualTo" time="10.660" classname="com.tetherfi.test.tmac.SkillTemplateTest"/>
  <testcase name="SearchContains" time="7.251" classname="com.tetherfi.test.tmac.SkillTemplateTest"/>
  <testcase name="SearchDoesNotContains" time="10.811" classname="com.tetherfi.test.tmac.SkillTemplateTest"/>
  <testcase name="SearchStartsWith" time="7.500" classname="com.tetherfi.test.tmac.SkillTemplateTest"/>
  <testcase name="SearchEndsWith" time="9.031" classname="com.tetherfi.test.tmac.SkillTemplateTest"/>
</testsuite> <!-- com.tetherfi.test.tmac.SkillTemplateTest -->
