<?xml version="1.0" encoding="UTF-8"?>
<!-- Generated by org.testng.reporters.JUnitReportReporter -->
<testsuite hostname="DESKTOP-O6A5C2O" failures="0" tests="37" name="com.tetherfi.test.tmac.WorkCodeListTest" time="594.843" errors="0" timestamp="2019-10-21T20:01:53 IST" skipped="0">
  <testcase classname="com.tetherfi.test.tmac.WorkCodeListTest" name="WorkCodeListPage" time="6.873"/>
  <testcase classname="com.tetherfi.test.tmac.WorkCodeListTest" name="addNewWorkGroupListCancelRecord" time="13.651"/>
  <testcase classname="com.tetherfi.test.tmac.WorkCodeListTest" name="addNewWorkGroupListRecord" time="13.605"/>
  <testcase classname="com.tetherfi.test.tmac.WorkCodeListTest" name="addNewWorkcodeListCancelRecord" time="20.307"/>
  <testcase classname="com.tetherfi.test.tmac.WorkCodeListTest" name="addNewWorkcodeListRecord" time="62.970"/>
  <testcase classname="com.tetherfi.test.tmac.WorkCodeListTest" name="VerifyAuditTrialReportForCreate" time="31.147"/>
  <testcase classname="com.tetherfi.test.tmac.WorkCodeListTest" name="addInvalidRecordWithoutWorkLevel" time="7.458"/>
  <testcase classname="com.tetherfi.test.tmac.WorkCodeListTest" name="addInvalidRecordWithoutWorkGroup" time="13.416"/>
  <testcase classname="com.tetherfi.test.tmac.WorkCodeListTest" name="addInvalidRecordWithoutName" time="18.766"/>
  <testcase classname="com.tetherfi.test.tmac.WorkCodeListTest" name="addDuplicateRecord" time="63.052"/>
  <testcase classname="com.tetherfi.test.tmac.WorkCodeListTest" name="editWorkCodeListCancelRecord" time="11.998"/>
  <testcase classname="com.tetherfi.test.tmac.WorkCodeListTest" name="editWorkCodeListRecord" time="13.086"/>
  <testcase classname="com.tetherfi.test.tmac.WorkCodeListTest" name="VerifyAuditTrialReportForUpdate" time="30.960"/>
  <testcase classname="com.tetherfi.test.tmac.WorkCodeListTest" name="searchPage" time="9.843"/>
  <testcase classname="com.tetherfi.test.tmac.WorkCodeListTest" name="VerifySearchIsNotEqualTo" time="12.101"/>
  <testcase classname="com.tetherfi.test.tmac.WorkCodeListTest" name="VerifySearchContains" time="12.403"/>
  <testcase classname="com.tetherfi.test.tmac.WorkCodeListTest" name="VerifySearchDoesNotContains" time="11.364"/>
  <testcase classname="com.tetherfi.test.tmac.WorkCodeListTest" name="VerifySearchStartsWith" time="11.789"/>
  <testcase classname="com.tetherfi.test.tmac.WorkCodeListTest" name="VerifySearchEndsWith" time="10.955"/>
  <testcase classname="com.tetherfi.test.tmac.WorkCodeListTest" name="SearchClearSearch" time="11.677"/>
  <testcase classname="com.tetherfi.test.tmac.WorkCodeListTest" name="DeleteWorkCodeListCancelRecord" time="17.521"/>
  <testcase classname="com.tetherfi.test.tmac.WorkCodeListTest" name="DeleteWorkCodeListRecord" time="17.397"/>
  <testcase classname="com.tetherfi.test.tmac.WorkCodeListTest" name="VerifyauditTrailReportDelete" time="31.597"/>
  <testcase classname="com.tetherfi.test.tmac.WorkCodeListTest" name="ExportToExcel" time="9.808"/>
  <testcase classname="com.tetherfi.test.tmac.WorkCodeListTest" name="ExportToExcelData" time="7.670"/>
  <testcase classname="com.tetherfi.test.tmac.WorkCodeListTest" name="database" time="9.410"/>
  <testcase classname="com.tetherfi.test.tmac.WorkCodeListTest" name="GroupBy" time="10.218"/>
  <testcase classname="com.tetherfi.test.tmac.WorkCodeListTest" name="VerifyArrowMoveForPreviousAndNextPage" time="5.944"/>
  <testcase classname="com.tetherfi.test.tmac.WorkCodeListTest" name="VerifyArrowMoveForFirstAndLastPage" time="6.568"/>
  <testcase classname="com.tetherfi.test.tmac.WorkCodeListTest" name="VerifyTotalNumberOfItemsPerPageDetails" time="5.999"/>
  <testcase classname="com.tetherfi.test.tmac.WorkCodeListTest" name="VerifyNumberOfItemsPerPageSelection" time="12.076"/>
  <testcase classname="com.tetherfi.test.tmac.WorkCodeListTest" name="VerifyDropdownForAllTheColumns" time="14.097"/>
  <testcase classname="com.tetherfi.test.tmac.WorkCodeListTest" name="VerifyColumnsHeaderEnable" time="11.507"/>
  <testcase classname="com.tetherfi.test.tmac.WorkCodeListTest" name="VerifyColumnsHeaderDisable" time="13.819"/>
  <testcase classname="com.tetherfi.test.tmac.WorkCodeListTest" name="SortingByAscending" time="11.205"/>
  <testcase classname="com.tetherfi.test.tmac.WorkCodeListTest" name="SortingByDescending" time="11.632"/>
  <testcase classname="com.tetherfi.test.tmac.WorkCodeListTest" name="ExporttoExcelWithoutData" time="10.954"/>
</testsuite> <!-- com.tetherfi.test.tmac.WorkCodeListTest -->
