<?xml version="1.0" encoding="UTF-8"?>
<!-- Generated by org.testng.reporters.JUnitReportReporter -->
<testsuite hostname="DESKTOP-O6A5C2O" failures="0" tests="17" name="com.tetherfi.test.ivr.IntroMessageAnnouncementDeleteTest" time="39.104" errors="1" timestamp="2019-12-11T18:34:42 IST" skipped="16">
  <testcase classname="com.tetherfi.test.ivr.IntroMessageAnnouncementDeleteTest" name="NavigateToIntroMessageAnnouncementPage" time="39.103">
    <error type="java.lang.NullPointerException">
      <![CDATA[java.lang.NullPointerException
at org.openqa.selenium.remote.RemoteWebElement.isEnabled(RemoteWebElement.java:159)
at java.base/jdk.internal.reflect.NativeMethodAccessorImpl.invoke0(Native Method)
at java.base/jdk.internal.reflect.NativeMethodAccessorImpl.invoke(Unknown Source)
at java.base/jdk.internal.reflect.DelegatingMethodAccessorImpl.invoke(Unknown Source)
at java.base/java.lang.reflect.Method.invoke(Unknown Source)
at org.openqa.selenium.support.pagefactory.internal.LocatingElementHandler.invoke(LocatingElementHandler.java:51)
at com.sun.proxy.$Proxy14.isEnabled(Unknown Source)
at com.tetherfi.pages.IntroMessageAnnouncementPage.isIntroMessageAnnouncementPageDisplayed(IntroMessageAnnouncementPage.java:322)
at com.tetherfi.test.ivr.IntroMessageAnnouncementDeleteTest.NavigateToIntroMessageAnnouncementPage(IntroMessageAnnouncementDeleteTest.java:64)
at java.base/jdk.internal.reflect.NativeMethodAccessorImpl.invoke0(Native Method)
at java.base/jdk.internal.reflect.NativeMethodAccessorImpl.invoke(Unknown Source)
at java.base/jdk.internal.reflect.DelegatingMethodAccessorImpl.invoke(Unknown Source)
at java.base/java.lang.reflect.Method.invoke(Unknown Source)
at org.testng.internal.MethodInvocationHelper.invokeMethod(MethodInvocationHelper.java:133)
at org.testng.internal.MethodInvocationHelper.invokeMethodConsideringTimeout(MethodInvocationHelper.java:62)
at org.testng.internal.ConfigInvoker.invokeConfigurationMethod(ConfigInvoker.java:340)
at org.testng.internal.ConfigInvoker.invokeConfigurations(ConfigInvoker.java:294)
at org.testng.internal.TestInvoker.runConfigMethods(TestInvoker.java:683)
at org.testng.internal.TestInvoker.invokeMethod(TestInvoker.java:510)
at org.testng.internal.TestInvoker.invokeTestMethod(TestInvoker.java:172)
at org.testng.internal.MethodRunner.runInSequence(MethodRunner.java:46)
at org.testng.internal.TestInvoker$MethodInvocationAgent.invoke(TestInvoker.java:804)
at org.testng.internal.TestInvoker.invokeTestMethods(TestInvoker.java:145)
at org.testng.internal.TestMethodWorker.invokeTestMethods(TestMethodWorker.java:146)
at org.testng.internal.TestMethodWorker.run(TestMethodWorker.java:128)
at java.base/java.util.ArrayList.forEach(Unknown Source)
at org.testng.TestRunner.privateRun(TestRunner.java:770)
at org.testng.TestRunner.run(TestRunner.java:591)
at org.testng.SuiteRunner.runTest(SuiteRunner.java:402)
at org.testng.SuiteRunner.runSequentially(SuiteRunner.java:396)
at org.testng.SuiteRunner.privateRun(SuiteRunner.java:355)
at org.testng.SuiteRunner.run(SuiteRunner.java:304)
at org.testng.SuiteRunnerWorker.runSuite(SuiteRunnerWorker.java:53)
at org.testng.SuiteRunnerWorker.run(SuiteRunnerWorker.java:96)
at org.testng.TestNG.runSuitesSequentially(TestNG.java:1180)
at org.testng.TestNG.runSuitesLocally(TestNG.java:1102)
at org.testng.TestNG.runSuites(TestNG.java:1032)
at org.testng.TestNG.run(TestNG.java:1000)
at org.testng.remote.AbstractRemoteTestNG.run(AbstractRemoteTestNG.java:115)
at org.testng.remote.RemoteTestNG.initAndRun(RemoteTestNG.java:251)
at org.testng.remote.RemoteTestNG.main(RemoteTestNG.java:77)
]]>
    </error>
  </testcase> <!-- NavigateToIntroMessageAnnouncementPage -->
  <testcase classname="com.tetherfi.test.ivr.IntroMessageAnnouncementDeleteTest" name="DeleteCancelIntroMessageAnnouncementRecord" time="0.000">
    <skipped/>
  </testcase> <!-- DeleteCancelIntroMessageAnnouncementRecord -->
  <testcase classname="com.tetherfi.test.ivr.IntroMessageAnnouncementDeleteTest" name="DeleteWithoutModifyReasonRecord" time="0.000">
    <skipped/>
  </testcase> <!-- DeleteWithoutModifyReasonRecord -->
  <testcase classname="com.tetherfi.test.ivr.IntroMessageAnnouncementDeleteTest" name="DeleteRecord" time="0.000">
    <skipped/>
  </testcase> <!-- DeleteRecord -->
  <testcase classname="com.tetherfi.test.ivr.IntroMessageAnnouncementDeleteTest" name="VerifyRevertForDeleteRecord" time="0.000">
    <skipped/>
  </testcase> <!-- VerifyRevertForDeleteRecord -->
  <testcase classname="com.tetherfi.test.ivr.IntroMessageAnnouncementDeleteTest" name="VerifyAuditTrialReportForRevertDelete" time="0.000">
    <skipped/>
  </testcase> <!-- VerifyAuditTrialReportForRevertDelete -->
  <testcase classname="com.tetherfi.test.ivr.IntroMessageAnnouncementDeleteTest" name="RejectDeleteRecord" time="0.000">
    <skipped/>
  </testcase> <!-- RejectDeleteRecord -->
  <testcase classname="com.tetherfi.test.ivr.IntroMessageAnnouncementDeleteTest" name="VerifySendForApprovalForDeleteNewRecord" time="0.000">
    <skipped/>
  </testcase> <!-- VerifySendForApprovalForDeleteNewRecord -->
  <testcase classname="com.tetherfi.test.ivr.IntroMessageAnnouncementDeleteTest" name="RejectforDeleteIntroMessageAnnouncementRecord" time="0.000">
    <skipped/>
  </testcase> <!-- RejectforDeleteIntroMessageAnnouncementRecord -->
  <testcase classname="com.tetherfi.test.ivr.IntroMessageAnnouncementDeleteTest" name="VerifyAuditTrailReportForReject" time="0.000">
    <skipped/>
  </testcase> <!-- VerifyAuditTrailReportForReject -->
  <testcase classname="com.tetherfi.test.ivr.IntroMessageAnnouncementDeleteTest" name="DeleteIntroMessageAnnouncementRecord" time="0.000">
    <skipped/>
  </testcase> <!-- DeleteIntroMessageAnnouncementRecord -->
  <testcase classname="com.tetherfi.test.ivr.IntroMessageAnnouncementDeleteTest" name="VerifyAuditTrialReportForDelete" time="0.001">
    <skipped/>
  </testcase> <!-- VerifyAuditTrialReportForDelete -->
  <testcase classname="com.tetherfi.test.ivr.IntroMessageAnnouncementDeleteTest" name="VerifyAuditTrailDataForDeleteIntroMessageAnnouncementRecord" time="0.000">
    <skipped/>
  </testcase> <!-- VerifyAuditTrailDataForDeleteIntroMessageAnnouncementRecord -->
  <testcase classname="com.tetherfi.test.ivr.IntroMessageAnnouncementDeleteTest" name="VerifySendForApprovalForDeleteRecord" time="0.000">
    <skipped/>
  </testcase> <!-- VerifySendForApprovalForDeleteRecord -->
  <testcase classname="com.tetherfi.test.ivr.IntroMessageAnnouncementDeleteTest" name="VerifyAuditTrailReportForSendForApprove" time="0.000">
    <skipped/>
  </testcase> <!-- VerifyAuditTrailReportForSendForApprove -->
  <testcase classname="com.tetherfi.test.ivr.IntroMessageAnnouncementDeleteTest" name="ApproveforDeleteIntroMessageAnnouncementRecord" time="0.000">
    <skipped/>
  </testcase> <!-- ApproveforDeleteIntroMessageAnnouncementRecord -->
  <testcase classname="com.tetherfi.test.ivr.IntroMessageAnnouncementDeleteTest" name="VerifyAuditTrailReportForApprove" time="0.000">
    <skipped/>
  </testcase> <!-- VerifyAuditTrailReportForApprove -->
</testsuite> <!-- com.tetherfi.test.ivr.IntroMessageAnnouncementDeleteTest -->
