<?xml version="1.0" encoding="UTF-8"?>
<!-- Generated by org.testng.reporters.JUnitReportReporter -->
<testsuite skipped="0" hostname="TTF-BLR-SANTOSHKOUJALAGI" name="com.tetherfi.test.reports.OCMAgentRemindeReportTest" tests="1" failures="0" timestamp="2021-09-03T12:15:12 IST" time="50.280" errors="0">
  <testcase name="ShowOCMAgentReminderReport" time="50.280" classname="com.tetherfi.test.reports.OCMAgentRemindeReportTest"/>
</testsuite> <!-- com.tetherfi.test.reports.OCMAgentRemindeReportTest -->
