<?xml version="1.0" encoding="UTF-8"?>
<!-- Generated by org.testng.reporters.JUnitReportReporter -->
<testsuite hostname="DESKTOP-O6A5C2O" failures="2" tests="37" name="com.tetherfi.test.tmac.WorkCodeListTest" time="807.548" errors="1" timestamp="2019-12-03T20:55:48 IST" skipped="0">
  <testcase classname="com.tetherfi.test.tmac.WorkCodeListTest" name="WorkCodeListPage" time="7.872"/>
  <testcase classname="com.tetherfi.test.tmac.WorkCodeListTest" name="addNewWorkGroupListCancelRecord" time="14.120"/>
  <testcase classname="com.tetherfi.test.tmac.WorkCodeListTest" name="addNewWorkGroupListRecord" time="14.942"/>
  <testcase classname="com.tetherfi.test.tmac.WorkCodeListTest" name="addNewWorkcodeListCancelRecord" time="19.922"/>
  <testcase classname="com.tetherfi.test.tmac.WorkCodeListTest" name="addNewWorkcodeListRecord" time="62.989"/>
  <testcase classname="com.tetherfi.test.tmac.WorkCodeListTest" name="VerifyAuditTrialReportForCreate" time="32.471"/>
  <testcase classname="com.tetherfi.test.tmac.WorkCodeListTest" name="addInvalidRecordWithoutWorkLevel" time="7.791"/>
  <testcase classname="com.tetherfi.test.tmac.WorkCodeListTest" name="addInvalidRecordWithoutWorkGroup" time="14.653"/>
  <testcase classname="com.tetherfi.test.tmac.WorkCodeListTest" name="addInvalidRecordWithoutName" time="21.248"/>
  <testcase classname="com.tetherfi.test.tmac.WorkCodeListTest" name="addDuplicateRecord" time="224.514">
    <failure message="DuplicateRecord Assertion failed did not expect to find [false] but found [true]" type="java.lang.AssertionError">
      <![CDATA[java.lang.AssertionError: DuplicateRecord Assertion failed did not expect to find [false] but found [true]
at org.testng.Assert.fail(Assert.java:97)
at org.testng.Assert.failNotEquals(Assert.java:969)
at org.testng.Assert.assertFalse(Assert.java:65)
at com.tetherfi.test.tmac.WorkCodeListTest.addDuplicateRecord(WorkCodeListTest.java:170)
at java.base/jdk.internal.reflect.NativeMethodAccessorImpl.invoke0(Native Method)
at java.base/jdk.internal.reflect.NativeMethodAccessorImpl.invoke(Unknown Source)
at java.base/jdk.internal.reflect.DelegatingMethodAccessorImpl.invoke(Unknown Source)
at java.base/java.lang.reflect.Method.invoke(Unknown Source)
at org.testng.internal.MethodInvocationHelper.invokeMethod(MethodInvocationHelper.java:133)
at org.testng.internal.TestInvoker.invokeMethod(TestInvoker.java:584)
at org.testng.internal.TestInvoker.invokeTestMethod(TestInvoker.java:172)
at org.testng.internal.MethodRunner.runInSequence(MethodRunner.java:46)
at org.testng.internal.TestInvoker$MethodInvocationAgent.invoke(TestInvoker.java:804)
at org.testng.internal.TestInvoker.invokeTestMethods(TestInvoker.java:145)
at org.testng.internal.TestMethodWorker.invokeTestMethods(TestMethodWorker.java:146)
at org.testng.internal.TestMethodWorker.run(TestMethodWorker.java:128)
at java.base/java.util.ArrayList.forEach(Unknown Source)
at org.testng.TestRunner.privateRun(TestRunner.java:770)
at org.testng.TestRunner.run(TestRunner.java:591)
at org.testng.SuiteRunner.runTest(SuiteRunner.java:402)
at org.testng.SuiteRunner.runSequentially(SuiteRunner.java:396)
at org.testng.SuiteRunner.privateRun(SuiteRunner.java:355)
at org.testng.SuiteRunner.run(SuiteRunner.java:304)
at org.testng.SuiteRunnerWorker.runSuite(SuiteRunnerWorker.java:53)
at org.testng.SuiteRunnerWorker.run(SuiteRunnerWorker.java:96)
at org.testng.TestNG.runSuitesSequentially(TestNG.java:1180)
at org.testng.TestNG.runSuitesLocally(TestNG.java:1102)
at org.testng.TestNG.runSuites(TestNG.java:1032)
at org.testng.TestNG.run(TestNG.java:1000)
at org.testng.remote.AbstractRemoteTestNG.run(AbstractRemoteTestNG.java:115)
at org.testng.remote.RemoteTestNG.initAndRun(RemoteTestNG.java:251)
at org.testng.remote.RemoteTestNG.main(RemoteTestNG.java:77)
]]>
    </failure>
  </testcase> <!-- addDuplicateRecord -->
  <testcase classname="com.tetherfi.test.tmac.WorkCodeListTest" name="editWorkCodeListCancelRecord" time="13.363"/>
  <testcase classname="com.tetherfi.test.tmac.WorkCodeListTest" name="editWorkCodeListRecord" time="15.246"/>
  <testcase classname="com.tetherfi.test.tmac.WorkCodeListTest" name="VerifyAuditTrialReportForUpdate" time="31.546">
    <failure message="did not expect to find [true] but found [false]" type="java.lang.AssertionError">
      <![CDATA[java.lang.AssertionError: did not expect to find [true] but found [false]
at org.testng.Assert.fail(Assert.java:97)
at org.testng.Assert.failNotEquals(Assert.java:969)
at org.testng.Assert.assertTrue(Assert.java:43)
at org.testng.Assert.assertTrue(Assert.java:53)
at com.tetherfi.test.tmac.WorkCodeListTest.VerifyAuditTrialReportForUpdate(WorkCodeListTest.java:203)
at java.base/jdk.internal.reflect.NativeMethodAccessorImpl.invoke0(Native Method)
at java.base/jdk.internal.reflect.NativeMethodAccessorImpl.invoke(Unknown Source)
at java.base/jdk.internal.reflect.DelegatingMethodAccessorImpl.invoke(Unknown Source)
at java.base/java.lang.reflect.Method.invoke(Unknown Source)
at org.testng.internal.MethodInvocationHelper.invokeMethod(MethodInvocationHelper.java:133)
at org.testng.internal.TestInvoker.invokeMethod(TestInvoker.java:584)
at org.testng.internal.TestInvoker.invokeTestMethod(TestInvoker.java:172)
at org.testng.internal.MethodRunner.runInSequence(MethodRunner.java:46)
at org.testng.internal.TestInvoker$MethodInvocationAgent.invoke(TestInvoker.java:804)
at org.testng.internal.TestInvoker.invokeTestMethods(TestInvoker.java:145)
at org.testng.internal.TestMethodWorker.invokeTestMethods(TestMethodWorker.java:146)
at org.testng.internal.TestMethodWorker.run(TestMethodWorker.java:128)
at java.base/java.util.ArrayList.forEach(Unknown Source)
at org.testng.TestRunner.privateRun(TestRunner.java:770)
at org.testng.TestRunner.run(TestRunner.java:591)
at org.testng.SuiteRunner.runTest(SuiteRunner.java:402)
at org.testng.SuiteRunner.runSequentially(SuiteRunner.java:396)
at org.testng.SuiteRunner.privateRun(SuiteRunner.java:355)
at org.testng.SuiteRunner.run(SuiteRunner.java:304)
at org.testng.SuiteRunnerWorker.runSuite(SuiteRunnerWorker.java:53)
at org.testng.SuiteRunnerWorker.run(SuiteRunnerWorker.java:96)
at org.testng.TestNG.runSuitesSequentially(TestNG.java:1180)
at org.testng.TestNG.runSuitesLocally(TestNG.java:1102)
at org.testng.TestNG.runSuites(TestNG.java:1032)
at org.testng.TestNG.run(TestNG.java:1000)
at org.testng.remote.AbstractRemoteTestNG.run(AbstractRemoteTestNG.java:115)
at org.testng.remote.RemoteTestNG.initAndRun(RemoteTestNG.java:251)
at org.testng.remote.RemoteTestNG.main(RemoteTestNG.java:77)
]]>
    </failure>
  </testcase> <!-- VerifyAuditTrialReportForUpdate -->
  <testcase classname="com.tetherfi.test.tmac.WorkCodeListTest" name="searchPage" time="11.047"/>
  <testcase classname="com.tetherfi.test.tmac.WorkCodeListTest" name="VerifySearchIsNotEqualTo" time="14.574"/>
  <testcase classname="com.tetherfi.test.tmac.WorkCodeListTest" name="VerifySearchContains" time="12.233"/>
  <testcase classname="com.tetherfi.test.tmac.WorkCodeListTest" name="VerifySearchDoesNotContains" time="13.235"/>
  <testcase classname="com.tetherfi.test.tmac.WorkCodeListTest" name="VerifySearchStartsWith" time="12.029"/>
  <testcase classname="com.tetherfi.test.tmac.WorkCodeListTest" name="VerifySearchEndsWith" time="11.620"/>
  <testcase classname="com.tetherfi.test.tmac.WorkCodeListTest" name="SearchClearSearch" time="12.306"/>
  <testcase classname="com.tetherfi.test.tmac.WorkCodeListTest" name="DeleteWorkCodeListCancelRecord" time="18.440"/>
  <testcase classname="com.tetherfi.test.tmac.WorkCodeListTest" name="DeleteWorkCodeListRecord" time="18.552"/>
  <testcase classname="com.tetherfi.test.tmac.WorkCodeListTest" name="VerifyauditTrailReportDelete" time="33.020"/>
  <testcase classname="com.tetherfi.test.tmac.WorkCodeListTest" name="ExportToExcel" time="8.888"/>
  <testcase classname="com.tetherfi.test.tmac.WorkCodeListTest" name="ExportToExcelData" time="9.586"/>
  <testcase classname="com.tetherfi.test.tmac.WorkCodeListTest" name="database" time="10.894"/>
  <testcase classname="com.tetherfi.test.tmac.WorkCodeListTest" name="GroupBy" time="10.472"/>
  <testcase classname="com.tetherfi.test.tmac.WorkCodeListTest" name="VerifyArrowMoveForPreviousAndNextPage" time="6.941">
    <error message="stale element reference: element is not attached to the page document
  (Session info: chrome=78.0.3904.108)
For documentation on this error, please visit: https://www.seleniumhq.org/exceptions/stale_element_reference.html
Build info: version: &#039;3.141.59&#039;, revision: &#039;e82be7d358&#039;, time: &#039;2018-11-14T08:17:03&#039;
System info: host: &#039;DESKTOP-O6A5C2O&#039;, ip: &#039;10.0.75.1&#039;, os.name: &#039;Windows 10&#039;, os.arch: &#039;amd64&#039;, os.version: &#039;10.0&#039;, java.version: &#039;9.0.4&#039;
Driver info: org.openqa.selenium.chrome.ChromeDriver
Capabilities {acceptInsecureCerts: false, browserName: chrome, browserVersion: 78.0.3904.108, chrome: {chromedriverVersion: 78.0.3904.70 (edb9c9f3de024..., userDataDir: C:\Users\admin\AppData\Loca...}, goog:chromeOptions: {debuggerAddress: localhost:58657}, javascriptEnabled: true, networkConnectionEnabled: false, pageLoadStrategy: normal, platform: XP, platformName: XP, proxy: Proxy(), setWindowRect: true, strictFileInteractability: false, timeouts: {implicit: 0, pageLoad: 300000, script: 30000}, unhandledPromptBehavior: dismiss and notify}
Session ID: 7f15ae487b4146855574d69e2c4d2a9a" type="org.openqa.selenium.StaleElementReferenceException">
      <![CDATA[org.openqa.selenium.StaleElementReferenceException: stale element reference: element is not attached to the page document
  (Session info: chrome=78.0.3904.108)
For documentation on this error, please visit: https://www.seleniumhq.org/exceptions/stale_element_reference.html
Build info: version: '3.141.59', revision: 'e82be7d358', time: '2018-11-14T08:17:03'
System info: host: 'DESKTOP-O6A5C2O', ip: '10.0.75.1', os.name: 'Windows 10', os.arch: 'amd64', os.version: '10.0', java.version: '9.0.4'
Driver info: org.openqa.selenium.chrome.ChromeDriver
Capabilities {acceptInsecureCerts: false, browserName: chrome, browserVersion: 78.0.3904.108, chrome: {chromedriverVersion: 78.0.3904.70 (edb9c9f3de024..., userDataDir: C:\Users\admin\AppData\Loca...}, goog:chromeOptions: {debuggerAddress: localhost:58657}, javascriptEnabled: true, networkConnectionEnabled: false, pageLoadStrategy: normal, platform: XP, platformName: XP, proxy: Proxy(), setWindowRect: true, strictFileInteractability: false, timeouts: {implicit: 0, pageLoad: 300000, script: 30000}, unhandledPromptBehavior: dismiss and notify}
Session ID: 7f15ae487b4146855574d69e2c4d2a9a
at java.base/jdk.internal.reflect.NativeConstructorAccessorImpl.newInstance0(Native Method)
at java.base/jdk.internal.reflect.NativeConstructorAccessorImpl.newInstance(Unknown Source)
at java.base/jdk.internal.reflect.DelegatingConstructorAccessorImpl.newInstance(Unknown Source)
at java.base/java.lang.reflect.Constructor.newInstance(Unknown Source)
at org.openqa.selenium.remote.http.W3CHttpResponseCodec.createException(W3CHttpResponseCodec.java:187)
at org.openqa.selenium.remote.http.W3CHttpResponseCodec.decode(W3CHttpResponseCodec.java:122)
at org.openqa.selenium.remote.http.W3CHttpResponseCodec.decode(W3CHttpResponseCodec.java:49)
at org.openqa.selenium.remote.HttpCommandExecutor.execute(HttpCommandExecutor.java:158)
at org.openqa.selenium.remote.service.DriverCommandExecutor.execute(DriverCommandExecutor.java:83)
at org.openqa.selenium.remote.RemoteWebDriver.execute(RemoteWebDriver.java:552)
at org.openqa.selenium.remote.RemoteWebElement.execute(RemoteWebElement.java:285)
at org.openqa.selenium.remote.RemoteWebElement.getText(RemoteWebElement.java:166)
at jdk.internal.reflect.GeneratedMethodAccessor5.invoke(Unknown Source)
at java.base/jdk.internal.reflect.DelegatingMethodAccessorImpl.invoke(Unknown Source)
at java.base/java.lang.reflect.Method.invoke(Unknown Source)
at org.openqa.selenium.support.pagefactory.internal.LocatingElementHandler.invoke(LocatingElementHandler.java:51)
at com.sun.proxy.$Proxy16.getText(Unknown Source)
at com.tetherfi.pages.BasePage.getTextFromWebElement(BasePage.java:281)
at com.tetherfi.pages.WorkCodeListPage.verifyArrowMoveForPreviousAndNextPage(WorkCodeListPage.java:260)
at com.tetherfi.test.tmac.WorkCodeListTest.VerifyArrowMoveForPreviousAndNextPage(WorkCodeListTest.java:348)
at java.base/jdk.internal.reflect.NativeMethodAccessorImpl.invoke0(Native Method)
at java.base/jdk.internal.reflect.NativeMethodAccessorImpl.invoke(Unknown Source)
at java.base/jdk.internal.reflect.DelegatingMethodAccessorImpl.invoke(Unknown Source)
at java.base/java.lang.reflect.Method.invoke(Unknown Source)
at org.testng.internal.MethodInvocationHelper.invokeMethod(MethodInvocationHelper.java:133)
at org.testng.internal.TestInvoker.invokeMethod(TestInvoker.java:584)
at org.testng.internal.TestInvoker.invokeTestMethod(TestInvoker.java:172)
at org.testng.internal.MethodRunner.runInSequence(MethodRunner.java:46)
at org.testng.internal.TestInvoker$MethodInvocationAgent.invoke(TestInvoker.java:804)
at org.testng.internal.TestInvoker.invokeTestMethods(TestInvoker.java:145)
at org.testng.internal.TestMethodWorker.invokeTestMethods(TestMethodWorker.java:146)
at org.testng.internal.TestMethodWorker.run(TestMethodWorker.java:128)
at java.base/java.util.ArrayList.forEach(Unknown Source)
at org.testng.TestRunner.privateRun(TestRunner.java:770)
at org.testng.TestRunner.run(TestRunner.java:591)
at org.testng.SuiteRunner.runTest(SuiteRunner.java:402)
at org.testng.SuiteRunner.runSequentially(SuiteRunner.java:396)
at org.testng.SuiteRunner.privateRun(SuiteRunner.java:355)
at org.testng.SuiteRunner.run(SuiteRunner.java:304)
at org.testng.SuiteRunnerWorker.runSuite(SuiteRunnerWorker.java:53)
at org.testng.SuiteRunnerWorker.run(SuiteRunnerWorker.java:96)
at org.testng.TestNG.runSuitesSequentially(TestNG.java:1180)
at org.testng.TestNG.runSuitesLocally(TestNG.java:1102)
at org.testng.TestNG.runSuites(TestNG.java:1032)
at org.testng.TestNG.run(TestNG.java:1000)
at org.testng.remote.AbstractRemoteTestNG.run(AbstractRemoteTestNG.java:115)
at org.testng.remote.RemoteTestNG.initAndRun(RemoteTestNG.java:251)
at org.testng.remote.RemoteTestNG.main(RemoteTestNG.java:77)
]]>
    </error>
  </testcase> <!-- VerifyArrowMoveForPreviousAndNextPage -->
  <testcase classname="com.tetherfi.test.tmac.WorkCodeListTest" name="VerifyArrowMoveForFirstAndLastPage" time="8.915"/>
  <testcase classname="com.tetherfi.test.tmac.WorkCodeListTest" name="VerifyTotalNumberOfItemsPerPageDetails" time="5.692"/>
  <testcase classname="com.tetherfi.test.tmac.WorkCodeListTest" name="VerifyNumberOfItemsPerPageSelection" time="16.694"/>
  <testcase classname="com.tetherfi.test.tmac.WorkCodeListTest" name="VerifyDropdownForAllTheColumns" time="16.402"/>
  <testcase classname="com.tetherfi.test.tmac.WorkCodeListTest" name="VerifyColumnsHeaderEnable" time="12.781"/>
  <testcase classname="com.tetherfi.test.tmac.WorkCodeListTest" name="VerifyColumnsHeaderDisable" time="14.116"/>
  <testcase classname="com.tetherfi.test.tmac.WorkCodeListTest" name="SortingByAscending" time="13.903"/>
  <testcase classname="com.tetherfi.test.tmac.WorkCodeListTest" name="SortingByDescending" time="12.262"/>
  <testcase classname="com.tetherfi.test.tmac.WorkCodeListTest" name="ExporttoExcelWithoutData" time="22.269"/>
</testsuite> <!-- com.tetherfi.test.tmac.WorkCodeListTest -->
