<?xml version="1.0" encoding="UTF-8"?>
<!-- Generated by org.testng.reporters.JUnitReportReporter -->
<testsuite skipped="0" hostname="DESKTOP-NJVBPFB" name="com.tetherfi.test.ivr.VBEnrollmentFlagTest" tests="3" failures="0" timestamp="2020-05-08T10:14:47 IST" time="39.865" errors="0">
  <testcase name="AddNewVBEnrollmentFlagRecord" time="15.461" classname="com.tetherfi.test.ivr.VBEnrollmentFlagTest"/>
  <testcase name="EditVBEnrollmentFlagRecord" time="12.725" classname="com.tetherfi.test.ivr.VBEnrollmentFlagTest"/>
  <testcase name="DeleteVBEnrollmentFlagRecord" time="11.679" classname="com.tetherfi.test.ivr.VBEnrollmentFlagTest"/>
</testsuite> <!-- com.tetherfi.test.ivr.VBEnrollmentFlagTest -->
