<?xml version="1.0" encoding="UTF-8"?>
<!-- Generated by org.testng.reporters.JUnitReportReporter -->
<testsuite hostname="DESKTOP-O6A5C2O" failures="0" tests="16" name="com.tetherfi.test.fax.FaxTemplateUpdateTest" time="923.944" errors="1" timestamp="2020-03-18T01:31:18 IST" skipped="1">
  <testcase classname="com.tetherfi.test.fax.FaxTemplateUpdateTest" name="VerifyEditCancelButton" time="53.141"/>
  <testcase classname="com.tetherfi.test.fax.FaxTemplateUpdateTest" name="EditRevertFaxTemplateRecord" time="54.775"/>
  <testcase classname="com.tetherfi.test.fax.FaxTemplateUpdateTest" name="VerifyRevertforEditRecord" time="54.824"/>
  <testcase classname="com.tetherfi.test.fax.FaxTemplateUpdateTest" name="VerifyAuditTrailReportForEditRevertRecord" time="77.723"/>
  <testcase classname="com.tetherfi.test.fax.FaxTemplateUpdateTest" name="EditRejectFaxTemplateRecord" time="60.445"/>
  <testcase classname="com.tetherfi.test.fax.FaxTemplateUpdateTest" name="VerifySendForApprovalForEditRejectRecord" time="60.762"/>
  <testcase classname="com.tetherfi.test.fax.FaxTemplateUpdateTest" name="RejectforEditFaxTemplateRecord" time="61.573"/>
  <testcase classname="com.tetherfi.test.fax.FaxTemplateUpdateTest" name="VerifyAuditTrailReportForRejectRecord" time="78.913"/>
  <testcase classname="com.tetherfi.test.fax.FaxTemplateUpdateTest" name="EditApproveFaxTemplateRecord" time="59.227"/>
  <testcase classname="com.tetherfi.test.fax.FaxTemplateUpdateTest" name="VerifyAuditTrailDataForApproveRecord" time="57.559"/>
  <testcase classname="com.tetherfi.test.fax.FaxTemplateUpdateTest" name="VerifyAuditTrailReportForUpdate" time="73.895"/>
  <testcase classname="com.tetherfi.test.fax.FaxTemplateUpdateTest" name="VerifySendForApprovalForEditApproveRecord" time="47.422"/>
  <testcase classname="com.tetherfi.test.fax.FaxTemplateUpdateTest" name="VerifyAuditTrailReportForSendForApproval" time="75.539"/>
  <testcase classname="com.tetherfi.test.fax.FaxTemplateUpdateTest" name="ApproveForUpdatedFaxTemplateRecord" time="47.988">
    <error message="stale element reference: element is not attached to the page document
  (Session info: chrome=78.0.3904.70)
For documentation on this error, please visit: https://www.seleniumhq.org/exceptions/stale_element_reference.html
Build info: version: &#039;3.141.59&#039;, revision: &#039;e82be7d358&#039;, time: &#039;2018-11-14T08:17:03&#039;
System info: host: &#039;DESKTOP-O6A5C2O&#039;, ip: &#039;10.0.75.1&#039;, os.name: &#039;Windows 10&#039;, os.arch: &#039;amd64&#039;, os.version: &#039;10.0&#039;, java.version: &#039;9.0.4&#039;
Driver info: org.openqa.selenium.chrome.ChromeDriver
Capabilities {acceptInsecureCerts: false, browserName: chrome, browserVersion: 78.0.3904.70, chrome: {chromedriverVersion: 78.0.3904.105 (60e2d8774a81..., userDataDir: C:\Users\admin\AppData\Loca...}, goog:chromeOptions: {debuggerAddress: localhost:52574}, javascriptEnabled: true, networkConnectionEnabled: false, pageLoadStrategy: normal, platform: XP, platformName: XP, proxy: Proxy(), setWindowRect: true, strictFileInteractability: false, timeouts: {implicit: 0, pageLoad: 300000, script: 30000}, unhandledPromptBehavior: dismiss and notify}
Session ID: 07bd499b13c1c57c057353fd12db923a
*** Element info: {Using=id, value=isEnabled}" type="org.openqa.selenium.StaleElementReferenceException">
      <![CDATA[org.openqa.selenium.StaleElementReferenceException: stale element reference: element is not attached to the page document
  (Session info: chrome=78.0.3904.70)
For documentation on this error, please visit: https://www.seleniumhq.org/exceptions/stale_element_reference.html
Build info: version: '3.141.59', revision: 'e82be7d358', time: '2018-11-14T08:17:03'
System info: host: 'DESKTOP-O6A5C2O', ip: '10.0.75.1', os.name: 'Windows 10', os.arch: 'amd64', os.version: '10.0', java.version: '9.0.4'
Driver info: org.openqa.selenium.chrome.ChromeDriver
Capabilities {acceptInsecureCerts: false, browserName: chrome, browserVersion: 78.0.3904.70, chrome: {chromedriverVersion: 78.0.3904.105 (60e2d8774a81..., userDataDir: C:\Users\admin\AppData\Loca...}, goog:chromeOptions: {debuggerAddress: localhost:52574}, javascriptEnabled: true, networkConnectionEnabled: false, pageLoadStrategy: normal, platform: XP, platformName: XP, proxy: Proxy(), setWindowRect: true, strictFileInteractability: false, timeouts: {implicit: 0, pageLoad: 300000, script: 30000}, unhandledPromptBehavior: dismiss and notify}
Session ID: 07bd499b13c1c57c057353fd12db923a
*** Element info: {Using=id, value=isEnabled}
at java.base/jdk.internal.reflect.NativeConstructorAccessorImpl.newInstance0(Native Method)
at java.base/jdk.internal.reflect.NativeConstructorAccessorImpl.newInstance(Unknown Source)
at java.base/jdk.internal.reflect.DelegatingConstructorAccessorImpl.newInstance(Unknown Source)
at java.base/java.lang.reflect.Constructor.newInstance(Unknown Source)
at org.openqa.selenium.remote.http.W3CHttpResponseCodec.createException(W3CHttpResponseCodec.java:187)
at org.openqa.selenium.remote.http.W3CHttpResponseCodec.decode(W3CHttpResponseCodec.java:122)
at org.openqa.selenium.remote.http.W3CHttpResponseCodec.decode(W3CHttpResponseCodec.java:49)
at org.openqa.selenium.remote.HttpCommandExecutor.execute(HttpCommandExecutor.java:158)
at org.openqa.selenium.remote.service.DriverCommandExecutor.execute(DriverCommandExecutor.java:83)
at org.openqa.selenium.remote.RemoteWebDriver.execute(RemoteWebDriver.java:552)
at org.openqa.selenium.remote.RemoteWebElement.execute(RemoteWebElement.java:285)
at org.openqa.selenium.remote.RemoteWebElement.findElement(RemoteWebElement.java:185)
at org.openqa.selenium.remote.RemoteWebElement.findElementById(RemoteWebElement.java:221)
at org.openqa.selenium.By$ById.findElement(By.java:188)
at org.openqa.selenium.remote.RemoteWebElement.findElement(RemoteWebElement.java:181)
at com.tetherfi.pages.FaxTemplatePage.selectRecord(FaxTemplatePage.java:1016)
at com.tetherfi.pages.FaxTemplatePage.clickonApprove(FaxTemplatePage.java:1196)
at com.tetherfi.test.fax.FaxTemplateUpdateTest.ApproveForUpdatedFaxTemplateRecord(FaxTemplateUpdateTest.java:217)
at java.base/jdk.internal.reflect.NativeMethodAccessorImpl.invoke0(Native Method)
at java.base/jdk.internal.reflect.NativeMethodAccessorImpl.invoke(Unknown Source)
at java.base/jdk.internal.reflect.DelegatingMethodAccessorImpl.invoke(Unknown Source)
at java.base/java.lang.reflect.Method.invoke(Unknown Source)
at org.testng.internal.MethodInvocationHelper.invokeMethod(MethodInvocationHelper.java:133)
at org.testng.internal.TestInvoker.invokeMethod(TestInvoker.java:584)
at org.testng.internal.TestInvoker.invokeTestMethod(TestInvoker.java:172)
at org.testng.internal.MethodRunner.runInSequence(MethodRunner.java:46)
at org.testng.internal.TestInvoker$MethodInvocationAgent.invoke(TestInvoker.java:804)
at org.testng.internal.TestInvoker.invokeTestMethods(TestInvoker.java:145)
at org.testng.internal.TestMethodWorker.invokeTestMethods(TestMethodWorker.java:146)
at org.testng.internal.TestMethodWorker.run(TestMethodWorker.java:128)
at java.base/java.util.ArrayList.forEach(Unknown Source)
at org.testng.TestRunner.privateRun(TestRunner.java:770)
at org.testng.TestRunner.run(TestRunner.java:591)
at org.testng.SuiteRunner.runTest(SuiteRunner.java:402)
at org.testng.SuiteRunner.runSequentially(SuiteRunner.java:396)
at org.testng.SuiteRunner.privateRun(SuiteRunner.java:355)
at org.testng.SuiteRunner.run(SuiteRunner.java:304)
at org.testng.SuiteRunnerWorker.runSuite(SuiteRunnerWorker.java:53)
at org.testng.SuiteRunnerWorker.run(SuiteRunnerWorker.java:96)
at org.testng.TestNG.runSuitesSequentially(TestNG.java:1180)
at org.testng.TestNG.runSuitesLocally(TestNG.java:1102)
at org.testng.TestNG.runSuites(TestNG.java:1032)
at org.testng.TestNG.run(TestNG.java:1000)
at org.testng.remote.AbstractRemoteTestNG.run(AbstractRemoteTestNG.java:115)
at org.testng.remote.RemoteTestNG.initAndRun(RemoteTestNG.java:251)
at org.testng.remote.RemoteTestNG.main(RemoteTestNG.java:77)
]]>
    </error>
  </testcase> <!-- ApproveForUpdatedFaxTemplateRecord -->
  <testcase classname="com.tetherfi.test.fax.FaxTemplateUpdateTest" name="VerifyAuditTrailReportForApprove" time="49.866">
    <skipped/>
  </testcase> <!-- VerifyAuditTrailReportForApprove -->
  <testcase classname="com.tetherfi.test.fax.FaxTemplateUpdateTest" name="EditApproveFaxTemplateRecordWithOutModifyReson" time="10.292"/>
</testsuite> <!-- com.tetherfi.test.fax.FaxTemplateUpdateTest -->
