<?xml version="1.0" encoding="UTF-8"?>
<!-- Generated by org.testng.reporters.JUnitReportReporter -->
<testsuite hostname="DESKTOP-O6A5C2O" failures="0" tests="1" name="com.tetherfi.test.chat.ChatMenuDescriptionTest" time="8.152" errors="0" timestamp="2019-10-29T18:33:23 IST" skipped="0">
  <testcase classname="com.tetherfi.test.chat.ChatMenuDescriptionTest" name="database" time="8.152"/>
</testsuite> <!-- com.tetherfi.test.chat.ChatMenuDescriptionTest -->
