<?xml version="1.0" encoding="UTF-8"?>
<!-- Generated by org.testng.reporters.JUnitReportReporter -->
<testsuite skipped="0" hostname="TTF-BLR-SANTOSHKOUJALAGI" name="com.tetherfi.test.UserOnBoardingDepartmentLevelUserDeleteTest" tests="14" failures="0" timestamp="2021-08-01T23:11:55 IST" time="864.415" errors="0">
  <testcase name="DeleteRevertUserOnBoardingRecord" time="67.438" classname="com.tetherfi.test.UserOnBoardingDepartmentLevelUserDeleteTest"/>
  <testcase name="VerifyRevertForDeleteRecord" time="50.761" classname="com.tetherfi.test.UserOnBoardingDepartmentLevelUserDeleteTest"/>
  <testcase name="VerifyAuditTrialReportForRevertDelete" time="64.037" classname="com.tetherfi.test.UserOnBoardingDepartmentLevelUserDeleteTest"/>
  <testcase name="RejectDeleteRecord" time="48.230" classname="com.tetherfi.test.UserOnBoardingDepartmentLevelUserDeleteTest"/>
  <testcase name="VerifySendForApprovalForDeleteNewRecord" time="65.298" classname="com.tetherfi.test.UserOnBoardingDepartmentLevelUserDeleteTest"/>
  <testcase name="RejectforDeleteUserOnBoardingRecord" time="63.592" classname="com.tetherfi.test.UserOnBoardingDepartmentLevelUserDeleteTest"/>
  <testcase name="VerifyAuditTrailReportForReject" time="60.231" classname="com.tetherfi.test.UserOnBoardingDepartmentLevelUserDeleteTest"/>
  <testcase name="DeleteUserOnBoardingRecord" time="44.039" classname="com.tetherfi.test.UserOnBoardingDepartmentLevelUserDeleteTest"/>
  <testcase name="VerifyAuditTrialReportForDelete" time="92.282" classname="com.tetherfi.test.UserOnBoardingDepartmentLevelUserDeleteTest"/>
  <testcase name="VerifyAuditTrailDataForDeleteUserOnBoardingRecord" time="57.413" classname="com.tetherfi.test.UserOnBoardingDepartmentLevelUserDeleteTest"/>
  <testcase name="VerifySendForApprovalForDeleteRecord" time="44.147" classname="com.tetherfi.test.UserOnBoardingDepartmentLevelUserDeleteTest"/>
  <testcase name="VerifyAuditTrailReportForSendForApprove" time="84.766" classname="com.tetherfi.test.UserOnBoardingDepartmentLevelUserDeleteTest"/>
  <testcase name="ApproveforDeleteUserOnBoardingRecord" time="40.130" classname="com.tetherfi.test.UserOnBoardingDepartmentLevelUserDeleteTest"/>
  <testcase name="VerifyAuditTrailReportForApprove" time="82.051" classname="com.tetherfi.test.UserOnBoardingDepartmentLevelUserDeleteTest"/>
</testsuite> <!-- com.tetherfi.test.UserOnBoardingDepartmentLevelUserDeleteTest -->
