<?xml version="1.0" encoding="UTF-8"?>
<!-- Generated by org.testng.reporters.JUnitReportReporter -->
<testsuite hostname="DESKTOP-O6A5C2O" failures="0" tests="40" name="com.tetherfi.test.ivr.FaxApplicationFormTest" time="117.804" errors="2" timestamp="2019-11-07T10:50:59 IST" skipped="34">
  <testcase classname="com.tetherfi.test.ivr.FaxApplicationFormTest" name="afterEachMethod" time="6.100">
    <error message="no such window: target window already closed
from unknown error: web view not found
  (Session info: chrome=78.0.3904.70)
Build info: version: &#039;3.141.59&#039;, revision: &#039;e82be7d358&#039;, time: &#039;2018-11-14T08:17:03&#039;
System info: host: &#039;DESKTOP-O6A5C2O&#039;, ip: &#039;10.0.75.1&#039;, os.name: &#039;Windows 10&#039;, os.arch: &#039;amd64&#039;, os.version: &#039;10.0&#039;, java.version: &#039;9.0.4&#039;
Driver info: org.openqa.selenium.chrome.ChromeDriver
Capabilities {acceptInsecureCerts: false, browserName: chrome, browserVersion: 78.0.3904.70, chrome: {chromedriverVersion: 78.0.3904.70 (edb9c9f3de024..., userDataDir: C:\Users\admin\AppData\Loca...}, goog:chromeOptions: {debuggerAddress: localhost:54048}, javascriptEnabled: true, networkConnectionEnabled: false, pageLoadStrategy: normal, platform: XP, platformName: XP, proxy: Proxy(), setWindowRect: true, strictFileInteractability: false, timeouts: {implicit: 0, pageLoad: 300000, script: 30000}, unhandledPromptBehavior: dismiss and notify}
Session ID: e9aed49785e45700d7222034d548945a" type="org.openqa.selenium.NoSuchWindowException">
      <![CDATA[org.openqa.selenium.NoSuchWindowException: no such window: target window already closed
from unknown error: web view not found
  (Session info: chrome=78.0.3904.70)
Build info: version: '3.141.59', revision: 'e82be7d358', time: '2018-11-14T08:17:03'
System info: host: 'DESKTOP-O6A5C2O', ip: '10.0.75.1', os.name: 'Windows 10', os.arch: 'amd64', os.version: '10.0', java.version: '9.0.4'
Driver info: org.openqa.selenium.chrome.ChromeDriver
Capabilities {acceptInsecureCerts: false, browserName: chrome, browserVersion: 78.0.3904.70, chrome: {chromedriverVersion: 78.0.3904.70 (edb9c9f3de024..., userDataDir: C:\Users\admin\AppData\Loca...}, goog:chromeOptions: {debuggerAddress: localhost:54048}, javascriptEnabled: true, networkConnectionEnabled: false, pageLoadStrategy: normal, platform: XP, platformName: XP, proxy: Proxy(), setWindowRect: true, strictFileInteractability: false, timeouts: {implicit: 0, pageLoad: 300000, script: 30000}, unhandledPromptBehavior: dismiss and notify}
Session ID: e9aed49785e45700d7222034d548945a
at jdk.internal.reflect.GeneratedConstructorAccessor30.newInstance(Unknown Source)
at java.base/jdk.internal.reflect.DelegatingConstructorAccessorImpl.newInstance(Unknown Source)
at java.base/java.lang.reflect.Constructor.newInstance(Unknown Source)
at org.openqa.selenium.remote.http.W3CHttpResponseCodec.createException(W3CHttpResponseCodec.java:187)
at org.openqa.selenium.remote.http.W3CHttpResponseCodec.decode(W3CHttpResponseCodec.java:122)
at org.openqa.selenium.remote.http.W3CHttpResponseCodec.decode(W3CHttpResponseCodec.java:49)
at org.openqa.selenium.remote.HttpCommandExecutor.execute(HttpCommandExecutor.java:158)
at org.openqa.selenium.remote.service.DriverCommandExecutor.execute(DriverCommandExecutor.java:83)
at org.openqa.selenium.remote.RemoteWebDriver.execute(RemoteWebDriver.java:552)
at org.openqa.selenium.remote.RemoteWebDriver.execute(RemoteWebDriver.java:609)
at org.openqa.selenium.remote.RemoteWebDriver$RemoteNavigation.refresh(RemoteWebDriver.java:865)
at com.tetherfi.test.ivr.FaxApplicationFormTest.afterEachMethod(FaxApplicationFormTest.java:422)
at java.base/jdk.internal.reflect.NativeMethodAccessorImpl.invoke0(Native Method)
at java.base/jdk.internal.reflect.NativeMethodAccessorImpl.invoke(Unknown Source)
at java.base/jdk.internal.reflect.DelegatingMethodAccessorImpl.invoke(Unknown Source)
at java.base/java.lang.reflect.Method.invoke(Unknown Source)
at org.testng.internal.MethodInvocationHelper.invokeMethod(MethodInvocationHelper.java:133)
at org.testng.internal.MethodInvocationHelper.invokeMethodConsideringTimeout(MethodInvocationHelper.java:62)
at org.testng.internal.ConfigInvoker.invokeConfigurationMethod(ConfigInvoker.java:340)
at org.testng.internal.ConfigInvoker.invokeConfigurations(ConfigInvoker.java:294)
at org.testng.internal.TestInvoker.runConfigMethods(TestInvoker.java:683)
at org.testng.internal.TestInvoker.runAfterGroupsConfigurations(TestInvoker.java:658)
at org.testng.internal.TestInvoker.invokeMethod(TestInvoker.java:642)
at org.testng.internal.TestInvoker.invokeTestMethod(TestInvoker.java:172)
at org.testng.internal.MethodRunner.runInSequence(MethodRunner.java:46)
at org.testng.internal.TestInvoker$MethodInvocationAgent.invoke(TestInvoker.java:804)
at org.testng.internal.TestInvoker.invokeTestMethods(TestInvoker.java:145)
at org.testng.internal.TestMethodWorker.invokeTestMethods(TestMethodWorker.java:146)
at org.testng.internal.TestMethodWorker.run(TestMethodWorker.java:128)
at java.base/java.util.ArrayList.forEach(Unknown Source)
at org.testng.TestRunner.privateRun(TestRunner.java:770)
at org.testng.TestRunner.run(TestRunner.java:591)
at org.testng.SuiteRunner.runTest(SuiteRunner.java:402)
at org.testng.SuiteRunner.runSequentially(SuiteRunner.java:396)
at org.testng.SuiteRunner.privateRun(SuiteRunner.java:355)
at org.testng.SuiteRunner.run(SuiteRunner.java:304)
at org.testng.SuiteRunnerWorker.runSuite(SuiteRunnerWorker.java:53)
at org.testng.SuiteRunnerWorker.run(SuiteRunnerWorker.java:96)
at org.testng.TestNG.runSuitesSequentially(TestNG.java:1180)
at org.testng.TestNG.runSuitesLocally(TestNG.java:1102)
at org.testng.TestNG.runSuites(TestNG.java:1032)
at org.testng.TestNG.run(TestNG.java:1000)
at org.testng.remote.AbstractRemoteTestNG.run(AbstractRemoteTestNG.java:115)
at org.testng.remote.RemoteTestNG.initAndRun(RemoteTestNG.java:251)
at org.testng.remote.RemoteTestNG.main(RemoteTestNG.java:77)
]]>
    </error>
  </testcase> <!-- afterEachMethod -->
  <testcase classname="com.tetherfi.test.ivr.FaxApplicationFormTest" name="FaxApplicationFormPage" time="6.430"/>
  <testcase classname="com.tetherfi.test.ivr.FaxApplicationFormTest" name="VerifyDropdownForAllTheColumns" time="14.877"/>
  <testcase classname="com.tetherfi.test.ivr.FaxApplicationFormTest" name="VerifyColumnsHeaderEnable" time="10.578"/>
  <testcase classname="com.tetherfi.test.ivr.FaxApplicationFormTest" name="VerifyColumnsHeaderDisable" time="9.450"/>
  <testcase classname="com.tetherfi.test.ivr.FaxApplicationFormTest" name="AddNewFaxApplicationFormRecord" time="70.367">
    <error message="no such window: target window already closed
from unknown error: web view not found
  (Session info: chrome=78.0.3904.70)
Build info: version: &#039;3.141.59&#039;, revision: &#039;e82be7d358&#039;, time: &#039;2018-11-14T08:17:03&#039;
System info: host: &#039;DESKTOP-O6A5C2O&#039;, ip: &#039;10.0.75.1&#039;, os.name: &#039;Windows 10&#039;, os.arch: &#039;amd64&#039;, os.version: &#039;10.0&#039;, java.version: &#039;9.0.4&#039;
Driver info: org.openqa.selenium.chrome.ChromeDriver
Capabilities {acceptInsecureCerts: false, browserName: chrome, browserVersion: 78.0.3904.70, chrome: {chromedriverVersion: 78.0.3904.70 (edb9c9f3de024..., userDataDir: C:\Users\admin\AppData\Loca...}, goog:chromeOptions: {debuggerAddress: localhost:54048}, javascriptEnabled: true, networkConnectionEnabled: false, pageLoadStrategy: normal, platform: XP, platformName: XP, proxy: Proxy(), setWindowRect: true, strictFileInteractability: false, timeouts: {implicit: 0, pageLoad: 300000, script: 30000}, unhandledPromptBehavior: dismiss and notify}
Session ID: e9aed49785e45700d7222034d548945a
*** Element info: {Using=css selector, value=#toast-container .toast-message}" type="org.openqa.selenium.NoSuchWindowException">
      <![CDATA[org.openqa.selenium.NoSuchWindowException: no such window: target window already closed
from unknown error: web view not found
  (Session info: chrome=78.0.3904.70)
Build info: version: '3.141.59', revision: 'e82be7d358', time: '2018-11-14T08:17:03'
System info: host: 'DESKTOP-O6A5C2O', ip: '10.0.75.1', os.name: 'Windows 10', os.arch: 'amd64', os.version: '10.0', java.version: '9.0.4'
Driver info: org.openqa.selenium.chrome.ChromeDriver
Capabilities {acceptInsecureCerts: false, browserName: chrome, browserVersion: 78.0.3904.70, chrome: {chromedriverVersion: 78.0.3904.70 (edb9c9f3de024..., userDataDir: C:\Users\admin\AppData\Loca...}, goog:chromeOptions: {debuggerAddress: localhost:54048}, javascriptEnabled: true, networkConnectionEnabled: false, pageLoadStrategy: normal, platform: XP, platformName: XP, proxy: Proxy(), setWindowRect: true, strictFileInteractability: false, timeouts: {implicit: 0, pageLoad: 300000, script: 30000}, unhandledPromptBehavior: dismiss and notify}
Session ID: e9aed49785e45700d7222034d548945a
*** Element info: {Using=css selector, value=#toast-container .toast-message}
at jdk.internal.reflect.GeneratedConstructorAccessor30.newInstance(Unknown Source)
at java.base/jdk.internal.reflect.DelegatingConstructorAccessorImpl.newInstance(Unknown Source)
at java.base/java.lang.reflect.Constructor.newInstance(Unknown Source)
at org.openqa.selenium.remote.http.W3CHttpResponseCodec.createException(W3CHttpResponseCodec.java:187)
at org.openqa.selenium.remote.http.W3CHttpResponseCodec.decode(W3CHttpResponseCodec.java:122)
at org.openqa.selenium.remote.http.W3CHttpResponseCodec.decode(W3CHttpResponseCodec.java:49)
at org.openqa.selenium.remote.HttpCommandExecutor.execute(HttpCommandExecutor.java:158)
at org.openqa.selenium.remote.service.DriverCommandExecutor.execute(DriverCommandExecutor.java:83)
at org.openqa.selenium.remote.RemoteWebDriver.execute(RemoteWebDriver.java:552)
at org.openqa.selenium.remote.RemoteWebDriver.findElement(RemoteWebDriver.java:323)
at org.openqa.selenium.remote.RemoteWebDriver.findElementByCssSelector(RemoteWebDriver.java:420)
at org.openqa.selenium.By$ByCssSelector.findElement(By.java:431)
at org.openqa.selenium.remote.RemoteWebDriver.findElement(RemoteWebDriver.java:315)
at org.openqa.selenium.support.pagefactory.DefaultElementLocator.findElement(DefaultElementLocator.java:69)
at org.openqa.selenium.support.pagefactory.internal.LocatingElementHandler.invoke(LocatingElementHandler.java:38)
at com.sun.proxy.$Proxy16.toString(Unknown Source)
at java.base/java.lang.String.valueOf(Unknown Source)
at java.base/java.lang.StringBuilder.append(Unknown Source)
at org.openqa.selenium.support.ui.ExpectedConditions$10.toString(ExpectedConditions.java:305)
at java.base/java.lang.String.valueOf(Unknown Source)
at java.base/java.lang.StringBuilder.append(Unknown Source)
at org.openqa.selenium.support.ui.FluentWait.until(FluentWait.java:268)
at com.tetherfi.pages.BasePage.waitUntilWebElementIsVisible(BasePage.java:127)
at com.tetherfi.pages.FaxApplicationFormPage.verifySuccessMessage(FaxApplicationFormPage.java:584)
at com.tetherfi.test.ivr.FaxApplicationFormTest.AddNewFaxApplicationFormRecord(FaxApplicationFormTest.java:85)
at java.base/jdk.internal.reflect.NativeMethodAccessorImpl.invoke0(Native Method)
at java.base/jdk.internal.reflect.NativeMethodAccessorImpl.invoke(Unknown Source)
at java.base/jdk.internal.reflect.DelegatingMethodAccessorImpl.invoke(Unknown Source)
at java.base/java.lang.reflect.Method.invoke(Unknown Source)
at org.testng.internal.MethodInvocationHelper.invokeMethod(MethodInvocationHelper.java:133)
at org.testng.internal.TestInvoker.invokeMethod(TestInvoker.java:584)
at org.testng.internal.TestInvoker.invokeTestMethod(TestInvoker.java:172)
at org.testng.internal.MethodRunner.runInSequence(MethodRunner.java:46)
at org.testng.internal.TestInvoker$MethodInvocationAgent.invoke(TestInvoker.java:804)
at org.testng.internal.TestInvoker.invokeTestMethods(TestInvoker.java:145)
at org.testng.internal.TestMethodWorker.invokeTestMethods(TestMethodWorker.java:146)
at org.testng.internal.TestMethodWorker.run(TestMethodWorker.java:128)
at java.base/java.util.ArrayList.forEach(Unknown Source)
at org.testng.TestRunner.privateRun(TestRunner.java:770)
at org.testng.TestRunner.run(TestRunner.java:591)
at org.testng.SuiteRunner.runTest(SuiteRunner.java:402)
at org.testng.SuiteRunner.runSequentially(SuiteRunner.java:396)
at org.testng.SuiteRunner.privateRun(SuiteRunner.java:355)
at org.testng.SuiteRunner.run(SuiteRunner.java:304)
at org.testng.SuiteRunnerWorker.runSuite(SuiteRunnerWorker.java:53)
at org.testng.SuiteRunnerWorker.run(SuiteRunnerWorker.java:96)
at org.testng.TestNG.runSuitesSequentially(TestNG.java:1180)
at org.testng.TestNG.runSuitesLocally(TestNG.java:1102)
at org.testng.TestNG.runSuites(TestNG.java:1032)
at org.testng.TestNG.run(TestNG.java:1000)
at org.testng.remote.AbstractRemoteTestNG.run(AbstractRemoteTestNG.java:115)
at org.testng.remote.RemoteTestNG.initAndRun(RemoteTestNG.java:251)
at org.testng.remote.RemoteTestNG.main(RemoteTestNG.java:77)
]]>
    </error>
  </testcase> <!-- AddNewFaxApplicationFormRecord -->
  <testcase classname="com.tetherfi.test.ivr.FaxApplicationFormTest" name="VerifyAuditTrialReportForCreate" time="0.000">
    <skipped/>
  </testcase> <!-- VerifyAuditTrialReportForCreate -->
  <testcase classname="com.tetherfi.test.ivr.FaxApplicationFormTest" name="AddDuplicateFaxApplicationFormRecord" time="0.000">
    <skipped/>
  </testcase> <!-- AddDuplicateFaxApplicationFormRecord -->
  <testcase classname="com.tetherfi.test.ivr.FaxApplicationFormTest" name="AddNewFaxApplicationFormWithoutFunctionality" time="0.000">
    <skipped/>
  </testcase> <!-- AddNewFaxApplicationFormWithoutFunctionality -->
  <testcase classname="com.tetherfi.test.ivr.FaxApplicationFormTest" name="AddNewFaxApplicationFormWithoutLanguage" time="0.000">
    <skipped/>
  </testcase> <!-- AddNewFaxApplicationFormWithoutLanguage -->
  <testcase classname="com.tetherfi.test.ivr.FaxApplicationFormTest" name="AddNewFaxApplicationFormWithoutPDFFile" time="0.000">
    <skipped/>
  </testcase> <!-- AddNewFaxApplicationFormWithoutPDFFile -->
  <testcase classname="com.tetherfi.test.ivr.FaxApplicationFormTest" name="AddNewFaxApplicationFormWithoutWaveFile" time="0.000">
    <skipped/>
  </testcase> <!-- AddNewFaxApplicationFormWithoutWaveFile -->
  <testcase classname="com.tetherfi.test.ivr.FaxApplicationFormTest" name="AddNewFaxApplicationFormWithoutStatus" time="0.000">
    <skipped/>
  </testcase> <!-- AddNewFaxApplicationFormWithoutStatus -->
  <testcase classname="com.tetherfi.test.ivr.FaxApplicationFormTest" name="EditFaxApplicationFormRecord" time="0.000">
    <skipped/>
  </testcase> <!-- EditFaxApplicationFormRecord -->
  <testcase classname="com.tetherfi.test.ivr.FaxApplicationFormTest" name="VerifyAuditTrialReportForUpdate" time="0.000">
    <skipped/>
  </testcase> <!-- VerifyAuditTrialReportForUpdate -->
  <testcase classname="com.tetherfi.test.ivr.FaxApplicationFormTest" name="EditWithoutModifyReasonFaxApplicationFormRecord" time="0.000">
    <skipped/>
  </testcase> <!-- EditWithoutModifyReasonFaxApplicationFormRecord -->
  <testcase classname="com.tetherfi.test.ivr.FaxApplicationFormTest" name="VerifyCancelButtonAtEditFaxApplicationFormRecord" time="0.001">
    <skipped/>
  </testcase> <!-- VerifyCancelButtonAtEditFaxApplicationFormRecord -->
  <testcase classname="com.tetherfi.test.ivr.FaxApplicationFormTest" name="searchPage" time="0.000">
    <skipped/>
  </testcase> <!-- searchPage -->
  <testcase classname="com.tetherfi.test.ivr.FaxApplicationFormTest" name="searchwithoutSearchTextbox" time="0.001">
    <skipped/>
  </testcase> <!-- searchwithoutSearchTextbox -->
  <testcase classname="com.tetherfi.test.ivr.FaxApplicationFormTest" name="DeleteWithoutDeleteReasonRecord" time="0.000">
    <skipped/>
  </testcase> <!-- DeleteWithoutDeleteReasonRecord -->
  <testcase classname="com.tetherfi.test.ivr.FaxApplicationFormTest" name="VerifyCancelButtonDeleteRecord" time="0.000">
    <skipped/>
  </testcase> <!-- VerifyCancelButtonDeleteRecord -->
  <testcase classname="com.tetherfi.test.ivr.FaxApplicationFormTest" name="DeleteFaxApplicationFormRecord" time="0.000">
    <skipped/>
  </testcase> <!-- DeleteFaxApplicationFormRecord -->
  <testcase classname="com.tetherfi.test.ivr.FaxApplicationFormTest" name="VerifyAuditTrialReportForDelete" time="0.000">
    <skipped/>
  </testcase> <!-- VerifyAuditTrialReportForDelete -->
  <testcase classname="com.tetherfi.test.ivr.FaxApplicationFormTest" name="ExportToExcel" time="0.000">
    <skipped/>
  </testcase> <!-- ExportToExcel -->
  <testcase classname="com.tetherfi.test.ivr.FaxApplicationFormTest" name="ExportToExcelData" time="0.000">
    <skipped/>
  </testcase> <!-- ExportToExcelData -->
  <testcase classname="com.tetherfi.test.ivr.FaxApplicationFormTest" name="VerifySearchIsNotEqualTo" time="0.000">
    <skipped/>
  </testcase> <!-- VerifySearchIsNotEqualTo -->
  <testcase classname="com.tetherfi.test.ivr.FaxApplicationFormTest" name="SearchClearSearch" time="0.000">
    <skipped/>
  </testcase> <!-- SearchClearSearch -->
  <testcase classname="com.tetherfi.test.ivr.FaxApplicationFormTest" name="ExporttoExcelWithoutData" time="0.000">
    <skipped/>
  </testcase> <!-- ExporttoExcelWithoutData -->
  <testcase classname="com.tetherfi.test.ivr.FaxApplicationFormTest" name="VerifySearchContains" time="0.000">
    <skipped/>
  </testcase> <!-- VerifySearchContains -->
  <testcase classname="com.tetherfi.test.ivr.FaxApplicationFormTest" name="SortingByAscending" time="0.000">
    <skipped/>
  </testcase> <!-- SortingByAscending -->
  <testcase classname="com.tetherfi.test.ivr.FaxApplicationFormTest" name="VerifySearchDoesNotContains" time="0.000">
    <skipped/>
  </testcase> <!-- VerifySearchDoesNotContains -->
  <testcase classname="com.tetherfi.test.ivr.FaxApplicationFormTest" name="SortingByDescending" time="0.000">
    <skipped/>
  </testcase> <!-- SortingByDescending -->
  <testcase classname="com.tetherfi.test.ivr.FaxApplicationFormTest" name="VerifySearchStartsWith" time="0.000">
    <skipped/>
  </testcase> <!-- VerifySearchStartsWith -->
  <testcase classname="com.tetherfi.test.ivr.FaxApplicationFormTest" name="GroupBy" time="0.000">
    <skipped/>
  </testcase> <!-- GroupBy -->
  <testcase classname="com.tetherfi.test.ivr.FaxApplicationFormTest" name="VerifySearchEndsWith" time="0.000">
    <skipped/>
  </testcase> <!-- VerifySearchEndsWith -->
  <testcase classname="com.tetherfi.test.ivr.FaxApplicationFormTest" name="VerifyArrowMoveForPreviousAndNextPage" time="0.000">
    <skipped/>
  </testcase> <!-- VerifyArrowMoveForPreviousAndNextPage -->
  <testcase classname="com.tetherfi.test.ivr.FaxApplicationFormTest" name="VerifyArrowMoveForFirstAndLastPage" time="0.000">
    <skipped/>
  </testcase> <!-- VerifyArrowMoveForFirstAndLastPage -->
  <testcase classname="com.tetherfi.test.ivr.FaxApplicationFormTest" name="VerifyTotalNumberOfItemsPerPageDetails" time="0.000">
    <skipped/>
  </testcase> <!-- VerifyTotalNumberOfItemsPerPageDetails -->
  <testcase classname="com.tetherfi.test.ivr.FaxApplicationFormTest" name="VerifyNumberOfItemsPerPageSelection" time="0.000">
    <skipped/>
  </testcase> <!-- VerifyNumberOfItemsPerPageSelection -->
  <testcase classname="com.tetherfi.test.ivr.FaxApplicationFormTest" name="database" time="0.000">
    <skipped/>
  </testcase> <!-- database -->
</testsuite> <!-- com.tetherfi.test.ivr.FaxApplicationFormTest -->
