<?xml version="1.0" encoding="UTF-8"?>
<!-- Generated by org.testng.reporters.JUnitReportReporter -->
<testsuite skipped="3" hostname="TTF-BLR-SANTOSHKOUJALAGI" name="com.tetherfi.test.reports.OCMAgentLoginLogoutReportTest" tests="66" failures="2" timestamp="2021-08-31T23:55:26 IST" time="2058.291" errors="0">
  <testcase name="ShowReport" time="19.830" classname="com.tetherfi.test.reports.OCMAgentLoginLogoutReportTest"/>
  <testcase name="ShowReportInNewPage" time="18.502" classname="com.tetherfi.test.reports.OCMAgentLoginLogoutReportTest"/>
  <testcase name="database" time="86.088" classname="com.tetherfi.test.reports.OCMAgentLoginLogoutReportTest">
    <failure type="java.lang.AssertionError" message="did not expect to find [true] but found [false]">
      <![CDATA[java.lang.AssertionError: did not expect to find [true] but found [false]
at org.testng.Assert.fail(Assert.java:97)
at org.testng.Assert.failNotEquals(Assert.java:969)
at org.testng.Assert.assertTrue(Assert.java:43)
at org.testng.Assert.assertTrue(Assert.java:53)
at com.tetherfi.test.reports.OCMAgentLoginLogoutReportTest.database(OCMAgentLoginLogoutReportTest.java:67)
at sun.reflect.NativeMethodAccessorImpl.invoke0(Native Method)
at sun.reflect.NativeMethodAccessorImpl.invoke(Unknown Source)
at sun.reflect.DelegatingMethodAccessorImpl.invoke(Unknown Source)
at java.lang.reflect.Method.invoke(Unknown Source)
at org.testng.internal.MethodInvocationHelper.invokeMethod(MethodInvocationHelper.java:133)
at org.testng.internal.TestInvoker.invokeMethod(TestInvoker.java:584)
at org.testng.internal.TestInvoker.invokeTestMethod(TestInvoker.java:172)
at org.testng.internal.MethodRunner.runInSequence(MethodRunner.java:46)
at org.testng.internal.TestInvoker$MethodInvocationAgent.invoke(TestInvoker.java:804)
at org.testng.internal.TestInvoker.invokeTestMethods(TestInvoker.java:145)
at org.testng.internal.TestMethodWorker.invokeTestMethods(TestMethodWorker.java:146)
at org.testng.internal.TestMethodWorker.run(TestMethodWorker.java:128)
at java.util.ArrayList.forEach(Unknown Source)
at org.testng.TestRunner.privateRun(TestRunner.java:770)
at org.testng.TestRunner.run(TestRunner.java:591)
at org.testng.SuiteRunner.runTest(SuiteRunner.java:402)
at org.testng.SuiteRunner.runSequentially(SuiteRunner.java:396)
at org.testng.SuiteRunner.privateRun(SuiteRunner.java:355)
at org.testng.SuiteRunner.run(SuiteRunner.java:304)
at org.testng.SuiteRunnerWorker.runSuite(SuiteRunnerWorker.java:53)
at org.testng.SuiteRunnerWorker.run(SuiteRunnerWorker.java:96)
at org.testng.TestNG.runSuitesSequentially(TestNG.java:1180)
at org.testng.TestNG.runSuitesLocally(TestNG.java:1102)
at org.testng.TestNG.runSuites(TestNG.java:1032)
at org.testng.TestNG.run(TestNG.java:1000)
at org.testng.remote.AbstractRemoteTestNG.run(AbstractRemoteTestNG.java:115)
at org.testng.remote.RemoteTestNG.initAndRun(RemoteTestNG.java:251)
at org.testng.remote.RemoteTestNG.main(RemoteTestNG.java:77)
]]>
    </failure>
  </testcase> <!-- database -->
  <testcase name="VerifySearchByFeature" time="21.014" classname="com.tetherfi.test.reports.OCMAgentLoginLogoutReportTest"/>
  <testcase name="VerifySearchIsEqualTo" time="24.695" classname="com.tetherfi.test.reports.OCMAgentLoginLogoutReportTest"/>
  <testcase name="VerifySearchIsNotEqualTo" time="36.770" classname="com.tetherfi.test.reports.OCMAgentLoginLogoutReportTest"/>
  <testcase name="VerifySearchContains" time="25.650" classname="com.tetherfi.test.reports.OCMAgentLoginLogoutReportTest"/>
  <testcase name="VerifySearchDoesNotContains" time="36.729" classname="com.tetherfi.test.reports.OCMAgentLoginLogoutReportTest"/>
  <testcase name="VerifySearchStartsWith" time="24.488" classname="com.tetherfi.test.reports.OCMAgentLoginLogoutReportTest"/>
  <testcase name="VerifySearchEndsWith" time="23.513" classname="com.tetherfi.test.reports.OCMAgentLoginLogoutReportTest"/>
  <testcase name="searchwithoutSearchTextbox" time="23.251" classname="com.tetherfi.test.reports.OCMAgentLoginLogoutReportTest"/>
  <testcase name="ClearSearch" time="19.451" classname="com.tetherfi.test.reports.OCMAgentLoginLogoutReportTest"/>
  <testcase name="verifyAdvancedSearchIsEqualTo" time="25.941" classname="com.tetherfi.test.reports.OCMAgentLoginLogoutReportTest"/>
  <testcase name="verifyAdvancedIsNotEqualTo" time="46.387" classname="com.tetherfi.test.reports.OCMAgentLoginLogoutReportTest"/>
  <testcase name="verifyAdvancedSearchcontains" time="26.338" classname="com.tetherfi.test.reports.OCMAgentLoginLogoutReportTest"/>
  <testcase name="verifyAdvancedSearchDoesnotcontains" time="46.564" classname="com.tetherfi.test.reports.OCMAgentLoginLogoutReportTest"/>
  <testcase name="verifyAdvancedSearchStartswith" time="26.385" classname="com.tetherfi.test.reports.OCMAgentLoginLogoutReportTest"/>
  <testcase name="verifyAdvancedSearchSearchEndswith" time="25.391" classname="com.tetherfi.test.reports.OCMAgentLoginLogoutReportTest"/>
  <testcase name="verifyAdvancedSearchANDCriteria" time="41.013" classname="com.tetherfi.test.reports.OCMAgentLoginLogoutReportTest"/>
  <testcase name="verifyAdvancedSearchORCriteria" time="39.645" classname="com.tetherfi.test.reports.OCMAgentLoginLogoutReportTest"/>
  <testcase name="ClearfiltersAdvSrch" time="23.051" classname="com.tetherfi.test.reports.OCMAgentLoginLogoutReportTest"/>
  <testcase name="VerifySorting" time="20.709" classname="com.tetherfi.test.reports.OCMAgentLoginLogoutReportTest">
    <failure type="java.lang.AssertionError" message="Sorting assertion failed did not expect to find [true] but found [false]">
      <![CDATA[java.lang.AssertionError: Sorting assertion failed did not expect to find [true] but found [false]
at org.testng.Assert.fail(Assert.java:97)
at org.testng.Assert.failNotEquals(Assert.java:969)
at org.testng.Assert.assertTrue(Assert.java:43)
at com.tetherfi.test.reports.OCMAgentLoginLogoutReportTest.VerifySorting(OCMAgentLoginLogoutReportTest.java:278)
at sun.reflect.NativeMethodAccessorImpl.invoke0(Native Method)
at sun.reflect.NativeMethodAccessorImpl.invoke(Unknown Source)
at sun.reflect.DelegatingMethodAccessorImpl.invoke(Unknown Source)
at java.lang.reflect.Method.invoke(Unknown Source)
at org.testng.internal.MethodInvocationHelper.invokeMethod(MethodInvocationHelper.java:133)
at org.testng.internal.TestInvoker.invokeMethod(TestInvoker.java:584)
at org.testng.internal.TestInvoker.invokeTestMethod(TestInvoker.java:172)
at org.testng.internal.MethodRunner.runInSequence(MethodRunner.java:46)
at org.testng.internal.TestInvoker$MethodInvocationAgent.invoke(TestInvoker.java:804)
at org.testng.internal.TestInvoker.invokeTestMethods(TestInvoker.java:145)
at org.testng.internal.TestMethodWorker.invokeTestMethods(TestMethodWorker.java:146)
at org.testng.internal.TestMethodWorker.run(TestMethodWorker.java:128)
at java.util.ArrayList.forEach(Unknown Source)
at org.testng.TestRunner.privateRun(TestRunner.java:770)
at org.testng.TestRunner.run(TestRunner.java:591)
at org.testng.SuiteRunner.runTest(SuiteRunner.java:402)
at org.testng.SuiteRunner.runSequentially(SuiteRunner.java:396)
at org.testng.SuiteRunner.privateRun(SuiteRunner.java:355)
at org.testng.SuiteRunner.run(SuiteRunner.java:304)
at org.testng.SuiteRunnerWorker.runSuite(SuiteRunnerWorker.java:53)
at org.testng.SuiteRunnerWorker.run(SuiteRunnerWorker.java:96)
at org.testng.TestNG.runSuitesSequentially(TestNG.java:1180)
at org.testng.TestNG.runSuitesLocally(TestNG.java:1102)
at org.testng.TestNG.runSuites(TestNG.java:1032)
at org.testng.TestNG.run(TestNG.java:1000)
at org.testng.remote.AbstractRemoteTestNG.run(AbstractRemoteTestNG.java:115)
at org.testng.remote.RemoteTestNG.initAndRun(RemoteTestNG.java:251)
at org.testng.remote.RemoteTestNG.main(RemoteTestNG.java:77)
]]>
    </failure>
  </testcase> <!-- VerifySorting -->
  <testcase name="GroupBy" time="27.048" classname="com.tetherfi.test.reports.OCMAgentLoginLogoutReportTest"/>
  <testcase name="VerifyArrowMoveForPreviousAndNextPage" time="29.677" classname="com.tetherfi.test.reports.OCMAgentLoginLogoutReportTest"/>
  <testcase name="VerifyArrowMoveForFirstAndLastPage" time="27.181" classname="com.tetherfi.test.reports.OCMAgentLoginLogoutReportTest"/>
  <testcase name="VerifyTotalNumberOfItemsPerPageDetails" time="16.498" classname="com.tetherfi.test.reports.OCMAgentLoginLogoutReportTest"/>
  <testcase name="VerifyNumberOfItemsPerPageSelection" time="59.210" classname="com.tetherfi.test.reports.OCMAgentLoginLogoutReportTest"/>
  <testcase name="ClearAll" time="11.508" classname="com.tetherfi.test.reports.OCMAgentLoginLogoutReportTest"/>
  <testcase name="OCMWindow" time="16.894" classname="com.tetherfi.test.reports.OCMAgentLoginLogoutReportTest"/>
  <testcase name="VerifyDropdownForAllTheColumns" time="31.443" classname="com.tetherfi.test.reports.OCMAgentLoginLogoutReportTest"/>
  <testcase name="VerifyColumnsHeaderEnable" time="25.287" classname="com.tetherfi.test.reports.OCMAgentLoginLogoutReportTest"/>
  <testcase name="VerifyColumnsHeaderDisable" time="27.038" classname="com.tetherfi.test.reports.OCMAgentLoginLogoutReportTest"/>
  <testcase name="ScheduleAgentLoginLogoutReport" time="15.698" classname="com.tetherfi.test.reports.OCMAgentLoginLogoutReportTest"/>
  <testcase name="ExportReport" time="14.934" classname="com.tetherfi.test.reports.OCMAgentLoginLogoutReportTest"/>
  <testcase name="ViewDownloadedReportInReportsDownloadPage" time="12.216" classname="com.tetherfi.test.reports.OCMAgentLoginLogoutReportTest"/>
  <testcase name="VerifyDownloadedReportData" time="47.817" classname="com.tetherfi.test.reports.OCMAgentLoginLogoutReportTest"/>
  <testcase name="DeleteRecordWithoutDeleteReasonInReportsDownloadforSingleDate" time="11.103" classname="com.tetherfi.test.reports.OCMAgentLoginLogoutReportTest"/>
  <testcase name="VerifyCancelBtnAtReportsDownloadforSingleDate" time="33.599" classname="com.tetherfi.test.reports.OCMAgentLoginLogoutReportTest"/>
  <testcase name="DeleteRecordforSingleDate" time="12.929" classname="com.tetherfi.test.reports.OCMAgentLoginLogoutReportTest"/>
  <testcase name="ShowReportForDateRange" time="16.705" classname="com.tetherfi.test.reports.OCMAgentLoginLogoutReportTest"/>
  <testcase name="ShowReportInNewPageForDateRange" time="17.364" classname="com.tetherfi.test.reports.OCMAgentLoginLogoutReportTest"/>
  <testcase name="ScheduleReportforDateRange" time="16.172" classname="com.tetherfi.test.reports.OCMAgentLoginLogoutReportTest"/>
  <testcase name="ExportReportForDateRange" time="15.351" classname="com.tetherfi.test.reports.OCMAgentLoginLogoutReportTest"/>
  <testcase name="ViewDownloadedReportInReportDownloadsPageForDateRange" time="12.995" classname="com.tetherfi.test.reports.OCMAgentLoginLogoutReportTest"/>
  <testcase name="VerifyDownloadedReportDataForDateRange" time="262.989" classname="com.tetherfi.test.reports.OCMAgentLoginLogoutReportTest"/>
  <testcase name="DeleteRecordWithoutDeleteReasonInReportsDownloadforDateRange" time="11.648" classname="com.tetherfi.test.reports.OCMAgentLoginLogoutReportTest"/>
  <testcase name="VerifyDeleteCancelBtnInReportDownloads" time="33.506" classname="com.tetherfi.test.reports.OCMAgentLoginLogoutReportTest"/>
  <testcase name="DeleteRecord" time="15.047" classname="com.tetherfi.test.reports.OCMAgentLoginLogoutReportTest"/>
  <testcase name="ExportPage" time="20.784" classname="com.tetherfi.test.reports.OCMAgentLoginLogoutReportTest"/>
  <testcase name="VerifyExportedPage" time="21.104" classname="com.tetherfi.test.reports.OCMAgentLoginLogoutReportTest"/>
  <testcase name="SchedulereportinAgentLoginLogoutReportPage" time="18.082" classname="com.tetherfi.test.reports.OCMAgentLoginLogoutReportTest"/>
  <testcase name="ExportToExcel" time="17.426" classname="com.tetherfi.test.reports.OCMAgentLoginLogoutReportTest"/>
  <testcase name="ViewExportedExcelData" time="22.150" classname="com.tetherfi.test.reports.OCMAgentLoginLogoutReportTest"/>
  <testcase name="VerifyExportedExcelData" time="263.871" classname="com.tetherfi.test.reports.OCMAgentLoginLogoutReportTest"/>
  <testcase name="quickinputforSeconds" time="19.979" classname="com.tetherfi.test.reports.OCMAgentLoginLogoutReportTest"/>
  <testcase name="quickinputwithoutNumber" time="17.385" classname="com.tetherfi.test.reports.OCMAgentLoginLogoutReportTest"/>
  <testcase name="quickInputforMinutes" time="21.651" classname="com.tetherfi.test.reports.OCMAgentLoginLogoutReportTest"/>
  <testcase name="quickInputforhour" time="21.819" classname="com.tetherfi.test.reports.OCMAgentLoginLogoutReportTest"/>
  <testcase name="quickInputforDay" time="21.824" classname="com.tetherfi.test.reports.OCMAgentLoginLogoutReportTest"/>
  <testcase name="quickInputforWeek" time="21.963" classname="com.tetherfi.test.reports.OCMAgentLoginLogoutReportTest"/>
  <testcase name="quickInputMonth" time="21.425" classname="com.tetherfi.test.reports.OCMAgentLoginLogoutReportTest"/>
  <testcase name="quickInputforYear" time="20.857" classname="com.tetherfi.test.reports.OCMAgentLoginLogoutReportTest"/>
  <testcase name="VerifyJsonDataForColumnNames" time="24.709" classname="com.tetherfi.test.reports.OCMAgentLoginLogoutReportTest"/>
  <testcase name="quickInputforInvalidDateRange" classname="com.tetherfi.test.reports.OCMAgentLoginLogoutReportTest">
    <skipped/>
  </testcase> <!-- quickInputforInvalidDateRange -->
  <testcase name="quickInputforInvalidYear" classname="com.tetherfi.test.reports.OCMAgentLoginLogoutReportTest">
    <skipped/>
  </testcase> <!-- quickInputforInvalidYear -->
  <testcase name="quickInputforInvalidMonth" classname="com.tetherfi.test.reports.OCMAgentLoginLogoutReportTest">
    <skipped/>
  </testcase> <!-- quickInputforInvalidMonth -->
</testsuite> <!-- com.tetherfi.test.reports.OCMAgentLoginLogoutReportTest -->
