<?xml version="1.0" encoding="UTF-8"?>
<!-- Generated by org.testng.reporters.JUnitReportReporter -->
<testsuite skipped="0" hostname="TTF-BLR-SANTOSHKOUJALAGI" name="com.tetherfi.test.sms.SmsResponseTemplateCreateTest" tests="23" failures="0" timestamp="2021-10-20T05:47:43 IST" time="759.164" errors="0">
  <testcase name="VerifyAddCancelButton" time="25.663" classname="com.tetherfi.test.sms.SmsResponseTemplateCreateTest"/>
  <testcase name="VerifyAddRecordwithoutText" time="31.205" classname="com.tetherfi.test.sms.SmsResponseTemplateCreateTest"/>
  <testcase name="VerifyAddRecordWithoutIntent" time="28.459" classname="com.tetherfi.test.sms.SmsResponseTemplateCreateTest"/>
  <testcase name="VerifyAddRecordWithoutEnable" time="33.453" classname="com.tetherfi.test.sms.SmsResponseTemplateCreateTest"/>
  <testcase name="VerifyAddRecordWithoutICOMTemplateID" time="24.838" classname="com.tetherfi.test.sms.SmsResponseTemplateCreateTest"/>
  <testcase name="AddRevertRecord" time="25.105" classname="com.tetherfi.test.sms.SmsResponseTemplateCreateTest"/>
  <testcase name="VerifyRevertForAddNewRecord" time="29.229" classname="com.tetherfi.test.sms.SmsResponseTemplateCreateTest"/>
  <testcase name="VerifyApprovedDataSectionWithoutApproval" time="22.587" classname="com.tetherfi.test.sms.SmsResponseTemplateCreateTest"/>
  <testcase name="VerifyAuditTrailReportForRevert" time="53.129" classname="com.tetherfi.test.sms.SmsResponseTemplateCreateTest"/>
  <testcase name="AddRejectRecord" time="26.399" classname="com.tetherfi.test.sms.SmsResponseTemplateCreateTest"/>
  <testcase name="VerifySendForApprovalForAddNewRecord" time="32.587" classname="com.tetherfi.test.sms.SmsResponseTemplateCreateTest"/>
  <testcase name="RejectforAddNewSmsResponseTemplateRecord" time="30.271" classname="com.tetherfi.test.sms.SmsResponseTemplateCreateTest"/>
  <testcase name="VerifyAuditTrailReportForReject" time="48.711" classname="com.tetherfi.test.sms.SmsResponseTemplateCreateTest"/>
  <testcase name="VerifyRecordAfterRejection" time="23.299" classname="com.tetherfi.test.sms.SmsResponseTemplateCreateTest"/>
  <testcase name="AddNewSmsResponseTemplateRecord" time="26.267" classname="com.tetherfi.test.sms.SmsResponseTemplateCreateTest"/>
  <testcase name="VerifyAuditTrailReportForCreate" time="46.583" classname="com.tetherfi.test.sms.SmsResponseTemplateCreateTest"/>
  <testcase name="VerifyAuditTrailDataForAddNewSmsResponseTemplateRecord" time="28.344" classname="com.tetherfi.test.sms.SmsResponseTemplateCreateTest"/>
  <testcase name="VerifySendForApprovalForAddNewSmsResponseTemplateRecord" time="32.220" classname="com.tetherfi.test.sms.SmsResponseTemplateCreateTest"/>
  <testcase name="VerifyAuditTrailReportForSendForApproval" time="51.725" classname="com.tetherfi.test.sms.SmsResponseTemplateCreateTest"/>
  <testcase name="ApproveforAddNewSmsResponseTemplateRecord" time="35.932" classname="com.tetherfi.test.sms.SmsResponseTemplateCreateTest"/>
  <testcase name="VerifyAuditTrailReportForApprove" time="48.190" classname="com.tetherfi.test.sms.SmsResponseTemplateCreateTest"/>
  <testcase name="VerifyRecordApprovedDataSectionafterApproval" time="28.549" classname="com.tetherfi.test.sms.SmsResponseTemplateCreateTest"/>
  <testcase name="AddDuplicateRecord" time="26.419" classname="com.tetherfi.test.sms.SmsResponseTemplateCreateTest"/>
</testsuite> <!-- com.tetherfi.test.sms.SmsResponseTemplateCreateTest -->
