<?xml version="1.0" encoding="UTF-8"?>
<!-- Generated by org.testng.reporters.JUnitReportReporter -->
<testsuite hostname="DESKTOP-O6A5C2O" failures="0" tests="16" name="com.tetherfi.test.sms.SmsResponseTemplateDeleteTest" time="439.924" errors="0" timestamp="2019-10-04T14:38:54 IST" skipped="0">
  <testcase classname="com.tetherfi.test.sms.SmsResponseTemplateDeleteTest" name="DeleteCancelSmsResponseTemplateRecord" time="21.533"/>
  <testcase classname="com.tetherfi.test.sms.SmsResponseTemplateDeleteTest" name="DeleteWithoutModifyReasonRecord" time="22.661"/>
  <testcase classname="com.tetherfi.test.sms.SmsResponseTemplateDeleteTest" name="DeleteRecord" time="24.074"/>
  <testcase classname="com.tetherfi.test.sms.SmsResponseTemplateDeleteTest" name="VerifyRevertForDeleteRecord" time="24.074"/>
  <testcase classname="com.tetherfi.test.sms.SmsResponseTemplateDeleteTest" name="VerifyAuditTrialReportForRevertDelete" time="33.604"/>
  <testcase classname="com.tetherfi.test.sms.SmsResponseTemplateDeleteTest" name="RejectDeleteRecord" time="30.432"/>
  <testcase classname="com.tetherfi.test.sms.SmsResponseTemplateDeleteTest" name="VerifySendForApprovalForDeleteNewRecord" time="25.218"/>
  <testcase classname="com.tetherfi.test.sms.SmsResponseTemplateDeleteTest" name="RejectforDeleteSmsResponseTemplateRecord" time="24.435"/>
  <testcase classname="com.tetherfi.test.sms.SmsResponseTemplateDeleteTest" name="VerifyAuditTrailReportForReject" time="36.237"/>
  <testcase classname="com.tetherfi.test.sms.SmsResponseTemplateDeleteTest" name="DeleteSmsResponseTemplateRecord" time="24.918"/>
  <testcase classname="com.tetherfi.test.sms.SmsResponseTemplateDeleteTest" name="VerifyAuditTrialReportForDelete" time="35.036"/>
  <testcase classname="com.tetherfi.test.sms.SmsResponseTemplateDeleteTest" name="VerifyAuditTrailDataForDeleteSmsResponseTemplateRecord" time="18.676"/>
  <testcase classname="com.tetherfi.test.sms.SmsResponseTemplateDeleteTest" name="VerifySendForApprovalForDeleteRecord" time="22.900"/>
  <testcase classname="com.tetherfi.test.sms.SmsResponseTemplateDeleteTest" name="VerifyAuditTrailReportForSendForApprove" time="35.556"/>
  <testcase classname="com.tetherfi.test.sms.SmsResponseTemplateDeleteTest" name="ApproveforDeleteSmsResponseTemplateRecord" time="26.792"/>
  <testcase classname="com.tetherfi.test.sms.SmsResponseTemplateDeleteTest" name="VerifyAuditTrailReportForApprove" time="33.778"/>
</testsuite> <!-- com.tetherfi.test.sms.SmsResponseTemplateDeleteTest -->
