<?xml version="1.0" encoding="UTF-8"?>
<!-- Generated by org.testng.reporters.JUnitReportReporter -->
<testsuite skipped="0" hostname="TTF-BLR-SANTOSHKOUJALAGI" name="com.tetherfi.test.fax.FaxLineConfigTest" tests="1" failures="0" timestamp="2021-08-04T13:00:36 IST" time="7.552" errors="0">
  <testcase name="database" time="7.552" classname="com.tetherfi.test.fax.FaxLineConfigTest"/>
</testsuite> <!-- com.tetherfi.test.fax.FaxLineConfigTest -->
