<?xml version="1.0" encoding="UTF-8"?>
<!-- Generated by org.testng.reporters.JUnitReportReporter -->
<testsuite skipped="0" hostname="admin" name="com.tetherfi.test.UserManagementOtherAppsE2ETest" tests="4" failures="0" timestamp="18 Feb 2019 14:52:06 GMT" time="472.732" errors="0">
  <testcase name="VerifyIWIVRPreviewerAccess" time="112.760" classname="com.tetherfi.test.UserManagementOtherAppsE2ETest"/>
  <testcase name="VerifyIWIVRCheckerAccess" time="123.731" classname="com.tetherfi.test.UserManagementOtherAppsE2ETest"/>
  <testcase name="VerifyIVRMakerAccess" time="108.336" classname="com.tetherfi.test.UserManagementOtherAppsE2ETest"/>
  <testcase name="VerifyIWIVRMakerCheckerAccess" time="127.905" classname="com.tetherfi.test.UserManagementOtherAppsE2ETest"/>
</testsuite> <!-- com.tetherfi.test.UserManagementOtherAppsE2ETest -->
