<?xml version="1.0" encoding="UTF-8"?>
<!-- Generated by org.testng.reporters.JUnitReportReporter -->
<testsuite hostname="DESKTOP-O6A5C2O" failures="0" tests="1" name="com.tetherfi.test.ivr.IvrConfigTest" time="13.697" errors="0" timestamp="2019-11-27T12:48:33 IST" skipped="0">
  <testcase classname="com.tetherfi.test.ivr.IvrConfigTest" name="EditIvrConfigRecordWithoutModifyReason" time="13.697"/>
</testsuite> <!-- com.tetherfi.test.ivr.IvrConfigTest -->
