<?xml version="1.0" encoding="UTF-8"?>
<!-- Generated by org.testng.reporters.JUnitReportReporter -->
<testsuite skipped="0" hostname="TTF-BLR-SANTOSHKOUJALAGI" name="com.tetherfi.test.tmac.AgentSettingsUITest" tests="31" failures="2" timestamp="2021-07-31T00:30:39 IST" time="1024.913" errors="0">
  <testcase name="VerifyAgentSettingsModuleDisplay" time="10.277" classname="com.tetherfi.test.tmac.AgentSettingsUITest"/>
  <testcase name="VerifyAgentSettingsApprovedDataPage" time="11.177" classname="com.tetherfi.test.tmac.AgentSettingsUITest"/>
  <testcase name="VerifyAgentSettingsAuditTrailDataPage" time="19.016" classname="com.tetherfi.test.tmac.AgentSettingsUITest"/>
  <testcase name="VerifyMakeAgentSettingsChangeButton" time="22.170" classname="com.tetherfi.test.tmac.AgentSettingsUITest"/>
  <testcase name="VerifyAddNewAgentSettingsButton" time="22.796" classname="com.tetherfi.test.tmac.AgentSettingsUITest"/>
  <testcase name="searchPage" time="15.811" classname="com.tetherfi.test.tmac.AgentSettingsUITest"/>
  <testcase name="searchwithoutSearchTextbox" time="14.903" classname="com.tetherfi.test.tmac.AgentSettingsUITest"/>
  <testcase name="SearchClearSearch" time="16.067" classname="com.tetherfi.test.tmac.AgentSettingsUITest"/>
  <testcase name="VerifyFullScreenButton" time="20.438" classname="com.tetherfi.test.tmac.AgentSettingsUITest"/>
  <testcase name="VerifyExportToExcel" time="25.550" classname="com.tetherfi.test.tmac.AgentSettingsUITest"/>
  <testcase name="VerifyExportToExcelWithoutData" time="31.414" classname="com.tetherfi.test.tmac.AgentSettingsUITest"/>
  <testcase name="VerifyDragAndDrop" time="21.864" classname="com.tetherfi.test.tmac.AgentSettingsUITest"/>
  <testcase name="VerifyDragAndDropofAlreadyGroupedHeader" time="23.610" classname="com.tetherfi.test.tmac.AgentSettingsUITest"/>
  <testcase name="VerifyDropdownForAllTheColumns" time="40.139" classname="com.tetherfi.test.tmac.AgentSettingsUITest">
    <failure type="java.lang.AssertionError" message="Columns dropdown assertion failed did not expect to find [true] but found [false]">
      <![CDATA[java.lang.AssertionError: Columns dropdown assertion failed did not expect to find [true] but found [false]
at org.testng.Assert.fail(Assert.java:97)
at org.testng.Assert.failNotEquals(Assert.java:969)
at org.testng.Assert.assertTrue(Assert.java:43)
at com.tetherfi.test.tmac.AgentSettingsUITest.VerifyDropdownForAllTheColumns(AgentSettingsUITest.java:183)
at sun.reflect.NativeMethodAccessorImpl.invoke0(Native Method)
at sun.reflect.NativeMethodAccessorImpl.invoke(Unknown Source)
at sun.reflect.DelegatingMethodAccessorImpl.invoke(Unknown Source)
at java.lang.reflect.Method.invoke(Unknown Source)
at org.testng.internal.MethodInvocationHelper.invokeMethod(MethodInvocationHelper.java:133)
at org.testng.internal.TestInvoker.invokeMethod(TestInvoker.java:584)
at org.testng.internal.TestInvoker.invokeTestMethod(TestInvoker.java:172)
at org.testng.internal.MethodRunner.runInSequence(MethodRunner.java:46)
at org.testng.internal.TestInvoker$MethodInvocationAgent.invoke(TestInvoker.java:804)
at org.testng.internal.TestInvoker.invokeTestMethods(TestInvoker.java:145)
at org.testng.internal.TestMethodWorker.invokeTestMethods(TestMethodWorker.java:146)
at org.testng.internal.TestMethodWorker.run(TestMethodWorker.java:128)
at java.util.ArrayList.forEach(Unknown Source)
at org.testng.TestRunner.privateRun(TestRunner.java:770)
at org.testng.TestRunner.run(TestRunner.java:591)
at org.testng.SuiteRunner.runTest(SuiteRunner.java:402)
at org.testng.SuiteRunner.runSequentially(SuiteRunner.java:396)
at org.testng.SuiteRunner.privateRun(SuiteRunner.java:355)
at org.testng.SuiteRunner.run(SuiteRunner.java:304)
at org.testng.SuiteRunnerWorker.runSuite(SuiteRunnerWorker.java:53)
at org.testng.SuiteRunnerWorker.run(SuiteRunnerWorker.java:96)
at org.testng.TestNG.runSuitesSequentially(TestNG.java:1180)
at org.testng.TestNG.runSuitesLocally(TestNG.java:1102)
at org.testng.TestNG.runSuites(TestNG.java:1032)
at org.testng.TestNG.run(TestNG.java:1000)
at org.testng.remote.AbstractRemoteTestNG.run(AbstractRemoteTestNG.java:115)
at org.testng.remote.RemoteTestNG.initAndRun(RemoteTestNG.java:251)
at org.testng.remote.RemoteTestNG.main(RemoteTestNG.java:77)
]]>
    </failure>
  </testcase> <!-- VerifyDropdownForAllTheColumns -->
  <testcase name="VerifyColumnsHeaderEnable" time="32.787" classname="com.tetherfi.test.tmac.AgentSettingsUITest"/>
  <testcase name="VerifyColumnsHeaderDisable" time="27.314" classname="com.tetherfi.test.tmac.AgentSettingsUITest">
    <failure type="java.lang.AssertionError" message="columns disabled assertion failed did not expect to find [false] but found [true]">
      <![CDATA[java.lang.AssertionError: columns disabled assertion failed did not expect to find [false] but found [true]
at org.testng.Assert.fail(Assert.java:97)
at org.testng.Assert.failNotEquals(Assert.java:969)
at org.testng.Assert.assertFalse(Assert.java:65)
at com.tetherfi.test.tmac.AgentSettingsUITest.VerifyColumnsHeaderDisable(AgentSettingsUITest.java:199)
at sun.reflect.NativeMethodAccessorImpl.invoke0(Native Method)
at sun.reflect.NativeMethodAccessorImpl.invoke(Unknown Source)
at sun.reflect.DelegatingMethodAccessorImpl.invoke(Unknown Source)
at java.lang.reflect.Method.invoke(Unknown Source)
at org.testng.internal.MethodInvocationHelper.invokeMethod(MethodInvocationHelper.java:133)
at org.testng.internal.TestInvoker.invokeMethod(TestInvoker.java:584)
at org.testng.internal.TestInvoker.invokeTestMethod(TestInvoker.java:172)
at org.testng.internal.MethodRunner.runInSequence(MethodRunner.java:46)
at org.testng.internal.TestInvoker$MethodInvocationAgent.invoke(TestInvoker.java:804)
at org.testng.internal.TestInvoker.invokeTestMethods(TestInvoker.java:145)
at org.testng.internal.TestMethodWorker.invokeTestMethods(TestMethodWorker.java:146)
at org.testng.internal.TestMethodWorker.run(TestMethodWorker.java:128)
at java.util.ArrayList.forEach(Unknown Source)
at org.testng.TestRunner.privateRun(TestRunner.java:770)
at org.testng.TestRunner.run(TestRunner.java:591)
at org.testng.SuiteRunner.runTest(SuiteRunner.java:402)
at org.testng.SuiteRunner.runSequentially(SuiteRunner.java:396)
at org.testng.SuiteRunner.privateRun(SuiteRunner.java:355)
at org.testng.SuiteRunner.run(SuiteRunner.java:304)
at org.testng.SuiteRunnerWorker.runSuite(SuiteRunnerWorker.java:53)
at org.testng.SuiteRunnerWorker.run(SuiteRunnerWorker.java:96)
at org.testng.TestNG.runSuitesSequentially(TestNG.java:1180)
at org.testng.TestNG.runSuitesLocally(TestNG.java:1102)
at org.testng.TestNG.runSuites(TestNG.java:1032)
at org.testng.TestNG.run(TestNG.java:1000)
at org.testng.remote.AbstractRemoteTestNG.run(AbstractRemoteTestNG.java:115)
at org.testng.remote.RemoteTestNG.initAndRun(RemoteTestNG.java:251)
at org.testng.remote.RemoteTestNG.main(RemoteTestNG.java:77)
]]>
    </failure>
  </testcase> <!-- VerifyColumnsHeaderDisable -->
  <testcase name="VerifyArrowMoveForPreviousAndNextPage" time="23.806" classname="com.tetherfi.test.tmac.AgentSettingsUITest"/>
  <testcase name="VerifyArrowMoveForFirstAndLastPage" time="23.574" classname="com.tetherfi.test.tmac.AgentSettingsUITest"/>
  <testcase name="VerifyTotalNumberOfItemsPerPageDetails" time="22.676" classname="com.tetherfi.test.tmac.AgentSettingsUITest"/>
  <testcase name="VerifyNumberOfItemsPerPageSelection" time="50.764" classname="com.tetherfi.test.tmac.AgentSettingsUITest"/>
  <testcase name="VerifySearchIsNotEqualTo" time="127.099" classname="com.tetherfi.test.tmac.AgentSettingsUITest"/>
  <testcase name="VerifySearchContains" time="28.799" classname="com.tetherfi.test.tmac.AgentSettingsUITest"/>
  <testcase name="VerifySearchDoesNotContains" time="97.506" classname="com.tetherfi.test.tmac.AgentSettingsUITest"/>
  <testcase name="VerifySearchStartsWith" time="28.871" classname="com.tetherfi.test.tmac.AgentSettingsUITest"/>
  <testcase name="VerifySearchEndsWith" time="42.059" classname="com.tetherfi.test.tmac.AgentSettingsUITest"/>
  <testcase name="VerifyMandatoryFieldWarningMessage" time="22.098" classname="com.tetherfi.test.tmac.AgentSettingsUITest"/>
  <testcase name="VerifyAddRecordWithoutLanID" time="42.973" classname="com.tetherfi.test.tmac.AgentSettingsUITest"/>
  <testcase name="VerifyAddRecordWithoutAvayaLoginID" time="42.530" classname="com.tetherfi.test.tmac.AgentSettingsUITest"/>
  <testcase name="VerifyAddRecordWithoutFirstName" time="42.260" classname="com.tetherfi.test.tmac.AgentSettingsUITest"/>
  <testcase name="VerifyAddRecordWithoutOrgUnitProfileandSupervisor" time="31.931" classname="com.tetherfi.test.tmac.AgentSettingsUITest"/>
  <testcase name="VerifyAddRecordWithoutLastName" time="42.634" classname="com.tetherfi.test.tmac.AgentSettingsUITest"/>
</testsuite> <!-- com.tetherfi.test.tmac.AgentSettingsUITest -->
