<?xml version="1.0" encoding="UTF-8"?>
<!-- Generated by org.testng.reporters.JUnitReportReporter -->
<testsuite hostname="DESKTOP-O6A5C2O" failures="0" tests="27" name="com.tetherfi.test.UserRoleMappingCreateTest" time="1600.469" errors="0" timestamp="2020-01-07T12:30:23 IST" skipped="0">
  <testcase classname="com.tetherfi.test.UserRoleMappingCreateTest" name="VerifyAddCancelButton" time="33.439"/>
  <testcase classname="com.tetherfi.test.UserRoleMappingCreateTest" name="VerifyAddRecordwithoutFirstName" time="82.106"/>
  <testcase classname="com.tetherfi.test.UserRoleMappingCreateTest" name="VerifyAddRecordWithoutLastName" time="78.972"/>
  <testcase classname="com.tetherfi.test.UserRoleMappingCreateTest" name="VerifyAddRecordWithoutLanId" time="75.541"/>
  <testcase classname="com.tetherfi.test.UserRoleMappingCreateTest" name="VerifyAddRecordWithoutLoginID" time="80.124"/>
  <testcase classname="com.tetherfi.test.UserRoleMappingCreateTest" name="VerifyAddRecordWithoutOrgUnit" time="38.236"/>
  <testcase classname="com.tetherfi.test.UserRoleMappingCreateTest" name="VerifyAddRecordWithoutProfile" time="77.632"/>
  <testcase classname="com.tetherfi.test.UserRoleMappingCreateTest" name="VerifyAddRecordWithoutSupervisor" time="81.043"/>
  <testcase classname="com.tetherfi.test.UserRoleMappingCreateTest" name="VerifyAddRecordWithoutRole" time="78.703"/>
  <testcase classname="com.tetherfi.test.UserRoleMappingCreateTest" name="AddRevertRecord" time="86.268"/>
  <testcase classname="com.tetherfi.test.UserRoleMappingCreateTest" name="VerifyRevertForAddNewRecord" time="40.204"/>
  <testcase classname="com.tetherfi.test.UserRoleMappingCreateTest" name="VerifyApprovedDataSectionWithoutApproval" time="33.812"/>
  <testcase classname="com.tetherfi.test.UserRoleMappingCreateTest" name="VerifyAuditTrailReportForRevert" time="50.812"/>
  <testcase classname="com.tetherfi.test.UserRoleMappingCreateTest" name="AddRejectRecord" time="85.765"/>
  <testcase classname="com.tetherfi.test.UserRoleMappingCreateTest" name="VerifySendForApprovalForAddNewRecord" time="39.766"/>
  <testcase classname="com.tetherfi.test.UserRoleMappingCreateTest" name="RejectforAddNewNewUserRoleMappingRecord" time="42.249"/>
  <testcase classname="com.tetherfi.test.UserRoleMappingCreateTest" name="VerifyAuditTrailReportForReject" time="53.964"/>
  <testcase classname="com.tetherfi.test.UserRoleMappingCreateTest" name="VerifyRecordAfterRejection" time="35.171"/>
  <testcase classname="com.tetherfi.test.UserRoleMappingCreateTest" name="AddNewNewUserRoleMappingRecord" time="87.089"/>
  <testcase classname="com.tetherfi.test.UserRoleMappingCreateTest" name="VerifyAuditTrailReportForCreate" time="53.219"/>
  <testcase classname="com.tetherfi.test.UserRoleMappingCreateTest" name="VerifyAuditTrailDataForAddNewNewUserRoleMappingRecord" time="39.852"/>
  <testcase classname="com.tetherfi.test.UserRoleMappingCreateTest" name="VerifySendForApprovalForAddNewNewUserRoleMappingRecord" time="41.315"/>
  <testcase classname="com.tetherfi.test.UserRoleMappingCreateTest" name="VerifyAuditTrailReportForSendForApproval" time="53.982"/>
  <testcase classname="com.tetherfi.test.UserRoleMappingCreateTest" name="ApproveforAddNewNewUserRoleMappingRecord" time="43.553"/>
  <testcase classname="com.tetherfi.test.UserRoleMappingCreateTest" name="VerifyAuditTrailReportForApprove" time="53.602"/>
  <testcase classname="com.tetherfi.test.UserRoleMappingCreateTest" name="VerifyRecordApprovedDataSectionafterApproval" time="33.610"/>
  <testcase classname="com.tetherfi.test.UserRoleMappingCreateTest" name="AddDuplicateRecord" time="100.440"/>
</testsuite> <!-- com.tetherfi.test.UserRoleMappingCreateTest -->
