<?xml version="1.0" encoding="UTF-8"?>
<!-- Generated by org.testng.reporters.JUnitReportReporter -->
<testsuite hostname="admin" failures="0" tests="3" name="com.tetherfi.test.fax.FaxLineConfigTest" time="72.321" errors="0" timestamp="10 Apr 2019 11:51:24 GMT" skipped="0">
  <testcase classname="com.tetherfi.test.fax.FaxLineConfigTest" name="RoutesLink" time="33.738"/>
  <testcase classname="com.tetherfi.test.fax.FaxLineConfigTest" name="AutoAckLink" time="16.753"/>
  <testcase classname="com.tetherfi.test.fax.FaxLineConfigTest" name="SendersLink" time="21.830"/>
</testsuite> <!-- com.tetherfi.test.fax.FaxLineConfigTest -->
