<?xml version="1.0" encoding="UTF-8"?>
<!-- Generated by org.testng.reporters.JUnitReportReporter -->
<testsuite skipped="0" hostname="TTF-BLR-SANTOSHKOUJALAGI" name="com.tetherfi.test.DashboardColorCodeConfigTest" tests="39" failures="1" timestamp="2021-08-10T08:26:23 IST" time="664.127" errors="0">
  <testcase name="DashboardColorCodeConfigPage" time="7.626" classname="com.tetherfi.test.DashboardColorCodeConfigTest"/>
  <testcase name="AddnewCancel" time="18.616" classname="com.tetherfi.test.DashboardColorCodeConfigTest"/>
  <testcase name="AddNewDashboardColorConfigRecord" time="19.211" classname="com.tetherfi.test.DashboardColorCodeConfigTest"/>
  <testcase name="AddRecordWithoutDashboardName" time="16.869" classname="com.tetherfi.test.DashboardColorCodeConfigTest"/>
  <testcase name="AddRecordWithoutColumnName" time="15.211" classname="com.tetherfi.test.DashboardColorCodeConfigTest"/>
  <testcase name="AddRecordWithoutStartTime" time="17.593" classname="com.tetherfi.test.DashboardColorCodeConfigTest"/>
  <testcase name="AddRecordWithoutEndTime" time="14.540" classname="com.tetherfi.test.DashboardColorCodeConfigTest"/>
  <testcase name="AddRecordWithDuplicate" time="18.782" classname="com.tetherfi.test.DashboardColorCodeConfigTest"/>
  <testcase name="VerifyAuditTrialReportForCreate" time="49.465" classname="com.tetherfi.test.DashboardColorCodeConfigTest"/>
  <testcase name="EditDashboardColorConfigCancelRecord" time="19.817" classname="com.tetherfi.test.DashboardColorCodeConfigTest"/>
  <testcase name="EditWithoutModifyReasonRecord" time="16.517" classname="com.tetherfi.test.DashboardColorCodeConfigTest"/>
  <testcase name="EditDashboardColorConfigRecord" time="24.660" classname="com.tetherfi.test.DashboardColorCodeConfigTest"/>
  <testcase name="VerifyAuditTrialReportForUpdate" time="43.844" classname="com.tetherfi.test.DashboardColorCodeConfigTest"/>
  <testcase name="ExportToExcel" time="8.880" classname="com.tetherfi.test.DashboardColorCodeConfigTest"/>
  <testcase name="ExportToExcelData" time="9.148" classname="com.tetherfi.test.DashboardColorCodeConfigTest"/>
  <testcase name="SortingByAscending" time="10.956" classname="com.tetherfi.test.DashboardColorCodeConfigTest"/>
  <testcase name="SortingByDescending" time="11.297" classname="com.tetherfi.test.DashboardColorCodeConfigTest"/>
  <testcase name="GroupBy" time="9.511" classname="com.tetherfi.test.DashboardColorCodeConfigTest"/>
  <testcase name="VerifyArrowMoveForPreviousAndNextPage" time="5.718" classname="com.tetherfi.test.DashboardColorCodeConfigTest"/>
  <testcase name="VerifyArrowMoveForFirstAndLastPage" time="5.991" classname="com.tetherfi.test.DashboardColorCodeConfigTest"/>
  <testcase name="VerifyTotalNumberOfItemsPerPageDetails" time="6.007" classname="com.tetherfi.test.DashboardColorCodeConfigTest"/>
  <testcase name="VerifyNumberOfItemsPerPageSelection" time="5.947" classname="com.tetherfi.test.DashboardColorCodeConfigTest"/>
  <testcase name="VerifyDropdownForAllTheColumns" time="22.020" classname="com.tetherfi.test.DashboardColorCodeConfigTest"/>
  <testcase name="VerifyColumnsHeaderEnable" time="15.928" classname="com.tetherfi.test.DashboardColorCodeConfigTest"/>
  <testcase name="VerifyColumnsHeaderDisable" time="6.077" classname="com.tetherfi.test.DashboardColorCodeConfigTest"/>
  <testcase name="VerifySearchIsNotEqualTo" time="18.284" classname="com.tetherfi.test.DashboardColorCodeConfigTest"/>
  <testcase name="VerifySearchContains" time="18.415" classname="com.tetherfi.test.DashboardColorCodeConfigTest"/>
  <testcase name="VerifySearchDoesNotContains" time="19.891" classname="com.tetherfi.test.DashboardColorCodeConfigTest"/>
  <testcase name="VerifySearchStartsWith" time="17.305" classname="com.tetherfi.test.DashboardColorCodeConfigTest"/>
  <testcase name="VerifySearchEndsWith" time="20.478" classname="com.tetherfi.test.DashboardColorCodeConfigTest"/>
  <testcase name="searchPageClearAll" time="13.823" classname="com.tetherfi.test.DashboardColorCodeConfigTest"/>
  <testcase name="DeleteCancelRecord" time="16.716" classname="com.tetherfi.test.DashboardColorCodeConfigTest"/>
  <testcase name="DeleteWithoutDeleteReasonRecord" time="19.508" classname="com.tetherfi.test.DashboardColorCodeConfigTest"/>
  <testcase name="DeleteRecord" time="20.639" classname="com.tetherfi.test.DashboardColorCodeConfigTest"/>
  <testcase name="VerifyAuditTrialReportForDelete" time="43.580" classname="com.tetherfi.test.DashboardColorCodeConfigTest"/>
  <testcase name="ExporttoExcelWithoutData" time="15.331" classname="com.tetherfi.test.DashboardColorCodeConfigTest"/>
  <testcase name="database" time="14.661" classname="com.tetherfi.test.DashboardColorCodeConfigTest">
    <failure type="java.lang.AssertionError" message="did not expect to find [true] but found [false]">
      <![CDATA[java.lang.AssertionError: did not expect to find [true] but found [false]
at org.testng.Assert.fail(Assert.java:97)
at org.testng.Assert.failNotEquals(Assert.java:969)
at org.testng.Assert.assertTrue(Assert.java:43)
at org.testng.Assert.assertTrue(Assert.java:53)
at com.tetherfi.test.DashboardColorCodeConfigTest.database(DashboardColorCodeConfigTest.java:375)
at sun.reflect.NativeMethodAccessorImpl.invoke0(Native Method)
at sun.reflect.NativeMethodAccessorImpl.invoke(Unknown Source)
at sun.reflect.DelegatingMethodAccessorImpl.invoke(Unknown Source)
at java.lang.reflect.Method.invoke(Unknown Source)
at org.testng.internal.MethodInvocationHelper.invokeMethod(MethodInvocationHelper.java:133)
at org.testng.internal.TestInvoker.invokeMethod(TestInvoker.java:584)
at org.testng.internal.TestInvoker.invokeTestMethod(TestInvoker.java:172)
at org.testng.internal.MethodRunner.runInSequence(MethodRunner.java:46)
at org.testng.internal.TestInvoker$MethodInvocationAgent.invoke(TestInvoker.java:804)
at org.testng.internal.TestInvoker.invokeTestMethods(TestInvoker.java:145)
at org.testng.internal.TestMethodWorker.invokeTestMethods(TestMethodWorker.java:146)
at org.testng.internal.TestMethodWorker.run(TestMethodWorker.java:128)
at java.util.ArrayList.forEach(Unknown Source)
at org.testng.TestRunner.privateRun(TestRunner.java:770)
at org.testng.TestRunner.run(TestRunner.java:591)
at org.testng.SuiteRunner.runTest(SuiteRunner.java:402)
at org.testng.SuiteRunner.runSequentially(SuiteRunner.java:396)
at org.testng.SuiteRunner.privateRun(SuiteRunner.java:355)
at org.testng.SuiteRunner.run(SuiteRunner.java:304)
at org.testng.SuiteRunnerWorker.runSuite(SuiteRunnerWorker.java:53)
at org.testng.SuiteRunnerWorker.run(SuiteRunnerWorker.java:96)
at org.testng.TestNG.runSuitesSequentially(TestNG.java:1180)
at org.testng.TestNG.runSuitesLocally(TestNG.java:1102)
at org.testng.TestNG.runSuites(TestNG.java:1032)
at org.testng.TestNG.run(TestNG.java:1000)
at org.testng.remote.AbstractRemoteTestNG.run(AbstractRemoteTestNG.java:115)
at org.testng.remote.RemoteTestNG.initAndRun(RemoteTestNG.java:251)
at org.testng.remote.RemoteTestNG.main(RemoteTestNG.java:77)
]]>
    </failure>
  </testcase> <!-- database -->
  <testcase name="SearchClearSearch" time="15.388" classname="com.tetherfi.test.DashboardColorCodeConfigTest"/>
  <testcase name="searchwithoutSearchTextbox" time="9.877" classname="com.tetherfi.test.DashboardColorCodeConfigTest"/>
</testsuite> <!-- com.tetherfi.test.DashboardColorCodeConfigTest -->
