<?xml version="1.0" encoding="UTF-8"?>
<!-- Generated by org.testng.reporters.JUnitReportReporter -->
<testsuite skipped="0" hostname="DESKTOP-NJVBPFB" name="com.tetherfi.test.tmac.AgentSettingsTest" tests="2" failures="0" timestamp="2020-04-27T18:56:52 IST" time="474.249" errors="0">
  <testcase name="VerifyAgentSettingsPage" time="273.646" classname="com.tetherfi.test.tmac.AgentSettingsTest"/>
  <testcase name="verifyFooterData" time="200.603" classname="com.tetherfi.test.tmac.AgentSettingsTest"/>
</testsuite> <!-- com.tetherfi.test.tmac.AgentSettingsTest -->
