<?xml version="1.0" encoding="UTF-8"?>
<!-- Generated by org.testng.reporters.JUnitReportReporter -->
<testsuite skipped="0" hostname="TTF-BLR-SANTOSHKOUJALAGI" name="com.tetherfi.test.ivr.VBEnrollmentFlagTest" tests="39" failures="0" timestamp="2021-08-03T12:42:11 IST" time="395.905" errors="0">
  <testcase name="VbEnrollmentFlagPage" time="2.452" classname="com.tetherfi.test.ivr.VBEnrollmentFlagTest"/>
  <testcase name="VerifyDropdownForAllTheColumns" time="10.726" classname="com.tetherfi.test.ivr.VBEnrollmentFlagTest"/>
  <testcase name="VerifyColumnsHeaderEnable" time="6.410" classname="com.tetherfi.test.ivr.VBEnrollmentFlagTest"/>
  <testcase name="VerifyColumnsHeaderDisable" time="8.871" classname="com.tetherfi.test.ivr.VBEnrollmentFlagTest"/>
  <testcase name="AddNewVBEnrollmentFlagRecord" time="4.338" classname="com.tetherfi.test.ivr.VBEnrollmentFlagTest"/>
  <testcase name="AddDuplicateVBEnrollmentFlagRecord" time="4.414" classname="com.tetherfi.test.ivr.VBEnrollmentFlagTest"/>
  <testcase name="AddEmptyRecord" time="1.718" classname="com.tetherfi.test.ivr.VBEnrollmentFlagTest"/>
  <testcase name="AddRecordWithoutDNIS" time="3.941" classname="com.tetherfi.test.ivr.VBEnrollmentFlagTest"/>
  <testcase name="AddRecordWithoutHotLineName" time="4.540" classname="com.tetherfi.test.ivr.VBEnrollmentFlagTest"/>
  <testcase name="AddRecordWithoutEnrollmentFlag" time="4.102" classname="com.tetherfi.test.ivr.VBEnrollmentFlagTest"/>
  <testcase name="VerifyCancelBtnAtAddRecord" time="25.829" classname="com.tetherfi.test.ivr.VBEnrollmentFlagTest"/>
  <testcase name="VerifySearchIsNotEqualTo" time="11.115" classname="com.tetherfi.test.ivr.VBEnrollmentFlagTest"/>
  <testcase name="VerifySearchContains" time="10.394" classname="com.tetherfi.test.ivr.VBEnrollmentFlagTest"/>
  <testcase name="VerifySearchDoesNotContains" time="9.729" classname="com.tetherfi.test.ivr.VBEnrollmentFlagTest"/>
  <testcase name="VerifySearchStartsWith" time="9.861" classname="com.tetherfi.test.ivr.VBEnrollmentFlagTest"/>
  <testcase name="VerifySearchEndsWith" time="11.430" classname="com.tetherfi.test.ivr.VBEnrollmentFlagTest"/>
  <testcase name="EditVBEnrollmentFlagRecord" time="8.241" classname="com.tetherfi.test.ivr.VBEnrollmentFlagTest"/>
  <testcase name="EditWithoutModifyReasonRecord" time="7.782" classname="com.tetherfi.test.ivr.VBEnrollmentFlagTest"/>
  <testcase name="VerifyCancelBtnAtEditRecord" time="30.956" classname="com.tetherfi.test.ivr.VBEnrollmentFlagTest"/>
  <testcase name="searchPage" time="5.561" classname="com.tetherfi.test.ivr.VBEnrollmentFlagTest"/>
  <testcase name="searchwithoutSearchTextbox" time="5.029" classname="com.tetherfi.test.ivr.VBEnrollmentFlagTest"/>
  <testcase name="ExportToExcel" time="4.528" classname="com.tetherfi.test.ivr.VBEnrollmentFlagTest"/>
  <testcase name="ExportToExcelData" time="3.538" classname="com.tetherfi.test.ivr.VBEnrollmentFlagTest"/>
  <testcase name="SortingByAscending" time="6.730" classname="com.tetherfi.test.ivr.VBEnrollmentFlagTest"/>
  <testcase name="SortingByDescending" time="7.579" classname="com.tetherfi.test.ivr.VBEnrollmentFlagTest"/>
  <testcase name="GroupBy" time="4.463" classname="com.tetherfi.test.ivr.VBEnrollmentFlagTest"/>
  <testcase name="VerifyArrowMoveForPreviousAndNextPage" time="1.809" classname="com.tetherfi.test.ivr.VBEnrollmentFlagTest"/>
  <testcase name="VerifyArrowMoveForFirstAndLastPage" time="1.925" classname="com.tetherfi.test.ivr.VBEnrollmentFlagTest"/>
  <testcase name="VerifyTotalNumberOfItemsPerPageDetails" time="1.527" classname="com.tetherfi.test.ivr.VBEnrollmentFlagTest"/>
  <testcase name="VerifyNumberOfItemsPerPageSelection" time="8.073" classname="com.tetherfi.test.ivr.VBEnrollmentFlagTest"/>
  <testcase name="database" time="9.035" classname="com.tetherfi.test.ivr.VBEnrollmentFlagTest"/>
  <testcase name="DeleteWithoutDeleteReasonRecord" time="7.606" classname="com.tetherfi.test.ivr.VBEnrollmentFlagTest"/>
  <testcase name="VerifyCancelBtnAtDeleteVBEnrollmentFlagRecord" time="30.481" classname="com.tetherfi.test.ivr.VBEnrollmentFlagTest"/>
  <testcase name="DeleteVBEnrollmentFlagRecord" time="7.890" classname="com.tetherfi.test.ivr.VBEnrollmentFlagTest"/>
  <testcase name="SearchClearSearch" time="6.527" classname="com.tetherfi.test.ivr.VBEnrollmentFlagTest"/>
  <testcase name="ExporttoExcelWithoutData" time="7.128" classname="com.tetherfi.test.ivr.VBEnrollmentFlagTest"/>
  <testcase name="VerifyAuditTrialReportForCreate" time="33.203" classname="com.tetherfi.test.ivr.VBEnrollmentFlagTest"/>
  <testcase name="VerifyAuditTrialReportForUpdate" time="33.131" classname="com.tetherfi.test.ivr.VBEnrollmentFlagTest"/>
  <testcase name="VerifyAuditTrialReportForDelete" time="33.293" classname="com.tetherfi.test.ivr.VBEnrollmentFlagTest"/>
</testsuite> <!-- com.tetherfi.test.ivr.VBEnrollmentFlagTest -->
