<?xml version="1.0" encoding="UTF-8"?>
<!-- Generated by org.testng.reporters.JUnitReportReporter -->
<testsuite skipped="15" hostname="TTF-BLR-SANTOSHKOUJALAGI" name="com.tetherfi.test.tmac.AgentTemplateTest" tests="112" failures="1" timestamp="2021-11-09T21:28:02 IST" time="1666.125" errors="2">
  <testcase name="VerifyAgentTemplatePageTemplateTab" time="9.548" classname="com.tetherfi.test.tmac.AgentTemplateTest"/>
  <testcase name="ExportToExcelButton" time="15.094" classname="com.tetherfi.test.tmac.AgentTemplateTest"/>
  <testcase name="verifyExportToExcelWithoutData" time="19.747" classname="com.tetherfi.test.tmac.AgentTemplateTest"/>
  <testcase name="verifyGroupBy" time="10.936" classname="com.tetherfi.test.tmac.AgentTemplateTest">
    <failure type="java.lang.AssertionError" message="Group By Assertion failed did not expect to find [true] but found [false]">
      <![CDATA[java.lang.AssertionError: Group By Assertion failed did not expect to find [true] but found [false]
at org.testng.Assert.fail(Assert.java:97)
at org.testng.Assert.failNotEquals(Assert.java:969)
at org.testng.Assert.assertTrue(Assert.java:43)
at com.tetherfi.test.tmac.AgentTemplateTest.verifyGroupBy(AgentTemplateTest.java:113)
at sun.reflect.NativeMethodAccessorImpl.invoke0(Native Method)
at sun.reflect.NativeMethodAccessorImpl.invoke(Unknown Source)
at sun.reflect.DelegatingMethodAccessorImpl.invoke(Unknown Source)
at java.lang.reflect.Method.invoke(Unknown Source)
at org.testng.internal.MethodInvocationHelper.invokeMethod(MethodInvocationHelper.java:133)
at org.testng.internal.TestInvoker.invokeMethod(TestInvoker.java:584)
at org.testng.internal.TestInvoker.invokeTestMethod(TestInvoker.java:172)
at org.testng.internal.MethodRunner.runInSequence(MethodRunner.java:46)
at org.testng.internal.TestInvoker$MethodInvocationAgent.invoke(TestInvoker.java:804)
at org.testng.internal.TestInvoker.invokeTestMethods(TestInvoker.java:145)
at org.testng.internal.TestMethodWorker.invokeTestMethods(TestMethodWorker.java:146)
at org.testng.internal.TestMethodWorker.run(TestMethodWorker.java:128)
at java.util.ArrayList.forEach(Unknown Source)
at org.testng.TestRunner.privateRun(TestRunner.java:770)
at org.testng.TestRunner.run(TestRunner.java:591)
at org.testng.SuiteRunner.runTest(SuiteRunner.java:402)
at org.testng.SuiteRunner.runSequentially(SuiteRunner.java:396)
at org.testng.SuiteRunner.privateRun(SuiteRunner.java:355)
at org.testng.SuiteRunner.run(SuiteRunner.java:304)
at org.testng.SuiteRunnerWorker.runSuite(SuiteRunnerWorker.java:53)
at org.testng.SuiteRunnerWorker.run(SuiteRunnerWorker.java:96)
at org.testng.TestNG.runSuitesSequentially(TestNG.java:1180)
at org.testng.TestNG.runSuitesLocally(TestNG.java:1102)
at org.testng.TestNG.runSuites(TestNG.java:1032)
at org.testng.TestNG.run(TestNG.java:1000)
at org.testng.remote.AbstractRemoteTestNG.run(AbstractRemoteTestNG.java:115)
at org.testng.remote.RemoteTestNG.initAndRun(RemoteTestNG.java:251)
at org.testng.remote.RemoteTestNG.main(RemoteTestNG.java:77)
]]>
    </failure>
  </testcase> <!-- verifyGroupBy -->
  <testcase name="verifyArrowMoveForPreviousAndNextPage" time="11.395" classname="com.tetherfi.test.tmac.AgentTemplateTest"/>
  <testcase name="verifyArrowMoveForFirstAndLastPage" time="12.961" classname="com.tetherfi.test.tmac.AgentTemplateTest"/>
  <testcase name="verifyTotalNumberOfItemsPerPageDetails" time="8.531" classname="com.tetherfi.test.tmac.AgentTemplateTest"/>
  <testcase name="verifyNumberOfItemsPerPageSelection" time="22.151" classname="com.tetherfi.test.tmac.AgentTemplateTest"/>
  <testcase name="searchPage" time="15.766" classname="com.tetherfi.test.tmac.AgentTemplateTest"/>
  <testcase name="searchwithoutSearchTextbox" time="13.184" classname="com.tetherfi.test.tmac.AgentTemplateTest"/>
  <testcase name="SearchClearSearch" time="15.674" classname="com.tetherfi.test.tmac.AgentTemplateTest"/>
  <testcase name="SearchIsNotEqualTo" time="24.585" classname="com.tetherfi.test.tmac.AgentTemplateTest"/>
  <testcase name="SearchContains" time="16.104" classname="com.tetherfi.test.tmac.AgentTemplateTest"/>
  <testcase name="SearchDoesNotContains" time="38.096" classname="com.tetherfi.test.tmac.AgentTemplateTest"/>
  <testcase name="SearchStartsWith" time="34.026" classname="com.tetherfi.test.tmac.AgentTemplateTest"/>
  <testcase name="SearchEndsWith" time="15.461" classname="com.tetherfi.test.tmac.AgentTemplateTest"/>
  <testcase name="ExportToExcelButtonInTemplateScreenTab" time="12.718" classname="com.tetherfi.test.tmac.AgentTemplateTest"/>
  <testcase name="verifyExportedDataInTemplateScreenTab" time="9.725" classname="com.tetherfi.test.tmac.AgentTemplateTest"/>
  <testcase name="verifyExportToExcelWithoutDataInTemplateScreenTab" time="15.701" classname="com.tetherfi.test.tmac.AgentTemplateTest"/>
  <testcase name="verifySortByAscendingInTemplateScreenTab" time="16.503" classname="com.tetherfi.test.tmac.AgentTemplateTest"/>
  <testcase name="verifySortByDescendingInTemplateScreenTab" time="17.122" classname="com.tetherfi.test.tmac.AgentTemplateTest"/>
  <testcase name="verifyGroupByInTemplateScreenTab" time="28.100" classname="com.tetherfi.test.tmac.AgentTemplateTest">
    <error type="org.openqa.selenium.NoSuchElementException" message="no such element: Unable to locate element: {&quot;method&quot;:&quot;xpath&quot;,&quot;selector&quot;:&quot;//p[@class=&#039;k-reset&#039;]&quot;}
  (Session info: chrome=95.0.4638.69)
For documentation on this error, please visit: https://www.seleniumhq.org/exceptions/no_such_element.html
Build info: version: &#039;3.141.59&#039;, revision: &#039;e82be7d358&#039;, time: &#039;2018-11-14T08:17:03&#039;
System info: host: &#039;TTF-BLR-SANTOSH&#039;, ip: &#039;192.168.50.17&#039;, os.name: &#039;Windows 10&#039;, os.arch: &#039;amd64&#039;, os.version: &#039;10.0&#039;, java.version: &#039;1.8.0_181&#039;
Driver info: org.openqa.selenium.chrome.ChromeDriver
Capabilities {acceptInsecureCerts: false, browserName: chrome, browserVersion: 95.0.4638.69, chrome: {chromedriverVersion: 95.0.4638.69 (6a1600ed572fe..., userDataDir: C:\Users\admin\AppData\Loca...}, goog:chromeOptions: {debuggerAddress: localhost:53057}, javascriptEnabled: true, networkConnectionEnabled: false, pageLoadStrategy: normal, platform: WINDOWS, platformName: WINDOWS, proxy: Proxy(), setWindowRect: true, strictFileInteractability: false, timeouts: {implicit: 0, pageLoad: 300000, script: 30000}, unhandledPromptBehavior: dismiss and notify, webauthn:extension:credBlob: true, webauthn:extension:largeBlob: true, webauthn:virtualAuthenticators: true}
Session ID: f61e463cb416257f11cffacc3f4bc86b
*** Element info: {Using=xpath, value=//p[@class=&#039;k-reset&#039;]}">
      <![CDATA[org.openqa.selenium.NoSuchElementException: no such element: Unable to locate element: {"method":"xpath","selector":"//p[@class='k-reset']"}
  (Session info: chrome=95.0.4638.69)
For documentation on this error, please visit: https://www.seleniumhq.org/exceptions/no_such_element.html
Build info: version: '3.141.59', revision: 'e82be7d358', time: '2018-11-14T08:17:03'
System info: host: 'TTF-BLR-SANTOSH', ip: '192.168.50.17', os.name: 'Windows 10', os.arch: 'amd64', os.version: '10.0', java.version: '1.8.0_181'
Driver info: org.openqa.selenium.chrome.ChromeDriver
Capabilities {acceptInsecureCerts: false, browserName: chrome, browserVersion: 95.0.4638.69, chrome: {chromedriverVersion: 95.0.4638.69 (6a1600ed572fe..., userDataDir: C:\Users\admin\AppData\Loca...}, goog:chromeOptions: {debuggerAddress: localhost:53057}, javascriptEnabled: true, networkConnectionEnabled: false, pageLoadStrategy: normal, platform: WINDOWS, platformName: WINDOWS, proxy: Proxy(), setWindowRect: true, strictFileInteractability: false, timeouts: {implicit: 0, pageLoad: 300000, script: 30000}, unhandledPromptBehavior: dismiss and notify, webauthn:extension:credBlob: true, webauthn:extension:largeBlob: true, webauthn:virtualAuthenticators: true}
Session ID: f61e463cb416257f11cffacc3f4bc86b
*** Element info: {Using=xpath, value=//p[@class='k-reset']}
at sun.reflect.NativeConstructorAccessorImpl.newInstance0(Native Method)
at sun.reflect.NativeConstructorAccessorImpl.newInstance(Unknown Source)
at sun.reflect.DelegatingConstructorAccessorImpl.newInstance(Unknown Source)
at java.lang.reflect.Constructor.newInstance(Unknown Source)
at org.openqa.selenium.remote.http.W3CHttpResponseCodec.createException(W3CHttpResponseCodec.java:187)
at org.openqa.selenium.remote.http.W3CHttpResponseCodec.decode(W3CHttpResponseCodec.java:122)
at org.openqa.selenium.remote.http.W3CHttpResponseCodec.decode(W3CHttpResponseCodec.java:49)
at org.openqa.selenium.remote.HttpCommandExecutor.execute(HttpCommandExecutor.java:158)
at org.openqa.selenium.remote.service.DriverCommandExecutor.execute(DriverCommandExecutor.java:83)
at org.openqa.selenium.remote.RemoteWebDriver.execute(RemoteWebDriver.java:552)
at org.openqa.selenium.remote.RemoteWebDriver.findElement(RemoteWebDriver.java:323)
at org.openqa.selenium.remote.RemoteWebDriver.findElementByXPath(RemoteWebDriver.java:428)
at org.openqa.selenium.By$ByXPath.findElement(By.java:353)
at org.openqa.selenium.remote.RemoteWebDriver.findElement(RemoteWebDriver.java:315)
at org.openqa.selenium.support.pagefactory.DefaultElementLocator.findElement(DefaultElementLocator.java:69)
at org.openqa.selenium.support.pagefactory.internal.LocatingElementHandler.invoke(LocatingElementHandler.java:38)
at com.sun.proxy.$Proxy11.getText(Unknown Source)
at com.tetherfi.pages.AgentTemplatePage.groupByInTemplateScreenTab(AgentTemplatePage.java:890)
at com.tetherfi.test.tmac.AgentTemplateTest.verifyGroupByInTemplateScreenTab(AgentTemplateTest.java:274)
at sun.reflect.NativeMethodAccessorImpl.invoke0(Native Method)
at sun.reflect.NativeMethodAccessorImpl.invoke(Unknown Source)
at sun.reflect.DelegatingMethodAccessorImpl.invoke(Unknown Source)
at java.lang.reflect.Method.invoke(Unknown Source)
at org.testng.internal.MethodInvocationHelper.invokeMethod(MethodInvocationHelper.java:133)
at org.testng.internal.TestInvoker.invokeMethod(TestInvoker.java:584)
at org.testng.internal.TestInvoker.invokeTestMethod(TestInvoker.java:172)
at org.testng.internal.MethodRunner.runInSequence(MethodRunner.java:46)
at org.testng.internal.TestInvoker$MethodInvocationAgent.invoke(TestInvoker.java:804)
at org.testng.internal.TestInvoker.invokeTestMethods(TestInvoker.java:145)
at org.testng.internal.TestMethodWorker.invokeTestMethods(TestMethodWorker.java:146)
at org.testng.internal.TestMethodWorker.run(TestMethodWorker.java:128)
at java.util.ArrayList.forEach(Unknown Source)
at org.testng.TestRunner.privateRun(TestRunner.java:770)
at org.testng.TestRunner.run(TestRunner.java:591)
at org.testng.SuiteRunner.runTest(SuiteRunner.java:402)
at org.testng.SuiteRunner.runSequentially(SuiteRunner.java:396)
at org.testng.SuiteRunner.privateRun(SuiteRunner.java:355)
at org.testng.SuiteRunner.run(SuiteRunner.java:304)
at org.testng.SuiteRunnerWorker.runSuite(SuiteRunnerWorker.java:53)
at org.testng.SuiteRunnerWorker.run(SuiteRunnerWorker.java:96)
at org.testng.TestNG.runSuitesSequentially(TestNG.java:1180)
at org.testng.TestNG.runSuitesLocally(TestNG.java:1102)
at org.testng.TestNG.runSuites(TestNG.java:1032)
at org.testng.TestNG.run(TestNG.java:1000)
at org.testng.remote.AbstractRemoteTestNG.run(AbstractRemoteTestNG.java:115)
at org.testng.remote.RemoteTestNG.initAndRun(RemoteTestNG.java:251)
at org.testng.remote.RemoteTestNG.main(RemoteTestNG.java:77)
]]>
    </error>
  </testcase> <!-- verifyGroupByInTemplateScreenTab -->
  <testcase name="verifyArrowMoveForPreviousAndNextPageInTemplateScreenTab" time="12.259" classname="com.tetherfi.test.tmac.AgentTemplateTest"/>
  <testcase name="verifyArrowMoveForFirstAndLastPageInTemplateScreenTab" time="10.308" classname="com.tetherfi.test.tmac.AgentTemplateTest"/>
  <testcase name="verifyTotalNumberOfItemsPerPageDetailsInTemplateScreenTab" time="9.464" classname="com.tetherfi.test.tmac.AgentTemplateTest"/>
  <testcase name="verifyNumberOfItemsPerPageSelectionInTemplateScreenTab" time="21.655" classname="com.tetherfi.test.tmac.AgentTemplateTest"/>
  <testcase name="searchPageTemplateScreenTab" time="16.633" classname="com.tetherfi.test.tmac.AgentTemplateTest"/>
  <testcase name="searchwithoutSearchTextboxTemplateScreenTab" time="13.989" classname="com.tetherfi.test.tmac.AgentTemplateTest"/>
  <testcase name="SearchClearSearchTemplateScreenTab" time="16.829" classname="com.tetherfi.test.tmac.AgentTemplateTest"/>
  <testcase name="SearchIsNotEqualToTemplateScreenTab" time="14.839" classname="com.tetherfi.test.tmac.AgentTemplateTest"/>
  <testcase name="SearchContainsTemplateScreenTab" time="15.497" classname="com.tetherfi.test.tmac.AgentTemplateTest"/>
  <testcase name="SearchDoesNotContainsTemplateScreenTab" time="16.331" classname="com.tetherfi.test.tmac.AgentTemplateTest"/>
  <testcase name="SearchStartsWithTemplateScreenTab" time="15.981" classname="com.tetherfi.test.tmac.AgentTemplateTest"/>
  <testcase name="SearchEndsWithTemplateScreenTab" time="15.557" classname="com.tetherfi.test.tmac.AgentTemplateTest"/>
  <testcase name="ExportToExcelButtonInTemplateScreenWidgetsTab" time="12.180" classname="com.tetherfi.test.tmac.AgentTemplateTest"/>
  <testcase name="verifyExportedDataInTemplateScreenWidgetsTab" time="12.490" classname="com.tetherfi.test.tmac.AgentTemplateTest"/>
  <testcase name="verifyExportToExcelWithoutDataInTemplateScreenWidgetsTab" time="14.958" classname="com.tetherfi.test.tmac.AgentTemplateTest"/>
  <testcase name="verifySortByAscendingInTemplateWidgetsScreenTab" time="56.355" classname="com.tetherfi.test.tmac.AgentTemplateTest"/>
  <testcase name="verifySortByDescendingInTemplateWidgetsScreenTab" time="18.160" classname="com.tetherfi.test.tmac.AgentTemplateTest"/>
  <testcase name="verifyGroupByInTemplateWidgetsScreenTab" time="12.413" classname="com.tetherfi.test.tmac.AgentTemplateTest"/>
  <testcase name="verifyArrowMoveForPreviousAndNextPageInTemplateWidgetsScreenTTab" time="14.788" classname="com.tetherfi.test.tmac.AgentTemplateTest"/>
  <testcase name="verifyArrowMoveForFirstAndLastPageInTemplateWidgetsScreenTTab" time="12.492" classname="com.tetherfi.test.tmac.AgentTemplateTest"/>
  <testcase name="verifyTotalNumberOfItemsPerPageDetailsInTemplateWidgetsScreenTTab" time="52.302" classname="com.tetherfi.test.tmac.AgentTemplateTest"/>
  <testcase name="verifyNumberOfItemsPerPageSelectionInTemplateWidgetsScreenTab" time="19.848" classname="com.tetherfi.test.tmac.AgentTemplateTest"/>
  <testcase name="searchPageTemplateWidgetsScreenTab" time="16.779" classname="com.tetherfi.test.tmac.AgentTemplateTest"/>
  <testcase name="searchwithoutSearchTextboxTemplateScreenWidgetsTab" time="13.908" classname="com.tetherfi.test.tmac.AgentTemplateTest"/>
  <testcase name="SearchClearSearchTemplateScreenWidgetsTab" time="16.239" classname="com.tetherfi.test.tmac.AgentTemplateTest"/>
  <testcase name="SearchIsNotEqualToInTemplateScreenWidgetsTab" time="18.365" classname="com.tetherfi.test.tmac.AgentTemplateTest"/>
  <testcase name="SearchContainsInTemplateScreenWidgetsTab" time="15.284" classname="com.tetherfi.test.tmac.AgentTemplateTest"/>
  <testcase name="SearchDoesNotContainsInTemplateScreenWidgetsTab" time="17.810" classname="com.tetherfi.test.tmac.AgentTemplateTest"/>
  <testcase name="SearchStartsWithInTemplateScreenWidgetsTab" time="20.725" classname="com.tetherfi.test.tmac.AgentTemplateTest"/>
  <testcase name="SearchEndsWithInTemplateScreenWidgetsTab" time="18.686" classname="com.tetherfi.test.tmac.AgentTemplateTest"/>
  <testcase name="ExportToExcelButtonInTemplateAuxCodesTab" time="32.304" classname="com.tetherfi.test.tmac.AgentTemplateTest"/>
  <testcase name="verifyExportToExcelWithoutDataInTemplateAuxCodesTab" time="13.937" classname="com.tetherfi.test.tmac.AgentTemplateTest"/>
  <testcase name="verifyGroupByInTemplateAuxCodesTab" time="27.820" classname="com.tetherfi.test.tmac.AgentTemplateTest"/>
  <testcase name="verifyArrowMoveForPreviousAndNextPageInTemplateAuxCodesTab" time="9.634" classname="com.tetherfi.test.tmac.AgentTemplateTest"/>
  <testcase name="verifyArrowMoveForFirstAndLastPageInTemplateAuxCodesTab" time="9.505" classname="com.tetherfi.test.tmac.AgentTemplateTest"/>
  <testcase name="verifyTotalNumberOfItemsPerPageDetailsInTemplateAuxCodesTab" time="9.561" classname="com.tetherfi.test.tmac.AgentTemplateTest"/>
  <testcase name="verifyNumberOfItemsPerPageSelectionInTemplateAuxCodesTab" time="15.684" classname="com.tetherfi.test.tmac.AgentTemplateTest"/>
  <testcase name="searchPageTemplateAuxCodesTab" time="19.533" classname="com.tetherfi.test.tmac.AgentTemplateTest"/>
  <testcase name="searchwithoutSearchTextboxTemplateAuxCodesTab" time="14.855" classname="com.tetherfi.test.tmac.AgentTemplateTest"/>
  <testcase name="SearchClearSearchTemplateAuxCodesTab" time="14.583" classname="com.tetherfi.test.tmac.AgentTemplateTest"/>
  <testcase name="SearchIsNotEqualToTemplateAuxCodesTab" time="15.900" classname="com.tetherfi.test.tmac.AgentTemplateTest"/>
  <testcase name="SearchContainsTemplateAuxCodesab" time="18.771" classname="com.tetherfi.test.tmac.AgentTemplateTest"/>
  <testcase name="SearchDoesNotContainsTemplateAuxCodesTab" time="15.826" classname="com.tetherfi.test.tmac.AgentTemplateTest"/>
  <testcase name="SearchStartsWithTemplateAuxCodesTab" time="16.657" classname="com.tetherfi.test.tmac.AgentTemplateTest">
    <error type="java.lang.ArrayIndexOutOfBoundsException" message="1">
      <![CDATA[java.lang.ArrayIndexOutOfBoundsException: 1
at com.tetherfi.pages.AgentTemplatePage.gettable(AgentTemplatePage.java:1220)
at com.tetherfi.pages.AgentTemplatePage.verifySearchStartsWith(AgentTemplatePage.java:1182)
at com.tetherfi.test.tmac.AgentTemplateTest.SearchStartsWithTemplateAuxCodesTab(AgentTemplateTest.java:727)
at sun.reflect.NativeMethodAccessorImpl.invoke0(Native Method)
at sun.reflect.NativeMethodAccessorImpl.invoke(Unknown Source)
at sun.reflect.DelegatingMethodAccessorImpl.invoke(Unknown Source)
at java.lang.reflect.Method.invoke(Unknown Source)
at org.testng.internal.MethodInvocationHelper.invokeMethod(MethodInvocationHelper.java:133)
at org.testng.internal.TestInvoker.invokeMethod(TestInvoker.java:584)
at org.testng.internal.TestInvoker.invokeTestMethod(TestInvoker.java:172)
at org.testng.internal.MethodRunner.runInSequence(MethodRunner.java:46)
at org.testng.internal.TestInvoker$MethodInvocationAgent.invoke(TestInvoker.java:804)
at org.testng.internal.TestInvoker.invokeTestMethods(TestInvoker.java:145)
at org.testng.internal.TestMethodWorker.invokeTestMethods(TestMethodWorker.java:146)
at org.testng.internal.TestMethodWorker.run(TestMethodWorker.java:128)
at java.util.ArrayList.forEach(Unknown Source)
at org.testng.TestRunner.privateRun(TestRunner.java:770)
at org.testng.TestRunner.run(TestRunner.java:591)
at org.testng.SuiteRunner.runTest(SuiteRunner.java:402)
at org.testng.SuiteRunner.runSequentially(SuiteRunner.java:396)
at org.testng.SuiteRunner.privateRun(SuiteRunner.java:355)
at org.testng.SuiteRunner.run(SuiteRunner.java:304)
at org.testng.SuiteRunnerWorker.runSuite(SuiteRunnerWorker.java:53)
at org.testng.SuiteRunnerWorker.run(SuiteRunnerWorker.java:96)
at org.testng.TestNG.runSuitesSequentially(TestNG.java:1180)
at org.testng.TestNG.runSuitesLocally(TestNG.java:1102)
at org.testng.TestNG.runSuites(TestNG.java:1032)
at org.testng.TestNG.run(TestNG.java:1000)
at org.testng.remote.AbstractRemoteTestNG.run(AbstractRemoteTestNG.java:115)
at org.testng.remote.RemoteTestNG.initAndRun(RemoteTestNG.java:251)
at org.testng.remote.RemoteTestNG.main(RemoteTestNG.java:77)
]]>
    </error>
  </testcase> <!-- SearchStartsWithTemplateAuxCodesTab -->
  <testcase name="SearchEndsWithTemplateAuxCodesTab" time="14.900" classname="com.tetherfi.test.tmac.AgentTemplateTest"/>
  <testcase name="ExportToExcelButtonInTemplateOpHoursTab" time="56.340" classname="com.tetherfi.test.tmac.AgentTemplateTest"/>
  <testcase name="verifyExportToExcelWithoutDataInTemplateOpHoursTab" time="15.980" classname="com.tetherfi.test.tmac.AgentTemplateTest"/>
  <testcase name="verifyGroupByInTemplateOpHoursTab" time="12.644" classname="com.tetherfi.test.tmac.AgentTemplateTest"/>
  <testcase name="verifyArrowMoveForPreviousAndNextPageInTemplateOpHoursTab" time="12.748" classname="com.tetherfi.test.tmac.AgentTemplateTest"/>
  <testcase name="verifyArrowMoveForFirstAndLastPageInTemplateOpHoursTab" time="12.269" classname="com.tetherfi.test.tmac.AgentTemplateTest"/>
  <testcase name="verifyTotalNumberOfItemsPerPageDetailsInTemplateOpHoursTab" time="7.446" classname="com.tetherfi.test.tmac.AgentTemplateTest"/>
  <testcase name="verifyNumberOfItemsPerPageSelectionInTemplateOpHoursTab" time="20.655" classname="com.tetherfi.test.tmac.AgentTemplateTest"/>
  <testcase name="searchPageTemplateOpHoursTab" time="16.210" classname="com.tetherfi.test.tmac.AgentTemplateTest"/>
  <testcase name="searchwithoutSearchTextboxTemplateOpHoursTab" time="13.756" classname="com.tetherfi.test.tmac.AgentTemplateTest"/>
  <testcase name="SearchClearSearchTemplateOpHoursTab" time="14.499" classname="com.tetherfi.test.tmac.AgentTemplateTest"/>
  <testcase name="SearchIsNotEqualToTemplateOpHoursTab" time="19.682" classname="com.tetherfi.test.tmac.AgentTemplateTest"/>
  <testcase name="SearchContainsTemplateOpHoursTab" time="15.005" classname="com.tetherfi.test.tmac.AgentTemplateTest"/>
  <testcase name="SearchDoesNotContainsTemplateOpHoursTab" time="17.057" classname="com.tetherfi.test.tmac.AgentTemplateTest"/>
  <testcase name="SearchStartsWithTemplateOpHoursTab" time="16.907" classname="com.tetherfi.test.tmac.AgentTemplateTest"/>
  <testcase name="SearchEndsWithTemplateOpHoursTab" time="14.589" classname="com.tetherfi.test.tmac.AgentTemplateTest"/>
  <testcase name="ExportToExcelButtonInTemplateFeaturesTab" time="12.501" classname="com.tetherfi.test.tmac.AgentTemplateTest"/>
  <testcase name="verifyExportToExcelWithoutDataInTemplateFeaturesTab" time="15.297" classname="com.tetherfi.test.tmac.AgentTemplateTest"/>
  <testcase name="verifyGroupByInTemplateFeaturesTab" time="15.143" classname="com.tetherfi.test.tmac.AgentTemplateTest"/>
  <testcase name="verifyArrowMoveForPreviousAndNextPageInTemplateFeaturesTab" time="12.453" classname="com.tetherfi.test.tmac.AgentTemplateTest"/>
  <testcase name="verifyArrowMoveForFirstAndLastPageInTemplateFeaturesTab" time="12.515" classname="com.tetherfi.test.tmac.AgentTemplateTest"/>
  <testcase name="verifyTotalNumberOfItemsPerPageDetailsInTemplateFeaturesTab" time="11.633" classname="com.tetherfi.test.tmac.AgentTemplateTest"/>
  <testcase name="verifyNumberOfItemsPerPageSelectionInTemplateFeaturesTab" time="19.244" classname="com.tetherfi.test.tmac.AgentTemplateTest"/>
  <testcase name="searchPageTemplateFeaturesTab" time="16.230" classname="com.tetherfi.test.tmac.AgentTemplateTest"/>
  <testcase name="searchwithoutSearchTextboxTemplateFeaturesTab" time="14.530" classname="com.tetherfi.test.tmac.AgentTemplateTest"/>
  <testcase name="SearchClearSearchTemplateFeaturesTab" time="15.060" classname="com.tetherfi.test.tmac.AgentTemplateTest"/>
  <testcase name="SearchIsNotEqualToTemplateFeaturesTab" time="17.320" classname="com.tetherfi.test.tmac.AgentTemplateTest"/>
  <testcase name="SearchContainsTemplateFeaturesTab" time="15.071" classname="com.tetherfi.test.tmac.AgentTemplateTest"/>
  <testcase name="SearchDoesNotContainsTemplateFeaturesTab" time="16.779" classname="com.tetherfi.test.tmac.AgentTemplateTest"/>
  <testcase name="SearchStartsWithTemplateFeaturesTab" time="15.282" classname="com.tetherfi.test.tmac.AgentTemplateTest"/>
  <testcase name="SearchEndsWithTemplateFeaturesTab" time="15.558" classname="com.tetherfi.test.tmac.AgentTemplateTest"/>
  <testcase name="verifyExportedDataInTemplateOpHoursTab" classname="com.tetherfi.test.tmac.AgentTemplateTest">
    <skipped/>
  </testcase> <!-- verifyExportedDataInTemplateOpHoursTab -->
  <testcase name="verifyExportedDataInTemplateFeaturesTab" classname="com.tetherfi.test.tmac.AgentTemplateTest">
    <skipped/>
  </testcase> <!-- verifyExportedDataInTemplateFeaturesTab -->
  <testcase name="verifySortByDescending" classname="com.tetherfi.test.tmac.AgentTemplateTest">
    <skipped/>
  </testcase> <!-- verifySortByDescending -->
  <testcase name="VerifyColumnsHeaderDisable" classname="com.tetherfi.test.tmac.AgentTemplateTest">
    <skipped/>
  </testcase> <!-- VerifyColumnsHeaderDisable -->
  <testcase name="verifyDropDownForAllTheColumns" classname="com.tetherfi.test.tmac.AgentTemplateTest">
    <skipped/>
  </testcase> <!-- verifyDropDownForAllTheColumns -->
  <testcase name="verifySortByDescendingInTemplateFeaturesTab" classname="com.tetherfi.test.tmac.AgentTemplateTest">
    <skipped/>
  </testcase> <!-- verifySortByDescendingInTemplateFeaturesTab -->
  <testcase name="verifySortByAscendingInTemplateOpHoursTab" classname="com.tetherfi.test.tmac.AgentTemplateTest">
    <skipped/>
  </testcase> <!-- verifySortByAscendingInTemplateOpHoursTab -->
  <testcase name="verifySortByAscendingInTemplateFeaturesTab" classname="com.tetherfi.test.tmac.AgentTemplateTest">
    <skipped/>
  </testcase> <!-- verifySortByAscendingInTemplateFeaturesTab -->
  <testcase name="verifyExportedData" classname="com.tetherfi.test.tmac.AgentTemplateTest">
    <skipped/>
  </testcase> <!-- verifyExportedData -->
  <testcase name="verifySortByDescendingInTemplateOpHoursTab" classname="com.tetherfi.test.tmac.AgentTemplateTest">
    <skipped/>
  </testcase> <!-- verifySortByDescendingInTemplateOpHoursTab -->
  <testcase name="verifyExportedDataInTemplateAuxCodesTab" classname="com.tetherfi.test.tmac.AgentTemplateTest">
    <skipped/>
  </testcase> <!-- verifyExportedDataInTemplateAuxCodesTab -->
  <testcase name="verifySortByAscendingInTemplateAuxCodesTab" classname="com.tetherfi.test.tmac.AgentTemplateTest">
    <skipped/>
  </testcase> <!-- verifySortByAscendingInTemplateAuxCodesTab -->
  <testcase name="verifySortByAscending" classname="com.tetherfi.test.tmac.AgentTemplateTest">
    <skipped/>
  </testcase> <!-- verifySortByAscending -->
  <testcase name="verifySortByDescendingInTemplateAuxCodesTab" classname="com.tetherfi.test.tmac.AgentTemplateTest">
    <skipped/>
  </testcase> <!-- verifySortByDescendingInTemplateAuxCodesTab -->
  <testcase name="VerifyColumnsHeaderEnable" classname="com.tetherfi.test.tmac.AgentTemplateTest">
    <skipped/>
  </testcase> <!-- VerifyColumnsHeaderEnable -->
</testsuite> <!-- com.tetherfi.test.tmac.AgentTemplateTest -->
