<?xml version="1.0" encoding="UTF-8"?>
<!-- Generated by org.testng.reporters.JUnitReportReporter -->
<testsuite hostname="admin" failures="0" tests="1" name="com.tetherfi.test.fax.FaxLineConfigTest" time="11.957" errors="0" timestamp="03 Jun 2019 08:59:23 GMT" skipped="0">
  <testcase classname="com.tetherfi.test.fax.FaxLineConfigTest" name="database" time="11.957"/>
</testsuite> <!-- com.tetherfi.test.fax.FaxLineConfigTest -->
