<?xml version="1.0" encoding="UTF-8"?>
<!-- Generated by org.testng.reporters.JUnitReportReporter -->
<testsuite skipped="0" hostname="TTF-BLR-SANTOSHKOUJALAGI" name="com.tetherfi.test.UserOnBoardingTeamLevelUserDeleteTest" tests="14" failures="0" timestamp="2021-08-01T22:38:33 IST" time="948.047" errors="0">
  <testcase name="DeleteRevertUserOnBoardingRecord" time="70.926" classname="com.tetherfi.test.UserOnBoardingTeamLevelUserDeleteTest"/>
  <testcase name="VerifyRevertForDeleteRecord" time="67.689" classname="com.tetherfi.test.UserOnBoardingTeamLevelUserDeleteTest"/>
  <testcase name="VerifyAuditTrialReportForRevertDelete" time="59.587" classname="com.tetherfi.test.UserOnBoardingTeamLevelUserDeleteTest"/>
  <testcase name="RejectDeleteRecord" time="66.425" classname="com.tetherfi.test.UserOnBoardingTeamLevelUserDeleteTest"/>
  <testcase name="VerifySendForApprovalForDeleteNewRecord" time="64.903" classname="com.tetherfi.test.UserOnBoardingTeamLevelUserDeleteTest"/>
  <testcase name="RejectforDeleteUserOnBoardingRecord" time="66.683" classname="com.tetherfi.test.UserOnBoardingTeamLevelUserDeleteTest"/>
  <testcase name="VerifyAuditTrailReportForReject" time="83.666" classname="com.tetherfi.test.UserOnBoardingTeamLevelUserDeleteTest"/>
  <testcase name="DeleteUserOnBoardingRecord" time="66.697" classname="com.tetherfi.test.UserOnBoardingTeamLevelUserDeleteTest"/>
  <testcase name="VerifyAuditTrialReportForDelete" time="84.310" classname="com.tetherfi.test.UserOnBoardingTeamLevelUserDeleteTest"/>
  <testcase name="VerifyAuditTrailDataForDeleteUserOnBoardingRecord" time="64.534" classname="com.tetherfi.test.UserOnBoardingTeamLevelUserDeleteTest"/>
  <testcase name="VerifySendForApprovalForDeleteRecord" time="44.226" classname="com.tetherfi.test.UserOnBoardingTeamLevelUserDeleteTest"/>
  <testcase name="VerifyAuditTrailReportForSendForApprove" time="60.938" classname="com.tetherfi.test.UserOnBoardingTeamLevelUserDeleteTest"/>
  <testcase name="ApproveforDeleteUserOnBoardingRecord" time="63.599" classname="com.tetherfi.test.UserOnBoardingTeamLevelUserDeleteTest"/>
  <testcase name="VerifyAuditTrailReportForApprove" time="83.864" classname="com.tetherfi.test.UserOnBoardingTeamLevelUserDeleteTest"/>
</testsuite> <!-- com.tetherfi.test.UserOnBoardingTeamLevelUserDeleteTest -->
