<?xml version="1.0" encoding="UTF-8"?>
<!-- Generated by org.testng.reporters.JUnitReportReporter -->
<testsuite skipped="0" hostname="TTF-BLR-SANTOSHKOUJALAGI" name="com.tetherfi.test.CEPEventMappingTest" tests="40" failures="0" timestamp="2021-08-09T15:31:44 IST" time="610.395" errors="0">
  <testcase name="CepEventMappingPage" time="6.359" classname="com.tetherfi.test.CEPEventMappingTest"/>
  <testcase name="VerifyDropdownForAllTheColumns" time="18.893" classname="com.tetherfi.test.CEPEventMappingTest"/>
  <testcase name="VerifyColumnsHeaderEnable" time="12.473" classname="com.tetherfi.test.CEPEventMappingTest"/>
  <testcase name="VerifyColumnsHeaderDisable" time="5.809" classname="com.tetherfi.test.CEPEventMappingTest"/>
  <testcase name="AddCepEventMappingRecord" time="9.191" classname="com.tetherfi.test.CEPEventMappingTest"/>
  <testcase name="VerifyAuditTrialReportForCreate" time="37.471" classname="com.tetherfi.test.CEPEventMappingTest"/>
  <testcase name="DuplicateRecord" time="8.496" classname="com.tetherfi.test.CEPEventMappingTest"/>
  <testcase name="VerifyCancelBtnAtAddRecord" time="29.122" classname="com.tetherfi.test.CEPEventMappingTest"/>
  <testcase name="AddRecordWithoutCEPEvent" time="9.360" classname="com.tetherfi.test.CEPEventMappingTest"/>
  <testcase name="AddRecordWithoutDescription" time="9.694" classname="com.tetherfi.test.CEPEventMappingTest"/>
  <testcase name="AddRecordWithoutBins" time="10.066" classname="com.tetherfi.test.CEPEventMappingTest"/>
  <testcase name="AddRecordWithoutTransferFlag" time="9.179" classname="com.tetherfi.test.CEPEventMappingTest"/>
  <testcase name="AddRecordWithoutIntent" time="10.752" classname="com.tetherfi.test.CEPEventMappingTest"/>
  <testcase name="EditCepEventMappingRecord" time="17.989" classname="com.tetherfi.test.CEPEventMappingTest"/>
  <testcase name="VerifyAuditTrialReportForUpdate" time="37.411" classname="com.tetherfi.test.CEPEventMappingTest"/>
  <testcase name="EditWithoutModifyReasonRecord" time="13.799" classname="com.tetherfi.test.CEPEventMappingTest"/>
  <testcase name="VerifyCancelBtnAtEditRecord" time="39.994" classname="com.tetherfi.test.CEPEventMappingTest"/>
  <testcase name="VerifySearchIsNotEqualTo" time="17.966" classname="com.tetherfi.test.CEPEventMappingTest"/>
  <testcase name="VerifySearchContains" time="15.753" classname="com.tetherfi.test.CEPEventMappingTest"/>
  <testcase name="VerifySearchDoesNotContains" time="18.107" classname="com.tetherfi.test.CEPEventMappingTest"/>
  <testcase name="VerifySearchStartsWith" time="15.866" classname="com.tetherfi.test.CEPEventMappingTest"/>
  <testcase name="VerifySearchEndsWith" time="16.977" classname="com.tetherfi.test.CEPEventMappingTest"/>
  <testcase name="searchPage" time="10.711" classname="com.tetherfi.test.CEPEventMappingTest"/>
  <testcase name="ExportToExcel" time="8.560" classname="com.tetherfi.test.CEPEventMappingTest"/>
  <testcase name="ExportToExcelData" time="8.339" classname="com.tetherfi.test.CEPEventMappingTest"/>
  <testcase name="DeleteWithoutDeleteReasonRecord" time="15.302" classname="com.tetherfi.test.CEPEventMappingTest"/>
  <testcase name="VerifyCancelBtnAtDeleteCEPEventMappingRecord" time="35.170" classname="com.tetherfi.test.CEPEventMappingTest"/>
  <testcase name="DeleteRecord" time="15.359" classname="com.tetherfi.test.CEPEventMappingTest"/>
  <testcase name="VerifyAuditTrialReportForDelete" time="38.263" classname="com.tetherfi.test.CEPEventMappingTest"/>
  <testcase name="SearchClearSearch" time="12.257" classname="com.tetherfi.test.CEPEventMappingTest"/>
  <testcase name="ExporttoExcelWithoutData" time="11.917" classname="com.tetherfi.test.CEPEventMappingTest"/>
  <testcase name="SortingByAscending" time="11.410" classname="com.tetherfi.test.CEPEventMappingTest"/>
  <testcase name="SortingByDescending" time="11.555" classname="com.tetherfi.test.CEPEventMappingTest"/>
  <testcase name="GroupBy" time="8.510" classname="com.tetherfi.test.CEPEventMappingTest"/>
  <testcase name="VerifyArrowMoveForPreviousAndNextPage" time="5.628" classname="com.tetherfi.test.CEPEventMappingTest"/>
  <testcase name="VerifyArrowMoveForFirstAndLastPage" time="5.717" classname="com.tetherfi.test.CEPEventMappingTest"/>
  <testcase name="VerifyTotalNumberOfItemsPerPageDetails" time="5.315" classname="com.tetherfi.test.CEPEventMappingTest"/>
  <testcase name="VerifyNumberOfItemsPerPageSelection" time="12.468" classname="com.tetherfi.test.CEPEventMappingTest"/>
  <testcase name="searchwithoutSearchTextbox" time="9.052" classname="com.tetherfi.test.CEPEventMappingTest"/>
  <testcase name="database" time="14.135" classname="com.tetherfi.test.CEPEventMappingTest"/>
</testsuite> <!-- com.tetherfi.test.CEPEventMappingTest -->
