<?xml version="1.0" encoding="UTF-8"?>
<!-- Generated by org.testng.reporters.JUnitReportReporter -->
<testsuite hostname="DESKTOP-O6A5C2O" failures="0" tests="16" name="com.tetherfi.test.ivr.BranchManagementEditTest" time="963.841" errors="0" timestamp="2020-03-18T03:18:37 IST" skipped="0">
  <testcase classname="com.tetherfi.test.ivr.BranchManagementEditTest" name="EditCancelBranchManagementRecord" time="54.620"/>
  <testcase classname="com.tetherfi.test.ivr.BranchManagementEditTest" name="EditRecordWithoutModifyReaosn" time="58.817"/>
  <testcase classname="com.tetherfi.test.ivr.BranchManagementEditTest" name="EditRevertBranchManagementRecord" time="53.694"/>
  <testcase classname="com.tetherfi.test.ivr.BranchManagementEditTest" name="VerifyRevertForEditRecord" time="52.062"/>
  <testcase classname="com.tetherfi.test.ivr.BranchManagementEditTest" name="VerifyAuditTrialReportForRevertUpdate" time="67.242"/>
  <testcase classname="com.tetherfi.test.ivr.BranchManagementEditTest" name="EditRejectRecord" time="55.008"/>
  <testcase classname="com.tetherfi.test.ivr.BranchManagementEditTest" name="VerifySendForApprovalForEditRejectRecord" time="67.559"/>
  <testcase classname="com.tetherfi.test.ivr.BranchManagementEditTest" name="RejectforEditBranchManagementRecord" time="62.500"/>
  <testcase classname="com.tetherfi.test.ivr.BranchManagementEditTest" name="VerifyAuditTrailReportForReject" time="66.492"/>
  <testcase classname="com.tetherfi.test.ivr.BranchManagementEditTest" name="EditBranchManagementRecord" time="53.472"/>
  <testcase classname="com.tetherfi.test.ivr.BranchManagementEditTest" name="VerifyAuditTrailDataForEditBranchManagementRecord" time="52.607"/>
  <testcase classname="com.tetherfi.test.ivr.BranchManagementEditTest" name="VerifyAuditTrialReportForUpdate" time="67.756"/>
  <testcase classname="com.tetherfi.test.ivr.BranchManagementEditTest" name="VerifySendForApprovalForRejectRecord" time="57.178"/>
  <testcase classname="com.tetherfi.test.ivr.BranchManagementEditTest" name="VerifyAuditTrialReportForSendForApprovalUpdate" time="69.944"/>
  <testcase classname="com.tetherfi.test.ivr.BranchManagementEditTest" name="ApproveforEditBranchManagementRecord" time="54.437"/>
  <testcase classname="com.tetherfi.test.ivr.BranchManagementEditTest" name="VerifyAuditTrailReportForApprove" time="70.453"/>
</testsuite> <!-- com.tetherfi.test.ivr.BranchManagementEditTest -->
