<?xml version="1.0" encoding="UTF-8"?>
<!-- Generated by org.testng.reporters.JUnitReportReporter -->
<testsuite hostname="admin" failures="0" tests="18" name="com.tetherfi.test.reports.OCMChatbotInteractionreportTest" time="37.701" errors="1" timestamp="2020-06-08T14:31:34 IST" skipped="17">
  <testcase classname="com.tetherfi.test.reports.OCMChatbotInteractionreportTest" name="openApplication" time="37.701">
    <error message="chrome not reachable
  (Session info: chrome=83.0.4103.61)
Build info: version: &#039;3.141.59&#039;, revision: &#039;e82be7d358&#039;, time: &#039;2018-11-14T08:17:03&#039;
System info: host: &#039;ADMIN&#039;, ip: &#039;192.168.1.4&#039;, os.name: &#039;Windows 8.1&#039;, os.arch: &#039;amd64&#039;, os.version: &#039;6.3&#039;, java.version: &#039;9.0.4&#039;
Driver info: org.openqa.selenium.chrome.ChromeDriver
Capabilities {acceptInsecureCerts: false, browserName: chrome, browserVersion: 83.0.4103.61, chrome: {chromedriverVersion: 83.0.4103.39 (ccbf011cb2d2b..., userDataDir: C:\Users\ADMINP~1\AppData\L...}, goog:chromeOptions: {debuggerAddress: localhost:56353}, javascriptEnabled: true, networkConnectionEnabled: false, pageLoadStrategy: normal, platform: WINDOWS, platformName: WINDOWS, proxy: Proxy(), setWindowRect: true, strictFileInteractability: false, timeouts: {implicit: 0, pageLoad: 300000, script: 30000}, unhandledPromptBehavior: dismiss and notify, webauthn:virtualAuthenticators: true}
Session ID: 8468cc1871f1e887737601aedcb6e167" type="org.openqa.selenium.WebDriverException">
      <![CDATA[org.openqa.selenium.WebDriverException: chrome not reachable
  (Session info: chrome=83.0.4103.61)
Build info: version: '3.141.59', revision: 'e82be7d358', time: '2018-11-14T08:17:03'
System info: host: 'ADMIN', ip: '192.168.1.4', os.name: 'Windows 8.1', os.arch: 'amd64', os.version: '6.3', java.version: '9.0.4'
Driver info: org.openqa.selenium.chrome.ChromeDriver
Capabilities {acceptInsecureCerts: false, browserName: chrome, browserVersion: 83.0.4103.61, chrome: {chromedriverVersion: 83.0.4103.39 (ccbf011cb2d2b..., userDataDir: C:\Users\ADMINP~1\AppData\L...}, goog:chromeOptions: {debuggerAddress: localhost:56353}, javascriptEnabled: true, networkConnectionEnabled: false, pageLoadStrategy: normal, platform: WINDOWS, platformName: WINDOWS, proxy: Proxy(), setWindowRect: true, strictFileInteractability: false, timeouts: {implicit: 0, pageLoad: 300000, script: 30000}, unhandledPromptBehavior: dismiss and notify, webauthn:virtualAuthenticators: true}
Session ID: 8468cc1871f1e887737601aedcb6e167
at java.base/jdk.internal.reflect.NativeConstructorAccessorImpl.newInstance0(Native Method)
at java.base/jdk.internal.reflect.NativeConstructorAccessorImpl.newInstance(Unknown Source)
at java.base/jdk.internal.reflect.DelegatingConstructorAccessorImpl.newInstance(Unknown Source)
at java.base/java.lang.reflect.Constructor.newInstance(Unknown Source)
at org.openqa.selenium.remote.http.W3CHttpResponseCodec.createException(W3CHttpResponseCodec.java:187)
at org.openqa.selenium.remote.http.W3CHttpResponseCodec.decode(W3CHttpResponseCodec.java:122)
at org.openqa.selenium.remote.http.W3CHttpResponseCodec.decode(W3CHttpResponseCodec.java:49)
at org.openqa.selenium.remote.HttpCommandExecutor.execute(HttpCommandExecutor.java:158)
at org.openqa.selenium.remote.service.DriverCommandExecutor.execute(DriverCommandExecutor.java:83)
at org.openqa.selenium.remote.RemoteWebDriver.execute(RemoteWebDriver.java:552)
at org.openqa.selenium.remote.RemoteWebDriver.execute(RemoteWebDriver.java:609)
at org.openqa.selenium.remote.RemoteWebDriver.close(RemoteWebDriver.java:442)
at com.tetherfi.test.BaseTest.openApplication(BaseTest.java:42)
at java.base/jdk.internal.reflect.NativeMethodAccessorImpl.invoke0(Native Method)
at java.base/jdk.internal.reflect.NativeMethodAccessorImpl.invoke(Unknown Source)
at java.base/jdk.internal.reflect.DelegatingMethodAccessorImpl.invoke(Unknown Source)
at java.base/java.lang.reflect.Method.invoke(Unknown Source)
at org.testng.internal.MethodInvocationHelper.invokeMethod(MethodInvocationHelper.java:133)
at org.testng.internal.MethodInvocationHelper.invokeMethodConsideringTimeout(MethodInvocationHelper.java:62)
at org.testng.internal.ConfigInvoker.invokeConfigurationMethod(ConfigInvoker.java:340)
at org.testng.internal.ConfigInvoker.invokeConfigurations(ConfigInvoker.java:294)
at org.testng.internal.TestMethodWorker.invokeBeforeClassMethods(TestMethodWorker.java:176)
at org.testng.internal.TestMethodWorker.run(TestMethodWorker.java:122)
at java.base/java.util.ArrayList.forEach(Unknown Source)
at org.testng.TestRunner.privateRun(TestRunner.java:770)
at org.testng.TestRunner.run(TestRunner.java:591)
at org.testng.SuiteRunner.runTest(SuiteRunner.java:402)
at org.testng.SuiteRunner.runSequentially(SuiteRunner.java:396)
at org.testng.SuiteRunner.privateRun(SuiteRunner.java:355)
at org.testng.SuiteRunner.run(SuiteRunner.java:304)
at org.testng.SuiteRunnerWorker.runSuite(SuiteRunnerWorker.java:53)
at org.testng.SuiteRunnerWorker.run(SuiteRunnerWorker.java:96)
at org.testng.TestNG.runSuitesSequentially(TestNG.java:1180)
at org.testng.TestNG.runSuitesLocally(TestNG.java:1102)
at org.testng.TestNG.runSuites(TestNG.java:1032)
at org.testng.TestNG.run(TestNG.java:1000)
at org.testng.remote.AbstractRemoteTestNG.run(AbstractRemoteTestNG.java:115)
at org.testng.remote.RemoteTestNG.initAndRun(RemoteTestNG.java:251)
at org.testng.remote.RemoteTestNG.main(RemoteTestNG.java:77)
]]>
    </error>
  </testcase> <!-- openApplication -->
  <testcase classname="com.tetherfi.test.reports.OCMChatbotInteractionreportTest" name="VerifyViewDownloadedOcmChatbotInteractionReportInReportsDownloadPage" time="0.000">
    <skipped/>
  </testcase> <!-- VerifyViewDownloadedOcmChatbotInteractionReportInReportsDownloadPage -->
  <testcase classname="com.tetherfi.test.reports.OCMChatbotInteractionreportTest" name="ExportChatbotInteractionReportDateRange" time="0.000">
    <skipped/>
  </testcase> <!-- ExportChatbotInteractionReportDateRange -->
  <testcase classname="com.tetherfi.test.reports.OCMChatbotInteractionreportTest" name="ViewDownloadedChatbotInteractionReportInReportsDownloadPageDateRange" time="0.000">
    <skipped/>
  </testcase> <!-- ViewDownloadedChatbotInteractionReportInReportsDownloadPageDateRange -->
  <testcase classname="com.tetherfi.test.reports.OCMChatbotInteractionreportTest" name="VerifyViewDownloadedOcmChatbotInteractionReportInReportsDownloadDateRangePage" time="0.000">
    <skipped/>
  </testcase> <!-- VerifyViewDownloadedOcmChatbotInteractionReportInReportsDownloadDateRangePage -->
  <testcase classname="com.tetherfi.test.reports.OCMChatbotInteractionreportTest" name="DeleteWithoutDeleteReasonRecordinReportsDownload" time="0.000">
    <skipped/>
  </testcase> <!-- DeleteWithoutDeleteReasonRecordinReportsDownload -->
  <testcase classname="com.tetherfi.test.reports.OCMChatbotInteractionreportTest" name="DeleteRecord" time="0.000">
    <skipped/>
  </testcase> <!-- DeleteRecord -->
  <testcase classname="com.tetherfi.test.reports.OCMChatbotInteractionreportTest" name="ExportPage" time="0.000">
    <skipped/>
  </testcase> <!-- ExportPage -->
  <testcase classname="com.tetherfi.test.reports.OCMChatbotInteractionreportTest" name="VerifyExportedPage" time="0.000">
    <skipped/>
  </testcase> <!-- VerifyExportedPage -->
  <testcase classname="com.tetherfi.test.reports.OCMChatbotInteractionreportTest" name="ExportToExcelForChatbotInteractionReport" time="0.000">
    <skipped/>
  </testcase> <!-- ExportToExcelForChatbotInteractionReport -->
  <testcase classname="com.tetherfi.test.reports.OCMChatbotInteractionreportTest" name="ViewDownloadedChatbotInteractionReportInReportsDownloadPageinChatbotInteractionPg" time="0.000">
    <skipped/>
  </testcase> <!-- ViewDownloadedChatbotInteractionReportInReportsDownloadPageinChatbotInteractionPg -->
  <testcase classname="com.tetherfi.test.reports.OCMChatbotInteractionreportTest" name="VerifyViewDownloadedOcmChatbotInteractionReportInReportsDownload" time="0.000">
    <skipped/>
  </testcase> <!-- VerifyViewDownloadedOcmChatbotInteractionReportInReportsDownload -->
  <testcase classname="com.tetherfi.test.reports.OCMChatbotInteractionreportTest" name="VerifySearchByFeatureForChatbotInteractionReport" time="0.000">
    <skipped/>
  </testcase> <!-- VerifySearchByFeatureForChatbotInteractionReport -->
  <testcase classname="com.tetherfi.test.reports.OCMChatbotInteractionreportTest" name="VerifySearchEqualsFeatureForChatbotInteractionReport" time="0.000">
    <skipped/>
  </testcase> <!-- VerifySearchEqualsFeatureForChatbotInteractionReport -->
  <testcase classname="com.tetherfi.test.reports.OCMChatbotInteractionreportTest" name="VerifySearchIsNotEqualTo" time="0.000">
    <skipped/>
  </testcase> <!-- VerifySearchIsNotEqualTo -->
  <testcase classname="com.tetherfi.test.reports.OCMChatbotInteractionreportTest" name="VerifySearchEndsWith" time="0.000">
    <skipped/>
  </testcase> <!-- VerifySearchEndsWith -->
  <testcase classname="com.tetherfi.test.reports.OCMChatbotInteractionreportTest" name="verifyAdvancedSearchinreportpage" time="0.000">
    <skipped/>
  </testcase> <!-- verifyAdvancedSearchinreportpage -->
  <testcase classname="com.tetherfi.test.reports.OCMChatbotInteractionreportTest" name="VerifySorting" time="0.000">
    <skipped/>
  </testcase> <!-- VerifySorting -->
</testsuite> <!-- com.tetherfi.test.reports.OCMChatbotInteractionreportTest -->
