<?xml version="1.0" encoding="UTF-8"?>
<!-- Generated by org.testng.reporters.JUnitReportReporter -->
<testsuite hostname="DESKTOP-O6A5C2O" failures="1" tests="34" name="com.tetherfi.test.tmac.WaitTimeColorConfigTest" time="389.266" errors="0" timestamp="2019-10-21T19:07:46 IST" skipped="0">
  <testcase classname="com.tetherfi.test.tmac.WaitTimeColorConfigTest" name="WaitTimeColorConfigPage" time="6.384"/>
  <testcase classname="com.tetherfi.test.tmac.WaitTimeColorConfigTest" name="AddNewWaitTimeColorConfigCancelRecord" time="9.148"/>
  <testcase classname="com.tetherfi.test.tmac.WaitTimeColorConfigTest" name="AddNewWaitTimeColorConfigRecord" time="9.975"/>
  <testcase classname="com.tetherfi.test.tmac.WaitTimeColorConfigTest" name="VerifyAuditTrialReportForCreate" time="30.210"/>
  <testcase classname="com.tetherfi.test.tmac.WaitTimeColorConfigTest" name="AddRecordWithoutStartTime" time="10.320"/>
  <testcase classname="com.tetherfi.test.tmac.WaitTimeColorConfigTest" name="AddRecordWithoutEndTime" time="7.995"/>
  <testcase classname="com.tetherfi.test.tmac.WaitTimeColorConfigTest" name="AddRecordWithoutDuplicate" time="9.031"/>
  <testcase classname="com.tetherfi.test.tmac.WaitTimeColorConfigTest" name="VerifySearchIsNotEqualTo" time="11.776"/>
  <testcase classname="com.tetherfi.test.tmac.WaitTimeColorConfigTest" name="VerifySearchContains" time="10.147"/>
  <testcase classname="com.tetherfi.test.tmac.WaitTimeColorConfigTest" name="VerifySearchDoesNotContains" time="11.591"/>
  <testcase classname="com.tetherfi.test.tmac.WaitTimeColorConfigTest" name="VerifySearchStartsWith" time="9.934"/>
  <testcase classname="com.tetherfi.test.tmac.WaitTimeColorConfigTest" name="VerifySearchEndsWith" time="9.716"/>
  <testcase classname="com.tetherfi.test.tmac.WaitTimeColorConfigTest" name="EditWaitTimeColorConfigCancelRecord" time="12.753"/>
  <testcase classname="com.tetherfi.test.tmac.WaitTimeColorConfigTest" name="EditWaitTimeColorConfigRecord" time="13.977"/>
  <testcase classname="com.tetherfi.test.tmac.WaitTimeColorConfigTest" name="VerifyAuditTrialReportForUpdate" time="30.434"/>
  <testcase classname="com.tetherfi.test.tmac.WaitTimeColorConfigTest" name="searchPage" time="11.081"/>
  <testcase classname="com.tetherfi.test.tmac.WaitTimeColorConfigTest" name="SearchClearSearch" time="10.532"/>
  <testcase classname="com.tetherfi.test.tmac.WaitTimeColorConfigTest" name="ExportToExcel" time="8.643"/>
  <testcase classname="com.tetherfi.test.tmac.WaitTimeColorConfigTest" name="ExportToExcelData" time="6.747"/>
  <testcase classname="com.tetherfi.test.tmac.WaitTimeColorConfigTest" name="DeleteCancelRecord" time="10.338"/>
  <testcase classname="com.tetherfi.test.tmac.WaitTimeColorConfigTest" name="DeleteRecord" time="11.252"/>
  <testcase classname="com.tetherfi.test.tmac.WaitTimeColorConfigTest" name="VerifyAuditTrialReportForDelete" time="27.866"/>
  <testcase classname="com.tetherfi.test.tmac.WaitTimeColorConfigTest" name="database" time="6.713">
    <failure message="did not expect to find [true] but found [false]" type="java.lang.AssertionError">
      <![CDATA[java.lang.AssertionError: did not expect to find [true] but found [false]
at org.testng.Assert.fail(Assert.java:97)
at org.testng.Assert.failNotEquals(Assert.java:969)
at org.testng.Assert.assertTrue(Assert.java:43)
at org.testng.Assert.assertTrue(Assert.java:53)
at com.tetherfi.test.tmac.WaitTimeColorConfigTest.database(WaitTimeColorConfigTest.java:279)
at java.base/jdk.internal.reflect.NativeMethodAccessorImpl.invoke0(Native Method)
at java.base/jdk.internal.reflect.NativeMethodAccessorImpl.invoke(Unknown Source)
at java.base/jdk.internal.reflect.DelegatingMethodAccessorImpl.invoke(Unknown Source)
at java.base/java.lang.reflect.Method.invoke(Unknown Source)
at org.testng.internal.MethodInvocationHelper.invokeMethod(MethodInvocationHelper.java:133)
at org.testng.internal.TestInvoker.invokeMethod(TestInvoker.java:584)
at org.testng.internal.TestInvoker.invokeTestMethod(TestInvoker.java:172)
at org.testng.internal.MethodRunner.runInSequence(MethodRunner.java:46)
at org.testng.internal.TestInvoker$MethodInvocationAgent.invoke(TestInvoker.java:804)
at org.testng.internal.TestInvoker.invokeTestMethods(TestInvoker.java:145)
at org.testng.internal.TestMethodWorker.invokeTestMethods(TestMethodWorker.java:146)
at org.testng.internal.TestMethodWorker.run(TestMethodWorker.java:128)
at java.base/java.util.ArrayList.forEach(Unknown Source)
at org.testng.TestRunner.privateRun(TestRunner.java:770)
at org.testng.TestRunner.run(TestRunner.java:591)
at org.testng.SuiteRunner.runTest(SuiteRunner.java:402)
at org.testng.SuiteRunner.runSequentially(SuiteRunner.java:396)
at org.testng.SuiteRunner.privateRun(SuiteRunner.java:355)
at org.testng.SuiteRunner.run(SuiteRunner.java:304)
at org.testng.SuiteRunnerWorker.runSuite(SuiteRunnerWorker.java:53)
at org.testng.SuiteRunnerWorker.run(SuiteRunnerWorker.java:96)
at org.testng.TestNG.runSuitesSequentially(TestNG.java:1180)
at org.testng.TestNG.runSuitesLocally(TestNG.java:1102)
at org.testng.TestNG.runSuites(TestNG.java:1032)
at org.testng.TestNG.run(TestNG.java:1000)
at org.testng.remote.AbstractRemoteTestNG.run(AbstractRemoteTestNG.java:115)
at org.testng.remote.RemoteTestNG.initAndRun(RemoteTestNG.java:251)
at org.testng.remote.RemoteTestNG.main(RemoteTestNG.java:77)
]]>
    </failure>
  </testcase> <!-- database -->
  <testcase classname="com.tetherfi.test.tmac.WaitTimeColorConfigTest" name="GroupBy" time="10.345"/>
  <testcase classname="com.tetherfi.test.tmac.WaitTimeColorConfigTest" name="VerifyArrowMoveForPreviousAndNextPage" time="5.348"/>
  <testcase classname="com.tetherfi.test.tmac.WaitTimeColorConfigTest" name="VerifyArrowMoveForFirstAndLastPage" time="5.355"/>
  <testcase classname="com.tetherfi.test.tmac.WaitTimeColorConfigTest" name="VerifyTotalNumberOfItemsPerPageDetails" time="5.151"/>
  <testcase classname="com.tetherfi.test.tmac.WaitTimeColorConfigTest" name="VerifyNumberOfItemsPerPageSelection" time="10.779"/>
  <testcase classname="com.tetherfi.test.tmac.WaitTimeColorConfigTest" name="VerifyDropdownForAllTheColumns" time="14.114"/>
  <testcase classname="com.tetherfi.test.tmac.WaitTimeColorConfigTest" name="VerifyColumnsHeaderEnable" time="11.094"/>
  <testcase classname="com.tetherfi.test.tmac.WaitTimeColorConfigTest" name="VerifyColumnsHeaderDisable" time="10.867"/>
  <testcase classname="com.tetherfi.test.tmac.WaitTimeColorConfigTest" name="SortingByAscending" time="9.771"/>
  <testcase classname="com.tetherfi.test.tmac.WaitTimeColorConfigTest" name="SortingByDescending" time="10.244"/>
  <testcase classname="com.tetherfi.test.tmac.WaitTimeColorConfigTest" name="ExporttoExcelWithoutData" time="9.635"/>
</testsuite> <!-- com.tetherfi.test.tmac.WaitTimeColorConfigTest -->
