<?xml version="1.0" encoding="UTF-8"?>
<!-- Generated by org.testng.reporters.JUnitReportReporter -->
<testsuite skipped="0" hostname="TTF-BLR-SANTOSHKOUJALAGI" name="com.tetherfi.test.tmac.AgentSettingsCreateTest" tests="6" failures="0" timestamp="2021-08-01T12:21:22 IST" time="324.547" errors="0">
  <testcase name="AddNewSupervisorRecord" time="69.397" classname="com.tetherfi.test.tmac.AgentSettingsCreateTest"/>
  <testcase name="VerifySendForApprovalForAddNewAgentSettingsRecord1" time="47.228" classname="com.tetherfi.test.tmac.AgentSettingsCreateTest"/>
  <testcase name="ApproveforAddNewAgentSettingRecord" time="45.152" classname="com.tetherfi.test.tmac.AgentSettingsCreateTest"/>
  <testcase name="AddNewAgentSettingsRecord" time="74.155" classname="com.tetherfi.test.tmac.AgentSettingsCreateTest"/>
  <testcase name="VerifySendForApprovalRecord" time="43.901" classname="com.tetherfi.test.tmac.AgentSettingsCreateTest"/>
  <testcase name="ApproveforAddNewAgentRecord" time="44.714" classname="com.tetherfi.test.tmac.AgentSettingsCreateTest"/>
</testsuite> <!-- com.tetherfi.test.tmac.AgentSettingsCreateTest -->
