<?xml version="1.0" encoding="UTF-8"?>
<!-- Generated by org.testng.reporters.JUnitReportReporter -->
<testsuite skipped="15" hostname="TTF-BLR-SANTOSHKOUJALAGI" name="com.tetherfi.test.tmac.AgentTemplateTest" tests="112" failures="1" timestamp="2021-08-09T18:30:23 IST" time="1378.544" errors="0">
  <testcase name="VerifyAgentTemplatePageTemplateTab" time="11.421" classname="com.tetherfi.test.tmac.AgentTemplateTest"/>
  <testcase name="ExportToExcelButton" time="12.146" classname="com.tetherfi.test.tmac.AgentTemplateTest"/>
  <testcase name="verifyExportToExcelWithoutData" time="14.157" classname="com.tetherfi.test.tmac.AgentTemplateTest"/>
  <testcase name="verifyGroupBy" time="10.416" classname="com.tetherfi.test.tmac.AgentTemplateTest">
    <failure type="java.lang.AssertionError" message="Group By Assertion failed did not expect to find [true] but found [false]">
      <![CDATA[java.lang.AssertionError: Group By Assertion failed did not expect to find [true] but found [false]
at org.testng.Assert.fail(Assert.java:97)
at org.testng.Assert.failNotEquals(Assert.java:969)
at org.testng.Assert.assertTrue(Assert.java:43)
at com.tetherfi.test.tmac.AgentTemplateTest.verifyGroupBy(AgentTemplateTest.java:113)
at sun.reflect.NativeMethodAccessorImpl.invoke0(Native Method)
at sun.reflect.NativeMethodAccessorImpl.invoke(Unknown Source)
at sun.reflect.DelegatingMethodAccessorImpl.invoke(Unknown Source)
at java.lang.reflect.Method.invoke(Unknown Source)
at org.testng.internal.MethodInvocationHelper.invokeMethod(MethodInvocationHelper.java:133)
at org.testng.internal.TestInvoker.invokeMethod(TestInvoker.java:584)
at org.testng.internal.TestInvoker.invokeTestMethod(TestInvoker.java:172)
at org.testng.internal.MethodRunner.runInSequence(MethodRunner.java:46)
at org.testng.internal.TestInvoker$MethodInvocationAgent.invoke(TestInvoker.java:804)
at org.testng.internal.TestInvoker.invokeTestMethods(TestInvoker.java:145)
at org.testng.internal.TestMethodWorker.invokeTestMethods(TestMethodWorker.java:146)
at org.testng.internal.TestMethodWorker.run(TestMethodWorker.java:128)
at java.util.ArrayList.forEach(Unknown Source)
at org.testng.TestRunner.privateRun(TestRunner.java:770)
at org.testng.TestRunner.run(TestRunner.java:591)
at org.testng.SuiteRunner.runTest(SuiteRunner.java:402)
at org.testng.SuiteRunner.runSequentially(SuiteRunner.java:396)
at org.testng.SuiteRunner.privateRun(SuiteRunner.java:355)
at org.testng.SuiteRunner.run(SuiteRunner.java:304)
at org.testng.SuiteRunnerWorker.runSuite(SuiteRunnerWorker.java:53)
at org.testng.SuiteRunnerWorker.run(SuiteRunnerWorker.java:96)
at org.testng.TestNG.runSuitesSequentially(TestNG.java:1180)
at org.testng.TestNG.runSuitesLocally(TestNG.java:1102)
at org.testng.TestNG.runSuites(TestNG.java:1032)
at org.testng.TestNG.run(TestNG.java:1000)
at org.testng.remote.AbstractRemoteTestNG.run(AbstractRemoteTestNG.java:115)
at org.testng.remote.RemoteTestNG.initAndRun(RemoteTestNG.java:251)
at org.testng.remote.RemoteTestNG.main(RemoteTestNG.java:77)
]]>
    </failure>
  </testcase> <!-- verifyGroupBy -->
  <testcase name="verifyArrowMoveForPreviousAndNextPage" time="11.102" classname="com.tetherfi.test.tmac.AgentTemplateTest"/>
  <testcase name="verifyArrowMoveForFirstAndLastPage" time="10.606" classname="com.tetherfi.test.tmac.AgentTemplateTest"/>
  <testcase name="verifyTotalNumberOfItemsPerPageDetails" time="8.022" classname="com.tetherfi.test.tmac.AgentTemplateTest"/>
  <testcase name="verifyNumberOfItemsPerPageSelection" time="22.853" classname="com.tetherfi.test.tmac.AgentTemplateTest"/>
  <testcase name="searchPage" time="15.217" classname="com.tetherfi.test.tmac.AgentTemplateTest"/>
  <testcase name="searchwithoutSearchTextbox" time="12.702" classname="com.tetherfi.test.tmac.AgentTemplateTest"/>
  <testcase name="SearchClearSearch" time="14.181" classname="com.tetherfi.test.tmac.AgentTemplateTest"/>
  <testcase name="SearchIsNotEqualTo" time="22.626" classname="com.tetherfi.test.tmac.AgentTemplateTest"/>
  <testcase name="SearchContains" time="15.856" classname="com.tetherfi.test.tmac.AgentTemplateTest"/>
  <testcase name="SearchDoesNotContains" time="20.124" classname="com.tetherfi.test.tmac.AgentTemplateTest"/>
  <testcase name="SearchStartsWith" time="15.335" classname="com.tetherfi.test.tmac.AgentTemplateTest"/>
  <testcase name="SearchEndsWith" time="13.862" classname="com.tetherfi.test.tmac.AgentTemplateTest"/>
  <testcase name="ExportToExcelButtonInTemplateScreenTab" time="12.051" classname="com.tetherfi.test.tmac.AgentTemplateTest"/>
  <testcase name="verifyExportedDataInTemplateScreenTab" time="11.235" classname="com.tetherfi.test.tmac.AgentTemplateTest"/>
  <testcase name="verifyExportToExcelWithoutDataInTemplateScreenTab" time="15.261" classname="com.tetherfi.test.tmac.AgentTemplateTest"/>
  <testcase name="verifySortByAscendingInTemplateScreenTab" time="15.811" classname="com.tetherfi.test.tmac.AgentTemplateTest"/>
  <testcase name="verifySortByDescendingInTemplateScreenTab" time="14.573" classname="com.tetherfi.test.tmac.AgentTemplateTest"/>
  <testcase name="verifyGroupByInTemplateScreenTab" time="12.688" classname="com.tetherfi.test.tmac.AgentTemplateTest"/>
  <testcase name="verifyArrowMoveForPreviousAndNextPageInTemplateScreenTab" time="13.342" classname="com.tetherfi.test.tmac.AgentTemplateTest"/>
  <testcase name="verifyArrowMoveForFirstAndLastPageInTemplateScreenTab" time="11.760" classname="com.tetherfi.test.tmac.AgentTemplateTest"/>
  <testcase name="verifyTotalNumberOfItemsPerPageDetailsInTemplateScreenTab" time="9.088" classname="com.tetherfi.test.tmac.AgentTemplateTest"/>
  <testcase name="verifyNumberOfItemsPerPageSelectionInTemplateScreenTab" time="18.917" classname="com.tetherfi.test.tmac.AgentTemplateTest"/>
  <testcase name="searchPageTemplateScreenTab" time="16.837" classname="com.tetherfi.test.tmac.AgentTemplateTest"/>
  <testcase name="searchwithoutSearchTextboxTemplateScreenTab" time="13.532" classname="com.tetherfi.test.tmac.AgentTemplateTest"/>
  <testcase name="SearchClearSearchTemplateScreenTab" time="14.086" classname="com.tetherfi.test.tmac.AgentTemplateTest"/>
  <testcase name="SearchIsNotEqualToTemplateScreenTab" time="16.699" classname="com.tetherfi.test.tmac.AgentTemplateTest"/>
  <testcase name="SearchContainsTemplateScreenTab" time="14.893" classname="com.tetherfi.test.tmac.AgentTemplateTest"/>
  <testcase name="SearchDoesNotContainsTemplateScreenTab" time="15.286" classname="com.tetherfi.test.tmac.AgentTemplateTest"/>
  <testcase name="SearchStartsWithTemplateScreenTab" time="14.626" classname="com.tetherfi.test.tmac.AgentTemplateTest"/>
  <testcase name="SearchEndsWithTemplateScreenTab" time="14.432" classname="com.tetherfi.test.tmac.AgentTemplateTest"/>
  <testcase name="ExportToExcelButtonInTemplateScreenWidgetsTab" time="11.767" classname="com.tetherfi.test.tmac.AgentTemplateTest"/>
  <testcase name="verifyExportedDataInTemplateScreenWidgetsTab" time="12.946" classname="com.tetherfi.test.tmac.AgentTemplateTest"/>
  <testcase name="verifyExportToExcelWithoutDataInTemplateScreenWidgetsTab" time="17.189" classname="com.tetherfi.test.tmac.AgentTemplateTest"/>
  <testcase name="verifySortByAscendingInTemplateWidgetsScreenTab" time="17.561" classname="com.tetherfi.test.tmac.AgentTemplateTest"/>
  <testcase name="verifySortByDescendingInTemplateWidgetsScreenTab" time="17.591" classname="com.tetherfi.test.tmac.AgentTemplateTest"/>
  <testcase name="verifyGroupByInTemplateWidgetsScreenTab" time="12.050" classname="com.tetherfi.test.tmac.AgentTemplateTest"/>
  <testcase name="verifyArrowMoveForPreviousAndNextPageInTemplateWidgetsScreenTTab" time="11.857" classname="com.tetherfi.test.tmac.AgentTemplateTest"/>
  <testcase name="verifyArrowMoveForFirstAndLastPageInTemplateWidgetsScreenTTab" time="11.540" classname="com.tetherfi.test.tmac.AgentTemplateTest"/>
  <testcase name="verifyTotalNumberOfItemsPerPageDetailsInTemplateWidgetsScreenTTab" time="9.656" classname="com.tetherfi.test.tmac.AgentTemplateTest"/>
  <testcase name="verifyNumberOfItemsPerPageSelectionInTemplateWidgetsScreenTab" time="19.052" classname="com.tetherfi.test.tmac.AgentTemplateTest"/>
  <testcase name="searchPageTemplateWidgetsScreenTab" time="15.832" classname="com.tetherfi.test.tmac.AgentTemplateTest"/>
  <testcase name="searchwithoutSearchTextboxTemplateScreenWidgetsTab" time="13.481" classname="com.tetherfi.test.tmac.AgentTemplateTest"/>
  <testcase name="SearchClearSearchTemplateScreenWidgetsTab" time="14.318" classname="com.tetherfi.test.tmac.AgentTemplateTest"/>
  <testcase name="SearchIsNotEqualToInTemplateScreenWidgetsTab" time="23.972" classname="com.tetherfi.test.tmac.AgentTemplateTest"/>
  <testcase name="SearchContainsInTemplateScreenWidgetsTab" time="15.554" classname="com.tetherfi.test.tmac.AgentTemplateTest"/>
  <testcase name="SearchDoesNotContainsInTemplateScreenWidgetsTab" time="17.643" classname="com.tetherfi.test.tmac.AgentTemplateTest"/>
  <testcase name="SearchStartsWithInTemplateScreenWidgetsTab" time="18.577" classname="com.tetherfi.test.tmac.AgentTemplateTest"/>
  <testcase name="SearchEndsWithInTemplateScreenWidgetsTab" time="14.972" classname="com.tetherfi.test.tmac.AgentTemplateTest"/>
  <testcase name="ExportToExcelButtonInTemplateAuxCodesTab" time="11.748" classname="com.tetherfi.test.tmac.AgentTemplateTest"/>
  <testcase name="verifyExportToExcelWithoutDataInTemplateAuxCodesTab" time="14.325" classname="com.tetherfi.test.tmac.AgentTemplateTest"/>
  <testcase name="verifyGroupByInTemplateAuxCodesTab" time="12.805" classname="com.tetherfi.test.tmac.AgentTemplateTest"/>
  <testcase name="verifyArrowMoveForPreviousAndNextPageInTemplateAuxCodesTab" time="8.723" classname="com.tetherfi.test.tmac.AgentTemplateTest"/>
  <testcase name="verifyArrowMoveForFirstAndLastPageInTemplateAuxCodesTab" time="9.200" classname="com.tetherfi.test.tmac.AgentTemplateTest"/>
  <testcase name="verifyTotalNumberOfItemsPerPageDetailsInTemplateAuxCodesTab" time="9.434" classname="com.tetherfi.test.tmac.AgentTemplateTest"/>
  <testcase name="verifyNumberOfItemsPerPageSelectionInTemplateAuxCodesTab" time="17.292" classname="com.tetherfi.test.tmac.AgentTemplateTest"/>
  <testcase name="searchPageTemplateAuxCodesTab" time="15.217" classname="com.tetherfi.test.tmac.AgentTemplateTest"/>
  <testcase name="searchwithoutSearchTextboxTemplateAuxCodesTab" time="11.313" classname="com.tetherfi.test.tmac.AgentTemplateTest"/>
  <testcase name="SearchClearSearchTemplateAuxCodesTab" time="13.978" classname="com.tetherfi.test.tmac.AgentTemplateTest"/>
  <testcase name="SearchIsNotEqualToTemplateAuxCodesTab" time="14.781" classname="com.tetherfi.test.tmac.AgentTemplateTest"/>
  <testcase name="SearchContainsTemplateAuxCodesab" time="13.992" classname="com.tetherfi.test.tmac.AgentTemplateTest"/>
  <testcase name="SearchDoesNotContainsTemplateAuxCodesTab" time="15.043" classname="com.tetherfi.test.tmac.AgentTemplateTest"/>
  <testcase name="SearchStartsWithTemplateAuxCodesTab" time="14.410" classname="com.tetherfi.test.tmac.AgentTemplateTest"/>
  <testcase name="SearchEndsWithTemplateAuxCodesTab" time="14.174" classname="com.tetherfi.test.tmac.AgentTemplateTest"/>
  <testcase name="ExportToExcelButtonInTemplateOpHoursTab" time="11.693" classname="com.tetherfi.test.tmac.AgentTemplateTest"/>
  <testcase name="verifyExportToExcelWithoutDataInTemplateOpHoursTab" time="14.213" classname="com.tetherfi.test.tmac.AgentTemplateTest"/>
  <testcase name="verifyGroupByInTemplateOpHoursTab" time="12.223" classname="com.tetherfi.test.tmac.AgentTemplateTest"/>
  <testcase name="verifyArrowMoveForPreviousAndNextPageInTemplateOpHoursTab" time="12.092" classname="com.tetherfi.test.tmac.AgentTemplateTest"/>
  <testcase name="verifyArrowMoveForFirstAndLastPageInTemplateOpHoursTab" time="12.599" classname="com.tetherfi.test.tmac.AgentTemplateTest"/>
  <testcase name="verifyTotalNumberOfItemsPerPageDetailsInTemplateOpHoursTab" time="9.329" classname="com.tetherfi.test.tmac.AgentTemplateTest"/>
  <testcase name="verifyNumberOfItemsPerPageSelectionInTemplateOpHoursTab" time="21.767" classname="com.tetherfi.test.tmac.AgentTemplateTest"/>
  <testcase name="searchPageTemplateOpHoursTab" time="16.122" classname="com.tetherfi.test.tmac.AgentTemplateTest"/>
  <testcase name="searchwithoutSearchTextboxTemplateOpHoursTab" time="13.449" classname="com.tetherfi.test.tmac.AgentTemplateTest"/>
  <testcase name="SearchClearSearchTemplateOpHoursTab" time="13.584" classname="com.tetherfi.test.tmac.AgentTemplateTest"/>
  <testcase name="SearchIsNotEqualToTemplateOpHoursTab" time="18.392" classname="com.tetherfi.test.tmac.AgentTemplateTest"/>
  <testcase name="SearchContainsTemplateOpHoursTab" time="14.894" classname="com.tetherfi.test.tmac.AgentTemplateTest"/>
  <testcase name="SearchDoesNotContainsTemplateOpHoursTab" time="16.773" classname="com.tetherfi.test.tmac.AgentTemplateTest"/>
  <testcase name="SearchStartsWithTemplateOpHoursTab" time="14.792" classname="com.tetherfi.test.tmac.AgentTemplateTest"/>
  <testcase name="SearchEndsWithTemplateOpHoursTab" time="14.778" classname="com.tetherfi.test.tmac.AgentTemplateTest"/>
  <testcase name="ExportToExcelButtonInTemplateFeaturesTab" time="11.590" classname="com.tetherfi.test.tmac.AgentTemplateTest"/>
  <testcase name="verifyExportToExcelWithoutDataInTemplateFeaturesTab" time="15.047" classname="com.tetherfi.test.tmac.AgentTemplateTest"/>
  <testcase name="verifyGroupByInTemplateFeaturesTab" time="12.154" classname="com.tetherfi.test.tmac.AgentTemplateTest"/>
  <testcase name="verifyArrowMoveForPreviousAndNextPageInTemplateFeaturesTab" time="8.984" classname="com.tetherfi.test.tmac.AgentTemplateTest"/>
  <testcase name="verifyArrowMoveForFirstAndLastPageInTemplateFeaturesTab" time="11.026" classname="com.tetherfi.test.tmac.AgentTemplateTest"/>
  <testcase name="verifyTotalNumberOfItemsPerPageDetailsInTemplateFeaturesTab" time="9.492" classname="com.tetherfi.test.tmac.AgentTemplateTest"/>
  <testcase name="verifyNumberOfItemsPerPageSelectionInTemplateFeaturesTab" time="15.817" classname="com.tetherfi.test.tmac.AgentTemplateTest"/>
  <testcase name="searchPageTemplateFeaturesTab" time="15.450" classname="com.tetherfi.test.tmac.AgentTemplateTest"/>
  <testcase name="searchwithoutSearchTextboxTemplateFeaturesTab" time="13.975" classname="com.tetherfi.test.tmac.AgentTemplateTest"/>
  <testcase name="SearchClearSearchTemplateFeaturesTab" time="17.050" classname="com.tetherfi.test.tmac.AgentTemplateTest"/>
  <testcase name="SearchIsNotEqualToTemplateFeaturesTab" time="15.045" classname="com.tetherfi.test.tmac.AgentTemplateTest"/>
  <testcase name="SearchContainsTemplateFeaturesTab" time="14.880" classname="com.tetherfi.test.tmac.AgentTemplateTest"/>
  <testcase name="SearchDoesNotContainsTemplateFeaturesTab" time="15.009" classname="com.tetherfi.test.tmac.AgentTemplateTest"/>
  <testcase name="SearchStartsWithTemplateFeaturesTab" time="14.358" classname="com.tetherfi.test.tmac.AgentTemplateTest"/>
  <testcase name="SearchEndsWithTemplateFeaturesTab" time="14.231" classname="com.tetherfi.test.tmac.AgentTemplateTest"/>
  <testcase name="verifyExportedDataInTemplateOpHoursTab" classname="com.tetherfi.test.tmac.AgentTemplateTest">
    <skipped/>
  </testcase> <!-- verifyExportedDataInTemplateOpHoursTab -->
  <testcase name="verifyExportedDataInTemplateFeaturesTab" classname="com.tetherfi.test.tmac.AgentTemplateTest">
    <skipped/>
  </testcase> <!-- verifyExportedDataInTemplateFeaturesTab -->
  <testcase name="verifySortByDescending" classname="com.tetherfi.test.tmac.AgentTemplateTest">
    <skipped/>
  </testcase> <!-- verifySortByDescending -->
  <testcase name="VerifyColumnsHeaderDisable" classname="com.tetherfi.test.tmac.AgentTemplateTest">
    <skipped/>
  </testcase> <!-- VerifyColumnsHeaderDisable -->
  <testcase name="verifyDropDownForAllTheColumns" classname="com.tetherfi.test.tmac.AgentTemplateTest">
    <skipped/>
  </testcase> <!-- verifyDropDownForAllTheColumns -->
  <testcase name="verifySortByDescendingInTemplateFeaturesTab" classname="com.tetherfi.test.tmac.AgentTemplateTest">
    <skipped/>
  </testcase> <!-- verifySortByDescendingInTemplateFeaturesTab -->
  <testcase name="verifySortByAscendingInTemplateOpHoursTab" classname="com.tetherfi.test.tmac.AgentTemplateTest">
    <skipped/>
  </testcase> <!-- verifySortByAscendingInTemplateOpHoursTab -->
  <testcase name="verifySortByAscendingInTemplateFeaturesTab" classname="com.tetherfi.test.tmac.AgentTemplateTest">
    <skipped/>
  </testcase> <!-- verifySortByAscendingInTemplateFeaturesTab -->
  <testcase name="verifyExportedData" classname="com.tetherfi.test.tmac.AgentTemplateTest">
    <skipped/>
  </testcase> <!-- verifyExportedData -->
  <testcase name="verifySortByDescendingInTemplateOpHoursTab" classname="com.tetherfi.test.tmac.AgentTemplateTest">
    <skipped/>
  </testcase> <!-- verifySortByDescendingInTemplateOpHoursTab -->
  <testcase name="verifyExportedDataInTemplateAuxCodesTab" classname="com.tetherfi.test.tmac.AgentTemplateTest">
    <skipped/>
  </testcase> <!-- verifyExportedDataInTemplateAuxCodesTab -->
  <testcase name="verifySortByAscendingInTemplateAuxCodesTab" classname="com.tetherfi.test.tmac.AgentTemplateTest">
    <skipped/>
  </testcase> <!-- verifySortByAscendingInTemplateAuxCodesTab -->
  <testcase name="verifySortByAscending" classname="com.tetherfi.test.tmac.AgentTemplateTest">
    <skipped/>
  </testcase> <!-- verifySortByAscending -->
  <testcase name="verifySortByDescendingInTemplateAuxCodesTab" classname="com.tetherfi.test.tmac.AgentTemplateTest">
    <skipped/>
  </testcase> <!-- verifySortByDescendingInTemplateAuxCodesTab -->
  <testcase name="VerifyColumnsHeaderEnable" classname="com.tetherfi.test.tmac.AgentTemplateTest">
    <skipped/>
  </testcase> <!-- VerifyColumnsHeaderEnable -->
</testsuite> <!-- com.tetherfi.test.tmac.AgentTemplateTest -->
