<?xml version="1.0" encoding="UTF-8"?>
<!-- Generated by org.testng.reporters.JUnitReportReporter -->
<testsuite hostname="admin" failures="0" tests="34" name="com.tetherfi.test.ivr.CallBackAnnouncementTest" time="45.438" errors="1" timestamp="29 Apr 2019 05:52:17 GMT" skipped="31">
  <testcase classname="com.tetherfi.test.ivr.CallBackAnnouncementTest" name="NavigateToCallBackAnnouncementPage" time="36.433">
    <error message="no such window: target window already closed
from unknown error: web view not found
  (Session info: chrome=73.0.3683.103)
  (Driver info: chromedriver=2.45.615291 (ec3682e3c9061c10f26ea9e5cdcf3c53f3f74387),platform=Windows NT 6.3.9600 x86_64) (WARNING: The server did not provide any stacktrace information)
Command duration or timeout: 0 milliseconds
Build info: version: &#039;3.5.3&#039;, revision: &#039;a88d25fe6b&#039;, time: &#039;2017-08-29T12:42:44.417Z&#039;
System info: host: &#039;ADMIN&#039;, ip: &#039;192.168.1.40&#039;, os.name: &#039;Windows 8.1&#039;, os.arch: &#039;amd64&#039;, os.version: &#039;6.3&#039;, java.version: &#039;9.0.4&#039;
Driver info: org.openqa.selenium.chrome.ChromeDriver
Capabilities [{mobileEmulationEnabled=false, timeouts={implicit=0, pageLoad=300000, script=30000}, hasTouchScreen=false, platform=WIN8_1, acceptSslCerts=false, goog:chromeOptions={debuggerAddress=localhost:59960}, acceptInsecureCerts=false, webStorageEnabled=true, browserName=chrome, takesScreenshot=true, javascriptEnabled=true, platformName=WIN8_1, setWindowRect=true, unexpectedAlertBehaviour=ignore, applicationCacheEnabled=false, rotatable=false, networkConnectionEnabled=false, chrome={chromedriverVersion=2.45.615291 (ec3682e3c9061c10f26ea9e5cdcf3c53f3f74387), userDataDir=C:\Users\ADMINP~1\AppData\Local\Temp\scoped_dir6548_7927}, takesHeapSnapshot=true, unhandledPromptBehavior=ignore, pageLoadStrategy=normal, strictFileInteractability=false, databaseEnabled=false, handlesAlerts=true, version=73.0.3683.103, browserConnectionEnabled=false, proxy=Proxy(), nativeEvents=true, locationContextEnabled=true, cssSelectorsEnabled=true}]
Session ID: 6607dd6609eb4e41b2c3289f89c4d900
*** Element info: {Using=xpath, value=//a[@class=&#039;OCM-sidebar-toggle white-color&#039;]}" type="org.openqa.selenium.NoSuchWindowException">
      <![CDATA[org.openqa.selenium.NoSuchWindowException: no such window: target window already closed
from unknown error: web view not found
  (Session info: chrome=73.0.3683.103)
  (Driver info: chromedriver=2.45.615291 (ec3682e3c9061c10f26ea9e5cdcf3c53f3f74387),platform=Windows NT 6.3.9600 x86_64) (WARNING: The server did not provide any stacktrace information)
Command duration or timeout: 0 milliseconds
Build info: version: '3.5.3', revision: 'a88d25fe6b', time: '2017-08-29T12:42:44.417Z'
System info: host: 'ADMIN', ip: '192.168.1.40', os.name: 'Windows 8.1', os.arch: 'amd64', os.version: '6.3', java.version: '9.0.4'
Driver info: org.openqa.selenium.chrome.ChromeDriver
Capabilities [{mobileEmulationEnabled=false, timeouts={implicit=0, pageLoad=300000, script=30000}, hasTouchScreen=false, platform=WIN8_1, acceptSslCerts=false, goog:chromeOptions={debuggerAddress=localhost:59960}, acceptInsecureCerts=false, webStorageEnabled=true, browserName=chrome, takesScreenshot=true, javascriptEnabled=true, platformName=WIN8_1, setWindowRect=true, unexpectedAlertBehaviour=ignore, applicationCacheEnabled=false, rotatable=false, networkConnectionEnabled=false, chrome={chromedriverVersion=2.45.615291 (ec3682e3c9061c10f26ea9e5cdcf3c53f3f74387), userDataDir=C:\Users\ADMINP~1\AppData\Local\Temp\scoped_dir6548_7927}, takesHeapSnapshot=true, unhandledPromptBehavior=ignore, pageLoadStrategy=normal, strictFileInteractability=false, databaseEnabled=false, handlesAlerts=true, version=73.0.3683.103, browserConnectionEnabled=false, proxy=Proxy(), nativeEvents=true, locationContextEnabled=true, cssSelectorsEnabled=true}]
Session ID: 6607dd6609eb4e41b2c3289f89c4d900
*** Element info: {Using=xpath, value=//a[@class='OCM-sidebar-toggle white-color']}
	at jdk.internal.reflect.GeneratedConstructorAccessor23.newInstance(Unknown Source)
	at java.base/jdk.internal.reflect.DelegatingConstructorAccessorImpl.newInstance(Unknown Source)
	at java.base/java.lang.reflect.Constructor.newInstance(Unknown Source)
	at org.openqa.selenium.remote.ErrorHandler.createThrowable(ErrorHandler.java:215)
	at org.openqa.selenium.remote.ErrorHandler.throwIfResponseFailed(ErrorHandler.java:167)
	at org.openqa.selenium.remote.http.JsonHttpResponseCodec.reconstructValue(JsonHttpResponseCodec.java:40)
	at org.openqa.selenium.remote.http.AbstractHttpResponseCodec.decode(AbstractHttpResponseCodec.java:82)
	at org.openqa.selenium.remote.http.AbstractHttpResponseCodec.decode(AbstractHttpResponseCodec.java:45)
	at org.openqa.selenium.remote.HttpCommandExecutor.execute(HttpCommandExecutor.java:164)
	at org.openqa.selenium.remote.service.DriverCommandExecutor.execute(DriverCommandExecutor.java:82)
	at org.openqa.selenium.remote.RemoteWebDriver.execute(RemoteWebDriver.java:646)
	at org.openqa.selenium.remote.RemoteWebDriver.findElement(RemoteWebDriver.java:416)
	at org.openqa.selenium.remote.RemoteWebDriver.findElementByXPath(RemoteWebDriver.java:518)
	at org.openqa.selenium.By$ByXPath.findElement(By.java:361)
	at org.openqa.selenium.remote.RemoteWebDriver.findElement(RemoteWebDriver.java:408)
	at org.openqa.selenium.support.pagefactory.DefaultElementLocator.findElement(DefaultElementLocator.java:69)
	at org.openqa.selenium.support.pagefactory.internal.LocatingElementHandler.invoke(LocatingElementHandler.java:38)
	at com.sun.proxy.$Proxy14.toString(Unknown Source)
	at java.base/java.lang.String.valueOf(Unknown Source)
	at java.base/java.lang.StringBuilder.append(Unknown Source)
	at org.openqa.selenium.support.ui.ExpectedConditions$10.toString(ExpectedConditions.java:293)
	at java.base/java.lang.String.valueOf(Unknown Source)
	at java.base/java.lang.StringBuilder.append(Unknown Source)
	at org.openqa.selenium.support.ui.FluentWait.until(FluentWait.java:228)
	at com.tetherfi.pages.BasePage.waitUntilWebElementIsVisible(BasePage.java:121)
	at com.tetherfi.pages.BasePage.selectWebElement(BasePage.java:171)
	at com.tetherfi.pages.HomePage.navigateToOCMPage(HomePage.java:60)
	at com.tetherfi.test.ivr.CallBackAnnouncementTest.NavigateToCallBackAnnouncementPage(CallBackAnnouncementTest.java:36)
	at java.base/jdk.internal.reflect.NativeMethodAccessorImpl.invoke0(Native Method)
	at java.base/jdk.internal.reflect.NativeMethodAccessorImpl.invoke(Unknown Source)
	at java.base/jdk.internal.reflect.DelegatingMethodAccessorImpl.invoke(Unknown Source)
	at java.base/java.lang.reflect.Method.invoke(Unknown Source)
	at org.testng.internal.MethodInvocationHelper.invokeMethod(MethodInvocationHelper.java:108)
	at org.testng.internal.Invoker.invokeConfigurationMethod(Invoker.java:523)
	at org.testng.internal.Invoker.invokeConfigurations(Invoker.java:224)
	at org.testng.internal.Invoker.invokeMethod(Invoker.java:599)
	at org.testng.internal.Invoker.invokeTestMethod(Invoker.java:869)
	at org.testng.internal.Invoker.invokeTestMethods(Invoker.java:1193)
	at org.testng.internal.TestMethodWorker.invokeTestMethods(TestMethodWorker.java:126)
	at org.testng.internal.TestMethodWorker.run(TestMethodWorker.java:109)
	at org.testng.TestRunner.privateRun(TestRunner.java:744)
	at org.testng.TestRunner.run(TestRunner.java:602)
	at org.testng.SuiteRunner.runTest(SuiteRunner.java:380)
	at org.testng.SuiteRunner.runSequentially(SuiteRunner.java:375)
	at org.testng.SuiteRunner.privateRun(SuiteRunner.java:340)
	at org.testng.SuiteRunner.run(SuiteRunner.java:289)
	at org.testng.SuiteRunnerWorker.runSuite(SuiteRunnerWorker.java:52)
	at org.testng.SuiteRunnerWorker.run(SuiteRunnerWorker.java:86)
	at org.testng.TestNG.runSuitesSequentially(TestNG.java:1301)
	at org.testng.TestNG.runSuitesLocally(TestNG.java:1226)
	at org.testng.TestNG.runSuites(TestNG.java:1144)
	at org.testng.TestNG.run(TestNG.java:1115)
	at org.testng.remote.AbstractRemoteTestNG.run(AbstractRemoteTestNG.java:114)
	at org.testng.remote.RemoteTestNG.initAndRun(RemoteTestNG.java:251)
	at org.testng.remote.RemoteTestNG.main(RemoteTestNG.java:77)
]]>
    </error>
  </testcase> <!-- NavigateToCallBackAnnouncementPage -->
  <testcase classname="com.tetherfi.test.ivr.CallBackAnnouncementTest" name="CallbackAnnouncementPage" time="5.867"/>
  <testcase classname="com.tetherfi.test.ivr.CallBackAnnouncementTest" name="VerifyDropdownForAllTheColumns" time="3.138"/>
  <testcase classname="com.tetherfi.test.ivr.CallBackAnnouncementTest" name="VerifyColumnsHeaderEnable" time="0.000">
    <skipped/>
  </testcase> <!-- VerifyColumnsHeaderEnable -->
  <testcase classname="com.tetherfi.test.ivr.CallBackAnnouncementTest" name="VerifyColumnsHeaderDisable" time="0.000">
    <skipped/>
  </testcase> <!-- VerifyColumnsHeaderDisable -->
  <testcase classname="com.tetherfi.test.ivr.CallBackAnnouncementTest" name="AddNewCallbackAnnouncementRecord" time="0.000">
    <skipped/>
  </testcase> <!-- AddNewCallbackAnnouncementRecord -->
  <testcase classname="com.tetherfi.test.ivr.CallBackAnnouncementTest" name="VerifyAuditTrialReportForCreate" time="0.000">
    <skipped/>
  </testcase> <!-- VerifyAuditTrialReportForCreate -->
  <testcase classname="com.tetherfi.test.ivr.CallBackAnnouncementTest" name="AddDuplicateCallBackAnnouncementRecord" time="0.000">
    <skipped/>
  </testcase> <!-- AddDuplicateCallBackAnnouncementRecord -->
  <testcase classname="com.tetherfi.test.ivr.CallBackAnnouncementTest" name="AddNewCallbackAnnouncementWithoutWavFile" time="0.000">
    <skipped/>
  </testcase> <!-- AddNewCallbackAnnouncementWithoutWavFile -->
  <testcase classname="com.tetherfi.test.ivr.CallBackAnnouncementTest" name="AddNewCallbackAnnouncementWithoutStartTime" time="0.000">
    <skipped/>
  </testcase> <!-- AddNewCallbackAnnouncementWithoutStartTime -->
  <testcase classname="com.tetherfi.test.ivr.CallBackAnnouncementTest" name="AddNewCallbackAnnouncementWithoutEndTime" time="0.000">
    <skipped/>
  </testcase> <!-- AddNewCallbackAnnouncementWithoutEndTime -->
  <testcase classname="com.tetherfi.test.ivr.CallBackAnnouncementTest" name="AddNewCallbackAnnouncementWithoutLanguage" time="0.000">
    <skipped/>
  </testcase> <!-- AddNewCallbackAnnouncementWithoutLanguage -->
  <testcase classname="com.tetherfi.test.ivr.CallBackAnnouncementTest" name="EditCallBackAnnouncementRecord" time="0.000">
    <skipped/>
  </testcase> <!-- EditCallBackAnnouncementRecord -->
  <testcase classname="com.tetherfi.test.ivr.CallBackAnnouncementTest" name="VerifyAuditTrialReportForUpdate" time="0.000">
    <skipped/>
  </testcase> <!-- VerifyAuditTrialReportForUpdate -->
  <testcase classname="com.tetherfi.test.ivr.CallBackAnnouncementTest" name="EditWithoutModifyReasonCallbackannouncementRecord" time="0.000">
    <skipped/>
  </testcase> <!-- EditWithoutModifyReasonCallbackannouncementRecord -->
  <testcase classname="com.tetherfi.test.ivr.CallBackAnnouncementTest" name="VerifyCancelButtonAtEditCallbackAnnouncementRecord" time="0.000">
    <skipped/>
  </testcase> <!-- VerifyCancelButtonAtEditCallbackAnnouncementRecord -->
  <testcase classname="com.tetherfi.test.ivr.CallBackAnnouncementTest" name="searchPage" time="0.000">
    <skipped/>
  </testcase> <!-- searchPage -->
  <testcase classname="com.tetherfi.test.ivr.CallBackAnnouncementTest" name="searchwithoutSearchTextbox" time="0.000">
    <skipped/>
  </testcase> <!-- searchwithoutSearchTextbox -->
  <testcase classname="com.tetherfi.test.ivr.CallBackAnnouncementTest" name="DeleteWithoutDeleteReasonRecord" time="0.000">
    <skipped/>
  </testcase> <!-- DeleteWithoutDeleteReasonRecord -->
  <testcase classname="com.tetherfi.test.ivr.CallBackAnnouncementTest" name="VerifyCancelButtonDeleteRecord" time="0.000">
    <skipped/>
  </testcase> <!-- VerifyCancelButtonDeleteRecord -->
  <testcase classname="com.tetherfi.test.ivr.CallBackAnnouncementTest" name="DeleteCallbackAnnouncementRecord" time="0.000">
    <skipped/>
  </testcase> <!-- DeleteCallbackAnnouncementRecord -->
  <testcase classname="com.tetherfi.test.ivr.CallBackAnnouncementTest" name="VerifyAuditTrialReportForDelete" time="0.000">
    <skipped/>
  </testcase> <!-- VerifyAuditTrialReportForDelete -->
  <testcase classname="com.tetherfi.test.ivr.CallBackAnnouncementTest" name="ExportToExcel" time="0.000">
    <skipped/>
  </testcase> <!-- ExportToExcel -->
  <testcase classname="com.tetherfi.test.ivr.CallBackAnnouncementTest" name="ExportToExcelData" time="0.000">
    <skipped/>
  </testcase> <!-- ExportToExcelData -->
  <testcase classname="com.tetherfi.test.ivr.CallBackAnnouncementTest" name="SearchClearSearch" time="0.000">
    <skipped/>
  </testcase> <!-- SearchClearSearch -->
  <testcase classname="com.tetherfi.test.ivr.CallBackAnnouncementTest" name="ExporttoExcelWithoutData" time="0.000">
    <skipped/>
  </testcase> <!-- ExporttoExcelWithoutData -->
  <testcase classname="com.tetherfi.test.ivr.CallBackAnnouncementTest" name="SortingByAscending" time="0.000">
    <skipped/>
  </testcase> <!-- SortingByAscending -->
  <testcase classname="com.tetherfi.test.ivr.CallBackAnnouncementTest" name="SortingByDescending" time="0.000">
    <skipped/>
  </testcase> <!-- SortingByDescending -->
  <testcase classname="com.tetherfi.test.ivr.CallBackAnnouncementTest" name="GroupBy" time="0.000">
    <skipped/>
  </testcase> <!-- GroupBy -->
  <testcase classname="com.tetherfi.test.ivr.CallBackAnnouncementTest" name="VerifyArrowMoveForPreviousAndNextPage" time="0.000">
    <skipped/>
  </testcase> <!-- VerifyArrowMoveForPreviousAndNextPage -->
  <testcase classname="com.tetherfi.test.ivr.CallBackAnnouncementTest" name="VerifyArrowMoveForFirstAndLastPage" time="0.000">
    <skipped/>
  </testcase> <!-- VerifyArrowMoveForFirstAndLastPage -->
  <testcase classname="com.tetherfi.test.ivr.CallBackAnnouncementTest" name="VerifyTotalNumberOfItemsPerPageDetails" time="0.000">
    <skipped/>
  </testcase> <!-- VerifyTotalNumberOfItemsPerPageDetails -->
  <testcase classname="com.tetherfi.test.ivr.CallBackAnnouncementTest" name="VerifyNumberOfItemsPerPageSelection" time="0.000">
    <skipped/>
  </testcase> <!-- VerifyNumberOfItemsPerPageSelection -->
  <testcase classname="com.tetherfi.test.ivr.CallBackAnnouncementTest" name="database" time="0.000">
    <skipped/>
  </testcase> <!-- database -->
</testsuite> <!-- com.tetherfi.test.ivr.CallBackAnnouncementTest -->
