<?xml version="1.0" encoding="UTF-8"?>
<!-- Generated by org.testng.reporters.JUnitReportReporter -->
<testsuite hostname="admin" failures="0" tests="1" name="com.tetherfi.test.reports.SkillProfileReportTest" time="30.124" errors="0" timestamp="2020-05-29T17:01:26 IST" skipped="0">
  <testcase classname="com.tetherfi.test.reports.SkillProfileReportTest" name="VerifySorting" time="30.124"/>
</testsuite> <!-- com.tetherfi.test.reports.SkillProfileReportTest -->
