<?xml version="1.0" encoding="UTF-8"?>
<!-- Generated by org.testng.reporters.JUnitReportReporter -->
<testsuite hostname="DESKTOP-O6A5C2O" failures="1" tests="39" name="com.tetherfi.test.ivr.MenuDescriptionMappingTest" time="675.963" errors="0" timestamp="2020-03-11T11:53:12 IST" skipped="0">
  <testcase classname="com.tetherfi.test.ivr.MenuDescriptionMappingTest" name="MenuDescriptionMappingPage" time="9.553"/>
  <testcase classname="com.tetherfi.test.ivr.MenuDescriptionMappingTest" name="VerifyDropdownForAllTheColumns" time="16.779"/>
  <testcase classname="com.tetherfi.test.ivr.MenuDescriptionMappingTest" name="VerifyColumnsHeaderEnable" time="13.457"/>
  <testcase classname="com.tetherfi.test.ivr.MenuDescriptionMappingTest" name="VerifyColumnsHeaderDisable" time="14.661"/>
  <testcase classname="com.tetherfi.test.ivr.MenuDescriptionMappingTest" name="AddNewMenuDescriptionMappingRecord" time="10.394"/>
  <testcase classname="com.tetherfi.test.ivr.MenuDescriptionMappingTest" name="AddDuplicateMenuDescriptionMappingRecord" time="10.464"/>
  <testcase classname="com.tetherfi.test.ivr.MenuDescriptionMappingTest" name="VerifyAuditTrialReportForCreate" time="37.201"/>
  <testcase classname="com.tetherfi.test.ivr.MenuDescriptionMappingTest" name="AddEmptyRecord" time="7.779"/>
  <testcase classname="com.tetherfi.test.ivr.MenuDescriptionMappingTest" name="AddRecordWithoutMenuID" time="10.602"/>
  <testcase classname="com.tetherfi.test.ivr.MenuDescriptionMappingTest" name="AddRecordWithoutMenuName" time="9.228"/>
  <testcase classname="com.tetherfi.test.ivr.MenuDescriptionMappingTest" name="AddRecordWithoutIntent" time="9.813"/>
  <testcase classname="com.tetherfi.test.ivr.MenuDescriptionMappingTest" name="VerifyCancelBtnAtAddRecord" time="51.431"/>
  <testcase classname="com.tetherfi.test.ivr.MenuDescriptionMappingTest" name="EditMenuDescriptionMappingRecord" time="16.706"/>
  <testcase classname="com.tetherfi.test.ivr.MenuDescriptionMappingTest" name="VerifyAuditTrialReportForUpdate" time="33.841"/>
  <testcase classname="com.tetherfi.test.ivr.MenuDescriptionMappingTest" name="EditWithoutModifyReasonRecord" time="15.631"/>
  <testcase classname="com.tetherfi.test.ivr.MenuDescriptionMappingTest" name="VerifyCancelBtnAtEditRecord" time="55.830"/>
  <testcase classname="com.tetherfi.test.ivr.MenuDescriptionMappingTest" name="searchPage" time="12.918"/>
  <testcase classname="com.tetherfi.test.ivr.MenuDescriptionMappingTest" name="VerifySearchIsNotEqualTo" time="15.935"/>
  <testcase classname="com.tetherfi.test.ivr.MenuDescriptionMappingTest" name="VerifySearchContains" time="14.037"/>
  <testcase classname="com.tetherfi.test.ivr.MenuDescriptionMappingTest" name="VerifySearchDoesNotContains" time="15.539"/>
  <testcase classname="com.tetherfi.test.ivr.MenuDescriptionMappingTest" name="VerifySearchStartsWith" time="12.454"/>
  <testcase classname="com.tetherfi.test.ivr.MenuDescriptionMappingTest" name="VerifySearchEndsWith" time="16.003"/>
  <testcase classname="com.tetherfi.test.ivr.MenuDescriptionMappingTest" name="searchwithoutSearchTextbox" time="12.718"/>
  <testcase classname="com.tetherfi.test.ivr.MenuDescriptionMappingTest" name="ExportToExcel" time="10.122"/>
  <testcase classname="com.tetherfi.test.ivr.MenuDescriptionMappingTest" name="ExportToExcelData" time="9.387"/>
  <testcase classname="com.tetherfi.test.ivr.MenuDescriptionMappingTest" name="DeleteWithoutDeleteReasonRecord" time="14.608"/>
  <testcase classname="com.tetherfi.test.ivr.MenuDescriptionMappingTest" name="VerifyCancelBtnAtDeleteMenuDescriptionMappingRecord" time="56.013"/>
  <testcase classname="com.tetherfi.test.ivr.MenuDescriptionMappingTest" name="DeleteMenuDescriptionMappingRecord" time="14.682"/>
  <testcase classname="com.tetherfi.test.ivr.MenuDescriptionMappingTest" name="VerifyAuditTrialReportForDelete" time="36.179"/>
  <testcase classname="com.tetherfi.test.ivr.MenuDescriptionMappingTest" name="SearchClearSearch" time="13.507"/>
  <testcase classname="com.tetherfi.test.ivr.MenuDescriptionMappingTest" name="ExporttoExcelWithoutData" time="12.631"/>
  <testcase classname="com.tetherfi.test.ivr.MenuDescriptionMappingTest" name="SortingByAscending" time="12.621"/>
  <testcase classname="com.tetherfi.test.ivr.MenuDescriptionMappingTest" name="SortingByDescending" time="13.403"/>
  <testcase classname="com.tetherfi.test.ivr.MenuDescriptionMappingTest" name="GroupBy" time="10.629"/>
  <testcase classname="com.tetherfi.test.ivr.MenuDescriptionMappingTest" name="VerifyArrowMoveForPreviousAndNextPage" time="9.044"/>
  <testcase classname="com.tetherfi.test.ivr.MenuDescriptionMappingTest" name="VerifyArrowMoveForFirstAndLastPage" time="7.986"/>
  <testcase classname="com.tetherfi.test.ivr.MenuDescriptionMappingTest" name="VerifyTotalNumberOfItemsPerPageDetails" time="8.129">
    <failure message="item per page assertion failed did not expect to find [true] but found [false]" type="java.lang.AssertionError">
      <![CDATA[java.lang.AssertionError: item per page assertion failed did not expect to find [true] but found [false]
at org.testng.Assert.fail(Assert.java:97)
at org.testng.Assert.failNotEquals(Assert.java:969)
at org.testng.Assert.assertTrue(Assert.java:43)
at com.tetherfi.test.ivr.MenuDescriptionMappingTest.VerifyTotalNumberOfItemsPerPageDetails(MenuDescriptionMappingTest.java:390)
at java.base/jdk.internal.reflect.NativeMethodAccessorImpl.invoke0(Native Method)
at java.base/jdk.internal.reflect.NativeMethodAccessorImpl.invoke(Unknown Source)
at java.base/jdk.internal.reflect.DelegatingMethodAccessorImpl.invoke(Unknown Source)
at java.base/java.lang.reflect.Method.invoke(Unknown Source)
at org.testng.internal.MethodInvocationHelper.invokeMethod(MethodInvocationHelper.java:133)
at org.testng.internal.TestInvoker.invokeMethod(TestInvoker.java:584)
at org.testng.internal.TestInvoker.invokeTestMethod(TestInvoker.java:172)
at org.testng.internal.MethodRunner.runInSequence(MethodRunner.java:46)
at org.testng.internal.TestInvoker$MethodInvocationAgent.invoke(TestInvoker.java:804)
at org.testng.internal.TestInvoker.invokeTestMethods(TestInvoker.java:145)
at org.testng.internal.TestMethodWorker.invokeTestMethods(TestMethodWorker.java:146)
at org.testng.internal.TestMethodWorker.run(TestMethodWorker.java:128)
at java.base/java.util.ArrayList.forEach(Unknown Source)
at org.testng.TestRunner.privateRun(TestRunner.java:770)
at org.testng.TestRunner.run(TestRunner.java:591)
at org.testng.SuiteRunner.runTest(SuiteRunner.java:402)
at org.testng.SuiteRunner.runSequentially(SuiteRunner.java:396)
at org.testng.SuiteRunner.privateRun(SuiteRunner.java:355)
at org.testng.SuiteRunner.run(SuiteRunner.java:304)
at org.testng.SuiteRunnerWorker.runSuite(SuiteRunnerWorker.java:53)
at org.testng.SuiteRunnerWorker.run(SuiteRunnerWorker.java:96)
at org.testng.TestNG.runSuitesSequentially(TestNG.java:1180)
at org.testng.TestNG.runSuitesLocally(TestNG.java:1102)
at org.testng.TestNG.runSuites(TestNG.java:1032)
at org.testng.TestNG.run(TestNG.java:1000)
at org.testng.remote.AbstractRemoteTestNG.run(AbstractRemoteTestNG.java:115)
at org.testng.remote.RemoteTestNG.initAndRun(RemoteTestNG.java:251)
at org.testng.remote.RemoteTestNG.main(RemoteTestNG.java:77)
]]>
    </failure>
  </testcase> <!-- VerifyTotalNumberOfItemsPerPageDetails -->
  <testcase classname="com.tetherfi.test.ivr.MenuDescriptionMappingTest" name="VerifyNumberOfItemsPerPageSelection" time="11.531"/>
  <testcase classname="com.tetherfi.test.ivr.MenuDescriptionMappingTest" name="database" time="12.517"/>
</testsuite> <!-- com.tetherfi.test.ivr.MenuDescriptionMappingTest -->
