<?xml version="1.0" encoding="UTF-8"?>
<!-- Generated by org.testng.reporters.JUnitReportReporter -->
<testsuite skipped="0" hostname="DESKTOP-NJVBPFB" name="com.tetherfi.test.ivr.CallBackAnnouncementTest" tests="3" failures="0" timestamp="2020-05-08T09:53:47 IST" time="49.681" errors="0">
  <testcase name="AddNewCallbackAnnouncementRecord" time="16.412" classname="com.tetherfi.test.ivr.CallBackAnnouncementTest"/>
  <testcase name="EditCallBackAnnouncementRecord" time="18.082" classname="com.tetherfi.test.ivr.CallBackAnnouncementTest"/>
  <testcase name="DeleteCallbackAnnouncementRecord" time="15.187" classname="com.tetherfi.test.ivr.CallBackAnnouncementTest"/>
</testsuite> <!-- com.tetherfi.test.ivr.CallBackAnnouncementTest -->
