<?xml version="1.0" encoding="UTF-8"?>
<!-- Generated by org.testng.reporters.JUnitReportReporter -->
<testsuite skipped="0" hostname="TTF-BLR-SANTOSHKOUJALAGI" name="com.tetherfi.test.reports.OCMThresholdReportTest" tests="6" failures="0" timestamp="2021-08-29T23:42:20 IST" time="246.554" errors="0">
  <testcase name="ExportOcmThresholdReport" time="19.621" classname="com.tetherfi.test.reports.OCMThresholdReportTest"/>
  <testcase name="ViewDownloadedOcmThresholdReportInReportsDownloadPage" time="11.431" classname="com.tetherfi.test.reports.OCMThresholdReportTest"/>
  <testcase name="VerifyViewDownloadedReportInReportsDownloadPageForSingleDate" time="61.232" classname="com.tetherfi.test.reports.OCMThresholdReportTest"/>
  <testcase name="ExportOcmThresholdReportForDateRange" time="20.643" classname="com.tetherfi.test.reports.OCMThresholdReportTest"/>
  <testcase name="ViewDownloadedOcmThresholdReportInReportsDownloadPageDateRange" time="10.938" classname="com.tetherfi.test.reports.OCMThresholdReportTest"/>
  <testcase name="VerifyViewDownloadedReportInReportsDownloadPageforDateRange" time="122.689" classname="com.tetherfi.test.reports.OCMThresholdReportTest"/>
</testsuite> <!-- com.tetherfi.test.reports.OCMThresholdReportTest -->
