<?xml version="1.0" encoding="UTF-8"?>
<!-- Generated by org.testng.reporters.JUnitReportReporter -->
<testsuite hostname="admin" failures="0" tests="1" name="com.tetherfi.test.chat.ChatTemplatesTest" time="62.494" errors="0" timestamp="21 May 2019 11:46:44 GMT" skipped="0">
  <testcase classname="com.tetherfi.test.chat.ChatTemplatesTest" name="VerifyChatTemplateInTMAC" time="62.494"/>
</testsuite> <!-- com.tetherfi.test.chat.ChatTemplatesTest -->
