<?xml version="1.0" encoding="UTF-8"?>
<!-- Generated by org.testng.reporters.JUnitReportReporter -->
<testsuite skipped="0" hostname="TTF-BLR-SANTOSHKOUJALAGI" name="com.tetherfi.test.tmac.TmacBroadCastMsgTest" tests="2" failures="0" timestamp="2021-08-09T17:41:41 IST" time="89.296" errors="0">
  <testcase name="AddNewTmacBroadCastMsg" time="44.727" classname="com.tetherfi.test.tmac.TmacBroadCastMsgTest"/>
  <testcase name="AddDuplicateRecord" time="44.569" classname="com.tetherfi.test.tmac.TmacBroadCastMsgTest"/>
</testsuite> <!-- com.tetherfi.test.tmac.TmacBroadCastMsgTest -->
