<?xml version="1.0" encoding="UTF-8"?>
<!-- Generated by org.testng.reporters.JUnitReportReporter -->
<testsuite skipped="0" hostname="TTF-BLR-SANTOSHKOUJALAGI" name="com.tetherfi.test.tmac.WaitTimeColorConfigTest" tests="34" failures="0" timestamp="2021-08-10T10:48:01 IST" time="340.859" errors="0">
  <testcase name="WaitTimeColorConfigPage" time="2.839" classname="com.tetherfi.test.tmac.WaitTimeColorConfigTest"/>
  <testcase name="AddNewWaitTimeColorConfigCancelRecord" time="6.124" classname="com.tetherfi.test.tmac.WaitTimeColorConfigTest"/>
  <testcase name="AddNewWaitTimeColorConfigRecord" time="7.363" classname="com.tetherfi.test.tmac.WaitTimeColorConfigTest"/>
  <testcase name="AddRecordWithoutStartTime" time="5.707" classname="com.tetherfi.test.tmac.WaitTimeColorConfigTest"/>
  <testcase name="AddRecordWithoutEndTime" time="6.093" classname="com.tetherfi.test.tmac.WaitTimeColorConfigTest"/>
  <testcase name="AddRecordDuplicate" time="7.374" classname="com.tetherfi.test.tmac.WaitTimeColorConfigTest"/>
  <testcase name="VerifySearchIsNotEqualTo" time="13.251" classname="com.tetherfi.test.tmac.WaitTimeColorConfigTest"/>
  <testcase name="VerifySearchContains" time="12.999" classname="com.tetherfi.test.tmac.WaitTimeColorConfigTest"/>
  <testcase name="VerifySearchDoesNotContains" time="11.644" classname="com.tetherfi.test.tmac.WaitTimeColorConfigTest"/>
  <testcase name="VerifySearchStartsWith" time="12.871" classname="com.tetherfi.test.tmac.WaitTimeColorConfigTest"/>
  <testcase name="VerifySearchEndsWith" time="11.277" classname="com.tetherfi.test.tmac.WaitTimeColorConfigTest"/>
  <testcase name="EditWaitTimeColorConfigCancelRecord" time="11.485" classname="com.tetherfi.test.tmac.WaitTimeColorConfigTest"/>
  <testcase name="EditWaitTimeColorConfigRecord" time="11.499" classname="com.tetherfi.test.tmac.WaitTimeColorConfigTest"/>
  <testcase name="searchPage" time="6.320" classname="com.tetherfi.test.tmac.WaitTimeColorConfigTest"/>
  <testcase name="SearchClearSearch" time="6.799" classname="com.tetherfi.test.tmac.WaitTimeColorConfigTest"/>
  <testcase name="ExportToExcel" time="4.143" classname="com.tetherfi.test.tmac.WaitTimeColorConfigTest"/>
  <testcase name="ExportToExcelData" time="3.352" classname="com.tetherfi.test.tmac.WaitTimeColorConfigTest"/>
  <testcase name="DeleteCancelRecord" time="9.372" classname="com.tetherfi.test.tmac.WaitTimeColorConfigTest"/>
  <testcase name="DeleteRecord" time="10.367" classname="com.tetherfi.test.tmac.WaitTimeColorConfigTest"/>
  <testcase name="database" time="10.062" classname="com.tetherfi.test.tmac.WaitTimeColorConfigTest"/>
  <testcase name="GroupBy" time="3.798" classname="com.tetherfi.test.tmac.WaitTimeColorConfigTest"/>
  <testcase name="VerifyArrowMoveForPreviousAndNextPage" time="3.639" classname="com.tetherfi.test.tmac.WaitTimeColorConfigTest"/>
  <testcase name="VerifyArrowMoveForFirstAndLastPage" time="2.840" classname="com.tetherfi.test.tmac.WaitTimeColorConfigTest"/>
  <testcase name="VerifyTotalNumberOfItemsPerPageDetails" time="1.612" classname="com.tetherfi.test.tmac.WaitTimeColorConfigTest"/>
  <testcase name="VerifyNumberOfItemsPerPageSelection" time="7.513" classname="com.tetherfi.test.tmac.WaitTimeColorConfigTest"/>
  <testcase name="SortingByAscending" time="6.296" classname="com.tetherfi.test.tmac.WaitTimeColorConfigTest"/>
  <testcase name="SortingByDescending" time="7.055" classname="com.tetherfi.test.tmac.WaitTimeColorConfigTest"/>
  <testcase name="ExporttoExcelWithoutData" time="7.078" classname="com.tetherfi.test.tmac.WaitTimeColorConfigTest"/>
  <testcase name="VerifyDropdownForAllTheColumns" time="11.088" classname="com.tetherfi.test.tmac.WaitTimeColorConfigTest"/>
  <testcase name="VerifyColumnsHeaderEnable" time="6.885" classname="com.tetherfi.test.tmac.WaitTimeColorConfigTest"/>
  <testcase name="VerifyColumnsHeaderDisable" time="8.693" classname="com.tetherfi.test.tmac.WaitTimeColorConfigTest"/>
  <testcase name="VerifyAuditTrialReportForCreate" time="38.382" classname="com.tetherfi.test.tmac.WaitTimeColorConfigTest"/>
  <testcase name="VerifyAuditTrialReportForUpdate" time="33.300" classname="com.tetherfi.test.tmac.WaitTimeColorConfigTest"/>
  <testcase name="VerifyAuditTrialReportForDelete" time="31.739" classname="com.tetherfi.test.tmac.WaitTimeColorConfigTest"/>
</testsuite> <!-- com.tetherfi.test.tmac.WaitTimeColorConfigTest -->
