<?xml version="1.0" encoding="UTF-8"?>
<!-- Generated by org.testng.reporters.JUnitReportReporter -->
<testsuite skipped="12" hostname="LAPTOP-NKH1C2HF" name="com.tetherfi.test.reports.OCMAgentLoginLogoutReportTest" tests="66" failures="1" timestamp="2021-05-17T11:54:10 IST" time="2325.601" errors="0">
  <testcase name="ShowReport" time="24.325" classname="com.tetherfi.test.reports.OCMAgentLoginLogoutReportTest"/>
  <testcase name="ShowReportInNewPage" time="24.365" classname="com.tetherfi.test.reports.OCMAgentLoginLogoutReportTest"/>
  <testcase name="database" time="64.161" classname="com.tetherfi.test.reports.OCMAgentLoginLogoutReportTest"/>
  <testcase name="VerifySearchByFeature" time="31.909" classname="com.tetherfi.test.reports.OCMAgentLoginLogoutReportTest"/>
  <testcase name="VerifySearchIsEqualTo" time="32.129" classname="com.tetherfi.test.reports.OCMAgentLoginLogoutReportTest"/>
  <testcase name="VerifySearchIsNotEqualTo" time="41.290" classname="com.tetherfi.test.reports.OCMAgentLoginLogoutReportTest"/>
  <testcase name="VerifySearchContains" time="36.282" classname="com.tetherfi.test.reports.OCMAgentLoginLogoutReportTest"/>
  <testcase name="VerifySearchDoesNotContains" time="41.923" classname="com.tetherfi.test.reports.OCMAgentLoginLogoutReportTest"/>
  <testcase name="VerifySearchStartsWith" time="30.628" classname="com.tetherfi.test.reports.OCMAgentLoginLogoutReportTest"/>
  <testcase name="VerifySearchEndsWith" time="30.200" classname="com.tetherfi.test.reports.OCMAgentLoginLogoutReportTest"/>
  <testcase name="searchwithoutSearchTextbox" time="26.958" classname="com.tetherfi.test.reports.OCMAgentLoginLogoutReportTest"/>
  <testcase name="ClearSearch" time="25.634" classname="com.tetherfi.test.reports.OCMAgentLoginLogoutReportTest"/>
  <testcase name="verifyAdvancedSearchIsEqualTo" time="33.707" classname="com.tetherfi.test.reports.OCMAgentLoginLogoutReportTest"/>
  <testcase name="verifyAdvancedIsNotEqualTo" time="84.707" classname="com.tetherfi.test.reports.OCMAgentLoginLogoutReportTest"/>
  <testcase name="verifyAdvancedSearchcontains" time="72.837" classname="com.tetherfi.test.reports.OCMAgentLoginLogoutReportTest"/>
  <testcase name="verifyAdvancedSearchDoesnotcontains" time="84.897" classname="com.tetherfi.test.reports.OCMAgentLoginLogoutReportTest"/>
  <testcase name="verifyAdvancedSearchStartswith" time="63.297" classname="com.tetherfi.test.reports.OCMAgentLoginLogoutReportTest"/>
  <testcase name="verifyAdvancedSearchSearchEndswith" time="68.262" classname="com.tetherfi.test.reports.OCMAgentLoginLogoutReportTest"/>
  <testcase name="verifyAdvancedSearchANDCriteria" time="45.117" classname="com.tetherfi.test.reports.OCMAgentLoginLogoutReportTest"/>
  <testcase name="verifyAdvancedSearchORCriteria" time="47.473" classname="com.tetherfi.test.reports.OCMAgentLoginLogoutReportTest"/>
  <testcase name="ClearfiltersAdvSrch" time="25.886" classname="com.tetherfi.test.reports.OCMAgentLoginLogoutReportTest"/>
  <testcase name="VerifySorting" time="29.658" classname="com.tetherfi.test.reports.OCMAgentLoginLogoutReportTest">
    <failure type="java.lang.AssertionError" message="Sorting assertion failed did not expect to find [true] but found [false]">
      <![CDATA[java.lang.AssertionError: Sorting assertion failed did not expect to find [true] but found [false]
at org.testng.Assert.fail(Assert.java:97)
at org.testng.Assert.failNotEquals(Assert.java:969)
at org.testng.Assert.assertTrue(Assert.java:43)
at com.tetherfi.test.reports.OCMAgentLoginLogoutReportTest.VerifySorting(OCMAgentLoginLogoutReportTest.java:283)
at sun.reflect.NativeMethodAccessorImpl.invoke0(Native Method)
at sun.reflect.NativeMethodAccessorImpl.invoke(Unknown Source)
at sun.reflect.DelegatingMethodAccessorImpl.invoke(Unknown Source)
at java.lang.reflect.Method.invoke(Unknown Source)
at org.testng.internal.MethodInvocationHelper.invokeMethod(MethodInvocationHelper.java:133)
at org.testng.internal.TestInvoker.invokeMethod(TestInvoker.java:584)
at org.testng.internal.TestInvoker.invokeTestMethod(TestInvoker.java:172)
at org.testng.internal.MethodRunner.runInSequence(MethodRunner.java:46)
at org.testng.internal.TestInvoker$MethodInvocationAgent.invoke(TestInvoker.java:804)
at org.testng.internal.TestInvoker.invokeTestMethods(TestInvoker.java:145)
at org.testng.internal.TestMethodWorker.invokeTestMethods(TestMethodWorker.java:146)
at org.testng.internal.TestMethodWorker.run(TestMethodWorker.java:128)
at java.util.ArrayList.forEach(Unknown Source)
at org.testng.TestRunner.privateRun(TestRunner.java:770)
at org.testng.TestRunner.run(TestRunner.java:591)
at org.testng.SuiteRunner.runTest(SuiteRunner.java:402)
at org.testng.SuiteRunner.runSequentially(SuiteRunner.java:396)
at org.testng.SuiteRunner.privateRun(SuiteRunner.java:355)
at org.testng.SuiteRunner.run(SuiteRunner.java:304)
at org.testng.SuiteRunnerWorker.runSuite(SuiteRunnerWorker.java:53)
at org.testng.SuiteRunnerWorker.run(SuiteRunnerWorker.java:96)
at org.testng.TestNG.runSuitesSequentially(TestNG.java:1180)
at org.testng.TestNG.runSuitesLocally(TestNG.java:1102)
at org.testng.TestNG.runSuites(TestNG.java:1032)
at org.testng.TestNG.run(TestNG.java:1000)
at org.testng.remote.AbstractRemoteTestNG.run(AbstractRemoteTestNG.java:115)
at org.testng.remote.RemoteTestNG.initAndRun(RemoteTestNG.java:251)
at org.testng.remote.RemoteTestNG.main(RemoteTestNG.java:77)
]]>
    </failure>
  </testcase> <!-- VerifySorting -->
  <testcase name="GroupBy" time="35.054" classname="com.tetherfi.test.reports.OCMAgentLoginLogoutReportTest"/>
  <testcase name="VerifyArrowMoveForPreviousAndNextPage" time="35.538" classname="com.tetherfi.test.reports.OCMAgentLoginLogoutReportTest"/>
  <testcase name="VerifyArrowMoveForFirstAndLastPage" time="33.520" classname="com.tetherfi.test.reports.OCMAgentLoginLogoutReportTest"/>
  <testcase name="VerifyTotalNumberOfItemsPerPageDetails" time="25.860" classname="com.tetherfi.test.reports.OCMAgentLoginLogoutReportTest"/>
  <testcase name="VerifyNumberOfItemsPerPageSelection" time="76.475" classname="com.tetherfi.test.reports.OCMAgentLoginLogoutReportTest"/>
  <testcase name="ClearAll" time="17.027" classname="com.tetherfi.test.reports.OCMAgentLoginLogoutReportTest"/>
  <testcase name="OCMWindow" time="28.452" classname="com.tetherfi.test.reports.OCMAgentLoginLogoutReportTest"/>
  <testcase name="VerifyDropdownForAllTheColumns" time="40.495" classname="com.tetherfi.test.reports.OCMAgentLoginLogoutReportTest"/>
  <testcase name="VerifyColumnsHeaderEnable" time="31.506" classname="com.tetherfi.test.reports.OCMAgentLoginLogoutReportTest"/>
  <testcase name="VerifyColumnsHeaderDisable" time="33.121" classname="com.tetherfi.test.reports.OCMAgentLoginLogoutReportTest"/>
  <testcase name="ScheduleAgentLoginLogoutReport" time="24.424" classname="com.tetherfi.test.reports.OCMAgentLoginLogoutReportTest"/>
  <testcase name="ExportReport" time="20.880" classname="com.tetherfi.test.reports.OCMAgentLoginLogoutReportTest"/>
  <testcase name="ViewDownloadedReportInReportsDownloadPage" time="10.652" classname="com.tetherfi.test.reports.OCMAgentLoginLogoutReportTest"/>
  <testcase name="VerifyDownloadedReportData" time="54.306" classname="com.tetherfi.test.reports.OCMAgentLoginLogoutReportTest"/>
  <testcase name="DeleteRecordWithoutDeleteReasonInReportsDownloadforSingleDate" time="9.592" classname="com.tetherfi.test.reports.OCMAgentLoginLogoutReportTest"/>
  <testcase name="VerifyCancelBtnAtReportsDownloadforSingleDate" time="30.979" classname="com.tetherfi.test.reports.OCMAgentLoginLogoutReportTest"/>
  <testcase name="DeleteRecordforSingleDate" time="9.092" classname="com.tetherfi.test.reports.OCMAgentLoginLogoutReportTest"/>
  <testcase name="ShowReportForDateRange" time="23.543" classname="com.tetherfi.test.reports.OCMAgentLoginLogoutReportTest"/>
  <testcase name="ShowReportInNewPageForDateRange" time="23.107" classname="com.tetherfi.test.reports.OCMAgentLoginLogoutReportTest"/>
  <testcase name="ScheduleReportforDateRange" time="28.825" classname="com.tetherfi.test.reports.OCMAgentLoginLogoutReportTest"/>
  <testcase name="ExportReportForDateRange" time="21.683" classname="com.tetherfi.test.reports.OCMAgentLoginLogoutReportTest"/>
  <testcase name="ViewDownloadedReportInReportDownloadsPageForDateRange" time="7.894" classname="com.tetherfi.test.reports.OCMAgentLoginLogoutReportTest"/>
  <testcase name="VerifyDownloadedReportDataForDateRange" time="277.686" classname="com.tetherfi.test.reports.OCMAgentLoginLogoutReportTest"/>
  <testcase name="DeleteRecordWithoutDeleteReasonInReportsDownloadforDateRange" time="11.552" classname="com.tetherfi.test.reports.OCMAgentLoginLogoutReportTest"/>
  <testcase name="VerifyDeleteCancelBtnInReportDownloads" time="30.020" classname="com.tetherfi.test.reports.OCMAgentLoginLogoutReportTest"/>
  <testcase name="DeleteRecord" time="14.234" classname="com.tetherfi.test.reports.OCMAgentLoginLogoutReportTest"/>
  <testcase name="ExportPage" time="28.221" classname="com.tetherfi.test.reports.OCMAgentLoginLogoutReportTest"/>
  <testcase name="VerifyExportedPage" time="26.635" classname="com.tetherfi.test.reports.OCMAgentLoginLogoutReportTest"/>
  <testcase name="SchedulereportinAgentLoginLogoutReportPage" time="21.482" classname="com.tetherfi.test.reports.OCMAgentLoginLogoutReportTest"/>
  <testcase name="ExportToExcel" time="23.153" classname="com.tetherfi.test.reports.OCMAgentLoginLogoutReportTest"/>
  <testcase name="ViewExportedExcelData" time="25.755" classname="com.tetherfi.test.reports.OCMAgentLoginLogoutReportTest"/>
  <testcase name="VerifyExportedExcelData" time="279.193" classname="com.tetherfi.test.reports.OCMAgentLoginLogoutReportTest"/>
  <testcase name="quickInputforInvalidDateRange" classname="com.tetherfi.test.reports.OCMAgentLoginLogoutReportTest">
    <skipped/>
  </testcase> <!-- quickInputforInvalidDateRange -->
  <testcase name="quickInputforInvalidYear" classname="com.tetherfi.test.reports.OCMAgentLoginLogoutReportTest">
    <skipped/>
  </testcase> <!-- quickInputforInvalidYear -->
  <testcase name="quickinputwithoutNumber" classname="com.tetherfi.test.reports.OCMAgentLoginLogoutReportTest">
    <skipped/>
  </testcase> <!-- quickinputwithoutNumber -->
  <testcase name="quickInputforDay" classname="com.tetherfi.test.reports.OCMAgentLoginLogoutReportTest">
    <skipped/>
  </testcase> <!-- quickInputforDay -->
  <testcase name="quickInputforWeek" classname="com.tetherfi.test.reports.OCMAgentLoginLogoutReportTest">
    <skipped/>
  </testcase> <!-- quickInputforWeek -->
  <testcase name="VerifyJsonDataForColumnNames" classname="com.tetherfi.test.reports.OCMAgentLoginLogoutReportTest">
    <skipped/>
  </testcase> <!-- VerifyJsonDataForColumnNames -->
  <testcase name="quickInputforInvalidMonth" classname="com.tetherfi.test.reports.OCMAgentLoginLogoutReportTest">
    <skipped/>
  </testcase> <!-- quickInputforInvalidMonth -->
  <testcase name="quickInputforMinutes" classname="com.tetherfi.test.reports.OCMAgentLoginLogoutReportTest">
    <skipped/>
  </testcase> <!-- quickInputforMinutes -->
  <testcase name="quickInputMonth" classname="com.tetherfi.test.reports.OCMAgentLoginLogoutReportTest">
    <skipped/>
  </testcase> <!-- quickInputMonth -->
  <testcase name="quickinputforSeconds" classname="com.tetherfi.test.reports.OCMAgentLoginLogoutReportTest">
    <skipped/>
  </testcase> <!-- quickinputforSeconds -->
  <testcase name="quickInputforYear" classname="com.tetherfi.test.reports.OCMAgentLoginLogoutReportTest">
    <skipped/>
  </testcase> <!-- quickInputforYear -->
  <testcase name="quickInputforhour" classname="com.tetherfi.test.reports.OCMAgentLoginLogoutReportTest">
    <skipped/>
  </testcase> <!-- quickInputforhour -->
</testsuite> <!-- com.tetherfi.test.reports.OCMAgentLoginLogoutReportTest -->
