<?xml version="1.0" encoding="UTF-8"?>
<!-- Generated by org.testng.reporters.JUnitReportReporter -->
<testsuite skipped="0" hostname="TTF-BLR-SANTOSHKOUJALAGI" name="com.tetherfi.test.tmac.SkillTemplateTest" tests="41" failures="0" timestamp="2021-08-10T12:59:41 IST" time="358.224" errors="0">
  <testcase name="VerifySkillTemplatePage" time="3.858" classname="com.tetherfi.test.tmac.SkillTemplateTest"/>
  <testcase name="verifyDropDownForAllTheColumns" time="8.224" classname="com.tetherfi.test.tmac.SkillTemplateTest"/>
  <testcase name="VerifyColumnsHeaderEnable" time="5.874" classname="com.tetherfi.test.tmac.SkillTemplateTest"/>
  <testcase name="VerifyColumnsHeaderDisable" time="5.733" classname="com.tetherfi.test.tmac.SkillTemplateTest"/>
  <testcase name="VerifyAddNewSkillTemplateWindowPresence" time="4.200" classname="com.tetherfi.test.tmac.SkillTemplateTest"/>
  <testcase name="VerifyTeamNamewithDataBase" time="23.148" classname="com.tetherfi.test.tmac.SkillTemplateTest"/>
  <testcase name="AddNewSkillTemplatewithOutTemplateName" time="19.032" classname="com.tetherfi.test.tmac.SkillTemplateTest"/>
  <testcase name="AddNewSkillTemplatewithOutOrgUnit" time="4.502" classname="com.tetherfi.test.tmac.SkillTemplateTest"/>
  <testcase name="AddNewSkillTemplatewithOutSkill" time="21.417" classname="com.tetherfi.test.tmac.SkillTemplateTest"/>
  <testcase name="VerifyAddNewSkillTemplateWindowCloseButton" time="3.442" classname="com.tetherfi.test.tmac.SkillTemplateTest"/>
  <testcase name="SearchVoiceSkills" time="5.287" classname="com.tetherfi.test.tmac.SkillTemplateTest"/>
  <testcase name="SearchTextChatSkills" time="6.069" classname="com.tetherfi.test.tmac.SkillTemplateTest"/>
  <testcase name="SearchAudioChatSkills" time="6.298" classname="com.tetherfi.test.tmac.SkillTemplateTest"/>
  <testcase name="SearchVideoChatSkills" time="6.760" classname="com.tetherfi.test.tmac.SkillTemplateTest"/>
  <testcase name="SearchFaxSkills" time="6.184" classname="com.tetherfi.test.tmac.SkillTemplateTest"/>
  <testcase name="SearchEmailSkills" time="7.156" classname="com.tetherfi.test.tmac.SkillTemplateTest"/>
  <testcase name="SearchSMsSkills" time="6.428" classname="com.tetherfi.test.tmac.SkillTemplateTest"/>
  <testcase name="SearchEmailChannelSkills" time="6.417" classname="com.tetherfi.test.tmac.SkillTemplateTest"/>
  <testcase name="AddNewSkillTemplate" time="24.917" classname="com.tetherfi.test.tmac.SkillTemplateTest"/>
  <testcase name="EditSkillTemplate" time="17.168" classname="com.tetherfi.test.tmac.SkillTemplateTest"/>
  <testcase name="verifyDeleteNoButton" time="17.346" classname="com.tetherfi.test.tmac.SkillTemplateTest"/>
  <testcase name="verifyDeleteWithoutDeleteReason" time="10.067" classname="com.tetherfi.test.tmac.SkillTemplateTest"/>
  <testcase name="DeleteSkillTemplateRecord" time="10.399" classname="com.tetherfi.test.tmac.SkillTemplateTest"/>
  <testcase name="ExportToExcelButton" time="4.839" classname="com.tetherfi.test.tmac.SkillTemplateTest"/>
  <testcase name="verifyExportedData" time="4.412" classname="com.tetherfi.test.tmac.SkillTemplateTest"/>
  <testcase name="verifyExportToExcelWithoutData" time="7.841" classname="com.tetherfi.test.tmac.SkillTemplateTest"/>
  <testcase name="verifySortByAscending" time="7.824" classname="com.tetherfi.test.tmac.SkillTemplateTest"/>
  <testcase name="verifySortByDescending" time="7.588" classname="com.tetherfi.test.tmac.SkillTemplateTest"/>
  <testcase name="verifyGroupBy" time="4.944" classname="com.tetherfi.test.tmac.SkillTemplateTest"/>
  <testcase name="verifyArrowMoveForPreviousAndNextPage" time="4.875" classname="com.tetherfi.test.tmac.SkillTemplateTest"/>
  <testcase name="verifyArrowMoveForFirstAndLastPage" time="4.875" classname="com.tetherfi.test.tmac.SkillTemplateTest"/>
  <testcase name="verifyTotalNumberOfItemsPerPageDetails" time="2.393" classname="com.tetherfi.test.tmac.SkillTemplateTest"/>
  <testcase name="verifyNumberOfItemsPerPageSelection" time="11.474" classname="com.tetherfi.test.tmac.SkillTemplateTest"/>
  <testcase name="searchPage" time="8.753" classname="com.tetherfi.test.tmac.SkillTemplateTest"/>
  <testcase name="searchwithoutSearchTextbox" time="7.296" classname="com.tetherfi.test.tmac.SkillTemplateTest"/>
  <testcase name="SearchClearSearch" time="7.094" classname="com.tetherfi.test.tmac.SkillTemplateTest"/>
  <testcase name="SearchIsNotEqualTo" time="9.905" classname="com.tetherfi.test.tmac.SkillTemplateTest"/>
  <testcase name="SearchContains" time="8.669" classname="com.tetherfi.test.tmac.SkillTemplateTest"/>
  <testcase name="SearchDoesNotContains" time="9.916" classname="com.tetherfi.test.tmac.SkillTemplateTest"/>
  <testcase name="SearchStartsWith" time="7.175" classname="com.tetherfi.test.tmac.SkillTemplateTest"/>
  <testcase name="SearchEndsWith" time="8.425" classname="com.tetherfi.test.tmac.SkillTemplateTest"/>
</testsuite> <!-- com.tetherfi.test.tmac.SkillTemplateTest -->
