<?xml version="1.0" encoding="UTF-8"?>
<!-- Generated by org.testng.reporters.JUnitReportReporter -->
<testsuite skipped="0" hostname="TTF-BLR-SANTOSHKOUJALAGI" name="com.tetherfi.test.reports.OCMUnauthorizedaccessReportTest" tests="1" failures="0" timestamp="2021-08-29T22:39:40 IST" time="10.916" errors="0">
  <testcase name="DeleteWithoutDeleteReasonRecordinReportsDownloadforDateRange" time="10.916" classname="com.tetherfi.test.reports.OCMUnauthorizedaccessReportTest"/>
</testsuite> <!-- com.tetherfi.test.reports.OCMUnauthorizedaccessReportTest -->
