<?xml version="1.0" encoding="UTF-8"?>
<!-- Generated by org.testng.reporters.JUnitReportReporter -->
<testsuite skipped="0" hostname="TTF-BLR-SANTOSHKOUJALAGI" name="com.tetherfi.test.ivr.MenuDescriptionMappingTest" tests="39" failures="0" timestamp="2021-08-10T21:16:37 IST" time="1219.371" errors="0">
  <testcase name="MenuDescriptionMappingPage" time="9.690" classname="com.tetherfi.test.ivr.MenuDescriptionMappingTest"/>
  <testcase name="VerifyDropdownForAllTheColumns" time="15.389" classname="com.tetherfi.test.ivr.MenuDescriptionMappingTest"/>
  <testcase name="VerifyColumnsHeaderEnable" time="12.285" classname="com.tetherfi.test.ivr.MenuDescriptionMappingTest"/>
  <testcase name="VerifyColumnsHeaderDisable" time="13.261" classname="com.tetherfi.test.ivr.MenuDescriptionMappingTest"/>
  <testcase name="AddNewMenuDescriptionMappingRecord" time="10.265" classname="com.tetherfi.test.ivr.MenuDescriptionMappingTest"/>
  <testcase name="AddDuplicateMenuDescriptionMappingRecord" time="10.594" classname="com.tetherfi.test.ivr.MenuDescriptionMappingTest"/>
  <testcase name="VerifyAuditTrialReportForCreate" time="43.158" classname="com.tetherfi.test.ivr.MenuDescriptionMappingTest"/>
  <testcase name="AddEmptyRecord" time="8.497" classname="com.tetherfi.test.ivr.MenuDescriptionMappingTest"/>
  <testcase name="AddRecordWithoutMenuID" time="10.188" classname="com.tetherfi.test.ivr.MenuDescriptionMappingTest"/>
  <testcase name="AddRecordWithoutMenuName" time="9.602" classname="com.tetherfi.test.ivr.MenuDescriptionMappingTest"/>
  <testcase name="AddRecordWithoutIntent" time="9.574" classname="com.tetherfi.test.ivr.MenuDescriptionMappingTest"/>
  <testcase name="VerifyCancelBtnAtAddRecord" time="30.971" classname="com.tetherfi.test.ivr.MenuDescriptionMappingTest"/>
  <testcase name="EditMenuDescriptionMappingRecord" time="18.266" classname="com.tetherfi.test.ivr.MenuDescriptionMappingTest"/>
  <testcase name="VerifyAuditTrialReportForUpdate" time="40.197" classname="com.tetherfi.test.ivr.MenuDescriptionMappingTest"/>
  <testcase name="EditWithoutModifyReasonRecord" time="17.426" classname="com.tetherfi.test.ivr.MenuDescriptionMappingTest"/>
  <testcase name="VerifyCancelBtnAtEditRecord" time="36.874" classname="com.tetherfi.test.ivr.MenuDescriptionMappingTest"/>
  <testcase name="searchPage" time="11.307" classname="com.tetherfi.test.ivr.MenuDescriptionMappingTest"/>
  <testcase name="VerifySearchIsNotEqualTo" time="133.921" classname="com.tetherfi.test.ivr.MenuDescriptionMappingTest"/>
  <testcase name="VerifySearchContains" time="14.087" classname="com.tetherfi.test.ivr.MenuDescriptionMappingTest"/>
  <testcase name="VerifySearchDoesNotContains" time="115.862" classname="com.tetherfi.test.ivr.MenuDescriptionMappingTest"/>
  <testcase name="VerifySearchStartsWith" time="16.746" classname="com.tetherfi.test.ivr.MenuDescriptionMappingTest"/>
  <testcase name="VerifySearchEndsWith" time="23.664" classname="com.tetherfi.test.ivr.MenuDescriptionMappingTest"/>
  <testcase name="searchwithoutSearchTextbox" time="12.345" classname="com.tetherfi.test.ivr.MenuDescriptionMappingTest"/>
  <testcase name="ExportToExcel" time="10.307" classname="com.tetherfi.test.ivr.MenuDescriptionMappingTest"/>
  <testcase name="ExportToExcelData" time="85.128" classname="com.tetherfi.test.ivr.MenuDescriptionMappingTest"/>
  <testcase name="DeleteWithoutDeleteReasonRecord" time="15.420" classname="com.tetherfi.test.ivr.MenuDescriptionMappingTest"/>
  <testcase name="VerifyCancelBtnAtDeleteMenuDescriptionMappingRecord" time="37.697" classname="com.tetherfi.test.ivr.MenuDescriptionMappingTest"/>
  <testcase name="DeleteMenuDescriptionMappingRecord" time="16.950" classname="com.tetherfi.test.ivr.MenuDescriptionMappingTest"/>
  <testcase name="VerifyAuditTrialReportForDelete" time="37.528" classname="com.tetherfi.test.ivr.MenuDescriptionMappingTest"/>
  <testcase name="SearchClearSearch" time="13.748" classname="com.tetherfi.test.ivr.MenuDescriptionMappingTest"/>
  <testcase name="ExporttoExcelWithoutData" time="14.920" classname="com.tetherfi.test.ivr.MenuDescriptionMappingTest"/>
  <testcase name="SortingByAscending" time="89.907" classname="com.tetherfi.test.ivr.MenuDescriptionMappingTest"/>
  <testcase name="SortingByDescending" time="89.220" classname="com.tetherfi.test.ivr.MenuDescriptionMappingTest"/>
  <testcase name="GroupBy" time="10.677" classname="com.tetherfi.test.ivr.MenuDescriptionMappingTest"/>
  <testcase name="VerifyArrowMoveForPreviousAndNextPage" time="9.382" classname="com.tetherfi.test.ivr.MenuDescriptionMappingTest"/>
  <testcase name="VerifyArrowMoveForFirstAndLastPage" time="9.191" classname="com.tetherfi.test.ivr.MenuDescriptionMappingTest"/>
  <testcase name="VerifyTotalNumberOfItemsPerPageDetails" time="7.551" classname="com.tetherfi.test.ivr.MenuDescriptionMappingTest"/>
  <testcase name="VerifyNumberOfItemsPerPageSelection" time="31.464" classname="com.tetherfi.test.ivr.MenuDescriptionMappingTest"/>
  <testcase name="database" time="116.112" classname="com.tetherfi.test.ivr.MenuDescriptionMappingTest"/>
</testsuite> <!-- com.tetherfi.test.ivr.MenuDescriptionMappingTest -->
