<?xml version="1.0" encoding="UTF-8"?>
<!-- Generated by org.testng.reporters.JUnitReportReporter -->
<testsuite skipped="0" hostname="TTF-BLR-SANTOSHKOUJALAGI" name="com.tetherfi.test.CEPEventMappingTest" tests="40" failures="1" timestamp="2021-08-12T18:29:47 IST" time="904.174" errors="1">
  <testcase name="CepEventMappingPage" time="9.539" classname="com.tetherfi.test.CEPEventMappingTest"/>
  <testcase name="VerifyDropdownForAllTheColumns" time="20.687" classname="com.tetherfi.test.CEPEventMappingTest"/>
  <testcase name="VerifyColumnsHeaderEnable" time="15.284" classname="com.tetherfi.test.CEPEventMappingTest"/>
  <testcase name="VerifyColumnsHeaderDisable" time="8.966" classname="com.tetherfi.test.CEPEventMappingTest"/>
  <testcase name="AddCepEventMappingRecord" time="11.001" classname="com.tetherfi.test.CEPEventMappingTest"/>
  <testcase name="VerifyAuditTrialReportForCreate" time="76.037" classname="com.tetherfi.test.CEPEventMappingTest"/>
  <testcase name="DuplicateRecord" time="14.592" classname="com.tetherfi.test.CEPEventMappingTest"/>
  <testcase name="VerifyCancelBtnAtAddRecord" time="36.414" classname="com.tetherfi.test.CEPEventMappingTest"/>
  <testcase name="AddRecordWithoutCEPEvent" time="16.221" classname="com.tetherfi.test.CEPEventMappingTest"/>
  <testcase name="AddRecordWithoutDescription" time="12.580" classname="com.tetherfi.test.CEPEventMappingTest"/>
  <testcase name="AddRecordWithoutBins" time="10.909" classname="com.tetherfi.test.CEPEventMappingTest"/>
  <testcase name="AddRecordWithoutTransferFlag" time="15.901" classname="com.tetherfi.test.CEPEventMappingTest"/>
  <testcase name="AddRecordWithoutIntent" time="16.363" classname="com.tetherfi.test.CEPEventMappingTest"/>
  <testcase name="EditCepEventMappingRecord" time="21.119" classname="com.tetherfi.test.CEPEventMappingTest"/>
  <testcase name="VerifyAuditTrialReportForUpdate" time="45.108" classname="com.tetherfi.test.CEPEventMappingTest"/>
  <testcase name="EditWithoutModifyReasonRecord" time="13.607" classname="com.tetherfi.test.CEPEventMappingTest">
    <error type="org.openqa.selenium.StaleElementReferenceException" message="stale element reference: element is not attached to the page document
  (Session info: chrome=92.0.4515.131)
For documentation on this error, please visit: https://www.seleniumhq.org/exceptions/stale_element_reference.html
Build info: version: &#039;3.141.59&#039;, revision: &#039;e82be7d358&#039;, time: &#039;2018-11-14T08:17:03&#039;
System info: host: &#039;TTF-BLR-SANTOSH&#039;, ip: &#039;192.168.50.12&#039;, os.name: &#039;Windows 10&#039;, os.arch: &#039;amd64&#039;, os.version: &#039;10.0&#039;, java.version: &#039;1.8.0_181&#039;
Driver info: org.openqa.selenium.chrome.ChromeDriver
Capabilities {acceptInsecureCerts: false, browserName: chrome, browserVersion: 92.0.4515.131, chrome: {chromedriverVersion: 92.0.4515.107 (87a818b10553..., userDataDir: C:\Users\admin\AppData\Loca...}, goog:chromeOptions: {debuggerAddress: localhost:62846}, javascriptEnabled: true, networkConnectionEnabled: false, pageLoadStrategy: normal, platform: WINDOWS, platformName: WINDOWS, proxy: Proxy(), setWindowRect: true, strictFileInteractability: false, timeouts: {implicit: 0, pageLoad: 300000, script: 30000}, unhandledPromptBehavior: dismiss and notify, webauthn:extension:credBlob: true, webauthn:extension:largeBlob: true, webauthn:virtualAuthenticators: true}
Session ID: e2b7ce7135dc47b147ab3ead65917033">
      <![CDATA[org.openqa.selenium.StaleElementReferenceException: stale element reference: element is not attached to the page document
  (Session info: chrome=92.0.4515.131)
For documentation on this error, please visit: https://www.seleniumhq.org/exceptions/stale_element_reference.html
Build info: version: '3.141.59', revision: 'e82be7d358', time: '2018-11-14T08:17:03'
System info: host: 'TTF-BLR-SANTOSH', ip: '192.168.50.12', os.name: 'Windows 10', os.arch: 'amd64', os.version: '10.0', java.version: '1.8.0_181'
Driver info: org.openqa.selenium.chrome.ChromeDriver
Capabilities {acceptInsecureCerts: false, browserName: chrome, browserVersion: 92.0.4515.131, chrome: {chromedriverVersion: 92.0.4515.107 (87a818b10553..., userDataDir: C:\Users\admin\AppData\Loca...}, goog:chromeOptions: {debuggerAddress: localhost:62846}, javascriptEnabled: true, networkConnectionEnabled: false, pageLoadStrategy: normal, platform: WINDOWS, platformName: WINDOWS, proxy: Proxy(), setWindowRect: true, strictFileInteractability: false, timeouts: {implicit: 0, pageLoad: 300000, script: 30000}, unhandledPromptBehavior: dismiss and notify, webauthn:extension:credBlob: true, webauthn:extension:largeBlob: true, webauthn:virtualAuthenticators: true}
Session ID: e2b7ce7135dc47b147ab3ead65917033
at sun.reflect.NativeConstructorAccessorImpl.newInstance0(Native Method)
at sun.reflect.NativeConstructorAccessorImpl.newInstance(Unknown Source)
at sun.reflect.DelegatingConstructorAccessorImpl.newInstance(Unknown Source)
at java.lang.reflect.Constructor.newInstance(Unknown Source)
at org.openqa.selenium.remote.http.W3CHttpResponseCodec.createException(W3CHttpResponseCodec.java:187)
at org.openqa.selenium.remote.http.W3CHttpResponseCodec.decode(W3CHttpResponseCodec.java:122)
at org.openqa.selenium.remote.http.W3CHttpResponseCodec.decode(W3CHttpResponseCodec.java:49)
at org.openqa.selenium.remote.HttpCommandExecutor.execute(HttpCommandExecutor.java:158)
at org.openqa.selenium.remote.service.DriverCommandExecutor.execute(DriverCommandExecutor.java:83)
at org.openqa.selenium.remote.RemoteWebDriver.execute(RemoteWebDriver.java:552)
at org.openqa.selenium.remote.RemoteWebElement.execute(RemoteWebElement.java:285)
at org.openqa.selenium.remote.RemoteWebElement.isDisplayed(RemoteWebElement.java:326)
at sun.reflect.GeneratedMethodAccessor1.invoke(Unknown Source)
at sun.reflect.DelegatingMethodAccessorImpl.invoke(Unknown Source)
at java.lang.reflect.Method.invoke(Unknown Source)
at org.openqa.selenium.support.pagefactory.internal.LocatingElementHandler.invoke(LocatingElementHandler.java:51)
at com.sun.proxy.$Proxy11.isDisplayed(Unknown Source)
at org.openqa.selenium.support.ui.ExpectedConditions.elementIfVisible(ExpectedConditions.java:314)
at org.openqa.selenium.support.ui.ExpectedConditions.access$000(ExpectedConditions.java:43)
at org.openqa.selenium.support.ui.ExpectedConditions$10.apply(ExpectedConditions.java:300)
at org.openqa.selenium.support.ui.ExpectedConditions$10.apply(ExpectedConditions.java:297)
at org.openqa.selenium.support.ui.ExpectedConditions$23.apply(ExpectedConditions.java:670)
at org.openqa.selenium.support.ui.ExpectedConditions$23.apply(ExpectedConditions.java:666)
at org.openqa.selenium.support.ui.FluentWait.until(FluentWait.java:249)
at com.tetherfi.pages.BasePage.waitUntilWebElementIsClickable(BasePage.java:259)
at com.tetherfi.pages.CepEventMappingPage.editCepEventMappingRecordWithoutModifyReason(CepEventMappingPage.java:846)
at com.tetherfi.test.CEPEventMappingTest.EditWithoutModifyReasonRecord(CEPEventMappingTest.java:188)
at sun.reflect.NativeMethodAccessorImpl.invoke0(Native Method)
at sun.reflect.NativeMethodAccessorImpl.invoke(Unknown Source)
at sun.reflect.DelegatingMethodAccessorImpl.invoke(Unknown Source)
at java.lang.reflect.Method.invoke(Unknown Source)
at org.testng.internal.MethodInvocationHelper.invokeMethod(MethodInvocationHelper.java:133)
at org.testng.internal.TestInvoker.invokeMethod(TestInvoker.java:584)
at org.testng.internal.TestInvoker.invokeTestMethod(TestInvoker.java:172)
at org.testng.internal.MethodRunner.runInSequence(MethodRunner.java:46)
at org.testng.internal.TestInvoker$MethodInvocationAgent.invoke(TestInvoker.java:804)
at org.testng.internal.TestInvoker.invokeTestMethods(TestInvoker.java:145)
at org.testng.internal.TestMethodWorker.invokeTestMethods(TestMethodWorker.java:146)
at org.testng.internal.TestMethodWorker.run(TestMethodWorker.java:128)
at java.util.ArrayList.forEach(Unknown Source)
at org.testng.TestRunner.privateRun(TestRunner.java:770)
at org.testng.TestRunner.run(TestRunner.java:591)
at org.testng.SuiteRunner.runTest(SuiteRunner.java:402)
at org.testng.SuiteRunner.runSequentially(SuiteRunner.java:396)
at org.testng.SuiteRunner.privateRun(SuiteRunner.java:355)
at org.testng.SuiteRunner.run(SuiteRunner.java:304)
at org.testng.SuiteRunnerWorker.runSuite(SuiteRunnerWorker.java:53)
at org.testng.SuiteRunnerWorker.run(SuiteRunnerWorker.java:96)
at org.testng.TestNG.runSuitesSequentially(TestNG.java:1180)
at org.testng.TestNG.runSuitesLocally(TestNG.java:1102)
at org.testng.TestNG.runSuites(TestNG.java:1032)
at org.testng.TestNG.run(TestNG.java:1000)
at org.testng.remote.AbstractRemoteTestNG.run(AbstractRemoteTestNG.java:115)
at org.testng.remote.RemoteTestNG.initAndRun(RemoteTestNG.java:251)
at org.testng.remote.RemoteTestNG.main(RemoteTestNG.java:77)
]]>
    </error>
  </testcase> <!-- EditWithoutModifyReasonRecord -->
  <testcase name="VerifyCancelBtnAtEditRecord" time="44.927" classname="com.tetherfi.test.CEPEventMappingTest"/>
  <testcase name="VerifySearchIsNotEqualTo" time="24.611" classname="com.tetherfi.test.CEPEventMappingTest"/>
  <testcase name="VerifySearchContains" time="26.475" classname="com.tetherfi.test.CEPEventMappingTest"/>
  <testcase name="VerifySearchDoesNotContains" time="25.000" classname="com.tetherfi.test.CEPEventMappingTest"/>
  <testcase name="VerifySearchStartsWith" time="20.864" classname="com.tetherfi.test.CEPEventMappingTest"/>
  <testcase name="VerifySearchEndsWith" time="23.356" classname="com.tetherfi.test.CEPEventMappingTest"/>
  <testcase name="searchPage" time="17.840" classname="com.tetherfi.test.CEPEventMappingTest"/>
  <testcase name="ExportToExcel" time="11.969" classname="com.tetherfi.test.CEPEventMappingTest"/>
  <testcase name="ExportToExcelData" time="31.427" classname="com.tetherfi.test.CEPEventMappingTest"/>
  <testcase name="DeleteWithoutDeleteReasonRecord" time="17.039" classname="com.tetherfi.test.CEPEventMappingTest"/>
  <testcase name="VerifyCancelBtnAtDeleteCEPEventMappingRecord" time="38.056" classname="com.tetherfi.test.CEPEventMappingTest"/>
  <testcase name="DeleteRecord" time="21.743" classname="com.tetherfi.test.CEPEventMappingTest"/>
  <testcase name="VerifyAuditTrialReportForDelete" time="56.566" classname="com.tetherfi.test.CEPEventMappingTest"/>
  <testcase name="SearchClearSearch" time="29.410" classname="com.tetherfi.test.CEPEventMappingTest"/>
  <testcase name="ExporttoExcelWithoutData" time="16.670" classname="com.tetherfi.test.CEPEventMappingTest"/>
  <testcase name="SortingByAscending" time="26.150" classname="com.tetherfi.test.CEPEventMappingTest"/>
  <testcase name="SortingByDescending" time="18.154" classname="com.tetherfi.test.CEPEventMappingTest"/>
  <testcase name="GroupBy" time="9.264" classname="com.tetherfi.test.CEPEventMappingTest"/>
  <testcase name="VerifyArrowMoveForPreviousAndNextPage" time="9.378" classname="com.tetherfi.test.CEPEventMappingTest"/>
  <testcase name="VerifyArrowMoveForFirstAndLastPage" time="9.128" classname="com.tetherfi.test.CEPEventMappingTest"/>
  <testcase name="VerifyTotalNumberOfItemsPerPageDetails" time="10.481" classname="com.tetherfi.test.CEPEventMappingTest"/>
  <testcase name="VerifyNumberOfItemsPerPageSelection" time="19.775" classname="com.tetherfi.test.CEPEventMappingTest"/>
  <testcase name="searchwithoutSearchTextbox" time="14.496" classname="com.tetherfi.test.CEPEventMappingTest"/>
  <testcase name="database" time="37.067" classname="com.tetherfi.test.CEPEventMappingTest">
    <failure type="java.lang.AssertionError" message="did not expect to find [true] but found [false]">
      <![CDATA[java.lang.AssertionError: did not expect to find [true] but found [false]
at org.testng.Assert.fail(Assert.java:97)
at org.testng.Assert.failNotEquals(Assert.java:969)
at org.testng.Assert.assertTrue(Assert.java:43)
at org.testng.Assert.assertTrue(Assert.java:53)
at com.tetherfi.test.CEPEventMappingTest.database(CEPEventMappingTest.java:407)
at sun.reflect.NativeMethodAccessorImpl.invoke0(Native Method)
at sun.reflect.NativeMethodAccessorImpl.invoke(Unknown Source)
at sun.reflect.DelegatingMethodAccessorImpl.invoke(Unknown Source)
at java.lang.reflect.Method.invoke(Unknown Source)
at org.testng.internal.MethodInvocationHelper.invokeMethod(MethodInvocationHelper.java:133)
at org.testng.internal.TestInvoker.invokeMethod(TestInvoker.java:584)
at org.testng.internal.TestInvoker.invokeTestMethod(TestInvoker.java:172)
at org.testng.internal.MethodRunner.runInSequence(MethodRunner.java:46)
at org.testng.internal.TestInvoker$MethodInvocationAgent.invoke(TestInvoker.java:804)
at org.testng.internal.TestInvoker.invokeTestMethods(TestInvoker.java:145)
at org.testng.internal.TestMethodWorker.invokeTestMethods(TestMethodWorker.java:146)
at org.testng.internal.TestMethodWorker.run(TestMethodWorker.java:128)
at java.util.ArrayList.forEach(Unknown Source)
at org.testng.TestRunner.privateRun(TestRunner.java:770)
at org.testng.TestRunner.run(TestRunner.java:591)
at org.testng.SuiteRunner.runTest(SuiteRunner.java:402)
at org.testng.SuiteRunner.runSequentially(SuiteRunner.java:396)
at org.testng.SuiteRunner.privateRun(SuiteRunner.java:355)
at org.testng.SuiteRunner.run(SuiteRunner.java:304)
at org.testng.SuiteRunnerWorker.runSuite(SuiteRunnerWorker.java:53)
at org.testng.SuiteRunnerWorker.run(SuiteRunnerWorker.java:96)
at org.testng.TestNG.runSuitesSequentially(TestNG.java:1180)
at org.testng.TestNG.runSuitesLocally(TestNG.java:1102)
at org.testng.TestNG.runSuites(TestNG.java:1032)
at org.testng.TestNG.run(TestNG.java:1000)
at org.testng.remote.AbstractRemoteTestNG.run(AbstractRemoteTestNG.java:115)
at org.testng.remote.RemoteTestNG.initAndRun(RemoteTestNG.java:251)
at org.testng.remote.RemoteTestNG.main(RemoteTestNG.java:77)
]]>
    </failure>
  </testcase> <!-- database -->
</testsuite> <!-- com.tetherfi.test.CEPEventMappingTest -->
