<?xml version="1.0" encoding="UTF-8"?>
<!-- Generated by org.testng.reporters.JUnitReportReporter -->
<testsuite skipped="0" hostname="TTF-BLR-SANTOSHKOUJALAGI" name="com.tetherfi.test.UserOnBoardingAgentCreateTest" tests="3" failures="0" timestamp="2021-08-01T21:57:59 IST" time="279.076" errors="0">
  <testcase name="AddNewUserOnBoardingRecord" time="139.279" classname="com.tetherfi.test.UserOnBoardingAgentCreateTest"/>
  <testcase name="VerifySendForApprovalForAddNewUserOnBoarding" time="67.138" classname="com.tetherfi.test.UserOnBoardingAgentCreateTest"/>
  <testcase name="ApproveforAddNewUserOnBoardingRecord" time="72.659" classname="com.tetherfi.test.UserOnBoardingAgentCreateTest"/>
</testsuite> <!-- com.tetherfi.test.UserOnBoardingAgentCreateTest -->
