<?xml version="1.0" encoding="UTF-8"?>
<!-- Generated by org.testng.reporters.JUnitReportReporter -->
<testsuite skipped="1" hostname="TTF-BLR-SANTOSHKOUJALAGI" name="com.tetherfi.test.tmac.WorkCodeListTest" tests="37" failures="2" timestamp="2021-07-22T01:38:06 IST" time="710.750" errors="0">
  <testcase name="WorkCodeListPage" time="8.296" classname="com.tetherfi.test.tmac.WorkCodeListTest"/>
  <testcase name="addNewWorkGroupListCancelRecord" time="15.898" classname="com.tetherfi.test.tmac.WorkCodeListTest"/>
  <testcase name="addNewWorkGroupListRecord" time="17.501" classname="com.tetherfi.test.tmac.WorkCodeListTest"/>
  <testcase name="addNewWorkcodeListCancelRecord" time="22.188" classname="com.tetherfi.test.tmac.WorkCodeListTest"/>
  <testcase name="addNewWorkcodeListRecord" time="21.296" classname="com.tetherfi.test.tmac.WorkCodeListTest"/>
  <testcase name="VerifyAuditTrialReportForCreate" time="49.342" classname="com.tetherfi.test.tmac.WorkCodeListTest"/>
  <testcase name="addInvalidRecordWithoutWorkLevel" time="10.855" classname="com.tetherfi.test.tmac.WorkCodeListTest"/>
  <testcase name="addInvalidRecordWithoutWorkGroup" time="17.034" classname="com.tetherfi.test.tmac.WorkCodeListTest"/>
  <testcase name="addInvalidRecordWithoutName" time="23.081" classname="com.tetherfi.test.tmac.WorkCodeListTest"/>
  <testcase name="editWorkCodeListCancelRecord" time="15.817" classname="com.tetherfi.test.tmac.WorkCodeListTest"/>
  <testcase name="editWorkCodeListRecord" time="16.937" classname="com.tetherfi.test.tmac.WorkCodeListTest"/>
  <testcase name="VerifyAuditTrialReportForUpdate" time="46.207" classname="com.tetherfi.test.tmac.WorkCodeListTest">
    <failure type="java.lang.AssertionError" message="did not expect to find [true] but found [false]">
      <![CDATA[java.lang.AssertionError: did not expect to find [true] but found [false]
at org.testng.Assert.fail(Assert.java:97)
at org.testng.Assert.failNotEquals(Assert.java:969)
at org.testng.Assert.assertTrue(Assert.java:43)
at org.testng.Assert.assertTrue(Assert.java:53)
at com.tetherfi.test.tmac.WorkCodeListTest.VerifyAuditTrialReportForUpdate(WorkCodeListTest.java:206)
at sun.reflect.NativeMethodAccessorImpl.invoke0(Native Method)
at sun.reflect.NativeMethodAccessorImpl.invoke(Unknown Source)
at sun.reflect.DelegatingMethodAccessorImpl.invoke(Unknown Source)
at java.lang.reflect.Method.invoke(Unknown Source)
at org.testng.internal.MethodInvocationHelper.invokeMethod(MethodInvocationHelper.java:133)
at org.testng.internal.TestInvoker.invokeMethod(TestInvoker.java:584)
at org.testng.internal.TestInvoker.invokeTestMethod(TestInvoker.java:172)
at org.testng.internal.MethodRunner.runInSequence(MethodRunner.java:46)
at org.testng.internal.TestInvoker$MethodInvocationAgent.invoke(TestInvoker.java:804)
at org.testng.internal.TestInvoker.invokeTestMethods(TestInvoker.java:145)
at org.testng.internal.TestMethodWorker.invokeTestMethods(TestMethodWorker.java:146)
at org.testng.internal.TestMethodWorker.run(TestMethodWorker.java:128)
at java.util.ArrayList.forEach(Unknown Source)
at org.testng.TestRunner.privateRun(TestRunner.java:770)
at org.testng.TestRunner.run(TestRunner.java:591)
at org.testng.SuiteRunner.runTest(SuiteRunner.java:402)
at org.testng.SuiteRunner.runSequentially(SuiteRunner.java:396)
at org.testng.SuiteRunner.privateRun(SuiteRunner.java:355)
at org.testng.SuiteRunner.run(SuiteRunner.java:304)
at org.testng.SuiteRunnerWorker.runSuite(SuiteRunnerWorker.java:53)
at org.testng.SuiteRunnerWorker.run(SuiteRunnerWorker.java:96)
at org.testng.TestNG.runSuitesSequentially(TestNG.java:1180)
at org.testng.TestNG.runSuitesLocally(TestNG.java:1102)
at org.testng.TestNG.runSuites(TestNG.java:1032)
at org.testng.TestNG.run(TestNG.java:1000)
at org.testng.remote.AbstractRemoteTestNG.run(AbstractRemoteTestNG.java:115)
at org.testng.remote.RemoteTestNG.initAndRun(RemoteTestNG.java:251)
at org.testng.remote.RemoteTestNG.main(RemoteTestNG.java:77)
]]>
    </failure>
  </testcase> <!-- VerifyAuditTrialReportForUpdate -->
  <testcase name="searchPage" time="13.102" classname="com.tetherfi.test.tmac.WorkCodeListTest"/>
  <testcase name="VerifySearchIsNotEqualTo" time="24.412" classname="com.tetherfi.test.tmac.WorkCodeListTest"/>
  <testcase name="VerifySearchContains" time="19.566" classname="com.tetherfi.test.tmac.WorkCodeListTest"/>
  <testcase name="VerifySearchDoesNotContains" time="20.383" classname="com.tetherfi.test.tmac.WorkCodeListTest"/>
  <testcase name="VerifySearchStartsWith" time="25.097" classname="com.tetherfi.test.tmac.WorkCodeListTest"/>
  <testcase name="VerifySearchEndsWith" time="18.717" classname="com.tetherfi.test.tmac.WorkCodeListTest"/>
  <testcase name="DeleteWorkCodeListCancelRecord" time="18.646" classname="com.tetherfi.test.tmac.WorkCodeListTest"/>
  <testcase name="DeleteWorkCodeListRecord" time="21.257" classname="com.tetherfi.test.tmac.WorkCodeListTest"/>
  <testcase name="VerifyauditTrailReportDelete" time="48.109" classname="com.tetherfi.test.tmac.WorkCodeListTest"/>
  <testcase name="SearchClearSearch" time="14.374" classname="com.tetherfi.test.tmac.WorkCodeListTest"/>
  <testcase name="ExportToExcel" time="11.170" classname="com.tetherfi.test.tmac.WorkCodeListTest"/>
  <testcase name="ExportToExcelData" time="11.675" classname="com.tetherfi.test.tmac.WorkCodeListTest"/>
  <testcase name="database" time="19.338" classname="com.tetherfi.test.tmac.WorkCodeListTest">
    <failure type="java.lang.AssertionError" message="did not expect to find [true] but found [false]">
      <![CDATA[java.lang.AssertionError: did not expect to find [true] but found [false]
at org.testng.Assert.fail(Assert.java:97)
at org.testng.Assert.failNotEquals(Assert.java:969)
at org.testng.Assert.assertTrue(Assert.java:43)
at org.testng.Assert.assertTrue(Assert.java:53)
at com.tetherfi.test.tmac.WorkCodeListTest.database(WorkCodeListTest.java:336)
at sun.reflect.NativeMethodAccessorImpl.invoke0(Native Method)
at sun.reflect.NativeMethodAccessorImpl.invoke(Unknown Source)
at sun.reflect.DelegatingMethodAccessorImpl.invoke(Unknown Source)
at java.lang.reflect.Method.invoke(Unknown Source)
at org.testng.internal.MethodInvocationHelper.invokeMethod(MethodInvocationHelper.java:133)
at org.testng.internal.TestInvoker.invokeMethod(TestInvoker.java:584)
at org.testng.internal.TestInvoker.invokeTestMethod(TestInvoker.java:172)
at org.testng.internal.MethodRunner.runInSequence(MethodRunner.java:46)
at org.testng.internal.TestInvoker$MethodInvocationAgent.invoke(TestInvoker.java:804)
at org.testng.internal.TestInvoker.invokeTestMethods(TestInvoker.java:145)
at org.testng.internal.TestMethodWorker.invokeTestMethods(TestMethodWorker.java:146)
at org.testng.internal.TestMethodWorker.run(TestMethodWorker.java:128)
at java.util.ArrayList.forEach(Unknown Source)
at org.testng.TestRunner.privateRun(TestRunner.java:770)
at org.testng.TestRunner.run(TestRunner.java:591)
at org.testng.SuiteRunner.runTest(SuiteRunner.java:402)
at org.testng.SuiteRunner.runSequentially(SuiteRunner.java:396)
at org.testng.SuiteRunner.privateRun(SuiteRunner.java:355)
at org.testng.SuiteRunner.run(SuiteRunner.java:304)
at org.testng.SuiteRunnerWorker.runSuite(SuiteRunnerWorker.java:53)
at org.testng.SuiteRunnerWorker.run(SuiteRunnerWorker.java:96)
at org.testng.TestNG.runSuitesSequentially(TestNG.java:1180)
at org.testng.TestNG.runSuitesLocally(TestNG.java:1102)
at org.testng.TestNG.runSuites(TestNG.java:1032)
at org.testng.TestNG.run(TestNG.java:1000)
at org.testng.remote.AbstractRemoteTestNG.run(AbstractRemoteTestNG.java:115)
at org.testng.remote.RemoteTestNG.initAndRun(RemoteTestNG.java:251)
at org.testng.remote.RemoteTestNG.main(RemoteTestNG.java:77)
]]>
    </failure>
  </testcase> <!-- database -->
  <testcase name="GroupBy" time="9.799" classname="com.tetherfi.test.tmac.WorkCodeListTest"/>
  <testcase name="VerifyArrowMoveForPreviousAndNextPage" time="19.927" classname="com.tetherfi.test.tmac.WorkCodeListTest"/>
  <testcase name="VerifyArrowMoveForFirstAndLastPage" time="15.152" classname="com.tetherfi.test.tmac.WorkCodeListTest"/>
  <testcase name="VerifyTotalNumberOfItemsPerPageDetails" time="8.203" classname="com.tetherfi.test.tmac.WorkCodeListTest"/>
  <testcase name="VerifyNumberOfItemsPerPageSelection" time="20.602" classname="com.tetherfi.test.tmac.WorkCodeListTest"/>
  <testcase name="VerifyDropdownForAllTheColumns" time="16.660" classname="com.tetherfi.test.tmac.WorkCodeListTest"/>
  <testcase name="VerifyColumnsHeaderEnable" time="14.870" classname="com.tetherfi.test.tmac.WorkCodeListTest"/>
  <testcase name="VerifyColumnsHeaderDisable" time="18.082" classname="com.tetherfi.test.tmac.WorkCodeListTest"/>
  <testcase name="SortingByAscending" time="15.973" classname="com.tetherfi.test.tmac.WorkCodeListTest"/>
  <testcase name="SortingByDescending" time="15.577" classname="com.tetherfi.test.tmac.WorkCodeListTest"/>
  <testcase name="ExporttoExcelWithoutData" time="25.607" classname="com.tetherfi.test.tmac.WorkCodeListTest"/>
  <testcase name="addDuplicateRecord" classname="com.tetherfi.test.tmac.WorkCodeListTest">
    <skipped/>
  </testcase> <!-- addDuplicateRecord -->
</testsuite> <!-- com.tetherfi.test.tmac.WorkCodeListTest -->
