<?xml version="1.0" encoding="UTF-8"?>
<!-- Generated by org.testng.reporters.JUnitReportReporter -->
<testsuite skipped="0" hostname="LAPTOP-NKH1C2HF" name="com.tetherfi.test.RoleBasedAccessManagementUpdateTest" tests="16" failures="1" timestamp="2021-05-12T10:40:45 IST" time="704.576" errors="0">
  <testcase name="EditCancelRoleBasedAccessManagementRecord" time="59.555" classname="com.tetherfi.test.RoleBasedAccessManagementUpdateTest"/>
  <testcase name="EditRevertRoleBasedAccessManagementRecord" time="35.863" classname="com.tetherfi.test.RoleBasedAccessManagementUpdateTest"/>
  <testcase name="VerifyRevertForEditRecord" time="29.626" classname="com.tetherfi.test.RoleBasedAccessManagementUpdateTest"/>
  <testcase name="VerifyAuditTrialReportForRevertUpdate" time="62.460" classname="com.tetherfi.test.RoleBasedAccessManagementUpdateTest"/>
  <testcase name="EditRejectRecord" time="35.395" classname="com.tetherfi.test.RoleBasedAccessManagementUpdateTest"/>
  <testcase name="VerifySendForApprovalForEditRejectRecord" time="36.575" classname="com.tetherfi.test.RoleBasedAccessManagementUpdateTest"/>
  <testcase name="RejectforEditRoleBasedAccessManagementRecord" time="31.547" classname="com.tetherfi.test.RoleBasedAccessManagementUpdateTest"/>
  <testcase name="VerifyAuditTrailReportForReject" time="50.912" classname="com.tetherfi.test.RoleBasedAccessManagementUpdateTest"/>
  <testcase name="EditRoleBasedAccessManagementRecord" time="35.702" classname="com.tetherfi.test.RoleBasedAccessManagementUpdateTest"/>
  <testcase name="VerifyAuditTrailDataForEditRoleBasedAccessManagementRecord" time="28.730" classname="com.tetherfi.test.RoleBasedAccessManagementUpdateTest">
    <failure type="java.lang.AssertionError" message="Audit trail details failed did not expect to find [true] but found [false]">
      <![CDATA[java.lang.AssertionError: Audit trail details failed did not expect to find [true] but found [false]
at org.testng.Assert.fail(Assert.java:97)
at org.testng.Assert.failNotEquals(Assert.java:969)
at org.testng.Assert.assertTrue(Assert.java:43)
at com.tetherfi.test.RoleBasedAccessManagementUpdateTest.VerifyAuditTrailDataForEditRoleBasedAccessManagementRecord(RoleBasedAccessManagementUpdateTest.java:166)
at sun.reflect.NativeMethodAccessorImpl.invoke0(Native Method)
at sun.reflect.NativeMethodAccessorImpl.invoke(Unknown Source)
at sun.reflect.DelegatingMethodAccessorImpl.invoke(Unknown Source)
at java.lang.reflect.Method.invoke(Unknown Source)
at org.testng.internal.MethodInvocationHelper.invokeMethod(MethodInvocationHelper.java:133)
at org.testng.internal.TestInvoker.invokeMethod(TestInvoker.java:584)
at org.testng.internal.TestInvoker.invokeTestMethod(TestInvoker.java:172)
at org.testng.internal.MethodRunner.runInSequence(MethodRunner.java:46)
at org.testng.internal.TestInvoker$MethodInvocationAgent.invoke(TestInvoker.java:804)
at org.testng.internal.TestInvoker.invokeTestMethods(TestInvoker.java:145)
at org.testng.internal.TestMethodWorker.invokeTestMethods(TestMethodWorker.java:146)
at org.testng.internal.TestMethodWorker.run(TestMethodWorker.java:128)
at java.util.ArrayList.forEach(Unknown Source)
at org.testng.TestRunner.privateRun(TestRunner.java:770)
at org.testng.TestRunner.run(TestRunner.java:591)
at org.testng.SuiteRunner.runTest(SuiteRunner.java:402)
at org.testng.SuiteRunner.runSequentially(SuiteRunner.java:396)
at org.testng.SuiteRunner.privateRun(SuiteRunner.java:355)
at org.testng.SuiteRunner.run(SuiteRunner.java:304)
at org.testng.SuiteRunnerWorker.runSuite(SuiteRunnerWorker.java:53)
at org.testng.SuiteRunnerWorker.run(SuiteRunnerWorker.java:96)
at org.testng.TestNG.runSuitesSequentially(TestNG.java:1180)
at org.testng.TestNG.runSuitesLocally(TestNG.java:1102)
at org.testng.TestNG.runSuites(TestNG.java:1032)
at org.testng.TestNG.run(TestNG.java:1000)
at org.testng.remote.AbstractRemoteTestNG.run(AbstractRemoteTestNG.java:115)
at org.testng.remote.RemoteTestNG.initAndRun(RemoteTestNG.java:251)
at org.testng.remote.RemoteTestNG.main(RemoteTestNG.java:77)
]]>
    </failure>
  </testcase> <!-- VerifyAuditTrailDataForEditRoleBasedAccessManagementRecord -->
  <testcase name="VerifyAuditTrialReportForUpdate" time="64.754" classname="com.tetherfi.test.RoleBasedAccessManagementUpdateTest"/>
  <testcase name="VerifySendForApprovalForEditRecord" time="35.062" classname="com.tetherfi.test.RoleBasedAccessManagementUpdateTest"/>
  <testcase name="VerifyAuditTrialReportForSendForApprovalUpdate" time="55.041" classname="com.tetherfi.test.RoleBasedAccessManagementUpdateTest"/>
  <testcase name="ApproveforEditRoleBasedAccessManagementRecord" time="36.204" classname="com.tetherfi.test.RoleBasedAccessManagementUpdateTest"/>
  <testcase name="VerifyAuditTrailReportForApprove" time="52.996" classname="com.tetherfi.test.RoleBasedAccessManagementUpdateTest"/>
  <testcase name="EditRecordWithoutModifyReason" time="54.154" classname="com.tetherfi.test.RoleBasedAccessManagementUpdateTest"/>
</testsuite> <!-- com.tetherfi.test.RoleBasedAccessManagementUpdateTest -->
