<?xml version="1.0" encoding="UTF-8"?>
<!-- Generated by org.testng.reporters.JUnitReportReporter -->
<testsuite hostname="admin" failures="0" tests="5" name="com.tetherfi.test.tmac.AgentSettingsJsonTest" time="22.669" errors="1" timestamp="31 Mar 2019 07:12:46 GMT" skipped="4">
  <testcase classname="com.tetherfi.test.tmac.AgentSettingsJsonTest" name="VerifyJsonDataForMandatoryField" time="0.001">
    <skipped/>
  </testcase> <!-- VerifyJsonDataForMandatoryField -->
  <testcase classname="com.tetherfi.test.tmac.AgentSettingsJsonTest" name="VerifyJsonDataForColumnIncludeGrid" time="0.000">
    <skipped/>
  </testcase> <!-- VerifyJsonDataForColumnIncludeGrid -->
  <testcase classname="com.tetherfi.test.tmac.AgentSettingsJsonTest" name="VerifyJsonDataForGridColumnHidden" time="0.000">
    <skipped/>
  </testcase> <!-- VerifyJsonDataForGridColumnHidden -->
  <testcase classname="com.tetherfi.test.tmac.AgentSettingsJsonTest" name="VerifyJsonDataForMakerAndChecker" time="0.000">
    <skipped/>
  </testcase> <!-- VerifyJsonDataForMakerAndChecker -->
  <testcase classname="com.tetherfi.test.tmac.AgentSettingsJsonTest" name="NavigateToAgentSettingsPage" time="22.668">
    <error type="java.lang.NullPointerException">
      <![CDATA[java.lang.NullPointerException
	at java.base/java.lang.reflect.Method.invoke(Unknown Source)
	at org.openqa.selenium.support.pagefactory.internal.LocatingElementHandler.invoke(LocatingElementHandler.java:51)
	at com.sun.proxy.$Proxy14.isDisplayed(Unknown Source)
	at org.openqa.selenium.support.ui.ExpectedConditions.elementIfVisible(ExpectedConditions.java:302)
	at org.openqa.selenium.support.ui.ExpectedConditions.access$100(ExpectedConditions.java:44)
	at org.openqa.selenium.support.ui.ExpectedConditions$10.apply(ExpectedConditions.java:288)
	at org.openqa.selenium.support.ui.ExpectedConditions$10.apply(ExpectedConditions.java:285)
	at org.openqa.selenium.support.ui.FluentWait.until(FluentWait.java:209)
	at com.tetherfi.pages.BasePage.waitUntilWebElementIsVisible(BasePage.java:121)
	at com.tetherfi.pages.BasePage.selectWebElement(BasePage.java:171)
	at com.tetherfi.pages.HomePage.navigateToOCMPage(HomePage.java:60)
	at com.tetherfi.test.tmac.AgentSettingsJsonTest.NavigateToAgentSettingsPage(AgentSettingsJsonTest.java:27)
	at java.base/jdk.internal.reflect.NativeMethodAccessorImpl.invoke0(Native Method)
	at java.base/jdk.internal.reflect.NativeMethodAccessorImpl.invoke(Unknown Source)
	at java.base/jdk.internal.reflect.DelegatingMethodAccessorImpl.invoke(Unknown Source)
	at java.base/java.lang.reflect.Method.invoke(Unknown Source)
	at org.testng.internal.MethodInvocationHelper.invokeMethod(MethodInvocationHelper.java:108)
	at org.testng.internal.Invoker.invokeConfigurationMethod(Invoker.java:523)
	at org.testng.internal.Invoker.invokeConfigurations(Invoker.java:224)
	at org.testng.internal.Invoker.invokeMethod(Invoker.java:599)
	at org.testng.internal.Invoker.invokeTestMethod(Invoker.java:869)
	at org.testng.internal.Invoker.invokeTestMethods(Invoker.java:1193)
	at org.testng.internal.TestMethodWorker.invokeTestMethods(TestMethodWorker.java:126)
	at org.testng.internal.TestMethodWorker.run(TestMethodWorker.java:109)
	at org.testng.TestRunner.privateRun(TestRunner.java:744)
	at org.testng.TestRunner.run(TestRunner.java:602)
	at org.testng.SuiteRunner.runTest(SuiteRunner.java:380)
	at org.testng.SuiteRunner.runSequentially(SuiteRunner.java:375)
	at org.testng.SuiteRunner.privateRun(SuiteRunner.java:340)
	at org.testng.SuiteRunner.run(SuiteRunner.java:289)
	at org.testng.SuiteRunnerWorker.runSuite(SuiteRunnerWorker.java:52)
	at org.testng.SuiteRunnerWorker.run(SuiteRunnerWorker.java:86)
	at org.testng.TestNG.runSuitesSequentially(TestNG.java:1301)
	at org.testng.TestNG.runSuitesLocally(TestNG.java:1226)
	at org.testng.TestNG.runSuites(TestNG.java:1144)
	at org.testng.TestNG.run(TestNG.java:1115)
	at org.testng.remote.AbstractRemoteTestNG.run(AbstractRemoteTestNG.java:114)
	at org.testng.remote.RemoteTestNG.initAndRun(RemoteTestNG.java:251)
	at org.testng.remote.RemoteTestNG.main(RemoteTestNG.java:77)
]]>
    </error>
  </testcase> <!-- NavigateToAgentSettingsPage -->
</testsuite> <!-- com.tetherfi.test.tmac.AgentSettingsJsonTest -->
