<?xml version="1.0" encoding="UTF-8"?>
<!-- Generated by org.testng.reporters.JUnitReportReporter -->
<testsuite skipped="0" hostname="DESKTOP-NJVBPFB" name="com.tetherfi.test.ivr.MenuDescriptionMappingTest" tests="3" failures="0" timestamp="2020-05-08T10:18:10 IST" time="40.299" errors="0">
  <testcase name="AddNewMenuDescriptionMappingRecord" time="9.741" classname="com.tetherfi.test.ivr.MenuDescriptionMappingTest"/>
  <testcase name="EditMenuDescriptionMappingRecord" time="15.000" classname="com.tetherfi.test.ivr.MenuDescriptionMappingTest"/>
  <testcase name="DeleteMenuDescriptionMappingRecord" time="15.558" classname="com.tetherfi.test.ivr.MenuDescriptionMappingTest"/>
</testsuite> <!-- com.tetherfi.test.ivr.MenuDescriptionMappingTest -->
