<?xml version="1.0" encoding="UTF-8"?>
<!-- Generated by org.testng.reporters.JUnitReportReporter -->
<testsuite hostname="DESKTOP-O6A5C2O" failures="0" tests="20" name="com.tetherfi.test.RoleBasedAccessManagementCreateTest" time="895.935" errors="1" timestamp="2020-01-03T15:01:50 IST" skipped="0">
  <testcase classname="com.tetherfi.test.RoleBasedAccessManagementCreateTest" name="VerifyAddCancelButton" time="38.617"/>
  <testcase classname="com.tetherfi.test.RoleBasedAccessManagementCreateTest" name="VerifyAddRecordWithoutRole" time="36.701"/>
  <testcase classname="com.tetherfi.test.RoleBasedAccessManagementCreateTest" name="AddRevertRecord" time="38.379"/>
  <testcase classname="com.tetherfi.test.RoleBasedAccessManagementCreateTest" name="VerifyRevertForAddNewRecord" time="40.843"/>
  <testcase classname="com.tetherfi.test.RoleBasedAccessManagementCreateTest" name="VerifyApprovedDataSectionWithoutApproval" time="35.830"/>
  <testcase classname="com.tetherfi.test.RoleBasedAccessManagementCreateTest" name="VerifyAuditTrailReportForRevert" time="57.953"/>
  <testcase classname="com.tetherfi.test.RoleBasedAccessManagementCreateTest" name="AddRejectRecord" time="34.726"/>
  <testcase classname="com.tetherfi.test.RoleBasedAccessManagementCreateTest" name="VerifySendForApprovalForAddNewRecord" time="43.786"/>
  <testcase classname="com.tetherfi.test.RoleBasedAccessManagementCreateTest" name="RejectforAddNewNewRoleBasedAccessManagementRecord" time="48.445"/>
  <testcase classname="com.tetherfi.test.RoleBasedAccessManagementCreateTest" name="VerifyAuditTrailReportForReject" time="56.434"/>
  <testcase classname="com.tetherfi.test.RoleBasedAccessManagementCreateTest" name="VerifyRecordAfterRejection" time="39.025">
    <error message="stale element reference: element is not attached to the page document
  (Session info: chrome=79.0.3945.88)
For documentation on this error, please visit: https://www.seleniumhq.org/exceptions/stale_element_reference.html
Build info: version: &#039;3.141.59&#039;, revision: &#039;e82be7d358&#039;, time: &#039;2018-11-14T08:17:03&#039;
System info: host: &#039;DESKTOP-O6A5C2O&#039;, ip: &#039;10.0.75.1&#039;, os.name: &#039;Windows 10&#039;, os.arch: &#039;amd64&#039;, os.version: &#039;10.0&#039;, java.version: &#039;9.0.4&#039;
Driver info: org.openqa.selenium.chrome.ChromeDriver
Capabilities {acceptInsecureCerts: false, browserName: chrome, browserVersion: 79.0.3945.88, chrome: {chromedriverVersion: 78.0.3904.70 (edb9c9f3de024..., userDataDir: C:\Users\admin\AppData\Loca...}, goog:chromeOptions: {debuggerAddress: localhost:61893}, javascriptEnabled: true, networkConnectionEnabled: false, pageLoadStrategy: normal, platform: XP, platformName: XP, proxy: Proxy(), setWindowRect: true, strictFileInteractability: false, timeouts: {implicit: 0, pageLoad: 300000, script: 30000}, unhandledPromptBehavior: dismiss and notify}
Session ID: 757e1ab0876956319c06f2f551378650" type="org.openqa.selenium.StaleElementReferenceException">
      <![CDATA[org.openqa.selenium.StaleElementReferenceException: stale element reference: element is not attached to the page document
  (Session info: chrome=79.0.3945.88)
For documentation on this error, please visit: https://www.seleniumhq.org/exceptions/stale_element_reference.html
Build info: version: '3.141.59', revision: 'e82be7d358', time: '2018-11-14T08:17:03'
System info: host: 'DESKTOP-O6A5C2O', ip: '10.0.75.1', os.name: 'Windows 10', os.arch: 'amd64', os.version: '10.0', java.version: '9.0.4'
Driver info: org.openqa.selenium.chrome.ChromeDriver
Capabilities {acceptInsecureCerts: false, browserName: chrome, browserVersion: 79.0.3945.88, chrome: {chromedriverVersion: 78.0.3904.70 (edb9c9f3de024..., userDataDir: C:\Users\admin\AppData\Loca...}, goog:chromeOptions: {debuggerAddress: localhost:61893}, javascriptEnabled: true, networkConnectionEnabled: false, pageLoadStrategy: normal, platform: XP, platformName: XP, proxy: Proxy(), setWindowRect: true, strictFileInteractability: false, timeouts: {implicit: 0, pageLoad: 300000, script: 30000}, unhandledPromptBehavior: dismiss and notify}
Session ID: 757e1ab0876956319c06f2f551378650
at java.base/jdk.internal.reflect.NativeConstructorAccessorImpl.newInstance0(Native Method)
at java.base/jdk.internal.reflect.NativeConstructorAccessorImpl.newInstance(Unknown Source)
at java.base/jdk.internal.reflect.DelegatingConstructorAccessorImpl.newInstance(Unknown Source)
at java.base/java.lang.reflect.Constructor.newInstance(Unknown Source)
at org.openqa.selenium.remote.http.W3CHttpResponseCodec.createException(W3CHttpResponseCodec.java:187)
at org.openqa.selenium.remote.http.W3CHttpResponseCodec.decode(W3CHttpResponseCodec.java:122)
at org.openqa.selenium.remote.http.W3CHttpResponseCodec.decode(W3CHttpResponseCodec.java:49)
at org.openqa.selenium.remote.HttpCommandExecutor.execute(HttpCommandExecutor.java:158)
at org.openqa.selenium.remote.service.DriverCommandExecutor.execute(DriverCommandExecutor.java:83)
at org.openqa.selenium.remote.RemoteWebDriver.execute(RemoteWebDriver.java:552)
at org.openqa.selenium.remote.RemoteWebElement.execute(RemoteWebElement.java:285)
at org.openqa.selenium.remote.RemoteWebElement.isDisplayed(RemoteWebElement.java:326)
at org.openqa.selenium.support.ui.ExpectedConditions.elementIfVisible(ExpectedConditions.java:314)
at org.openqa.selenium.support.ui.ExpectedConditions.access$000(ExpectedConditions.java:43)
at org.openqa.selenium.support.ui.ExpectedConditions$10.apply(ExpectedConditions.java:300)
at org.openqa.selenium.support.ui.ExpectedConditions$10.apply(ExpectedConditions.java:297)
at org.openqa.selenium.support.ui.FluentWait.until(FluentWait.java:249)
at com.tetherfi.pages.BasePage.waitUntilWebElementListIsVisible(BasePage.java:139)
at com.tetherfi.pages.BasePage.selectDropdownFromVisibleText(BasePage.java:335)
at com.tetherfi.pages.RoleBasedAccessManagementPage.searchRoleBasedAccessManagementRecordApprovedData(RoleBasedAccessManagementPage.java:916)
at com.tetherfi.pages.RoleBasedAccessManagementPage.verifyApprovedSectionData(RoleBasedAccessManagementPage.java:904)
at com.tetherfi.test.RoleBasedAccessManagementCreateTest.VerifyRecordAfterRejection(RoleBasedAccessManagementCreateTest.java:175)
at java.base/jdk.internal.reflect.NativeMethodAccessorImpl.invoke0(Native Method)
at java.base/jdk.internal.reflect.NativeMethodAccessorImpl.invoke(Unknown Source)
at java.base/jdk.internal.reflect.DelegatingMethodAccessorImpl.invoke(Unknown Source)
at java.base/java.lang.reflect.Method.invoke(Unknown Source)
at org.testng.internal.MethodInvocationHelper.invokeMethod(MethodInvocationHelper.java:133)
at org.testng.internal.TestInvoker.invokeMethod(TestInvoker.java:584)
at org.testng.internal.TestInvoker.invokeTestMethod(TestInvoker.java:172)
at org.testng.internal.MethodRunner.runInSequence(MethodRunner.java:46)
at org.testng.internal.TestInvoker$MethodInvocationAgent.invoke(TestInvoker.java:804)
at org.testng.internal.TestInvoker.invokeTestMethods(TestInvoker.java:145)
at org.testng.internal.TestMethodWorker.invokeTestMethods(TestMethodWorker.java:146)
at org.testng.internal.TestMethodWorker.run(TestMethodWorker.java:128)
at java.base/java.util.ArrayList.forEach(Unknown Source)
at org.testng.TestRunner.privateRun(TestRunner.java:770)
at org.testng.TestRunner.run(TestRunner.java:591)
at org.testng.SuiteRunner.runTest(SuiteRunner.java:402)
at org.testng.SuiteRunner.runSequentially(SuiteRunner.java:396)
at org.testng.SuiteRunner.privateRun(SuiteRunner.java:355)
at org.testng.SuiteRunner.run(SuiteRunner.java:304)
at org.testng.SuiteRunnerWorker.runSuite(SuiteRunnerWorker.java:53)
at org.testng.SuiteRunnerWorker.run(SuiteRunnerWorker.java:96)
at org.testng.TestNG.runSuitesSequentially(TestNG.java:1180)
at org.testng.TestNG.runSuitesLocally(TestNG.java:1102)
at org.testng.TestNG.runSuites(TestNG.java:1032)
at org.testng.TestNG.run(TestNG.java:1000)
at org.testng.remote.AbstractRemoteTestNG.run(AbstractRemoteTestNG.java:115)
at org.testng.remote.RemoteTestNG.initAndRun(RemoteTestNG.java:251)
at org.testng.remote.RemoteTestNG.main(RemoteTestNG.java:77)
]]>
    </error>
  </testcase> <!-- VerifyRecordAfterRejection -->
  <testcase classname="com.tetherfi.test.RoleBasedAccessManagementCreateTest" name="AddNewNewRoleBasedAccessManagementRecord" time="36.617"/>
  <testcase classname="com.tetherfi.test.RoleBasedAccessManagementCreateTest" name="VerifyAuditTrailReportForCreate" time="57.532"/>
  <testcase classname="com.tetherfi.test.RoleBasedAccessManagementCreateTest" name="VerifyAuditTrailDataForAddNewNewRoleBasedAccessManagementRecord" time="40.581"/>
  <testcase classname="com.tetherfi.test.RoleBasedAccessManagementCreateTest" name="VerifySendForApprovalForAddNewNewRoleBasedAccessManagementRecord" time="44.464"/>
  <testcase classname="com.tetherfi.test.RoleBasedAccessManagementCreateTest" name="VerifyAuditTrailReportForSendForApproval" time="55.927"/>
  <testcase classname="com.tetherfi.test.RoleBasedAccessManagementCreateTest" name="ApproveforAddNewNewRoleBasedAccessManagementRecord" time="45.224"/>
  <testcase classname="com.tetherfi.test.RoleBasedAccessManagementCreateTest" name="VerifyAuditTrailReportForApprove" time="56.741"/>
  <testcase classname="com.tetherfi.test.RoleBasedAccessManagementCreateTest" name="VerifyRecordApprovedDataSectionafterApproval" time="36.374"/>
  <testcase classname="com.tetherfi.test.RoleBasedAccessManagementCreateTest" name="AddDuplicateRecord" time="51.736"/>
</testsuite> <!-- com.tetherfi.test.RoleBasedAccessManagementCreateTest -->
