<?xml version="1.0" encoding="UTF-8"?>
<!-- Generated by org.testng.reporters.JUnitReportReporter -->
<testsuite hostname="DESKTOP-O6A5C2O" failures="1" tests="39" name="com.tetherfi.test.ivr.MenuDescriptionMappingTest" time="552.136" errors="0" timestamp="2019-12-24T15:01:18 IST" skipped="0">
  <testcase classname="com.tetherfi.test.ivr.MenuDescriptionMappingTest" name="MenuDescriptionMappingPage" time="6.640"/>
  <testcase classname="com.tetherfi.test.ivr.MenuDescriptionMappingTest" name="VerifyDropdownForAllTheColumns" time="13.495"/>
  <testcase classname="com.tetherfi.test.ivr.MenuDescriptionMappingTest" name="VerifyColumnsHeaderEnable" time="9.975"/>
  <testcase classname="com.tetherfi.test.ivr.MenuDescriptionMappingTest" name="VerifyColumnsHeaderDisable" time="10.591"/>
  <testcase classname="com.tetherfi.test.ivr.MenuDescriptionMappingTest" name="AddNewMenuDescriptionMappingRecord" time="7.733"/>
  <testcase classname="com.tetherfi.test.ivr.MenuDescriptionMappingTest" name="AddDuplicateMenuDescriptionMappingRecord" time="7.885"/>
  <testcase classname="com.tetherfi.test.ivr.MenuDescriptionMappingTest" name="VerifyAuditTrialReportForCreate" time="29.259"/>
  <testcase classname="com.tetherfi.test.ivr.MenuDescriptionMappingTest" name="AddEmptyRecord" time="6.574"/>
  <testcase classname="com.tetherfi.test.ivr.MenuDescriptionMappingTest" name="AddRecordWithoutMenuID" time="6.609"/>
  <testcase classname="com.tetherfi.test.ivr.MenuDescriptionMappingTest" name="AddRecordWithoutMenuName" time="8.556"/>
  <testcase classname="com.tetherfi.test.ivr.MenuDescriptionMappingTest" name="AddRecordWithoutIntent" time="7.298"/>
  <testcase classname="com.tetherfi.test.ivr.MenuDescriptionMappingTest" name="VerifyCancelBtnAtAddRecord" time="49.557"/>
  <testcase classname="com.tetherfi.test.ivr.MenuDescriptionMappingTest" name="EditMenuDescriptionMappingRecord" time="12.086"/>
  <testcase classname="com.tetherfi.test.ivr.MenuDescriptionMappingTest" name="VerifyAuditTrialReportForUpdate" time="28.060"/>
  <testcase classname="com.tetherfi.test.ivr.MenuDescriptionMappingTest" name="EditWithoutModifyReasonRecord" time="14.099"/>
  <testcase classname="com.tetherfi.test.ivr.MenuDescriptionMappingTest" name="VerifyCancelBtnAtEditRecord" time="53.060"/>
  <testcase classname="com.tetherfi.test.ivr.MenuDescriptionMappingTest" name="searchPage" time="10.391"/>
  <testcase classname="com.tetherfi.test.ivr.MenuDescriptionMappingTest" name="VerifySearchIsNotEqualTo" time="12.604"/>
  <testcase classname="com.tetherfi.test.ivr.MenuDescriptionMappingTest" name="VerifySearchContains" time="9.733"/>
  <testcase classname="com.tetherfi.test.ivr.MenuDescriptionMappingTest" name="VerifySearchDoesNotContains" time="11.955"/>
  <testcase classname="com.tetherfi.test.ivr.MenuDescriptionMappingTest" name="VerifySearchStartsWith" time="9.423"/>
  <testcase classname="com.tetherfi.test.ivr.MenuDescriptionMappingTest" name="VerifySearchEndsWith" time="10.623"/>
  <testcase classname="com.tetherfi.test.ivr.MenuDescriptionMappingTest" name="searchwithoutSearchTextbox" time="8.585"/>
  <testcase classname="com.tetherfi.test.ivr.MenuDescriptionMappingTest" name="ExportToExcel" time="7.978"/>
  <testcase classname="com.tetherfi.test.ivr.MenuDescriptionMappingTest" name="ExportToExcelData" time="6.992"/>
  <testcase classname="com.tetherfi.test.ivr.MenuDescriptionMappingTest" name="DeleteWithoutDeleteReasonRecord" time="11.522"/>
  <testcase classname="com.tetherfi.test.ivr.MenuDescriptionMappingTest" name="VerifyCancelBtnAtDeleteMenuDescriptionMappingRecord" time="53.269"/>
  <testcase classname="com.tetherfi.test.ivr.MenuDescriptionMappingTest" name="DeleteMenuDescriptionMappingRecord" time="12.533"/>
  <testcase classname="com.tetherfi.test.ivr.MenuDescriptionMappingTest" name="VerifyAuditTrialReportForDelete" time="27.008"/>
  <testcase classname="com.tetherfi.test.ivr.MenuDescriptionMappingTest" name="SearchClearSearch" time="10.387"/>
  <testcase classname="com.tetherfi.test.ivr.MenuDescriptionMappingTest" name="ExporttoExcelWithoutData" time="11.738"/>
  <testcase classname="com.tetherfi.test.ivr.MenuDescriptionMappingTest" name="SortingByAscending" time="10.096"/>
  <testcase classname="com.tetherfi.test.ivr.MenuDescriptionMappingTest" name="SortingByDescending" time="9.912"/>
  <testcase classname="com.tetherfi.test.ivr.MenuDescriptionMappingTest" name="GroupBy" time="8.787"/>
  <testcase classname="com.tetherfi.test.ivr.MenuDescriptionMappingTest" name="VerifyArrowMoveForPreviousAndNextPage" time="5.645"/>
  <testcase classname="com.tetherfi.test.ivr.MenuDescriptionMappingTest" name="VerifyArrowMoveForFirstAndLastPage" time="6.598"/>
  <testcase classname="com.tetherfi.test.ivr.MenuDescriptionMappingTest" name="VerifyTotalNumberOfItemsPerPageDetails" time="5.995">
    <failure message="item per page assertion failed did not expect to find [true] but found [false]" type="java.lang.AssertionError">
      <![CDATA[java.lang.AssertionError: item per page assertion failed did not expect to find [true] but found [false]
at org.testng.Assert.fail(Assert.java:97)
at org.testng.Assert.failNotEquals(Assert.java:969)
at org.testng.Assert.assertTrue(Assert.java:43)
at com.tetherfi.test.ivr.MenuDescriptionMappingTest.VerifyTotalNumberOfItemsPerPageDetails(MenuDescriptionMappingTest.java:390)
at java.base/jdk.internal.reflect.NativeMethodAccessorImpl.invoke0(Native Method)
at java.base/jdk.internal.reflect.NativeMethodAccessorImpl.invoke(Unknown Source)
at java.base/jdk.internal.reflect.DelegatingMethodAccessorImpl.invoke(Unknown Source)
at java.base/java.lang.reflect.Method.invoke(Unknown Source)
at org.testng.internal.MethodInvocationHelper.invokeMethod(MethodInvocationHelper.java:133)
at org.testng.internal.TestInvoker.invokeMethod(TestInvoker.java:584)
at org.testng.internal.TestInvoker.invokeTestMethod(TestInvoker.java:172)
at org.testng.internal.MethodRunner.runInSequence(MethodRunner.java:46)
at org.testng.internal.TestInvoker$MethodInvocationAgent.invoke(TestInvoker.java:804)
at org.testng.internal.TestInvoker.invokeTestMethods(TestInvoker.java:145)
at org.testng.internal.TestMethodWorker.invokeTestMethods(TestMethodWorker.java:146)
at org.testng.internal.TestMethodWorker.run(TestMethodWorker.java:128)
at java.base/java.util.ArrayList.forEach(Unknown Source)
at org.testng.TestRunner.privateRun(TestRunner.java:770)
at org.testng.TestRunner.run(TestRunner.java:591)
at org.testng.SuiteRunner.runTest(SuiteRunner.java:402)
at org.testng.SuiteRunner.runSequentially(SuiteRunner.java:396)
at org.testng.SuiteRunner.privateRun(SuiteRunner.java:355)
at org.testng.SuiteRunner.run(SuiteRunner.java:304)
at org.testng.SuiteRunnerWorker.runSuite(SuiteRunnerWorker.java:53)
at org.testng.SuiteRunnerWorker.run(SuiteRunnerWorker.java:96)
at org.testng.TestNG.runSuitesSequentially(TestNG.java:1180)
at org.testng.TestNG.runSuitesLocally(TestNG.java:1102)
at org.testng.TestNG.runSuites(TestNG.java:1032)
at org.testng.TestNG.run(TestNG.java:1000)
at org.testng.remote.AbstractRemoteTestNG.run(AbstractRemoteTestNG.java:115)
at org.testng.remote.RemoteTestNG.initAndRun(RemoteTestNG.java:251)
at org.testng.remote.RemoteTestNG.main(RemoteTestNG.java:77)
]]>
    </failure>
  </testcase> <!-- VerifyTotalNumberOfItemsPerPageDetails -->
  <testcase classname="com.tetherfi.test.ivr.MenuDescriptionMappingTest" name="VerifyNumberOfItemsPerPageSelection" time="10.244"/>
  <testcase classname="com.tetherfi.test.ivr.MenuDescriptionMappingTest" name="database" time="8.641"/>
</testsuite> <!-- com.tetherfi.test.ivr.MenuDescriptionMappingTest -->
