<?xml version="1.0" encoding="UTF-8"?>
<!-- Generated by org.testng.reporters.JUnitReportReporter -->
<testsuite skipped="0" hostname="TTF-BLR-SANTOSHKOUJALAGI" name="com.tetherfi.test.reports.OCMTimelineReportTest" tests="1" failures="0" timestamp="2021-09-03T12:23:56 IST" time="17.613" errors="0">
  <testcase name="ExportOcmTimelineReport" time="17.613" classname="com.tetherfi.test.reports.OCMTimelineReportTest"/>
</testsuite> <!-- com.tetherfi.test.reports.OCMTimelineReportTest -->
