<?xml version="1.0" encoding="UTF-8"?>
<!-- Generated by org.testng.reporters.JUnitReportReporter -->
<testsuite hostname="DESKTOP-O6A5C2O" failures="0" tests="1" name="com.tetherfi.test.ivr.VBEnrollmentFlagTest" time="7.749" errors="0" timestamp="2019-11-11T15:30:50 IST" skipped="0">
  <testcase classname="com.tetherfi.test.ivr.VBEnrollmentFlagTest" name="AddRecordWithoutEnrollmentFlag" time="7.749"/>
</testsuite> <!-- com.tetherfi.test.ivr.VBEnrollmentFlagTest -->
