<?xml version="1.0" encoding="UTF-8"?>
<!-- Generated by org.testng.reporters.JUnitReportReporter -->
<testsuite hostname="DESKTOP-O6A5C2O" failures="0" tests="2" name="com.tetherfi.test.ivr.AdhocOptionEnhancementTest" time="43.039" errors="0" timestamp="2019-11-05T16:37:12 IST" skipped="0">
  <testcase classname="com.tetherfi.test.ivr.AdhocOptionEnhancementTest" name="AddAdhocOptionEnhancementRecordWithoutPromotionNameWavfile" time="21.331"/>
  <testcase classname="com.tetherfi.test.ivr.AdhocOptionEnhancementTest" name="AddAdhocOptionEnhancementRecordWithoutPromotionDetailsWavfile" time="21.708"/>
</testsuite> <!-- com.tetherfi.test.ivr.AdhocOptionEnhancementTest -->
