<?xml version="1.0" encoding="UTF-8"?>
<!-- Generated by org.testng.reporters.JUnitReportReporter -->
<testsuite hostname="DESKTOP-O6A5C2O" failures="0" tests="16" name="com.tetherfi.test.ivr.HostValueMappingDeleteTest" time="732.654" errors="0" timestamp="2020-04-06T19:12:24 IST" skipped="0">
  <testcase classname="com.tetherfi.test.ivr.HostValueMappingDeleteTest" name="DeleteCancelHostValueMappingRecord" time="37.289"/>
  <testcase classname="com.tetherfi.test.ivr.HostValueMappingDeleteTest" name="DeleteWithoutModifyReasonRecord" time="40.497"/>
  <testcase classname="com.tetherfi.test.ivr.HostValueMappingDeleteTest" name="DeleteRecord" time="41.673"/>
  <testcase classname="com.tetherfi.test.ivr.HostValueMappingDeleteTest" name="VerifyRevertForDeleteRecord" time="42.791"/>
  <testcase classname="com.tetherfi.test.ivr.HostValueMappingDeleteTest" name="VerifyAuditTrialReportForRevertDelete" time="57.434"/>
  <testcase classname="com.tetherfi.test.ivr.HostValueMappingDeleteTest" name="RejectDeleteRecord" time="41.482"/>
  <testcase classname="com.tetherfi.test.ivr.HostValueMappingDeleteTest" name="VerifySendForApprovalForDeleteNewRecord" time="41.103"/>
  <testcase classname="com.tetherfi.test.ivr.HostValueMappingDeleteTest" name="RejectforDeleteHostValueMappingRecord" time="42.192"/>
  <testcase classname="com.tetherfi.test.ivr.HostValueMappingDeleteTest" name="VerifyAuditTrailReportForReject" time="49.978"/>
  <testcase classname="com.tetherfi.test.ivr.HostValueMappingDeleteTest" name="DeleteHostValueMappingRecord" time="42.704"/>
  <testcase classname="com.tetherfi.test.ivr.HostValueMappingDeleteTest" name="VerifyAuditTrialReportForDelete" time="56.208"/>
  <testcase classname="com.tetherfi.test.ivr.HostValueMappingDeleteTest" name="VerifyAuditTrailDataForDeleteHostValueMappingRecord" time="35.825"/>
  <testcase classname="com.tetherfi.test.ivr.HostValueMappingDeleteTest" name="VerifySendForApprovalForDeleteRecord" time="42.697"/>
  <testcase classname="com.tetherfi.test.ivr.HostValueMappingDeleteTest" name="VerifyAuditTrailReportForSendForApprove" time="61.484"/>
  <testcase classname="com.tetherfi.test.ivr.HostValueMappingDeleteTest" name="ApproveforDeleteHostValueMappingRecord" time="44.880"/>
  <testcase classname="com.tetherfi.test.ivr.HostValueMappingDeleteTest" name="VerifyAuditTrailReportForApprove" time="54.417"/>
</testsuite> <!-- com.tetherfi.test.ivr.HostValueMappingDeleteTest -->
