<?xml version="1.0" encoding="UTF-8"?>
<!-- Generated by org.testng.reporters.JUnitReportReporter -->
<testsuite skipped="0" hostname="TTF-BLR-SANTOSHKOUJALAGI" name="com.tetherfi.test.UserRoleMappingDeleteTest" tests="15" failures="0" timestamp="2021-08-01T19:10:56 IST" time="975.366" errors="0">
  <testcase name="DeleteCancelUserRoleMappingRecord" time="42.506" classname="com.tetherfi.test.UserRoleMappingDeleteTest"/>
  <testcase name="DeleteWithoutModifyReasonRecord" time="67.183" classname="com.tetherfi.test.UserRoleMappingDeleteTest"/>
  <testcase name="DeleteRecord" time="68.873" classname="com.tetherfi.test.UserRoleMappingDeleteTest"/>
  <testcase name="VerifyRevertForDeleteRecord" time="68.125" classname="com.tetherfi.test.UserRoleMappingDeleteTest"/>
  <testcase name="VerifyAuditTrialReportForRevertDelete" time="89.074" classname="com.tetherfi.test.UserRoleMappingDeleteTest"/>
  <testcase name="RejectDeleteRecord" time="45.362" classname="com.tetherfi.test.UserRoleMappingDeleteTest"/>
  <testcase name="VerifySendForApprovalForRejectDeleteNewRecord" time="49.603" classname="com.tetherfi.test.UserRoleMappingDeleteTest"/>
  <testcase name="RejectforDeleteUserRoleMappingRecord" time="66.988" classname="com.tetherfi.test.UserRoleMappingDeleteTest"/>
  <testcase name="VerifyAuditTrailReportForReject" time="63.021" classname="com.tetherfi.test.UserRoleMappingDeleteTest"/>
  <testcase name="DeleteUserRoleMappingRecord" time="84.238" classname="com.tetherfi.test.UserRoleMappingDeleteTest"/>
  <testcase name="VerifyAuditTrialReportForDelete" time="92.451" classname="com.tetherfi.test.UserRoleMappingDeleteTest"/>
  <testcase name="VerifyAuditTrailDataForDeleteUserRoleMappingRecord" time="36.381" classname="com.tetherfi.test.UserRoleMappingDeleteTest"/>
  <testcase name="VerifySendForApprovalForDeleteNewRecord" time="48.916" classname="com.tetherfi.test.UserRoleMappingDeleteTest"/>
  <testcase name="ApproveforDeleteUserRoleMappingRecord" time="67.092" classname="com.tetherfi.test.UserRoleMappingDeleteTest"/>
  <testcase name="VerifyAuditTrailReportForApprove" time="85.553" classname="com.tetherfi.test.UserRoleMappingDeleteTest"/>
</testsuite> <!-- com.tetherfi.test.UserRoleMappingDeleteTest -->
