<?xml version="1.0" encoding="UTF-8"?>
<!-- Generated by org.testng.reporters.JUnitReportReporter -->
<testsuite skipped="0" hostname="TTF-BLR-SANTOSHKOUJALAGI" name="com.tetherfi.test.tmac.AgentSettingsDeleteTest" tests="19" failures="0" timestamp="2021-08-10T02:10:46 IST" time="973.461" errors="0">
  <testcase name="DeleteCancelAgentSettingsRecord" time="44.920" classname="com.tetherfi.test.tmac.AgentSettingsDeleteTest"/>
  <testcase name="DeleteRevertAgentSettingsRecord" time="44.767" classname="com.tetherfi.test.tmac.AgentSettingsDeleteTest"/>
  <testcase name="VerifyRevertForDeleteRecord" time="45.814" classname="com.tetherfi.test.tmac.AgentSettingsDeleteTest"/>
  <testcase name="VerifyAuditTrialReportForRevertDelete" time="70.207" classname="com.tetherfi.test.tmac.AgentSettingsDeleteTest"/>
  <testcase name="RejectDeleteRecord" time="43.367" classname="com.tetherfi.test.tmac.AgentSettingsDeleteTest"/>
  <testcase name="VerifySendForApprovalForDeleteNewRecord" time="45.168" classname="com.tetherfi.test.tmac.AgentSettingsDeleteTest"/>
  <testcase name="RejectforDeleteAgentSettingsRecord" time="40.917" classname="com.tetherfi.test.tmac.AgentSettingsDeleteTest"/>
  <testcase name="VerifyAuditTrailReportForReject" time="66.583" classname="com.tetherfi.test.tmac.AgentSettingsDeleteTest"/>
  <testcase name="DeleteAgentSettingsRecord" time="55.767" classname="com.tetherfi.test.tmac.AgentSettingsDeleteTest"/>
  <testcase name="VerifyAuditTrialReportForDelete" time="65.806" classname="com.tetherfi.test.tmac.AgentSettingsDeleteTest"/>
  <testcase name="VerifyAuditTrailDataForDeleteAgentSettingsRecord" time="36.038" classname="com.tetherfi.test.tmac.AgentSettingsDeleteTest"/>
  <testcase name="VerifySendForApprovalForDeleteRecord" time="44.821" classname="com.tetherfi.test.tmac.AgentSettingsDeleteTest"/>
  <testcase name="VerifyAuditTrailReportForSendForApprove" time="66.081" classname="com.tetherfi.test.tmac.AgentSettingsDeleteTest"/>
  <testcase name="ApproveforDeleteAgentSettingsRecord" time="40.156" classname="com.tetherfi.test.tmac.AgentSettingsDeleteTest"/>
  <testcase name="VerifyAuditTrailReportForApprove" time="67.187" classname="com.tetherfi.test.tmac.AgentSettingsDeleteTest"/>
  <testcase name="DeleteAgentSettingsSupervisorRecord" time="43.141" classname="com.tetherfi.test.tmac.AgentSettingsDeleteTest"/>
  <testcase name="VerifySendForApprovalForDeleteSupervisorRecord" time="43.130" classname="com.tetherfi.test.tmac.AgentSettingsDeleteTest"/>
  <testcase name="ApproveforDeleteAgentSettingsSupervisorRecord" time="41.108" classname="com.tetherfi.test.tmac.AgentSettingsDeleteTest"/>
  <testcase name="VerifyAuditTrailReportForSupervisorApprove" time="68.483" classname="com.tetherfi.test.tmac.AgentSettingsDeleteTest"/>
</testsuite> <!-- com.tetherfi.test.tmac.AgentSettingsDeleteTest -->
