<?xml version="1.0" encoding="UTF-8"?>
<!-- Generated by org.testng.reporters.JUnitReportReporter -->
<testsuite hostname="DESKTOP-O6A5C2O" failures="1" tests="39" name="com.tetherfi.test.ivr.CallBackAnnouncementTest" time="444.958" errors="0" timestamp="2019-12-02T14:08:20 IST" skipped="0">
  <testcase classname="com.tetherfi.test.ivr.CallBackAnnouncementTest" name="CallbackAnnouncementPage" time="5.733"/>
  <testcase classname="com.tetherfi.test.ivr.CallBackAnnouncementTest" name="VerifyDropdownForAllTheColumns" time="14.560"/>
  <testcase classname="com.tetherfi.test.ivr.CallBackAnnouncementTest" name="VerifyColumnsHeaderEnable" time="9.569"/>
  <testcase classname="com.tetherfi.test.ivr.CallBackAnnouncementTest" name="VerifyColumnsHeaderDisable" time="9.970"/>
  <testcase classname="com.tetherfi.test.ivr.CallBackAnnouncementTest" name="AddNewCallbackAnnouncementCancelRecord" time="16.877"/>
  <testcase classname="com.tetherfi.test.ivr.CallBackAnnouncementTest" name="AddNewCallbackAnnouncementRecord" time="15.353"/>
  <testcase classname="com.tetherfi.test.ivr.CallBackAnnouncementTest" name="VerifyAuditTrialReportForCreate" time="26.836"/>
  <testcase classname="com.tetherfi.test.ivr.CallBackAnnouncementTest" name="AddDuplicateCallBackAnnouncementRecord" time="15.359"/>
  <testcase classname="com.tetherfi.test.ivr.CallBackAnnouncementTest" name="AddNewCallbackAnnouncementWithoutWavFile" time="10.483"/>
  <testcase classname="com.tetherfi.test.ivr.CallBackAnnouncementTest" name="AddNewCallbackAnnouncementWithoutStartTime" time="14.714"/>
  <testcase classname="com.tetherfi.test.ivr.CallBackAnnouncementTest" name="AddNewCallbackAnnouncementWithoutEndTime" time="14.595"/>
  <testcase classname="com.tetherfi.test.ivr.CallBackAnnouncementTest" name="AddNewCallbackAnnouncementWithoutLanguage" time="13.824"/>
  <testcase classname="com.tetherfi.test.ivr.CallBackAnnouncementTest" name="VerifySearchIsNotEqualTo" time="8.966"/>
  <testcase classname="com.tetherfi.test.ivr.CallBackAnnouncementTest" name="VerifySearchContains" time="12.920"/>
  <testcase classname="com.tetherfi.test.ivr.CallBackAnnouncementTest" name="VerifySearchDoesNotContains" time="8.721"/>
  <testcase classname="com.tetherfi.test.ivr.CallBackAnnouncementTest" name="VerifySearchStartsWith" time="8.885"/>
  <testcase classname="com.tetherfi.test.ivr.CallBackAnnouncementTest" name="VerifySearchEndsWith" time="9.995"/>
  <testcase classname="com.tetherfi.test.ivr.CallBackAnnouncementTest" name="EditCallBackAnnouncementRecord" time="12.662"/>
  <testcase classname="com.tetherfi.test.ivr.CallBackAnnouncementTest" name="VerifyAuditTrialReportForUpdate" time="26.929"/>
  <testcase classname="com.tetherfi.test.ivr.CallBackAnnouncementTest" name="EditWithoutModifyReasonCallbackannouncementRecord" time="12.399"/>
  <testcase classname="com.tetherfi.test.ivr.CallBackAnnouncementTest" name="VerifyCancelButtonAtEditCallbackAnnouncementRecord" time="14.193"/>
  <testcase classname="com.tetherfi.test.ivr.CallBackAnnouncementTest" name="searchPage" time="8.261"/>
  <testcase classname="com.tetherfi.test.ivr.CallBackAnnouncementTest" name="searchwithoutSearchTextbox" time="7.412"/>
  <testcase classname="com.tetherfi.test.ivr.CallBackAnnouncementTest" name="DeleteWithoutDeleteReasonRecord" time="9.482"/>
  <testcase classname="com.tetherfi.test.ivr.CallBackAnnouncementTest" name="VerifyCancelButtonDeleteRecord" time="10.574"/>
  <testcase classname="com.tetherfi.test.ivr.CallBackAnnouncementTest" name="DeleteCallbackAnnouncementRecord" time="11.423"/>
  <testcase classname="com.tetherfi.test.ivr.CallBackAnnouncementTest" name="VerifyAuditTrialReportForDelete" time="26.230"/>
  <testcase classname="com.tetherfi.test.ivr.CallBackAnnouncementTest" name="ExportToExcel" time="7.337"/>
  <testcase classname="com.tetherfi.test.ivr.CallBackAnnouncementTest" name="ExportToExcelData" time="6.554"/>
  <testcase classname="com.tetherfi.test.ivr.CallBackAnnouncementTest" name="SearchClearSearch" time="8.972"/>
  <testcase classname="com.tetherfi.test.ivr.CallBackAnnouncementTest" name="ExporttoExcelWithoutData" time="8.724"/>
  <testcase classname="com.tetherfi.test.ivr.CallBackAnnouncementTest" name="SortingByAscending" time="8.865"/>
  <testcase classname="com.tetherfi.test.ivr.CallBackAnnouncementTest" name="SortingByDescending" time="9.071"/>
  <testcase classname="com.tetherfi.test.ivr.CallBackAnnouncementTest" name="GroupBy" time="8.238"/>
  <testcase classname="com.tetherfi.test.ivr.CallBackAnnouncementTest" name="VerifyArrowMoveForPreviousAndNextPage" time="4.831"/>
  <testcase classname="com.tetherfi.test.ivr.CallBackAnnouncementTest" name="VerifyArrowMoveForFirstAndLastPage" time="5.684"/>
  <testcase classname="com.tetherfi.test.ivr.CallBackAnnouncementTest" name="VerifyTotalNumberOfItemsPerPageDetails" time="4.824"/>
  <testcase classname="com.tetherfi.test.ivr.CallBackAnnouncementTest" name="VerifyNumberOfItemsPerPageSelection" time="7.846">
    <failure message="item per page assertion failed did not expect to find [true] but found [false]" type="java.lang.AssertionError">
      <![CDATA[java.lang.AssertionError: item per page assertion failed did not expect to find [true] but found [false]
at org.testng.Assert.fail(Assert.java:97)
at org.testng.Assert.failNotEquals(Assert.java:969)
at org.testng.Assert.assertTrue(Assert.java:43)
at com.tetherfi.test.ivr.CallBackAnnouncementTest.VerifyNumberOfItemsPerPageSelection(CallBackAnnouncementTest.java:393)
at java.base/jdk.internal.reflect.NativeMethodAccessorImpl.invoke0(Native Method)
at java.base/jdk.internal.reflect.NativeMethodAccessorImpl.invoke(Unknown Source)
at java.base/jdk.internal.reflect.DelegatingMethodAccessorImpl.invoke(Unknown Source)
at java.base/java.lang.reflect.Method.invoke(Unknown Source)
at org.testng.internal.MethodInvocationHelper.invokeMethod(MethodInvocationHelper.java:133)
at org.testng.internal.TestInvoker.invokeMethod(TestInvoker.java:584)
at org.testng.internal.TestInvoker.invokeTestMethod(TestInvoker.java:172)
at org.testng.internal.MethodRunner.runInSequence(MethodRunner.java:46)
at org.testng.internal.TestInvoker$MethodInvocationAgent.invoke(TestInvoker.java:804)
at org.testng.internal.TestInvoker.invokeTestMethods(TestInvoker.java:145)
at org.testng.internal.TestMethodWorker.invokeTestMethods(TestMethodWorker.java:146)
at org.testng.internal.TestMethodWorker.run(TestMethodWorker.java:128)
at java.base/java.util.ArrayList.forEach(Unknown Source)
at org.testng.TestRunner.privateRun(TestRunner.java:770)
at org.testng.TestRunner.run(TestRunner.java:591)
at org.testng.SuiteRunner.runTest(SuiteRunner.java:402)
at org.testng.SuiteRunner.runSequentially(SuiteRunner.java:396)
at org.testng.SuiteRunner.privateRun(SuiteRunner.java:355)
at org.testng.SuiteRunner.run(SuiteRunner.java:304)
at org.testng.SuiteRunnerWorker.runSuite(SuiteRunnerWorker.java:53)
at org.testng.SuiteRunnerWorker.run(SuiteRunnerWorker.java:96)
at org.testng.TestNG.runSuitesSequentially(TestNG.java:1180)
at org.testng.TestNG.runSuitesLocally(TestNG.java:1102)
at org.testng.TestNG.runSuites(TestNG.java:1032)
at org.testng.TestNG.run(TestNG.java:1000)
at org.testng.remote.AbstractRemoteTestNG.run(AbstractRemoteTestNG.java:115)
at org.testng.remote.RemoteTestNG.initAndRun(RemoteTestNG.java:251)
at org.testng.remote.RemoteTestNG.main(RemoteTestNG.java:77)
]]>
    </failure>
  </testcase> <!-- VerifyNumberOfItemsPerPageSelection -->
  <testcase classname="com.tetherfi.test.ivr.CallBackAnnouncementTest" name="database" time="7.087"/>
</testsuite> <!-- com.tetherfi.test.ivr.CallBackAnnouncementTest -->
