<?xml version="1.0" encoding="UTF-8"?>
<!-- Generated by org.testng.reporters.JUnitReportReporter -->
<testsuite skipped="0" hostname="TTF-BLR-SANTOSHKOUJALAGI" name="com.tetherfi.test.DashboardColorCodeConfigTest" tests="39" failures="1" timestamp="2021-07-31T15:01:58 IST" time="729.777" errors="0">
  <testcase name="DashboardColorCodeConfigPage" time="11.939" classname="com.tetherfi.test.DashboardColorCodeConfigTest"/>
  <testcase name="AddnewCancel" time="22.837" classname="com.tetherfi.test.DashboardColorCodeConfigTest"/>
  <testcase name="AddNewDashboardColorConfigRecord" time="19.225" classname="com.tetherfi.test.DashboardColorCodeConfigTest"/>
  <testcase name="AddRecordWithoutDashboardName" time="17.135" classname="com.tetherfi.test.DashboardColorCodeConfigTest"/>
  <testcase name="AddRecordWithoutColumnName" time="16.583" classname="com.tetherfi.test.DashboardColorCodeConfigTest"/>
  <testcase name="AddRecordWithoutStartTime" time="17.028" classname="com.tetherfi.test.DashboardColorCodeConfigTest"/>
  <testcase name="AddRecordWithoutEndTime" time="13.349" classname="com.tetherfi.test.DashboardColorCodeConfigTest"/>
  <testcase name="AddRecordWithDuplicate" time="20.396" classname="com.tetherfi.test.DashboardColorCodeConfigTest"/>
  <testcase name="VerifyAuditTrialReportForCreate" time="46.408" classname="com.tetherfi.test.DashboardColorCodeConfigTest"/>
  <testcase name="EditDashboardColorConfigCancelRecord" time="21.506" classname="com.tetherfi.test.DashboardColorCodeConfigTest"/>
  <testcase name="EditWithoutModifyReasonRecord" time="22.232" classname="com.tetherfi.test.DashboardColorCodeConfigTest"/>
  <testcase name="EditDashboardColorConfigRecord" time="26.348" classname="com.tetherfi.test.DashboardColorCodeConfigTest"/>
  <testcase name="VerifyAuditTrialReportForUpdate" time="44.128" classname="com.tetherfi.test.DashboardColorCodeConfigTest"/>
  <testcase name="ExportToExcel" time="11.194" classname="com.tetherfi.test.DashboardColorCodeConfigTest"/>
  <testcase name="ExportToExcelData" time="11.208" classname="com.tetherfi.test.DashboardColorCodeConfigTest"/>
  <testcase name="SortingByAscending" time="13.661" classname="com.tetherfi.test.DashboardColorCodeConfigTest"/>
  <testcase name="SortingByDescending" time="14.752" classname="com.tetherfi.test.DashboardColorCodeConfigTest"/>
  <testcase name="GroupBy" time="9.730" classname="com.tetherfi.test.DashboardColorCodeConfigTest"/>
  <testcase name="VerifyArrowMoveForPreviousAndNextPage" time="8.299" classname="com.tetherfi.test.DashboardColorCodeConfigTest"/>
  <testcase name="VerifyArrowMoveForFirstAndLastPage" time="8.035" classname="com.tetherfi.test.DashboardColorCodeConfigTest"/>
  <testcase name="VerifyTotalNumberOfItemsPerPageDetails" time="8.126" classname="com.tetherfi.test.DashboardColorCodeConfigTest"/>
  <testcase name="VerifyNumberOfItemsPerPageSelection" time="8.899" classname="com.tetherfi.test.DashboardColorCodeConfigTest"/>
  <testcase name="VerifyDropdownForAllTheColumns" time="22.933" classname="com.tetherfi.test.DashboardColorCodeConfigTest"/>
  <testcase name="VerifyColumnsHeaderEnable" time="18.028" classname="com.tetherfi.test.DashboardColorCodeConfigTest"/>
  <testcase name="VerifyColumnsHeaderDisable" time="7.882" classname="com.tetherfi.test.DashboardColorCodeConfigTest"/>
  <testcase name="VerifySearchIsNotEqualTo" time="20.172" classname="com.tetherfi.test.DashboardColorCodeConfigTest"/>
  <testcase name="VerifySearchContains" time="20.281" classname="com.tetherfi.test.DashboardColorCodeConfigTest"/>
  <testcase name="VerifySearchDoesNotContains" time="21.065" classname="com.tetherfi.test.DashboardColorCodeConfigTest"/>
  <testcase name="VerifySearchStartsWith" time="20.253" classname="com.tetherfi.test.DashboardColorCodeConfigTest"/>
  <testcase name="VerifySearchEndsWith" time="21.025" classname="com.tetherfi.test.DashboardColorCodeConfigTest"/>
  <testcase name="searchPageClearAll" time="12.133" classname="com.tetherfi.test.DashboardColorCodeConfigTest"/>
  <testcase name="DeleteCancelRecord" time="17.878" classname="com.tetherfi.test.DashboardColorCodeConfigTest"/>
  <testcase name="DeleteWithoutDeleteReasonRecord" time="19.212" classname="com.tetherfi.test.DashboardColorCodeConfigTest"/>
  <testcase name="DeleteRecord" time="22.141" classname="com.tetherfi.test.DashboardColorCodeConfigTest"/>
  <testcase name="VerifyAuditTrialReportForDelete" time="44.461" classname="com.tetherfi.test.DashboardColorCodeConfigTest"/>
  <testcase name="ExporttoExcelWithoutData" time="16.729" classname="com.tetherfi.test.DashboardColorCodeConfigTest"/>
  <testcase name="database" time="15.844" classname="com.tetherfi.test.DashboardColorCodeConfigTest">
    <failure type="java.lang.AssertionError" message="did not expect to find [true] but found [false]">
      <![CDATA[java.lang.AssertionError: did not expect to find [true] but found [false]
at org.testng.Assert.fail(Assert.java:97)
at org.testng.Assert.failNotEquals(Assert.java:969)
at org.testng.Assert.assertTrue(Assert.java:43)
at org.testng.Assert.assertTrue(Assert.java:53)
at com.tetherfi.test.DashboardColorCodeConfigTest.database(DashboardColorCodeConfigTest.java:375)
at sun.reflect.NativeMethodAccessorImpl.invoke0(Native Method)
at sun.reflect.NativeMethodAccessorImpl.invoke(Unknown Source)
at sun.reflect.DelegatingMethodAccessorImpl.invoke(Unknown Source)
at java.lang.reflect.Method.invoke(Unknown Source)
at org.testng.internal.MethodInvocationHelper.invokeMethod(MethodInvocationHelper.java:133)
at org.testng.internal.TestInvoker.invokeMethod(TestInvoker.java:584)
at org.testng.internal.TestInvoker.invokeTestMethod(TestInvoker.java:172)
at org.testng.internal.MethodRunner.runInSequence(MethodRunner.java:46)
at org.testng.internal.TestInvoker$MethodInvocationAgent.invoke(TestInvoker.java:804)
at org.testng.internal.TestInvoker.invokeTestMethods(TestInvoker.java:145)
at org.testng.internal.TestMethodWorker.invokeTestMethods(TestMethodWorker.java:146)
at org.testng.internal.TestMethodWorker.run(TestMethodWorker.java:128)
at java.util.ArrayList.forEach(Unknown Source)
at org.testng.TestRunner.privateRun(TestRunner.java:770)
at org.testng.TestRunner.run(TestRunner.java:591)
at org.testng.SuiteRunner.runTest(SuiteRunner.java:402)
at org.testng.SuiteRunner.runSequentially(SuiteRunner.java:396)
at org.testng.SuiteRunner.privateRun(SuiteRunner.java:355)
at org.testng.SuiteRunner.run(SuiteRunner.java:304)
at org.testng.SuiteRunnerWorker.runSuite(SuiteRunnerWorker.java:53)
at org.testng.SuiteRunnerWorker.run(SuiteRunnerWorker.java:96)
at org.testng.TestNG.runSuitesSequentially(TestNG.java:1180)
at org.testng.TestNG.runSuitesLocally(TestNG.java:1102)
at org.testng.TestNG.runSuites(TestNG.java:1032)
at org.testng.TestNG.run(TestNG.java:1000)
at org.testng.remote.AbstractRemoteTestNG.run(AbstractRemoteTestNG.java:115)
at org.testng.remote.RemoteTestNG.initAndRun(RemoteTestNG.java:251)
at org.testng.remote.RemoteTestNG.main(RemoteTestNG.java:77)
]]>
    </failure>
  </testcase> <!-- database -->
  <testcase name="SearchClearSearch" time="21.006" classname="com.tetherfi.test.DashboardColorCodeConfigTest"/>
  <testcase name="searchwithoutSearchTextbox" time="15.716" classname="com.tetherfi.test.DashboardColorCodeConfigTest"/>
</testsuite> <!-- com.tetherfi.test.DashboardColorCodeConfigTest -->
