<?xml version="1.0" encoding="UTF-8"?>
<!-- Generated by org.testng.reporters.JUnitReportReporter -->
<testsuite hostname="DESKTOP-O6A5C2O" failures="0" tests="26" name="com.tetherfi.test.UserRoleMappingUITest" time="454.963" errors="0" timestamp="2020-03-06T14:50:58 IST" skipped="0">
  <testcase classname="com.tetherfi.test.UserRoleMappingUITest" name="UserRoleMappingPage" time="6.695"/>
  <testcase classname="com.tetherfi.test.UserRoleMappingUITest" name="VerifyUserRoleMappingApprovedDataPage" time="8.010"/>
  <testcase classname="com.tetherfi.test.UserRoleMappingUITest" name="VerifyUserRoleMappingAuditTrailDataPage" time="10.890"/>
  <testcase classname="com.tetherfi.test.UserRoleMappingUITest" name="VerifyMakeUserRoleMappingChangeButton" time="16.337"/>
  <testcase classname="com.tetherfi.test.UserRoleMappingUITest" name="VerifyDropdownForAllTheColumns" time="28.382"/>
  <testcase classname="com.tetherfi.test.UserRoleMappingUITest" name="VerifyColumnsHeaderEnable" time="30.033"/>
  <testcase classname="com.tetherfi.test.UserRoleMappingUITest" name="VerifyColumnsHeaderDisable" time="17.581"/>
  <testcase classname="com.tetherfi.test.UserRoleMappingUITest" name="VerifyArrowMoveForPreviousAndNextPage" time="15.031"/>
  <testcase classname="com.tetherfi.test.UserRoleMappingUITest" name="VerifyArrowMoveForFirstAndLastPage" time="15.965"/>
  <testcase classname="com.tetherfi.test.UserRoleMappingUITest" name="VerifyTotalNumberOfItemsPerPageDetails" time="15.877"/>
  <testcase classname="com.tetherfi.test.UserRoleMappingUITest" name="VerifyNumberOfItemsPerPageSelection" time="21.979"/>
  <testcase classname="com.tetherfi.test.UserRoleMappingUITest" name="ExportToExcel" time="18.582"/>
  <testcase classname="com.tetherfi.test.UserRoleMappingUITest" name="ExportToExcelData" time="18.386"/>
  <testcase classname="com.tetherfi.test.UserRoleMappingUITest" name="VerifyExportToExcelWithoutData" time="21.698"/>
  <testcase classname="com.tetherfi.test.UserRoleMappingUITest" name="SortingByAscending" time="21.796"/>
  <testcase classname="com.tetherfi.test.UserRoleMappingUITest" name="SortingByDescending" time="22.535"/>
  <testcase classname="com.tetherfi.test.UserRoleMappingUITest" name="VerifyDragAndDrop" time="16.703"/>
  <testcase classname="com.tetherfi.test.UserRoleMappingUITest" name="VerifyDragAndDropofAlreadyGroupedHeader" time="17.270"/>
  <testcase classname="com.tetherfi.test.UserRoleMappingUITest" name="searchPage" time="8.974"/>
  <testcase classname="com.tetherfi.test.UserRoleMappingUITest" name="searchwithoutSearchTextbox" time="8.064"/>
  <testcase classname="com.tetherfi.test.UserRoleMappingUITest" name="SearchClearSearch" time="9.732"/>
  <testcase classname="com.tetherfi.test.UserRoleMappingUITest" name="VerifySearchIsNotEqualTo" time="21.955"/>
  <testcase classname="com.tetherfi.test.UserRoleMappingUITest" name="VerifySearchContains" time="21.017"/>
  <testcase classname="com.tetherfi.test.UserRoleMappingUITest" name="VerifySearchDoesNotContains" time="20.504"/>
  <testcase classname="com.tetherfi.test.UserRoleMappingUITest" name="VerifySearchStartsWith" time="20.536"/>
  <testcase classname="com.tetherfi.test.UserRoleMappingUITest" name="VerifySearchEndsWith" time="20.431"/>
</testsuite> <!-- com.tetherfi.test.UserRoleMappingUITest -->
