<?xml version="1.0" encoding="UTF-8"?>
<!-- Generated by org.testng.reporters.JUnitReportReporter -->
<testsuite skipped="0" hostname="TTF-BLR-SANTOSHKOUJALAGI" name="com.tetherfi.test.fax.FaxAutoACKConfigurationTest" tests="22" failures="0" timestamp="2021-10-20T07:20:54 IST" time="218.937" errors="0">
  <testcase name="AddCancelAutoAckConfigRecord" time="2.408" classname="com.tetherfi.test.fax.FaxAutoACKConfigurationTest"/>
  <testcase name="AddNewAutoAckConfigRecord" time="8.500" classname="com.tetherfi.test.fax.FaxAutoACKConfigurationTest"/>
  <testcase name="DuplicateRecord" time="8.932" classname="com.tetherfi.test.fax.FaxAutoACKConfigurationTest"/>
  <testcase name="AddRecordWithoutFaxLine" time="8.706" classname="com.tetherfi.test.fax.FaxAutoACKConfigurationTest"/>
  <testcase name="AddRecordWithoutSenderType" time="6.936" classname="com.tetherfi.test.fax.FaxAutoACKConfigurationTest"/>
  <testcase name="AddRecordWithoutName" time="8.091" classname="com.tetherfi.test.fax.FaxAutoACKConfigurationTest"/>
  <testcase name="AddRecordWithoutStatus" time="7.864" classname="com.tetherfi.test.fax.FaxAutoACKConfigurationTest"/>
  <testcase name="AddRecordWithoutTemplate" time="7.217" classname="com.tetherfi.test.fax.FaxAutoACKConfigurationTest"/>
  <testcase name="GroupBy" time="4.711" classname="com.tetherfi.test.fax.FaxAutoACKConfigurationTest"/>
  <testcase name="EditCancelFaxAutoACKConfigRecord" time="6.730" classname="com.tetherfi.test.fax.FaxAutoACKConfigurationTest"/>
  <testcase name="EditFaxAutoAckConfigRecord" time="8.526" classname="com.tetherfi.test.fax.FaxAutoACKConfigurationTest"/>
  <testcase name="EditInvalidRecord" time="9.511" classname="com.tetherfi.test.fax.FaxAutoACKConfigurationTest"/>
  <testcase name="ExportToExcel" time="3.438" classname="com.tetherfi.test.fax.FaxAutoACKConfigurationTest"/>
  <testcase name="ExportToExcelData" time="4.878" classname="com.tetherfi.test.fax.FaxAutoACKConfigurationTest"/>
  <testcase name="AddDuplicateFaxlineDifferentSenderType" time="8.426" classname="com.tetherfi.test.fax.FaxAutoACKConfigurationTest"/>
  <testcase name="DeleteCancelFaxAutoAckConfigRecord" time="6.569" classname="com.tetherfi.test.fax.FaxAutoACKConfigurationTest"/>
  <testcase name="DeleteFaxAutoAckConfigRecord" time="8.571" classname="com.tetherfi.test.fax.FaxAutoACKConfigurationTest"/>
  <testcase name="DeleteInvalidRecord" time="7.521" classname="com.tetherfi.test.fax.FaxAutoACKConfigurationTest"/>
  <testcase name="database" time="7.469" classname="com.tetherfi.test.fax.FaxAutoACKConfigurationTest"/>
  <testcase name="VerifyAuditTrialReportForCreate" time="27.511" classname="com.tetherfi.test.fax.FaxAutoACKConfigurationTest"/>
  <testcase name="VerifyAuditTrialReportForUpdate" time="28.079" classname="com.tetherfi.test.fax.FaxAutoACKConfigurationTest"/>
  <testcase name="VerifyAuditTrialReportForDelete" time="28.343" classname="com.tetherfi.test.fax.FaxAutoACKConfigurationTest"/>
</testsuite> <!-- com.tetherfi.test.fax.FaxAutoACKConfigurationTest -->
