<?xml version="1.0" encoding="UTF-8"?>
<!-- Generated by org.testng.reporters.JUnitReportReporter -->
<testsuite hostname="admin" failures="1" tests="16" name="com.tetherfi.test.RoleBasedAccessManagementUpdateTest" time="718.044" errors="0" timestamp="2021-06-03T22:06:50 IST" skipped="0">
  <testcase classname="com.tetherfi.test.RoleBasedAccessManagementUpdateTest" name="EditCancelRoleBasedAccessManagementRecord" time="36.098"/>
  <testcase classname="com.tetherfi.test.RoleBasedAccessManagementUpdateTest" name="EditRevertRoleBasedAccessManagementRecord" time="42.280"/>
  <testcase classname="com.tetherfi.test.RoleBasedAccessManagementUpdateTest" name="VerifyRevertForEditRecord" time="34.510"/>
  <testcase classname="com.tetherfi.test.RoleBasedAccessManagementUpdateTest" name="VerifyAuditTrialReportForRevertUpdate" time="58.575"/>
  <testcase classname="com.tetherfi.test.RoleBasedAccessManagementUpdateTest" name="EditRejectRecord" time="41.735"/>
  <testcase classname="com.tetherfi.test.RoleBasedAccessManagementUpdateTest" name="VerifySendForApprovalForEditRejectRecord" time="34.709"/>
  <testcase classname="com.tetherfi.test.RoleBasedAccessManagementUpdateTest" name="RejectforEditRoleBasedAccessManagementRecord" time="40.666"/>
  <testcase classname="com.tetherfi.test.RoleBasedAccessManagementUpdateTest" name="VerifyAuditTrailReportForReject" time="64.353"/>
  <testcase classname="com.tetherfi.test.RoleBasedAccessManagementUpdateTest" name="EditRoleBasedAccessManagementRecord" time="40.926"/>
  <testcase classname="com.tetherfi.test.RoleBasedAccessManagementUpdateTest" name="VerifyAuditTrailDataForEditRoleBasedAccessManagementRecord" time="33.350">
    <failure message="Audit trail details failed did not expect to find [true] but found [false]" type="java.lang.AssertionError">
      <![CDATA[java.lang.AssertionError: Audit trail details failed did not expect to find [true] but found [false]
at org.testng.Assert.fail(Assert.java:97)
at org.testng.Assert.failNotEquals(Assert.java:969)
at org.testng.Assert.assertTrue(Assert.java:43)
at com.tetherfi.test.RoleBasedAccessManagementUpdateTest.VerifyAuditTrailDataForEditRoleBasedAccessManagementRecord(RoleBasedAccessManagementUpdateTest.java:166)
at java.base/jdk.internal.reflect.NativeMethodAccessorImpl.invoke0(Native Method)
at java.base/jdk.internal.reflect.NativeMethodAccessorImpl.invoke(NativeMethodAccessorImpl.java:62)
at java.base/jdk.internal.reflect.DelegatingMethodAccessorImpl.invoke(DelegatingMethodAccessorImpl.java:43)
at java.base/java.lang.reflect.Method.invoke(Method.java:564)
at org.testng.internal.MethodInvocationHelper.invokeMethod(MethodInvocationHelper.java:133)
at org.testng.internal.TestInvoker.invokeMethod(TestInvoker.java:584)
at org.testng.internal.TestInvoker.invokeTestMethod(TestInvoker.java:172)
at org.testng.internal.MethodRunner.runInSequence(MethodRunner.java:46)
at org.testng.internal.TestInvoker$MethodInvocationAgent.invoke(TestInvoker.java:804)
at org.testng.internal.TestInvoker.invokeTestMethods(TestInvoker.java:145)
at org.testng.internal.TestMethodWorker.invokeTestMethods(TestMethodWorker.java:146)
at org.testng.internal.TestMethodWorker.run(TestMethodWorker.java:128)
at java.base/java.util.ArrayList.forEach(ArrayList.java:1511)
at org.testng.TestRunner.privateRun(TestRunner.java:770)
at org.testng.TestRunner.run(TestRunner.java:591)
at org.testng.SuiteRunner.runTest(SuiteRunner.java:402)
at org.testng.SuiteRunner.runSequentially(SuiteRunner.java:396)
at org.testng.SuiteRunner.privateRun(SuiteRunner.java:355)
at org.testng.SuiteRunner.run(SuiteRunner.java:304)
at org.testng.SuiteRunnerWorker.runSuite(SuiteRunnerWorker.java:53)
at org.testng.SuiteRunnerWorker.run(SuiteRunnerWorker.java:96)
at org.testng.TestNG.runSuitesSequentially(TestNG.java:1180)
at org.testng.TestNG.runSuitesLocally(TestNG.java:1102)
at org.testng.TestNG.runSuites(TestNG.java:1032)
at org.testng.TestNG.run(TestNG.java:1000)
at org.testng.remote.AbstractRemoteTestNG.run(AbstractRemoteTestNG.java:115)
at org.testng.remote.RemoteTestNG.initAndRun(RemoteTestNG.java:251)
at org.testng.remote.RemoteTestNG.main(RemoteTestNG.java:77)
]]>
    </failure>
  </testcase> <!-- VerifyAuditTrailDataForEditRoleBasedAccessManagementRecord -->
  <testcase classname="com.tetherfi.test.RoleBasedAccessManagementUpdateTest" name="VerifyAuditTrialReportForUpdate" time="55.801"/>
  <testcase classname="com.tetherfi.test.RoleBasedAccessManagementUpdateTest" name="VerifySendForApprovalForEditRecord" time="33.470"/>
  <testcase classname="com.tetherfi.test.RoleBasedAccessManagementUpdateTest" name="VerifyAuditTrialReportForSendForApprovalUpdate" time="58.480"/>
  <testcase classname="com.tetherfi.test.RoleBasedAccessManagementUpdateTest" name="ApproveforEditRoleBasedAccessManagementRecord" time="41.082"/>
  <testcase classname="com.tetherfi.test.RoleBasedAccessManagementUpdateTest" name="VerifyAuditTrailReportForApprove" time="64.373"/>
  <testcase classname="com.tetherfi.test.RoleBasedAccessManagementUpdateTest" name="EditRecordWithoutModifyReason" time="37.636"/>
</testsuite> <!-- com.tetherfi.test.RoleBasedAccessManagementUpdateTest -->
