<?xml version="1.0" encoding="UTF-8"?>
<!-- Generated by org.testng.reporters.JUnitReportReporter -->
<testsuite hostname="DESKTOP-O6A5C2O" failures="0" tests="5" name="com.tetherfi.test.ivr.CallBackAnnouncementTest" time="48.696" errors="0" timestamp="2019-10-21T16:17:05 IST" skipped="0">
  <testcase classname="com.tetherfi.test.ivr.CallBackAnnouncementTest" name="VerifySearchIsNotEqualTo" time="9.865"/>
  <testcase classname="com.tetherfi.test.ivr.CallBackAnnouncementTest" name="VerifySearchContains" time="10.171"/>
  <testcase classname="com.tetherfi.test.ivr.CallBackAnnouncementTest" name="VerifySearchDoesNotContains" time="9.477"/>
  <testcase classname="com.tetherfi.test.ivr.CallBackAnnouncementTest" name="VerifySearchStartsWith" time="9.621"/>
  <testcase classname="com.tetherfi.test.ivr.CallBackAnnouncementTest" name="VerifySearchEndsWith" time="9.562"/>
</testsuite> <!-- com.tetherfi.test.ivr.CallBackAnnouncementTest -->
