<?xml version="1.0" encoding="UTF-8"?>
<!-- Generated by org.testng.reporters.JUnitReportReporter -->
<testsuite hostname="admin" failures="0" tests="2" name="com.tetherfi.test.UserManagementE2ETest" time="314.440" errors="0" timestamp="04 Feb 2019 10:40:59 GMT" skipped="0">
  <testcase classname="com.tetherfi.test.UserManagementE2ETest" name="VerifyExportAccessOfWorkcodeList" time="151.909"/>
  <testcase classname="com.tetherfi.test.UserManagementE2ETest" name="VerifyDeleteAccessOfWorkcodeList" time="162.531"/>
</testsuite> <!-- com.tetherfi.test.UserManagementE2ETest -->
