<?xml version="1.0" encoding="UTF-8"?>
<!-- Generated by org.testng.reporters.JUnitReportReporter -->
<testsuite hostname="DESKTOP-O6A5C2O" failures="0" tests="16" name="com.tetherfi.test.ivr.BranchManagementEditTest" time="727.248" errors="0" timestamp="2019-12-04T12:08:31 IST" skipped="0">
  <testcase classname="com.tetherfi.test.ivr.BranchManagementEditTest" name="EditCancelBranchManagementRecord" time="39.628"/>
  <testcase classname="com.tetherfi.test.ivr.BranchManagementEditTest" name="EditRecordWithoutModifyReaosn" time="41.436"/>
  <testcase classname="com.tetherfi.test.ivr.BranchManagementEditTest" name="EditRevertBranchManagementRecord" time="41.976"/>
  <testcase classname="com.tetherfi.test.ivr.BranchManagementEditTest" name="VerifyRevertForEditRecord" time="46.475"/>
  <testcase classname="com.tetherfi.test.ivr.BranchManagementEditTest" name="VerifyAuditTrialReportForRevertUpdate" time="52.056"/>
  <testcase classname="com.tetherfi.test.ivr.BranchManagementEditTest" name="EditRejectRecord" time="41.677"/>
  <testcase classname="com.tetherfi.test.ivr.BranchManagementEditTest" name="VerifySendForApprovalForEditRejectRecord" time="40.658"/>
  <testcase classname="com.tetherfi.test.ivr.BranchManagementEditTest" name="RejectforEditBranchManagementRecord" time="41.602"/>
  <testcase classname="com.tetherfi.test.ivr.BranchManagementEditTest" name="VerifyAuditTrailReportForReject" time="53.206"/>
  <testcase classname="com.tetherfi.test.ivr.BranchManagementEditTest" name="EditBranchManagementRecord" time="41.866"/>
  <testcase classname="com.tetherfi.test.ivr.BranchManagementEditTest" name="VerifyAuditTrailDataForEditBranchManagementRecord" time="36.519"/>
  <testcase classname="com.tetherfi.test.ivr.BranchManagementEditTest" name="VerifyAuditTrialReportForUpdate" time="51.359"/>
  <testcase classname="com.tetherfi.test.ivr.BranchManagementEditTest" name="VerifySendForApprovalForRejectRecord" time="41.035"/>
  <testcase classname="com.tetherfi.test.ivr.BranchManagementEditTest" name="VerifyAuditTrialReportForSendForApprovalUpdate" time="55.837"/>
  <testcase classname="com.tetherfi.test.ivr.BranchManagementEditTest" name="ApproveforEditBranchManagementRecord" time="49.127"/>
  <testcase classname="com.tetherfi.test.ivr.BranchManagementEditTest" name="VerifyAuditTrailReportForApprove" time="52.791"/>
</testsuite> <!-- com.tetherfi.test.ivr.BranchManagementEditTest -->
