<?xml version="1.0" encoding="UTF-8"?>
<!-- Generated by org.testng.reporters.JUnitReportReporter -->
<testsuite hostname="admin" failures="0" tests="1" name="com.tetherfi.test.reports.OCMAgentAuxReportTest" time="50.596" errors="0" timestamp="2020-06-20T21:21:58 IST" skipped="0">
  <testcase classname="com.tetherfi.test.reports.OCMAgentAuxReportTest" name="database" time="50.596"/>
</testsuite> <!-- com.tetherfi.test.reports.OCMAgentAuxReportTest -->
