<?xml version="1.0" encoding="UTF-8"?>
<!-- Generated by org.testng.reporters.JUnitReportReporter -->
<testsuite skipped="0" hostname="DESKTOP-NJVBPFB" name="com.tetherfi.test.reports.AgentHistoricalReportTest" tests="1" failures="0" timestamp="2020-05-11T17:35:04 IST" time="59.454" errors="0">
  <testcase name="database" time="59.454" classname="com.tetherfi.test.reports.AgentHistoricalReportTest"/>
</testsuite> <!-- com.tetherfi.test.reports.AgentHistoricalReportTest -->
