<?xml version="1.0" encoding="UTF-8"?>
<!-- Generated by org.testng.reporters.JUnitReportReporter -->
<testsuite hostname="DESKTOP-O6A5C2O" failures="2" tests="36" name="com.tetherfi.test.fax.FaxAutoACKConfigurationTest" time="425.701" errors="1" timestamp="2020-02-19T18:03:58 IST" skipped="0">
  <testcase classname="com.tetherfi.test.fax.FaxAutoACKConfigurationTest" name="FaxAutoACKConfigurationPage" time="7.222"/>
  <testcase classname="com.tetherfi.test.fax.FaxAutoACKConfigurationTest" name="VerifyDropdownForAllTheColumns" time="16.167"/>
  <testcase classname="com.tetherfi.test.fax.FaxAutoACKConfigurationTest" name="VerifyColumnsHeaderEnable" time="10.893"/>
  <testcase classname="com.tetherfi.test.fax.FaxAutoACKConfigurationTest" name="VerifyColumnsHeaderDisable" time="12.326"/>
  <testcase classname="com.tetherfi.test.fax.FaxAutoACKConfigurationTest" name="AddCancelAutoAckConfigRecord" time="7.196"/>
  <testcase classname="com.tetherfi.test.fax.FaxAutoACKConfigurationTest" name="AddNewAutoAckConfigRecord" time="12.656"/>
  <testcase classname="com.tetherfi.test.fax.FaxAutoACKConfigurationTest" name="VerifyAuditTrialReportForCreate" time="28.483"/>
  <testcase classname="com.tetherfi.test.fax.FaxAutoACKConfigurationTest" name="DuplicateRecord" time="12.072"/>
  <testcase classname="com.tetherfi.test.fax.FaxAutoACKConfigurationTest" name="AddRecordWithoutFaxLine" time="10.839"/>
  <testcase classname="com.tetherfi.test.fax.FaxAutoACKConfigurationTest" name="AddRecordWithoutSenderType" time="10.211"/>
  <testcase classname="com.tetherfi.test.fax.FaxAutoACKConfigurationTest" name="AddRecordWithoutName" time="12.762"/>
  <testcase classname="com.tetherfi.test.fax.FaxAutoACKConfigurationTest" name="AddRecordWithoutStatus" time="12.502"/>
  <testcase classname="com.tetherfi.test.fax.FaxAutoACKConfigurationTest" name="AddRecordWithoutTemplate" time="11.415"/>
  <testcase classname="com.tetherfi.test.fax.FaxAutoACKConfigurationTest" name="GroupBy" time="8.338"/>
  <testcase classname="com.tetherfi.test.fax.FaxAutoACKConfigurationTest" name="EditCancelFaxAutoACKConfigRecord" time="11.359"/>
  <testcase classname="com.tetherfi.test.fax.FaxAutoACKConfigurationTest" name="EditFaxAutoAckConfigRecord" time="11.268"/>
  <testcase classname="com.tetherfi.test.fax.FaxAutoACKConfigurationTest" name="VerifyAuditTrialReportForUpdate" time="27.660">
    <failure message="did not expect to find [true] but found [false]" type="java.lang.AssertionError">
      <![CDATA[java.lang.AssertionError: did not expect to find [true] but found [false]
at org.testng.Assert.fail(Assert.java:97)
at org.testng.Assert.failNotEquals(Assert.java:969)
at org.testng.Assert.assertTrue(Assert.java:43)
at org.testng.Assert.assertTrue(Assert.java:53)
at com.tetherfi.test.fax.FaxAutoACKConfigurationTest.VerifyAuditTrialReportForUpdate(FaxAutoACKConfigurationTest.java:227)
at java.base/jdk.internal.reflect.NativeMethodAccessorImpl.invoke0(Native Method)
at java.base/jdk.internal.reflect.NativeMethodAccessorImpl.invoke(Unknown Source)
at java.base/jdk.internal.reflect.DelegatingMethodAccessorImpl.invoke(Unknown Source)
at java.base/java.lang.reflect.Method.invoke(Unknown Source)
at org.testng.internal.MethodInvocationHelper.invokeMethod(MethodInvocationHelper.java:133)
at org.testng.internal.TestInvoker.invokeMethod(TestInvoker.java:584)
at org.testng.internal.TestInvoker.invokeTestMethod(TestInvoker.java:172)
at org.testng.internal.MethodRunner.runInSequence(MethodRunner.java:46)
at org.testng.internal.TestInvoker$MethodInvocationAgent.invoke(TestInvoker.java:804)
at org.testng.internal.TestInvoker.invokeTestMethods(TestInvoker.java:145)
at org.testng.internal.TestMethodWorker.invokeTestMethods(TestMethodWorker.java:146)
at org.testng.internal.TestMethodWorker.run(TestMethodWorker.java:128)
at java.base/java.util.ArrayList.forEach(Unknown Source)
at org.testng.TestRunner.privateRun(TestRunner.java:770)
at org.testng.TestRunner.run(TestRunner.java:591)
at org.testng.SuiteRunner.runTest(SuiteRunner.java:402)
at org.testng.SuiteRunner.runSequentially(SuiteRunner.java:396)
at org.testng.SuiteRunner.privateRun(SuiteRunner.java:355)
at org.testng.SuiteRunner.run(SuiteRunner.java:304)
at org.testng.SuiteRunnerWorker.runSuite(SuiteRunnerWorker.java:53)
at org.testng.SuiteRunnerWorker.run(SuiteRunnerWorker.java:96)
at org.testng.TestNG.runSuitesSequentially(TestNG.java:1180)
at org.testng.TestNG.runSuitesLocally(TestNG.java:1102)
at org.testng.TestNG.runSuites(TestNG.java:1032)
at org.testng.TestNG.run(TestNG.java:1000)
at org.testng.remote.AbstractRemoteTestNG.run(AbstractRemoteTestNG.java:115)
at org.testng.remote.RemoteTestNG.initAndRun(RemoteTestNG.java:251)
at org.testng.remote.RemoteTestNG.main(RemoteTestNG.java:77)
]]>
    </failure>
  </testcase> <!-- VerifyAuditTrialReportForUpdate -->
  <testcase classname="com.tetherfi.test.fax.FaxAutoACKConfigurationTest" name="EditInvalidRecord" time="13.216"/>
  <testcase classname="com.tetherfi.test.fax.FaxAutoACKConfigurationTest" name="ExportToExcel" time="9.073"/>
  <testcase classname="com.tetherfi.test.fax.FaxAutoACKConfigurationTest" name="ExportToExcelData" time="7.356"/>
  <testcase classname="com.tetherfi.test.fax.FaxAutoACKConfigurationTest" name="AddDuplicateFaxlineDifferentSenderType" time="13.112"/>
  <testcase classname="com.tetherfi.test.fax.FaxAutoACKConfigurationTest" name="searchPage" time="9.074"/>
  <testcase classname="com.tetherfi.test.fax.FaxAutoACKConfigurationTest" name="searchwithoutSearchTextbox" time="8.863"/>
  <testcase classname="com.tetherfi.test.fax.FaxAutoACKConfigurationTest" name="DeleteCancelFaxAutoAckConfigRecord" time="9.226"/>
  <testcase classname="com.tetherfi.test.fax.FaxAutoACKConfigurationTest" name="DeleteFaxAutoAckConfigRecord" time="11.929"/>
  <testcase classname="com.tetherfi.test.fax.FaxAutoACKConfigurationTest" name="VerifyAuditTrialReportForDelete" time="27.396">
    <failure message="did not expect to find [true] but found [false]" type="java.lang.AssertionError">
      <![CDATA[java.lang.AssertionError: did not expect to find [true] but found [false]
at org.testng.Assert.fail(Assert.java:97)
at org.testng.Assert.failNotEquals(Assert.java:969)
at org.testng.Assert.assertTrue(Assert.java:43)
at org.testng.Assert.assertTrue(Assert.java:53)
at com.tetherfi.test.fax.FaxAutoACKConfigurationTest.VerifyAuditTrialReportForDelete(FaxAutoACKConfigurationTest.java:317)
at java.base/jdk.internal.reflect.NativeMethodAccessorImpl.invoke0(Native Method)
at java.base/jdk.internal.reflect.NativeMethodAccessorImpl.invoke(Unknown Source)
at java.base/jdk.internal.reflect.DelegatingMethodAccessorImpl.invoke(Unknown Source)
at java.base/java.lang.reflect.Method.invoke(Unknown Source)
at org.testng.internal.MethodInvocationHelper.invokeMethod(MethodInvocationHelper.java:133)
at org.testng.internal.TestInvoker.invokeMethod(TestInvoker.java:584)
at org.testng.internal.TestInvoker.invokeTestMethod(TestInvoker.java:172)
at org.testng.internal.MethodRunner.runInSequence(MethodRunner.java:46)
at org.testng.internal.TestInvoker$MethodInvocationAgent.invoke(TestInvoker.java:804)
at org.testng.internal.TestInvoker.invokeTestMethods(TestInvoker.java:145)
at org.testng.internal.TestMethodWorker.invokeTestMethods(TestMethodWorker.java:146)
at org.testng.internal.TestMethodWorker.run(TestMethodWorker.java:128)
at java.base/java.util.ArrayList.forEach(Unknown Source)
at org.testng.TestRunner.privateRun(TestRunner.java:770)
at org.testng.TestRunner.run(TestRunner.java:591)
at org.testng.SuiteRunner.runTest(SuiteRunner.java:402)
at org.testng.SuiteRunner.runSequentially(SuiteRunner.java:396)
at org.testng.SuiteRunner.privateRun(SuiteRunner.java:355)
at org.testng.SuiteRunner.run(SuiteRunner.java:304)
at org.testng.SuiteRunnerWorker.runSuite(SuiteRunnerWorker.java:53)
at org.testng.SuiteRunnerWorker.run(SuiteRunnerWorker.java:96)
at org.testng.TestNG.runSuitesSequentially(TestNG.java:1180)
at org.testng.TestNG.runSuitesLocally(TestNG.java:1102)
at org.testng.TestNG.runSuites(TestNG.java:1032)
at org.testng.TestNG.run(TestNG.java:1000)
at org.testng.remote.AbstractRemoteTestNG.run(AbstractRemoteTestNG.java:115)
at org.testng.remote.RemoteTestNG.initAndRun(RemoteTestNG.java:251)
at org.testng.remote.RemoteTestNG.main(RemoteTestNG.java:77)
]]>
    </failure>
  </testcase> <!-- VerifyAuditTrialReportForDelete -->
  <testcase classname="com.tetherfi.test.fax.FaxAutoACKConfigurationTest" name="DeleteInvalidRecord" time="11.697"/>
  <testcase classname="com.tetherfi.test.fax.FaxAutoACKConfigurationTest" name="database" time="10.190"/>
  <testcase classname="com.tetherfi.test.fax.FaxAutoACKConfigurationTest" name="ExporttoExcelWithoutData" time="9.635">
    <error message="element click intercepted: Element &lt;i class=&quot;fas fa-search&quot; title=&quot;Search&quot;&gt;&lt;/i&gt; is not clickable at point (1536, 88). Other element would receive the click: &lt;div class=&quot;k-overlay&quot; style=&quot;display: block; z-index: 10002; opacity: 0; transition: all 350ms ease-out 0s;&quot;&gt;&lt;/div&gt;
  (Session info: chrome=79.0.3945.130)
Build info: version: &#039;3.141.59&#039;, revision: &#039;e82be7d358&#039;, time: &#039;2018-11-14T08:17:03&#039;
System info: host: &#039;DESKTOP-O6A5C2O&#039;, ip: &#039;10.0.75.1&#039;, os.name: &#039;Windows 10&#039;, os.arch: &#039;amd64&#039;, os.version: &#039;10.0&#039;, java.version: &#039;9.0.4&#039;
Driver info: org.openqa.selenium.chrome.ChromeDriver
Capabilities {acceptInsecureCerts: false, browserName: chrome, browserVersion: 79.0.3945.130, chrome: {chromedriverVersion: 78.0.3904.105 (60e2d8774a81..., userDataDir: C:\Users\admin\AppData\Loca...}, goog:chromeOptions: {debuggerAddress: localhost:53089}, javascriptEnabled: true, networkConnectionEnabled: false, pageLoadStrategy: normal, platform: XP, platformName: XP, proxy: Proxy(), setWindowRect: true, strictFileInteractability: false, timeouts: {implicit: 0, pageLoad: 300000, script: 30000}, unhandledPromptBehavior: dismiss and notify}
Session ID: 65428ea382692ffbde63365d9414cc12" type="org.openqa.selenium.ElementClickInterceptedException">
      <![CDATA[org.openqa.selenium.ElementClickInterceptedException: element click intercepted: Element <i class="fas fa-search" title="Search"></i> is not clickable at point (1536, 88). Other element would receive the click: <div class="k-overlay" style="display: block; z-index: 10002; opacity: 0; transition: all 350ms ease-out 0s;"></div>
  (Session info: chrome=79.0.3945.130)
Build info: version: '3.141.59', revision: 'e82be7d358', time: '2018-11-14T08:17:03'
System info: host: 'DESKTOP-O6A5C2O', ip: '10.0.75.1', os.name: 'Windows 10', os.arch: 'amd64', os.version: '10.0', java.version: '9.0.4'
Driver info: org.openqa.selenium.chrome.ChromeDriver
Capabilities {acceptInsecureCerts: false, browserName: chrome, browserVersion: 79.0.3945.130, chrome: {chromedriverVersion: 78.0.3904.105 (60e2d8774a81..., userDataDir: C:\Users\admin\AppData\Loca...}, goog:chromeOptions: {debuggerAddress: localhost:53089}, javascriptEnabled: true, networkConnectionEnabled: false, pageLoadStrategy: normal, platform: XP, platformName: XP, proxy: Proxy(), setWindowRect: true, strictFileInteractability: false, timeouts: {implicit: 0, pageLoad: 300000, script: 30000}, unhandledPromptBehavior: dismiss and notify}
Session ID: 65428ea382692ffbde63365d9414cc12
at java.base/jdk.internal.reflect.NativeConstructorAccessorImpl.newInstance0(Native Method)
at java.base/jdk.internal.reflect.NativeConstructorAccessorImpl.newInstance(Unknown Source)
at java.base/jdk.internal.reflect.DelegatingConstructorAccessorImpl.newInstance(Unknown Source)
at java.base/java.lang.reflect.Constructor.newInstance(Unknown Source)
at org.openqa.selenium.remote.http.W3CHttpResponseCodec.createException(W3CHttpResponseCodec.java:187)
at org.openqa.selenium.remote.http.W3CHttpResponseCodec.decode(W3CHttpResponseCodec.java:122)
at org.openqa.selenium.remote.http.W3CHttpResponseCodec.decode(W3CHttpResponseCodec.java:49)
at org.openqa.selenium.remote.HttpCommandExecutor.execute(HttpCommandExecutor.java:158)
at org.openqa.selenium.remote.service.DriverCommandExecutor.execute(DriverCommandExecutor.java:83)
at org.openqa.selenium.remote.RemoteWebDriver.execute(RemoteWebDriver.java:552)
at org.openqa.selenium.remote.RemoteWebElement.execute(RemoteWebElement.java:285)
at org.openqa.selenium.remote.RemoteWebElement.click(RemoteWebElement.java:84)
at jdk.internal.reflect.GeneratedMethodAccessor4.invoke(Unknown Source)
at java.base/jdk.internal.reflect.DelegatingMethodAccessorImpl.invoke(Unknown Source)
at java.base/java.lang.reflect.Method.invoke(Unknown Source)
at org.openqa.selenium.support.pagefactory.internal.LocatingElementHandler.invoke(LocatingElementHandler.java:51)
at com.sun.proxy.$Proxy16.click(Unknown Source)
at com.tetherfi.pages.BasePage.selectWebElement(BasePage.java:202)
at com.tetherfi.pages.FaxAutoACKConfigurationPage.searchFaxAutoACKConfigurationRecord(FaxAutoACKConfigurationPage.java:414)
at com.tetherfi.pages.FaxAutoACKConfigurationPage.ExporttoExcelWithoutData(FaxAutoACKConfigurationPage.java:402)
at com.tetherfi.test.fax.FaxAutoACKConfigurationTest.ExporttoExcelWithoutData(FaxAutoACKConfigurationTest.java:347)
at java.base/jdk.internal.reflect.NativeMethodAccessorImpl.invoke0(Native Method)
at java.base/jdk.internal.reflect.NativeMethodAccessorImpl.invoke(Unknown Source)
at java.base/jdk.internal.reflect.DelegatingMethodAccessorImpl.invoke(Unknown Source)
at java.base/java.lang.reflect.Method.invoke(Unknown Source)
at org.testng.internal.MethodInvocationHelper.invokeMethod(MethodInvocationHelper.java:133)
at org.testng.internal.TestInvoker.invokeMethod(TestInvoker.java:584)
at org.testng.internal.TestInvoker.invokeTestMethod(TestInvoker.java:172)
at org.testng.internal.MethodRunner.runInSequence(MethodRunner.java:46)
at org.testng.internal.TestInvoker$MethodInvocationAgent.invoke(TestInvoker.java:804)
at org.testng.internal.TestInvoker.invokeTestMethods(TestInvoker.java:145)
at org.testng.internal.TestMethodWorker.invokeTestMethods(TestMethodWorker.java:146)
at org.testng.internal.TestMethodWorker.run(TestMethodWorker.java:128)
at java.base/java.util.ArrayList.forEach(Unknown Source)
at org.testng.TestRunner.privateRun(TestRunner.java:770)
at org.testng.TestRunner.run(TestRunner.java:591)
at org.testng.SuiteRunner.runTest(SuiteRunner.java:402)
at org.testng.SuiteRunner.runSequentially(SuiteRunner.java:396)
at org.testng.SuiteRunner.privateRun(SuiteRunner.java:355)
at org.testng.SuiteRunner.run(SuiteRunner.java:304)
at org.testng.SuiteRunnerWorker.runSuite(SuiteRunnerWorker.java:53)
at org.testng.SuiteRunnerWorker.run(SuiteRunnerWorker.java:96)
at org.testng.TestNG.runSuitesSequentially(TestNG.java:1180)
at org.testng.TestNG.runSuitesLocally(TestNG.java:1102)
at org.testng.TestNG.runSuites(TestNG.java:1032)
at org.testng.TestNG.run(TestNG.java:1000)
at org.testng.remote.AbstractRemoteTestNG.run(AbstractRemoteTestNG.java:115)
at org.testng.remote.RemoteTestNG.initAndRun(RemoteTestNG.java:251)
at org.testng.remote.RemoteTestNG.main(RemoteTestNG.java:77)
]]>
    </error>
  </testcase> <!-- ExporttoExcelWithoutData -->
  <testcase classname="com.tetherfi.test.fax.FaxAutoACKConfigurationTest" name="SearchClearSearch" time="10.071"/>
  <testcase classname="com.tetherfi.test.fax.FaxAutoACKConfigurationTest" name="SortingByAscending" time="10.900"/>
  <testcase classname="com.tetherfi.test.fax.FaxAutoACKConfigurationTest" name="SortingByDescending" time="11.400"/>
  <testcase classname="com.tetherfi.test.fax.FaxAutoACKConfigurationTest" name="VerifyArrowMoveForPreviousAndNextPage" time="5.503"/>
  <testcase classname="com.tetherfi.test.fax.FaxAutoACKConfigurationTest" name="VerifyArrowMoveForFirstAndLastPage" time="6.641"/>
  <testcase classname="com.tetherfi.test.fax.FaxAutoACKConfigurationTest" name="VerifyTotalNumberOfItemsPerPageDetails" time="5.425"/>
  <testcase classname="com.tetherfi.test.fax.FaxAutoACKConfigurationTest" name="VerifyNumberOfItemsPerPageSelection" time="11.625"/>
</testsuite> <!-- com.tetherfi.test.fax.FaxAutoACKConfigurationTest -->
