<?xml version="1.0" encoding="UTF-8"?>
<!-- Generated by org.testng.reporters.JUnitReportReporter -->
<testsuite skipped="0" hostname="TTF-BLR-SANTOSHKOUJALAGI" name="com.tetherfi.test.IWRoleBasedAccessMatrixTest" tests="25" failures="0" timestamp="2021-10-21T18:25:48 IST" time="288.415" errors="2">
  <testcase name="IWRoleBasedAccessMatrixPage" time="9.531" classname="com.tetherfi.test.IWRoleBasedAccessMatrixTest"/>
  <testcase name="verifyDropDownForAllTheColumns" time="13.798" classname="com.tetherfi.test.IWRoleBasedAccessMatrixTest"/>
  <testcase name="verifyColoumnsHeaderEnabled" time="9.933" classname="com.tetherfi.test.IWRoleBasedAccessMatrixTest"/>
  <testcase name="verifyColumnsHeaderDisabled" time="13.298" classname="com.tetherfi.test.IWRoleBasedAccessMatrixTest"/>
  <testcase name="VerifyAddRoleBasedAccessManagementRecordButton" time="7.000" classname="com.tetherfi.test.IWRoleBasedAccessMatrixTest"/>
  <testcase name="VerifyIWAccessComponentsWindow" time="14.758" classname="com.tetherfi.test.IWRoleBasedAccessMatrixTest"/>
  <testcase name="VerifySaveChangesButtonwithoutUpdate" time="12.423" classname="com.tetherfi.test.IWRoleBasedAccessMatrixTest"/>
  <testcase name="verifyGroupBy" time="10.262" classname="com.tetherfi.test.IWRoleBasedAccessMatrixTest"/>
  <testcase name="verifyArrowMoveForPreviousAndNextPage" time="7.802" classname="com.tetherfi.test.IWRoleBasedAccessMatrixTest"/>
  <testcase name="verifyArrowMoveForFirstAndLastPage" time="7.914" classname="com.tetherfi.test.IWRoleBasedAccessMatrixTest"/>
  <testcase name="verifyTotalNumberOfItemsPerPageDetails" time="7.504" classname="com.tetherfi.test.IWRoleBasedAccessMatrixTest"/>
  <testcase name="verifyNumberOfItemsPerPageSelection" time="20.934" classname="com.tetherfi.test.IWRoleBasedAccessMatrixTest"/>
  <testcase name="ExportToExcelButton" time="11.582" classname="com.tetherfi.test.IWRoleBasedAccessMatrixTest"/>
  <testcase name="verifyExportedData" time="16.214" classname="com.tetherfi.test.IWRoleBasedAccessMatrixTest"/>
  <testcase name="verifySortByAscending" time="8.533" classname="com.tetherfi.test.IWRoleBasedAccessMatrixTest">
    <error type="java.lang.NullPointerException">
      <![CDATA[java.lang.NullPointerException
at com.tetherfi.utility.ExcelReader.getTestData(ExcelReader.java:99)
at com.tetherfi.test.IWRoleBasedAccessMatrixTest.verifySortByAscending(IWRoleBasedAccessMatrixTest.java:332)
at sun.reflect.NativeMethodAccessorImpl.invoke0(Native Method)
at sun.reflect.NativeMethodAccessorImpl.invoke(Unknown Source)
at sun.reflect.DelegatingMethodAccessorImpl.invoke(Unknown Source)
at java.lang.reflect.Method.invoke(Unknown Source)
at org.testng.internal.MethodInvocationHelper.invokeMethod(MethodInvocationHelper.java:133)
at org.testng.internal.TestInvoker.invokeMethod(TestInvoker.java:584)
at org.testng.internal.TestInvoker.invokeTestMethod(TestInvoker.java:172)
at org.testng.internal.MethodRunner.runInSequence(MethodRunner.java:46)
at org.testng.internal.TestInvoker$MethodInvocationAgent.invoke(TestInvoker.java:804)
at org.testng.internal.TestInvoker.invokeTestMethods(TestInvoker.java:145)
at org.testng.internal.TestMethodWorker.invokeTestMethods(TestMethodWorker.java:146)
at org.testng.internal.TestMethodWorker.run(TestMethodWorker.java:128)
at java.util.ArrayList.forEach(Unknown Source)
at org.testng.TestRunner.privateRun(TestRunner.java:770)
at org.testng.TestRunner.run(TestRunner.java:591)
at org.testng.SuiteRunner.runTest(SuiteRunner.java:402)
at org.testng.SuiteRunner.runSequentially(SuiteRunner.java:396)
at org.testng.SuiteRunner.privateRun(SuiteRunner.java:355)
at org.testng.SuiteRunner.run(SuiteRunner.java:304)
at org.testng.SuiteRunnerWorker.runSuite(SuiteRunnerWorker.java:53)
at org.testng.SuiteRunnerWorker.run(SuiteRunnerWorker.java:96)
at org.testng.TestNG.runSuitesSequentially(TestNG.java:1180)
at org.testng.TestNG.runSuitesLocally(TestNG.java:1102)
at org.testng.TestNG.runSuites(TestNG.java:1032)
at org.testng.TestNG.run(TestNG.java:1000)
at org.testng.remote.AbstractRemoteTestNG.run(AbstractRemoteTestNG.java:115)
at org.testng.remote.RemoteTestNG.initAndRun(RemoteTestNG.java:251)
at org.testng.remote.RemoteTestNG.main(RemoteTestNG.java:77)
]]>
    </error>
  </testcase> <!-- verifySortByAscending -->
  <testcase name="verifySortByDescending" time="7.351" classname="com.tetherfi.test.IWRoleBasedAccessMatrixTest">
    <error type="java.lang.NullPointerException">
      <![CDATA[java.lang.NullPointerException
at com.tetherfi.utility.ExcelReader.getTestData(ExcelReader.java:99)
at com.tetherfi.test.IWRoleBasedAccessMatrixTest.verifySortByDescending(IWRoleBasedAccessMatrixTest.java:341)
at sun.reflect.NativeMethodAccessorImpl.invoke0(Native Method)
at sun.reflect.NativeMethodAccessorImpl.invoke(Unknown Source)
at sun.reflect.DelegatingMethodAccessorImpl.invoke(Unknown Source)
at java.lang.reflect.Method.invoke(Unknown Source)
at org.testng.internal.MethodInvocationHelper.invokeMethod(MethodInvocationHelper.java:133)
at org.testng.internal.TestInvoker.invokeMethod(TestInvoker.java:584)
at org.testng.internal.TestInvoker.invokeTestMethod(TestInvoker.java:172)
at org.testng.internal.MethodRunner.runInSequence(MethodRunner.java:46)
at org.testng.internal.TestInvoker$MethodInvocationAgent.invoke(TestInvoker.java:804)
at org.testng.internal.TestInvoker.invokeTestMethods(TestInvoker.java:145)
at org.testng.internal.TestMethodWorker.invokeTestMethods(TestMethodWorker.java:146)
at org.testng.internal.TestMethodWorker.run(TestMethodWorker.java:128)
at java.util.ArrayList.forEach(Unknown Source)
at org.testng.TestRunner.privateRun(TestRunner.java:770)
at org.testng.TestRunner.run(TestRunner.java:591)
at org.testng.SuiteRunner.runTest(SuiteRunner.java:402)
at org.testng.SuiteRunner.runSequentially(SuiteRunner.java:396)
at org.testng.SuiteRunner.privateRun(SuiteRunner.java:355)
at org.testng.SuiteRunner.run(SuiteRunner.java:304)
at org.testng.SuiteRunnerWorker.runSuite(SuiteRunnerWorker.java:53)
at org.testng.SuiteRunnerWorker.run(SuiteRunnerWorker.java:96)
at org.testng.TestNG.runSuitesSequentially(TestNG.java:1180)
at org.testng.TestNG.runSuitesLocally(TestNG.java:1102)
at org.testng.TestNG.runSuites(TestNG.java:1032)
at org.testng.TestNG.run(TestNG.java:1000)
at org.testng.remote.AbstractRemoteTestNG.run(AbstractRemoteTestNG.java:115)
at org.testng.remote.RemoteTestNG.initAndRun(RemoteTestNG.java:251)
at org.testng.remote.RemoteTestNG.main(RemoteTestNG.java:77)
]]>
    </error>
  </testcase> <!-- verifySortByDescending -->
  <testcase name="verifyExportToExcelWithoutData" time="11.364" classname="com.tetherfi.test.IWRoleBasedAccessMatrixTest"/>
  <testcase name="SearchIsNotEqualTo" time="18.590" classname="com.tetherfi.test.IWRoleBasedAccessMatrixTest"/>
  <testcase name="SearchContains" time="12.012" classname="com.tetherfi.test.IWRoleBasedAccessMatrixTest"/>
  <testcase name="SearchDoesNotContains" time="14.429" classname="com.tetherfi.test.IWRoleBasedAccessMatrixTest"/>
  <testcase name="SearchStartsWith" time="11.047" classname="com.tetherfi.test.IWRoleBasedAccessMatrixTest"/>
  <testcase name="SearchEndsWith" time="11.843" classname="com.tetherfi.test.IWRoleBasedAccessMatrixTest"/>
  <testcase name="searchPage" time="9.981" classname="com.tetherfi.test.IWRoleBasedAccessMatrixTest"/>
  <testcase name="searchwithoutSearchTextbox" time="8.776" classname="com.tetherfi.test.IWRoleBasedAccessMatrixTest"/>
  <testcase name="SearchClearSearch" time="11.536" classname="com.tetherfi.test.IWRoleBasedAccessMatrixTest"/>
</testsuite> <!-- com.tetherfi.test.IWRoleBasedAccessMatrixTest -->
