<?xml version="1.0" encoding="UTF-8"?>
<!-- Generated by org.testng.reporters.JUnitReportReporter -->
<testsuite skipped="0" hostname="DESKTOP-NJVBPFB" name="com.tetherfi.test.tmac.AgentSettingsTest" tests="1" failures="0" timestamp="2020-04-24T10:17:38 IST" time="87.140" errors="0">
  <testcase name="VerifyAddNewAgentSettingsRecord" time="87.140" classname="com.tetherfi.test.tmac.AgentSettingsTest"/>
</testsuite> <!-- com.tetherfi.test.tmac.AgentSettingsTest -->
