<?xml version="1.0" encoding="UTF-8"?>
<!-- Generated by org.testng.reporters.JUnitReportReporter -->
<testsuite skipped="3" hostname="TTF-BLR-SANTOSHKOUJALAGI" name="com.tetherfi.test.reports.OCMTimelineReportTest" tests="51" failures="1" timestamp="2021-11-16T01:23:45 IST" time="1219.180" errors="0">
  <testcase name="ShowOCMTimelineReport" time="19.983" classname="com.tetherfi.test.reports.OCMTimelineReportTest"/>
  <testcase name="ShowOcmTimelineReportInNewPage" time="18.623" classname="com.tetherfi.test.reports.OCMTimelineReportTest"/>
  <testcase name="database" time="176.917" classname="com.tetherfi.test.reports.OCMTimelineReportTest"/>
  <testcase name="ExportOcmTimelineReport" time="15.553" classname="com.tetherfi.test.reports.OCMTimelineReportTest"/>
  <testcase name="ScheduleOCMTimelineReport" time="15.557" classname="com.tetherfi.test.reports.OCMTimelineReportTest"/>
  <testcase name="ViewDownloadedOcmTimelineReportInReportsDownloadPage" time="10.394" classname="com.tetherfi.test.reports.OCMTimelineReportTest"/>
  <testcase name="ShowOcmTimelineReportForDateRange" time="17.565" classname="com.tetherfi.test.reports.OCMTimelineReportTest"/>
  <testcase name="ShowOcmTimelineReportInNewTabDateRange" time="15.969" classname="com.tetherfi.test.reports.OCMTimelineReportTest"/>
  <testcase name="ExportOcmTimelineReportDateRange" time="17.318" classname="com.tetherfi.test.reports.OCMTimelineReportTest"/>
  <testcase name="ScheduleOcmTimelineReportforDateRange" time="15.926" classname="com.tetherfi.test.reports.OCMTimelineReportTest"/>
  <testcase name="ViewDownloadedOcmTimelineReportInReportsDownloadPageDateRange" time="8.421" classname="com.tetherfi.test.reports.OCMTimelineReportTest"/>
  <testcase name="DeleteWithoutDeleteReasonRecordinReportsDownload" time="9.739" classname="com.tetherfi.test.reports.OCMTimelineReportTest"/>
  <testcase name="VerifyCancelBtnAtReportsDownload" time="33.766" classname="com.tetherfi.test.reports.OCMTimelineReportTest"/>
  <testcase name="DeleteRecord" time="9.449" classname="com.tetherfi.test.reports.OCMTimelineReportTest"/>
  <testcase name="ClearAll" time="14.035" classname="com.tetherfi.test.reports.OCMTimelineReportTest"/>
  <testcase name="OCMWindow" time="18.833" classname="com.tetherfi.test.reports.OCMTimelineReportTest"/>
  <testcase name="VerifyDropdownForAllTheColumns" time="23.379" classname="com.tetherfi.test.reports.OCMTimelineReportTest"/>
  <testcase name="VerifyColumnsHeaderEnable" time="22.060" classname="com.tetherfi.test.reports.OCMTimelineReportTest"/>
  <testcase name="VerifyColumnsHeaderDisable" time="25.072" classname="com.tetherfi.test.reports.OCMTimelineReportTest"/>
  <testcase name="VerifyArrowMoveForPreviousAndNextPage" time="16.475" classname="com.tetherfi.test.reports.OCMTimelineReportTest"/>
  <testcase name="VerifyArrowMoveForFirstAndLastPage" time="19.262" classname="com.tetherfi.test.reports.OCMTimelineReportTest"/>
  <testcase name="VerifyTotalNumberOfItemsPerPageDetails" time="17.577" classname="com.tetherfi.test.reports.OCMTimelineReportTest"/>
  <testcase name="VerifyNumberOfItemsPerPageSelection" time="50.097" classname="com.tetherfi.test.reports.OCMTimelineReportTest"/>
  <testcase name="ExportPage" time="25.964" classname="com.tetherfi.test.reports.OCMTimelineReportTest"/>
  <testcase name="VerifyExportedPage" time="23.315" classname="com.tetherfi.test.reports.OCMTimelineReportTest"/>
  <testcase name="SchedulereportinTimelinePage" time="18.525" classname="com.tetherfi.test.reports.OCMTimelineReportTest"/>
  <testcase name="ExportToExcelForTimelineReport" time="17.164" classname="com.tetherfi.test.reports.OCMTimelineReportTest"/>
  <testcase name="ViewDownloadedOcmTimelineReportInReportsDownloadPageinTimelinePg" time="22.430" classname="com.tetherfi.test.reports.OCMTimelineReportTest"/>
  <testcase name="VerifySearchByFeatureForTimelineReport" time="23.790" classname="com.tetherfi.test.reports.OCMTimelineReportTest"/>
  <testcase name="VerifySearchEqualsFeatureForTimelineReport" time="23.981" classname="com.tetherfi.test.reports.OCMTimelineReportTest"/>
  <testcase name="searchwithoutSearchTextbox" time="20.542" classname="com.tetherfi.test.reports.OCMTimelineReportTest"/>
  <testcase name="VerifySearchIsNotEqualTo" time="27.175" classname="com.tetherfi.test.reports.OCMTimelineReportTest"/>
  <testcase name="VerifySearchContains" time="22.906" classname="com.tetherfi.test.reports.OCMTimelineReportTest"/>
  <testcase name="VerifySearchDoesNotContains" time="24.602" classname="com.tetherfi.test.reports.OCMTimelineReportTest"/>
  <testcase name="VerifySearchStartsWith" time="26.397" classname="com.tetherfi.test.reports.OCMTimelineReportTest"/>
  <testcase name="VerifySearchEndsWith" time="24.502" classname="com.tetherfi.test.reports.OCMTimelineReportTest"/>
  <testcase name="SearchClearSearch" time="22.408" classname="com.tetherfi.test.reports.OCMTimelineReportTest"/>
  <testcase name="verifyAdvancedSearchinreportpage" time="26.627" classname="com.tetherfi.test.reports.OCMTimelineReportTest"/>
  <testcase name="ClearfiltersAdvSrch" time="20.328" classname="com.tetherfi.test.reports.OCMTimelineReportTest"/>
  <testcase name="GroupBy" time="22.993" classname="com.tetherfi.test.reports.OCMTimelineReportTest"/>
  <testcase name="verifyAdvancedSearchAndCriteria" time="38.622" classname="com.tetherfi.test.reports.OCMTimelineReportTest"/>
  <testcase name="verifyAdvancedSearchORCriteria" time="37.945" classname="com.tetherfi.test.reports.OCMTimelineReportTest"/>
  <testcase name="verifyAdvancedSearchinreportpageSearchNotEqualTo" time="28.428" classname="com.tetherfi.test.reports.OCMTimelineReportTest"/>
  <testcase name="verifyAdvancedSearchinreportpageSearchcontains" time="24.447" classname="com.tetherfi.test.reports.OCMTimelineReportTest"/>
  <testcase name="verifyAdvancedSearchinreportpageSearchDoesnotcontains" time="28.498" classname="com.tetherfi.test.reports.OCMTimelineReportTest"/>
  <testcase name="verifyAdvancedSearchinreportpageSearchStartswith" time="27.901" classname="com.tetherfi.test.reports.OCMTimelineReportTest"/>
  <testcase name="verifyAdvancedSearchinreportpageSearchEndswith" time="26.440" classname="com.tetherfi.test.reports.OCMTimelineReportTest"/>
  <testcase name="VerifySorting" time="21.280" classname="com.tetherfi.test.reports.OCMTimelineReportTest">
    <failure type="java.lang.AssertionError" message="item per page assertion failed did not expect to find [true] but found [false]">
      <![CDATA[java.lang.AssertionError: item per page assertion failed did not expect to find [true] but found [false]
at org.testng.Assert.fail(Assert.java:97)
at org.testng.Assert.failNotEquals(Assert.java:969)
at org.testng.Assert.assertTrue(Assert.java:43)
at com.tetherfi.test.reports.OCMTimelineReportTest.VerifySorting(OCMTimelineReportTest.java:611)
at sun.reflect.NativeMethodAccessorImpl.invoke0(Native Method)
at sun.reflect.NativeMethodAccessorImpl.invoke(Unknown Source)
at sun.reflect.DelegatingMethodAccessorImpl.invoke(Unknown Source)
at java.lang.reflect.Method.invoke(Unknown Source)
at org.testng.internal.MethodInvocationHelper.invokeMethod(MethodInvocationHelper.java:133)
at org.testng.internal.TestInvoker.invokeMethod(TestInvoker.java:584)
at org.testng.internal.TestInvoker.invokeTestMethod(TestInvoker.java:172)
at org.testng.internal.MethodRunner.runInSequence(MethodRunner.java:46)
at org.testng.internal.TestInvoker$MethodInvocationAgent.invoke(TestInvoker.java:804)
at org.testng.internal.TestInvoker.invokeTestMethods(TestInvoker.java:145)
at org.testng.internal.TestMethodWorker.invokeTestMethods(TestMethodWorker.java:146)
at org.testng.internal.TestMethodWorker.run(TestMethodWorker.java:128)
at java.util.ArrayList.forEach(Unknown Source)
at org.testng.TestRunner.privateRun(TestRunner.java:770)
at org.testng.TestRunner.run(TestRunner.java:591)
at org.testng.SuiteRunner.runTest(SuiteRunner.java:402)
at org.testng.SuiteRunner.runSequentially(SuiteRunner.java:396)
at org.testng.SuiteRunner.privateRun(SuiteRunner.java:355)
at org.testng.SuiteRunner.run(SuiteRunner.java:304)
at org.testng.SuiteRunnerWorker.runSuite(SuiteRunnerWorker.java:53)
at org.testng.SuiteRunnerWorker.run(SuiteRunnerWorker.java:96)
at org.testng.TestNG.runSuitesSequentially(TestNG.java:1180)
at org.testng.TestNG.runSuitesLocally(TestNG.java:1102)
at org.testng.TestNG.runSuites(TestNG.java:1032)
at org.testng.TestNG.run(TestNG.java:1000)
at org.testng.remote.AbstractRemoteTestNG.run(AbstractRemoteTestNG.java:115)
at org.testng.remote.RemoteTestNG.initAndRun(RemoteTestNG.java:251)
at org.testng.remote.RemoteTestNG.main(RemoteTestNG.java:77)
]]>
    </failure>
  </testcase> <!-- VerifySorting -->
  <testcase name="VerifyArrowMoveForFirstAndLastPageFoDrillDownOne" classname="com.tetherfi.test.reports.OCMTimelineReportTest">
    <skipped/>
  </testcase> <!-- VerifyArrowMoveForFirstAndLastPageFoDrillDownOne -->
  <testcase name="VerifyTotalNumberOfItemsPerPageDetailsForDrillDownOne" classname="com.tetherfi.test.reports.OCMTimelineReportTest">
    <skipped/>
  </testcase> <!-- VerifyTotalNumberOfItemsPerPageDetailsForDrillDownOne -->
  <testcase name="VerifyArrowMoveForPreviousAndNextPageForDrillDownOne" classname="com.tetherfi.test.reports.OCMTimelineReportTest">
    <skipped/>
  </testcase> <!-- VerifyArrowMoveForPreviousAndNextPageForDrillDownOne -->
</testsuite> <!-- com.tetherfi.test.reports.OCMTimelineReportTest -->
