<?xml version="1.0" encoding="UTF-8"?>
<!-- Generated by org.testng.reporters.JUnitReportReporter -->
<testsuite skipped="0" hostname="DESKTOP-NJVBPFB" name="com.tetherfi.test.chat.ChatTemplatesTest" tests="7" failures="0" timestamp="2020-05-08T09:28:06 IST" time="350.126" errors="0">
  <testcase name="AddNewDepartmentRecord" time="36.230" classname="com.tetherfi.test.chat.ChatTemplatesTest"/>
  <testcase name="AddNewGroupsRecord" time="56.965" classname="com.tetherfi.test.chat.ChatTemplatesTest"/>
  <testcase name="AddNewChatTemplatesRecord" time="47.085" classname="com.tetherfi.test.chat.ChatTemplatesTest"/>
  <testcase name="EditChatTemplatesRecord" time="41.276" classname="com.tetherfi.test.chat.ChatTemplatesTest"/>
  <testcase name="EditGroupRecord" time="53.718" classname="com.tetherfi.test.chat.ChatTemplatesTest"/>
  <testcase name="EditDepartmentRecord" time="52.319" classname="com.tetherfi.test.chat.ChatTemplatesTest"/>
  <testcase name="DeleteChatTemplatesRecord" time="62.533" classname="com.tetherfi.test.chat.ChatTemplatesTest"/>
</testsuite> <!-- com.tetherfi.test.chat.ChatTemplatesTest -->
