<?xml version="1.0" encoding="UTF-8"?>
<!-- Generated by org.testng.reporters.JUnitReportReporter -->
<testsuite hostname="DESKTOP-O6A5C2O" failures="0" tests="26" name="com.tetherfi.test.ivr.IntroMessageAnnouncementCreateTest" time="1170.599" errors="2" timestamp="2020-03-11T16:05:56 IST" skipped="2">
  <testcase classname="com.tetherfi.test.ivr.IntroMessageAnnouncementCreateTest" name="NavigateToIntroMessageAnnouncementPage" time="78.347">
    <error message="no such element: Unable to locate element: {&quot;method&quot;:&quot;css selector&quot;,&quot;selector&quot;:&quot;.ibox-title h5&quot;}
  (Session info: chrome=78.0.3904.70)
For documentation on this error, please visit: https://www.seleniumhq.org/exceptions/no_such_element.html
Build info: version: &#039;3.141.59&#039;, revision: &#039;e82be7d358&#039;, time: &#039;2018-11-14T08:17:03&#039;
System info: host: &#039;DESKTOP-O6A5C2O&#039;, ip: &#039;10.0.75.1&#039;, os.name: &#039;Windows 10&#039;, os.arch: &#039;amd64&#039;, os.version: &#039;10.0&#039;, java.version: &#039;9.0.4&#039;
Driver info: org.openqa.selenium.chrome.ChromeDriver
Capabilities {acceptInsecureCerts: false, browserName: chrome, browserVersion: 78.0.3904.70, chrome: {chromedriverVersion: 78.0.3904.105 (60e2d8774a81..., userDataDir: C:\Users\admin\AppData\Loca...}, goog:chromeOptions: {debuggerAddress: localhost:59078}, javascriptEnabled: true, networkConnectionEnabled: false, pageLoadStrategy: normal, platform: XP, platformName: XP, proxy: Proxy(), setWindowRect: true, strictFileInteractability: false, timeouts: {implicit: 0, pageLoad: 300000, script: 30000}, unhandledPromptBehavior: dismiss and notify}
Session ID: d44eed75ecec3ceaee810204af0a74a1
*** Element info: {Using=css selector, value=.ibox-title h5}" type="org.openqa.selenium.NoSuchElementException">
      <![CDATA[org.openqa.selenium.NoSuchElementException: no such element: Unable to locate element: {"method":"css selector","selector":".ibox-title h5"}
  (Session info: chrome=78.0.3904.70)
For documentation on this error, please visit: https://www.seleniumhq.org/exceptions/no_such_element.html
Build info: version: '3.141.59', revision: 'e82be7d358', time: '2018-11-14T08:17:03'
System info: host: 'DESKTOP-O6A5C2O', ip: '10.0.75.1', os.name: 'Windows 10', os.arch: 'amd64', os.version: '10.0', java.version: '9.0.4'
Driver info: org.openqa.selenium.chrome.ChromeDriver
Capabilities {acceptInsecureCerts: false, browserName: chrome, browserVersion: 78.0.3904.70, chrome: {chromedriverVersion: 78.0.3904.105 (60e2d8774a81..., userDataDir: C:\Users\admin\AppData\Loca...}, goog:chromeOptions: {debuggerAddress: localhost:59078}, javascriptEnabled: true, networkConnectionEnabled: false, pageLoadStrategy: normal, platform: XP, platformName: XP, proxy: Proxy(), setWindowRect: true, strictFileInteractability: false, timeouts: {implicit: 0, pageLoad: 300000, script: 30000}, unhandledPromptBehavior: dismiss and notify}
Session ID: d44eed75ecec3ceaee810204af0a74a1
*** Element info: {Using=css selector, value=.ibox-title h5}
at java.base/jdk.internal.reflect.NativeConstructorAccessorImpl.newInstance0(Native Method)
at java.base/jdk.internal.reflect.NativeConstructorAccessorImpl.newInstance(Unknown Source)
at java.base/jdk.internal.reflect.DelegatingConstructorAccessorImpl.newInstance(Unknown Source)
at java.base/java.lang.reflect.Constructor.newInstance(Unknown Source)
at org.openqa.selenium.remote.http.W3CHttpResponseCodec.createException(W3CHttpResponseCodec.java:187)
at org.openqa.selenium.remote.http.W3CHttpResponseCodec.decode(W3CHttpResponseCodec.java:122)
at org.openqa.selenium.remote.http.W3CHttpResponseCodec.decode(W3CHttpResponseCodec.java:49)
at org.openqa.selenium.remote.HttpCommandExecutor.execute(HttpCommandExecutor.java:158)
at org.openqa.selenium.remote.service.DriverCommandExecutor.execute(DriverCommandExecutor.java:83)
at org.openqa.selenium.remote.RemoteWebDriver.execute(RemoteWebDriver.java:552)
at org.openqa.selenium.remote.RemoteWebDriver.findElement(RemoteWebDriver.java:323)
at org.openqa.selenium.remote.RemoteWebDriver.findElementByCssSelector(RemoteWebDriver.java:420)
at org.openqa.selenium.By$ByCssSelector.findElement(By.java:431)
at org.openqa.selenium.remote.RemoteWebDriver.findElement(RemoteWebDriver.java:315)
at org.openqa.selenium.support.pagefactory.DefaultElementLocator.findElement(DefaultElementLocator.java:69)
at org.openqa.selenium.support.pagefactory.internal.LocatingElementHandler.invoke(LocatingElementHandler.java:38)
at com.sun.proxy.$Proxy14.isEnabled(Unknown Source)
at com.tetherfi.pages.IntroMessageAnnouncementPage.isIntroMessageAnnouncementPageDisplayed(IntroMessageAnnouncementPage.java:322)
at com.tetherfi.test.ivr.IntroMessageAnnouncementCreateTest.NavigateToIntroMessageAnnouncementPage(IntroMessageAnnouncementCreateTest.java:64)
at jdk.internal.reflect.GeneratedMethodAccessor8.invoke(Unknown Source)
at java.base/jdk.internal.reflect.DelegatingMethodAccessorImpl.invoke(Unknown Source)
at java.base/java.lang.reflect.Method.invoke(Unknown Source)
at org.testng.internal.MethodInvocationHelper.invokeMethod(MethodInvocationHelper.java:133)
at org.testng.internal.MethodInvocationHelper.invokeMethodConsideringTimeout(MethodInvocationHelper.java:62)
at org.testng.internal.ConfigInvoker.invokeConfigurationMethod(ConfigInvoker.java:340)
at org.testng.internal.ConfigInvoker.invokeConfigurations(ConfigInvoker.java:294)
at org.testng.internal.TestInvoker.runConfigMethods(TestInvoker.java:683)
at org.testng.internal.TestInvoker.invokeMethod(TestInvoker.java:510)
at org.testng.internal.TestInvoker.invokeTestMethod(TestInvoker.java:172)
at org.testng.internal.MethodRunner.runInSequence(MethodRunner.java:46)
at org.testng.internal.TestInvoker$MethodInvocationAgent.invoke(TestInvoker.java:804)
at org.testng.internal.TestInvoker.invokeTestMethods(TestInvoker.java:145)
at org.testng.internal.TestMethodWorker.invokeTestMethods(TestMethodWorker.java:146)
at org.testng.internal.TestMethodWorker.run(TestMethodWorker.java:128)
at java.base/java.util.ArrayList.forEach(Unknown Source)
at org.testng.TestRunner.privateRun(TestRunner.java:770)
at org.testng.TestRunner.run(TestRunner.java:591)
at org.testng.SuiteRunner.runTest(SuiteRunner.java:402)
at org.testng.SuiteRunner.runSequentially(SuiteRunner.java:396)
at org.testng.SuiteRunner.privateRun(SuiteRunner.java:355)
at org.testng.SuiteRunner.run(SuiteRunner.java:304)
at org.testng.SuiteRunnerWorker.runSuite(SuiteRunnerWorker.java:53)
at org.testng.SuiteRunnerWorker.run(SuiteRunnerWorker.java:96)
at org.testng.TestNG.runSuitesSequentially(TestNG.java:1180)
at org.testng.TestNG.runSuitesLocally(TestNG.java:1102)
at org.testng.TestNG.runSuites(TestNG.java:1032)
at org.testng.TestNG.run(TestNG.java:1000)
at org.testng.remote.AbstractRemoteTestNG.run(AbstractRemoteTestNG.java:115)
at org.testng.remote.RemoteTestNG.initAndRun(RemoteTestNG.java:251)
at org.testng.remote.RemoteTestNG.main(RemoteTestNG.java:77)
]]>
    </error>
  </testcase> <!-- NavigateToIntroMessageAnnouncementPage -->
  <testcase classname="com.tetherfi.test.ivr.IntroMessageAnnouncementCreateTest" name="VerifyAddCancelButton" time="44.656"/>
  <testcase classname="com.tetherfi.test.ivr.IntroMessageAnnouncementCreateTest" name="VerifyAddRecordwithoutFunctionality" time="47.176"/>
  <testcase classname="com.tetherfi.test.ivr.IntroMessageAnnouncementCreateTest" name="VerifyAddRecordWithoutHotLine" time="49.401"/>
  <testcase classname="com.tetherfi.test.ivr.IntroMessageAnnouncementCreateTest" name="VerifyAddRecordWithoutStartDateTime" time="52.405"/>
  <testcase classname="com.tetherfi.test.ivr.IntroMessageAnnouncementCreateTest" name="VerifyAddRecordWithoutEndDateTime" time="54.572"/>
  <testcase classname="com.tetherfi.test.ivr.IntroMessageAnnouncementCreateTest" name="VerifyAddRecordWithoutLanguage" time="49.448"/>
  <testcase classname="com.tetherfi.test.ivr.IntroMessageAnnouncementCreateTest" name="VerifyAddRecordWithoutWaveFile" time="48.886"/>
  <testcase classname="com.tetherfi.test.ivr.IntroMessageAnnouncementCreateTest" name="AddRevertRecord" time="48.152"/>
  <testcase classname="com.tetherfi.test.ivr.IntroMessageAnnouncementCreateTest" name="VerifyRevertForAddNewRecord" time="45.785"/>
  <testcase classname="com.tetherfi.test.ivr.IntroMessageAnnouncementCreateTest" name="VerifyApprovedDataSectionWithoutApproval" time="39.819"/>
  <testcase classname="com.tetherfi.test.ivr.IntroMessageAnnouncementCreateTest" name="VerifyAuditTrailReportForRevert" time="58.795"/>
  <testcase classname="com.tetherfi.test.ivr.IntroMessageAnnouncementCreateTest" name="AddRejectRecord" time="51.536"/>
  <testcase classname="com.tetherfi.test.ivr.IntroMessageAnnouncementCreateTest" name="VerifySendForApprovalForAddNewRecord" time="45.745"/>
  <testcase classname="com.tetherfi.test.ivr.IntroMessageAnnouncementCreateTest" name="RejectforAddNewIntroMessageAnnouncementRecord" time="41.429"/>
  <testcase classname="com.tetherfi.test.ivr.IntroMessageAnnouncementCreateTest" name="VerifyAuditTrailReportForReject" time="56.277"/>
  <testcase classname="com.tetherfi.test.ivr.IntroMessageAnnouncementCreateTest" name="VerifyRecordAfterRejection" time="36.095">
    <error message="stale element reference: element is not attached to the page document
  (Session info: chrome=78.0.3904.70)
For documentation on this error, please visit: https://www.seleniumhq.org/exceptions/stale_element_reference.html
Build info: version: &#039;3.141.59&#039;, revision: &#039;e82be7d358&#039;, time: &#039;2018-11-14T08:17:03&#039;
System info: host: &#039;DESKTOP-O6A5C2O&#039;, ip: &#039;10.0.75.1&#039;, os.name: &#039;Windows 10&#039;, os.arch: &#039;amd64&#039;, os.version: &#039;10.0&#039;, java.version: &#039;9.0.4&#039;
Driver info: org.openqa.selenium.chrome.ChromeDriver
Capabilities {acceptInsecureCerts: false, browserName: chrome, browserVersion: 78.0.3904.70, chrome: {chromedriverVersion: 78.0.3904.105 (60e2d8774a81..., userDataDir: C:\Users\admin\AppData\Loca...}, goog:chromeOptions: {debuggerAddress: localhost:58811}, javascriptEnabled: true, networkConnectionEnabled: false, pageLoadStrategy: normal, platform: XP, platformName: XP, proxy: Proxy(), setWindowRect: true, strictFileInteractability: false, timeouts: {implicit: 0, pageLoad: 300000, script: 30000}, unhandledPromptBehavior: dismiss and notify}
Session ID: 68941f5d69f1ef169161f8c797bd18d9" type="org.openqa.selenium.StaleElementReferenceException">
      <![CDATA[org.openqa.selenium.StaleElementReferenceException: stale element reference: element is not attached to the page document
  (Session info: chrome=78.0.3904.70)
For documentation on this error, please visit: https://www.seleniumhq.org/exceptions/stale_element_reference.html
Build info: version: '3.141.59', revision: 'e82be7d358', time: '2018-11-14T08:17:03'
System info: host: 'DESKTOP-O6A5C2O', ip: '10.0.75.1', os.name: 'Windows 10', os.arch: 'amd64', os.version: '10.0', java.version: '9.0.4'
Driver info: org.openqa.selenium.chrome.ChromeDriver
Capabilities {acceptInsecureCerts: false, browserName: chrome, browserVersion: 78.0.3904.70, chrome: {chromedriverVersion: 78.0.3904.105 (60e2d8774a81..., userDataDir: C:\Users\admin\AppData\Loca...}, goog:chromeOptions: {debuggerAddress: localhost:58811}, javascriptEnabled: true, networkConnectionEnabled: false, pageLoadStrategy: normal, platform: XP, platformName: XP, proxy: Proxy(), setWindowRect: true, strictFileInteractability: false, timeouts: {implicit: 0, pageLoad: 300000, script: 30000}, unhandledPromptBehavior: dismiss and notify}
Session ID: 68941f5d69f1ef169161f8c797bd18d9
at java.base/jdk.internal.reflect.NativeConstructorAccessorImpl.newInstance0(Native Method)
at java.base/jdk.internal.reflect.NativeConstructorAccessorImpl.newInstance(Unknown Source)
at java.base/jdk.internal.reflect.DelegatingConstructorAccessorImpl.newInstance(Unknown Source)
at java.base/java.lang.reflect.Constructor.newInstance(Unknown Source)
at org.openqa.selenium.remote.http.W3CHttpResponseCodec.createException(W3CHttpResponseCodec.java:187)
at org.openqa.selenium.remote.http.W3CHttpResponseCodec.decode(W3CHttpResponseCodec.java:122)
at org.openqa.selenium.remote.http.W3CHttpResponseCodec.decode(W3CHttpResponseCodec.java:49)
at org.openqa.selenium.remote.HttpCommandExecutor.execute(HttpCommandExecutor.java:158)
at org.openqa.selenium.remote.service.DriverCommandExecutor.execute(DriverCommandExecutor.java:83)
at org.openqa.selenium.remote.RemoteWebDriver.execute(RemoteWebDriver.java:552)
at org.openqa.selenium.remote.RemoteWebElement.execute(RemoteWebElement.java:285)
at org.openqa.selenium.remote.RemoteWebElement.isDisplayed(RemoteWebElement.java:326)
at org.openqa.selenium.support.ui.ExpectedConditions.elementIfVisible(ExpectedConditions.java:314)
at org.openqa.selenium.support.ui.ExpectedConditions.access$000(ExpectedConditions.java:43)
at org.openqa.selenium.support.ui.ExpectedConditions$10.apply(ExpectedConditions.java:300)
at org.openqa.selenium.support.ui.ExpectedConditions$10.apply(ExpectedConditions.java:297)
at org.openqa.selenium.support.ui.FluentWait.until(FluentWait.java:249)
at com.tetherfi.pages.BasePage.waitUntilWebElementListIsVisible(BasePage.java:139)
at com.tetherfi.pages.BasePage.selectDropdownFromVisibleText(BasePage.java:335)
at com.tetherfi.pages.IntroMessageAnnouncementPage.searchIntroMessageAnnouncementRecordApprovedData(IntroMessageAnnouncementPage.java:1033)
at com.tetherfi.pages.IntroMessageAnnouncementPage.verifyApprovedSectionData(IntroMessageAnnouncementPage.java:1021)
at com.tetherfi.test.ivr.IntroMessageAnnouncementCreateTest.VerifyRecordAfterRejection(IntroMessageAnnouncementCreateTest.java:247)
at java.base/jdk.internal.reflect.NativeMethodAccessorImpl.invoke0(Native Method)
at java.base/jdk.internal.reflect.NativeMethodAccessorImpl.invoke(Unknown Source)
at java.base/jdk.internal.reflect.DelegatingMethodAccessorImpl.invoke(Unknown Source)
at java.base/java.lang.reflect.Method.invoke(Unknown Source)
at org.testng.internal.MethodInvocationHelper.invokeMethod(MethodInvocationHelper.java:133)
at org.testng.internal.TestInvoker.invokeMethod(TestInvoker.java:584)
at org.testng.internal.TestInvoker.invokeTestMethod(TestInvoker.java:172)
at org.testng.internal.MethodRunner.runInSequence(MethodRunner.java:46)
at org.testng.internal.TestInvoker$MethodInvocationAgent.invoke(TestInvoker.java:804)
at org.testng.internal.TestInvoker.invokeTestMethods(TestInvoker.java:145)
at org.testng.internal.TestMethodWorker.invokeTestMethods(TestMethodWorker.java:146)
at org.testng.internal.TestMethodWorker.run(TestMethodWorker.java:128)
at java.base/java.util.ArrayList.forEach(Unknown Source)
at org.testng.TestRunner.privateRun(TestRunner.java:770)
at org.testng.TestRunner.run(TestRunner.java:591)
at org.testng.SuiteRunner.runTest(SuiteRunner.java:402)
at org.testng.SuiteRunner.runSequentially(SuiteRunner.java:396)
at org.testng.SuiteRunner.privateRun(SuiteRunner.java:355)
at org.testng.SuiteRunner.run(SuiteRunner.java:304)
at org.testng.SuiteRunnerWorker.runSuite(SuiteRunnerWorker.java:53)
at org.testng.SuiteRunnerWorker.run(SuiteRunnerWorker.java:96)
at org.testng.TestNG.runSuitesSequentially(TestNG.java:1180)
at org.testng.TestNG.runSuitesLocally(TestNG.java:1102)
at org.testng.TestNG.runSuites(TestNG.java:1032)
at org.testng.TestNG.run(TestNG.java:1000)
at org.testng.remote.AbstractRemoteTestNG.run(AbstractRemoteTestNG.java:115)
at org.testng.remote.RemoteTestNG.initAndRun(RemoteTestNG.java:251)
at org.testng.remote.RemoteTestNG.main(RemoteTestNG.java:77)
]]>
    </error>
  </testcase> <!-- VerifyRecordAfterRejection -->
  <testcase classname="com.tetherfi.test.ivr.IntroMessageAnnouncementCreateTest" name="AddNewIntroMessageAnnouncementRecord" time="50.999"/>
  <testcase classname="com.tetherfi.test.ivr.IntroMessageAnnouncementCreateTest" name="VerifyAuditTrailReportForCreate" time="57.897"/>
  <testcase classname="com.tetherfi.test.ivr.IntroMessageAnnouncementCreateTest" name="VerifyAuditTrailDataForAddNewIntroMessageAnnouncementRecord" time="40.480"/>
  <testcase classname="com.tetherfi.test.ivr.IntroMessageAnnouncementCreateTest" name="VerifySendForApprovalForAddNewIntroMessageAnnouncementRecord" time="45.854"/>
  <testcase classname="com.tetherfi.test.ivr.IntroMessageAnnouncementCreateTest" name="VerifyAuditTrailReportForSendForApproval" time="59.938"/>
  <testcase classname="com.tetherfi.test.ivr.IntroMessageAnnouncementCreateTest" name="ApproveforAddNewIntroMessageAnnouncementRecord" time="43.263"/>
  <testcase classname="com.tetherfi.test.ivr.IntroMessageAnnouncementCreateTest" name="VerifyAuditTrailReportForApprove" time="23.644"/>
  <testcase classname="com.tetherfi.test.ivr.IntroMessageAnnouncementCreateTest" name="VerifyRecordApprovedDataSectionafterApproval" time="0.000">
    <skipped/>
  </testcase> <!-- VerifyRecordApprovedDataSectionafterApproval -->
  <testcase classname="com.tetherfi.test.ivr.IntroMessageAnnouncementCreateTest" name="AddDuplicateRecord" time="0.000">
    <skipped/>
  </testcase> <!-- AddDuplicateRecord -->
</testsuite> <!-- com.tetherfi.test.ivr.IntroMessageAnnouncementCreateTest -->
