<?xml version="1.0" encoding="UTF-8"?>
<!-- Generated by org.testng.reporters.JUnitReportReporter -->
<testsuite hostname="DESKTOP-O6A5C2O" failures="1" tests="34" name="com.tetherfi.test.tmac.AgentTeamMgmtTest" time="506.142" errors="0" timestamp="2019-10-21T19:49:18 IST" skipped="0">
  <testcase classname="com.tetherfi.test.tmac.AgentTeamMgmtTest" name="AgentTeamManagementPage" time="7.562"/>
  <testcase classname="com.tetherfi.test.tmac.AgentTeamMgmtTest" name="AddNewCountryRecord" time="13.898"/>
  <testcase classname="com.tetherfi.test.tmac.AgentTeamMgmtTest" name="AddNewDivisionRecord" time="17.589"/>
  <testcase classname="com.tetherfi.test.tmac.AgentTeamMgmtTest" name="AddNewDepartmentRecord" time="17.821"/>
  <testcase classname="com.tetherfi.test.tmac.AgentTeamMgmtTest" name="AddNewAgentTeamManagementCancelRecord" time="17.697"/>
  <testcase classname="com.tetherfi.test.tmac.AgentTeamMgmtTest" name="AddNewAgentTeamManagementRecord" time="18.132"/>
  <testcase classname="com.tetherfi.test.tmac.AgentTeamMgmtTest" name="VerifyAuditTrialReportForCreate" time="32.886"/>
  <testcase classname="com.tetherfi.test.tmac.AgentTeamMgmtTest" name="AddRecordTeamNameBlank" time="18.680"/>
  <testcase classname="com.tetherfi.test.tmac.AgentTeamMgmtTest" name="AddRecordCountryBlank" time="14.767"/>
  <testcase classname="com.tetherfi.test.tmac.AgentTeamMgmtTest" name="AddRecordDivisionBlank" time="17.509"/>
  <testcase classname="com.tetherfi.test.tmac.AgentTeamMgmtTest" name="AddRecordDepartmentBlank" time="16.977"/>
  <testcase classname="com.tetherfi.test.tmac.AgentTeamMgmtTest" name="AddDuplicateRecord" time="17.164"/>
  <testcase classname="com.tetherfi.test.tmac.AgentTeamMgmtTest" name="EditAgentTeamManagementCancelRecord" time="12.886"/>
  <testcase classname="com.tetherfi.test.tmac.AgentTeamMgmtTest" name="EditAgentTeamManagementRecord" time="12.732"/>
  <testcase classname="com.tetherfi.test.tmac.AgentTeamMgmtTest" name="VerifyAuditTrialReportForUpdate" time="32.183"/>
  <testcase classname="com.tetherfi.test.tmac.AgentTeamMgmtTest" name="searchPage" time="12.465"/>
  <testcase classname="com.tetherfi.test.tmac.AgentTeamMgmtTest" name="DeleteAgentTeamManagementCancelRecord" time="14.020"/>
  <testcase classname="com.tetherfi.test.tmac.AgentTeamMgmtTest" name="DeleteAgentTeamManagementRecord" time="15.432"/>
  <testcase classname="com.tetherfi.test.tmac.AgentTeamMgmtTest" name="VerifyAuditTrialReportForDelete" time="30.330"/>
  <testcase classname="com.tetherfi.test.tmac.AgentTeamMgmtTest" name="SearchClearSearch" time="10.262"/>
  <testcase classname="com.tetherfi.test.tmac.AgentTeamMgmtTest" name="ExportToExcel" time="9.155"/>
  <testcase classname="com.tetherfi.test.tmac.AgentTeamMgmtTest" name="ExportToExcelData" time="9.535"/>
  <testcase classname="com.tetherfi.test.tmac.AgentTeamMgmtTest" name="database" time="11.726">
    <failure message="did not expect to find [true] but found [false]" type="java.lang.AssertionError">
      <![CDATA[java.lang.AssertionError: did not expect to find [true] but found [false]
at org.testng.Assert.fail(Assert.java:97)
at org.testng.Assert.failNotEquals(Assert.java:969)
at org.testng.Assert.assertTrue(Assert.java:43)
at org.testng.Assert.assertTrue(Assert.java:53)
at com.tetherfi.test.tmac.AgentTeamMgmtTest.database(AgentTeamMgmtTest.java:279)
at java.base/jdk.internal.reflect.NativeMethodAccessorImpl.invoke0(Native Method)
at java.base/jdk.internal.reflect.NativeMethodAccessorImpl.invoke(Unknown Source)
at java.base/jdk.internal.reflect.DelegatingMethodAccessorImpl.invoke(Unknown Source)
at java.base/java.lang.reflect.Method.invoke(Unknown Source)
at org.testng.internal.MethodInvocationHelper.invokeMethod(MethodInvocationHelper.java:133)
at org.testng.internal.TestInvoker.invokeMethod(TestInvoker.java:584)
at org.testng.internal.TestInvoker.invokeTestMethod(TestInvoker.java:172)
at org.testng.internal.MethodRunner.runInSequence(MethodRunner.java:46)
at org.testng.internal.TestInvoker$MethodInvocationAgent.invoke(TestInvoker.java:804)
at org.testng.internal.TestInvoker.invokeTestMethods(TestInvoker.java:145)
at org.testng.internal.TestMethodWorker.invokeTestMethods(TestMethodWorker.java:146)
at org.testng.internal.TestMethodWorker.run(TestMethodWorker.java:128)
at java.base/java.util.ArrayList.forEach(Unknown Source)
at org.testng.TestRunner.privateRun(TestRunner.java:770)
at org.testng.TestRunner.run(TestRunner.java:591)
at org.testng.SuiteRunner.runTest(SuiteRunner.java:402)
at org.testng.SuiteRunner.runSequentially(SuiteRunner.java:396)
at org.testng.SuiteRunner.privateRun(SuiteRunner.java:355)
at org.testng.SuiteRunner.run(SuiteRunner.java:304)
at org.testng.SuiteRunnerWorker.runSuite(SuiteRunnerWorker.java:53)
at org.testng.SuiteRunnerWorker.run(SuiteRunnerWorker.java:96)
at org.testng.TestNG.runSuitesSequentially(TestNG.java:1180)
at org.testng.TestNG.runSuitesLocally(TestNG.java:1102)
at org.testng.TestNG.runSuites(TestNG.java:1032)
at org.testng.TestNG.run(TestNG.java:1000)
at org.testng.remote.AbstractRemoteTestNG.run(AbstractRemoteTestNG.java:115)
at org.testng.remote.RemoteTestNG.initAndRun(RemoteTestNG.java:251)
at org.testng.remote.RemoteTestNG.main(RemoteTestNG.java:77)
]]>
    </failure>
  </testcase> <!-- database -->
  <testcase classname="com.tetherfi.test.tmac.AgentTeamMgmtTest" name="GroupBy" time="8.118"/>
  <testcase classname="com.tetherfi.test.tmac.AgentTeamMgmtTest" name="VerifyArrowMoveForPreviousAndNextPage" time="8.631"/>
  <testcase classname="com.tetherfi.test.tmac.AgentTeamMgmtTest" name="VerifyArrowMoveForFirstAndLastPage" time="7.049"/>
  <testcase classname="com.tetherfi.test.tmac.AgentTeamMgmtTest" name="VerifyTotalNumberOfItemsPerPageDetails" time="7.692"/>
  <testcase classname="com.tetherfi.test.tmac.AgentTeamMgmtTest" name="VerifyNumberOfItemsPerPageSelection" time="15.633"/>
  <testcase classname="com.tetherfi.test.tmac.AgentTeamMgmtTest" name="VerifyDropdownForAllTheColumns" time="14.792"/>
  <testcase classname="com.tetherfi.test.tmac.AgentTeamMgmtTest" name="VerifyColumnsHeaderEnable" time="12.465"/>
  <testcase classname="com.tetherfi.test.tmac.AgentTeamMgmtTest" name="VerifyColumnsHeaderDisable" time="14.202"/>
  <testcase classname="com.tetherfi.test.tmac.AgentTeamMgmtTest" name="SortingByAscending" time="12.755"/>
  <testcase classname="com.tetherfi.test.tmac.AgentTeamMgmtTest" name="SortingByDescending" time="12.360"/>
  <testcase classname="com.tetherfi.test.tmac.AgentTeamMgmtTest" name="ExporttoExcelWithoutData" time="11.037"/>
</testsuite> <!-- com.tetherfi.test.tmac.AgentTeamMgmtTest -->
