<?xml version="1.0" encoding="UTF-8"?>
<!-- Generated by org.testng.reporters.JUnitReportReporter -->
<testsuite hostname="admin" failures="0" tests="1" name="com.tetherfi.test.reports.OCMChatInteractionReportTest" time="64.115" errors="0" timestamp="2020-06-21T13:17:20 IST" skipped="0">
  <testcase classname="com.tetherfi.test.reports.OCMChatInteractionReportTest" name="database" time="64.115"/>
</testsuite> <!-- com.tetherfi.test.reports.OCMChatInteractionReportTest -->
