<?xml version="1.0" encoding="UTF-8"?>
<!-- Generated by org.testng.reporters.JUnitReportReporter -->
<testsuite skipped="0" hostname="admin" name="com.tetherfi.test.tmac.TmacTransferListTest" tests="6" failures="0" timestamp="23 Jan 2019 06:18:32 GMT" time="92.053" errors="0">
  <testcase name="DeleteTmacBlindTransferRecord" time="30.587" classname="com.tetherfi.test.tmac.TmacTransferListTest"/>
  <testcase name="DeleteTmacConsultTransferRecord" time="10.316" classname="com.tetherfi.test.tmac.TmacTransferListTest"/>
  <testcase name="AddNewTmacBlindTransferRecord" time="13.094" classname="com.tetherfi.test.tmac.TmacTransferListTest"/>
  <testcase name="AddNewTmacConsultTransferRecord" time="8.863" classname="com.tetherfi.test.tmac.TmacTransferListTest"/>
  <testcase name="EditTmacConsultTransferRecord" time="13.183" classname="com.tetherfi.test.tmac.TmacTransferListTest"/>
  <testcase name="EditTmacBlindTransferRecord" time="16.010" classname="com.tetherfi.test.tmac.TmacTransferListTest"/>
</testsuite> <!-- com.tetherfi.test.tmac.TmacTransferListTest -->
