<?xml version="1.0" encoding="UTF-8"?>
<!-- Generated by org.testng.reporters.JUnitReportReporter -->
<testsuite skipped="0" hostname="DESKTOP-NJVBPFB" name="com.tetherfi.test.reports.OCMAudioVideoPlaybackReportTest" tests="1" failures="0" timestamp="2020-05-18T09:46:10 IST" time="60.542" errors="0">
  <testcase name="database" time="60.542" classname="com.tetherfi.test.reports.OCMAudioVideoPlaybackReportTest"/>
</testsuite> <!-- com.tetherfi.test.reports.OCMAudioVideoPlaybackReportTest -->
