<?xml version="1.0" encoding="UTF-8"?>
<!-- Generated by org.testng.reporters.JUnitReportReporter -->
<testsuite skipped="0" hostname="DESKTOP-NJVBPFB" name="com.tetherfi.test.reports.AgentAuxReportTest" tests="1" failures="0" timestamp="2020-03-24T18:04:40 IST" time="32.183" errors="0">
  <testcase name="ShowAgentAuxReport" time="32.183" classname="com.tetherfi.test.reports.AgentAuxReportTest"/>
</testsuite> <!-- com.tetherfi.test.reports.AgentAuxReportTest -->
