<?xml version="1.0" encoding="UTF-8"?>
<!-- Generated by org.testng.reporters.JUnitReportReporter -->
<testsuite skipped="0" hostname="TTF-BLR-SANTOSHKOUJALAGI" name="com.tetherfi.test.fax.FaxTemplateCoverPageTypeCreateTest" tests="18" failures="0" timestamp="2021-07-26T21:44:07 IST" time="1333.860" errors="0">
  <testcase name="AddRevertRecord" time="91.859" classname="com.tetherfi.test.fax.FaxTemplateCoverPageTypeCreateTest"/>
  <testcase name="VerifyRevertforAddNewRecord" time="66.944" classname="com.tetherfi.test.fax.FaxTemplateCoverPageTypeCreateTest"/>
  <testcase name="VerifyApprovedDataSectionWithOutApproval" time="58.361" classname="com.tetherfi.test.fax.FaxTemplateCoverPageTypeCreateTest"/>
  <testcase name="VerifyAuditTrailReportForRevertRecord" time="85.896" classname="com.tetherfi.test.fax.FaxTemplateCoverPageTypeCreateTest"/>
  <testcase name="AddRejectRecord" time="98.436" classname="com.tetherfi.test.fax.FaxTemplateCoverPageTypeCreateTest"/>
  <testcase name="VerifySendForApprovalAddNewRecord" time="65.884" classname="com.tetherfi.test.fax.FaxTemplateCoverPageTypeCreateTest"/>
  <testcase name="RejectForAddNewFaxTemplateRecord" time="65.198" classname="com.tetherfi.test.fax.FaxTemplateCoverPageTypeCreateTest"/>
  <testcase name="VerifyAuditTrailReportForRejectRecord" time="61.489" classname="com.tetherfi.test.fax.FaxTemplateCoverPageTypeCreateTest"/>
  <testcase name="VerifyRecordAfterRejection" time="57.050" classname="com.tetherfi.test.fax.FaxTemplateCoverPageTypeCreateTest"/>
  <testcase name="addApproveRecord" time="92.603" classname="com.tetherfi.test.fax.FaxTemplateCoverPageTypeCreateTest"/>
  <testcase name="VerifyAuditTrailReportForApproveRecord" time="88.928" classname="com.tetherfi.test.fax.FaxTemplateCoverPageTypeCreateTest"/>
  <testcase name="VerifyAuditTrailDataForApproveRecord" time="61.378" classname="com.tetherfi.test.fax.FaxTemplateCoverPageTypeCreateTest"/>
  <testcase name="VerifySendForApprovalAddNewApproveRecord" time="66.071" classname="com.tetherfi.test.fax.FaxTemplateCoverPageTypeCreateTest"/>
  <testcase name="VerifyAuditTrailReportForSendForApproval" time="85.527" classname="com.tetherfi.test.fax.FaxTemplateCoverPageTypeCreateTest"/>
  <testcase name="ApproveForAddNewFaxTemplateRecord" time="46.895" classname="com.tetherfi.test.fax.FaxTemplateCoverPageTypeCreateTest"/>
  <testcase name="VerifyAuditTrailReportForApprove" time="86.605" classname="com.tetherfi.test.fax.FaxTemplateCoverPageTypeCreateTest"/>
  <testcase name="VerifyApprovedDataSectionAfterApproval" time="66.706" classname="com.tetherfi.test.fax.FaxTemplateCoverPageTypeCreateTest"/>
  <testcase name="addDuplicateRecord" time="88.030" classname="com.tetherfi.test.fax.FaxTemplateCoverPageTypeCreateTest"/>
</testsuite> <!-- com.tetherfi.test.fax.FaxTemplateCoverPageTypeCreateTest -->
