<?xml version="1.0" encoding="UTF-8"?>
<!-- Generated by org.testng.reporters.JUnitReportReporter -->
<testsuite hostname="DESKTOP-O6A5C2O" failures="0" tests="39" name="com.tetherfi.test.ivr.VBEnrollmentFlagTest" time="661.710" errors="0" timestamp="2020-03-11T12:25:42 IST" skipped="0">
  <testcase classname="com.tetherfi.test.ivr.VBEnrollmentFlagTest" name="VbEnrollmentFlagPage" time="9.209"/>
  <testcase classname="com.tetherfi.test.ivr.VBEnrollmentFlagTest" name="VerifyDropdownForAllTheColumns" time="15.466"/>
  <testcase classname="com.tetherfi.test.ivr.VBEnrollmentFlagTest" name="VerifyColumnsHeaderEnable" time="12.796"/>
  <testcase classname="com.tetherfi.test.ivr.VBEnrollmentFlagTest" name="VerifyColumnsHeaderDisable" time="13.870"/>
  <testcase classname="com.tetherfi.test.ivr.VBEnrollmentFlagTest" name="AddNewVBEnrollmentFlagRecord" time="11.116"/>
  <testcase classname="com.tetherfi.test.ivr.VBEnrollmentFlagTest" name="AddDuplicateVBEnrollmentFlagRecord" time="10.302"/>
  <testcase classname="com.tetherfi.test.ivr.VBEnrollmentFlagTest" name="VerifyAuditTrialReportForCreate" time="36.485"/>
  <testcase classname="com.tetherfi.test.ivr.VBEnrollmentFlagTest" name="AddEmptyRecord" time="9.434"/>
  <testcase classname="com.tetherfi.test.ivr.VBEnrollmentFlagTest" name="AddRecordWithoutDNIS" time="8.889"/>
  <testcase classname="com.tetherfi.test.ivr.VBEnrollmentFlagTest" name="AddRecordWithoutHotLineName" time="10.930"/>
  <testcase classname="com.tetherfi.test.ivr.VBEnrollmentFlagTest" name="AddRecordWithoutEnrollmentFlag" time="9.731"/>
  <testcase classname="com.tetherfi.test.ivr.VBEnrollmentFlagTest" name="VerifyCancelBtnAtAddRecord" time="50.927"/>
  <testcase classname="com.tetherfi.test.ivr.VBEnrollmentFlagTest" name="VerifySearchIsNotEqualTo" time="13.442"/>
  <testcase classname="com.tetherfi.test.ivr.VBEnrollmentFlagTest" name="VerifySearchContains" time="14.537"/>
  <testcase classname="com.tetherfi.test.ivr.VBEnrollmentFlagTest" name="VerifySearchDoesNotContains" time="14.074"/>
  <testcase classname="com.tetherfi.test.ivr.VBEnrollmentFlagTest" name="VerifySearchStartsWith" time="13.523"/>
  <testcase classname="com.tetherfi.test.ivr.VBEnrollmentFlagTest" name="VerifySearchEndsWith" time="12.821"/>
  <testcase classname="com.tetherfi.test.ivr.VBEnrollmentFlagTest" name="EditVBEnrollmentFlagRecord" time="15.116"/>
  <testcase classname="com.tetherfi.test.ivr.VBEnrollmentFlagTest" name="VerifyAuditTrialReportForUpdate" time="35.849"/>
  <testcase classname="com.tetherfi.test.ivr.VBEnrollmentFlagTest" name="EditWithoutModifyReasonRecord" time="14.199"/>
  <testcase classname="com.tetherfi.test.ivr.VBEnrollmentFlagTest" name="VerifyCancelBtnAtEditRecord" time="58.179"/>
  <testcase classname="com.tetherfi.test.ivr.VBEnrollmentFlagTest" name="searchPage" time="11.577"/>
  <testcase classname="com.tetherfi.test.ivr.VBEnrollmentFlagTest" name="searchwithoutSearchTextbox" time="10.396"/>
  <testcase classname="com.tetherfi.test.ivr.VBEnrollmentFlagTest" name="ExportToExcel" time="10.760"/>
  <testcase classname="com.tetherfi.test.ivr.VBEnrollmentFlagTest" name="ExportToExcelData" time="10.657"/>
  <testcase classname="com.tetherfi.test.ivr.VBEnrollmentFlagTest" name="SortingByAscending" time="11.695"/>
  <testcase classname="com.tetherfi.test.ivr.VBEnrollmentFlagTest" name="SortingByDescending" time="12.657"/>
  <testcase classname="com.tetherfi.test.ivr.VBEnrollmentFlagTest" name="GroupBy" time="11.643"/>
  <testcase classname="com.tetherfi.test.ivr.VBEnrollmentFlagTest" name="VerifyArrowMoveForPreviousAndNextPage" time="6.242"/>
  <testcase classname="com.tetherfi.test.ivr.VBEnrollmentFlagTest" name="VerifyArrowMoveForFirstAndLastPage" time="7.216"/>
  <testcase classname="com.tetherfi.test.ivr.VBEnrollmentFlagTest" name="VerifyTotalNumberOfItemsPerPageDetails" time="6.981"/>
  <testcase classname="com.tetherfi.test.ivr.VBEnrollmentFlagTest" name="VerifyNumberOfItemsPerPageSelection" time="14.103"/>
  <testcase classname="com.tetherfi.test.ivr.VBEnrollmentFlagTest" name="database" time="11.862"/>
  <testcase classname="com.tetherfi.test.ivr.VBEnrollmentFlagTest" name="DeleteWithoutDeleteReasonRecord" time="13.338"/>
  <testcase classname="com.tetherfi.test.ivr.VBEnrollmentFlagTest" name="VerifyCancelBtnAtDeleteVBEnrollmentFlagRecord" time="56.832"/>
  <testcase classname="com.tetherfi.test.ivr.VBEnrollmentFlagTest" name="DeleteVBEnrollmentFlagRecord" time="14.255"/>
  <testcase classname="com.tetherfi.test.ivr.VBEnrollmentFlagTest" name="VerifyAuditTrialReportForDelete" time="34.955"/>
  <testcase classname="com.tetherfi.test.ivr.VBEnrollmentFlagTest" name="SearchClearSearch" time="12.332"/>
  <testcase classname="com.tetherfi.test.ivr.VBEnrollmentFlagTest" name="ExporttoExcelWithoutData" time="13.314"/>
</testsuite> <!-- com.tetherfi.test.ivr.VBEnrollmentFlagTest -->
