<?xml version="1.0" encoding="UTF-8"?>
<!-- Generated by org.testng.reporters.JUnitReportReporter -->
<testsuite skipped="1" hostname="TTF-BLR-SANTOSHKOUJALAGI" name="com.tetherfi.test.reports.OCMChatAnalysisCountReportTest" tests="44" failures="4" timestamp="2021-09-02T01:15:30 IST" time="840.307" errors="0">
  <testcase name="ShowReport" time="17.818" classname="com.tetherfi.test.reports.OCMChatAnalysisCountReportTest"/>
  <testcase name="ShowReportInNewPage" time="18.678" classname="com.tetherfi.test.reports.OCMChatAnalysisCountReportTest"/>
  <testcase name="database" time="19.236" classname="com.tetherfi.test.reports.OCMChatAnalysisCountReportTest">
    <failure type="java.lang.AssertionError" message="Main report Data Mismatch did not expect to find [true] but found [false]">
      <![CDATA[java.lang.AssertionError: Main report Data Mismatch did not expect to find [true] but found [false]
at org.testng.Assert.fail(Assert.java:97)
at org.testng.Assert.failNotEquals(Assert.java:969)
at org.testng.Assert.assertTrue(Assert.java:43)
at com.tetherfi.test.reports.OCMChatAnalysisCountReportTest.database(OCMChatAnalysisCountReportTest.java:61)
at sun.reflect.NativeMethodAccessorImpl.invoke0(Native Method)
at sun.reflect.NativeMethodAccessorImpl.invoke(Unknown Source)
at sun.reflect.DelegatingMethodAccessorImpl.invoke(Unknown Source)
at java.lang.reflect.Method.invoke(Unknown Source)
at org.testng.internal.MethodInvocationHelper.invokeMethod(MethodInvocationHelper.java:133)
at org.testng.internal.TestInvoker.invokeMethod(TestInvoker.java:584)
at org.testng.internal.TestInvoker.invokeTestMethod(TestInvoker.java:172)
at org.testng.internal.MethodRunner.runInSequence(MethodRunner.java:46)
at org.testng.internal.TestInvoker$MethodInvocationAgent.invoke(TestInvoker.java:804)
at org.testng.internal.TestInvoker.invokeTestMethods(TestInvoker.java:145)
at org.testng.internal.TestMethodWorker.invokeTestMethods(TestMethodWorker.java:146)
at org.testng.internal.TestMethodWorker.run(TestMethodWorker.java:128)
at java.util.ArrayList.forEach(Unknown Source)
at org.testng.TestRunner.privateRun(TestRunner.java:770)
at org.testng.TestRunner.run(TestRunner.java:591)
at org.testng.SuiteRunner.runTest(SuiteRunner.java:402)
at org.testng.SuiteRunner.runSequentially(SuiteRunner.java:396)
at org.testng.SuiteRunner.privateRun(SuiteRunner.java:355)
at org.testng.SuiteRunner.run(SuiteRunner.java:304)
at org.testng.SuiteRunnerWorker.runSuite(SuiteRunnerWorker.java:53)
at org.testng.SuiteRunnerWorker.run(SuiteRunnerWorker.java:96)
at org.testng.TestNG.runSuitesSequentially(TestNG.java:1180)
at org.testng.TestNG.runSuitesLocally(TestNG.java:1102)
at org.testng.TestNG.runSuites(TestNG.java:1032)
at org.testng.TestNG.run(TestNG.java:1000)
at org.testng.remote.AbstractRemoteTestNG.run(AbstractRemoteTestNG.java:115)
at org.testng.remote.RemoteTestNG.initAndRun(RemoteTestNG.java:251)
at org.testng.remote.RemoteTestNG.main(RemoteTestNG.java:77)
]]>
    </failure>
  </testcase> <!-- database -->
  <testcase name="VerifySearchByFeature" time="24.321" classname="com.tetherfi.test.reports.OCMChatAnalysisCountReportTest"/>
  <testcase name="VerifySearchIsEqualTo" time="22.428" classname="com.tetherfi.test.reports.OCMChatAnalysisCountReportTest"/>
  <testcase name="searchwithoutSearchTextbox" time="28.353" classname="com.tetherfi.test.reports.OCMChatAnalysisCountReportTest"/>
  <testcase name="VerifySearchContains" time="24.402" classname="com.tetherfi.test.reports.OCMChatAnalysisCountReportTest"/>
  <testcase name="VerifySearchEndsWith" time="23.734" classname="com.tetherfi.test.reports.OCMChatAnalysisCountReportTest"/>
  <testcase name="SearchClearSearch" time="21.657" classname="com.tetherfi.test.reports.OCMChatAnalysisCountReportTest"/>
  <testcase name="verifyAdvanceSearchIsEqualTo" time="25.970" classname="com.tetherfi.test.reports.OCMChatAnalysisCountReportTest"/>
  <testcase name="verifyAdvancedSearchIsNotEqualTo" time="27.963" classname="com.tetherfi.test.reports.OCMChatAnalysisCountReportTest"/>
  <testcase name="verifyAdvancedSearchinreportpageSearchContains" time="25.774" classname="com.tetherfi.test.reports.OCMChatAnalysisCountReportTest"/>
  <testcase name="verifyAdvancedSearchinreportpageSearchStartsWith" time="24.837" classname="com.tetherfi.test.reports.OCMChatAnalysisCountReportTest"/>
  <testcase name="verifyAdvancedSearchinreportpageSearchEndsWith" time="26.706" classname="com.tetherfi.test.reports.OCMChatAnalysisCountReportTest"/>
  <testcase name="ClearAdvfiltersSrch" time="20.778" classname="com.tetherfi.test.reports.OCMChatAnalysisCountReportTest"/>
  <testcase name="ClearAll" time="13.396" classname="com.tetherfi.test.reports.OCMChatAnalysisCountReportTest"/>
  <testcase name="GroupBy" time="24.582" classname="com.tetherfi.test.reports.OCMChatAnalysisCountReportTest"/>
  <testcase name="ScheduleOCMChatanalysiscountReport" time="15.396" classname="com.tetherfi.test.reports.OCMChatAnalysisCountReportTest"/>
  <testcase name="ExportOcmChatanalysiscountReport" time="13.659" classname="com.tetherfi.test.reports.OCMChatAnalysisCountReportTest"/>
  <testcase name="ViewDownloadedOcmChatanalysiscountReportInReportsDownloadPage" time="11.999" classname="com.tetherfi.test.reports.OCMChatAnalysisCountReportTest"/>
  <testcase name="VerifyViewDownloadedOcmChatanalysiscountReportInReportsDownloadOcmChatanalysiscountReport" time="15.650" classname="com.tetherfi.test.reports.OCMChatAnalysisCountReportTest">
    <failure type="java.lang.AssertionError" message="did not expect to find [true] but found [false]">
      <![CDATA[java.lang.AssertionError: did not expect to find [true] but found [false]
at org.testng.Assert.fail(Assert.java:97)
at org.testng.Assert.failNotEquals(Assert.java:969)
at org.testng.Assert.assertTrue(Assert.java:43)
at org.testng.Assert.assertTrue(Assert.java:53)
at com.tetherfi.test.reports.OCMChatAnalysisCountReportTest.VerifyViewDownloadedOcmChatanalysiscountReportInReportsDownloadOcmChatanalysiscountReport(OCMChatAnalysisCountReportTest.java:260)
at sun.reflect.NativeMethodAccessorImpl.invoke0(Native Method)
at sun.reflect.NativeMethodAccessorImpl.invoke(Unknown Source)
at sun.reflect.DelegatingMethodAccessorImpl.invoke(Unknown Source)
at java.lang.reflect.Method.invoke(Unknown Source)
at org.testng.internal.MethodInvocationHelper.invokeMethod(MethodInvocationHelper.java:133)
at org.testng.internal.TestInvoker.invokeMethod(TestInvoker.java:584)
at org.testng.internal.TestInvoker.invokeTestMethod(TestInvoker.java:172)
at org.testng.internal.MethodRunner.runInSequence(MethodRunner.java:46)
at org.testng.internal.TestInvoker$MethodInvocationAgent.invoke(TestInvoker.java:804)
at org.testng.internal.TestInvoker.invokeTestMethods(TestInvoker.java:145)
at org.testng.internal.TestMethodWorker.invokeTestMethods(TestMethodWorker.java:146)
at org.testng.internal.TestMethodWorker.run(TestMethodWorker.java:128)
at java.util.ArrayList.forEach(Unknown Source)
at org.testng.TestRunner.privateRun(TestRunner.java:770)
at org.testng.TestRunner.run(TestRunner.java:591)
at org.testng.SuiteRunner.runTest(SuiteRunner.java:402)
at org.testng.SuiteRunner.runSequentially(SuiteRunner.java:396)
at org.testng.SuiteRunner.privateRun(SuiteRunner.java:355)
at org.testng.SuiteRunner.run(SuiteRunner.java:304)
at org.testng.SuiteRunnerWorker.runSuite(SuiteRunnerWorker.java:53)
at org.testng.SuiteRunnerWorker.run(SuiteRunnerWorker.java:96)
at org.testng.TestNG.runSuitesSequentially(TestNG.java:1180)
at org.testng.TestNG.runSuitesLocally(TestNG.java:1102)
at org.testng.TestNG.runSuites(TestNG.java:1032)
at org.testng.TestNG.run(TestNG.java:1000)
at org.testng.remote.AbstractRemoteTestNG.run(AbstractRemoteTestNG.java:115)
at org.testng.remote.RemoteTestNG.initAndRun(RemoteTestNG.java:251)
at org.testng.remote.RemoteTestNG.main(RemoteTestNG.java:77)
]]>
    </failure>
  </testcase> <!-- VerifyViewDownloadedOcmChatanalysiscountReportInReportsDownloadOcmChatanalysiscountReport -->
  <testcase name="ShowReportForDateRange" time="16.631" classname="com.tetherfi.test.reports.OCMChatAnalysisCountReportTest"/>
  <testcase name="ShowReportInNewPageForDateRange" time="16.644" classname="com.tetherfi.test.reports.OCMChatAnalysisCountReportTest"/>
  <testcase name="ExportReportForDateRange" time="16.097" classname="com.tetherfi.test.reports.OCMChatAnalysisCountReportTest"/>
  <testcase name="ViewDownloadedReportInReportDownloadsPageForDateRange" time="11.848" classname="com.tetherfi.test.reports.OCMChatAnalysisCountReportTest"/>
  <testcase name="VerifyViewDownloadedReportData" time="17.501" classname="com.tetherfi.test.reports.OCMChatAnalysisCountReportTest">
    <failure type="java.lang.AssertionError" message="did not expect to find [true] but found [false]">
      <![CDATA[java.lang.AssertionError: did not expect to find [true] but found [false]
at org.testng.Assert.fail(Assert.java:97)
at org.testng.Assert.failNotEquals(Assert.java:969)
at org.testng.Assert.assertTrue(Assert.java:43)
at org.testng.Assert.assertTrue(Assert.java:53)
at com.tetherfi.test.reports.OCMChatAnalysisCountReportTest.VerifyViewDownloadedReportData(OCMChatAnalysisCountReportTest.java:311)
at sun.reflect.NativeMethodAccessorImpl.invoke0(Native Method)
at sun.reflect.NativeMethodAccessorImpl.invoke(Unknown Source)
at sun.reflect.DelegatingMethodAccessorImpl.invoke(Unknown Source)
at java.lang.reflect.Method.invoke(Unknown Source)
at org.testng.internal.MethodInvocationHelper.invokeMethod(MethodInvocationHelper.java:133)
at org.testng.internal.TestInvoker.invokeMethod(TestInvoker.java:584)
at org.testng.internal.TestInvoker.invokeTestMethod(TestInvoker.java:172)
at org.testng.internal.MethodRunner.runInSequence(MethodRunner.java:46)
at org.testng.internal.TestInvoker$MethodInvocationAgent.invoke(TestInvoker.java:804)
at org.testng.internal.TestInvoker.invokeTestMethods(TestInvoker.java:145)
at org.testng.internal.TestMethodWorker.invokeTestMethods(TestMethodWorker.java:146)
at org.testng.internal.TestMethodWorker.run(TestMethodWorker.java:128)
at java.util.ArrayList.forEach(Unknown Source)
at org.testng.TestRunner.privateRun(TestRunner.java:770)
at org.testng.TestRunner.run(TestRunner.java:591)
at org.testng.SuiteRunner.runTest(SuiteRunner.java:402)
at org.testng.SuiteRunner.runSequentially(SuiteRunner.java:396)
at org.testng.SuiteRunner.privateRun(SuiteRunner.java:355)
at org.testng.SuiteRunner.run(SuiteRunner.java:304)
at org.testng.SuiteRunnerWorker.runSuite(SuiteRunnerWorker.java:53)
at org.testng.SuiteRunnerWorker.run(SuiteRunnerWorker.java:96)
at org.testng.TestNG.runSuitesSequentially(TestNG.java:1180)
at org.testng.TestNG.runSuitesLocally(TestNG.java:1102)
at org.testng.TestNG.runSuites(TestNG.java:1032)
at org.testng.TestNG.run(TestNG.java:1000)
at org.testng.remote.AbstractRemoteTestNG.run(AbstractRemoteTestNG.java:115)
at org.testng.remote.RemoteTestNG.initAndRun(RemoteTestNG.java:251)
at org.testng.remote.RemoteTestNG.main(RemoteTestNG.java:77)
]]>
    </failure>
  </testcase> <!-- VerifyViewDownloadedReportData -->
  <testcase name="ScheduleOcmChatanalysiscountReportforDateRange" time="15.245" classname="com.tetherfi.test.reports.OCMChatAnalysisCountReportTest"/>
  <testcase name="OCMWindow" time="16.532" classname="com.tetherfi.test.reports.OCMChatAnalysisCountReportTest"/>
  <testcase name="VerifyDropdownForAllTheColumns" time="23.415" classname="com.tetherfi.test.reports.OCMChatAnalysisCountReportTest"/>
  <testcase name="VerifyColumnsHeaderEnable" time="21.237" classname="com.tetherfi.test.reports.OCMChatAnalysisCountReportTest"/>
  <testcase name="VerifyColumnsHeaderDisable" time="25.175" classname="com.tetherfi.test.reports.OCMChatAnalysisCountReportTest"/>
  <testcase name="VerifyArrowMoveForPreviousAndNextPage" time="15.224" classname="com.tetherfi.test.reports.OCMChatAnalysisCountReportTest"/>
  <testcase name="VerifyArrowMoveForFirstAndLastPage" time="15.434" classname="com.tetherfi.test.reports.OCMChatAnalysisCountReportTest"/>
  <testcase name="VerifyTotalNumberOfItemsPerPageDetails" time="16.562" classname="com.tetherfi.test.reports.OCMChatAnalysisCountReportTest"/>
  <testcase name="ExportPage" time="18.862" classname="com.tetherfi.test.reports.OCMChatAnalysisCountReportTest"/>
  <testcase name="VerifyExportedPage" time="16.327" classname="com.tetherfi.test.reports.OCMChatAnalysisCountReportTest"/>
  <testcase name="SchedulereportInchatanalysispage" time="17.570" classname="com.tetherfi.test.reports.OCMChatAnalysisCountReportTest"/>
  <testcase name="verifyExportToExcel" time="15.843" classname="com.tetherfi.test.reports.OCMChatAnalysisCountReportTest"/>
  <testcase name="viewExportedExcelDataInReportDownloadsPage" time="21.724" classname="com.tetherfi.test.reports.OCMChatAnalysisCountReportTest"/>
  <testcase name="verifyExportedExcelData" time="18.636" classname="com.tetherfi.test.reports.OCMChatAnalysisCountReportTest">
    <failure type="java.lang.AssertionError" message="did not expect to find [true] but found [false]">
      <![CDATA[java.lang.AssertionError: did not expect to find [true] but found [false]
at org.testng.Assert.fail(Assert.java:97)
at org.testng.Assert.failNotEquals(Assert.java:969)
at org.testng.Assert.assertTrue(Assert.java:43)
at org.testng.Assert.assertTrue(Assert.java:53)
at com.tetherfi.test.reports.OCMChatAnalysisCountReportTest.verifyExportedExcelData(OCMChatAnalysisCountReportTest.java:484)
at sun.reflect.NativeMethodAccessorImpl.invoke0(Native Method)
at sun.reflect.NativeMethodAccessorImpl.invoke(Unknown Source)
at sun.reflect.DelegatingMethodAccessorImpl.invoke(Unknown Source)
at java.lang.reflect.Method.invoke(Unknown Source)
at org.testng.internal.MethodInvocationHelper.invokeMethod(MethodInvocationHelper.java:133)
at org.testng.internal.TestInvoker.invokeMethod(TestInvoker.java:584)
at org.testng.internal.TestInvoker.invokeTestMethod(TestInvoker.java:172)
at org.testng.internal.MethodRunner.runInSequence(MethodRunner.java:46)
at org.testng.internal.TestInvoker$MethodInvocationAgent.invoke(TestInvoker.java:804)
at org.testng.internal.TestInvoker.invokeTestMethods(TestInvoker.java:145)
at org.testng.internal.TestMethodWorker.invokeTestMethods(TestMethodWorker.java:146)
at org.testng.internal.TestMethodWorker.run(TestMethodWorker.java:128)
at java.util.ArrayList.forEach(Unknown Source)
at org.testng.TestRunner.privateRun(TestRunner.java:770)
at org.testng.TestRunner.run(TestRunner.java:591)
at org.testng.SuiteRunner.runTest(SuiteRunner.java:402)
at org.testng.SuiteRunner.runSequentially(SuiteRunner.java:396)
at org.testng.SuiteRunner.privateRun(SuiteRunner.java:355)
at org.testng.SuiteRunner.run(SuiteRunner.java:304)
at org.testng.SuiteRunnerWorker.runSuite(SuiteRunnerWorker.java:53)
at org.testng.SuiteRunnerWorker.run(SuiteRunnerWorker.java:96)
at org.testng.TestNG.runSuitesSequentially(TestNG.java:1180)
at org.testng.TestNG.runSuitesLocally(TestNG.java:1102)
at org.testng.TestNG.runSuites(TestNG.java:1032)
at org.testng.TestNG.run(TestNG.java:1000)
at org.testng.remote.AbstractRemoteTestNG.run(AbstractRemoteTestNG.java:115)
at org.testng.remote.RemoteTestNG.initAndRun(RemoteTestNG.java:251)
at org.testng.remote.RemoteTestNG.main(RemoteTestNG.java:77)
]]>
    </failure>
  </testcase> <!-- verifyExportedExcelData -->
  <testcase name="DeleteWithoutDeleteReasonRecordinReportsDownloadforDateRange" time="10.829" classname="com.tetherfi.test.reports.OCMChatAnalysisCountReportTest"/>
  <testcase name="VerifyDeleteCancelBtnInReportDownloadsPage" time="33.275" classname="com.tetherfi.test.reports.OCMChatAnalysisCountReportTest"/>
  <testcase name="DeleteRecordInReportsDownload" time="12.359" classname="com.tetherfi.test.reports.OCMChatAnalysisCountReportTest"/>
  <testcase name="VerifyNumberOfItemsPerPageSelection" classname="com.tetherfi.test.reports.OCMChatAnalysisCountReportTest">
    <skipped/>
  </testcase> <!-- VerifyNumberOfItemsPerPageSelection -->
</testsuite> <!-- com.tetherfi.test.reports.OCMChatAnalysisCountReportTest -->
