<?xml version="1.0" encoding="UTF-8"?>
<!-- Generated by org.testng.reporters.JUnitReportReporter -->
<testsuite hostname="admin" failures="0" tests="1" name="com.tetherfi.test.CEPEventMappingTest" time="7.584" errors="0" timestamp="28 May 2019 08:37:59 GMT" skipped="0">
  <testcase classname="com.tetherfi.test.CEPEventMappingTest" name="database" time="7.584"/>
</testsuite> <!-- com.tetherfi.test.CEPEventMappingTest -->
