<?xml version="1.0" encoding="UTF-8"?>
<!-- Generated by org.testng.reporters.JUnitReportReporter -->
<testsuite hostname="DESKTOP-O6A5C2O" failures="0" tests="23" name="com.tetherfi.test.ivr.HostValueMappingCreateTest" time="1137.149" errors="0" timestamp="2020-03-11T14:55:34 IST" skipped="0">
  <testcase classname="com.tetherfi.test.ivr.HostValueMappingCreateTest" name="VerifyAddRecordWithoutLanguage" time="51.059"/>
  <testcase classname="com.tetherfi.test.ivr.HostValueMappingCreateTest" name="VerifyAddRecordWithoutHostData" time="50.030"/>
  <testcase classname="com.tetherfi.test.ivr.HostValueMappingCreateTest" name="VerifyAddRecordWithoutStatus" time="46.814"/>
  <testcase classname="com.tetherfi.test.ivr.HostValueMappingCreateTest" name="VerifyAddRecordWithoutDescription" time="49.325"/>
  <testcase classname="com.tetherfi.test.ivr.HostValueMappingCreateTest" name="VerifyAddRecordWithoutWaveFile" time="46.235"/>
  <testcase classname="com.tetherfi.test.ivr.HostValueMappingCreateTest" name="AddRevertRecord" time="51.078"/>
  <testcase classname="com.tetherfi.test.ivr.HostValueMappingCreateTest" name="VerifyRevertForAddNewRecord" time="44.659"/>
  <testcase classname="com.tetherfi.test.ivr.HostValueMappingCreateTest" name="VerifyApprovedDataSectionWithoutApproval" time="38.580"/>
  <testcase classname="com.tetherfi.test.ivr.HostValueMappingCreateTest" name="VerifyAuditTrailReportForRevert" time="56.361"/>
  <testcase classname="com.tetherfi.test.ivr.HostValueMappingCreateTest" name="AddRejectRecord" time="54.926"/>
  <testcase classname="com.tetherfi.test.ivr.HostValueMappingCreateTest" name="VerifySendForApprovalForAddNewRecord" time="46.130"/>
  <testcase classname="com.tetherfi.test.ivr.HostValueMappingCreateTest" name="RejectforAddNewHostValueMappingRecord" time="50.491"/>
  <testcase classname="com.tetherfi.test.ivr.HostValueMappingCreateTest" name="VerifyAuditTrailReportForReject" time="59.385"/>
  <testcase classname="com.tetherfi.test.ivr.HostValueMappingCreateTest" name="VerifyRecordAfterRejection" time="42.763"/>
  <testcase classname="com.tetherfi.test.ivr.HostValueMappingCreateTest" name="AddNewHostValueMappingRecord" time="49.365"/>
  <testcase classname="com.tetherfi.test.ivr.HostValueMappingCreateTest" name="VerifyAuditTrailReportForCreate" time="58.013"/>
  <testcase classname="com.tetherfi.test.ivr.HostValueMappingCreateTest" name="VerifyAuditTrailDataForAddNewHostValueMappingRecord" time="41.309"/>
  <testcase classname="com.tetherfi.test.ivr.HostValueMappingCreateTest" name="VerifySendForApprovalForAddNewHostValueMappingRecord" time="45.521"/>
  <testcase classname="com.tetherfi.test.ivr.HostValueMappingCreateTest" name="VerifyAuditTrailReportForSendForApproval" time="57.947"/>
  <testcase classname="com.tetherfi.test.ivr.HostValueMappingCreateTest" name="ApproveforAddNewHostValueMappingRecord" time="48.366"/>
  <testcase classname="com.tetherfi.test.ivr.HostValueMappingCreateTest" name="VerifyAuditTrailReportForApprove" time="59.530"/>
  <testcase classname="com.tetherfi.test.ivr.HostValueMappingCreateTest" name="VerifyRecordApprovedDataSectionafterApproval" time="39.105"/>
  <testcase classname="com.tetherfi.test.ivr.HostValueMappingCreateTest" name="AddDuplicateRecord" time="50.157"/>
</testsuite> <!-- com.tetherfi.test.ivr.HostValueMappingCreateTest -->
