<?xml version="1.0" encoding="UTF-8"?>
<!-- Generated by org.testng.reporters.JUnitReportReporter -->
<testsuite hostname="DESKTOP-O6A5C2O" failures="0" tests="16" name="com.tetherfi.test.ivr.IntroMessageAnnouncementDeleteTest" time="832.702" errors="0" timestamp="2020-03-11T16:56:18 IST" skipped="0">
  <testcase classname="com.tetherfi.test.ivr.IntroMessageAnnouncementDeleteTest" name="DeleteCancelIntroMessageAnnouncementRecord" time="46.725"/>
  <testcase classname="com.tetherfi.test.ivr.IntroMessageAnnouncementDeleteTest" name="DeleteWithoutModifyReasonRecord" time="40.104"/>
  <testcase classname="com.tetherfi.test.ivr.IntroMessageAnnouncementDeleteTest" name="DeleteRecord" time="47.943"/>
  <testcase classname="com.tetherfi.test.ivr.IntroMessageAnnouncementDeleteTest" name="VerifyRevertForDeleteRecord" time="51.731"/>
  <testcase classname="com.tetherfi.test.ivr.IntroMessageAnnouncementDeleteTest" name="VerifyAuditTrialReportForRevertDelete" time="60.075"/>
  <testcase classname="com.tetherfi.test.ivr.IntroMessageAnnouncementDeleteTest" name="RejectDeleteRecord" time="61.972"/>
  <testcase classname="com.tetherfi.test.ivr.IntroMessageAnnouncementDeleteTest" name="VerifySendForApprovalForDeleteNewRecord" time="49.155"/>
  <testcase classname="com.tetherfi.test.ivr.IntroMessageAnnouncementDeleteTest" name="RejectforDeleteIntroMessageAnnouncementRecord" time="55.249"/>
  <testcase classname="com.tetherfi.test.ivr.IntroMessageAnnouncementDeleteTest" name="VerifyAuditTrailReportForReject" time="58.845"/>
  <testcase classname="com.tetherfi.test.ivr.IntroMessageAnnouncementDeleteTest" name="DeleteIntroMessageAnnouncementRecord" time="47.774"/>
  <testcase classname="com.tetherfi.test.ivr.IntroMessageAnnouncementDeleteTest" name="VerifyAuditTrialReportForDelete" time="56.824"/>
  <testcase classname="com.tetherfi.test.ivr.IntroMessageAnnouncementDeleteTest" name="VerifyAuditTrailDataForDeleteIntroMessageAnnouncementRecord" time="45.383"/>
  <testcase classname="com.tetherfi.test.ivr.IntroMessageAnnouncementDeleteTest" name="VerifySendForApprovalForDeleteRecord" time="47.656"/>
  <testcase classname="com.tetherfi.test.ivr.IntroMessageAnnouncementDeleteTest" name="VerifyAuditTrailReportForSendForApprove" time="62.092"/>
  <testcase classname="com.tetherfi.test.ivr.IntroMessageAnnouncementDeleteTest" name="ApproveforDeleteIntroMessageAnnouncementRecord" time="45.542"/>
  <testcase classname="com.tetherfi.test.ivr.IntroMessageAnnouncementDeleteTest" name="VerifyAuditTrailReportForApprove" time="55.632"/>
</testsuite> <!-- com.tetherfi.test.ivr.IntroMessageAnnouncementDeleteTest -->
