<?xml version="1.0" encoding="UTF-8"?>
<!-- Generated by org.testng.reporters.JUnitReportReporter -->
<testsuite hostname="DESKTOP-O6A5C2O" failures="2" tests="39" name="com.tetherfi.test.DashboardColorCodeConfigTest" time="568.679" errors="1" timestamp="2020-03-13T19:03:10 IST" skipped="0">
  <testcase classname="com.tetherfi.test.DashboardColorCodeConfigTest" name="DashboardColorCodeConfigPage" time="6.090"/>
  <testcase classname="com.tetherfi.test.DashboardColorCodeConfigTest" name="AddnewCancel" time="17.884"/>
  <testcase classname="com.tetherfi.test.DashboardColorCodeConfigTest" name="AddNewDashboardColorConfigRecord" time="33.859"/>
  <testcase classname="com.tetherfi.test.DashboardColorCodeConfigTest" name="AddRecordWithoutDashboardName" time="11.824"/>
  <testcase classname="com.tetherfi.test.DashboardColorCodeConfigTest" name="AddRecordWithoutColumnName" time="13.950"/>
  <testcase classname="com.tetherfi.test.DashboardColorCodeConfigTest" name="AddRecordWithoutStartTime" time="15.605">
    <error message="element click intercepted: Element &lt;input class=&quot;k-color-value&quot; title=&quot;Color Hexadecimal Code&quot;&gt; is not clickable at point (954, 208). Other element would receive the click: &lt;div class=&quot;k-hsv-gradient&quot;&gt;&lt;/div&gt;
  (Session info: chrome=78.0.3904.70)
Build info: version: &#039;3.141.59&#039;, revision: &#039;e82be7d358&#039;, time: &#039;2018-11-14T08:17:03&#039;
System info: host: &#039;DESKTOP-O6A5C2O&#039;, ip: &#039;10.0.75.1&#039;, os.name: &#039;Windows 10&#039;, os.arch: &#039;amd64&#039;, os.version: &#039;10.0&#039;, java.version: &#039;9.0.4&#039;
Driver info: org.openqa.selenium.chrome.ChromeDriver
Capabilities {acceptInsecureCerts: false, browserName: chrome, browserVersion: 78.0.3904.70, chrome: {chromedriverVersion: 78.0.3904.105 (60e2d8774a81..., userDataDir: C:\Users\admin\AppData\Loca...}, goog:chromeOptions: {debuggerAddress: localhost:55764}, javascriptEnabled: true, networkConnectionEnabled: false, pageLoadStrategy: normal, platform: XP, platformName: XP, proxy: Proxy(), setWindowRect: true, strictFileInteractability: false, timeouts: {implicit: 0, pageLoad: 300000, script: 30000}, unhandledPromptBehavior: dismiss and notify}
Session ID: d6570e4babcf4bacdc1938026d72aa6f" type="org.openqa.selenium.ElementClickInterceptedException">
      <![CDATA[org.openqa.selenium.ElementClickInterceptedException: element click intercepted: Element <input class="k-color-value" title="Color Hexadecimal Code"> is not clickable at point (954, 208). Other element would receive the click: <div class="k-hsv-gradient"></div>
  (Session info: chrome=78.0.3904.70)
Build info: version: '3.141.59', revision: 'e82be7d358', time: '2018-11-14T08:17:03'
System info: host: 'DESKTOP-O6A5C2O', ip: '10.0.75.1', os.name: 'Windows 10', os.arch: 'amd64', os.version: '10.0', java.version: '9.0.4'
Driver info: org.openqa.selenium.chrome.ChromeDriver
Capabilities {acceptInsecureCerts: false, browserName: chrome, browserVersion: 78.0.3904.70, chrome: {chromedriverVersion: 78.0.3904.105 (60e2d8774a81..., userDataDir: C:\Users\admin\AppData\Loca...}, goog:chromeOptions: {debuggerAddress: localhost:55764}, javascriptEnabled: true, networkConnectionEnabled: false, pageLoadStrategy: normal, platform: XP, platformName: XP, proxy: Proxy(), setWindowRect: true, strictFileInteractability: false, timeouts: {implicit: 0, pageLoad: 300000, script: 30000}, unhandledPromptBehavior: dismiss and notify}
Session ID: d6570e4babcf4bacdc1938026d72aa6f
at java.base/jdk.internal.reflect.NativeConstructorAccessorImpl.newInstance0(Native Method)
at java.base/jdk.internal.reflect.NativeConstructorAccessorImpl.newInstance(Unknown Source)
at java.base/jdk.internal.reflect.DelegatingConstructorAccessorImpl.newInstance(Unknown Source)
at java.base/java.lang.reflect.Constructor.newInstance(Unknown Source)
at org.openqa.selenium.remote.http.W3CHttpResponseCodec.createException(W3CHttpResponseCodec.java:187)
at org.openqa.selenium.remote.http.W3CHttpResponseCodec.decode(W3CHttpResponseCodec.java:122)
at org.openqa.selenium.remote.http.W3CHttpResponseCodec.decode(W3CHttpResponseCodec.java:49)
at org.openqa.selenium.remote.HttpCommandExecutor.execute(HttpCommandExecutor.java:158)
at org.openqa.selenium.remote.service.DriverCommandExecutor.execute(DriverCommandExecutor.java:83)
at org.openqa.selenium.remote.RemoteWebDriver.execute(RemoteWebDriver.java:552)
at org.openqa.selenium.remote.RemoteWebElement.execute(RemoteWebElement.java:285)
at org.openqa.selenium.remote.RemoteWebElement.click(RemoteWebElement.java:84)
at com.tetherfi.pages.BasePage.selectWebElement(BasePage.java:202)
at com.tetherfi.pages.DashboardColorCodeConfigPage.addRecordWithoutStartTime(DashboardColorCodeConfigPage.java:683)
at com.tetherfi.test.DashboardColorCodeConfigTest.AddRecordWithoutStartTime(DashboardColorCodeConfigTest.java:90)
at java.base/jdk.internal.reflect.NativeMethodAccessorImpl.invoke0(Native Method)
at java.base/jdk.internal.reflect.NativeMethodAccessorImpl.invoke(Unknown Source)
at java.base/jdk.internal.reflect.DelegatingMethodAccessorImpl.invoke(Unknown Source)
at java.base/java.lang.reflect.Method.invoke(Unknown Source)
at org.testng.internal.MethodInvocationHelper.invokeMethod(MethodInvocationHelper.java:133)
at org.testng.internal.TestInvoker.invokeMethod(TestInvoker.java:584)
at org.testng.internal.TestInvoker.invokeTestMethod(TestInvoker.java:172)
at org.testng.internal.MethodRunner.runInSequence(MethodRunner.java:46)
at org.testng.internal.TestInvoker$MethodInvocationAgent.invoke(TestInvoker.java:804)
at org.testng.internal.TestInvoker.invokeTestMethods(TestInvoker.java:145)
at org.testng.internal.TestMethodWorker.invokeTestMethods(TestMethodWorker.java:146)
at org.testng.internal.TestMethodWorker.run(TestMethodWorker.java:128)
at java.base/java.util.ArrayList.forEach(Unknown Source)
at org.testng.TestRunner.privateRun(TestRunner.java:770)
at org.testng.TestRunner.run(TestRunner.java:591)
at org.testng.SuiteRunner.runTest(SuiteRunner.java:402)
at org.testng.SuiteRunner.runSequentially(SuiteRunner.java:396)
at org.testng.SuiteRunner.privateRun(SuiteRunner.java:355)
at org.testng.SuiteRunner.run(SuiteRunner.java:304)
at org.testng.SuiteRunnerWorker.runSuite(SuiteRunnerWorker.java:53)
at org.testng.SuiteRunnerWorker.run(SuiteRunnerWorker.java:96)
at org.testng.TestNG.runSuitesSequentially(TestNG.java:1180)
at org.testng.TestNG.runSuitesLocally(TestNG.java:1102)
at org.testng.TestNG.runSuites(TestNG.java:1032)
at org.testng.TestNG.run(TestNG.java:1000)
at org.testng.remote.AbstractRemoteTestNG.run(AbstractRemoteTestNG.java:115)
at org.testng.remote.RemoteTestNG.initAndRun(RemoteTestNG.java:251)
at org.testng.remote.RemoteTestNG.main(RemoteTestNG.java:77)
]]>
    </error>
  </testcase> <!-- AddRecordWithoutStartTime -->
  <testcase classname="com.tetherfi.test.DashboardColorCodeConfigTest" name="AddRecordWithoutEndTime" time="13.999"/>
  <testcase classname="com.tetherfi.test.DashboardColorCodeConfigTest" name="AddRecordWithDuplicate" time="16.455"/>
  <testcase classname="com.tetherfi.test.DashboardColorCodeConfigTest" name="VerifyAuditTrialReportForCreate" time="33.152"/>
  <testcase classname="com.tetherfi.test.DashboardColorCodeConfigTest" name="EditDashboardColorConfigCancelRecord" time="13.855"/>
  <testcase classname="com.tetherfi.test.DashboardColorCodeConfigTest" name="EditWithoutModifyReasonRecord" time="13.690"/>
  <testcase classname="com.tetherfi.test.DashboardColorCodeConfigTest" name="EditDashboardColorConfigRecord" time="18.358"/>
  <testcase classname="com.tetherfi.test.DashboardColorCodeConfigTest" name="VerifyAuditTrialReportForUpdate" time="34.649"/>
  <testcase classname="com.tetherfi.test.DashboardColorCodeConfigTest" name="ExportToExcel" time="7.991"/>
  <testcase classname="com.tetherfi.test.DashboardColorCodeConfigTest" name="ExportToExcelData" time="9.354"/>
  <testcase classname="com.tetherfi.test.DashboardColorCodeConfigTest" name="SortingByAscending" time="11.431"/>
  <testcase classname="com.tetherfi.test.DashboardColorCodeConfigTest" name="SortingByDescending" time="11.237"/>
  <testcase classname="com.tetherfi.test.DashboardColorCodeConfigTest" name="GroupBy" time="9.322"/>
  <testcase classname="com.tetherfi.test.DashboardColorCodeConfigTest" name="VerifyArrowMoveForPreviousAndNextPage" time="6.882"/>
  <testcase classname="com.tetherfi.test.DashboardColorCodeConfigTest" name="VerifyArrowMoveForFirstAndLastPage" time="5.380"/>
  <testcase classname="com.tetherfi.test.DashboardColorCodeConfigTest" name="VerifyTotalNumberOfItemsPerPageDetails" time="5.963"/>
  <testcase classname="com.tetherfi.test.DashboardColorCodeConfigTest" name="VerifyNumberOfItemsPerPageSelection" time="11.987"/>
  <testcase classname="com.tetherfi.test.DashboardColorCodeConfigTest" name="VerifyDropdownForAllTheColumns" time="19.793"/>
  <testcase classname="com.tetherfi.test.DashboardColorCodeConfigTest" name="VerifyColumnsHeaderEnable" time="5.782">
    <failure message="columns enabled assertion failed did not expect to find [true] but found [false]" type="java.lang.AssertionError">
      <![CDATA[java.lang.AssertionError: columns enabled assertion failed did not expect to find [true] but found [false]
at org.testng.Assert.fail(Assert.java:97)
at org.testng.Assert.failNotEquals(Assert.java:969)
at org.testng.Assert.assertTrue(Assert.java:43)
at com.tetherfi.test.DashboardColorCodeConfigTest.VerifyColumnsHeaderEnable(DashboardColorCodeConfigTest.java:248)
at java.base/jdk.internal.reflect.NativeMethodAccessorImpl.invoke0(Native Method)
at java.base/jdk.internal.reflect.NativeMethodAccessorImpl.invoke(Unknown Source)
at java.base/jdk.internal.reflect.DelegatingMethodAccessorImpl.invoke(Unknown Source)
at java.base/java.lang.reflect.Method.invoke(Unknown Source)
at org.testng.internal.MethodInvocationHelper.invokeMethod(MethodInvocationHelper.java:133)
at org.testng.internal.TestInvoker.invokeMethod(TestInvoker.java:584)
at org.testng.internal.TestInvoker.invokeTestMethod(TestInvoker.java:172)
at org.testng.internal.MethodRunner.runInSequence(MethodRunner.java:46)
at org.testng.internal.TestInvoker$MethodInvocationAgent.invoke(TestInvoker.java:804)
at org.testng.internal.TestInvoker.invokeTestMethods(TestInvoker.java:145)
at org.testng.internal.TestMethodWorker.invokeTestMethods(TestMethodWorker.java:146)
at org.testng.internal.TestMethodWorker.run(TestMethodWorker.java:128)
at java.base/java.util.ArrayList.forEach(Unknown Source)
at org.testng.TestRunner.privateRun(TestRunner.java:770)
at org.testng.TestRunner.run(TestRunner.java:591)
at org.testng.SuiteRunner.runTest(SuiteRunner.java:402)
at org.testng.SuiteRunner.runSequentially(SuiteRunner.java:396)
at org.testng.SuiteRunner.privateRun(SuiteRunner.java:355)
at org.testng.SuiteRunner.run(SuiteRunner.java:304)
at org.testng.SuiteRunnerWorker.runSuite(SuiteRunnerWorker.java:53)
at org.testng.SuiteRunnerWorker.run(SuiteRunnerWorker.java:96)
at org.testng.TestNG.runSuitesSequentially(TestNG.java:1180)
at org.testng.TestNG.runSuitesLocally(TestNG.java:1102)
at org.testng.TestNG.runSuites(TestNG.java:1032)
at org.testng.TestNG.run(TestNG.java:1000)
at org.testng.remote.AbstractRemoteTestNG.run(AbstractRemoteTestNG.java:115)
at org.testng.remote.RemoteTestNG.initAndRun(RemoteTestNG.java:251)
at org.testng.remote.RemoteTestNG.main(RemoteTestNG.java:77)
]]>
    </failure>
  </testcase> <!-- VerifyColumnsHeaderEnable -->
  <testcase classname="com.tetherfi.test.DashboardColorCodeConfigTest" name="VerifyColumnsHeaderDisable" time="6.273"/>
  <testcase classname="com.tetherfi.test.DashboardColorCodeConfigTest" name="VerifySearchIsNotEqualTo" time="12.992"/>
  <testcase classname="com.tetherfi.test.DashboardColorCodeConfigTest" name="VerifySearchContains" time="13.729"/>
  <testcase classname="com.tetherfi.test.DashboardColorCodeConfigTest" name="VerifySearchDoesNotContains" time="17.684"/>
  <testcase classname="com.tetherfi.test.DashboardColorCodeConfigTest" name="VerifySearchStartsWith" time="12.922"/>
  <testcase classname="com.tetherfi.test.DashboardColorCodeConfigTest" name="VerifySearchEndsWith" time="18.550"/>
  <testcase classname="com.tetherfi.test.DashboardColorCodeConfigTest" name="searchPageClearAll" time="12.750"/>
  <testcase classname="com.tetherfi.test.DashboardColorCodeConfigTest" name="DeleteCancelRecord" time="13.709"/>
  <testcase classname="com.tetherfi.test.DashboardColorCodeConfigTest" name="DeleteWithoutDeleteReasonRecord" time="15.885"/>
  <testcase classname="com.tetherfi.test.DashboardColorCodeConfigTest" name="DeleteRecord" time="15.398"/>
  <testcase classname="com.tetherfi.test.DashboardColorCodeConfigTest" name="VerifyAuditTrialReportForDelete" time="32.119"/>
  <testcase classname="com.tetherfi.test.DashboardColorCodeConfigTest" name="ExporttoExcelWithoutData" time="11.606"/>
  <testcase classname="com.tetherfi.test.DashboardColorCodeConfigTest" name="database" time="12.538">
    <failure message="did not expect to find [true] but found [false]" type="java.lang.AssertionError">
      <![CDATA[java.lang.AssertionError: did not expect to find [true] but found [false]
at org.testng.Assert.fail(Assert.java:97)
at org.testng.Assert.failNotEquals(Assert.java:969)
at org.testng.Assert.assertTrue(Assert.java:43)
at org.testng.Assert.assertTrue(Assert.java:53)
at com.tetherfi.test.DashboardColorCodeConfigTest.database(DashboardColorCodeConfigTest.java:375)
at java.base/jdk.internal.reflect.NativeMethodAccessorImpl.invoke0(Native Method)
at java.base/jdk.internal.reflect.NativeMethodAccessorImpl.invoke(Unknown Source)
at java.base/jdk.internal.reflect.DelegatingMethodAccessorImpl.invoke(Unknown Source)
at java.base/java.lang.reflect.Method.invoke(Unknown Source)
at org.testng.internal.MethodInvocationHelper.invokeMethod(MethodInvocationHelper.java:133)
at org.testng.internal.TestInvoker.invokeMethod(TestInvoker.java:584)
at org.testng.internal.TestInvoker.invokeTestMethod(TestInvoker.java:172)
at org.testng.internal.MethodRunner.runInSequence(MethodRunner.java:46)
at org.testng.internal.TestInvoker$MethodInvocationAgent.invoke(TestInvoker.java:804)
at org.testng.internal.TestInvoker.invokeTestMethods(TestInvoker.java:145)
at org.testng.internal.TestMethodWorker.invokeTestMethods(TestMethodWorker.java:146)
at org.testng.internal.TestMethodWorker.run(TestMethodWorker.java:128)
at java.base/java.util.ArrayList.forEach(Unknown Source)
at org.testng.TestRunner.privateRun(TestRunner.java:770)
at org.testng.TestRunner.run(TestRunner.java:591)
at org.testng.SuiteRunner.runTest(SuiteRunner.java:402)
at org.testng.SuiteRunner.runSequentially(SuiteRunner.java:396)
at org.testng.SuiteRunner.privateRun(SuiteRunner.java:355)
at org.testng.SuiteRunner.run(SuiteRunner.java:304)
at org.testng.SuiteRunnerWorker.runSuite(SuiteRunnerWorker.java:53)
at org.testng.SuiteRunnerWorker.run(SuiteRunnerWorker.java:96)
at org.testng.TestNG.runSuitesSequentially(TestNG.java:1180)
at org.testng.TestNG.runSuitesLocally(TestNG.java:1102)
at org.testng.TestNG.runSuites(TestNG.java:1032)
at org.testng.TestNG.run(TestNG.java:1000)
at org.testng.remote.AbstractRemoteTestNG.run(AbstractRemoteTestNG.java:115)
at org.testng.remote.RemoteTestNG.initAndRun(RemoteTestNG.java:251)
at org.testng.remote.RemoteTestNG.main(RemoteTestNG.java:77)
]]>
    </failure>
  </testcase> <!-- database -->
  <testcase classname="com.tetherfi.test.DashboardColorCodeConfigTest" name="SearchClearSearch" time="13.294"/>
  <testcase classname="com.tetherfi.test.DashboardColorCodeConfigTest" name="searchwithoutSearchTextbox" time="10.738"/>
</testsuite> <!-- com.tetherfi.test.DashboardColorCodeConfigTest -->
