<?xml version="1.0" encoding="UTF-8"?>
<!-- Generated by org.testng.reporters.JUnitReportReporter -->
<testsuite hostname="DESKTOP-O6A5C2O" failures="0" tests="2" name="com.tetherfi.test.sms.SmsResponseTemplateUITest" time="47.298" errors="0" timestamp="2019-10-25T12:30:56 IST" skipped="0">
  <testcase classname="com.tetherfi.test.sms.SmsResponseTemplateUITest" name="VerifyColumnsHeaderEnable" time="23.235"/>
  <testcase classname="com.tetherfi.test.sms.SmsResponseTemplateUITest" name="VerifyColumnsHeaderDisable" time="24.063"/>
</testsuite> <!-- com.tetherfi.test.sms.SmsResponseTemplateUITest -->
