<?xml version="1.0" encoding="UTF-8"?>
<!-- Generated by org.testng.reporters.JUnitReportReporter -->
<testsuite skipped="0" hostname="admin" name="com.tetherfi.test.tmac.TmacTransferListTest" tests="6" failures="0" timestamp="08 Feb 2019 09:16:35 GMT" time="80.073" errors="0">
  <testcase name="fullScreenAndRestoreBlindTrans" time="9.523" classname="com.tetherfi.test.tmac.TmacTransferListTest"/>
  <testcase name="DeleteTmacBlindTransferRecord2" time="13.224" classname="com.tetherfi.test.tmac.TmacTransferListTest"/>
  <testcase name="DeleteTmacBlindTransferRecord3" time="13.735" classname="com.tetherfi.test.tmac.TmacTransferListTest"/>
  <testcase name="DeleteTmacBlindTransferRecord" time="13.684" classname="com.tetherfi.test.tmac.TmacTransferListTest"/>
  <testcase name="DeleteNoReasonErrMsgTmacBlindTransferRecord" time="14.809" classname="com.tetherfi.test.tmac.TmacTransferListTest"/>
  <testcase name="DeleteNoReasonNoBtnTmacBlindTransferRecord" time="15.098" classname="com.tetherfi.test.tmac.TmacTransferListTest"/>
</testsuite> <!-- com.tetherfi.test.tmac.TmacTransferListTest -->
