<?xml version="1.0" encoding="UTF-8"?>
<!-- Generated by org.testng.reporters.JUnitReportReporter -->
<testsuite skipped="0" hostname="TTF-BLR-SANTOSHKOUJALAGI" name="com.tetherfi.test.UserOnBoardingUpdateTest" tests="3" failures="0" timestamp="2021-08-01T22:02:41 IST" time="187.960" errors="0">
  <testcase name="EditUserOnBoardingRecord" time="79.287" classname="com.tetherfi.test.UserOnBoardingUpdateTest"/>
  <testcase name="VerifySendForApprovalForEditedRecordforApprove" time="66.118" classname="com.tetherfi.test.UserOnBoardingUpdateTest"/>
  <testcase name="ApproveforEditedUserOnBoardingRecord" time="42.555" classname="com.tetherfi.test.UserOnBoardingUpdateTest"/>
</testsuite> <!-- com.tetherfi.test.UserOnBoardingUpdateTest -->
