<?xml version="1.0" encoding="UTF-8"?>
<!-- Generated by org.testng.reporters.JUnitReportReporter -->
<testsuite hostname="admin" failures="0" tests="1" name="com.tetherfi.test.tmac.TmacTransferListTest" time="10.836" errors="0" timestamp="10 Jul 2019 05:47:45 GMT" skipped="0">
  <testcase classname="com.tetherfi.test.tmac.TmacTransferListTest" name="VerifyErrMsgNameBlank" time="10.836"/>
</testsuite> <!-- com.tetherfi.test.tmac.TmacTransferListTest -->
