<?xml version="1.0" encoding="UTF-8"?>
<!-- Generated by org.testng.reporters.JUnitReportReporter -->
<testsuite skipped="40" hostname="LAPTOP-NKH1C2HF" name="com.tetherfi.test.ivr.OperatingHoursTest" tests="41" failures="0" timestamp="2021-05-05T17:28:34 IST" time="49.259" errors="1">
  <testcase name="openApplication" time="49.259" classname="com.tetherfi.test.ivr.OperatingHoursTest">
    <error type="org.openqa.selenium.WebDriverException" message="chrome not reachable
  (Session info: chrome=90.0.4430.93)
Build info: version: &#039;3.141.59&#039;, revision: &#039;e82be7d358&#039;, time: &#039;2018-11-14T08:17:03&#039;
System info: host: &#039;LAPTOP-NKH1C2HF&#039;, ip: &#039;192.168.50.9&#039;, os.name: &#039;Windows 10&#039;, os.arch: &#039;amd64&#039;, os.version: &#039;10.0&#039;, java.version: &#039;1.8.0_181&#039;
Driver info: org.openqa.selenium.chrome.ChromeDriver
Capabilities {acceptInsecureCerts: false, browserName: chrome, browserVersion: 90.0.4430.93, chrome: {chromedriverVersion: 90.0.4430.24 (4c6d850f087da..., userDataDir: C:\Users\AMITHA~1\AppData\L...}, goog:chromeOptions: {debuggerAddress: localhost:54147}, javascriptEnabled: true, networkConnectionEnabled: false, pageLoadStrategy: normal, platform: WINDOWS, platformName: WINDOWS, proxy: Proxy(), setWindowRect: true, strictFileInteractability: false, timeouts: {implicit: 0, pageLoad: 300000, script: 30000}, unhandledPromptBehavior: dismiss and notify, webauthn:extension:largeBlob: true, webauthn:virtualAuthenticators: true}
Session ID: c4b93b3310be03b86176a5ab2b67940a">
      <![CDATA[org.openqa.selenium.WebDriverException: chrome not reachable
  (Session info: chrome=90.0.4430.93)
Build info: version: '3.141.59', revision: 'e82be7d358', time: '2018-11-14T08:17:03'
System info: host: 'LAPTOP-NKH1C2HF', ip: '192.168.50.9', os.name: 'Windows 10', os.arch: 'amd64', os.version: '10.0', java.version: '1.8.0_181'
Driver info: org.openqa.selenium.chrome.ChromeDriver
Capabilities {acceptInsecureCerts: false, browserName: chrome, browserVersion: 90.0.4430.93, chrome: {chromedriverVersion: 90.0.4430.24 (4c6d850f087da..., userDataDir: C:\Users\AMITHA~1\AppData\L...}, goog:chromeOptions: {debuggerAddress: localhost:54147}, javascriptEnabled: true, networkConnectionEnabled: false, pageLoadStrategy: normal, platform: WINDOWS, platformName: WINDOWS, proxy: Proxy(), setWindowRect: true, strictFileInteractability: false, timeouts: {implicit: 0, pageLoad: 300000, script: 30000}, unhandledPromptBehavior: dismiss and notify, webauthn:extension:largeBlob: true, webauthn:virtualAuthenticators: true}
Session ID: c4b93b3310be03b86176a5ab2b67940a
at sun.reflect.NativeConstructorAccessorImpl.newInstance0(Native Method)
at sun.reflect.NativeConstructorAccessorImpl.newInstance(Unknown Source)
at sun.reflect.DelegatingConstructorAccessorImpl.newInstance(Unknown Source)
at java.lang.reflect.Constructor.newInstance(Unknown Source)
at org.openqa.selenium.remote.http.W3CHttpResponseCodec.createException(W3CHttpResponseCodec.java:187)
at org.openqa.selenium.remote.http.W3CHttpResponseCodec.decode(W3CHttpResponseCodec.java:122)
at org.openqa.selenium.remote.http.W3CHttpResponseCodec.decode(W3CHttpResponseCodec.java:49)
at org.openqa.selenium.remote.HttpCommandExecutor.execute(HttpCommandExecutor.java:158)
at org.openqa.selenium.remote.service.DriverCommandExecutor.execute(DriverCommandExecutor.java:83)
at org.openqa.selenium.remote.RemoteWebDriver.execute(RemoteWebDriver.java:552)
at org.openqa.selenium.remote.RemoteWebDriver.execute(RemoteWebDriver.java:609)
at org.openqa.selenium.remote.RemoteWebDriver.close(RemoteWebDriver.java:442)
at com.tetherfi.test.BaseTest.openApplication(BaseTest.java:42)
at sun.reflect.NativeMethodAccessorImpl.invoke0(Native Method)
at sun.reflect.NativeMethodAccessorImpl.invoke(Unknown Source)
at sun.reflect.DelegatingMethodAccessorImpl.invoke(Unknown Source)
at java.lang.reflect.Method.invoke(Unknown Source)
at org.testng.internal.MethodInvocationHelper.invokeMethod(MethodInvocationHelper.java:133)
at org.testng.internal.MethodInvocationHelper.invokeMethodConsideringTimeout(MethodInvocationHelper.java:62)
at org.testng.internal.ConfigInvoker.invokeConfigurationMethod(ConfigInvoker.java:340)
at org.testng.internal.ConfigInvoker.invokeConfigurations(ConfigInvoker.java:294)
at org.testng.internal.TestMethodWorker.invokeBeforeClassMethods(TestMethodWorker.java:176)
at org.testng.internal.TestMethodWorker.run(TestMethodWorker.java:122)
at java.util.ArrayList.forEach(Unknown Source)
at org.testng.TestRunner.privateRun(TestRunner.java:770)
at org.testng.TestRunner.run(TestRunner.java:591)
at org.testng.SuiteRunner.runTest(SuiteRunner.java:402)
at org.testng.SuiteRunner.runSequentially(SuiteRunner.java:396)
at org.testng.SuiteRunner.privateRun(SuiteRunner.java:355)
at org.testng.SuiteRunner.run(SuiteRunner.java:304)
at org.testng.SuiteRunnerWorker.runSuite(SuiteRunnerWorker.java:53)
at org.testng.SuiteRunnerWorker.run(SuiteRunnerWorker.java:96)
at org.testng.TestNG.runSuitesSequentially(TestNG.java:1180)
at org.testng.TestNG.runSuitesLocally(TestNG.java:1102)
at org.testng.TestNG.runSuites(TestNG.java:1032)
at org.testng.TestNG.run(TestNG.java:1000)
at org.testng.remote.AbstractRemoteTestNG.run(AbstractRemoteTestNG.java:115)
at org.testng.remote.RemoteTestNG.initAndRun(RemoteTestNG.java:251)
at org.testng.remote.RemoteTestNG.main(RemoteTestNG.java:77)
]]>
    </error>
  </testcase> <!-- openApplication -->
  <testcase name="OperatingHoursPage" time="0.000" classname="com.tetherfi.test.ivr.OperatingHoursTest">
    <skipped/>
  </testcase> <!-- OperatingHoursPage -->
  <testcase name="AddNewOperatingHoursRecord" time="0.000" classname="com.tetherfi.test.ivr.OperatingHoursTest">
    <skipped/>
  </testcase> <!-- AddNewOperatingHoursRecord -->
  <testcase name="AddAlldaysOperatingHoursRecord" time="0.000" classname="com.tetherfi.test.ivr.OperatingHoursTest">
    <skipped/>
  </testcase> <!-- AddAlldaysOperatingHoursRecord -->
  <testcase name="AddLeavingFieldsBlank" time="0.000" classname="com.tetherfi.test.ivr.OperatingHoursTest">
    <skipped/>
  </testcase> <!-- AddLeavingFieldsBlank -->
  <testcase name="AddLeavingVDNBlank" time="0.000" classname="com.tetherfi.test.ivr.OperatingHoursTest">
    <skipped/>
  </testcase> <!-- AddLeavingVDNBlank -->
  <testcase name="AddLeavingWeekDayFieldsBlank" time="0.000" classname="com.tetherfi.test.ivr.OperatingHoursTest">
    <skipped/>
  </testcase> <!-- AddLeavingWeekDayFieldsBlank -->
  <testcase name="AddLeavingStartTimeFieldsBlank" time="0.000" classname="com.tetherfi.test.ivr.OperatingHoursTest">
    <skipped/>
  </testcase> <!-- AddLeavingStartTimeFieldsBlank -->
  <testcase name="AddLeavingEndTimeFieldsBlank" time="0.000" classname="com.tetherfi.test.ivr.OperatingHoursTest">
    <skipped/>
  </testcase> <!-- AddLeavingEndTimeFieldsBlank -->
  <testcase name="AddLeavingBypassPublicHolidayFieldsBlank" time="0.000" classname="com.tetherfi.test.ivr.OperatingHoursTest">
    <skipped/>
  </testcase> <!-- AddLeavingBypassPublicHolidayFieldsBlank -->
  <testcase name="AddDuplicateRecord" time="0.000" classname="com.tetherfi.test.ivr.OperatingHoursTest">
    <skipped/>
  </testcase> <!-- AddDuplicateRecord -->
  <testcase name="AddInvalidVDNRecord" time="0.000" classname="com.tetherfi.test.ivr.OperatingHoursTest">
    <skipped/>
  </testcase> <!-- AddInvalidVDNRecord -->
  <testcase name="AddInvalidStartTimeRecord" time="0.000" classname="com.tetherfi.test.ivr.OperatingHoursTest">
    <skipped/>
  </testcase> <!-- AddInvalidStartTimeRecord -->
  <testcase name="AddInvalidStartAndEndTimeRecord" time="0.000" classname="com.tetherfi.test.ivr.OperatingHoursTest">
    <skipped/>
  </testcase> <!-- AddInvalidStartAndEndTimeRecord -->
  <testcase name="EditOperatingHoursCancelRecord" time="0.000" classname="com.tetherfi.test.ivr.OperatingHoursTest">
    <skipped/>
  </testcase> <!-- EditOperatingHoursCancelRecord -->
  <testcase name="EditOperatingHoursRecord" time="0.000" classname="com.tetherfi.test.ivr.OperatingHoursTest">
    <skipped/>
  </testcase> <!-- EditOperatingHoursRecord -->
  <testcase name="EditInvalidRecord" time="0.000" classname="com.tetherfi.test.ivr.OperatingHoursTest">
    <skipped/>
  </testcase> <!-- EditInvalidRecord -->
  <testcase name="EditRecordWithoutReason" time="0.000" classname="com.tetherfi.test.ivr.OperatingHoursTest">
    <skipped/>
  </testcase> <!-- EditRecordWithoutReason -->
  <testcase name="searchPage" time="0.000" classname="com.tetherfi.test.ivr.OperatingHoursTest">
    <skipped/>
  </testcase> <!-- searchPage -->
  <testcase name="VerifySearchIsNotEqualTo" time="0.000" classname="com.tetherfi.test.ivr.OperatingHoursTest">
    <skipped/>
  </testcase> <!-- VerifySearchIsNotEqualTo -->
  <testcase name="VerifySearchContains" time="0.000" classname="com.tetherfi.test.ivr.OperatingHoursTest">
    <skipped/>
  </testcase> <!-- VerifySearchContains -->
  <testcase name="VerifySearchDoesNotContains" time="0.000" classname="com.tetherfi.test.ivr.OperatingHoursTest">
    <skipped/>
  </testcase> <!-- VerifySearchDoesNotContains -->
  <testcase name="VerifySearchStartsWith" time="0.000" classname="com.tetherfi.test.ivr.OperatingHoursTest">
    <skipped/>
  </testcase> <!-- VerifySearchStartsWith -->
  <testcase name="VerifySearchEndsWith" time="0.000" classname="com.tetherfi.test.ivr.OperatingHoursTest">
    <skipped/>
  </testcase> <!-- VerifySearchEndsWith -->
  <testcase name="SearchClearSearch" time="0.000" classname="com.tetherfi.test.ivr.OperatingHoursTest">
    <skipped/>
  </testcase> <!-- SearchClearSearch -->
  <testcase name="ExportToExcel" time="0.000" classname="com.tetherfi.test.ivr.OperatingHoursTest">
    <skipped/>
  </testcase> <!-- ExportToExcel -->
  <testcase name="ExportToExcelData" time="0.000" classname="com.tetherfi.test.ivr.OperatingHoursTest">
    <skipped/>
  </testcase> <!-- ExportToExcelData -->
  <testcase name="ExporttoExcelWithoutData" time="0.000" classname="com.tetherfi.test.ivr.OperatingHoursTest">
    <skipped/>
  </testcase> <!-- ExporttoExcelWithoutData -->
  <testcase name="SortingByAscending" time="0.000" classname="com.tetherfi.test.ivr.OperatingHoursTest">
    <skipped/>
  </testcase> <!-- SortingByAscending -->
  <testcase name="SortingByDescending" time="0.000" classname="com.tetherfi.test.ivr.OperatingHoursTest">
    <skipped/>
  </testcase> <!-- SortingByDescending -->
  <testcase name="GroupBy" time="0.000" classname="com.tetherfi.test.ivr.OperatingHoursTest">
    <skipped/>
  </testcase> <!-- GroupBy -->
  <testcase name="VerifyArrowMoveForPreviousAndNextPage" time="0.000" classname="com.tetherfi.test.ivr.OperatingHoursTest">
    <skipped/>
  </testcase> <!-- VerifyArrowMoveForPreviousAndNextPage -->
  <testcase name="VerifyArrowMoveForFirstAndLastPage" time="0.000" classname="com.tetherfi.test.ivr.OperatingHoursTest">
    <skipped/>
  </testcase> <!-- VerifyArrowMoveForFirstAndLastPage -->
  <testcase name="VerifyTotalNumberOfItemsPerPageDetails" time="0.000" classname="com.tetherfi.test.ivr.OperatingHoursTest">
    <skipped/>
  </testcase> <!-- VerifyTotalNumberOfItemsPerPageDetails -->
  <testcase name="VerifyNumberOfItemsPerPageSelection" time="0.000" classname="com.tetherfi.test.ivr.OperatingHoursTest">
    <skipped/>
  </testcase> <!-- VerifyNumberOfItemsPerPageSelection -->
  <testcase name="VerifyDropdownForAllTheColumns" time="0.000" classname="com.tetherfi.test.ivr.OperatingHoursTest">
    <skipped/>
  </testcase> <!-- VerifyDropdownForAllTheColumns -->
  <testcase name="VerifyColumnsHeaderEnable" time="0.000" classname="com.tetherfi.test.ivr.OperatingHoursTest">
    <skipped/>
  </testcase> <!-- VerifyColumnsHeaderEnable -->
  <testcase name="VerifyColumnsHeaderDisable" time="0.000" classname="com.tetherfi.test.ivr.OperatingHoursTest">
    <skipped/>
  </testcase> <!-- VerifyColumnsHeaderDisable -->
  <testcase name="DeleteWithoutDeleteReason" time="0.000" classname="com.tetherfi.test.ivr.OperatingHoursTest">
    <skipped/>
  </testcase> <!-- DeleteWithoutDeleteReason -->
  <testcase name="DeleteOperatinghoursRecord" time="0.000" classname="com.tetherfi.test.ivr.OperatingHoursTest">
    <skipped/>
  </testcase> <!-- DeleteOperatinghoursRecord -->
  <testcase name="database" time="0.000" classname="com.tetherfi.test.ivr.OperatingHoursTest">
    <skipped/>
  </testcase> <!-- database -->
</testsuite> <!-- com.tetherfi.test.ivr.OperatingHoursTest -->
