<?xml version="1.0" encoding="UTF-8"?>
<!-- Generated by org.testng.reporters.JUnitReportReporter -->
<testsuite hostname="admin" failures="0" tests="1" name="com.tetherfi.test.fax.FaxLineConfigTest" time="9.660" errors="0" timestamp="2019-09-03T20:42:28 IST" skipped="0">
  <testcase classname="com.tetherfi.test.fax.FaxLineConfigTest" name="FaxLineConfigPage" time="9.660"/>
</testsuite> <!-- com.tetherfi.test.fax.FaxLineConfigTest -->
