<?xml version="1.0" encoding="UTF-8"?>
<!-- Generated by org.testng.reporters.JUnitReportReporter -->
<testsuite hostname="DESKTOP-O6A5C2O" failures="0" tests="2" name="com.tetherfi.test.tmac.WaitTimeColorConfigTest" time="18.250" errors="0" timestamp="2019-11-20T12:05:55 IST" skipped="0">
  <testcase classname="com.tetherfi.test.tmac.WaitTimeColorConfigTest" name="SearchClearSearch" time="9.380"/>
  <testcase classname="com.tetherfi.test.tmac.WaitTimeColorConfigTest" name="ExporttoExcelWithoutData" time="8.870"/>
</testsuite> <!-- com.tetherfi.test.tmac.WaitTimeColorConfigTest -->
