<?xml version="1.0" encoding="UTF-8"?>
<!-- Generated by org.testng.reporters.JUnitReportReporter -->
<testsuite skipped="0" hostname="DESKTOP-NJVBPFB" name="com.tetherfi.test.reports.OCMAgentSummaryReportTest" tests="1" failures="0" timestamp="2020-04-22T15:18:16 IST" time="55.043" errors="0">
  <testcase name="database" time="55.043" classname="com.tetherfi.test.reports.OCMAgentSummaryReportTest"/>
</testsuite> <!-- com.tetherfi.test.reports.OCMAgentSummaryReportTest -->
