<?xml version="1.0" encoding="UTF-8"?>
<!-- Generated by org.testng.reporters.JUnitReportReporter -->
<testsuite skipped="0" hostname="DESKTOP-NJVBPFB" name="com.tetherfi.test.reports.OCMAgentSummaryReportTest" tests="1" failures="0" timestamp="2020-04-20T08:42:08 IST" time="45.045" errors="0">
  <testcase name="database" time="45.045" classname="com.tetherfi.test.reports.OCMAgentSummaryReportTest"/>
</testsuite> <!-- com.tetherfi.test.reports.OCMAgentSummaryReportTest -->
