<?xml version="1.0" encoding="UTF-8"?>
<!-- Generated by org.testng.reporters.JUnitReportReporter -->
<testsuite skipped="0" hostname="TTF-BLR-SANTOSHKOUJALAGI" name="com.tetherfi.test.UserRoleMappingCreateTest" tests="27" failures="0" timestamp="2021-08-09T22:23:43 IST" time="1152.523" errors="0">
  <testcase name="VerifyAddCancelButton" time="30.965" classname="com.tetherfi.test.UserRoleMappingCreateTest"/>
  <testcase name="VerifyAddRecordwithoutFirstName" time="40.851" classname="com.tetherfi.test.UserRoleMappingCreateTest"/>
  <testcase name="VerifyAddRecordWithoutLastName" time="40.970" classname="com.tetherfi.test.UserRoleMappingCreateTest"/>
  <testcase name="VerifyAddRecordWithoutLanId" time="40.235" classname="com.tetherfi.test.UserRoleMappingCreateTest"/>
  <testcase name="VerifyAddRecordWithoutLoginID" time="41.180" classname="com.tetherfi.test.UserRoleMappingCreateTest"/>
  <testcase name="VerifyAddRecordWithoutOrgUnitANDProfileAndSupervisor" time="36.164" classname="com.tetherfi.test.UserRoleMappingCreateTest"/>
  <testcase name="VerifyAddRecordWithoutProfile" time="41.610" classname="com.tetherfi.test.UserRoleMappingCreateTest"/>
  <testcase name="VerifyAddRecordWithoutSupervisor" time="38.613" classname="com.tetherfi.test.UserRoleMappingCreateTest"/>
  <testcase name="VerifyAddRecordWithoutRole" time="38.901" classname="com.tetherfi.test.UserRoleMappingCreateTest"/>
  <testcase name="AddRevertRecord" time="44.097" classname="com.tetherfi.test.UserRoleMappingCreateTest"/>
  <testcase name="VerifyRevertForAddNewRecord" time="45.227" classname="com.tetherfi.test.UserRoleMappingCreateTest"/>
  <testcase name="VerifyApprovedDataSectionWithoutApproval" time="39.894" classname="com.tetherfi.test.UserRoleMappingCreateTest"/>
  <testcase name="VerifyAuditTrailReportForRevert" time="56.762" classname="com.tetherfi.test.UserRoleMappingCreateTest"/>
  <testcase name="AddRejectRecord" time="45.408" classname="com.tetherfi.test.UserRoleMappingCreateTest"/>
  <testcase name="VerifySendForApprovalForAddNewRecord" time="37.887" classname="com.tetherfi.test.UserRoleMappingCreateTest"/>
  <testcase name="RejectforAddNewNewUserRoleMappingRecord" time="38.957" classname="com.tetherfi.test.UserRoleMappingCreateTest"/>
  <testcase name="VerifyAuditTrailReportForReject" time="57.552" classname="com.tetherfi.test.UserRoleMappingCreateTest"/>
  <testcase name="VerifyRecordAfterRejection" time="29.651" classname="com.tetherfi.test.UserRoleMappingCreateTest"/>
  <testcase name="AddNewNewUserRoleMappingRecord" time="44.503" classname="com.tetherfi.test.UserRoleMappingCreateTest"/>
  <testcase name="VerifyAuditTrailReportForCreate" time="57.719" classname="com.tetherfi.test.UserRoleMappingCreateTest"/>
  <testcase name="VerifyAuditTrailDataForAddNewNewUserRoleMappingRecord" time="31.401" classname="com.tetherfi.test.UserRoleMappingCreateTest"/>
  <testcase name="VerifySendForApprovalForAddNewNewUserRoleMappingRecord" time="38.942" classname="com.tetherfi.test.UserRoleMappingCreateTest"/>
  <testcase name="VerifyAuditTrailReportForSendForApproval" time="62.330" classname="com.tetherfi.test.UserRoleMappingCreateTest"/>
  <testcase name="ApproveforAddNewNewUserRoleMappingRecord" time="40.908" classname="com.tetherfi.test.UserRoleMappingCreateTest"/>
  <testcase name="VerifyAuditTrailReportForApprove" time="57.468" classname="com.tetherfi.test.UserRoleMappingCreateTest"/>
  <testcase name="VerifyRecordApprovedDataSectionafterApproval" time="29.515" classname="com.tetherfi.test.UserRoleMappingCreateTest"/>
  <testcase name="AddDuplicateRecord" time="44.813" classname="com.tetherfi.test.UserRoleMappingCreateTest"/>
</testsuite> <!-- com.tetherfi.test.UserRoleMappingCreateTest -->
