<?xml version="1.0" encoding="UTF-8"?>
<!-- Generated by org.testng.reporters.JUnitReportReporter -->
<testsuite skipped="0" hostname="TTF-BLR-SANTOSHKOUJALAGI" name="com.tetherfi.test.tmac.WaitTimeColorConfigTest" tests="34" failures="0" timestamp="2021-08-04T01:43:45 IST" time="331.105" errors="0">
  <testcase name="WaitTimeColorConfigPage" time="3.423" classname="com.tetherfi.test.tmac.WaitTimeColorConfigTest"/>
  <testcase name="AddNewWaitTimeColorConfigCancelRecord" time="6.602" classname="com.tetherfi.test.tmac.WaitTimeColorConfigTest"/>
  <testcase name="AddNewWaitTimeColorConfigRecord" time="7.752" classname="com.tetherfi.test.tmac.WaitTimeColorConfigTest"/>
  <testcase name="AddRecordWithoutStartTime" time="7.661" classname="com.tetherfi.test.tmac.WaitTimeColorConfigTest"/>
  <testcase name="AddRecordWithoutEndTime" time="5.334" classname="com.tetherfi.test.tmac.WaitTimeColorConfigTest"/>
  <testcase name="AddRecordDuplicate" time="6.968" classname="com.tetherfi.test.tmac.WaitTimeColorConfigTest"/>
  <testcase name="VerifySearchIsNotEqualTo" time="13.784" classname="com.tetherfi.test.tmac.WaitTimeColorConfigTest"/>
  <testcase name="VerifySearchContains" time="12.026" classname="com.tetherfi.test.tmac.WaitTimeColorConfigTest"/>
  <testcase name="VerifySearchDoesNotContains" time="12.322" classname="com.tetherfi.test.tmac.WaitTimeColorConfigTest"/>
  <testcase name="VerifySearchStartsWith" time="11.740" classname="com.tetherfi.test.tmac.WaitTimeColorConfigTest"/>
  <testcase name="VerifySearchEndsWith" time="11.998" classname="com.tetherfi.test.tmac.WaitTimeColorConfigTest"/>
  <testcase name="EditWaitTimeColorConfigCancelRecord" time="11.441" classname="com.tetherfi.test.tmac.WaitTimeColorConfigTest"/>
  <testcase name="EditWaitTimeColorConfigRecord" time="11.293" classname="com.tetherfi.test.tmac.WaitTimeColorConfigTest"/>
  <testcase name="searchPage" time="6.189" classname="com.tetherfi.test.tmac.WaitTimeColorConfigTest"/>
  <testcase name="SearchClearSearch" time="6.959" classname="com.tetherfi.test.tmac.WaitTimeColorConfigTest"/>
  <testcase name="ExportToExcel" time="3.726" classname="com.tetherfi.test.tmac.WaitTimeColorConfigTest"/>
  <testcase name="ExportToExcelData" time="3.222" classname="com.tetherfi.test.tmac.WaitTimeColorConfigTest"/>
  <testcase name="DeleteCancelRecord" time="9.486" classname="com.tetherfi.test.tmac.WaitTimeColorConfigTest"/>
  <testcase name="DeleteRecord" time="11.250" classname="com.tetherfi.test.tmac.WaitTimeColorConfigTest"/>
  <testcase name="database" time="8.978" classname="com.tetherfi.test.tmac.WaitTimeColorConfigTest"/>
  <testcase name="GroupBy" time="3.223" classname="com.tetherfi.test.tmac.WaitTimeColorConfigTest"/>
  <testcase name="VerifyArrowMoveForPreviousAndNextPage" time="1.643" classname="com.tetherfi.test.tmac.WaitTimeColorConfigTest"/>
  <testcase name="VerifyArrowMoveForFirstAndLastPage" time="1.369" classname="com.tetherfi.test.tmac.WaitTimeColorConfigTest"/>
  <testcase name="VerifyTotalNumberOfItemsPerPageDetails" time="1.406" classname="com.tetherfi.test.tmac.WaitTimeColorConfigTest"/>
  <testcase name="VerifyNumberOfItemsPerPageSelection" time="7.754" classname="com.tetherfi.test.tmac.WaitTimeColorConfigTest"/>
  <testcase name="SortingByAscending" time="6.330" classname="com.tetherfi.test.tmac.WaitTimeColorConfigTest"/>
  <testcase name="SortingByDescending" time="6.503" classname="com.tetherfi.test.tmac.WaitTimeColorConfigTest"/>
  <testcase name="ExporttoExcelWithoutData" time="6.235" classname="com.tetherfi.test.tmac.WaitTimeColorConfigTest"/>
  <testcase name="VerifyDropdownForAllTheColumns" time="10.637" classname="com.tetherfi.test.tmac.WaitTimeColorConfigTest"/>
  <testcase name="VerifyColumnsHeaderEnable" time="6.177" classname="com.tetherfi.test.tmac.WaitTimeColorConfigTest"/>
  <testcase name="VerifyColumnsHeaderDisable" time="8.582" classname="com.tetherfi.test.tmac.WaitTimeColorConfigTest"/>
  <testcase name="VerifyAuditTrialReportForCreate" time="34.479" classname="com.tetherfi.test.tmac.WaitTimeColorConfigTest"/>
  <testcase name="VerifyAuditTrialReportForUpdate" time="32.503" classname="com.tetherfi.test.tmac.WaitTimeColorConfigTest"/>
  <testcase name="VerifyAuditTrialReportForDelete" time="32.110" classname="com.tetherfi.test.tmac.WaitTimeColorConfigTest"/>
</testsuite> <!-- com.tetherfi.test.tmac.WaitTimeColorConfigTest -->
