<?xml version="1.0" encoding="UTF-8"?>
<!-- Generated by org.testng.reporters.JUnitReportReporter -->
<testsuite hostname="DESKTOP-O6A5C2O" failures="0" tests="16" name="com.tetherfi.test.ivr.HostValueMappingUpdateTest" time="806.887" errors="0" timestamp="2020-04-06T18:43:05 IST" skipped="0">
  <testcase classname="com.tetherfi.test.ivr.HostValueMappingUpdateTest" name="EditCancelHostValueMappingRecord" time="41.699"/>
  <testcase classname="com.tetherfi.test.ivr.HostValueMappingUpdateTest" name="EditRecordWithoutModifyReason" time="44.718"/>
  <testcase classname="com.tetherfi.test.ivr.HostValueMappingUpdateTest" name="EditRevertHostValueMappingRecord" time="45.618"/>
  <testcase classname="com.tetherfi.test.ivr.HostValueMappingUpdateTest" name="VerifyRevertForEditRecord" time="47.075"/>
  <testcase classname="com.tetherfi.test.ivr.HostValueMappingUpdateTest" name="VerifyAuditTrialReportForRevertUpdate" time="64.139"/>
  <testcase classname="com.tetherfi.test.ivr.HostValueMappingUpdateTest" name="EditRejectRecord" time="45.430"/>
  <testcase classname="com.tetherfi.test.ivr.HostValueMappingUpdateTest" name="VerifySendForApprovalForEditRejectRecord" time="45.578"/>
  <testcase classname="com.tetherfi.test.ivr.HostValueMappingUpdateTest" name="RejectforEditHostValueMappingRecord" time="44.633"/>
  <testcase classname="com.tetherfi.test.ivr.HostValueMappingUpdateTest" name="VerifyAuditTrailReportForReject" time="61.395"/>
  <testcase classname="com.tetherfi.test.ivr.HostValueMappingUpdateTest" name="EditHostValueMappingRecord" time="44.693"/>
  <testcase classname="com.tetherfi.test.ivr.HostValueMappingUpdateTest" name="VerifyAuditTrailDataForEditHostValueMappingRecord" time="39.925"/>
  <testcase classname="com.tetherfi.test.ivr.HostValueMappingUpdateTest" name="VerifyAuditTrialReportForUpdate" time="61.574"/>
  <testcase classname="com.tetherfi.test.ivr.HostValueMappingUpdateTest" name="VerifySendForApprovalForRejectRecord" time="51.182"/>
  <testcase classname="com.tetherfi.test.ivr.HostValueMappingUpdateTest" name="VerifyAuditTrialReportForSendForApprovalUpdate" time="58.958"/>
  <testcase classname="com.tetherfi.test.ivr.HostValueMappingUpdateTest" name="ApproveforEditHostValueMappingRecord" time="47.634"/>
  <testcase classname="com.tetherfi.test.ivr.HostValueMappingUpdateTest" name="VerifyAuditTrailReportForApprove" time="62.636"/>
</testsuite> <!-- com.tetherfi.test.ivr.HostValueMappingUpdateTest -->
