<?xml version="1.0" encoding="UTF-8"?>
<!-- Generated by org.testng.reporters.JUnitReportReporter -->
<testsuite hostname="admin" failures="0" tests="2" name="com.tetherfi.test.SkillConfigurationTest" time="24.298" errors="0" timestamp="24 Apr 2019 12:19:05 GMT" skipped="0">
  <testcase classname="com.tetherfi.test.SkillConfigurationTest" name="DeleteRecord" time="15.850"/>
  <testcase classname="com.tetherfi.test.SkillConfigurationTest" name="VerifyDeletedSkillInSkillAssignment" time="8.448"/>
</testsuite> <!-- com.tetherfi.test.SkillConfigurationTest -->
