<?xml version="1.0" encoding="UTF-8"?>
<!-- Generated by org.testng.reporters.JUnitReportReporter -->
<testsuite skipped="0" hostname="TTF-BLR-SANTOSHKOUJALAGI" name="com.tetherfi.test.ivr.CallBackAnnouncementTest" tests="20" failures="0" timestamp="2021-10-19T23:26:56 IST" time="291.822" errors="0">
  <testcase name="AddNewCallbackAnnouncementRecord" time="29.630" classname="com.tetherfi.test.ivr.CallBackAnnouncementTest"/>
  <testcase name="AddDuplicateCallBackAnnouncementRecord" time="12.498" classname="com.tetherfi.test.ivr.CallBackAnnouncementTest"/>
  <testcase name="AddNewCallbackAnnouncementWithoutWavFile" time="7.950" classname="com.tetherfi.test.ivr.CallBackAnnouncementTest"/>
  <testcase name="AddNewCallbackAnnouncementWithoutStartTime" time="12.670" classname="com.tetherfi.test.ivr.CallBackAnnouncementTest"/>
  <testcase name="AddNewCallbackAnnouncementWithoutEndTime" time="11.666" classname="com.tetherfi.test.ivr.CallBackAnnouncementTest"/>
  <testcase name="AddNewCallbackAnnouncementWithoutLanguage" time="11.741" classname="com.tetherfi.test.ivr.CallBackAnnouncementTest"/>
  <testcase name="EditCallBackAnnouncementRecord" time="13.916" classname="com.tetherfi.test.ivr.CallBackAnnouncementTest"/>
  <testcase name="EditWithoutModifyReasonCallbackannouncementRecord" time="14.615" classname="com.tetherfi.test.ivr.CallBackAnnouncementTest"/>
  <testcase name="VerifyCancelButtonAtEditCallbackAnnouncementRecord" time="13.880" classname="com.tetherfi.test.ivr.CallBackAnnouncementTest"/>
  <testcase name="DeleteWithoutDeleteReasonRecord" time="10.166" classname="com.tetherfi.test.ivr.CallBackAnnouncementTest"/>
  <testcase name="VerifyCancelButtonDeleteRecord" time="12.696" classname="com.tetherfi.test.ivr.CallBackAnnouncementTest"/>
  <testcase name="DeleteCallbackAnnouncementRecord" time="12.637" classname="com.tetherfi.test.ivr.CallBackAnnouncementTest"/>
  <testcase name="ExportToExcel" time="5.801" classname="com.tetherfi.test.ivr.CallBackAnnouncementTest"/>
  <testcase name="ExportToExcelData" time="3.985" classname="com.tetherfi.test.ivr.CallBackAnnouncementTest"/>
  <testcase name="SearchClearSearch" time="9.011" classname="com.tetherfi.test.ivr.CallBackAnnouncementTest"/>
  <testcase name="ExporttoExcelWithoutData" time="9.769" classname="com.tetherfi.test.ivr.CallBackAnnouncementTest"/>
  <testcase name="database" time="10.235" classname="com.tetherfi.test.ivr.CallBackAnnouncementTest"/>
  <testcase name="VerifyAuditTrialReportForCreate" time="32.265" classname="com.tetherfi.test.ivr.CallBackAnnouncementTest"/>
  <testcase name="VerifyAuditTrialReportForUpdate" time="28.520" classname="com.tetherfi.test.ivr.CallBackAnnouncementTest"/>
  <testcase name="VerifyAuditTrialReportForDelete" time="28.171" classname="com.tetherfi.test.ivr.CallBackAnnouncementTest"/>
</testsuite> <!-- com.tetherfi.test.ivr.CallBackAnnouncementTest -->
