<?xml version="1.0" encoding="UTF-8"?>
<!-- Generated by org.testng.reporters.JUnitReportReporter -->
<testsuite hostname="DESKTOP-O6A5C2O" failures="0" tests="21" name="com.tetherfi.test.tmac.AgentSettingsCreateTest" time="48.754" errors="2" timestamp="2020-01-09T13:55:09 IST" skipped="19">
  <testcase classname="com.tetherfi.test.tmac.AgentSettingsCreateTest" name="afterEachMethod" time="28.657">
    <error message="no such window: target window already closed
from unknown error: web view not found
  (Session info: chrome=79.0.3945.117)
Build info: version: &#039;3.141.59&#039;, revision: &#039;e82be7d358&#039;, time: &#039;2018-11-14T08:17:03&#039;
System info: host: &#039;DESKTOP-O6A5C2O&#039;, ip: &#039;10.0.75.1&#039;, os.name: &#039;Windows 10&#039;, os.arch: &#039;amd64&#039;, os.version: &#039;10.0&#039;, java.version: &#039;9.0.4&#039;
Driver info: org.openqa.selenium.chrome.ChromeDriver
Capabilities {acceptInsecureCerts: false, browserName: chrome, browserVersion: 79.0.3945.117, chrome: {chromedriverVersion: 78.0.3904.70 (edb9c9f3de024..., userDataDir: C:\Users\admin\AppData\Loca...}, goog:chromeOptions: {debuggerAddress: localhost:56928}, javascriptEnabled: true, networkConnectionEnabled: false, pageLoadStrategy: normal, platform: XP, platformName: XP, proxy: Proxy(), setWindowRect: true, strictFileInteractability: false, timeouts: {implicit: 0, pageLoad: 300000, script: 30000}, unhandledPromptBehavior: dismiss and notify}
Session ID: d9e7990bcf5310ac86b17ff76acf92a2" type="org.openqa.selenium.NoSuchWindowException">
      <![CDATA[org.openqa.selenium.NoSuchWindowException: no such window: target window already closed
from unknown error: web view not found
  (Session info: chrome=79.0.3945.117)
Build info: version: '3.141.59', revision: 'e82be7d358', time: '2018-11-14T08:17:03'
System info: host: 'DESKTOP-O6A5C2O', ip: '10.0.75.1', os.name: 'Windows 10', os.arch: 'amd64', os.version: '10.0', java.version: '9.0.4'
Driver info: org.openqa.selenium.chrome.ChromeDriver
Capabilities {acceptInsecureCerts: false, browserName: chrome, browserVersion: 79.0.3945.117, chrome: {chromedriverVersion: 78.0.3904.70 (edb9c9f3de024..., userDataDir: C:\Users\admin\AppData\Loca...}, goog:chromeOptions: {debuggerAddress: localhost:56928}, javascriptEnabled: true, networkConnectionEnabled: false, pageLoadStrategy: normal, platform: XP, platformName: XP, proxy: Proxy(), setWindowRect: true, strictFileInteractability: false, timeouts: {implicit: 0, pageLoad: 300000, script: 30000}, unhandledPromptBehavior: dismiss and notify}
Session ID: d9e7990bcf5310ac86b17ff76acf92a2
at java.base/jdk.internal.reflect.NativeConstructorAccessorImpl.newInstance0(Native Method)
at java.base/jdk.internal.reflect.NativeConstructorAccessorImpl.newInstance(Unknown Source)
at java.base/jdk.internal.reflect.DelegatingConstructorAccessorImpl.newInstance(Unknown Source)
at java.base/java.lang.reflect.Constructor.newInstance(Unknown Source)
at org.openqa.selenium.remote.http.W3CHttpResponseCodec.createException(W3CHttpResponseCodec.java:187)
at org.openqa.selenium.remote.http.W3CHttpResponseCodec.decode(W3CHttpResponseCodec.java:122)
at org.openqa.selenium.remote.http.W3CHttpResponseCodec.decode(W3CHttpResponseCodec.java:49)
at org.openqa.selenium.remote.HttpCommandExecutor.execute(HttpCommandExecutor.java:158)
at org.openqa.selenium.remote.service.DriverCommandExecutor.execute(DriverCommandExecutor.java:83)
at org.openqa.selenium.remote.RemoteWebDriver.execute(RemoteWebDriver.java:552)
at org.openqa.selenium.remote.RemoteWebDriver.execute(RemoteWebDriver.java:609)
at org.openqa.selenium.remote.RemoteWebDriver$RemoteNavigation.refresh(RemoteWebDriver.java:865)
at com.tetherfi.test.tmac.AgentSettingsCreateTest.afterEachMethod(AgentSettingsCreateTest.java:284)
at java.base/jdk.internal.reflect.NativeMethodAccessorImpl.invoke0(Native Method)
at java.base/jdk.internal.reflect.NativeMethodAccessorImpl.invoke(Unknown Source)
at java.base/jdk.internal.reflect.DelegatingMethodAccessorImpl.invoke(Unknown Source)
at java.base/java.lang.reflect.Method.invoke(Unknown Source)
at org.testng.internal.MethodInvocationHelper.invokeMethod(MethodInvocationHelper.java:133)
at org.testng.internal.MethodInvocationHelper.invokeMethodConsideringTimeout(MethodInvocationHelper.java:62)
at org.testng.internal.ConfigInvoker.invokeConfigurationMethod(ConfigInvoker.java:340)
at org.testng.internal.ConfigInvoker.invokeConfigurations(ConfigInvoker.java:294)
at org.testng.internal.TestInvoker.runConfigMethods(TestInvoker.java:683)
at org.testng.internal.TestInvoker.runAfterGroupsConfigurations(TestInvoker.java:658)
at org.testng.internal.TestInvoker.invokeMethod(TestInvoker.java:642)
at org.testng.internal.TestInvoker.invokeTestMethod(TestInvoker.java:172)
at org.testng.internal.MethodRunner.runInSequence(MethodRunner.java:46)
at org.testng.internal.TestInvoker$MethodInvocationAgent.invoke(TestInvoker.java:804)
at org.testng.internal.TestInvoker.invokeTestMethods(TestInvoker.java:145)
at org.testng.internal.TestMethodWorker.invokeTestMethods(TestMethodWorker.java:146)
at org.testng.internal.TestMethodWorker.run(TestMethodWorker.java:128)
at java.base/java.util.ArrayList.forEach(Unknown Source)
at org.testng.TestRunner.privateRun(TestRunner.java:770)
at org.testng.TestRunner.run(TestRunner.java:591)
at org.testng.SuiteRunner.runTest(SuiteRunner.java:402)
at org.testng.SuiteRunner.runSequentially(SuiteRunner.java:396)
at org.testng.SuiteRunner.privateRun(SuiteRunner.java:355)
at org.testng.SuiteRunner.run(SuiteRunner.java:304)
at org.testng.SuiteRunnerWorker.runSuite(SuiteRunnerWorker.java:53)
at org.testng.SuiteRunnerWorker.run(SuiteRunnerWorker.java:96)
at org.testng.TestNG.runSuitesSequentially(TestNG.java:1180)
at org.testng.TestNG.runSuitesLocally(TestNG.java:1102)
at org.testng.TestNG.runSuites(TestNG.java:1032)
at org.testng.TestNG.run(TestNG.java:1000)
at org.testng.remote.AbstractRemoteTestNG.run(AbstractRemoteTestNG.java:115)
at org.testng.remote.RemoteTestNG.initAndRun(RemoteTestNG.java:251)
at org.testng.remote.RemoteTestNG.main(RemoteTestNG.java:77)
]]>
    </error>
  </testcase> <!-- afterEachMethod -->
  <testcase classname="com.tetherfi.test.tmac.AgentSettingsCreateTest" name="AddRevertNewSupervisorRecord" time="20.097">
    <error message="Index: 0" type="java.lang.IndexOutOfBoundsException">
      <![CDATA[java.lang.IndexOutOfBoundsException: Index: 0
at java.base/java.util.Collections$EmptyList.get(Unknown Source)
at java.base/jdk.internal.reflect.NativeMethodAccessorImpl.invoke0(Native Method)
at java.base/jdk.internal.reflect.NativeMethodAccessorImpl.invoke(Unknown Source)
at java.base/jdk.internal.reflect.DelegatingMethodAccessorImpl.invoke(Unknown Source)
at java.base/java.lang.reflect.Method.invoke(Unknown Source)
at org.openqa.selenium.support.pagefactory.internal.LocatingElementListHandler.invoke(LocatingElementListHandler.java:39)
at com.sun.proxy.$Proxy15.get(Unknown Source)
at com.tetherfi.pages.AgentSettingsNewDesignPage.addNewAgentSettingsRecord(AgentSettingsNewDesignPage.java:561)
at com.tetherfi.test.tmac.AgentSettingsCreateTest.AddRevertNewSupervisorRecord(AgentSettingsCreateTest.java:70)
at java.base/jdk.internal.reflect.NativeMethodAccessorImpl.invoke0(Native Method)
at java.base/jdk.internal.reflect.NativeMethodAccessorImpl.invoke(Unknown Source)
at java.base/jdk.internal.reflect.DelegatingMethodAccessorImpl.invoke(Unknown Source)
at java.base/java.lang.reflect.Method.invoke(Unknown Source)
at org.testng.internal.MethodInvocationHelper.invokeMethod(MethodInvocationHelper.java:133)
at org.testng.internal.TestInvoker.invokeMethod(TestInvoker.java:584)
at org.testng.internal.TestInvoker.invokeTestMethod(TestInvoker.java:172)
at org.testng.internal.MethodRunner.runInSequence(MethodRunner.java:46)
at org.testng.internal.TestInvoker$MethodInvocationAgent.invoke(TestInvoker.java:804)
at org.testng.internal.TestInvoker.invokeTestMethods(TestInvoker.java:145)
at org.testng.internal.TestMethodWorker.invokeTestMethods(TestMethodWorker.java:146)
at org.testng.internal.TestMethodWorker.run(TestMethodWorker.java:128)
at java.base/java.util.ArrayList.forEach(Unknown Source)
at org.testng.TestRunner.privateRun(TestRunner.java:770)
at org.testng.TestRunner.run(TestRunner.java:591)
at org.testng.SuiteRunner.runTest(SuiteRunner.java:402)
at org.testng.SuiteRunner.runSequentially(SuiteRunner.java:396)
at org.testng.SuiteRunner.privateRun(SuiteRunner.java:355)
at org.testng.SuiteRunner.run(SuiteRunner.java:304)
at org.testng.SuiteRunnerWorker.runSuite(SuiteRunnerWorker.java:53)
at org.testng.SuiteRunnerWorker.run(SuiteRunnerWorker.java:96)
at org.testng.TestNG.runSuitesSequentially(TestNG.java:1180)
at org.testng.TestNG.runSuitesLocally(TestNG.java:1102)
at org.testng.TestNG.runSuites(TestNG.java:1032)
at org.testng.TestNG.run(TestNG.java:1000)
at org.testng.remote.AbstractRemoteTestNG.run(AbstractRemoteTestNG.java:115)
at org.testng.remote.RemoteTestNG.initAndRun(RemoteTestNG.java:251)
at org.testng.remote.RemoteTestNG.main(RemoteTestNG.java:77)
]]>
    </error>
  </testcase> <!-- AddRevertNewSupervisorRecord -->
  <testcase classname="com.tetherfi.test.tmac.AgentSettingsCreateTest" name="VerifyRevertForAddNewRecord" time="0.000">
    <skipped/>
  </testcase> <!-- VerifyRevertForAddNewRecord -->
  <testcase classname="com.tetherfi.test.tmac.AgentSettingsCreateTest" name="VerifyAuditTrailReportForRevert" time="0.000">
    <skipped/>
  </testcase> <!-- VerifyAuditTrailReportForRevert -->
  <testcase classname="com.tetherfi.test.tmac.AgentSettingsCreateTest" name="AddRejectRecord" time="0.000">
    <skipped/>
  </testcase> <!-- AddRejectRecord -->
  <testcase classname="com.tetherfi.test.tmac.AgentSettingsCreateTest" name="VerifySendForApprovalForAddNewAgentSettingsRecord" time="0.000">
    <skipped/>
  </testcase> <!-- VerifySendForApprovalForAddNewAgentSettingsRecord -->
  <testcase classname="com.tetherfi.test.tmac.AgentSettingsCreateTest" name="RejectForAddNewAgentSettingsRecord" time="0.000">
    <skipped/>
  </testcase> <!-- RejectForAddNewAgentSettingsRecord -->
  <testcase classname="com.tetherfi.test.tmac.AgentSettingsCreateTest" name="VerifyAuditTrailReportForReject" time="0.000">
    <skipped/>
  </testcase> <!-- VerifyAuditTrailReportForReject -->
  <testcase classname="com.tetherfi.test.tmac.AgentSettingsCreateTest" name="AddNewSupervisorRecord" time="0.000">
    <skipped/>
  </testcase> <!-- AddNewSupervisorRecord -->
  <testcase classname="com.tetherfi.test.tmac.AgentSettingsCreateTest" name="VerifyAuditTrailReportForCreate" time="0.000">
    <skipped/>
  </testcase> <!-- VerifyAuditTrailReportForCreate -->
  <testcase classname="com.tetherfi.test.tmac.AgentSettingsCreateTest" name="VerifyAuditTrailDataForAddNewSupervisorRecord" time="0.000">
    <skipped/>
  </testcase> <!-- VerifyAuditTrailDataForAddNewSupervisorRecord -->
  <testcase classname="com.tetherfi.test.tmac.AgentSettingsCreateTest" name="VerifySendForApprovalForAddNewAgentSettingsRecord1" time="0.000">
    <skipped/>
  </testcase> <!-- VerifySendForApprovalForAddNewAgentSettingsRecord1 -->
  <testcase classname="com.tetherfi.test.tmac.AgentSettingsCreateTest" name="VerifyAuditTrailReportForSendForApproval" time="0.000">
    <skipped/>
  </testcase> <!-- VerifyAuditTrailReportForSendForApproval -->
  <testcase classname="com.tetherfi.test.tmac.AgentSettingsCreateTest" name="ApproveforAddNewAgentSettingRecord" time="0.000">
    <skipped/>
  </testcase> <!-- ApproveforAddNewAgentSettingRecord -->
  <testcase classname="com.tetherfi.test.tmac.AgentSettingsCreateTest" name="VerifyAuditTrailReportForApprove" time="0.000">
    <skipped/>
  </testcase> <!-- VerifyAuditTrailReportForApprove -->
  <testcase classname="com.tetherfi.test.tmac.AgentSettingsCreateTest" name="VerifyDuplicateLanIDCreation" time="0.000">
    <skipped/>
  </testcase> <!-- VerifyDuplicateLanIDCreation -->
  <testcase classname="com.tetherfi.test.tmac.AgentSettingsCreateTest" name="VerifyDuplicateAvayaLoginIDCreation" time="0.000">
    <skipped/>
  </testcase> <!-- VerifyDuplicateAvayaLoginIDCreation -->
  <testcase classname="com.tetherfi.test.tmac.AgentSettingsCreateTest" name="VerifyAddAgentsDetailsInDatabase" time="0.000">
    <skipped/>
  </testcase> <!-- VerifyAddAgentsDetailsInDatabase -->
  <testcase classname="com.tetherfi.test.tmac.AgentSettingsCreateTest" name="AddNewAgentSettingsRecord" time="0.000">
    <skipped/>
  </testcase> <!-- AddNewAgentSettingsRecord -->
  <testcase classname="com.tetherfi.test.tmac.AgentSettingsCreateTest" name="VerifySendForApprovalRecord" time="0.000">
    <skipped/>
  </testcase> <!-- VerifySendForApprovalRecord -->
  <testcase classname="com.tetherfi.test.tmac.AgentSettingsCreateTest" name="ApproveforAddNewAgentRecord" time="0.000">
    <skipped/>
  </testcase> <!-- ApproveforAddNewAgentRecord -->
</testsuite> <!-- com.tetherfi.test.tmac.AgentSettingsCreateTest -->
