<?xml version="1.0" encoding="UTF-8"?>
<!-- Generated by org.testng.reporters.JUnitReportReporter -->
<testsuite hostname="admin" failures="0" tests="1" name="com.tetherfi.test.fax.FaxAutoACKConfigurationTest" time="12.036" errors="0" timestamp="08 Apr 2019 06:05:06 GMT" skipped="0">
  <testcase classname="com.tetherfi.test.fax.FaxAutoACKConfigurationTest" name="SearchClearSearch" time="12.036"/>
</testsuite> <!-- com.tetherfi.test.fax.FaxAutoACKConfigurationTest -->
