<?xml version="1.0" encoding="UTF-8"?>
<!-- Generated by org.testng.reporters.JUnitReportReporter -->
<testsuite skipped="0" hostname="TTF-BLR-SANTOSHKOUJALAGI" name="com.tetherfi.test.ivr.HolidayListTest" tests="1" failures="0" timestamp="2021-08-10T17:45:52 IST" time="21.169" errors="0">
  <testcase name="database" time="21.169" classname="com.tetherfi.test.ivr.HolidayListTest"/>
</testsuite> <!-- com.tetherfi.test.ivr.HolidayListTest -->
