<?xml version="1.0" encoding="UTF-8"?>
<!-- Generated by org.testng.reporters.JUnitReportReporter -->
<testsuite skipped="0" hostname="TTF-BLR-SANTOSHKOUJALAGI" name="com.tetherfi.test.RoleBasedAccessManagementUpdateTest" tests="16" failures="0" timestamp="2021-08-09T21:34:51 IST" time="719.933" errors="0">
  <testcase name="EditCancelRoleBasedAccessManagementRecord" time="38.661" classname="com.tetherfi.test.RoleBasedAccessManagementUpdateTest"/>
  <testcase name="EditRevertRoleBasedAccessManagementRecord" time="38.104" classname="com.tetherfi.test.RoleBasedAccessManagementUpdateTest"/>
  <testcase name="VerifyRevertForEditRecord" time="41.652" classname="com.tetherfi.test.RoleBasedAccessManagementUpdateTest"/>
  <testcase name="VerifyAuditTrialReportForRevertUpdate" time="57.622" classname="com.tetherfi.test.RoleBasedAccessManagementUpdateTest"/>
  <testcase name="EditRejectRecord" time="39.365" classname="com.tetherfi.test.RoleBasedAccessManagementUpdateTest"/>
  <testcase name="VerifySendForApprovalForEditRejectRecord" time="42.074" classname="com.tetherfi.test.RoleBasedAccessManagementUpdateTest"/>
  <testcase name="RejectforEditRoleBasedAccessManagementRecord" time="39.504" classname="com.tetherfi.test.RoleBasedAccessManagementUpdateTest"/>
  <testcase name="VerifyAuditTrailReportForReject" time="57.102" classname="com.tetherfi.test.RoleBasedAccessManagementUpdateTest"/>
  <testcase name="EditRoleBasedAccessManagementRecord" time="38.445" classname="com.tetherfi.test.RoleBasedAccessManagementUpdateTest"/>
  <testcase name="VerifyAuditTrailDataForEditRoleBasedAccessManagementRecord" time="35.303" classname="com.tetherfi.test.RoleBasedAccessManagementUpdateTest"/>
  <testcase name="VerifyAuditTrialReportForUpdate" time="57.984" classname="com.tetherfi.test.RoleBasedAccessManagementUpdateTest"/>
  <testcase name="VerifySendForApprovalForEditRecord" time="40.586" classname="com.tetherfi.test.RoleBasedAccessManagementUpdateTest"/>
  <testcase name="VerifyAuditTrialReportForSendForApprovalUpdate" time="57.131" classname="com.tetherfi.test.RoleBasedAccessManagementUpdateTest"/>
  <testcase name="ApproveforEditRoleBasedAccessManagementRecord" time="41.064" classname="com.tetherfi.test.RoleBasedAccessManagementUpdateTest"/>
  <testcase name="VerifyAuditTrailReportForApprove" time="57.026" classname="com.tetherfi.test.RoleBasedAccessManagementUpdateTest"/>
  <testcase name="EditRecordWithoutModifyReason" time="38.310" classname="com.tetherfi.test.RoleBasedAccessManagementUpdateTest"/>
</testsuite> <!-- com.tetherfi.test.RoleBasedAccessManagementUpdateTest -->
