<?xml version="1.0" encoding="UTF-8"?>
<!-- Generated by org.testng.reporters.JUnitReportReporter -->
<testsuite hostname="DESKTOP-O6A5C2O" failures="0" tests="64" name="com.tetherfi.test.tmac.TmacTransferListTest" time="1068.320" errors="1" timestamp="2020-03-13T19:30:23 IST" skipped="0">
  <testcase classname="com.tetherfi.test.tmac.TmacTransferListTest" name="VerifyTmacTransferListModuleDisplay" time="7.710"/>
  <testcase classname="com.tetherfi.test.tmac.TmacTransferListTest" name="VerifyTmacConsultTransferTableHeaders" time="8.449"/>
  <testcase classname="com.tetherfi.test.tmac.TmacTransferListTest" name="VerifyAddNewConsultTransferButton" time="6.422"/>
  <testcase classname="com.tetherfi.test.tmac.TmacTransferListTest" name="VerifyAddConsultTransferPopUpContentDisplayed" time="14.432"/>
  <testcase classname="com.tetherfi.test.tmac.TmacTransferListTest" name="VerifyErrMsgNameBlank" time="15.878"/>
  <testcase classname="com.tetherfi.test.tmac.TmacTransferListTest" name="VerifyErrMsgAgtExtBlank" time="16.449"/>
  <testcase classname="com.tetherfi.test.tmac.TmacTransferListTest" name="VerifyErrMsgTypeNotSelected" time="13.996"/>
  <testcase classname="com.tetherfi.test.tmac.TmacTransferListTest" name="VerifyCancelonNewConsulTransfer" time="11.168"/>
  <testcase classname="com.tetherfi.test.tmac.TmacTransferListTest" name="AddNewTmacConsultTransferRecord" time="12.125"/>
  <testcase classname="com.tetherfi.test.tmac.TmacTransferListTest" name="VerifyErrMsgDuplicateName" time="16.521"/>
  <testcase classname="com.tetherfi.test.tmac.TmacTransferListTest" name="VerifyErrMsgDuplicateValue" time="17.205"/>
  <testcase classname="com.tetherfi.test.tmac.TmacTransferListTest" name="AddNewTmacConsultTransferRecord2" time="10.950"/>
  <testcase classname="com.tetherfi.test.tmac.TmacTransferListTest" name="VerifyDupNameErrMsgOnEditConsulRecd" time="19.951"/>
  <testcase classname="com.tetherfi.test.tmac.TmacTransferListTest" name="VerifyDupValueErrMsgOnEditConsulRecd" time="22.314"/>
  <testcase classname="com.tetherfi.test.tmac.TmacTransferListTest" name="VerifyNoModReasonErrMsgOnEditConsulRecd" time="23.727"/>
  <testcase classname="com.tetherfi.test.tmac.TmacTransferListTest" name="EditNameOnTmacConsultTransferRecord" time="14.754"/>
  <testcase classname="com.tetherfi.test.tmac.TmacTransferListTest" name="EditAgtExtOnTmacConsultTransferRecord" time="17.854"/>
  <testcase classname="com.tetherfi.test.tmac.TmacTransferListTest" name="EditTypeOnTmacConsultTransferRecord" time="20.715"/>
  <testcase classname="com.tetherfi.test.tmac.TmacTransferListTest" name="EditAllOnTmacConsultTransferRecord" time="16.127"/>
  <testcase classname="com.tetherfi.test.tmac.TmacTransferListTest" name="VerifySearchIsNotEqualTo" time="18.516"/>
  <testcase classname="com.tetherfi.test.tmac.TmacTransferListTest" name="VerifySearchContains" time="13.357"/>
  <testcase classname="com.tetherfi.test.tmac.TmacTransferListTest" name="VerifySearchDoesNotContains" time="17.635"/>
  <testcase classname="com.tetherfi.test.tmac.TmacTransferListTest" name="VerifySearchStartsWith" time="13.422"/>
  <testcase classname="com.tetherfi.test.tmac.TmacTransferListTest" name="VerifySearchEndsWith" time="13.786"/>
  <testcase classname="com.tetherfi.test.tmac.TmacTransferListTest" name="ExportToExcel" time="8.141"/>
  <testcase classname="com.tetherfi.test.tmac.TmacTransferListTest" name="ExportToExcelData" time="13.165"/>
  <testcase classname="com.tetherfi.test.tmac.TmacTransferListTest" name="database" time="14.770"/>
  <testcase classname="com.tetherfi.test.tmac.TmacTransferListTest" name="GroupBy" time="9.772"/>
  <testcase classname="com.tetherfi.test.tmac.TmacTransferListTest" name="DeleteNoReasonErrMsgTmacConsultTransferRecord" time="17.849"/>
  <testcase classname="com.tetherfi.test.tmac.TmacTransferListTest" name="DeleteNoReasonNoBtnTmacConsultTransferRecord" time="54.889"/>
  <testcase classname="com.tetherfi.test.tmac.TmacTransferListTest" name="DeleteTmacConsultTransferRecord" time="18.347"/>
  <testcase classname="com.tetherfi.test.tmac.TmacTransferListTest" name="DeleteTmacConsultTransferRecord2" time="14.243"/>
  <testcase classname="com.tetherfi.test.tmac.TmacTransferListTest" name="fullScreenAndRestore" time="15.866"/>
  <testcase classname="com.tetherfi.test.tmac.TmacTransferListTest" name="VerifyTmacBlindTransferTableHeaders" time="9.580"/>
  <testcase classname="com.tetherfi.test.tmac.TmacTransferListTest" name="VerifyAddNewBlindTransferButton" time="8.100"/>
  <testcase classname="com.tetherfi.test.tmac.TmacTransferListTest" name="VerifyAddBlindTransferPopUpContentDisplayed" time="17.410"/>
  <testcase classname="com.tetherfi.test.tmac.TmacTransferListTest" name="VerifyErrMsgNoData" time="17.637"/>
  <testcase classname="com.tetherfi.test.tmac.TmacTransferListTest" name="VerifyErrMsgVDNBlank" time="18.317"/>
  <testcase classname="com.tetherfi.test.tmac.TmacTransferListTest" name="VerifyErrMsgSkillNameNotSelected" time="17.621"/>
  <testcase classname="com.tetherfi.test.tmac.TmacTransferListTest" name="VerifyErrMsgChannelNotSelected" time="15.274"/>
  <testcase classname="com.tetherfi.test.tmac.TmacTransferListTest" name="VerifyCancelonNewBlindTransfer" time="17.866"/>
  <testcase classname="com.tetherfi.test.tmac.TmacTransferListTest" name="AddNewTmacBlindTransferRecord" time="18.110"/>
  <testcase classname="com.tetherfi.test.tmac.TmacTransferListTest" name="VerifyErrMsgDupSkillIdNameVdn" time="21.771"/>
  <testcase classname="com.tetherfi.test.tmac.TmacTransferListTest" name="VerifyErrMsgDupSkillIdName" time="20.869"/>
  <testcase classname="com.tetherfi.test.tmac.TmacTransferListTest" name="VerifyRecdBlindTransDupVDN" time="18.528"/>
  <testcase classname="com.tetherfi.test.tmac.TmacTransferListTest" name="VerifyRecdBlindTransDiffVDN" time="14.367"/>
  <testcase classname="com.tetherfi.test.tmac.TmacTransferListTest" name="VerifyDupErrMsgEditTmacBlindTransferRecord" time="21.192"/>
  <testcase classname="com.tetherfi.test.tmac.TmacTransferListTest" name="VerifyErrMsgNoModReasonEditTmacBlindTransferRecord" time="19.675"/>
  <testcase classname="com.tetherfi.test.tmac.TmacTransferListTest" name="VerifyTmacBlindSearchIsNotEqualTo" time="19.679"/>
  <testcase classname="com.tetherfi.test.tmac.TmacTransferListTest" name="VerifyTmacBlindSearchContains" time="18.177"/>
  <testcase classname="com.tetherfi.test.tmac.TmacTransferListTest" name="VerifyTmacBlindSearchDoesNotContains" time="13.837"/>
  <testcase classname="com.tetherfi.test.tmac.TmacTransferListTest" name="VerifyTmacBlindSearchStartsWith" time="13.344"/>
  <testcase classname="com.tetherfi.test.tmac.TmacTransferListTest" name="VerifyTmacBlindSearchEndsWith" time="11.949"/>
  <testcase classname="com.tetherfi.test.tmac.TmacTransferListTest" name="EditTmacBlindTransferRecord" time="19.165"/>
  <testcase classname="com.tetherfi.test.tmac.TmacTransferListTest" name="ExportToExcelBlindTrans" time="12.746"/>
  <testcase classname="com.tetherfi.test.tmac.TmacTransferListTest" name="ExportToExcelDataBlindTrans" time="15.148"/>
  <testcase classname="com.tetherfi.test.tmac.TmacTransferListTest" name="databaseBlindTrans" time="10.413">
    <error message="1" type="java.lang.ArrayIndexOutOfBoundsException">
      <![CDATA[java.lang.ArrayIndexOutOfBoundsException: 1
at com.tetherfi.pages.TmacTransferListPage.gettableBlindTrans(TmacTransferListPage.java:950)
at com.tetherfi.pages.TmacTransferListPage.verifyDatabaseBlindTrans(TmacTransferListPage.java:908)
at com.tetherfi.test.tmac.TmacTransferListTest.databaseBlindTrans(TmacTransferListTest.java:642)
at java.base/jdk.internal.reflect.NativeMethodAccessorImpl.invoke0(Native Method)
at java.base/jdk.internal.reflect.NativeMethodAccessorImpl.invoke(Unknown Source)
at java.base/jdk.internal.reflect.DelegatingMethodAccessorImpl.invoke(Unknown Source)
at java.base/java.lang.reflect.Method.invoke(Unknown Source)
at org.testng.internal.MethodInvocationHelper.invokeMethod(MethodInvocationHelper.java:133)
at org.testng.internal.TestInvoker.invokeMethod(TestInvoker.java:584)
at org.testng.internal.TestInvoker.invokeTestMethod(TestInvoker.java:172)
at org.testng.internal.MethodRunner.runInSequence(MethodRunner.java:46)
at org.testng.internal.TestInvoker$MethodInvocationAgent.invoke(TestInvoker.java:804)
at org.testng.internal.TestInvoker.invokeTestMethods(TestInvoker.java:145)
at org.testng.internal.TestMethodWorker.invokeTestMethods(TestMethodWorker.java:146)
at org.testng.internal.TestMethodWorker.run(TestMethodWorker.java:128)
at java.base/java.util.ArrayList.forEach(Unknown Source)
at org.testng.TestRunner.privateRun(TestRunner.java:770)
at org.testng.TestRunner.run(TestRunner.java:591)
at org.testng.SuiteRunner.runTest(SuiteRunner.java:402)
at org.testng.SuiteRunner.runSequentially(SuiteRunner.java:396)
at org.testng.SuiteRunner.privateRun(SuiteRunner.java:355)
at org.testng.SuiteRunner.run(SuiteRunner.java:304)
at org.testng.SuiteRunnerWorker.runSuite(SuiteRunnerWorker.java:53)
at org.testng.SuiteRunnerWorker.run(SuiteRunnerWorker.java:96)
at org.testng.TestNG.runSuitesSequentially(TestNG.java:1180)
at org.testng.TestNG.runSuitesLocally(TestNG.java:1102)
at org.testng.TestNG.runSuites(TestNG.java:1032)
at org.testng.TestNG.run(TestNG.java:1000)
at org.testng.remote.AbstractRemoteTestNG.run(AbstractRemoteTestNG.java:115)
at org.testng.remote.RemoteTestNG.initAndRun(RemoteTestNG.java:251)
at org.testng.remote.RemoteTestNG.main(RemoteTestNG.java:77)
]]>
    </error>
  </testcase> <!-- databaseBlindTrans -->
  <testcase classname="com.tetherfi.test.tmac.TmacTransferListTest" name="GroupByBlindTrans" time="9.578"/>
  <testcase classname="com.tetherfi.test.tmac.TmacTransferListTest" name="DeleteNoReasonErrMsgTmacBlindTransferRecord" time="16.291"/>
  <testcase classname="com.tetherfi.test.tmac.TmacTransferListTest" name="DeleteNoReasonNoBtnTmacBlindTransferRecord" time="56.702"/>
  <testcase classname="com.tetherfi.test.tmac.TmacTransferListTest" name="DeleteTmacBlindTransferRecord" time="16.163"/>
  <testcase classname="com.tetherfi.test.tmac.TmacTransferListTest" name="DeleteTmacBlindTransferRecord2" time="14.672"/>
  <testcase classname="com.tetherfi.test.tmac.TmacTransferListTest" name="DeleteTmacBlindTransferRecord3" time="17.316"/>
  <testcase classname="com.tetherfi.test.tmac.TmacTransferListTest" name="fullScreenAndRestoreBlindTrans" time="16.318"/>
</testsuite> <!-- com.tetherfi.test.tmac.TmacTransferListTest -->
