<?xml version="1.0" encoding="UTF-8"?>
<!-- Generated by org.testng.reporters.JUnitReportReporter -->
<testsuite skipped="0" hostname="TTF-BLR-SANTOSHKOUJALAGI" name="com.tetherfi.test.UserOnBoardingDivisionLevelUserCreateTest" tests="15" failures="0" timestamp="2021-08-11T02:40:06 IST" time="826.523" errors="0">
  <testcase name="VerifyAddRevertRecord" time="66.214" classname="com.tetherfi.test.UserOnBoardingDivisionLevelUserCreateTest"/>
  <testcase name="VerifyRevertForAddNewRecord" time="48.359" classname="com.tetherfi.test.UserOnBoardingDivisionLevelUserCreateTest"/>
  <testcase name="VerifyAuditTrailReportForRevert" time="60.612" classname="com.tetherfi.test.UserOnBoardingDivisionLevelUserCreateTest"/>
  <testcase name="AddRejectRecord" time="66.551" classname="com.tetherfi.test.UserOnBoardingDivisionLevelUserCreateTest"/>
  <testcase name="VerifySendForApprovalForAddNewUserOnBoardingRecord" time="45.143" classname="com.tetherfi.test.UserOnBoardingDivisionLevelUserCreateTest"/>
  <testcase name="RejectForAddNewUserOnBoardingRecord" time="38.914" classname="com.tetherfi.test.UserOnBoardingDivisionLevelUserCreateTest"/>
  <testcase name="VerifyAuditTrailReportForReject" time="60.661" classname="com.tetherfi.test.UserOnBoardingDivisionLevelUserCreateTest"/>
  <testcase name="AddNewUserOnBoardingRecord" time="67.072" classname="com.tetherfi.test.UserOnBoardingDivisionLevelUserCreateTest"/>
  <testcase name="VerifyAuditTrailReportForCreate" time="62.384" classname="com.tetherfi.test.UserOnBoardingDivisionLevelUserCreateTest"/>
  <testcase name="VerifyAuditTrailDataForAddNewUserOnBoardingRecord" time="38.232" classname="com.tetherfi.test.UserOnBoardingDivisionLevelUserCreateTest"/>
  <testcase name="VerifySendForApprovalForAddNewUserOnBoarding" time="42.440" classname="com.tetherfi.test.UserOnBoardingDivisionLevelUserCreateTest"/>
  <testcase name="VerifyAuditTrailReportForSendForApproval" time="62.455" classname="com.tetherfi.test.UserOnBoardingDivisionLevelUserCreateTest"/>
  <testcase name="ApproveforAddNewUserOnBoardingRecord" time="39.804" classname="com.tetherfi.test.UserOnBoardingDivisionLevelUserCreateTest"/>
  <testcase name="VerifyAuditTrailReportForApprove" time="62.024" classname="com.tetherfi.test.UserOnBoardingDivisionLevelUserCreateTest"/>
  <testcase name="AddDuplicateUserOnBoardingRecord" time="65.658" classname="com.tetherfi.test.UserOnBoardingDivisionLevelUserCreateTest"/>
</testsuite> <!-- com.tetherfi.test.UserOnBoardingDivisionLevelUserCreateTest -->
