<?xml version="1.0" encoding="UTF-8"?>
<!-- Generated by org.testng.reporters.JUnitReportReporter -->
<testsuite skipped="0" hostname="TTF-BLR-SANTOSHKOUJALAGI" name="com.tetherfi.test.tmac.TmacAuxCodesTest" tests="35" failures="1" timestamp="2021-07-29T10:00:23 IST" time="750.435" errors="0">
  <testcase name="TmacAuxCodesPage" time="13.353" classname="com.tetherfi.test.tmac.TmacAuxCodesTest"/>
  <testcase name="verifyAddNewTmacAuxCodesCancelButton" time="39.203" classname="com.tetherfi.test.tmac.TmacAuxCodesTest"/>
  <testcase name="AddRecordWithoutValue" time="12.153" classname="com.tetherfi.test.tmac.TmacAuxCodesTest"/>
  <testcase name="AddRecordWithoutName" time="12.735" classname="com.tetherfi.test.tmac.TmacAuxCodesTest"/>
  <testcase name="AddRecordWithoutCode" time="14.174" classname="com.tetherfi.test.tmac.TmacAuxCodesTest"/>
  <testcase name="AddRecordWithoutStatus" time="17.955" classname="com.tetherfi.test.tmac.TmacAuxCodesTest"/>
  <testcase name="AddNewTmacAuxCodesRecord" time="14.524" classname="com.tetherfi.test.tmac.TmacAuxCodesTest"/>
  <testcase name="verifyAuditTrailReportForCreate" time="54.921" classname="com.tetherfi.test.tmac.TmacAuxCodesTest">
    <failure type="java.lang.AssertionError" message="Create Audit Trail Assertion Failed did not expect to find [true] but found [false]">
      <![CDATA[java.lang.AssertionError: Create Audit Trail Assertion Failed did not expect to find [true] but found [false]
at org.testng.Assert.fail(Assert.java:97)
at org.testng.Assert.failNotEquals(Assert.java:969)
at org.testng.Assert.assertTrue(Assert.java:43)
at com.tetherfi.test.tmac.TmacAuxCodesTest.verifyAuditTrailReportForCreate(TmacAuxCodesTest.java:125)
at sun.reflect.NativeMethodAccessorImpl.invoke0(Native Method)
at sun.reflect.NativeMethodAccessorImpl.invoke(Unknown Source)
at sun.reflect.DelegatingMethodAccessorImpl.invoke(Unknown Source)
at java.lang.reflect.Method.invoke(Unknown Source)
at org.testng.internal.MethodInvocationHelper.invokeMethod(MethodInvocationHelper.java:133)
at org.testng.internal.TestInvoker.invokeMethod(TestInvoker.java:584)
at org.testng.internal.TestInvoker.invokeTestMethod(TestInvoker.java:172)
at org.testng.internal.MethodRunner.runInSequence(MethodRunner.java:46)
at org.testng.internal.TestInvoker$MethodInvocationAgent.invoke(TestInvoker.java:804)
at org.testng.internal.TestInvoker.invokeTestMethods(TestInvoker.java:145)
at org.testng.internal.TestMethodWorker.invokeTestMethods(TestMethodWorker.java:146)
at org.testng.internal.TestMethodWorker.run(TestMethodWorker.java:128)
at java.util.ArrayList.forEach(Unknown Source)
at org.testng.TestRunner.privateRun(TestRunner.java:770)
at org.testng.TestRunner.run(TestRunner.java:591)
at org.testng.SuiteRunner.runTest(SuiteRunner.java:402)
at org.testng.SuiteRunner.runSequentially(SuiteRunner.java:396)
at org.testng.SuiteRunner.privateRun(SuiteRunner.java:355)
at org.testng.SuiteRunner.run(SuiteRunner.java:304)
at org.testng.SuiteRunnerWorker.runSuite(SuiteRunnerWorker.java:53)
at org.testng.SuiteRunnerWorker.run(SuiteRunnerWorker.java:96)
at org.testng.TestNG.runSuitesSequentially(TestNG.java:1180)
at org.testng.TestNG.runSuitesLocally(TestNG.java:1102)
at org.testng.TestNG.runSuites(TestNG.java:1032)
at org.testng.TestNG.run(TestNG.java:1000)
at org.testng.remote.AbstractRemoteTestNG.run(AbstractRemoteTestNG.java:115)
at org.testng.remote.RemoteTestNG.initAndRun(RemoteTestNG.java:251)
at org.testng.remote.RemoteTestNG.main(RemoteTestNG.java:77)
]]>
    </failure>
  </testcase> <!-- verifyAuditTrailReportForCreate -->
  <testcase name="DuplicateRecord" time="15.805" classname="com.tetherfi.test.tmac.TmacAuxCodesTest"/>
  <testcase name="verifyEditCancelButton" time="21.026" classname="com.tetherfi.test.tmac.TmacAuxCodesTest"/>
  <testcase name="verifyEditRecordWithOutModifyReason" time="22.065" classname="com.tetherfi.test.tmac.TmacAuxCodesTest"/>
  <testcase name="verifyEditRecord" time="19.565" classname="com.tetherfi.test.tmac.TmacAuxCodesTest"/>
  <testcase name="verifyAuditTrailReportForUpdate" time="50.227" classname="com.tetherfi.test.tmac.TmacAuxCodesTest"/>
  <testcase name="ExportToExcelButton" time="11.904" classname="com.tetherfi.test.tmac.TmacAuxCodesTest"/>
  <testcase name="verifyExportedData" time="16.632" classname="com.tetherfi.test.tmac.TmacAuxCodesTest"/>
  <testcase name="verifyExportToExcelWithoutData" time="19.118" classname="com.tetherfi.test.tmac.TmacAuxCodesTest"/>
  <testcase name="verifySortByAscending" time="20.182" classname="com.tetherfi.test.tmac.TmacAuxCodesTest"/>
  <testcase name="verifySortByDescending" time="18.666" classname="com.tetherfi.test.tmac.TmacAuxCodesTest"/>
  <testcase name="verifyGroupBy" time="14.688" classname="com.tetherfi.test.tmac.TmacAuxCodesTest"/>
  <testcase name="verifyArrowMoveForPreviousAndNextPage" time="18.353" classname="com.tetherfi.test.tmac.TmacAuxCodesTest"/>
  <testcase name="verifyArrowMoveForFirstAndLastPage" time="15.968" classname="com.tetherfi.test.tmac.TmacAuxCodesTest"/>
  <testcase name="verifyTotalNumberOfItemsPerPageDetails" time="9.241" classname="com.tetherfi.test.tmac.TmacAuxCodesTest"/>
  <testcase name="verifyNumberOfItemsPerPageSelection" time="23.307" classname="com.tetherfi.test.tmac.TmacAuxCodesTest"/>
  <testcase name="verifyDropDownForAllTheColumns" time="19.665" classname="com.tetherfi.test.tmac.TmacAuxCodesTest"/>
  <testcase name="verifyColoumnsHeaderEnabled" time="15.731" classname="com.tetherfi.test.tmac.TmacAuxCodesTest"/>
  <testcase name="verifyColumnsHeaderDisabled" time="17.527" classname="com.tetherfi.test.tmac.TmacAuxCodesTest"/>
  <testcase name="verifyDeleteNoButton" time="21.055" classname="com.tetherfi.test.tmac.TmacAuxCodesTest"/>
  <testcase name="verifyWithoutDeleteReason" time="22.009" classname="com.tetherfi.test.tmac.TmacAuxCodesTest"/>
  <testcase name="DeleteTmacAuxCodesRecord" time="19.061" classname="com.tetherfi.test.tmac.TmacAuxCodesTest"/>
  <testcase name="verifyAuditTrailReportForDelete" time="54.007" classname="com.tetherfi.test.tmac.TmacAuxCodesTest"/>
  <testcase name="SearchIsNotEqualTo" time="21.692" classname="com.tetherfi.test.tmac.TmacAuxCodesTest"/>
  <testcase name="SearchContains" time="22.178" classname="com.tetherfi.test.tmac.TmacAuxCodesTest"/>
  <testcase name="SearchDoesNotContains" time="21.247" classname="com.tetherfi.test.tmac.TmacAuxCodesTest"/>
  <testcase name="SearchStartsWith" time="20.555" classname="com.tetherfi.test.tmac.TmacAuxCodesTest"/>
  <testcase name="SearchEndsWith" time="19.943" classname="com.tetherfi.test.tmac.TmacAuxCodesTest"/>
</testsuite> <!-- com.tetherfi.test.tmac.TmacAuxCodesTest -->
