<?xml version="1.0" encoding="UTF-8"?>
<!-- Generated by org.testng.reporters.JUnitReportReporter -->
<testsuite hostname="DESKTOP-O6A5C2O" failures="0" tests="27" name="com.tetherfi.test.UserRoleMappingCreateTest" time="1697.961" errors="1" timestamp="2020-03-06T16:05:36 IST" skipped="0">
  <testcase classname="com.tetherfi.test.UserRoleMappingCreateTest" name="VerifyAddCancelButton" time="37.579"/>
  <testcase classname="com.tetherfi.test.UserRoleMappingCreateTest" name="VerifyAddRecordwithoutFirstName" time="82.462"/>
  <testcase classname="com.tetherfi.test.UserRoleMappingCreateTest" name="VerifyAddRecordWithoutLastName" time="84.143"/>
  <testcase classname="com.tetherfi.test.UserRoleMappingCreateTest" name="VerifyAddRecordWithoutLanId" time="82.961"/>
  <testcase classname="com.tetherfi.test.UserRoleMappingCreateTest" name="VerifyAddRecordWithoutLoginID" time="116.090">
    <error message="Expected condition failed: waiting for visibility of Proxy element for: DefaultElementLocator &#039;By.id: FirstName&#039; (tried for 30 second(s) with 500 milliseconds interval)" type="org.openqa.selenium.TimeoutException">
      <![CDATA[org.openqa.selenium.TimeoutException: Expected condition failed: waiting for visibility of Proxy element for: DefaultElementLocator 'By.id: FirstName' (tried for 30 second(s) with 500 milliseconds interval)
at org.openqa.selenium.support.ui.WebDriverWait.timeoutException(WebDriverWait.java:95)
at org.openqa.selenium.support.ui.FluentWait.until(FluentWait.java:272)
at com.tetherfi.pages.BasePage.waitUntilWebElementIsVisible(BasePage.java:127)
at com.tetherfi.pages.BasePage.enterValueToTxtField(BasePage.java:150)
at com.tetherfi.pages.NewUserRoleMappingPage.addwithoutLoginID(NewUserRoleMappingPage.java:460)
at com.tetherfi.test.UserRoleMappingCreateTest.VerifyAddRecordWithoutLoginID(UserRoleMappingCreateTest.java:110)
at java.base/jdk.internal.reflect.NativeMethodAccessorImpl.invoke0(Native Method)
at java.base/jdk.internal.reflect.NativeMethodAccessorImpl.invoke(Unknown Source)
at java.base/jdk.internal.reflect.DelegatingMethodAccessorImpl.invoke(Unknown Source)
at java.base/java.lang.reflect.Method.invoke(Unknown Source)
at org.testng.internal.MethodInvocationHelper.invokeMethod(MethodInvocationHelper.java:133)
at org.testng.internal.TestInvoker.invokeMethod(TestInvoker.java:584)
at org.testng.internal.TestInvoker.invokeTestMethod(TestInvoker.java:172)
at org.testng.internal.MethodRunner.runInSequence(MethodRunner.java:46)
at org.testng.internal.TestInvoker$MethodInvocationAgent.invoke(TestInvoker.java:804)
at org.testng.internal.TestInvoker.invokeTestMethods(TestInvoker.java:145)
at org.testng.internal.TestMethodWorker.invokeTestMethods(TestMethodWorker.java:146)
at org.testng.internal.TestMethodWorker.run(TestMethodWorker.java:128)
at java.base/java.util.ArrayList.forEach(Unknown Source)
at org.testng.TestRunner.privateRun(TestRunner.java:770)
at org.testng.TestRunner.run(TestRunner.java:591)
at org.testng.SuiteRunner.runTest(SuiteRunner.java:402)
at org.testng.SuiteRunner.runSequentially(SuiteRunner.java:396)
at org.testng.SuiteRunner.privateRun(SuiteRunner.java:355)
at org.testng.SuiteRunner.run(SuiteRunner.java:304)
at org.testng.SuiteRunnerWorker.runSuite(SuiteRunnerWorker.java:53)
at org.testng.SuiteRunnerWorker.run(SuiteRunnerWorker.java:96)
at org.testng.TestNG.runSuitesSequentially(TestNG.java:1180)
at org.testng.TestNG.runSuitesLocally(TestNG.java:1102)
at org.testng.TestNG.runSuites(TestNG.java:1032)
at org.testng.TestNG.run(TestNG.java:1000)
at org.testng.remote.AbstractRemoteTestNG.run(AbstractRemoteTestNG.java:115)
at org.testng.remote.RemoteTestNG.initAndRun(RemoteTestNG.java:251)
at org.testng.remote.RemoteTestNG.main(RemoteTestNG.java:77)
Caused by: org.openqa.selenium.NoSuchElementException: no such element: Unable to locate element: {"method":"css selector","selector":"#FirstName"}
  (Session info: chrome=78.0.3904.70)
For documentation on this error, please visit: https://www.seleniumhq.org/exceptions/no_such_element.html
Build info: version: '3.141.59', revision: 'e82be7d358', time: '2018-11-14T08:17:03'
System info: host: 'DESKTOP-O6A5C2O', ip: '10.0.75.1', os.name: 'Windows 10', os.arch: 'amd64', os.version: '10.0', java.version: '9.0.4'
Driver info: org.openqa.selenium.chrome.ChromeDriver
Capabilities {acceptInsecureCerts: false, browserName: chrome, browserVersion: 78.0.3904.70, chrome: {chromedriverVersion: 78.0.3904.105 (60e2d8774a81..., userDataDir: C:\Users\admin\AppData\Loca...}, goog:chromeOptions: {debuggerAddress: localhost:53676}, javascriptEnabled: true, networkConnectionEnabled: false, pageLoadStrategy: normal, platform: XP, platformName: XP, proxy: Proxy(), setWindowRect: true, strictFileInteractability: false, timeouts: {implicit: 0, pageLoad: 300000, script: 30000}, unhandledPromptBehavior: dismiss and notify}
Session ID: 96698de7e8eef92f90fe8597a7a1454f
*** Element info: {Using=id, value=FirstName}
at java.base/jdk.internal.reflect.NativeConstructorAccessorImpl.newInstance0(Native Method)
at java.base/jdk.internal.reflect.NativeConstructorAccessorImpl.newInstance(Unknown Source)
at java.base/jdk.internal.reflect.DelegatingConstructorAccessorImpl.newInstance(Unknown Source)
at java.base/java.lang.reflect.Constructor.newInstance(Unknown Source)
at org.openqa.selenium.remote.http.W3CHttpResponseCodec.createException(W3CHttpResponseCodec.java:187)
at org.openqa.selenium.remote.http.W3CHttpResponseCodec.decode(W3CHttpResponseCodec.java:122)
at org.openqa.selenium.remote.http.W3CHttpResponseCodec.decode(W3CHttpResponseCodec.java:49)
at org.openqa.selenium.remote.HttpCommandExecutor.execute(HttpCommandExecutor.java:158)
at org.openqa.selenium.remote.service.DriverCommandExecutor.execute(DriverCommandExecutor.java:83)
at org.openqa.selenium.remote.RemoteWebDriver.execute(RemoteWebDriver.java:552)
at org.openqa.selenium.remote.RemoteWebDriver.findElement(RemoteWebDriver.java:323)
at org.openqa.selenium.remote.RemoteWebDriver.findElementById(RemoteWebDriver.java:372)
at org.openqa.selenium.By$ById.findElement(By.java:188)
at org.openqa.selenium.remote.RemoteWebDriver.findElement(RemoteWebDriver.java:315)
at org.openqa.selenium.support.pagefactory.DefaultElementLocator.findElement(DefaultElementLocator.java:69)
at org.openqa.selenium.support.pagefactory.internal.LocatingElementHandler.invoke(LocatingElementHandler.java:38)
at com.sun.proxy.$Proxy14.isDisplayed(Unknown Source)
at org.openqa.selenium.support.ui.ExpectedConditions.elementIfVisible(ExpectedConditions.java:314)
at org.openqa.selenium.support.ui.ExpectedConditions.access$000(ExpectedConditions.java:43)
at org.openqa.selenium.support.ui.ExpectedConditions$10.apply(ExpectedConditions.java:300)
at org.openqa.selenium.support.ui.ExpectedConditions$10.apply(ExpectedConditions.java:297)
at org.openqa.selenium.support.ui.FluentWait.until(FluentWait.java:249)
... 32 more
]]>
    </error>
  </testcase> <!-- VerifyAddRecordWithoutLoginID -->
  <testcase classname="com.tetherfi.test.UserRoleMappingCreateTest" name="VerifyAddRecordWithoutOrgUnit" time="40.751"/>
  <testcase classname="com.tetherfi.test.UserRoleMappingCreateTest" name="VerifyAddRecordWithoutProfile" time="82.761"/>
  <testcase classname="com.tetherfi.test.UserRoleMappingCreateTest" name="VerifyAddRecordWithoutSupervisor" time="82.806"/>
  <testcase classname="com.tetherfi.test.UserRoleMappingCreateTest" name="VerifyAddRecordWithoutRole" time="82.555"/>
  <testcase classname="com.tetherfi.test.UserRoleMappingCreateTest" name="AddRevertRecord" time="88.327"/>
  <testcase classname="com.tetherfi.test.UserRoleMappingCreateTest" name="VerifyRevertForAddNewRecord" time="42.992"/>
  <testcase classname="com.tetherfi.test.UserRoleMappingCreateTest" name="VerifyApprovedDataSectionWithoutApproval" time="38.930"/>
  <testcase classname="com.tetherfi.test.UserRoleMappingCreateTest" name="VerifyAuditTrailReportForRevert" time="57.030"/>
  <testcase classname="com.tetherfi.test.UserRoleMappingCreateTest" name="AddRejectRecord" time="86.555"/>
  <testcase classname="com.tetherfi.test.UserRoleMappingCreateTest" name="VerifySendForApprovalForAddNewRecord" time="45.142"/>
  <testcase classname="com.tetherfi.test.UserRoleMappingCreateTest" name="RejectforAddNewNewUserRoleMappingRecord" time="46.330"/>
  <testcase classname="com.tetherfi.test.UserRoleMappingCreateTest" name="VerifyAuditTrailReportForReject" time="56.737"/>
  <testcase classname="com.tetherfi.test.UserRoleMappingCreateTest" name="VerifyRecordAfterRejection" time="36.537"/>
  <testcase classname="com.tetherfi.test.UserRoleMappingCreateTest" name="AddNewNewUserRoleMappingRecord" time="88.759"/>
  <testcase classname="com.tetherfi.test.UserRoleMappingCreateTest" name="VerifyAuditTrailReportForCreate" time="52.042"/>
  <testcase classname="com.tetherfi.test.UserRoleMappingCreateTest" name="VerifyAuditTrailDataForAddNewNewUserRoleMappingRecord" time="38.651"/>
  <testcase classname="com.tetherfi.test.UserRoleMappingCreateTest" name="VerifySendForApprovalForAddNewNewUserRoleMappingRecord" time="42.937"/>
  <testcase classname="com.tetherfi.test.UserRoleMappingCreateTest" name="VerifyAuditTrailReportForSendForApproval" time="60.724"/>
  <testcase classname="com.tetherfi.test.UserRoleMappingCreateTest" name="ApproveforAddNewNewUserRoleMappingRecord" time="47.240"/>
  <testcase classname="com.tetherfi.test.UserRoleMappingCreateTest" name="VerifyAuditTrailReportForApprove" time="53.513"/>
  <testcase classname="com.tetherfi.test.UserRoleMappingCreateTest" name="VerifyRecordApprovedDataSectionafterApproval" time="35.425"/>
  <testcase classname="com.tetherfi.test.UserRoleMappingCreateTest" name="AddDuplicateRecord" time="87.982"/>
</testsuite> <!-- com.tetherfi.test.UserRoleMappingCreateTest -->
