<?xml version="1.0" encoding="UTF-8"?>
<!-- Generated by org.testng.reporters.JUnitReportReporter -->
<testsuite hostname="admin" failures="3" tests="22" name="com.tetherfi.test.ivr.BranchManagementTest" time="337.294" errors="0" timestamp="17 Apr 2019 04:52:01 GMT" skipped="0">
  <testcase classname="com.tetherfi.test.ivr.BranchManagementTest" name="BranchManagementPage" time="5.960"/>
  <testcase classname="com.tetherfi.test.ivr.BranchManagementTest" name="VerifyBranchManagementApprovedDataPage" time="4.918"/>
  <testcase classname="com.tetherfi.test.ivr.BranchManagementTest" name="VerifyBranchManagementAuditTrailDataPage" time="10.738"/>
  <testcase classname="com.tetherfi.test.ivr.BranchManagementTest" name="VerifyMakeBranchManagementChangeButton" time="15.206"/>
  <testcase classname="com.tetherfi.test.ivr.BranchManagementTest" name="VerifyDropdownForAllTheColumns" time="33.943"/>
  <testcase classname="com.tetherfi.test.ivr.BranchManagementTest" name="VerifyColumnsHeaderEnable" time="23.596"/>
  <testcase classname="com.tetherfi.test.ivr.BranchManagementTest" name="VerifyColumnsHeaderDisable" time="25.439"/>
  <testcase classname="com.tetherfi.test.ivr.BranchManagementTest" name="VerifyArrowMoveForPreviousAndNextPage" time="14.029"/>
  <testcase classname="com.tetherfi.test.ivr.BranchManagementTest" name="VerifyArrowMoveForFirstAndLastPage" time="13.982"/>
  <testcase classname="com.tetherfi.test.ivr.BranchManagementTest" name="VerifyTotalNumberOfItemsPerPageDetails" time="15.509"/>
  <testcase classname="com.tetherfi.test.ivr.BranchManagementTest" name="VerifyNumberOfItemsPerPageSelection" time="16.499">
    <failure message="item per page assertion failed expected [true] but found [false]" type="java.lang.AssertionError">
      <![CDATA[java.lang.AssertionError: item per page assertion failed expected [true] but found [false]
	at org.testng.Assert.fail(Assert.java:93)
	at org.testng.Assert.failNotEquals(Assert.java:512)
	at org.testng.Assert.assertTrue(Assert.java:41)
	at com.tetherfi.test.ivr.BranchManagementTest.VerifyNumberOfItemsPerPageSelection(BranchManagementTest.java:128)
	at java.base/jdk.internal.reflect.NativeMethodAccessorImpl.invoke0(Native Method)
	at java.base/jdk.internal.reflect.NativeMethodAccessorImpl.invoke(Unknown Source)
	at java.base/jdk.internal.reflect.DelegatingMethodAccessorImpl.invoke(Unknown Source)
	at java.base/java.lang.reflect.Method.invoke(Unknown Source)
	at org.testng.internal.MethodInvocationHelper.invokeMethod(MethodInvocationHelper.java:108)
	at org.testng.internal.Invoker.invokeMethod(Invoker.java:661)
	at org.testng.internal.Invoker.invokeTestMethod(Invoker.java:869)
	at org.testng.internal.Invoker.invokeTestMethods(Invoker.java:1193)
	at org.testng.internal.TestMethodWorker.invokeTestMethods(TestMethodWorker.java:126)
	at org.testng.internal.TestMethodWorker.run(TestMethodWorker.java:109)
	at org.testng.TestRunner.privateRun(TestRunner.java:744)
	at org.testng.TestRunner.run(TestRunner.java:602)
	at org.testng.SuiteRunner.runTest(SuiteRunner.java:380)
	at org.testng.SuiteRunner.runSequentially(SuiteRunner.java:375)
	at org.testng.SuiteRunner.privateRun(SuiteRunner.java:340)
	at org.testng.SuiteRunner.run(SuiteRunner.java:289)
	at org.testng.SuiteRunnerWorker.runSuite(SuiteRunnerWorker.java:52)
	at org.testng.SuiteRunnerWorker.run(SuiteRunnerWorker.java:86)
	at org.testng.TestNG.runSuitesSequentially(TestNG.java:1301)
	at org.testng.TestNG.runSuitesLocally(TestNG.java:1226)
	at org.testng.TestNG.runSuites(TestNG.java:1144)
	at org.testng.TestNG.run(TestNG.java:1115)
	at org.testng.remote.AbstractRemoteTestNG.run(AbstractRemoteTestNG.java:114)
	at org.testng.remote.RemoteTestNG.initAndRun(RemoteTestNG.java:251)
	at org.testng.remote.RemoteTestNG.main(RemoteTestNG.java:77)
]]>
    </failure>
  </testcase> <!-- VerifyNumberOfItemsPerPageSelection -->
  <testcase classname="com.tetherfi.test.ivr.BranchManagementTest" name="ExportToExcel" time="16.437"/>
  <testcase classname="com.tetherfi.test.ivr.BranchManagementTest" name="ExportToExcelData" time="16.021"/>
  <testcase classname="com.tetherfi.test.ivr.BranchManagementTest" name="VerifyExportToExcelWithoutData" time="21.603"/>
  <testcase classname="com.tetherfi.test.ivr.BranchManagementTest" name="SortingByAscending" time="18.652"/>
  <testcase classname="com.tetherfi.test.ivr.BranchManagementTest" name="SortingByDescending" time="19.457"/>
  <testcase classname="com.tetherfi.test.ivr.BranchManagementTest" name="VerifyDragAndDrop" time="15.698"/>
  <testcase classname="com.tetherfi.test.ivr.BranchManagementTest" name="VerifyDragAndDropofAlreadyGroupedHeader" time="15.275">
    <failure message="drag and drop assertion failed expected [true] but found [false]" type="java.lang.AssertionError">
      <![CDATA[java.lang.AssertionError: drag and drop assertion failed expected [true] but found [false]
	at org.testng.Assert.fail(Assert.java:93)
	at org.testng.Assert.failNotEquals(Assert.java:512)
	at org.testng.Assert.assertTrue(Assert.java:41)
	at com.tetherfi.test.ivr.BranchManagementTest.VerifyDragAndDropofAlreadyGroupedHeader(BranchManagementTest.java:201)
	at java.base/jdk.internal.reflect.NativeMethodAccessorImpl.invoke0(Native Method)
	at java.base/jdk.internal.reflect.NativeMethodAccessorImpl.invoke(Unknown Source)
	at java.base/jdk.internal.reflect.DelegatingMethodAccessorImpl.invoke(Unknown Source)
	at java.base/java.lang.reflect.Method.invoke(Unknown Source)
	at org.testng.internal.MethodInvocationHelper.invokeMethod(MethodInvocationHelper.java:108)
	at org.testng.internal.Invoker.invokeMethod(Invoker.java:661)
	at org.testng.internal.Invoker.invokeTestMethod(Invoker.java:869)
	at org.testng.internal.Invoker.invokeTestMethods(Invoker.java:1193)
	at org.testng.internal.TestMethodWorker.invokeTestMethods(TestMethodWorker.java:126)
	at org.testng.internal.TestMethodWorker.run(TestMethodWorker.java:109)
	at org.testng.TestRunner.privateRun(TestRunner.java:744)
	at org.testng.TestRunner.run(TestRunner.java:602)
	at org.testng.SuiteRunner.runTest(SuiteRunner.java:380)
	at org.testng.SuiteRunner.runSequentially(SuiteRunner.java:375)
	at org.testng.SuiteRunner.privateRun(SuiteRunner.java:340)
	at org.testng.SuiteRunner.run(SuiteRunner.java:289)
	at org.testng.SuiteRunnerWorker.runSuite(SuiteRunnerWorker.java:52)
	at org.testng.SuiteRunnerWorker.run(SuiteRunnerWorker.java:86)
	at org.testng.TestNG.runSuitesSequentially(TestNG.java:1301)
	at org.testng.TestNG.runSuitesLocally(TestNG.java:1226)
	at org.testng.TestNG.runSuites(TestNG.java:1144)
	at org.testng.TestNG.run(TestNG.java:1115)
	at org.testng.remote.AbstractRemoteTestNG.run(AbstractRemoteTestNG.java:114)
	at org.testng.remote.RemoteTestNG.initAndRun(RemoteTestNG.java:251)
	at org.testng.remote.RemoteTestNG.main(RemoteTestNG.java:77)
]]>
    </failure>
  </testcase> <!-- VerifyDragAndDropofAlreadyGroupedHeader -->
  <testcase classname="com.tetherfi.test.ivr.BranchManagementTest" name="database" time="6.022">
    <failure message="expected [true] but found [false]" type="java.lang.AssertionError">
      <![CDATA[java.lang.AssertionError: expected [true] but found [false]
	at org.testng.Assert.fail(Assert.java:93)
	at org.testng.Assert.failNotEquals(Assert.java:512)
	at org.testng.Assert.assertTrue(Assert.java:41)
	at org.testng.Assert.assertTrue(Assert.java:51)
	at com.tetherfi.test.ivr.BranchManagementTest.database(BranchManagementTest.java:210)
	at java.base/jdk.internal.reflect.NativeMethodAccessorImpl.invoke0(Native Method)
	at java.base/jdk.internal.reflect.NativeMethodAccessorImpl.invoke(Unknown Source)
	at java.base/jdk.internal.reflect.DelegatingMethodAccessorImpl.invoke(Unknown Source)
	at java.base/java.lang.reflect.Method.invoke(Unknown Source)
	at org.testng.internal.MethodInvocationHelper.invokeMethod(MethodInvocationHelper.java:108)
	at org.testng.internal.Invoker.invokeMethod(Invoker.java:661)
	at org.testng.internal.Invoker.invokeTestMethod(Invoker.java:869)
	at org.testng.internal.Invoker.invokeTestMethods(Invoker.java:1193)
	at org.testng.internal.TestMethodWorker.invokeTestMethods(TestMethodWorker.java:126)
	at org.testng.internal.TestMethodWorker.run(TestMethodWorker.java:109)
	at org.testng.TestRunner.privateRun(TestRunner.java:744)
	at org.testng.TestRunner.run(TestRunner.java:602)
	at org.testng.SuiteRunner.runTest(SuiteRunner.java:380)
	at org.testng.SuiteRunner.runSequentially(SuiteRunner.java:375)
	at org.testng.SuiteRunner.privateRun(SuiteRunner.java:340)
	at org.testng.SuiteRunner.run(SuiteRunner.java:289)
	at org.testng.SuiteRunnerWorker.runSuite(SuiteRunnerWorker.java:52)
	at org.testng.SuiteRunnerWorker.run(SuiteRunnerWorker.java:86)
	at org.testng.TestNG.runSuitesSequentially(TestNG.java:1301)
	at org.testng.TestNG.runSuitesLocally(TestNG.java:1226)
	at org.testng.TestNG.runSuites(TestNG.java:1144)
	at org.testng.TestNG.run(TestNG.java:1115)
	at org.testng.remote.AbstractRemoteTestNG.run(AbstractRemoteTestNG.java:114)
	at org.testng.remote.RemoteTestNG.initAndRun(RemoteTestNG.java:251)
	at org.testng.remote.RemoteTestNG.main(RemoteTestNG.java:77)
]]>
    </failure>
  </testcase> <!-- database -->
  <testcase classname="com.tetherfi.test.ivr.BranchManagementTest" name="searchPage" time="10.464"/>
  <testcase classname="com.tetherfi.test.ivr.BranchManagementTest" name="searchwithoutSearchTextbox" time="7.070"/>
  <testcase classname="com.tetherfi.test.ivr.BranchManagementTest" name="SearchClearSearch" time="10.776"/>
</testsuite> <!-- com.tetherfi.test.ivr.BranchManagementTest -->
