<?xml version="1.0" encoding="UTF-8"?>
<!-- Generated by org.testng.reporters.JUnitReportReporter -->
<testsuite hostname="admin" failures="0" tests="1" name="com.tetherfi.test.fax.FaxTemplateUITest" time="11.043" errors="0" timestamp="04 Apr 2019 11:29:55 GMT" skipped="0">
  <testcase classname="com.tetherfi.test.fax.FaxTemplateUITest" name="SearchClearSearch" time="11.043"/>
</testsuite> <!-- com.tetherfi.test.fax.FaxTemplateUITest -->
