<?xml version="1.0" encoding="UTF-8"?>
<!-- Generated by org.testng.reporters.JUnitReportReporter -->
<testsuite hostname="DESKTOP-O6A5C2O" failures="0" tests="2" name="com.tetherfi.test.tmac.TmacAuxCodesTest" time="23.358" errors="0" timestamp="2020-03-12T15:09:41 IST" skipped="0">
  <testcase classname="com.tetherfi.test.tmac.TmacAuxCodesTest" name="ExportToExcelButton" time="8.762"/>
  <testcase classname="com.tetherfi.test.tmac.TmacAuxCodesTest" name="verifyExportedData" time="14.596"/>
</testsuite> <!-- com.tetherfi.test.tmac.TmacAuxCodesTest -->
