<?xml version="1.0" encoding="UTF-8"?>
<!-- Generated by org.testng.reporters.JUnitReportReporter -->
<testsuite skipped="0" hostname="TTF-BLR-SANTOSHKOUJALAGI" name="com.tetherfi.test.ivr.HolidayListTest" tests="36" failures="0" timestamp="2021-08-02T00:32:33 IST" time="540.588" errors="0">
  <testcase name="HolidayListPage" time="8.777" classname="com.tetherfi.test.ivr.HolidayListTest"/>
  <testcase name="addNewHolidayListCancelRecord" time="12.246" classname="com.tetherfi.test.ivr.HolidayListTest"/>
  <testcase name="addNewHolidayListRecord" time="13.228" classname="com.tetherfi.test.ivr.HolidayListTest"/>
  <testcase name="AddDifferntVDNWithSameHoliday" time="12.299" classname="com.tetherfi.test.ivr.HolidayListTest"/>
  <testcase name="AddDifferentAnnouncedHolidayWithSameVDN" time="12.417" classname="com.tetherfi.test.ivr.HolidayListTest"/>
  <testcase name="AddSameHolidaySameVDNdifferentDate" time="13.748" classname="com.tetherfi.test.ivr.HolidayListTest"/>
  <testcase name="AddDifferentHolidaySameDateSameVDN" time="12.031" classname="com.tetherfi.test.ivr.HolidayListTest"/>
  <testcase name="AddDifferentDatesSameTimeSameVDN" time="12.090" classname="com.tetherfi.test.ivr.HolidayListTest"/>
  <testcase name="AddSameDatesSameTime" time="11.693" classname="com.tetherfi.test.ivr.HolidayListTest"/>
  <testcase name="AddDuplicateRecord" time="14.762" classname="com.tetherfi.test.ivr.HolidayListTest"/>
  <testcase name="AddEmptyRecord" time="8.673" classname="com.tetherfi.test.ivr.HolidayListTest"/>
  <testcase name="AddWithoutAnnuncedHoliday" time="13.818" classname="com.tetherfi.test.ivr.HolidayListTest"/>
  <testcase name="AddWithoutStartDate" time="13.041" classname="com.tetherfi.test.ivr.HolidayListTest"/>
  <testcase name="AddWithoutStartTime" time="13.328" classname="com.tetherfi.test.ivr.HolidayListTest"/>
  <testcase name="AddWithoutEndDate" time="13.372" classname="com.tetherfi.test.ivr.HolidayListTest"/>
  <testcase name="AddWithoutEndTime" time="12.741" classname="com.tetherfi.test.ivr.HolidayListTest"/>
  <testcase name="AddWithoutVDN" time="13.693" classname="com.tetherfi.test.ivr.HolidayListTest"/>
  <testcase name="ExportToExcel" time="9.799" classname="com.tetherfi.test.ivr.HolidayListTest"/>
  <testcase name="ExportToExcelData" time="24.466" classname="com.tetherfi.test.ivr.HolidayListTest"/>
  <testcase name="GroupBy" time="10.468" classname="com.tetherfi.test.ivr.HolidayListTest"/>
  <testcase name="VerifyArrowMoveForPreviousAndNextPage" time="9.581" classname="com.tetherfi.test.ivr.HolidayListTest"/>
  <testcase name="VerifyArrowMoveForFirstAndLastPage" time="8.638" classname="com.tetherfi.test.ivr.HolidayListTest"/>
  <testcase name="VerifyTotalNumberOfItemsPerPageDetails" time="6.639" classname="com.tetherfi.test.ivr.HolidayListTest"/>
  <testcase name="VerifyNumberOfItemsPerPageSelection" time="20.502" classname="com.tetherfi.test.ivr.HolidayListTest"/>
  <testcase name="VerifyDropdownForAllTheColumns" time="21.796" classname="com.tetherfi.test.ivr.HolidayListTest"/>
  <testcase name="VerifyColumnsHeaderEnable" time="13.542" classname="com.tetherfi.test.ivr.HolidayListTest"/>
  <testcase name="VerifyColumnsHeaderDisable" time="19.108" classname="com.tetherfi.test.ivr.HolidayListTest"/>
  <testcase name="SortingByAscending" time="27.017" classname="com.tetherfi.test.ivr.HolidayListTest"/>
  <testcase name="SortingByDescending" time="25.338" classname="com.tetherfi.test.ivr.HolidayListTest"/>
  <testcase name="editHolidayListRecord" time="24.745" classname="com.tetherfi.test.ivr.HolidayListTest"/>
  <testcase name="editLeavingFielsBlank" time="14.950" classname="com.tetherfi.test.ivr.HolidayListTest"/>
  <testcase name="DeleteHolidayListRecord" time="27.336" classname="com.tetherfi.test.ivr.HolidayListTest"/>
  <testcase name="ExporttoExcelWithoutData" time="13.525" classname="com.tetherfi.test.ivr.HolidayListTest"/>
  <testcase name="database" time="23.886" classname="com.tetherfi.test.ivr.HolidayListTest"/>
  <testcase name="searchPage" time="12.040" classname="com.tetherfi.test.ivr.HolidayListTest"/>
  <testcase name="SearchClearSearch" time="15.255" classname="com.tetherfi.test.ivr.HolidayListTest"/>
</testsuite> <!-- com.tetherfi.test.ivr.HolidayListTest -->
