<?xml version="1.0" encoding="UTF-8"?>
<!-- Generated by org.testng.reporters.JUnitReportReporter -->
<testsuite skipped="0" hostname="DESKTOP-NJVBPFB" name="com.tetherfi.test.chat.ChatIntentSkillMappingTest" tests="3" failures="0" timestamp="2020-05-06T18:23:02 IST" time="48.029" errors="0">
  <testcase name="AddNewChatIntentSkillMappingRecord" time="22.410" classname="com.tetherfi.test.chat.ChatIntentSkillMappingTest"/>
  <testcase name="EditChatIntentSkillMappingRecord" time="13.359" classname="com.tetherfi.test.chat.ChatIntentSkillMappingTest"/>
  <testcase name="DeleteIntentSkillMappingRecord" time="12.260" classname="com.tetherfi.test.chat.ChatIntentSkillMappingTest"/>
</testsuite> <!-- com.tetherfi.test.chat.ChatIntentSkillMappingTest -->
