<?xml version="1.0" encoding="UTF-8"?>
<!-- Generated by org.testng.reporters.JUnitReportReporter -->
<testsuite skipped="2" hostname="admin" name="com.tetherfi.test.UserManagementTest" tests="4" failures="0" timestamp="21 Jan 2019 11:41:20 GMT" time="8.083" errors="1">
  <testcase name="AddNewUserManagementRecord" time="8.082" classname="com.tetherfi.test.UserManagementTest"/>
  <testcase name="afterEachMethod" time="0.001" classname="com.tetherfi.test.UserManagementTest">
    <error type="java.lang.Error" message="Unresolved compilation problems: 
	The constructor Screenshot(WebDriver) is undefined
	The method captureScreen(WebDriver, String, String) in the type Screenshot is not applicable for the arguments (String)
">
      <![CDATA[java.lang.Error: Unresolved compilation problems: 
	The constructor Screenshot(WebDriver) is undefined
	The method captureScreen(WebDriver, String, String) in the type Screenshot is not applicable for the arguments (String)

	at com.tetherfi.test.UserManagementTest.afterEachMethod(UserManagementTest.java:63)
	at sun.reflect.NativeMethodAccessorImpl.invoke0(Native Method)
	at sun.reflect.NativeMethodAccessorImpl.invoke(Unknown Source)
	at sun.reflect.DelegatingMethodAccessorImpl.invoke(Unknown Source)
	at java.lang.reflect.Method.invoke(Unknown Source)
	at org.testng.internal.MethodInvocationHelper.invokeMethod(MethodInvocationHelper.java:108)
	at org.testng.internal.Invoker.invokeConfigurationMethod(Invoker.java:523)
	at org.testng.internal.Invoker.invokeConfigurations(Invoker.java:224)
	at org.testng.internal.Invoker.invokeMethod(Invoker.java:723)
	at org.testng.internal.Invoker.invokeTestMethod(Invoker.java:869)
	at org.testng.internal.Invoker.invokeTestMethods(Invoker.java:1193)
	at org.testng.internal.TestMethodWorker.invokeTestMethods(TestMethodWorker.java:126)
	at org.testng.internal.TestMethodWorker.run(TestMethodWorker.java:109)
	at org.testng.TestRunner.privateRun(TestRunner.java:744)
	at org.testng.TestRunner.run(TestRunner.java:602)
	at org.testng.SuiteRunner.runTest(SuiteRunner.java:380)
	at org.testng.SuiteRunner.runSequentially(SuiteRunner.java:375)
	at org.testng.SuiteRunner.privateRun(SuiteRunner.java:340)
	at org.testng.SuiteRunner.run(SuiteRunner.java:289)
	at org.testng.SuiteRunnerWorker.runSuite(SuiteRunnerWorker.java:52)
	at org.testng.SuiteRunnerWorker.run(SuiteRunnerWorker.java:86)
	at org.testng.TestNG.runSuitesSequentially(TestNG.java:1301)
	at org.testng.TestNG.runSuitesLocally(TestNG.java:1226)
	at org.testng.TestNG.runSuites(TestNG.java:1144)
	at org.testng.TestNG.run(TestNG.java:1115)
	at org.testng.remote.AbstractRemoteTestNG.run(AbstractRemoteTestNG.java:114)
	at org.testng.remote.RemoteTestNG.initAndRun(RemoteTestNG.java:251)
	at org.testng.remote.RemoteTestNG.main(RemoteTestNG.java:77)
]]>
    </error>
  </testcase> <!-- afterEachMethod -->
  <testcase name="DeleteUserManagementRecord" time="0.000" classname="com.tetherfi.test.UserManagementTest">
    <skipped/>
  </testcase> <!-- DeleteUserManagementRecord -->
  <testcase name="EditUserManagementRecord" time="0.000" classname="com.tetherfi.test.UserManagementTest">
    <skipped/>
  </testcase> <!-- EditUserManagementRecord -->
</testsuite> <!-- com.tetherfi.test.UserManagementTest -->
