<?xml version="1.0" encoding="UTF-8"?>
<!-- Generated by org.testng.reporters.JUnitReportReporter -->
<testsuite hostname="admin" failures="0" tests="1" name="com.tetherfi.test.reports.SkillHistoricalReportTest" time="512.276" errors="0" timestamp="2020-06-20T20:59:52 IST" skipped="0">
  <testcase classname="com.tetherfi.test.reports.SkillHistoricalReportTest" name="database" time="512.276"/>
</testsuite> <!-- com.tetherfi.test.reports.SkillHistoricalReportTest -->
