<?xml version="1.0" encoding="UTF-8"?>
<!-- Generated by org.testng.reporters.JUnitReportReporter -->
<testsuite hostname="admin" failures="0" tests="15" name="com.tetherfi.test.RoleBasedAccessManagementDeleteTest" time="643.296" errors="0" timestamp="2021-06-03T22:06:49 IST" skipped="0">
  <testcase classname="com.tetherfi.test.RoleBasedAccessManagementDeleteTest" name="DeleteCancelRoleBasedAccessManagementRecord" time="34.668"/>
  <testcase classname="com.tetherfi.test.RoleBasedAccessManagementDeleteTest" name="DeleteWithoutModifyReasonRecord" time="33.912"/>
  <testcase classname="com.tetherfi.test.RoleBasedAccessManagementDeleteTest" name="DeleteRecord" time="41.701"/>
  <testcase classname="com.tetherfi.test.RoleBasedAccessManagementDeleteTest" name="VerifyRevertForDeleteRecord" time="34.774"/>
  <testcase classname="com.tetherfi.test.RoleBasedAccessManagementDeleteTest" name="VerifyAuditTrialReportForRevertDelete" time="60.639"/>
  <testcase classname="com.tetherfi.test.RoleBasedAccessManagementDeleteTest" name="RejectDeleteRecord" time="38.156"/>
  <testcase classname="com.tetherfi.test.RoleBasedAccessManagementDeleteTest" name="VerifySendForApprovalForRejectDeleteNewRecord" time="34.581"/>
  <testcase classname="com.tetherfi.test.RoleBasedAccessManagementDeleteTest" name="RejectforDeleteRoleBasedAccessManagementRecord" time="39.171"/>
  <testcase classname="com.tetherfi.test.RoleBasedAccessManagementDeleteTest" name="VerifyAuditTrailReportForReject" time="57.451"/>
  <testcase classname="com.tetherfi.test.RoleBasedAccessManagementDeleteTest" name="DeleteRoleBasedAccessManagementRecord" time="35.180"/>
  <testcase classname="com.tetherfi.test.RoleBasedAccessManagementDeleteTest" name="VerifyAuditTrialReportForDelete" time="60.701"/>
  <testcase classname="com.tetherfi.test.RoleBasedAccessManagementDeleteTest" name="VerifyAuditTrailDataForDeleteRoleBasedAccessManagementRecord" time="31.228"/>
  <testcase classname="com.tetherfi.test.RoleBasedAccessManagementDeleteTest" name="VerifySendForApprovalForDeleteNewRecord" time="41.491"/>
  <testcase classname="com.tetherfi.test.RoleBasedAccessManagementDeleteTest" name="ApproveforDeleteRoleBasedAccessManagementRecord" time="39.583"/>
  <testcase classname="com.tetherfi.test.RoleBasedAccessManagementDeleteTest" name="VerifyAuditTrailReportForApprove" time="60.060"/>
</testsuite> <!-- com.tetherfi.test.RoleBasedAccessManagementDeleteTest -->
