<?xml version="1.0" encoding="UTF-8"?>
<!-- Generated by org.testng.reporters.JUnitReportReporter -->
<testsuite hostname="DESKTOP-O6A5C2O" failures="1" tests="39" name="com.tetherfi.test.ivr.CallBackAnnouncementTest" time="463.276" errors="1" timestamp="2020-01-02T12:24:42 IST" skipped="0">
  <testcase classname="com.tetherfi.test.ivr.CallBackAnnouncementTest" name="CallbackAnnouncementPage" time="5.773"/>
  <testcase classname="com.tetherfi.test.ivr.CallBackAnnouncementTest" name="VerifyDropdownForAllTheColumns" time="13.344"/>
  <testcase classname="com.tetherfi.test.ivr.CallBackAnnouncementTest" name="VerifyColumnsHeaderEnable" time="9.860"/>
  <testcase classname="com.tetherfi.test.ivr.CallBackAnnouncementTest" name="VerifyColumnsHeaderDisable" time="9.998"/>
  <testcase classname="com.tetherfi.test.ivr.CallBackAnnouncementTest" name="AddNewCallbackAnnouncementCancelRecord" time="15.666"/>
  <testcase classname="com.tetherfi.test.ivr.CallBackAnnouncementTest" name="AddNewCallbackAnnouncementRecord" time="16.032"/>
  <testcase classname="com.tetherfi.test.ivr.CallBackAnnouncementTest" name="VerifyAuditTrialReportForCreate" time="28.341"/>
  <testcase classname="com.tetherfi.test.ivr.CallBackAnnouncementTest" name="AddDuplicateCallBackAnnouncementRecord" time="16.277"/>
  <testcase classname="com.tetherfi.test.ivr.CallBackAnnouncementTest" name="AddNewCallbackAnnouncementWithoutWavFile" time="11.002"/>
  <testcase classname="com.tetherfi.test.ivr.CallBackAnnouncementTest" name="AddNewCallbackAnnouncementWithoutStartTime" time="15.430"/>
  <testcase classname="com.tetherfi.test.ivr.CallBackAnnouncementTest" name="AddNewCallbackAnnouncementWithoutEndTime" time="14.690"/>
  <testcase classname="com.tetherfi.test.ivr.CallBackAnnouncementTest" name="AddNewCallbackAnnouncementWithoutLanguage" time="14.562"/>
  <testcase classname="com.tetherfi.test.ivr.CallBackAnnouncementTest" name="VerifySearchIsNotEqualTo" time="9.664">
    <error message="stale element reference: element is not attached to the page document
  (Session info: chrome=79.0.3945.88)
For documentation on this error, please visit: https://www.seleniumhq.org/exceptions/stale_element_reference.html
Build info: version: &#039;3.141.59&#039;, revision: &#039;e82be7d358&#039;, time: &#039;2018-11-14T08:17:03&#039;
System info: host: &#039;DESKTOP-O6A5C2O&#039;, ip: &#039;10.0.75.1&#039;, os.name: &#039;Windows 10&#039;, os.arch: &#039;amd64&#039;, os.version: &#039;10.0&#039;, java.version: &#039;9.0.4&#039;
Driver info: org.openqa.selenium.chrome.ChromeDriver
Capabilities {acceptInsecureCerts: false, browserName: chrome, browserVersion: 79.0.3945.88, chrome: {chromedriverVersion: 78.0.3904.70 (edb9c9f3de024..., userDataDir: C:\Users\admin\AppData\Loca...}, goog:chromeOptions: {debuggerAddress: localhost:53415}, javascriptEnabled: true, networkConnectionEnabled: false, pageLoadStrategy: normal, platform: XP, platformName: XP, proxy: Proxy(), setWindowRect: true, strictFileInteractability: false, timeouts: {implicit: 0, pageLoad: 300000, script: 30000}, unhandledPromptBehavior: dismiss and notify}
Session ID: d5004ee90f23e949af07e83c99bac3e2" type="org.openqa.selenium.StaleElementReferenceException">
      <![CDATA[org.openqa.selenium.StaleElementReferenceException: stale element reference: element is not attached to the page document
  (Session info: chrome=79.0.3945.88)
For documentation on this error, please visit: https://www.seleniumhq.org/exceptions/stale_element_reference.html
Build info: version: '3.141.59', revision: 'e82be7d358', time: '2018-11-14T08:17:03'
System info: host: 'DESKTOP-O6A5C2O', ip: '10.0.75.1', os.name: 'Windows 10', os.arch: 'amd64', os.version: '10.0', java.version: '9.0.4'
Driver info: org.openqa.selenium.chrome.ChromeDriver
Capabilities {acceptInsecureCerts: false, browserName: chrome, browserVersion: 79.0.3945.88, chrome: {chromedriverVersion: 78.0.3904.70 (edb9c9f3de024..., userDataDir: C:\Users\admin\AppData\Loca...}, goog:chromeOptions: {debuggerAddress: localhost:53415}, javascriptEnabled: true, networkConnectionEnabled: false, pageLoadStrategy: normal, platform: XP, platformName: XP, proxy: Proxy(), setWindowRect: true, strictFileInteractability: false, timeouts: {implicit: 0, pageLoad: 300000, script: 30000}, unhandledPromptBehavior: dismiss and notify}
Session ID: d5004ee90f23e949af07e83c99bac3e2
at java.base/jdk.internal.reflect.NativeConstructorAccessorImpl.newInstance0(Native Method)
at java.base/jdk.internal.reflect.NativeConstructorAccessorImpl.newInstance(Unknown Source)
at java.base/jdk.internal.reflect.DelegatingConstructorAccessorImpl.newInstance(Unknown Source)
at java.base/java.lang.reflect.Constructor.newInstance(Unknown Source)
at org.openqa.selenium.remote.http.W3CHttpResponseCodec.createException(W3CHttpResponseCodec.java:187)
at org.openqa.selenium.remote.http.W3CHttpResponseCodec.decode(W3CHttpResponseCodec.java:122)
at org.openqa.selenium.remote.http.W3CHttpResponseCodec.decode(W3CHttpResponseCodec.java:49)
at org.openqa.selenium.remote.HttpCommandExecutor.execute(HttpCommandExecutor.java:158)
at org.openqa.selenium.remote.service.DriverCommandExecutor.execute(DriverCommandExecutor.java:83)
at org.openqa.selenium.remote.RemoteWebDriver.execute(RemoteWebDriver.java:552)
at org.openqa.selenium.remote.RemoteWebElement.execute(RemoteWebElement.java:285)
at org.openqa.selenium.remote.RemoteWebElement.getText(RemoteWebElement.java:166)
at com.tetherfi.pages.CallbackAnnouncementPage.gettable(CallbackAnnouncementPage.java:358)
at com.tetherfi.pages.CallbackAnnouncementPage.verifySearchIsNotEqualTo(CallbackAnnouncementPage.java:731)
at com.tetherfi.test.ivr.CallBackAnnouncementTest.VerifySearchIsNotEqualTo(CallBackAnnouncementTest.java:159)
at java.base/jdk.internal.reflect.NativeMethodAccessorImpl.invoke0(Native Method)
at java.base/jdk.internal.reflect.NativeMethodAccessorImpl.invoke(Unknown Source)
at java.base/jdk.internal.reflect.DelegatingMethodAccessorImpl.invoke(Unknown Source)
at java.base/java.lang.reflect.Method.invoke(Unknown Source)
at org.testng.internal.MethodInvocationHelper.invokeMethod(MethodInvocationHelper.java:133)
at org.testng.internal.TestInvoker.invokeMethod(TestInvoker.java:584)
at org.testng.internal.TestInvoker.invokeTestMethod(TestInvoker.java:172)
at org.testng.internal.MethodRunner.runInSequence(MethodRunner.java:46)
at org.testng.internal.TestInvoker$MethodInvocationAgent.invoke(TestInvoker.java:804)
at org.testng.internal.TestInvoker.invokeTestMethods(TestInvoker.java:145)
at org.testng.internal.TestMethodWorker.invokeTestMethods(TestMethodWorker.java:146)
at org.testng.internal.TestMethodWorker.run(TestMethodWorker.java:128)
at java.base/java.util.ArrayList.forEach(Unknown Source)
at org.testng.TestRunner.privateRun(TestRunner.java:770)
at org.testng.TestRunner.run(TestRunner.java:591)
at org.testng.SuiteRunner.runTest(SuiteRunner.java:402)
at org.testng.SuiteRunner.runSequentially(SuiteRunner.java:396)
at org.testng.SuiteRunner.privateRun(SuiteRunner.java:355)
at org.testng.SuiteRunner.run(SuiteRunner.java:304)
at org.testng.SuiteRunnerWorker.runSuite(SuiteRunnerWorker.java:53)
at org.testng.SuiteRunnerWorker.run(SuiteRunnerWorker.java:96)
at org.testng.TestNG.runSuitesSequentially(TestNG.java:1180)
at org.testng.TestNG.runSuitesLocally(TestNG.java:1102)
at org.testng.TestNG.runSuites(TestNG.java:1032)
at org.testng.TestNG.run(TestNG.java:1000)
at org.testng.remote.AbstractRemoteTestNG.run(AbstractRemoteTestNG.java:115)
at org.testng.remote.RemoteTestNG.initAndRun(RemoteTestNG.java:251)
at org.testng.remote.RemoteTestNG.main(RemoteTestNG.java:77)
]]>
    </error>
  </testcase> <!-- VerifySearchIsNotEqualTo -->
  <testcase classname="com.tetherfi.test.ivr.CallBackAnnouncementTest" name="VerifySearchContains" time="8.971"/>
  <testcase classname="com.tetherfi.test.ivr.CallBackAnnouncementTest" name="VerifySearchDoesNotContains" time="9.674"/>
  <testcase classname="com.tetherfi.test.ivr.CallBackAnnouncementTest" name="VerifySearchStartsWith" time="9.153"/>
  <testcase classname="com.tetherfi.test.ivr.CallBackAnnouncementTest" name="VerifySearchEndsWith" time="9.291"/>
  <testcase classname="com.tetherfi.test.ivr.CallBackAnnouncementTest" name="EditCallBackAnnouncementRecord" time="13.132"/>
  <testcase classname="com.tetherfi.test.ivr.CallBackAnnouncementTest" name="VerifyAuditTrialReportForUpdate" time="28.398"/>
  <testcase classname="com.tetherfi.test.ivr.CallBackAnnouncementTest" name="EditWithoutModifyReasonCallbackannouncementRecord" time="13.036"/>
  <testcase classname="com.tetherfi.test.ivr.CallBackAnnouncementTest" name="VerifyCancelButtonAtEditCallbackAnnouncementRecord" time="13.095"/>
  <testcase classname="com.tetherfi.test.ivr.CallBackAnnouncementTest" name="searchPage" time="9.515"/>
  <testcase classname="com.tetherfi.test.ivr.CallBackAnnouncementTest" name="searchwithoutSearchTextbox" time="7.798"/>
  <testcase classname="com.tetherfi.test.ivr.CallBackAnnouncementTest" name="DeleteWithoutDeleteReasonRecord" time="9.582"/>
  <testcase classname="com.tetherfi.test.ivr.CallBackAnnouncementTest" name="VerifyCancelButtonDeleteRecord" time="11.786"/>
  <testcase classname="com.tetherfi.test.ivr.CallBackAnnouncementTest" name="DeleteCallbackAnnouncementRecord" time="11.832"/>
  <testcase classname="com.tetherfi.test.ivr.CallBackAnnouncementTest" name="VerifyAuditTrialReportForDelete" time="27.161"/>
  <testcase classname="com.tetherfi.test.ivr.CallBackAnnouncementTest" name="ExportToExcel" time="12.151"/>
  <testcase classname="com.tetherfi.test.ivr.CallBackAnnouncementTest" name="ExportToExcelData" time="7.078"/>
  <testcase classname="com.tetherfi.test.ivr.CallBackAnnouncementTest" name="SearchClearSearch" time="10.998"/>
  <testcase classname="com.tetherfi.test.ivr.CallBackAnnouncementTest" name="ExporttoExcelWithoutData" time="9.824"/>
  <testcase classname="com.tetherfi.test.ivr.CallBackAnnouncementTest" name="SortingByAscending" time="9.047"/>
  <testcase classname="com.tetherfi.test.ivr.CallBackAnnouncementTest" name="SortingByDescending" time="10.586"/>
  <testcase classname="com.tetherfi.test.ivr.CallBackAnnouncementTest" name="GroupBy" time="8.553"/>
  <testcase classname="com.tetherfi.test.ivr.CallBackAnnouncementTest" name="VerifyArrowMoveForPreviousAndNextPage" time="4.747"/>
  <testcase classname="com.tetherfi.test.ivr.CallBackAnnouncementTest" name="VerifyArrowMoveForFirstAndLastPage" time="5.812"/>
  <testcase classname="com.tetherfi.test.ivr.CallBackAnnouncementTest" name="VerifyTotalNumberOfItemsPerPageDetails" time="5.514"/>
  <testcase classname="com.tetherfi.test.ivr.CallBackAnnouncementTest" name="VerifyNumberOfItemsPerPageSelection" time="8.483">
    <failure message="item per page assertion failed did not expect to find [true] but found [false]" type="java.lang.AssertionError">
      <![CDATA[java.lang.AssertionError: item per page assertion failed did not expect to find [true] but found [false]
at org.testng.Assert.fail(Assert.java:97)
at org.testng.Assert.failNotEquals(Assert.java:969)
at org.testng.Assert.assertTrue(Assert.java:43)
at com.tetherfi.test.ivr.CallBackAnnouncementTest.VerifyNumberOfItemsPerPageSelection(CallBackAnnouncementTest.java:393)
at java.base/jdk.internal.reflect.NativeMethodAccessorImpl.invoke0(Native Method)
at java.base/jdk.internal.reflect.NativeMethodAccessorImpl.invoke(Unknown Source)
at java.base/jdk.internal.reflect.DelegatingMethodAccessorImpl.invoke(Unknown Source)
at java.base/java.lang.reflect.Method.invoke(Unknown Source)
at org.testng.internal.MethodInvocationHelper.invokeMethod(MethodInvocationHelper.java:133)
at org.testng.internal.TestInvoker.invokeMethod(TestInvoker.java:584)
at org.testng.internal.TestInvoker.invokeTestMethod(TestInvoker.java:172)
at org.testng.internal.MethodRunner.runInSequence(MethodRunner.java:46)
at org.testng.internal.TestInvoker$MethodInvocationAgent.invoke(TestInvoker.java:804)
at org.testng.internal.TestInvoker.invokeTestMethods(TestInvoker.java:145)
at org.testng.internal.TestMethodWorker.invokeTestMethods(TestMethodWorker.java:146)
at org.testng.internal.TestMethodWorker.run(TestMethodWorker.java:128)
at java.base/java.util.ArrayList.forEach(Unknown Source)
at org.testng.TestRunner.privateRun(TestRunner.java:770)
at org.testng.TestRunner.run(TestRunner.java:591)
at org.testng.SuiteRunner.runTest(SuiteRunner.java:402)
at org.testng.SuiteRunner.runSequentially(SuiteRunner.java:396)
at org.testng.SuiteRunner.privateRun(SuiteRunner.java:355)
at org.testng.SuiteRunner.run(SuiteRunner.java:304)
at org.testng.SuiteRunnerWorker.runSuite(SuiteRunnerWorker.java:53)
at org.testng.SuiteRunnerWorker.run(SuiteRunnerWorker.java:96)
at org.testng.TestNG.runSuitesSequentially(TestNG.java:1180)
at org.testng.TestNG.runSuitesLocally(TestNG.java:1102)
at org.testng.TestNG.runSuites(TestNG.java:1032)
at org.testng.TestNG.run(TestNG.java:1000)
at org.testng.remote.AbstractRemoteTestNG.run(AbstractRemoteTestNG.java:115)
at org.testng.remote.RemoteTestNG.initAndRun(RemoteTestNG.java:251)
at org.testng.remote.RemoteTestNG.main(RemoteTestNG.java:77)
]]>
    </failure>
  </testcase> <!-- VerifyNumberOfItemsPerPageSelection -->
  <testcase classname="com.tetherfi.test.ivr.CallBackAnnouncementTest" name="database" time="7.420"/>
</testsuite> <!-- com.tetherfi.test.ivr.CallBackAnnouncementTest -->
