<?xml version="1.0" encoding="UTF-8"?>
<!-- Generated by org.testng.reporters.JUnitReportReporter -->
<testsuite skipped="0" hostname="TTF-BLR-SANTOSHKOUJALAGI" name="com.tetherfi.test.UserOnBoardingDivisionLevelUserCreateTest" tests="3" failures="0" timestamp="2021-08-01T21:41:13 IST" time="178.098" errors="0">
  <testcase name="AddNewUserOnBoardingRecord" time="66.779" classname="com.tetherfi.test.UserOnBoardingDivisionLevelUserCreateTest"/>
  <testcase name="VerifySendForApprovalForAddNewUserOnBoarding" time="47.265" classname="com.tetherfi.test.UserOnBoardingDivisionLevelUserCreateTest"/>
  <testcase name="ApproveforAddNewUserOnBoardingRecord" time="64.054" classname="com.tetherfi.test.UserOnBoardingDivisionLevelUserCreateTest"/>
</testsuite> <!-- com.tetherfi.test.UserOnBoardingDivisionLevelUserCreateTest -->
