<?xml version="1.0" encoding="UTF-8"?>
<!-- Generated by org.testng.reporters.JUnitReportReporter -->
<testsuite hostname="DESKTOP-O6A5C2O" failures="0" tests="16" name="com.tetherfi.test.ivr.BranchManagementDeleteTest" time="813.069" errors="0" timestamp="2020-04-06T18:04:37 IST" skipped="0">
  <testcase classname="com.tetherfi.test.ivr.BranchManagementDeleteTest" name="DeleteCancelBranchManagementRecord" time="41.482"/>
  <testcase classname="com.tetherfi.test.ivr.BranchManagementDeleteTest" name="DeleteRecordWithoutDeleteReason" time="44.990"/>
  <testcase classname="com.tetherfi.test.ivr.BranchManagementDeleteTest" name="DeleteRecord" time="51.494"/>
  <testcase classname="com.tetherfi.test.ivr.BranchManagementDeleteTest" name="VerifyRevertForDeleteRecord" time="40.847"/>
  <testcase classname="com.tetherfi.test.ivr.BranchManagementDeleteTest" name="VerifyAuditTrialReportForRevertDelete" time="65.749"/>
  <testcase classname="com.tetherfi.test.ivr.BranchManagementDeleteTest" name="RejectDeleteRecord" time="46.533"/>
  <testcase classname="com.tetherfi.test.ivr.BranchManagementDeleteTest" name="VerifySendForApprovalForDeleteNewRecord" time="44.444"/>
  <testcase classname="com.tetherfi.test.ivr.BranchManagementDeleteTest" name="RejectforDeleteBranchManagementRecord" time="44.144"/>
  <testcase classname="com.tetherfi.test.ivr.BranchManagementDeleteTest" name="VerifyAuditTrailReportForReject" time="63.790"/>
  <testcase classname="com.tetherfi.test.ivr.BranchManagementDeleteTest" name="DeleteBranchManagementRecord" time="47.032"/>
  <testcase classname="com.tetherfi.test.ivr.BranchManagementDeleteTest" name="VerifyAuditTrialReportForDelete" time="61.120"/>
  <testcase classname="com.tetherfi.test.ivr.BranchManagementDeleteTest" name="VerifyAuditTrailDataForDeleteBranchManagementRecord" time="39.375"/>
  <testcase classname="com.tetherfi.test.ivr.BranchManagementDeleteTest" name="VerifySendForApprovalForDeleteRecord" time="45.832"/>
  <testcase classname="com.tetherfi.test.ivr.BranchManagementDeleteTest" name="VerifyAuditTrailReportForSendForApprove" time="65.640"/>
  <testcase classname="com.tetherfi.test.ivr.BranchManagementDeleteTest" name="ApproveforDeleteBranchManagementRecord" time="48.093"/>
  <testcase classname="com.tetherfi.test.ivr.BranchManagementDeleteTest" name="VerifyAuditTrailReportForApprove" time="62.504"/>
</testsuite> <!-- com.tetherfi.test.ivr.BranchManagementDeleteTest -->
