<?xml version="1.0" encoding="UTF-8"?>
<!-- Generated by org.testng.reporters.JUnitReportReporter -->
<testsuite skipped="0" hostname="TTF-BLR-SANTOSHKOUJALAGI" name="com.tetherfi.test.tmac.Templates_WidgetTabTest" tests="18" failures="0" timestamp="2021-11-09T22:05:30 IST" time="322.808" errors="3">
  <testcase name="AddnewtemplateRecord" time="25.842" classname="com.tetherfi.test.tmac.Templates_WidgetTabTest"/>
  <testcase name="AddNewScreenTemplate" time="16.183" classname="com.tetherfi.test.tmac.Templates_WidgetTabTest"/>
  <testcase name="addTemplateWithoutWidget" time="15.099" classname="com.tetherfi.test.tmac.Templates_WidgetTabTest"/>
  <testcase name="AddTemplatewithOutTemplateName" time="11.698" classname="com.tetherfi.test.tmac.Templates_WidgetTabTest"/>
  <testcase name="AddWidgetwithOutScreen" time="13.982" classname="com.tetherfi.test.tmac.Templates_WidgetTabTest"/>
  <testcase name="VerifyAddNewWidgtTemplateWindowCloseButton" time="14.276" classname="com.tetherfi.test.tmac.Templates_WidgetTabTest"/>
  <testcase name="AddNewWidgetTemplate" time="25.011" classname="com.tetherfi.test.tmac.Templates_WidgetTabTest"/>
  <testcase name="VerifyTransferAllToBtn" time="12.518" classname="com.tetherfi.test.tmac.Templates_WidgetTabTest">
    <error type="java.lang.ArrayIndexOutOfBoundsException" message="1">
      <![CDATA[java.lang.ArrayIndexOutOfBoundsException: 1
at com.tetherfi.pages.AgentTemplatePage.gettable(AgentTemplatePage.java:1220)
at com.tetherfi.pages.AgentTemplatePage.verifySearchIsEqualToTemplateName(AgentTemplatePage.java:1741)
at com.tetherfi.pages.AgentTemplatePage.verifyTransferAllToBtnWidgetTab(AgentTemplatePage.java:2184)
at com.tetherfi.test.tmac.Templates_WidgetTabTest.VerifyTransferAllToBtn(Templates_WidgetTabTest.java:113)
at sun.reflect.NativeMethodAccessorImpl.invoke0(Native Method)
at sun.reflect.NativeMethodAccessorImpl.invoke(Unknown Source)
at sun.reflect.DelegatingMethodAccessorImpl.invoke(Unknown Source)
at java.lang.reflect.Method.invoke(Unknown Source)
at org.testng.internal.MethodInvocationHelper.invokeMethod(MethodInvocationHelper.java:133)
at org.testng.internal.TestInvoker.invokeMethod(TestInvoker.java:584)
at org.testng.internal.TestInvoker.invokeTestMethod(TestInvoker.java:172)
at org.testng.internal.MethodRunner.runInSequence(MethodRunner.java:46)
at org.testng.internal.TestInvoker$MethodInvocationAgent.invoke(TestInvoker.java:804)
at org.testng.internal.TestInvoker.invokeTestMethods(TestInvoker.java:145)
at org.testng.internal.TestMethodWorker.invokeTestMethods(TestMethodWorker.java:146)
at org.testng.internal.TestMethodWorker.run(TestMethodWorker.java:128)
at java.util.ArrayList.forEach(Unknown Source)
at org.testng.TestRunner.privateRun(TestRunner.java:770)
at org.testng.TestRunner.run(TestRunner.java:591)
at org.testng.SuiteRunner.runTest(SuiteRunner.java:402)
at org.testng.SuiteRunner.runSequentially(SuiteRunner.java:396)
at org.testng.SuiteRunner.privateRun(SuiteRunner.java:355)
at org.testng.SuiteRunner.run(SuiteRunner.java:304)
at org.testng.SuiteRunnerWorker.runSuite(SuiteRunnerWorker.java:53)
at org.testng.SuiteRunnerWorker.run(SuiteRunnerWorker.java:96)
at org.testng.TestNG.runSuitesSequentially(TestNG.java:1180)
at org.testng.TestNG.runSuitesLocally(TestNG.java:1102)
at org.testng.TestNG.runSuites(TestNG.java:1032)
at org.testng.TestNG.run(TestNG.java:1000)
at org.testng.remote.AbstractRemoteTestNG.run(AbstractRemoteTestNG.java:115)
at org.testng.remote.RemoteTestNG.initAndRun(RemoteTestNG.java:251)
at org.testng.remote.RemoteTestNG.main(RemoteTestNG.java:77)
]]>
    </error>
  </testcase> <!-- VerifyTransferAllToBtn -->
  <testcase name="VerifyTransferFromBtn" time="16.284" classname="com.tetherfi.test.tmac.Templates_WidgetTabTest">
    <error type="java.lang.ArrayIndexOutOfBoundsException" message="1">
      <![CDATA[java.lang.ArrayIndexOutOfBoundsException: 1
at com.tetherfi.pages.AgentTemplatePage.gettable(AgentTemplatePage.java:1220)
at com.tetherfi.pages.AgentTemplatePage.verifySearchIsEqualToTemplateName(AgentTemplatePage.java:1741)
at com.tetherfi.pages.AgentTemplatePage.verifyTransferFromBtnWidgetTab(AgentTemplatePage.java:2209)
at com.tetherfi.test.tmac.Templates_WidgetTabTest.VerifyTransferFromBtn(Templates_WidgetTabTest.java:124)
at sun.reflect.NativeMethodAccessorImpl.invoke0(Native Method)
at sun.reflect.NativeMethodAccessorImpl.invoke(Unknown Source)
at sun.reflect.DelegatingMethodAccessorImpl.invoke(Unknown Source)
at java.lang.reflect.Method.invoke(Unknown Source)
at org.testng.internal.MethodInvocationHelper.invokeMethod(MethodInvocationHelper.java:133)
at org.testng.internal.TestInvoker.invokeMethod(TestInvoker.java:584)
at org.testng.internal.TestInvoker.invokeTestMethod(TestInvoker.java:172)
at org.testng.internal.MethodRunner.runInSequence(MethodRunner.java:46)
at org.testng.internal.TestInvoker$MethodInvocationAgent.invoke(TestInvoker.java:804)
at org.testng.internal.TestInvoker.invokeTestMethods(TestInvoker.java:145)
at org.testng.internal.TestMethodWorker.invokeTestMethods(TestMethodWorker.java:146)
at org.testng.internal.TestMethodWorker.run(TestMethodWorker.java:128)
at java.util.ArrayList.forEach(Unknown Source)
at org.testng.TestRunner.privateRun(TestRunner.java:770)
at org.testng.TestRunner.run(TestRunner.java:591)
at org.testng.SuiteRunner.runTest(SuiteRunner.java:402)
at org.testng.SuiteRunner.runSequentially(SuiteRunner.java:396)
at org.testng.SuiteRunner.privateRun(SuiteRunner.java:355)
at org.testng.SuiteRunner.run(SuiteRunner.java:304)
at org.testng.SuiteRunnerWorker.runSuite(SuiteRunnerWorker.java:53)
at org.testng.SuiteRunnerWorker.run(SuiteRunnerWorker.java:96)
at org.testng.TestNG.runSuitesSequentially(TestNG.java:1180)
at org.testng.TestNG.runSuitesLocally(TestNG.java:1102)
at org.testng.TestNG.runSuites(TestNG.java:1032)
at org.testng.TestNG.run(TestNG.java:1000)
at org.testng.remote.AbstractRemoteTestNG.run(AbstractRemoteTestNG.java:115)
at org.testng.remote.RemoteTestNG.initAndRun(RemoteTestNG.java:251)
at org.testng.remote.RemoteTestNG.main(RemoteTestNG.java:77)
]]>
    </error>
  </testcase> <!-- VerifyTransferFromBtn -->
  <testcase name="VerifyTransferAllFromBtn" time="16.940" classname="com.tetherfi.test.tmac.Templates_WidgetTabTest">
    <error type="java.lang.ArrayIndexOutOfBoundsException" message="1">
      <![CDATA[java.lang.ArrayIndexOutOfBoundsException: 1
at com.tetherfi.pages.AgentTemplatePage.gettable(AgentTemplatePage.java:1220)
at com.tetherfi.pages.AgentTemplatePage.verifySearchIsEqualToTemplateName(AgentTemplatePage.java:1741)
at com.tetherfi.pages.AgentTemplatePage.verifyTransferAllFromBtnWidgetTab(AgentTemplatePage.java:2198)
at com.tetherfi.test.tmac.Templates_WidgetTabTest.VerifyTransferAllFromBtn(Templates_WidgetTabTest.java:135)
at sun.reflect.NativeMethodAccessorImpl.invoke0(Native Method)
at sun.reflect.NativeMethodAccessorImpl.invoke(Unknown Source)
at sun.reflect.DelegatingMethodAccessorImpl.invoke(Unknown Source)
at java.lang.reflect.Method.invoke(Unknown Source)
at org.testng.internal.MethodInvocationHelper.invokeMethod(MethodInvocationHelper.java:133)
at org.testng.internal.TestInvoker.invokeMethod(TestInvoker.java:584)
at org.testng.internal.TestInvoker.invokeTestMethod(TestInvoker.java:172)
at org.testng.internal.MethodRunner.runInSequence(MethodRunner.java:46)
at org.testng.internal.TestInvoker$MethodInvocationAgent.invoke(TestInvoker.java:804)
at org.testng.internal.TestInvoker.invokeTestMethods(TestInvoker.java:145)
at org.testng.internal.TestMethodWorker.invokeTestMethods(TestMethodWorker.java:146)
at org.testng.internal.TestMethodWorker.run(TestMethodWorker.java:128)
at java.util.ArrayList.forEach(Unknown Source)
at org.testng.TestRunner.privateRun(TestRunner.java:770)
at org.testng.TestRunner.run(TestRunner.java:591)
at org.testng.SuiteRunner.runTest(SuiteRunner.java:402)
at org.testng.SuiteRunner.runSequentially(SuiteRunner.java:396)
at org.testng.SuiteRunner.privateRun(SuiteRunner.java:355)
at org.testng.SuiteRunner.run(SuiteRunner.java:304)
at org.testng.SuiteRunnerWorker.runSuite(SuiteRunnerWorker.java:53)
at org.testng.SuiteRunnerWorker.run(SuiteRunnerWorker.java:96)
at org.testng.TestNG.runSuitesSequentially(TestNG.java:1180)
at org.testng.TestNG.runSuitesLocally(TestNG.java:1102)
at org.testng.TestNG.runSuites(TestNG.java:1032)
at org.testng.TestNG.run(TestNG.java:1000)
at org.testng.remote.AbstractRemoteTestNG.run(AbstractRemoteTestNG.java:115)
at org.testng.remote.RemoteTestNG.initAndRun(RemoteTestNG.java:251)
at org.testng.remote.RemoteTestNG.main(RemoteTestNG.java:77)
]]>
    </error>
  </testcase> <!-- VerifyTransferAllFromBtn -->
  <testcase name="EditRecordwithoutModifyreason" time="19.642" classname="com.tetherfi.test.tmac.Templates_WidgetTabTest"/>
  <testcase name="VerifyCancelBtnatEditRecord" time="19.996" classname="com.tetherfi.test.tmac.Templates_WidgetTabTest"/>
  <testcase name="EditWidgetRecord" time="20.168" classname="com.tetherfi.test.tmac.Templates_WidgetTabTest"/>
  <testcase name="deleteWithoutDeletereason" time="16.678" classname="com.tetherfi.test.tmac.Templates_WidgetTabTest"/>
  <testcase name="VerifyCancelBtnatDeleteRecord" time="17.480" classname="com.tetherfi.test.tmac.Templates_WidgetTabTest"/>
  <testcase name="DeleteWidgetRecord" time="18.846" classname="com.tetherfi.test.tmac.Templates_WidgetTabTest"/>
  <testcase name="DeletescreenTemplateRecord" time="20.202" classname="com.tetherfi.test.tmac.Templates_WidgetTabTest"/>
  <testcase name="DeleteRecord" time="21.963" classname="com.tetherfi.test.tmac.Templates_WidgetTabTest"/>
</testsuite> <!-- com.tetherfi.test.tmac.Templates_WidgetTabTest -->
