<?xml version="1.0" encoding="UTF-8"?>
<!-- Generated by org.testng.reporters.JUnitReportReporter -->
<testsuite hostname="DESKTOP-O6A5C2O" failures="1" tests="22" name="com.tetherfi.test.ivr.BranchManagementUITest" time="501.755" errors="0" timestamp="2019-11-15T13:54:22 IST" skipped="0">
  <testcase classname="com.tetherfi.test.ivr.BranchManagementUITest" name="BranchManagementPage" time="6.115"/>
  <testcase classname="com.tetherfi.test.ivr.BranchManagementUITest" name="VerifyBranchManagementApprovedDataPage" time="5.067"/>
  <testcase classname="com.tetherfi.test.ivr.BranchManagementUITest" name="VerifyBranchManagementAuditTrailDataPage" time="11.464"/>
  <testcase classname="com.tetherfi.test.ivr.BranchManagementUITest" name="VerifyMakeBranchManagementChangeButton" time="15.469"/>
  <testcase classname="com.tetherfi.test.ivr.BranchManagementUITest" name="VerifyDropdownForAllTheColumns" time="34.865"/>
  <testcase classname="com.tetherfi.test.ivr.BranchManagementUITest" name="VerifyColumnsHeaderEnable" time="33.583"/>
  <testcase classname="com.tetherfi.test.ivr.BranchManagementUITest" name="VerifyColumnsHeaderDisable" time="14.382"/>
  <testcase classname="com.tetherfi.test.ivr.BranchManagementUITest" name="VerifyArrowMoveForPreviousAndNextPage" time="14.193"/>
  <testcase classname="com.tetherfi.test.ivr.BranchManagementUITest" name="VerifyArrowMoveForFirstAndLastPage" time="14.398"/>
  <testcase classname="com.tetherfi.test.ivr.BranchManagementUITest" name="VerifyTotalNumberOfItemsPerPageDetails" time="14.667"/>
  <testcase classname="com.tetherfi.test.ivr.BranchManagementUITest" name="VerifyNumberOfItemsPerPageSelection" time="15.429">
    <failure message="item per page assertion failed did not expect to find [true] but found [false]" type="java.lang.AssertionError">
      <![CDATA[java.lang.AssertionError: item per page assertion failed did not expect to find [true] but found [false]
at org.testng.Assert.fail(Assert.java:97)
at org.testng.Assert.failNotEquals(Assert.java:969)
at org.testng.Assert.assertTrue(Assert.java:43)
at com.tetherfi.test.ivr.BranchManagementUITest.VerifyNumberOfItemsPerPageSelection(BranchManagementUITest.java:128)
at java.base/jdk.internal.reflect.NativeMethodAccessorImpl.invoke0(Native Method)
at java.base/jdk.internal.reflect.NativeMethodAccessorImpl.invoke(Unknown Source)
at java.base/jdk.internal.reflect.DelegatingMethodAccessorImpl.invoke(Unknown Source)
at java.base/java.lang.reflect.Method.invoke(Unknown Source)
at org.testng.internal.MethodInvocationHelper.invokeMethod(MethodInvocationHelper.java:133)
at org.testng.internal.TestInvoker.invokeMethod(TestInvoker.java:584)
at org.testng.internal.TestInvoker.invokeTestMethod(TestInvoker.java:172)
at org.testng.internal.MethodRunner.runInSequence(MethodRunner.java:46)
at org.testng.internal.TestInvoker$MethodInvocationAgent.invoke(TestInvoker.java:804)
at org.testng.internal.TestInvoker.invokeTestMethods(TestInvoker.java:145)
at org.testng.internal.TestMethodWorker.invokeTestMethods(TestMethodWorker.java:146)
at org.testng.internal.TestMethodWorker.run(TestMethodWorker.java:128)
at java.base/java.util.ArrayList.forEach(Unknown Source)
at org.testng.TestRunner.privateRun(TestRunner.java:770)
at org.testng.TestRunner.run(TestRunner.java:591)
at org.testng.SuiteRunner.runTest(SuiteRunner.java:402)
at org.testng.SuiteRunner.runSequentially(SuiteRunner.java:396)
at org.testng.SuiteRunner.privateRun(SuiteRunner.java:355)
at org.testng.SuiteRunner.run(SuiteRunner.java:304)
at org.testng.SuiteRunnerWorker.runSuite(SuiteRunnerWorker.java:53)
at org.testng.SuiteRunnerWorker.run(SuiteRunnerWorker.java:96)
at org.testng.TestNG.runSuitesSequentially(TestNG.java:1180)
at org.testng.TestNG.runSuitesLocally(TestNG.java:1102)
at org.testng.TestNG.runSuites(TestNG.java:1032)
at org.testng.TestNG.run(TestNG.java:1000)
at org.testng.remote.AbstractRemoteTestNG.run(AbstractRemoteTestNG.java:115)
at org.testng.remote.RemoteTestNG.initAndRun(RemoteTestNG.java:251)
at org.testng.remote.RemoteTestNG.main(RemoteTestNG.java:77)
]]>
    </failure>
  </testcase> <!-- VerifyNumberOfItemsPerPageSelection -->
  <testcase classname="com.tetherfi.test.ivr.BranchManagementUITest" name="ExportToExcel" time="16.818"/>
  <testcase classname="com.tetherfi.test.ivr.BranchManagementUITest" name="ExportToExcelData" time="56.930"/>
  <testcase classname="com.tetherfi.test.ivr.BranchManagementUITest" name="VerifyExportToExcelWithoutData" time="19.372"/>
  <testcase classname="com.tetherfi.test.ivr.BranchManagementUITest" name="SortingByAscending" time="59.463"/>
  <testcase classname="com.tetherfi.test.ivr.BranchManagementUITest" name="SortingByDescending" time="60.454"/>
  <testcase classname="com.tetherfi.test.ivr.BranchManagementUITest" name="VerifyDragAndDrop" time="15.374"/>
  <testcase classname="com.tetherfi.test.ivr.BranchManagementUITest" name="VerifyDragAndDropofAlreadyGroupedHeader" time="15.835"/>
  <testcase classname="com.tetherfi.test.ivr.BranchManagementUITest" name="database" time="52.809"/>
  <testcase classname="com.tetherfi.test.ivr.BranchManagementUITest" name="searchPage" time="8.221"/>
  <testcase classname="com.tetherfi.test.ivr.BranchManagementUITest" name="searchwithoutSearchTextbox" time="7.947"/>
  <testcase classname="com.tetherfi.test.ivr.BranchManagementUITest" name="SearchClearSearch" time="8.900"/>
</testsuite> <!-- com.tetherfi.test.ivr.BranchManagementUITest -->
