<?xml version="1.0" encoding="UTF-8"?>
<!-- Generated by org.testng.reporters.JUnitReportReporter -->
<testsuite skipped="0" hostname="TTF-BLR-SANTOSHKOUJALAGI" name="com.tetherfi.test.ivr.IntroMessageAnnouncementUpdateTest" tests="16" failures="0" timestamp="2021-10-19T21:00:45 IST" time="605.688" errors="1">
  <testcase name="EditCancelIntroMessageAnnouncementRecord" time="34.913" classname="com.tetherfi.test.ivr.IntroMessageAnnouncementUpdateTest"/>
  <testcase name="EditRecordWithoutModifyReason" time="29.918" classname="com.tetherfi.test.ivr.IntroMessageAnnouncementUpdateTest"/>
  <testcase name="EditRevertIntroMessageAnnouncementRecord" time="30.822" classname="com.tetherfi.test.ivr.IntroMessageAnnouncementUpdateTest"/>
  <testcase name="VerifyRevertForEditRecord" time="52.401" classname="com.tetherfi.test.ivr.IntroMessageAnnouncementUpdateTest"/>
  <testcase name="VerifyAuditTrialReportForRevertUpdate" time="48.603" classname="com.tetherfi.test.ivr.IntroMessageAnnouncementUpdateTest"/>
  <testcase name="EditRejectRecord" time="54.442" classname="com.tetherfi.test.ivr.IntroMessageAnnouncementUpdateTest"/>
  <testcase name="VerifySendForApprovalForEditRejectRecord" time="28.823" classname="com.tetherfi.test.ivr.IntroMessageAnnouncementUpdateTest"/>
  <testcase name="RejectforEditIntroMessageAnnouncementRecord" time="29.289" classname="com.tetherfi.test.ivr.IntroMessageAnnouncementUpdateTest"/>
  <testcase name="VerifyAuditTrailReportForReject" time="46.106" classname="com.tetherfi.test.ivr.IntroMessageAnnouncementUpdateTest"/>
  <testcase name="EditIntroMessageAnnouncementRecord" time="29.282" classname="com.tetherfi.test.ivr.IntroMessageAnnouncementUpdateTest"/>
  <testcase name="VerifyAuditTrailDataForEditIntroMessageAnnouncementRecord" time="24.960" classname="com.tetherfi.test.ivr.IntroMessageAnnouncementUpdateTest">
    <error type="java.lang.NullPointerException">
      <![CDATA[java.lang.NullPointerException
at com.tetherfi.pages.IntroMessageAnnouncementPage.verifyAuditTrailUpdate(IntroMessageAnnouncementPage.java:1413)
at com.tetherfi.test.ivr.IntroMessageAnnouncementUpdateTest.VerifyAuditTrailDataForEditIntroMessageAnnouncementRecord(IntroMessageAnnouncementUpdateTest.java:183)
at sun.reflect.NativeMethodAccessorImpl.invoke0(Native Method)
at sun.reflect.NativeMethodAccessorImpl.invoke(Unknown Source)
at sun.reflect.DelegatingMethodAccessorImpl.invoke(Unknown Source)
at java.lang.reflect.Method.invoke(Unknown Source)
at org.testng.internal.MethodInvocationHelper.invokeMethod(MethodInvocationHelper.java:133)
at org.testng.internal.TestInvoker.invokeMethod(TestInvoker.java:584)
at org.testng.internal.TestInvoker.invokeTestMethod(TestInvoker.java:172)
at org.testng.internal.MethodRunner.runInSequence(MethodRunner.java:46)
at org.testng.internal.TestInvoker$MethodInvocationAgent.invoke(TestInvoker.java:804)
at org.testng.internal.TestInvoker.invokeTestMethods(TestInvoker.java:145)
at org.testng.internal.TestMethodWorker.invokeTestMethods(TestMethodWorker.java:146)
at org.testng.internal.TestMethodWorker.run(TestMethodWorker.java:128)
at java.util.ArrayList.forEach(Unknown Source)
at org.testng.TestRunner.privateRun(TestRunner.java:770)
at org.testng.TestRunner.run(TestRunner.java:591)
at org.testng.SuiteRunner.runTest(SuiteRunner.java:402)
at org.testng.SuiteRunner.runSequentially(SuiteRunner.java:396)
at org.testng.SuiteRunner.privateRun(SuiteRunner.java:355)
at org.testng.SuiteRunner.run(SuiteRunner.java:304)
at org.testng.SuiteRunnerWorker.runSuite(SuiteRunnerWorker.java:53)
at org.testng.SuiteRunnerWorker.run(SuiteRunnerWorker.java:96)
at org.testng.TestNG.runSuitesSequentially(TestNG.java:1180)
at org.testng.TestNG.runSuitesLocally(TestNG.java:1102)
at org.testng.TestNG.runSuites(TestNG.java:1032)
at org.testng.TestNG.run(TestNG.java:1000)
at org.testng.remote.AbstractRemoteTestNG.run(AbstractRemoteTestNG.java:115)
at org.testng.remote.RemoteTestNG.initAndRun(RemoteTestNG.java:251)
at org.testng.remote.RemoteTestNG.main(RemoteTestNG.java:77)
]]>
    </error>
  </testcase> <!-- VerifyAuditTrailDataForEditIntroMessageAnnouncementRecord -->
  <testcase name="VerifyAuditTrialReportForUpdate" time="45.423" classname="com.tetherfi.test.ivr.IntroMessageAnnouncementUpdateTest"/>
  <testcase name="VerifySendForApprovalForRecord" time="30.107" classname="com.tetherfi.test.ivr.IntroMessageAnnouncementUpdateTest"/>
  <testcase name="VerifyAuditTrialReportForSendForApprovalUpdate" time="46.141" classname="com.tetherfi.test.ivr.IntroMessageAnnouncementUpdateTest"/>
  <testcase name="ApproveforEditIntroMessageAnnouncementRecord" time="28.212" classname="com.tetherfi.test.ivr.IntroMessageAnnouncementUpdateTest"/>
  <testcase name="VerifyAuditTrailReportForApprove" time="46.246" classname="com.tetherfi.test.ivr.IntroMessageAnnouncementUpdateTest"/>
</testsuite> <!-- com.tetherfi.test.ivr.IntroMessageAnnouncementUpdateTest -->
