<?xml version="1.0" encoding="UTF-8"?>
<!-- Generated by org.testng.reporters.JUnitReportReporter -->
<testsuite hostname="DESKTOP-O6A5C2O" failures="0" tests="5" name="com.tetherfi.test.ivr.OperatingHoursTest" time="121.516" errors="0" timestamp="2019-12-19T21:15:25 IST" skipped="0">
  <testcase classname="com.tetherfi.test.ivr.OperatingHoursTest" name="EditOperatingHoursCancelRecord" time="24.871"/>
  <testcase classname="com.tetherfi.test.ivr.OperatingHoursTest" name="EditOperatingHoursRecord" time="22.080"/>
  <testcase classname="com.tetherfi.test.ivr.OperatingHoursTest" name="EditInvalidRecord" time="39.543"/>
  <testcase classname="com.tetherfi.test.ivr.OperatingHoursTest" name="EditRecordWithoutReason" time="22.225"/>
  <testcase classname="com.tetherfi.test.ivr.OperatingHoursTest" name="SearchClearSearch" time="12.797"/>
</testsuite> <!-- com.tetherfi.test.ivr.OperatingHoursTest -->
