<?xml version="1.0" encoding="UTF-8"?>
<!-- Generated by org.testng.reporters.JUnitReportReporter -->
<testsuite hostname="DESKTOP-O6A5C2O" failures="1" tests="39" name="com.tetherfi.test.chat.ChatMenuDescriptionTest" time="643.798" errors="0" timestamp="2020-01-02T17:12:18 IST" skipped="0">
  <testcase classname="com.tetherfi.test.chat.ChatMenuDescriptionTest" name="ChatMenuDescriptionPage" time="8.552"/>
  <testcase classname="com.tetherfi.test.chat.ChatMenuDescriptionTest" name="VerifyDropdownForAllTheColumns" time="15.762"/>
  <testcase classname="com.tetherfi.test.chat.ChatMenuDescriptionTest" name="VerifyColumnsHeaderEnable" time="12.457"/>
  <testcase classname="com.tetherfi.test.chat.ChatMenuDescriptionTest" name="VerifyColumnsHeaderDisable" time="13.036"/>
  <testcase classname="com.tetherfi.test.chat.ChatMenuDescriptionTest" name="AddNewChatMenuDescriptionRecord" time="8.596"/>
  <testcase classname="com.tetherfi.test.chat.ChatMenuDescriptionTest" name="AddDuplicateChatMenuDescriptionRecord" time="9.160"/>
  <testcase classname="com.tetherfi.test.chat.ChatMenuDescriptionTest" name="VerifyAuditTrialReportForCreate" time="37.128"/>
  <testcase classname="com.tetherfi.test.chat.ChatMenuDescriptionTest" name="AddEmptyRecord" time="8.729"/>
  <testcase classname="com.tetherfi.test.chat.ChatMenuDescriptionTest" name="AddRecordWithoutMenuId" time="8.800"/>
  <testcase classname="com.tetherfi.test.chat.ChatMenuDescriptionTest" name="AddRecordWithoutIntent" time="9.018"/>
  <testcase classname="com.tetherfi.test.chat.ChatMenuDescriptionTest" name="AddRecordWithoutMenuName" time="8.625"/>
  <testcase classname="com.tetherfi.test.chat.ChatMenuDescriptionTest" name="VerifyCancelBtnAtAddRecord" time="50.561"/>
  <testcase classname="com.tetherfi.test.chat.ChatMenuDescriptionTest" name="VerifySearchIsNotEqualTo" time="13.197"/>
  <testcase classname="com.tetherfi.test.chat.ChatMenuDescriptionTest" name="VerifySearchContains" time="12.639"/>
  <testcase classname="com.tetherfi.test.chat.ChatMenuDescriptionTest" name="VerifySearchDoesNotContains" time="13.317"/>
  <testcase classname="com.tetherfi.test.chat.ChatMenuDescriptionTest" name="VerifySearchStartsWith" time="13.546"/>
  <testcase classname="com.tetherfi.test.chat.ChatMenuDescriptionTest" name="VerifySearchEndsWith" time="13.649"/>
  <testcase classname="com.tetherfi.test.chat.ChatMenuDescriptionTest" name="EditChatMenuDescriptionRecord" time="15.654"/>
  <testcase classname="com.tetherfi.test.chat.ChatMenuDescriptionTest" name="VerifyAuditTrialReportForUpdate" time="37.585"/>
  <testcase classname="com.tetherfi.test.chat.ChatMenuDescriptionTest" name="EditWithoutModifyReasonRecord" time="13.126"/>
  <testcase classname="com.tetherfi.test.chat.ChatMenuDescriptionTest" name="VerifyCancelBtnAtEditRecord" time="55.551"/>
  <testcase classname="com.tetherfi.test.chat.ChatMenuDescriptionTest" name="searchPage" time="11.370"/>
  <testcase classname="com.tetherfi.test.chat.ChatMenuDescriptionTest" name="searchwithoutSearchTextbox" time="10.929"/>
  <testcase classname="com.tetherfi.test.chat.ChatMenuDescriptionTest" name="ExportToExcel" time="9.404"/>
  <testcase classname="com.tetherfi.test.chat.ChatMenuDescriptionTest" name="ExportToExcelData" time="10.398"/>
  <testcase classname="com.tetherfi.test.chat.ChatMenuDescriptionTest" name="DeleteWithoutDeleteReasonRecord" time="13.616"/>
  <testcase classname="com.tetherfi.test.chat.ChatMenuDescriptionTest" name="VerifyCancelBtnAtDeleteChatMenuDescriptionRecord" time="56.033"/>
  <testcase classname="com.tetherfi.test.chat.ChatMenuDescriptionTest" name="DeleteChatMenuDescriptionRecord" time="13.505"/>
  <testcase classname="com.tetherfi.test.chat.ChatMenuDescriptionTest" name="VerifyAuditTrialReportForDelete" time="35.762">
    <failure message="did not expect to find [true] but found [false]" type="java.lang.AssertionError">
      <![CDATA[java.lang.AssertionError: did not expect to find [true] but found [false]
at org.testng.Assert.fail(Assert.java:97)
at org.testng.Assert.failNotEquals(Assert.java:969)
at org.testng.Assert.assertTrue(Assert.java:43)
at org.testng.Assert.assertTrue(Assert.java:53)
at com.tetherfi.test.chat.ChatMenuDescriptionTest.VerifyAuditTrialReportForDelete(ChatMenuDescriptionTest.java:318)
at java.base/jdk.internal.reflect.NativeMethodAccessorImpl.invoke0(Native Method)
at java.base/jdk.internal.reflect.NativeMethodAccessorImpl.invoke(Unknown Source)
at java.base/jdk.internal.reflect.DelegatingMethodAccessorImpl.invoke(Unknown Source)
at java.base/java.lang.reflect.Method.invoke(Unknown Source)
at org.testng.internal.MethodInvocationHelper.invokeMethod(MethodInvocationHelper.java:133)
at org.testng.internal.TestInvoker.invokeMethod(TestInvoker.java:584)
at org.testng.internal.TestInvoker.invokeTestMethod(TestInvoker.java:172)
at org.testng.internal.MethodRunner.runInSequence(MethodRunner.java:46)
at org.testng.internal.TestInvoker$MethodInvocationAgent.invoke(TestInvoker.java:804)
at org.testng.internal.TestInvoker.invokeTestMethods(TestInvoker.java:145)
at org.testng.internal.TestMethodWorker.invokeTestMethods(TestMethodWorker.java:146)
at org.testng.internal.TestMethodWorker.run(TestMethodWorker.java:128)
at java.base/java.util.ArrayList.forEach(Unknown Source)
at org.testng.TestRunner.privateRun(TestRunner.java:770)
at org.testng.TestRunner.run(TestRunner.java:591)
at org.testng.SuiteRunner.runTest(SuiteRunner.java:402)
at org.testng.SuiteRunner.runSequentially(SuiteRunner.java:396)
at org.testng.SuiteRunner.privateRun(SuiteRunner.java:355)
at org.testng.SuiteRunner.run(SuiteRunner.java:304)
at org.testng.SuiteRunnerWorker.runSuite(SuiteRunnerWorker.java:53)
at org.testng.SuiteRunnerWorker.run(SuiteRunnerWorker.java:96)
at org.testng.TestNG.runSuitesSequentially(TestNG.java:1180)
at org.testng.TestNG.runSuitesLocally(TestNG.java:1102)
at org.testng.TestNG.runSuites(TestNG.java:1032)
at org.testng.TestNG.run(TestNG.java:1000)
at org.testng.remote.AbstractRemoteTestNG.run(AbstractRemoteTestNG.java:115)
at org.testng.remote.RemoteTestNG.initAndRun(RemoteTestNG.java:251)
at org.testng.remote.RemoteTestNG.main(RemoteTestNG.java:77)
]]>
    </failure>
  </testcase> <!-- VerifyAuditTrialReportForDelete -->
  <testcase classname="com.tetherfi.test.chat.ChatMenuDescriptionTest" name="SearchClearSearch" time="12.493"/>
  <testcase classname="com.tetherfi.test.chat.ChatMenuDescriptionTest" name="ExporttoExcelWithoutData" time="11.965"/>
  <testcase classname="com.tetherfi.test.chat.ChatMenuDescriptionTest" name="SortingByAscending" time="12.463"/>
  <testcase classname="com.tetherfi.test.chat.ChatMenuDescriptionTest" name="SortingByDescending" time="14.184"/>
  <testcase classname="com.tetherfi.test.chat.ChatMenuDescriptionTest" name="GroupBy" time="9.556"/>
  <testcase classname="com.tetherfi.test.chat.ChatMenuDescriptionTest" name="VerifyArrowMoveForPreviousAndNextPage" time="7.908"/>
  <testcase classname="com.tetherfi.test.chat.ChatMenuDescriptionTest" name="VerifyArrowMoveForFirstAndLastPage" time="5.969"/>
  <testcase classname="com.tetherfi.test.chat.ChatMenuDescriptionTest" name="VerifyTotalNumberOfItemsPerPageDetails" time="7.595"/>
  <testcase classname="com.tetherfi.test.chat.ChatMenuDescriptionTest" name="VerifyNumberOfItemsPerPageSelection" time="12.894"/>
  <testcase classname="com.tetherfi.test.chat.ChatMenuDescriptionTest" name="database" time="9.066"/>
</testsuite> <!-- com.tetherfi.test.chat.ChatMenuDescriptionTest -->
