<?xml version="1.0" encoding="UTF-8"?>
<!-- Generated by org.testng.reporters.JUnitReportReporter -->
<testsuite hostname="DESKTOP-O6A5C2O" failures="0" tests="15" name="com.tetherfi.test.RoleBasedAccessManagementDeleteTest" time="765.357" errors="0" timestamp="2020-01-07T13:14:34 IST" skipped="0">
  <testcase classname="com.tetherfi.test.RoleBasedAccessManagementDeleteTest" name="DeleteCancelRoleBasedAccessManagementRecord" time="38.201"/>
  <testcase classname="com.tetherfi.test.RoleBasedAccessManagementDeleteTest" name="DeleteWithoutModifyReasonRecord" time="51.677"/>
  <testcase classname="com.tetherfi.test.RoleBasedAccessManagementDeleteTest" name="DeleteRecord" time="59.281"/>
  <testcase classname="com.tetherfi.test.RoleBasedAccessManagementDeleteTest" name="VerifyRevertForDeleteRecord" time="51.708"/>
  <testcase classname="com.tetherfi.test.RoleBasedAccessManagementDeleteTest" name="VerifyAuditTrialReportForRevertDelete" time="70.055"/>
  <testcase classname="com.tetherfi.test.RoleBasedAccessManagementDeleteTest" name="RejectDeleteRecord" time="48.511"/>
  <testcase classname="com.tetherfi.test.RoleBasedAccessManagementDeleteTest" name="VerifySendForApprovalForRejectDeleteNewRecord" time="45.648"/>
  <testcase classname="com.tetherfi.test.RoleBasedAccessManagementDeleteTest" name="RejectforDeleteRoleBasedAccessManagementRecord" time="55.132"/>
  <testcase classname="com.tetherfi.test.RoleBasedAccessManagementDeleteTest" name="VerifyAuditTrailReportForReject" time="59.595"/>
  <testcase classname="com.tetherfi.test.RoleBasedAccessManagementDeleteTest" name="DeleteRoleBasedAccessManagementRecord" time="44.267"/>
  <testcase classname="com.tetherfi.test.RoleBasedAccessManagementDeleteTest" name="VerifyAuditTrialReportForDelete" time="54.118"/>
  <testcase classname="com.tetherfi.test.RoleBasedAccessManagementDeleteTest" name="VerifyAuditTrailDataForDeleteRoleBasedAccessManagementRecord" time="40.147"/>
  <testcase classname="com.tetherfi.test.RoleBasedAccessManagementDeleteTest" name="VerifySendForApprovalForDeleteNewRecord" time="47.367"/>
  <testcase classname="com.tetherfi.test.RoleBasedAccessManagementDeleteTest" name="ApproveforDeleteRoleBasedAccessManagementRecord" time="46.717"/>
  <testcase classname="com.tetherfi.test.RoleBasedAccessManagementDeleteTest" name="VerifyAuditTrailReportForApprove" time="52.933"/>
</testsuite> <!-- com.tetherfi.test.RoleBasedAccessManagementDeleteTest -->
