<?xml version="1.0" encoding="UTF-8"?>
<!-- Generated by org.testng.reporters.JUnitReportReporter -->
<testsuite hostname="DESKTOP-O6A5C2O" failures="0" tests="9" name="com.tetherfi.test.fax.FaxTemplateCreateTest" time="539.337" errors="0" timestamp="2020-03-18T01:10:35 IST" skipped="0">
  <testcase classname="com.tetherfi.test.fax.FaxTemplateCreateTest" name="addApproveRecord" time="46.292"/>
  <testcase classname="com.tetherfi.test.fax.FaxTemplateCreateTest" name="VerifyAuditTrailReportForApproveRecord" time="80.613"/>
  <testcase classname="com.tetherfi.test.fax.FaxTemplateCreateTest" name="VerifyAuditTrailDataForApproveRecord" time="44.541"/>
  <testcase classname="com.tetherfi.test.fax.FaxTemplateCreateTest" name="VerifySendForApprovalAddNewApproveRecord" time="54.476"/>
  <testcase classname="com.tetherfi.test.fax.FaxTemplateCreateTest" name="VerifyAuditTrailReportForSendForApproval" time="77.980"/>
  <testcase classname="com.tetherfi.test.fax.FaxTemplateCreateTest" name="ApproveForAddNewFaxTemplateRecord" time="57.223"/>
  <testcase classname="com.tetherfi.test.fax.FaxTemplateCreateTest" name="VerifyAuditTrailReportForApprove" time="72.364"/>
  <testcase classname="com.tetherfi.test.fax.FaxTemplateCreateTest" name="VerifyApprovedDataSectionAfterApproval" time="51.780"/>
  <testcase classname="com.tetherfi.test.fax.FaxTemplateCreateTest" name="addDuplicateRecord" time="54.068"/>
</testsuite> <!-- com.tetherfi.test.fax.FaxTemplateCreateTest -->
