<?xml version="1.0" encoding="UTF-8"?>
<!-- Generated by org.testng.reporters.JUnitReportReporter -->
<testsuite hostname="DESKTOP-O6A5C2O" failures="1" tests="16" name="com.tetherfi.test.UserRoleMappingUpdateTest" time="790.820" errors="0" timestamp="2020-01-07T12:45:08 IST" skipped="0">
  <testcase classname="com.tetherfi.test.UserRoleMappingUpdateTest" name="EditRecordWithoutModifyReason" time="56.277"/>
  <testcase classname="com.tetherfi.test.UserRoleMappingUpdateTest" name="EditCancelUserRoleMappingRecord" time="38.998"/>
  <testcase classname="com.tetherfi.test.UserRoleMappingUpdateTest" name="EditRevertUserRoleMappingRecord" time="47.896"/>
  <testcase classname="com.tetherfi.test.UserRoleMappingUpdateTest" name="VerifyRevertForEditRecord" time="44.049"/>
  <testcase classname="com.tetherfi.test.UserRoleMappingUpdateTest" name="VerifyAuditTrialReportForRevertUpdate" time="53.915"/>
  <testcase classname="com.tetherfi.test.UserRoleMappingUpdateTest" name="EditRejectRecord" time="43.913"/>
  <testcase classname="com.tetherfi.test.UserRoleMappingUpdateTest" name="VerifySendForApprovalForEditRejectRecord" time="47.591"/>
  <testcase classname="com.tetherfi.test.UserRoleMappingUpdateTest" name="RejectforEditUserRoleMappingRecord" time="45.702"/>
  <testcase classname="com.tetherfi.test.UserRoleMappingUpdateTest" name="VerifyAuditTrailReportForReject" time="56.706"/>
  <testcase classname="com.tetherfi.test.UserRoleMappingUpdateTest" name="EditUserRoleMappingRecord" time="44.120"/>
  <testcase classname="com.tetherfi.test.UserRoleMappingUpdateTest" name="VerifyAuditTrailDataForEditUserRoleMappingRecord" time="50.687">
    <failure message="Audit trail details failed did not expect to find [true] but found [false]" type="java.lang.AssertionError">
      <![CDATA[java.lang.AssertionError: Audit trail details failed did not expect to find [true] but found [false]
at org.testng.Assert.fail(Assert.java:97)
at org.testng.Assert.failNotEquals(Assert.java:969)
at org.testng.Assert.assertTrue(Assert.java:43)
at com.tetherfi.test.UserRoleMappingUpdateTest.VerifyAuditTrailDataForEditUserRoleMappingRecord(UserRoleMappingUpdateTest.java:165)
at java.base/jdk.internal.reflect.NativeMethodAccessorImpl.invoke0(Native Method)
at java.base/jdk.internal.reflect.NativeMethodAccessorImpl.invoke(Unknown Source)
at java.base/jdk.internal.reflect.DelegatingMethodAccessorImpl.invoke(Unknown Source)
at java.base/java.lang.reflect.Method.invoke(Unknown Source)
at org.testng.internal.MethodInvocationHelper.invokeMethod(MethodInvocationHelper.java:133)
at org.testng.internal.TestInvoker.invokeMethod(TestInvoker.java:584)
at org.testng.internal.TestInvoker.invokeTestMethod(TestInvoker.java:172)
at org.testng.internal.MethodRunner.runInSequence(MethodRunner.java:46)
at org.testng.internal.TestInvoker$MethodInvocationAgent.invoke(TestInvoker.java:804)
at org.testng.internal.TestInvoker.invokeTestMethods(TestInvoker.java:145)
at org.testng.internal.TestMethodWorker.invokeTestMethods(TestMethodWorker.java:146)
at org.testng.internal.TestMethodWorker.run(TestMethodWorker.java:128)
at java.base/java.util.ArrayList.forEach(Unknown Source)
at org.testng.TestRunner.privateRun(TestRunner.java:770)
at org.testng.TestRunner.run(TestRunner.java:591)
at org.testng.SuiteRunner.runTest(SuiteRunner.java:402)
at org.testng.SuiteRunner.runSequentially(SuiteRunner.java:396)
at org.testng.SuiteRunner.privateRun(SuiteRunner.java:355)
at org.testng.SuiteRunner.run(SuiteRunner.java:304)
at org.testng.SuiteRunnerWorker.runSuite(SuiteRunnerWorker.java:53)
at org.testng.SuiteRunnerWorker.run(SuiteRunnerWorker.java:96)
at org.testng.TestNG.runSuitesSequentially(TestNG.java:1180)
at org.testng.TestNG.runSuitesLocally(TestNG.java:1102)
at org.testng.TestNG.runSuites(TestNG.java:1032)
at org.testng.TestNG.run(TestNG.java:1000)
at org.testng.remote.AbstractRemoteTestNG.run(AbstractRemoteTestNG.java:115)
at org.testng.remote.RemoteTestNG.initAndRun(RemoteTestNG.java:251)
at org.testng.remote.RemoteTestNG.main(RemoteTestNG.java:77)
]]>
    </failure>
  </testcase> <!-- VerifyAuditTrailDataForEditUserRoleMappingRecord -->
  <testcase classname="com.tetherfi.test.UserRoleMappingUpdateTest" name="VerifyAuditTrialReportForUpdate" time="57.557"/>
  <testcase classname="com.tetherfi.test.UserRoleMappingUpdateTest" name="VerifySendForApprovalForEditRecord" time="44.115"/>
  <testcase classname="com.tetherfi.test.UserRoleMappingUpdateTest" name="VerifyAuditTrialReportForSendForApprovalUpdate" time="61.333"/>
  <testcase classname="com.tetherfi.test.UserRoleMappingUpdateTest" name="ApproveforEditUserRoleMappingRecord" time="43.637"/>
  <testcase classname="com.tetherfi.test.UserRoleMappingUpdateTest" name="VerifyAuditTrailReportForApprove" time="54.324"/>
</testsuite> <!-- com.tetherfi.test.UserRoleMappingUpdateTest -->
