<?xml version="1.0" encoding="UTF-8"?>
<!-- Generated by org.testng.reporters.JUnitReportReporter -->
<testsuite skipped="0" hostname="TTF-BLR-SANTOSHKOUJALAGI" name="com.tetherfi.test.ivr.HolidayListTest" tests="24" failures="5" timestamp="2021-10-19T08:02:23 IST" time="336.264" errors="0">
  <testcase name="HolidayListPage" time="7.560" classname="com.tetherfi.test.ivr.HolidayListTest"/>
  <testcase name="addNewHolidayListCancelRecord" time="10.823" classname="com.tetherfi.test.ivr.HolidayListTest"/>
  <testcase name="addNewHolidayListRecord" time="10.653" classname="com.tetherfi.test.ivr.HolidayListTest">
    <failure type="java.lang.AssertionError" message="HolidayList Record creation assertion failed expected [Record Created Successfully] but found [Record already exists between date range 30/12/2021 &amp; 31/12/2021]">
      <![CDATA[java.lang.AssertionError: HolidayList Record creation assertion failed expected [Record Created Successfully] but found [Record already exists between date range 30/12/2021 & 31/12/2021]
at org.testng.Assert.fail(Assert.java:97)
at org.testng.Assert.assertEqualsImpl(Assert.java:136)
at org.testng.Assert.assertEquals(Assert.java:118)
at org.testng.Assert.assertEquals(Assert.java:575)
at com.tetherfi.test.ivr.HolidayListTest.addNewHolidayListRecord(HolidayListTest.java:68)
at sun.reflect.NativeMethodAccessorImpl.invoke0(Native Method)
at sun.reflect.NativeMethodAccessorImpl.invoke(Unknown Source)
at sun.reflect.DelegatingMethodAccessorImpl.invoke(Unknown Source)
at java.lang.reflect.Method.invoke(Unknown Source)
at org.testng.internal.MethodInvocationHelper.invokeMethod(MethodInvocationHelper.java:133)
at org.testng.internal.TestInvoker.invokeMethod(TestInvoker.java:584)
at org.testng.internal.TestInvoker.invokeTestMethod(TestInvoker.java:172)
at org.testng.internal.MethodRunner.runInSequence(MethodRunner.java:46)
at org.testng.internal.TestInvoker$MethodInvocationAgent.invoke(TestInvoker.java:804)
at org.testng.internal.TestInvoker.invokeTestMethods(TestInvoker.java:145)
at org.testng.internal.TestMethodWorker.invokeTestMethods(TestMethodWorker.java:146)
at org.testng.internal.TestMethodWorker.run(TestMethodWorker.java:128)
at java.util.ArrayList.forEach(Unknown Source)
at org.testng.TestRunner.privateRun(TestRunner.java:770)
at org.testng.TestRunner.run(TestRunner.java:591)
at org.testng.SuiteRunner.runTest(SuiteRunner.java:402)
at org.testng.SuiteRunner.runSequentially(SuiteRunner.java:396)
at org.testng.SuiteRunner.privateRun(SuiteRunner.java:355)
at org.testng.SuiteRunner.run(SuiteRunner.java:304)
at org.testng.SuiteRunnerWorker.runSuite(SuiteRunnerWorker.java:53)
at org.testng.SuiteRunnerWorker.run(SuiteRunnerWorker.java:96)
at org.testng.TestNG.runSuitesSequentially(TestNG.java:1180)
at org.testng.TestNG.runSuitesLocally(TestNG.java:1102)
at org.testng.TestNG.runSuites(TestNG.java:1032)
at org.testng.TestNG.run(TestNG.java:1000)
at org.testng.remote.AbstractRemoteTestNG.run(AbstractRemoteTestNG.java:115)
at org.testng.remote.RemoteTestNG.initAndRun(RemoteTestNG.java:251)
at org.testng.remote.RemoteTestNG.main(RemoteTestNG.java:77)
]]>
    </failure>
  </testcase> <!-- addNewHolidayListRecord -->
  <testcase name="AddDifferntVDNWithSameHoliday" time="10.755" classname="com.tetherfi.test.ivr.HolidayListTest"/>
  <testcase name="AddDifferentAnnouncedHolidayWithSameVDN" time="13.307" classname="com.tetherfi.test.ivr.HolidayListTest">
    <failure type="java.lang.AssertionError" message="HolidayList Record creation assertion failed expected [Record Created Successfully] but found [Record already exists between date range 21/12/2021 &amp; 22/12/2021]">
      <![CDATA[java.lang.AssertionError: HolidayList Record creation assertion failed expected [Record Created Successfully] but found [Record already exists between date range 21/12/2021 & 22/12/2021]
at org.testng.Assert.fail(Assert.java:97)
at org.testng.Assert.assertEqualsImpl(Assert.java:136)
at org.testng.Assert.assertEquals(Assert.java:118)
at org.testng.Assert.assertEquals(Assert.java:575)
at com.tetherfi.test.ivr.HolidayListTest.AddDifferentAnnouncedHolidayWithSameVDN(HolidayListTest.java:88)
at sun.reflect.NativeMethodAccessorImpl.invoke0(Native Method)
at sun.reflect.NativeMethodAccessorImpl.invoke(Unknown Source)
at sun.reflect.DelegatingMethodAccessorImpl.invoke(Unknown Source)
at java.lang.reflect.Method.invoke(Unknown Source)
at org.testng.internal.MethodInvocationHelper.invokeMethod(MethodInvocationHelper.java:133)
at org.testng.internal.TestInvoker.invokeMethod(TestInvoker.java:584)
at org.testng.internal.TestInvoker.invokeTestMethod(TestInvoker.java:172)
at org.testng.internal.MethodRunner.runInSequence(MethodRunner.java:46)
at org.testng.internal.TestInvoker$MethodInvocationAgent.invoke(TestInvoker.java:804)
at org.testng.internal.TestInvoker.invokeTestMethods(TestInvoker.java:145)
at org.testng.internal.TestMethodWorker.invokeTestMethods(TestMethodWorker.java:146)
at org.testng.internal.TestMethodWorker.run(TestMethodWorker.java:128)
at java.util.ArrayList.forEach(Unknown Source)
at org.testng.TestRunner.privateRun(TestRunner.java:770)
at org.testng.TestRunner.run(TestRunner.java:591)
at org.testng.SuiteRunner.runTest(SuiteRunner.java:402)
at org.testng.SuiteRunner.runSequentially(SuiteRunner.java:396)
at org.testng.SuiteRunner.privateRun(SuiteRunner.java:355)
at org.testng.SuiteRunner.run(SuiteRunner.java:304)
at org.testng.SuiteRunnerWorker.runSuite(SuiteRunnerWorker.java:53)
at org.testng.SuiteRunnerWorker.run(SuiteRunnerWorker.java:96)
at org.testng.TestNG.runSuitesSequentially(TestNG.java:1180)
at org.testng.TestNG.runSuitesLocally(TestNG.java:1102)
at org.testng.TestNG.runSuites(TestNG.java:1032)
at org.testng.TestNG.run(TestNG.java:1000)
at org.testng.remote.AbstractRemoteTestNG.run(AbstractRemoteTestNG.java:115)
at org.testng.remote.RemoteTestNG.initAndRun(RemoteTestNG.java:251)
at org.testng.remote.RemoteTestNG.main(RemoteTestNG.java:77)
]]>
    </failure>
  </testcase> <!-- AddDifferentAnnouncedHolidayWithSameVDN -->
  <testcase name="AddSameHolidaySameVDNdifferentDate" time="10.466" classname="com.tetherfi.test.ivr.HolidayListTest">
    <failure type="java.lang.AssertionError" message="HolidayList Record creation assertion failed expected [Record Created Successfully] but found [Record already exists between date range 16/12/2021 &amp; 17/12/2021]">
      <![CDATA[java.lang.AssertionError: HolidayList Record creation assertion failed expected [Record Created Successfully] but found [Record already exists between date range 16/12/2021 & 17/12/2021]
at org.testng.Assert.fail(Assert.java:97)
at org.testng.Assert.assertEqualsImpl(Assert.java:136)
at org.testng.Assert.assertEquals(Assert.java:118)
at org.testng.Assert.assertEquals(Assert.java:575)
at com.tetherfi.test.ivr.HolidayListTest.AddSameHolidaySameVDNdifferentDate(HolidayListTest.java:98)
at sun.reflect.NativeMethodAccessorImpl.invoke0(Native Method)
at sun.reflect.NativeMethodAccessorImpl.invoke(Unknown Source)
at sun.reflect.DelegatingMethodAccessorImpl.invoke(Unknown Source)
at java.lang.reflect.Method.invoke(Unknown Source)
at org.testng.internal.MethodInvocationHelper.invokeMethod(MethodInvocationHelper.java:133)
at org.testng.internal.TestInvoker.invokeMethod(TestInvoker.java:584)
at org.testng.internal.TestInvoker.invokeTestMethod(TestInvoker.java:172)
at org.testng.internal.MethodRunner.runInSequence(MethodRunner.java:46)
at org.testng.internal.TestInvoker$MethodInvocationAgent.invoke(TestInvoker.java:804)
at org.testng.internal.TestInvoker.invokeTestMethods(TestInvoker.java:145)
at org.testng.internal.TestMethodWorker.invokeTestMethods(TestMethodWorker.java:146)
at org.testng.internal.TestMethodWorker.run(TestMethodWorker.java:128)
at java.util.ArrayList.forEach(Unknown Source)
at org.testng.TestRunner.privateRun(TestRunner.java:770)
at org.testng.TestRunner.run(TestRunner.java:591)
at org.testng.SuiteRunner.runTest(SuiteRunner.java:402)
at org.testng.SuiteRunner.runSequentially(SuiteRunner.java:396)
at org.testng.SuiteRunner.privateRun(SuiteRunner.java:355)
at org.testng.SuiteRunner.run(SuiteRunner.java:304)
at org.testng.SuiteRunnerWorker.runSuite(SuiteRunnerWorker.java:53)
at org.testng.SuiteRunnerWorker.run(SuiteRunnerWorker.java:96)
at org.testng.TestNG.runSuitesSequentially(TestNG.java:1180)
at org.testng.TestNG.runSuitesLocally(TestNG.java:1102)
at org.testng.TestNG.runSuites(TestNG.java:1032)
at org.testng.TestNG.run(TestNG.java:1000)
at org.testng.remote.AbstractRemoteTestNG.run(AbstractRemoteTestNG.java:115)
at org.testng.remote.RemoteTestNG.initAndRun(RemoteTestNG.java:251)
at org.testng.remote.RemoteTestNG.main(RemoteTestNG.java:77)
]]>
    </failure>
  </testcase> <!-- AddSameHolidaySameVDNdifferentDate -->
  <testcase name="AddDifferentHolidaySameDateSameVDN" time="10.727" classname="com.tetherfi.test.ivr.HolidayListTest">
    <failure type="java.lang.AssertionError" message="HolidayList Record creation assertion failed expected [Record Created Successfully] but found [Record already exists between date range 10/12/2021 &amp; 10/12/2021]">
      <![CDATA[java.lang.AssertionError: HolidayList Record creation assertion failed expected [Record Created Successfully] but found [Record already exists between date range 10/12/2021 & 10/12/2021]
at org.testng.Assert.fail(Assert.java:97)
at org.testng.Assert.assertEqualsImpl(Assert.java:136)
at org.testng.Assert.assertEquals(Assert.java:118)
at org.testng.Assert.assertEquals(Assert.java:575)
at com.tetherfi.test.ivr.HolidayListTest.AddDifferentHolidaySameDateSameVDN(HolidayListTest.java:108)
at sun.reflect.NativeMethodAccessorImpl.invoke0(Native Method)
at sun.reflect.NativeMethodAccessorImpl.invoke(Unknown Source)
at sun.reflect.DelegatingMethodAccessorImpl.invoke(Unknown Source)
at java.lang.reflect.Method.invoke(Unknown Source)
at org.testng.internal.MethodInvocationHelper.invokeMethod(MethodInvocationHelper.java:133)
at org.testng.internal.TestInvoker.invokeMethod(TestInvoker.java:584)
at org.testng.internal.TestInvoker.invokeTestMethod(TestInvoker.java:172)
at org.testng.internal.MethodRunner.runInSequence(MethodRunner.java:46)
at org.testng.internal.TestInvoker$MethodInvocationAgent.invoke(TestInvoker.java:804)
at org.testng.internal.TestInvoker.invokeTestMethods(TestInvoker.java:145)
at org.testng.internal.TestMethodWorker.invokeTestMethods(TestMethodWorker.java:146)
at org.testng.internal.TestMethodWorker.run(TestMethodWorker.java:128)
at java.util.ArrayList.forEach(Unknown Source)
at org.testng.TestRunner.privateRun(TestRunner.java:770)
at org.testng.TestRunner.run(TestRunner.java:591)
at org.testng.SuiteRunner.runTest(SuiteRunner.java:402)
at org.testng.SuiteRunner.runSequentially(SuiteRunner.java:396)
at org.testng.SuiteRunner.privateRun(SuiteRunner.java:355)
at org.testng.SuiteRunner.run(SuiteRunner.java:304)
at org.testng.SuiteRunnerWorker.runSuite(SuiteRunnerWorker.java:53)
at org.testng.SuiteRunnerWorker.run(SuiteRunnerWorker.java:96)
at org.testng.TestNG.runSuitesSequentially(TestNG.java:1180)
at org.testng.TestNG.runSuitesLocally(TestNG.java:1102)
at org.testng.TestNG.runSuites(TestNG.java:1032)
at org.testng.TestNG.run(TestNG.java:1000)
at org.testng.remote.AbstractRemoteTestNG.run(AbstractRemoteTestNG.java:115)
at org.testng.remote.RemoteTestNG.initAndRun(RemoteTestNG.java:251)
at org.testng.remote.RemoteTestNG.main(RemoteTestNG.java:77)
]]>
    </failure>
  </testcase> <!-- AddDifferentHolidaySameDateSameVDN -->
  <testcase name="AddDifferentDatesSameTimeSameVDN" time="10.160" classname="com.tetherfi.test.ivr.HolidayListTest">
    <failure type="java.lang.AssertionError" message="HolidayList Record creation assertion failed expected [Record Created Successfully] but found [Record already exists between date range 18/12/2021 &amp; 19/12/2021]">
      <![CDATA[java.lang.AssertionError: HolidayList Record creation assertion failed expected [Record Created Successfully] but found [Record already exists between date range 18/12/2021 & 19/12/2021]
at org.testng.Assert.fail(Assert.java:97)
at org.testng.Assert.assertEqualsImpl(Assert.java:136)
at org.testng.Assert.assertEquals(Assert.java:118)
at org.testng.Assert.assertEquals(Assert.java:575)
at com.tetherfi.test.ivr.HolidayListTest.AddDifferentDatesSameTimeSameVDN(HolidayListTest.java:118)
at sun.reflect.NativeMethodAccessorImpl.invoke0(Native Method)
at sun.reflect.NativeMethodAccessorImpl.invoke(Unknown Source)
at sun.reflect.DelegatingMethodAccessorImpl.invoke(Unknown Source)
at java.lang.reflect.Method.invoke(Unknown Source)
at org.testng.internal.MethodInvocationHelper.invokeMethod(MethodInvocationHelper.java:133)
at org.testng.internal.TestInvoker.invokeMethod(TestInvoker.java:584)
at org.testng.internal.TestInvoker.invokeTestMethod(TestInvoker.java:172)
at org.testng.internal.MethodRunner.runInSequence(MethodRunner.java:46)
at org.testng.internal.TestInvoker$MethodInvocationAgent.invoke(TestInvoker.java:804)
at org.testng.internal.TestInvoker.invokeTestMethods(TestInvoker.java:145)
at org.testng.internal.TestMethodWorker.invokeTestMethods(TestMethodWorker.java:146)
at org.testng.internal.TestMethodWorker.run(TestMethodWorker.java:128)
at java.util.ArrayList.forEach(Unknown Source)
at org.testng.TestRunner.privateRun(TestRunner.java:770)
at org.testng.TestRunner.run(TestRunner.java:591)
at org.testng.SuiteRunner.runTest(SuiteRunner.java:402)
at org.testng.SuiteRunner.runSequentially(SuiteRunner.java:396)
at org.testng.SuiteRunner.privateRun(SuiteRunner.java:355)
at org.testng.SuiteRunner.run(SuiteRunner.java:304)
at org.testng.SuiteRunnerWorker.runSuite(SuiteRunnerWorker.java:53)
at org.testng.SuiteRunnerWorker.run(SuiteRunnerWorker.java:96)
at org.testng.TestNG.runSuitesSequentially(TestNG.java:1180)
at org.testng.TestNG.runSuitesLocally(TestNG.java:1102)
at org.testng.TestNG.runSuites(TestNG.java:1032)
at org.testng.TestNG.run(TestNG.java:1000)
at org.testng.remote.AbstractRemoteTestNG.run(AbstractRemoteTestNG.java:115)
at org.testng.remote.RemoteTestNG.initAndRun(RemoteTestNG.java:251)
at org.testng.remote.RemoteTestNG.main(RemoteTestNG.java:77)
]]>
    </failure>
  </testcase> <!-- AddDifferentDatesSameTimeSameVDN -->
  <testcase name="AddSameDatesSameTime" time="11.101" classname="com.tetherfi.test.ivr.HolidayListTest"/>
  <testcase name="AddDuplicateRecord" time="10.841" classname="com.tetherfi.test.ivr.HolidayListTest"/>
  <testcase name="AddEmptyRecord" time="7.984" classname="com.tetherfi.test.ivr.HolidayListTest"/>
  <testcase name="AddWithoutAnnuncedHoliday" time="13.852" classname="com.tetherfi.test.ivr.HolidayListTest"/>
  <testcase name="AddWithoutStartDate" time="12.707" classname="com.tetherfi.test.ivr.HolidayListTest"/>
  <testcase name="AddWithoutStartTime" time="18.278" classname="com.tetherfi.test.ivr.HolidayListTest"/>
  <testcase name="AddWithoutEndDate" time="13.501" classname="com.tetherfi.test.ivr.HolidayListTest"/>
  <testcase name="AddWithoutEndTime" time="12.311" classname="com.tetherfi.test.ivr.HolidayListTest"/>
  <testcase name="AddWithoutVDN" time="12.009" classname="com.tetherfi.test.ivr.HolidayListTest"/>
  <testcase name="ExportToExcel" time="10.739" classname="com.tetherfi.test.ivr.HolidayListTest"/>
  <testcase name="ExportToExcelData" time="16.766" classname="com.tetherfi.test.ivr.HolidayListTest"/>
  <testcase name="editHolidayListRecord" time="27.886" classname="com.tetherfi.test.ivr.HolidayListTest"/>
  <testcase name="editLeavingFielsBlank" time="14.970" classname="com.tetherfi.test.ivr.HolidayListTest"/>
  <testcase name="DeleteHolidayListRecord" time="31.446" classname="com.tetherfi.test.ivr.HolidayListTest"/>
  <testcase name="ExporttoExcelWithoutData" time="14.412" classname="com.tetherfi.test.ivr.HolidayListTest"/>
  <testcase name="database" time="23.010" classname="com.tetherfi.test.ivr.HolidayListTest"/>
</testsuite> <!-- com.tetherfi.test.ivr.HolidayListTest -->
