<?xml version="1.0" encoding="UTF-8"?>
<!-- Generated by org.testng.reporters.JUnitReportReporter -->
<testsuite hostname="DESKTOP-O6A5C2O" failures="1" tests="27" name="com.tetherfi.test.sms.SmsResponseTemplateUITest" time="548.458" errors="3" timestamp="2020-04-12T10:09:02 IST" skipped="0">
  <testcase classname="com.tetherfi.test.sms.SmsResponseTemplateUITest" name="SmsResponseTemplatePage" time="7.623"/>
  <testcase classname="com.tetherfi.test.sms.SmsResponseTemplateUITest" name="VerifySmsResponseTemplateApprovedDataPage" time="7.717"/>
  <testcase classname="com.tetherfi.test.sms.SmsResponseTemplateUITest" name="VerifySmsResponseTemplateAuditTrailDataPage" time="14.056"/>
  <testcase classname="com.tetherfi.test.sms.SmsResponseTemplateUITest" name="VerifyMakeSmsResponseTemplateChangeButton" time="18.245"/>
  <testcase classname="com.tetherfi.test.sms.SmsResponseTemplateUITest" name="VerifyDropdownForAllTheColumns" time="71.562"/>
  <testcase classname="com.tetherfi.test.sms.SmsResponseTemplateUITest" name="VerifyColumnsHeaderEnable" time="23.759"/>
  <testcase classname="com.tetherfi.test.sms.SmsResponseTemplateUITest" name="VerifyColumnsHeaderDisable" time="24.728"/>
  <testcase classname="com.tetherfi.test.sms.SmsResponseTemplateUITest" name="VerifyArrowMoveForPreviousAndNextPage" time="17.613"/>
  <testcase classname="com.tetherfi.test.sms.SmsResponseTemplateUITest" name="VerifyArrowMoveForFirstAndLastPage" time="17.697"/>
  <testcase classname="com.tetherfi.test.sms.SmsResponseTemplateUITest" name="VerifyTotalNumberOfItemsPerPageDetails" time="17.598">
    <failure message="item per page assertion failed did not expect to find [true] but found [false]" type="java.lang.AssertionError">
      <![CDATA[java.lang.AssertionError: item per page assertion failed did not expect to find [true] but found [false]
at org.testng.Assert.fail(Assert.java:97)
at org.testng.Assert.failNotEquals(Assert.java:969)
at org.testng.Assert.assertTrue(Assert.java:43)
at com.tetherfi.test.sms.SmsResponseTemplateUITest.VerifyTotalNumberOfItemsPerPageDetails(SmsResponseTemplateUITest.java:118)
at java.base/jdk.internal.reflect.NativeMethodAccessorImpl.invoke0(Native Method)
at java.base/jdk.internal.reflect.NativeMethodAccessorImpl.invoke(Unknown Source)
at java.base/jdk.internal.reflect.DelegatingMethodAccessorImpl.invoke(Unknown Source)
at java.base/java.lang.reflect.Method.invoke(Unknown Source)
at org.testng.internal.MethodInvocationHelper.invokeMethod(MethodInvocationHelper.java:133)
at org.testng.internal.TestInvoker.invokeMethod(TestInvoker.java:584)
at org.testng.internal.TestInvoker.invokeTestMethod(TestInvoker.java:172)
at org.testng.internal.MethodRunner.runInSequence(MethodRunner.java:46)
at org.testng.internal.TestInvoker$MethodInvocationAgent.invoke(TestInvoker.java:804)
at org.testng.internal.TestInvoker.invokeTestMethods(TestInvoker.java:145)
at org.testng.internal.TestMethodWorker.invokeTestMethods(TestMethodWorker.java:146)
at org.testng.internal.TestMethodWorker.run(TestMethodWorker.java:128)
at java.base/java.util.ArrayList.forEach(Unknown Source)
at org.testng.TestRunner.privateRun(TestRunner.java:770)
at org.testng.TestRunner.run(TestRunner.java:591)
at org.testng.SuiteRunner.runTest(SuiteRunner.java:402)
at org.testng.SuiteRunner.runSequentially(SuiteRunner.java:396)
at org.testng.SuiteRunner.privateRun(SuiteRunner.java:355)
at org.testng.SuiteRunner.run(SuiteRunner.java:304)
at org.testng.SuiteRunnerWorker.runSuite(SuiteRunnerWorker.java:53)
at org.testng.SuiteRunnerWorker.run(SuiteRunnerWorker.java:96)
at org.testng.TestNG.runSuitesSequentially(TestNG.java:1180)
at org.testng.TestNG.runSuitesLocally(TestNG.java:1102)
at org.testng.TestNG.runSuites(TestNG.java:1032)
at org.testng.TestNG.run(TestNG.java:1000)
at org.testng.remote.AbstractRemoteTestNG.run(AbstractRemoteTestNG.java:115)
at org.testng.remote.RemoteTestNG.initAndRun(RemoteTestNG.java:251)
at org.testng.remote.RemoteTestNG.main(RemoteTestNG.java:77)
]]>
    </failure>
  </testcase> <!-- VerifyTotalNumberOfItemsPerPageDetails -->
  <testcase classname="com.tetherfi.test.sms.SmsResponseTemplateUITest" name="VerifyNumberOfItemsPerPageSelection" time="25.021"/>
  <testcase classname="com.tetherfi.test.sms.SmsResponseTemplateUITest" name="ExportToExcel" time="19.257"/>
  <testcase classname="com.tetherfi.test.sms.SmsResponseTemplateUITest" name="ExportToExcelData" time="21.212"/>
  <testcase classname="com.tetherfi.test.sms.SmsResponseTemplateUITest" name="VerifyExportToExcelWithoutData" time="22.291"/>
  <testcase classname="com.tetherfi.test.sms.SmsResponseTemplateUITest" name="SortingByAscending" time="24.653"/>
  <testcase classname="com.tetherfi.test.sms.SmsResponseTemplateUITest" name="SortingByDescending" time="26.067"/>
  <testcase classname="com.tetherfi.test.sms.SmsResponseTemplateUITest" name="VerifyDragAndDrop" time="18.806"/>
  <testcase classname="com.tetherfi.test.sms.SmsResponseTemplateUITest" name="VerifyDragAndDropofAlreadyGroupedHeader" time="18.131"/>
  <testcase classname="com.tetherfi.test.sms.SmsResponseTemplateUITest" name="database" time="6.617">
    <error type="java.lang.NullPointerException">
      <![CDATA[java.lang.NullPointerException
at com.tetherfi.utility.ExcelReader.getTestData(ExcelReader.java:99)
at com.tetherfi.test.sms.SmsResponseTemplateUITest.database(SmsResponseTemplateUITest.java:203)
at java.base/jdk.internal.reflect.NativeMethodAccessorImpl.invoke0(Native Method)
at java.base/jdk.internal.reflect.NativeMethodAccessorImpl.invoke(Unknown Source)
at java.base/jdk.internal.reflect.DelegatingMethodAccessorImpl.invoke(Unknown Source)
at java.base/java.lang.reflect.Method.invoke(Unknown Source)
at org.testng.internal.MethodInvocationHelper.invokeMethod(MethodInvocationHelper.java:133)
at org.testng.internal.TestInvoker.invokeMethod(TestInvoker.java:584)
at org.testng.internal.TestInvoker.invokeTestMethod(TestInvoker.java:172)
at org.testng.internal.MethodRunner.runInSequence(MethodRunner.java:46)
at org.testng.internal.TestInvoker$MethodInvocationAgent.invoke(TestInvoker.java:804)
at org.testng.internal.TestInvoker.invokeTestMethods(TestInvoker.java:145)
at org.testng.internal.TestMethodWorker.invokeTestMethods(TestMethodWorker.java:146)
at org.testng.internal.TestMethodWorker.run(TestMethodWorker.java:128)
at java.base/java.util.ArrayList.forEach(Unknown Source)
at org.testng.TestRunner.privateRun(TestRunner.java:770)
at org.testng.TestRunner.run(TestRunner.java:591)
at org.testng.SuiteRunner.runTest(SuiteRunner.java:402)
at org.testng.SuiteRunner.runSequentially(SuiteRunner.java:396)
at org.testng.SuiteRunner.privateRun(SuiteRunner.java:355)
at org.testng.SuiteRunner.run(SuiteRunner.java:304)
at org.testng.SuiteRunnerWorker.runSuite(SuiteRunnerWorker.java:53)
at org.testng.SuiteRunnerWorker.run(SuiteRunnerWorker.java:96)
at org.testng.TestNG.runSuitesSequentially(TestNG.java:1180)
at org.testng.TestNG.runSuitesLocally(TestNG.java:1102)
at org.testng.TestNG.runSuites(TestNG.java:1032)
at org.testng.TestNG.run(TestNG.java:1000)
at org.testng.remote.AbstractRemoteTestNG.run(AbstractRemoteTestNG.java:115)
at org.testng.remote.RemoteTestNG.initAndRun(RemoteTestNG.java:251)
at org.testng.remote.RemoteTestNG.main(RemoteTestNG.java:77)
]]>
    </error>
  </testcase> <!-- database -->
  <testcase classname="com.tetherfi.test.sms.SmsResponseTemplateUITest" name="searchPage" time="11.068"/>
  <testcase classname="com.tetherfi.test.sms.SmsResponseTemplateUITest" name="searchwithoutSearchTextbox" time="9.484">
    <error message="stale element reference: element is not attached to the page document
  (Session info: chrome=80.0.3987.163)
For documentation on this error, please visit: https://www.seleniumhq.org/exceptions/stale_element_reference.html
Build info: version: &#039;3.141.59&#039;, revision: &#039;e82be7d358&#039;, time: &#039;2018-11-14T08:17:03&#039;
System info: host: &#039;DESKTOP-O6A5C2O&#039;, ip: &#039;10.0.75.1&#039;, os.name: &#039;Windows 10&#039;, os.arch: &#039;amd64&#039;, os.version: &#039;10.0&#039;, java.version: &#039;9.0.4&#039;
Driver info: org.openqa.selenium.chrome.ChromeDriver
Capabilities {acceptInsecureCerts: false, browserName: chrome, browserVersion: 80.0.3987.163, chrome: {chromedriverVersion: 80.0.3987.106 (f68069574609..., userDataDir: C:\Users\admin\AppData\Loca...}, goog:chromeOptions: {debuggerAddress: localhost:50677}, javascriptEnabled: true, networkConnectionEnabled: false, pageLoadStrategy: normal, platform: WINDOWS, platformName: WINDOWS, proxy: Proxy(), setWindowRect: true, strictFileInteractability: false, timeouts: {implicit: 0, pageLoad: 300000, script: 30000}, unhandledPromptBehavior: dismiss and notify}
Session ID: 62cdf20258e1b2575f5beddeacee3be2" type="org.openqa.selenium.StaleElementReferenceException">
      <![CDATA[org.openqa.selenium.StaleElementReferenceException: stale element reference: element is not attached to the page document
  (Session info: chrome=80.0.3987.163)
For documentation on this error, please visit: https://www.seleniumhq.org/exceptions/stale_element_reference.html
Build info: version: '3.141.59', revision: 'e82be7d358', time: '2018-11-14T08:17:03'
System info: host: 'DESKTOP-O6A5C2O', ip: '10.0.75.1', os.name: 'Windows 10', os.arch: 'amd64', os.version: '10.0', java.version: '9.0.4'
Driver info: org.openqa.selenium.chrome.ChromeDriver
Capabilities {acceptInsecureCerts: false, browserName: chrome, browserVersion: 80.0.3987.163, chrome: {chromedriverVersion: 80.0.3987.106 (f68069574609..., userDataDir: C:\Users\admin\AppData\Loca...}, goog:chromeOptions: {debuggerAddress: localhost:50677}, javascriptEnabled: true, networkConnectionEnabled: false, pageLoadStrategy: normal, platform: WINDOWS, platformName: WINDOWS, proxy: Proxy(), setWindowRect: true, strictFileInteractability: false, timeouts: {implicit: 0, pageLoad: 300000, script: 30000}, unhandledPromptBehavior: dismiss and notify}
Session ID: 62cdf20258e1b2575f5beddeacee3be2
at java.base/jdk.internal.reflect.NativeConstructorAccessorImpl.newInstance0(Native Method)
at java.base/jdk.internal.reflect.NativeConstructorAccessorImpl.newInstance(Unknown Source)
at java.base/jdk.internal.reflect.DelegatingConstructorAccessorImpl.newInstance(Unknown Source)
at java.base/java.lang.reflect.Constructor.newInstance(Unknown Source)
at org.openqa.selenium.remote.http.W3CHttpResponseCodec.createException(W3CHttpResponseCodec.java:187)
at org.openqa.selenium.remote.http.W3CHttpResponseCodec.decode(W3CHttpResponseCodec.java:122)
at org.openqa.selenium.remote.http.W3CHttpResponseCodec.decode(W3CHttpResponseCodec.java:49)
at org.openqa.selenium.remote.HttpCommandExecutor.execute(HttpCommandExecutor.java:158)
at org.openqa.selenium.remote.service.DriverCommandExecutor.execute(DriverCommandExecutor.java:83)
at org.openqa.selenium.remote.RemoteWebDriver.execute(RemoteWebDriver.java:552)
at org.openqa.selenium.remote.RemoteWebElement.execute(RemoteWebElement.java:285)
at org.openqa.selenium.remote.RemoteWebElement.isDisplayed(RemoteWebElement.java:326)
at org.openqa.selenium.support.ui.ExpectedConditions.elementIfVisible(ExpectedConditions.java:314)
at org.openqa.selenium.support.ui.ExpectedConditions.access$000(ExpectedConditions.java:43)
at org.openqa.selenium.support.ui.ExpectedConditions$10.apply(ExpectedConditions.java:300)
at org.openqa.selenium.support.ui.ExpectedConditions$10.apply(ExpectedConditions.java:297)
at org.openqa.selenium.support.ui.FluentWait.until(FluentWait.java:249)
at com.tetherfi.pages.BasePage.waitUntilWebElementListIsVisible(BasePage.java:139)
at com.tetherfi.pages.BasePage.selectDropdownFromVisibleText(BasePage.java:335)
at com.tetherfi.pages.SmsResponseTemplatePage.searchwithoutextsearch(SmsResponseTemplatePage.java:743)
at com.tetherfi.test.sms.SmsResponseTemplateUITest.searchwithoutSearchTextbox(SmsResponseTemplateUITest.java:227)
at java.base/jdk.internal.reflect.NativeMethodAccessorImpl.invoke0(Native Method)
at java.base/jdk.internal.reflect.NativeMethodAccessorImpl.invoke(Unknown Source)
at java.base/jdk.internal.reflect.DelegatingMethodAccessorImpl.invoke(Unknown Source)
at java.base/java.lang.reflect.Method.invoke(Unknown Source)
at org.testng.internal.MethodInvocationHelper.invokeMethod(MethodInvocationHelper.java:133)
at org.testng.internal.TestInvoker.invokeMethod(TestInvoker.java:584)
at org.testng.internal.TestInvoker.invokeTestMethod(TestInvoker.java:172)
at org.testng.internal.MethodRunner.runInSequence(MethodRunner.java:46)
at org.testng.internal.TestInvoker$MethodInvocationAgent.invoke(TestInvoker.java:804)
at org.testng.internal.TestInvoker.invokeTestMethods(TestInvoker.java:145)
at org.testng.internal.TestMethodWorker.invokeTestMethods(TestMethodWorker.java:146)
at org.testng.internal.TestMethodWorker.run(TestMethodWorker.java:128)
at java.base/java.util.ArrayList.forEach(Unknown Source)
at org.testng.TestRunner.privateRun(TestRunner.java:770)
at org.testng.TestRunner.run(TestRunner.java:591)
at org.testng.SuiteRunner.runTest(SuiteRunner.java:402)
at org.testng.SuiteRunner.runSequentially(SuiteRunner.java:396)
at org.testng.SuiteRunner.privateRun(SuiteRunner.java:355)
at org.testng.SuiteRunner.run(SuiteRunner.java:304)
at org.testng.SuiteRunnerWorker.runSuite(SuiteRunnerWorker.java:53)
at org.testng.SuiteRunnerWorker.run(SuiteRunnerWorker.java:96)
at org.testng.TestNG.runSuitesSequentially(TestNG.java:1180)
at org.testng.TestNG.runSuitesLocally(TestNG.java:1102)
at org.testng.TestNG.runSuites(TestNG.java:1032)
at org.testng.TestNG.run(TestNG.java:1000)
at org.testng.remote.AbstractRemoteTestNG.run(AbstractRemoteTestNG.java:115)
at org.testng.remote.RemoteTestNG.initAndRun(RemoteTestNG.java:251)
at org.testng.remote.RemoteTestNG.main(RemoteTestNG.java:77)
]]>
    </error>
  </testcase> <!-- searchwithoutSearchTextbox -->
  <testcase classname="com.tetherfi.test.sms.SmsResponseTemplateUITest" name="SearchClearSearch" time="8.224">
    <error message="stale element reference: element is not attached to the page document
  (Session info: chrome=80.0.3987.163)
For documentation on this error, please visit: https://www.seleniumhq.org/exceptions/stale_element_reference.html
Build info: version: &#039;3.141.59&#039;, revision: &#039;e82be7d358&#039;, time: &#039;2018-11-14T08:17:03&#039;
System info: host: &#039;DESKTOP-O6A5C2O&#039;, ip: &#039;10.0.75.1&#039;, os.name: &#039;Windows 10&#039;, os.arch: &#039;amd64&#039;, os.version: &#039;10.0&#039;, java.version: &#039;9.0.4&#039;
Driver info: org.openqa.selenium.chrome.ChromeDriver
Capabilities {acceptInsecureCerts: false, browserName: chrome, browserVersion: 80.0.3987.163, chrome: {chromedriverVersion: 80.0.3987.106 (f68069574609..., userDataDir: C:\Users\admin\AppData\Loca...}, goog:chromeOptions: {debuggerAddress: localhost:50677}, javascriptEnabled: true, networkConnectionEnabled: false, pageLoadStrategy: normal, platform: WINDOWS, platformName: WINDOWS, proxy: Proxy(), setWindowRect: true, strictFileInteractability: false, timeouts: {implicit: 0, pageLoad: 300000, script: 30000}, unhandledPromptBehavior: dismiss and notify}
Session ID: 62cdf20258e1b2575f5beddeacee3be2" type="org.openqa.selenium.StaleElementReferenceException">
      <![CDATA[org.openqa.selenium.StaleElementReferenceException: stale element reference: element is not attached to the page document
  (Session info: chrome=80.0.3987.163)
For documentation on this error, please visit: https://www.seleniumhq.org/exceptions/stale_element_reference.html
Build info: version: '3.141.59', revision: 'e82be7d358', time: '2018-11-14T08:17:03'
System info: host: 'DESKTOP-O6A5C2O', ip: '10.0.75.1', os.name: 'Windows 10', os.arch: 'amd64', os.version: '10.0', java.version: '9.0.4'
Driver info: org.openqa.selenium.chrome.ChromeDriver
Capabilities {acceptInsecureCerts: false, browserName: chrome, browserVersion: 80.0.3987.163, chrome: {chromedriverVersion: 80.0.3987.106 (f68069574609..., userDataDir: C:\Users\admin\AppData\Loca...}, goog:chromeOptions: {debuggerAddress: localhost:50677}, javascriptEnabled: true, networkConnectionEnabled: false, pageLoadStrategy: normal, platform: WINDOWS, platformName: WINDOWS, proxy: Proxy(), setWindowRect: true, strictFileInteractability: false, timeouts: {implicit: 0, pageLoad: 300000, script: 30000}, unhandledPromptBehavior: dismiss and notify}
Session ID: 62cdf20258e1b2575f5beddeacee3be2
at java.base/jdk.internal.reflect.NativeConstructorAccessorImpl.newInstance0(Native Method)
at java.base/jdk.internal.reflect.NativeConstructorAccessorImpl.newInstance(Unknown Source)
at java.base/jdk.internal.reflect.DelegatingConstructorAccessorImpl.newInstance(Unknown Source)
at java.base/java.lang.reflect.Constructor.newInstance(Unknown Source)
at org.openqa.selenium.remote.http.W3CHttpResponseCodec.createException(W3CHttpResponseCodec.java:187)
at org.openqa.selenium.remote.http.W3CHttpResponseCodec.decode(W3CHttpResponseCodec.java:122)
at org.openqa.selenium.remote.http.W3CHttpResponseCodec.decode(W3CHttpResponseCodec.java:49)
at org.openqa.selenium.remote.HttpCommandExecutor.execute(HttpCommandExecutor.java:158)
at org.openqa.selenium.remote.service.DriverCommandExecutor.execute(DriverCommandExecutor.java:83)
at org.openqa.selenium.remote.RemoteWebDriver.execute(RemoteWebDriver.java:552)
at org.openqa.selenium.remote.RemoteWebElement.execute(RemoteWebElement.java:285)
at org.openqa.selenium.remote.RemoteWebElement.isDisplayed(RemoteWebElement.java:326)
at org.openqa.selenium.support.ui.ExpectedConditions.elementIfVisible(ExpectedConditions.java:314)
at org.openqa.selenium.support.ui.ExpectedConditions.access$000(ExpectedConditions.java:43)
at org.openqa.selenium.support.ui.ExpectedConditions$10.apply(ExpectedConditions.java:300)
at org.openqa.selenium.support.ui.ExpectedConditions$10.apply(ExpectedConditions.java:297)
at org.openqa.selenium.support.ui.FluentWait.until(FluentWait.java:249)
at com.tetherfi.pages.BasePage.waitUntilWebElementListIsVisible(BasePage.java:139)
at com.tetherfi.pages.BasePage.selectDropdownFromVisibleText(BasePage.java:335)
at com.tetherfi.pages.SmsResponseTemplatePage.searchSmsResponseTemplateRecordApprovedData(SmsResponseTemplatePage.java:914)
at com.tetherfi.pages.SmsResponseTemplatePage.verifyApprovedSectionData(SmsResponseTemplatePage.java:795)
at com.tetherfi.test.sms.SmsResponseTemplateUITest.SearchClearSearch(SmsResponseTemplateUITest.java:238)
at java.base/jdk.internal.reflect.NativeMethodAccessorImpl.invoke0(Native Method)
at java.base/jdk.internal.reflect.NativeMethodAccessorImpl.invoke(Unknown Source)
at java.base/jdk.internal.reflect.DelegatingMethodAccessorImpl.invoke(Unknown Source)
at java.base/java.lang.reflect.Method.invoke(Unknown Source)
at org.testng.internal.MethodInvocationHelper.invokeMethod(MethodInvocationHelper.java:133)
at org.testng.internal.TestInvoker.invokeMethod(TestInvoker.java:584)
at org.testng.internal.TestInvoker.invokeTestMethod(TestInvoker.java:172)
at org.testng.internal.MethodRunner.runInSequence(MethodRunner.java:46)
at org.testng.internal.TestInvoker$MethodInvocationAgent.invoke(TestInvoker.java:804)
at org.testng.internal.TestInvoker.invokeTestMethods(TestInvoker.java:145)
at org.testng.internal.TestMethodWorker.invokeTestMethods(TestMethodWorker.java:146)
at org.testng.internal.TestMethodWorker.run(TestMethodWorker.java:128)
at java.base/java.util.ArrayList.forEach(Unknown Source)
at org.testng.TestRunner.privateRun(TestRunner.java:770)
at org.testng.TestRunner.run(TestRunner.java:591)
at org.testng.SuiteRunner.runTest(SuiteRunner.java:402)
at org.testng.SuiteRunner.runSequentially(SuiteRunner.java:396)
at org.testng.SuiteRunner.privateRun(SuiteRunner.java:355)
at org.testng.SuiteRunner.run(SuiteRunner.java:304)
at org.testng.SuiteRunnerWorker.runSuite(SuiteRunnerWorker.java:53)
at org.testng.SuiteRunnerWorker.run(SuiteRunnerWorker.java:96)
at org.testng.TestNG.runSuitesSequentially(TestNG.java:1180)
at org.testng.TestNG.runSuitesLocally(TestNG.java:1102)
at org.testng.TestNG.runSuites(TestNG.java:1032)
at org.testng.TestNG.run(TestNG.java:1000)
at org.testng.remote.AbstractRemoteTestNG.run(AbstractRemoteTestNG.java:115)
at org.testng.remote.RemoteTestNG.initAndRun(RemoteTestNG.java:251)
at org.testng.remote.RemoteTestNG.main(RemoteTestNG.java:77)
]]>
    </error>
  </testcase> <!-- SearchClearSearch -->
  <testcase classname="com.tetherfi.test.sms.SmsResponseTemplateUITest" name="VerifySearchIsNotEqualTo" time="26.083"/>
  <testcase classname="com.tetherfi.test.sms.SmsResponseTemplateUITest" name="VerifySearchContains" time="22.693"/>
  <testcase classname="com.tetherfi.test.sms.SmsResponseTemplateUITest" name="VerifySearchDoesNotContains" time="24.362"/>
  <testcase classname="com.tetherfi.test.sms.SmsResponseTemplateUITest" name="VerifySearchStartsWith" time="22.848"/>
  <testcase classname="com.tetherfi.test.sms.SmsResponseTemplateUITest" name="VerifySearchEndsWith" time="21.043"/>
</testsuite> <!-- com.tetherfi.test.sms.SmsResponseTemplateUITest -->
