<?xml version="1.0" encoding="UTF-8"?>
<!-- Generated by org.testng.reporters.JUnitReportReporter -->
<testsuite skipped="0" hostname="TTF-BLR-SANTOSHKOUJALAGI" name="com.tetherfi.test.UserRoleMappingUpdateTest" tests="16" failures="2" timestamp="2021-08-09T22:46:57 IST" time="729.138" errors="0">
  <testcase name="EditRecordWithoutModifyReason" time="41.642" classname="com.tetherfi.test.UserRoleMappingUpdateTest"/>
  <testcase name="EditCancelUserRoleMappingRecord" time="36.137" classname="com.tetherfi.test.UserRoleMappingUpdateTest">
    <failure type="java.lang.AssertionError" message="Edit Cancel assertion Failed did not expect to find [true] but found [false]">
      <![CDATA[java.lang.AssertionError: Edit Cancel assertion Failed did not expect to find [true] but found [false]
at org.testng.Assert.fail(Assert.java:97)
at org.testng.Assert.failNotEquals(Assert.java:969)
at org.testng.Assert.assertTrue(Assert.java:43)
at com.tetherfi.test.UserRoleMappingUpdateTest.EditCancelUserRoleMappingRecord(UserRoleMappingUpdateTest.java:70)
at sun.reflect.NativeMethodAccessorImpl.invoke0(Native Method)
at sun.reflect.NativeMethodAccessorImpl.invoke(Unknown Source)
at sun.reflect.DelegatingMethodAccessorImpl.invoke(Unknown Source)
at java.lang.reflect.Method.invoke(Unknown Source)
at org.testng.internal.MethodInvocationHelper.invokeMethod(MethodInvocationHelper.java:133)
at org.testng.internal.TestInvoker.invokeMethod(TestInvoker.java:584)
at org.testng.internal.TestInvoker.invokeTestMethod(TestInvoker.java:172)
at org.testng.internal.MethodRunner.runInSequence(MethodRunner.java:46)
at org.testng.internal.TestInvoker$MethodInvocationAgent.invoke(TestInvoker.java:804)
at org.testng.internal.TestInvoker.invokeTestMethods(TestInvoker.java:145)
at org.testng.internal.TestMethodWorker.invokeTestMethods(TestMethodWorker.java:146)
at org.testng.internal.TestMethodWorker.run(TestMethodWorker.java:128)
at java.util.ArrayList.forEach(Unknown Source)
at org.testng.TestRunner.privateRun(TestRunner.java:770)
at org.testng.TestRunner.run(TestRunner.java:591)
at org.testng.SuiteRunner.runTest(SuiteRunner.java:402)
at org.testng.SuiteRunner.runSequentially(SuiteRunner.java:396)
at org.testng.SuiteRunner.privateRun(SuiteRunner.java:355)
at org.testng.SuiteRunner.run(SuiteRunner.java:304)
at org.testng.SuiteRunnerWorker.runSuite(SuiteRunnerWorker.java:53)
at org.testng.SuiteRunnerWorker.run(SuiteRunnerWorker.java:96)
at org.testng.TestNG.runSuitesSequentially(TestNG.java:1180)
at org.testng.TestNG.runSuitesLocally(TestNG.java:1102)
at org.testng.TestNG.runSuites(TestNG.java:1032)
at org.testng.TestNG.run(TestNG.java:1000)
at org.testng.remote.AbstractRemoteTestNG.run(AbstractRemoteTestNG.java:115)
at org.testng.remote.RemoteTestNG.initAndRun(RemoteTestNG.java:251)
at org.testng.remote.RemoteTestNG.main(RemoteTestNG.java:77)
]]>
    </failure>
  </testcase> <!-- EditCancelUserRoleMappingRecord -->
  <testcase name="EditRevertUserRoleMappingRecord" time="42.988" classname="com.tetherfi.test.UserRoleMappingUpdateTest"/>
  <testcase name="VerifyRevertForEditRecord" time="41.411" classname="com.tetherfi.test.UserRoleMappingUpdateTest"/>
  <testcase name="VerifyAuditTrialReportForRevertUpdate" time="60.275" classname="com.tetherfi.test.UserRoleMappingUpdateTest"/>
  <testcase name="EditRejectRecord" time="41.196" classname="com.tetherfi.test.UserRoleMappingUpdateTest"/>
  <testcase name="VerifySendForApprovalForEditRejectRecord" time="38.200" classname="com.tetherfi.test.UserRoleMappingUpdateTest"/>
  <testcase name="RejectforEditUserRoleMappingRecord" time="39.316" classname="com.tetherfi.test.UserRoleMappingUpdateTest"/>
  <testcase name="VerifyAuditTrailReportForReject" time="60.783" classname="com.tetherfi.test.UserRoleMappingUpdateTest"/>
  <testcase name="EditUserRoleMappingRecord" time="43.552" classname="com.tetherfi.test.UserRoleMappingUpdateTest"/>
  <testcase name="VerifyAuditTrailDataForEditUserRoleMappingRecord" time="32.311" classname="com.tetherfi.test.UserRoleMappingUpdateTest">
    <failure type="java.lang.AssertionError" message="Audit trail details failed did not expect to find [true] but found [false]">
      <![CDATA[java.lang.AssertionError: Audit trail details failed did not expect to find [true] but found [false]
at org.testng.Assert.fail(Assert.java:97)
at org.testng.Assert.failNotEquals(Assert.java:969)
at org.testng.Assert.assertTrue(Assert.java:43)
at com.tetherfi.test.UserRoleMappingUpdateTest.VerifyAuditTrailDataForEditUserRoleMappingRecord(UserRoleMappingUpdateTest.java:166)
at sun.reflect.NativeMethodAccessorImpl.invoke0(Native Method)
at sun.reflect.NativeMethodAccessorImpl.invoke(Unknown Source)
at sun.reflect.DelegatingMethodAccessorImpl.invoke(Unknown Source)
at java.lang.reflect.Method.invoke(Unknown Source)
at org.testng.internal.MethodInvocationHelper.invokeMethod(MethodInvocationHelper.java:133)
at org.testng.internal.TestInvoker.invokeMethod(TestInvoker.java:584)
at org.testng.internal.TestInvoker.invokeTestMethod(TestInvoker.java:172)
at org.testng.internal.MethodRunner.runInSequence(MethodRunner.java:46)
at org.testng.internal.TestInvoker$MethodInvocationAgent.invoke(TestInvoker.java:804)
at org.testng.internal.TestInvoker.invokeTestMethods(TestInvoker.java:145)
at org.testng.internal.TestMethodWorker.invokeTestMethods(TestMethodWorker.java:146)
at org.testng.internal.TestMethodWorker.run(TestMethodWorker.java:128)
at java.util.ArrayList.forEach(Unknown Source)
at org.testng.TestRunner.privateRun(TestRunner.java:770)
at org.testng.TestRunner.run(TestRunner.java:591)
at org.testng.SuiteRunner.runTest(SuiteRunner.java:402)
at org.testng.SuiteRunner.runSequentially(SuiteRunner.java:396)
at org.testng.SuiteRunner.privateRun(SuiteRunner.java:355)
at org.testng.SuiteRunner.run(SuiteRunner.java:304)
at org.testng.SuiteRunnerWorker.runSuite(SuiteRunnerWorker.java:53)
at org.testng.SuiteRunnerWorker.run(SuiteRunnerWorker.java:96)
at org.testng.TestNG.runSuitesSequentially(TestNG.java:1180)
at org.testng.TestNG.runSuitesLocally(TestNG.java:1102)
at org.testng.TestNG.runSuites(TestNG.java:1032)
at org.testng.TestNG.run(TestNG.java:1000)
at org.testng.remote.AbstractRemoteTestNG.run(AbstractRemoteTestNG.java:115)
at org.testng.remote.RemoteTestNG.initAndRun(RemoteTestNG.java:251)
at org.testng.remote.RemoteTestNG.main(RemoteTestNG.java:77)
]]>
    </failure>
  </testcase> <!-- VerifyAuditTrailDataForEditUserRoleMappingRecord -->
  <testcase name="VerifyAuditTrialReportForUpdate" time="58.352" classname="com.tetherfi.test.UserRoleMappingUpdateTest"/>
  <testcase name="VerifySendForApprovalForEditRecord" time="38.028" classname="com.tetherfi.test.UserRoleMappingUpdateTest"/>
  <testcase name="VerifyAuditTrialReportForSendForApprovalUpdate" time="56.548" classname="com.tetherfi.test.UserRoleMappingUpdateTest"/>
  <testcase name="ApproveforEditUserRoleMappingRecord" time="41.352" classname="com.tetherfi.test.UserRoleMappingUpdateTest"/>
  <testcase name="VerifyAuditTrailReportForApprove" time="57.047" classname="com.tetherfi.test.UserRoleMappingUpdateTest"/>
</testsuite> <!-- com.tetherfi.test.UserRoleMappingUpdateTest -->
