<?xml version="1.0" encoding="UTF-8"?>
<!-- Generated by org.testng.reporters.JUnitReportReporter -->
<testsuite hostname="DESKTOP-O6A5C2O" failures="1" tests="16" name="com.tetherfi.test.fax.FaxTemplateDeleteTest" time="653.630" errors="0" timestamp="2020-02-25T16:40:19 IST" skipped="1">
  <testcase classname="com.tetherfi.test.fax.FaxTemplateDeleteTest" name="VerifyDeleteCancelFaxTemplateRecord" time="36.160"/>
  <testcase classname="com.tetherfi.test.fax.FaxTemplateDeleteTest" name="VerifyDeleteFaxTemplateRecordWithOutDeleteReason" time="39.628"/>
  <testcase classname="com.tetherfi.test.fax.FaxTemplateDeleteTest" name="VerifyDeleteFaxTemplateRevertRecord" time="38.415"/>
  <testcase classname="com.tetherfi.test.fax.FaxTemplateDeleteTest" name="VerifyRevertforDeleteRecord" time="40.329"/>
  <testcase classname="com.tetherfi.test.fax.FaxTemplateDeleteTest" name="VerifyAuditTrailReportForDeleteRevertRecord" time="52.148"/>
  <testcase classname="com.tetherfi.test.fax.FaxTemplateDeleteTest" name="VerifyDeleteFaxTemplateRejectRecord" time="42.392"/>
  <testcase classname="com.tetherfi.test.fax.FaxTemplateDeleteTest" name="VerifySendForApprovalDeleteRejectRecord" time="41.065"/>
  <testcase classname="com.tetherfi.test.fax.FaxTemplateDeleteTest" name="RejectForDeleteFaxTemplateRecord" time="43.112"/>
  <testcase classname="com.tetherfi.test.fax.FaxTemplateDeleteTest" name="VerifyAuditTrailReportForRejectRecord" time="51.835"/>
  <testcase classname="com.tetherfi.test.fax.FaxTemplateDeleteTest" name="VerifyDeleteFaxTemplateApproveRecord" time="38.027"/>
  <testcase classname="com.tetherfi.test.fax.FaxTemplateDeleteTest" name="VerifyAuditTrailReportForDeleteApproveRecord" time="51.723"/>
  <testcase classname="com.tetherfi.test.fax.FaxTemplateDeleteTest" name="VerifyAuditTrailDataForApproveRecord" time="36.226"/>
  <testcase classname="com.tetherfi.test.fax.FaxTemplateDeleteTest" name="VerifySendForApprovalDeleteApproveRecord" time="42.818"/>
  <testcase classname="com.tetherfi.test.fax.FaxTemplateDeleteTest" name="VerifyAuditTrailReportForSendForApproval" time="52.589"/>
  <testcase classname="com.tetherfi.test.fax.FaxTemplateDeleteTest" name="ApproveForDeleteFaxTemplateRecord" time="47.163">
    <failure message="Approve Assertion failed did not expect to find [true] but found [false]" type="java.lang.AssertionError">
      <![CDATA[java.lang.AssertionError: Approve Assertion failed did not expect to find [true] but found [false]
at org.testng.Assert.fail(Assert.java:97)
at org.testng.Assert.failNotEquals(Assert.java:969)
at org.testng.Assert.assertTrue(Assert.java:43)
at com.tetherfi.test.fax.FaxTemplateDeleteTest.ApproveForDeleteFaxTemplateRecord(FaxTemplateDeleteTest.java:230)
at java.base/jdk.internal.reflect.NativeMethodAccessorImpl.invoke0(Native Method)
at java.base/jdk.internal.reflect.NativeMethodAccessorImpl.invoke(Unknown Source)
at java.base/jdk.internal.reflect.DelegatingMethodAccessorImpl.invoke(Unknown Source)
at java.base/java.lang.reflect.Method.invoke(Unknown Source)
at org.testng.internal.MethodInvocationHelper.invokeMethod(MethodInvocationHelper.java:133)
at org.testng.internal.TestInvoker.invokeMethod(TestInvoker.java:584)
at org.testng.internal.TestInvoker.invokeTestMethod(TestInvoker.java:172)
at org.testng.internal.MethodRunner.runInSequence(MethodRunner.java:46)
at org.testng.internal.TestInvoker$MethodInvocationAgent.invoke(TestInvoker.java:804)
at org.testng.internal.TestInvoker.invokeTestMethods(TestInvoker.java:145)
at org.testng.internal.TestMethodWorker.invokeTestMethods(TestMethodWorker.java:146)
at org.testng.internal.TestMethodWorker.run(TestMethodWorker.java:128)
at java.base/java.util.ArrayList.forEach(Unknown Source)
at org.testng.TestRunner.privateRun(TestRunner.java:770)
at org.testng.TestRunner.run(TestRunner.java:591)
at org.testng.SuiteRunner.runTest(SuiteRunner.java:402)
at org.testng.SuiteRunner.runSequentially(SuiteRunner.java:396)
at org.testng.SuiteRunner.privateRun(SuiteRunner.java:355)
at org.testng.SuiteRunner.run(SuiteRunner.java:304)
at org.testng.SuiteRunnerWorker.runSuite(SuiteRunnerWorker.java:53)
at org.testng.SuiteRunnerWorker.run(SuiteRunnerWorker.java:96)
at org.testng.TestNG.runSuitesSequentially(TestNG.java:1180)
at org.testng.TestNG.runSuitesLocally(TestNG.java:1102)
at org.testng.TestNG.runSuites(TestNG.java:1032)
at org.testng.TestNG.run(TestNG.java:1000)
at org.testng.remote.AbstractRemoteTestNG.run(AbstractRemoteTestNG.java:115)
at org.testng.remote.RemoteTestNG.initAndRun(RemoteTestNG.java:251)
at org.testng.remote.RemoteTestNG.main(RemoteTestNG.java:77)
]]>
    </failure>
  </testcase> <!-- ApproveForDeleteFaxTemplateRecord -->
  <testcase classname="com.tetherfi.test.fax.FaxTemplateDeleteTest" name="VerifyAuditTrailReportForApprove" time="0.000">
    <skipped/>
  </testcase> <!-- VerifyAuditTrailReportForApprove -->
</testsuite> <!-- com.tetherfi.test.fax.FaxTemplateDeleteTest -->
