<?xml version="1.0" encoding="UTF-8"?>
<!-- Generated by org.testng.reporters.JUnitReportReporter -->
<testsuite skipped="1" hostname="TTF-BLR-SANTOSHKOUJALAGI" name="com.tetherfi.test.reports.OCMChatbotInteractionreportTest" tests="51" failures="4" timestamp="2021-09-01T22:51:56 IST" time="1568.013" errors="1">
  <testcase name="ShowReport" time="20.340" classname="com.tetherfi.test.reports.OCMChatbotInteractionreportTest"/>
  <testcase name="ShowChatbotInteractionReportInNewTab" time="19.014" classname="com.tetherfi.test.reports.OCMChatbotInteractionreportTest"/>
  <testcase name="VerifySearchByFeature" time="30.900" classname="com.tetherfi.test.reports.OCMChatbotInteractionreportTest"/>
  <testcase name="VerifySearchIsEqualTo" time="23.748" classname="com.tetherfi.test.reports.OCMChatbotInteractionreportTest">
    <error type="java.lang.ArrayIndexOutOfBoundsException" message="1">
      <![CDATA[java.lang.ArrayIndexOutOfBoundsException: 1
at com.tetherfi.pages.OCMChatbotInteractionReportPage.getDataTable(OCMChatbotInteractionReportPage.java:1149)
at com.tetherfi.pages.OCMChatbotInteractionReportPage.verifySearchIsEqualTo(OCMChatbotInteractionReportPage.java:774)
at com.tetherfi.test.reports.OCMChatbotInteractionreportTest.VerifySearchIsEqualTo(OCMChatbotInteractionreportTest.java:86)
at sun.reflect.NativeMethodAccessorImpl.invoke0(Native Method)
at sun.reflect.NativeMethodAccessorImpl.invoke(Unknown Source)
at sun.reflect.DelegatingMethodAccessorImpl.invoke(Unknown Source)
at java.lang.reflect.Method.invoke(Unknown Source)
at org.testng.internal.MethodInvocationHelper.invokeMethod(MethodInvocationHelper.java:133)
at org.testng.internal.TestInvoker.invokeMethod(TestInvoker.java:584)
at org.testng.internal.TestInvoker.invokeTestMethod(TestInvoker.java:172)
at org.testng.internal.MethodRunner.runInSequence(MethodRunner.java:46)
at org.testng.internal.TestInvoker$MethodInvocationAgent.invoke(TestInvoker.java:804)
at org.testng.internal.TestInvoker.invokeTestMethods(TestInvoker.java:145)
at org.testng.internal.TestMethodWorker.invokeTestMethods(TestMethodWorker.java:146)
at org.testng.internal.TestMethodWorker.run(TestMethodWorker.java:128)
at java.util.ArrayList.forEach(Unknown Source)
at org.testng.TestRunner.privateRun(TestRunner.java:770)
at org.testng.TestRunner.run(TestRunner.java:591)
at org.testng.SuiteRunner.runTest(SuiteRunner.java:402)
at org.testng.SuiteRunner.runSequentially(SuiteRunner.java:396)
at org.testng.SuiteRunner.privateRun(SuiteRunner.java:355)
at org.testng.SuiteRunner.run(SuiteRunner.java:304)
at org.testng.SuiteRunnerWorker.runSuite(SuiteRunnerWorker.java:53)
at org.testng.SuiteRunnerWorker.run(SuiteRunnerWorker.java:96)
at org.testng.TestNG.runSuitesSequentially(TestNG.java:1180)
at org.testng.TestNG.runSuitesLocally(TestNG.java:1102)
at org.testng.TestNG.runSuites(TestNG.java:1032)
at org.testng.TestNG.run(TestNG.java:1000)
at org.testng.remote.AbstractRemoteTestNG.run(AbstractRemoteTestNG.java:115)
at org.testng.remote.RemoteTestNG.initAndRun(RemoteTestNG.java:251)
at org.testng.remote.RemoteTestNG.main(RemoteTestNG.java:77)
]]>
    </error>
  </testcase> <!-- VerifySearchIsEqualTo -->
  <testcase name="searchwithoutSearchTextbox" time="22.066" classname="com.tetherfi.test.reports.OCMChatbotInteractionreportTest"/>
  <testcase name="VerifySearchIsNotEqualTo" time="63.961" classname="com.tetherfi.test.reports.OCMChatbotInteractionreportTest"/>
  <testcase name="VerifySearchContains" time="31.926" classname="com.tetherfi.test.reports.OCMChatbotInteractionreportTest"/>
  <testcase name="VerifySearchDoesNotContains" time="60.878" classname="com.tetherfi.test.reports.OCMChatbotInteractionreportTest"/>
  <testcase name="VerifySearchStartsWith" time="29.209" classname="com.tetherfi.test.reports.OCMChatbotInteractionreportTest"/>
  <testcase name="VerifySearchEndsWith" time="26.162" classname="com.tetherfi.test.reports.OCMChatbotInteractionreportTest"/>
  <testcase name="SearchClearSearch" time="21.899" classname="com.tetherfi.test.reports.OCMChatbotInteractionreportTest"/>
  <testcase name="verifyAdvancedSearch" time="54.783" classname="com.tetherfi.test.reports.OCMChatbotInteractionreportTest"/>
  <testcase name="ClearfiltersAdvSrch" time="21.982" classname="com.tetherfi.test.reports.OCMChatbotInteractionreportTest"/>
  <testcase name="GroupBy" time="22.399" classname="com.tetherfi.test.reports.OCMChatbotInteractionreportTest"/>
  <testcase name="verifyAdvancedSearchAndCriteria" time="69.881" classname="com.tetherfi.test.reports.OCMChatbotInteractionreportTest"/>
  <testcase name="verifyAdvancedSearchORCriteria" time="73.273" classname="com.tetherfi.test.reports.OCMChatbotInteractionreportTest"/>
  <testcase name="verifyAdvancedSearchIsNotEqualTo" time="65.890" classname="com.tetherfi.test.reports.OCMChatbotInteractionreportTest"/>
  <testcase name="verifyAdvancedSearchcontains" time="28.441" classname="com.tetherfi.test.reports.OCMChatbotInteractionreportTest"/>
  <testcase name="verifyAdvancedSearchDoesnotcontains" time="64.879" classname="com.tetherfi.test.reports.OCMChatbotInteractionreportTest"/>
  <testcase name="verifyAdvancedSearchStartswith" time="33.291" classname="com.tetherfi.test.reports.OCMChatbotInteractionreportTest"/>
  <testcase name="verifyAdvancedSearchEndswith" time="33.073" classname="com.tetherfi.test.reports.OCMChatbotInteractionreportTest"/>
  <testcase name="VerifySorting" time="24.198" classname="com.tetherfi.test.reports.OCMChatbotInteractionreportTest">
    <failure type="java.lang.AssertionError" message="item per page assertion failed did not expect to find [true] but found [false]">
      <![CDATA[java.lang.AssertionError: item per page assertion failed did not expect to find [true] but found [false]
at org.testng.Assert.fail(Assert.java:97)
at org.testng.Assert.failNotEquals(Assert.java:969)
at org.testng.Assert.assertTrue(Assert.java:43)
at com.tetherfi.test.reports.OCMChatbotInteractionreportTest.VerifySorting(OCMChatbotInteractionreportTest.java:286)
at sun.reflect.NativeMethodAccessorImpl.invoke0(Native Method)
at sun.reflect.NativeMethodAccessorImpl.invoke(Unknown Source)
at sun.reflect.DelegatingMethodAccessorImpl.invoke(Unknown Source)
at java.lang.reflect.Method.invoke(Unknown Source)
at org.testng.internal.MethodInvocationHelper.invokeMethod(MethodInvocationHelper.java:133)
at org.testng.internal.TestInvoker.invokeMethod(TestInvoker.java:584)
at org.testng.internal.TestInvoker.invokeTestMethod(TestInvoker.java:172)
at org.testng.internal.MethodRunner.runInSequence(MethodRunner.java:46)
at org.testng.internal.TestInvoker$MethodInvocationAgent.invoke(TestInvoker.java:804)
at org.testng.internal.TestInvoker.invokeTestMethods(TestInvoker.java:145)
at org.testng.internal.TestMethodWorker.invokeTestMethods(TestMethodWorker.java:146)
at org.testng.internal.TestMethodWorker.run(TestMethodWorker.java:128)
at java.util.ArrayList.forEach(Unknown Source)
at org.testng.TestRunner.privateRun(TestRunner.java:770)
at org.testng.TestRunner.run(TestRunner.java:591)
at org.testng.SuiteRunner.runTest(SuiteRunner.java:402)
at org.testng.SuiteRunner.runSequentially(SuiteRunner.java:396)
at org.testng.SuiteRunner.privateRun(SuiteRunner.java:355)
at org.testng.SuiteRunner.run(SuiteRunner.java:304)
at org.testng.SuiteRunnerWorker.runSuite(SuiteRunnerWorker.java:53)
at org.testng.SuiteRunnerWorker.run(SuiteRunnerWorker.java:96)
at org.testng.TestNG.runSuitesSequentially(TestNG.java:1180)
at org.testng.TestNG.runSuitesLocally(TestNG.java:1102)
at org.testng.TestNG.runSuites(TestNG.java:1032)
at org.testng.TestNG.run(TestNG.java:1000)
at org.testng.remote.AbstractRemoteTestNG.run(AbstractRemoteTestNG.java:115)
at org.testng.remote.RemoteTestNG.initAndRun(RemoteTestNG.java:251)
at org.testng.remote.RemoteTestNG.main(RemoteTestNG.java:77)
]]>
    </failure>
  </testcase> <!-- VerifySorting -->
  <testcase name="ScheduleOCMChatbotInteractionReport" time="14.198" classname="com.tetherfi.test.reports.OCMChatbotInteractionreportTest"/>
  <testcase name="ExportReport" time="14.711" classname="com.tetherfi.test.reports.OCMChatbotInteractionreportTest"/>
  <testcase name="ViewDownloadedReportInReportsDownloadPage" time="12.366" classname="com.tetherfi.test.reports.OCMChatbotInteractionreportTest"/>
  <testcase name="VerifyViewDownloadedOcmChatbotInteractionReportInReportsDownloadPage" time="23.710" classname="com.tetherfi.test.reports.OCMChatbotInteractionreportTest">
    <failure type="java.lang.AssertionError" message="did not expect to find [true] but found [false]">
      <![CDATA[java.lang.AssertionError: did not expect to find [true] but found [false]
at org.testng.Assert.fail(Assert.java:97)
at org.testng.Assert.failNotEquals(Assert.java:969)
at org.testng.Assert.assertTrue(Assert.java:43)
at org.testng.Assert.assertTrue(Assert.java:53)
at com.tetherfi.test.reports.OCMChatbotInteractionreportTest.VerifyViewDownloadedOcmChatbotInteractionReportInReportsDownloadPage(OCMChatbotInteractionreportTest.java:326)
at sun.reflect.NativeMethodAccessorImpl.invoke0(Native Method)
at sun.reflect.NativeMethodAccessorImpl.invoke(Unknown Source)
at sun.reflect.DelegatingMethodAccessorImpl.invoke(Unknown Source)
at java.lang.reflect.Method.invoke(Unknown Source)
at org.testng.internal.MethodInvocationHelper.invokeMethod(MethodInvocationHelper.java:133)
at org.testng.internal.TestInvoker.invokeMethod(TestInvoker.java:584)
at org.testng.internal.TestInvoker.invokeTestMethod(TestInvoker.java:172)
at org.testng.internal.MethodRunner.runInSequence(MethodRunner.java:46)
at org.testng.internal.TestInvoker$MethodInvocationAgent.invoke(TestInvoker.java:804)
at org.testng.internal.TestInvoker.invokeTestMethods(TestInvoker.java:145)
at org.testng.internal.TestMethodWorker.invokeTestMethods(TestMethodWorker.java:146)
at org.testng.internal.TestMethodWorker.run(TestMethodWorker.java:128)
at java.util.ArrayList.forEach(Unknown Source)
at org.testng.TestRunner.privateRun(TestRunner.java:770)
at org.testng.TestRunner.run(TestRunner.java:591)
at org.testng.SuiteRunner.runTest(SuiteRunner.java:402)
at org.testng.SuiteRunner.runSequentially(SuiteRunner.java:396)
at org.testng.SuiteRunner.privateRun(SuiteRunner.java:355)
at org.testng.SuiteRunner.run(SuiteRunner.java:304)
at org.testng.SuiteRunnerWorker.runSuite(SuiteRunnerWorker.java:53)
at org.testng.SuiteRunnerWorker.run(SuiteRunnerWorker.java:96)
at org.testng.TestNG.runSuitesSequentially(TestNG.java:1180)
at org.testng.TestNG.runSuitesLocally(TestNG.java:1102)
at org.testng.TestNG.runSuites(TestNG.java:1032)
at org.testng.TestNG.run(TestNG.java:1000)
at org.testng.remote.AbstractRemoteTestNG.run(AbstractRemoteTestNG.java:115)
at org.testng.remote.RemoteTestNG.initAndRun(RemoteTestNG.java:251)
at org.testng.remote.RemoteTestNG.main(RemoteTestNG.java:77)
]]>
    </failure>
  </testcase> <!-- VerifyViewDownloadedOcmChatbotInteractionReportInReportsDownloadPage -->
  <testcase name="ShowReportForDateRange" time="17.738" classname="com.tetherfi.test.reports.OCMChatbotInteractionreportTest"/>
  <testcase name="ShowReportInNewPageForDateRange" time="16.351" classname="com.tetherfi.test.reports.OCMChatbotInteractionreportTest"/>
  <testcase name="ExportReportForDateRange" time="16.550" classname="com.tetherfi.test.reports.OCMChatbotInteractionreportTest"/>
  <testcase name="ScheduleReportforDateRange" time="15.790" classname="com.tetherfi.test.reports.OCMChatbotInteractionreportTest"/>
  <testcase name="ViewDownloadedReportInReportsDownloadPageForDateRange" time="12.891" classname="com.tetherfi.test.reports.OCMChatbotInteractionreportTest"/>
  <testcase name="VerifyDownloadedReportDataForDateRange" time="42.286" classname="com.tetherfi.test.reports.OCMChatbotInteractionreportTest">
    <failure type="java.lang.AssertionError" message="did not expect to find [true] but found [false]">
      <![CDATA[java.lang.AssertionError: did not expect to find [true] but found [false]
at org.testng.Assert.fail(Assert.java:97)
at org.testng.Assert.failNotEquals(Assert.java:969)
at org.testng.Assert.assertTrue(Assert.java:43)
at org.testng.Assert.assertTrue(Assert.java:53)
at com.tetherfi.test.reports.OCMChatbotInteractionreportTest.VerifyDownloadedReportDataForDateRange(OCMChatbotInteractionreportTest.java:388)
at sun.reflect.NativeMethodAccessorImpl.invoke0(Native Method)
at sun.reflect.NativeMethodAccessorImpl.invoke(Unknown Source)
at sun.reflect.DelegatingMethodAccessorImpl.invoke(Unknown Source)
at java.lang.reflect.Method.invoke(Unknown Source)
at org.testng.internal.MethodInvocationHelper.invokeMethod(MethodInvocationHelper.java:133)
at org.testng.internal.TestInvoker.invokeMethod(TestInvoker.java:584)
at org.testng.internal.TestInvoker.invokeTestMethod(TestInvoker.java:172)
at org.testng.internal.MethodRunner.runInSequence(MethodRunner.java:46)
at org.testng.internal.TestInvoker$MethodInvocationAgent.invoke(TestInvoker.java:804)
at org.testng.internal.TestInvoker.invokeTestMethods(TestInvoker.java:145)
at org.testng.internal.TestMethodWorker.invokeTestMethods(TestMethodWorker.java:146)
at org.testng.internal.TestMethodWorker.run(TestMethodWorker.java:128)
at java.util.ArrayList.forEach(Unknown Source)
at org.testng.TestRunner.privateRun(TestRunner.java:770)
at org.testng.TestRunner.run(TestRunner.java:591)
at org.testng.SuiteRunner.runTest(SuiteRunner.java:402)
at org.testng.SuiteRunner.runSequentially(SuiteRunner.java:396)
at org.testng.SuiteRunner.privateRun(SuiteRunner.java:355)
at org.testng.SuiteRunner.run(SuiteRunner.java:304)
at org.testng.SuiteRunnerWorker.runSuite(SuiteRunnerWorker.java:53)
at org.testng.SuiteRunnerWorker.run(SuiteRunnerWorker.java:96)
at org.testng.TestNG.runSuitesSequentially(TestNG.java:1180)
at org.testng.TestNG.runSuitesLocally(TestNG.java:1102)
at org.testng.TestNG.runSuites(TestNG.java:1032)
at org.testng.TestNG.run(TestNG.java:1000)
at org.testng.remote.AbstractRemoteTestNG.run(AbstractRemoteTestNG.java:115)
at org.testng.remote.RemoteTestNG.initAndRun(RemoteTestNG.java:251)
at org.testng.remote.RemoteTestNG.main(RemoteTestNG.java:77)
]]>
    </failure>
  </testcase> <!-- VerifyDownloadedReportDataForDateRange -->
  <testcase name="DeleteRecordWithoutDeleteReasonInReportsDownload" time="11.591" classname="com.tetherfi.test.reports.OCMChatbotInteractionreportTest"/>
  <testcase name="VerifyCancelBtnAtReportsDownload" time="33.928" classname="com.tetherfi.test.reports.OCMChatbotInteractionreportTest"/>
  <testcase name="DeleteRecord" time="13.749" classname="com.tetherfi.test.reports.OCMChatbotInteractionreportTest"/>
  <testcase name="ClearAll" time="14.516" classname="com.tetherfi.test.reports.OCMChatbotInteractionreportTest"/>
  <testcase name="OCMWindow" time="19.070" classname="com.tetherfi.test.reports.OCMChatbotInteractionreportTest"/>
  <testcase name="VerifyDropdownForAllTheColumns" time="46.219" classname="com.tetherfi.test.reports.OCMChatbotInteractionreportTest"/>
  <testcase name="VerifyColumnsHeaderEnable" time="57.542" classname="com.tetherfi.test.reports.OCMChatbotInteractionreportTest"/>
  <testcase name="VerifyColumnsHeaderDisable" time="70.536" classname="com.tetherfi.test.reports.OCMChatbotInteractionreportTest"/>
  <testcase name="VerifyArrowMoveForPreviousAndNextPage" time="23.323" classname="com.tetherfi.test.reports.OCMChatbotInteractionreportTest"/>
  <testcase name="VerifyArrowMoveForFirstAndLastPage" time="21.762" classname="com.tetherfi.test.reports.OCMChatbotInteractionreportTest"/>
  <testcase name="VerifyTotalNumberOfItemsPerPageDetails" time="16.583" classname="com.tetherfi.test.reports.OCMChatbotInteractionreportTest"/>
  <testcase name="VerifyNumberOfItemsPerPageSelection" time="53.026" classname="com.tetherfi.test.reports.OCMChatbotInteractionreportTest"/>
  <testcase name="ExportPage" time="20.979" classname="com.tetherfi.test.reports.OCMChatbotInteractionreportTest"/>
  <testcase name="VerifyExportedData" time="36.084" classname="com.tetherfi.test.reports.OCMChatbotInteractionreportTest"/>
  <testcase name="SchedulereportinChatbotInteractionPage" time="19.319" classname="com.tetherfi.test.reports.OCMChatbotInteractionreportTest"/>
  <testcase name="ExportToExcel" time="17.442" classname="com.tetherfi.test.reports.OCMChatbotInteractionreportTest"/>
  <testcase name="ViewDownloadedReportInReportDownloadsPage" time="21.734" classname="com.tetherfi.test.reports.OCMChatbotInteractionreportTest"/>
  <testcase name="VerifyDownloadedOcmChatbotInteractionReport" time="41.826" classname="com.tetherfi.test.reports.OCMChatbotInteractionreportTest">
    <failure type="java.lang.AssertionError" message="did not expect to find [true] but found [false]">
      <![CDATA[java.lang.AssertionError: did not expect to find [true] but found [false]
at org.testng.Assert.fail(Assert.java:97)
at org.testng.Assert.failNotEquals(Assert.java:969)
at org.testng.Assert.assertTrue(Assert.java:43)
at org.testng.Assert.assertTrue(Assert.java:53)
at com.tetherfi.test.reports.OCMChatbotInteractionreportTest.VerifyDownloadedOcmChatbotInteractionReport(OCMChatbotInteractionreportTest.java:595)
at sun.reflect.NativeMethodAccessorImpl.invoke0(Native Method)
at sun.reflect.NativeMethodAccessorImpl.invoke(Unknown Source)
at sun.reflect.DelegatingMethodAccessorImpl.invoke(Unknown Source)
at java.lang.reflect.Method.invoke(Unknown Source)
at org.testng.internal.MethodInvocationHelper.invokeMethod(MethodInvocationHelper.java:133)
at org.testng.internal.TestInvoker.invokeMethod(TestInvoker.java:584)
at org.testng.internal.TestInvoker.invokeTestMethod(TestInvoker.java:172)
at org.testng.internal.MethodRunner.runInSequence(MethodRunner.java:46)
at org.testng.internal.TestInvoker$MethodInvocationAgent.invoke(TestInvoker.java:804)
at org.testng.internal.TestInvoker.invokeTestMethods(TestInvoker.java:145)
at org.testng.internal.TestMethodWorker.invokeTestMethods(TestMethodWorker.java:146)
at org.testng.internal.TestMethodWorker.run(TestMethodWorker.java:128)
at java.util.ArrayList.forEach(Unknown Source)
at org.testng.TestRunner.privateRun(TestRunner.java:770)
at org.testng.TestRunner.run(TestRunner.java:591)
at org.testng.SuiteRunner.runTest(SuiteRunner.java:402)
at org.testng.SuiteRunner.runSequentially(SuiteRunner.java:396)
at org.testng.SuiteRunner.privateRun(SuiteRunner.java:355)
at org.testng.SuiteRunner.run(SuiteRunner.java:304)
at org.testng.SuiteRunnerWorker.runSuite(SuiteRunnerWorker.java:53)
at org.testng.SuiteRunnerWorker.run(SuiteRunnerWorker.java:96)
at org.testng.TestNG.runSuitesSequentially(TestNG.java:1180)
at org.testng.TestNG.runSuitesLocally(TestNG.java:1102)
at org.testng.TestNG.runSuites(TestNG.java:1032)
at org.testng.TestNG.run(TestNG.java:1000)
at org.testng.remote.AbstractRemoteTestNG.run(AbstractRemoteTestNG.java:115)
at org.testng.remote.RemoteTestNG.initAndRun(RemoteTestNG.java:251)
at org.testng.remote.RemoteTestNG.main(RemoteTestNG.java:77)
]]>
    </failure>
  </testcase> <!-- VerifyDownloadedOcmChatbotInteractionReport -->
  <testcase name="database" classname="com.tetherfi.test.reports.OCMChatbotInteractionreportTest">
    <skipped/>
  </testcase> <!-- database -->
</testsuite> <!-- com.tetherfi.test.reports.OCMChatbotInteractionreportTest -->
