<?xml version="1.0" encoding="UTF-8"?>
<!-- Generated by org.testng.reporters.JUnitReportReporter -->
<testsuite hostname="DESKTOP-O6A5C2O" failures="4" tests="42" name="com.tetherfi.test.fax.FaxSendersTest" time="642.240" errors="0" timestamp="2020-03-18T12:10:16 IST" skipped="0">
  <testcase classname="com.tetherfi.test.fax.FaxSendersTest" name="FaxSendersPage" time="9.196"/>
  <testcase classname="com.tetherfi.test.fax.FaxSendersTest" name="AddFaxSendersRecord" time="24.173"/>
  <testcase classname="com.tetherfi.test.fax.FaxSendersTest" name="VerifyAuditTrialReportForCreate" time="35.162"/>
  <testcase classname="com.tetherfi.test.fax.FaxSendersTest" name="AddDuplicateFaxSendersRecord" time="14.480"/>
  <testcase classname="com.tetherfi.test.fax.FaxSendersTest" name="AddFaxSendersRecordwithsameFaxLine" time="17.274"/>
  <testcase classname="com.tetherfi.test.fax.FaxSendersTest" name="AddFaxSendersRecordwithsameFaxNumber" time="17.890">
    <failure message="expected [Record Created Successfully] but found [A record already exists for same Fax Line and Fax Number]" type="java.lang.AssertionError">
      <![CDATA[java.lang.AssertionError: expected [Record Created Successfully] but found [A record already exists for same Fax Line and Fax Number]
at org.testng.Assert.fail(Assert.java:97)
at org.testng.Assert.assertEqualsImpl(Assert.java:136)
at org.testng.Assert.assertEquals(Assert.java:118)
at org.testng.Assert.assertEquals(Assert.java:575)
at org.testng.Assert.assertEquals(Assert.java:585)
at com.tetherfi.test.fax.FaxSendersTest.AddFaxSendersRecordwithsameFaxNumber(FaxSendersTest.java:120)
at java.base/jdk.internal.reflect.NativeMethodAccessorImpl.invoke0(Native Method)
at java.base/jdk.internal.reflect.NativeMethodAccessorImpl.invoke(Unknown Source)
at java.base/jdk.internal.reflect.DelegatingMethodAccessorImpl.invoke(Unknown Source)
at java.base/java.lang.reflect.Method.invoke(Unknown Source)
at org.testng.internal.MethodInvocationHelper.invokeMethod(MethodInvocationHelper.java:133)
at org.testng.internal.TestInvoker.invokeMethod(TestInvoker.java:584)
at org.testng.internal.TestInvoker.invokeTestMethod(TestInvoker.java:172)
at org.testng.internal.MethodRunner.runInSequence(MethodRunner.java:46)
at org.testng.internal.TestInvoker$MethodInvocationAgent.invoke(TestInvoker.java:804)
at org.testng.internal.TestInvoker.invokeTestMethods(TestInvoker.java:145)
at org.testng.internal.TestMethodWorker.invokeTestMethods(TestMethodWorker.java:146)
at org.testng.internal.TestMethodWorker.run(TestMethodWorker.java:128)
at java.base/java.util.ArrayList.forEach(Unknown Source)
at org.testng.TestRunner.privateRun(TestRunner.java:770)
at org.testng.TestRunner.run(TestRunner.java:591)
at org.testng.SuiteRunner.runTest(SuiteRunner.java:402)
at org.testng.SuiteRunner.runSequentially(SuiteRunner.java:396)
at org.testng.SuiteRunner.privateRun(SuiteRunner.java:355)
at org.testng.SuiteRunner.run(SuiteRunner.java:304)
at org.testng.SuiteRunnerWorker.runSuite(SuiteRunnerWorker.java:53)
at org.testng.SuiteRunnerWorker.run(SuiteRunnerWorker.java:96)
at org.testng.TestNG.runSuitesSequentially(TestNG.java:1180)
at org.testng.TestNG.runSuitesLocally(TestNG.java:1102)
at org.testng.TestNG.runSuites(TestNG.java:1032)
at org.testng.TestNG.run(TestNG.java:1000)
at org.testng.remote.AbstractRemoteTestNG.run(AbstractRemoteTestNG.java:115)
at org.testng.remote.RemoteTestNG.initAndRun(RemoteTestNG.java:251)
at org.testng.remote.RemoteTestNG.main(RemoteTestNG.java:77)
]]>
    </failure>
  </testcase> <!-- AddFaxSendersRecordwithsameFaxNumber -->
  <testcase classname="com.tetherfi.test.fax.FaxSendersTest" name="AddRecordWithoutInput" time="9.256"/>
  <testcase classname="com.tetherfi.test.fax.FaxSendersTest" name="AddRecordWithoutFaxLine" time="16.871"/>
  <testcase classname="com.tetherfi.test.fax.FaxSendersTest" name="AddRecordWithoutName" time="17.835"/>
  <testcase classname="com.tetherfi.test.fax.FaxSendersTest" name="AddRecordWithoutFaxNumber" time="16.517"/>
  <testcase classname="com.tetherfi.test.fax.FaxSendersTest" name="AddRecordWithoutType" time="17.574"/>
  <testcase classname="com.tetherfi.test.fax.FaxSendersTest" name="EditFaxSendersRecordCancel" time="15.474"/>
  <testcase classname="com.tetherfi.test.fax.FaxSendersTest" name="EditFaxSendersInvalidRecord" time="15.586"/>
  <testcase classname="com.tetherfi.test.fax.FaxSendersTest" name="EditFaxSendersRecord" time="17.030"/>
  <testcase classname="com.tetherfi.test.fax.FaxSendersTest" name="VerifyAuditTrialReportForUpdate" time="36.900"/>
  <testcase classname="com.tetherfi.test.fax.FaxSendersTest" name="searchPage" time="11.365"/>
  <testcase classname="com.tetherfi.test.fax.FaxSendersTest" name="searchwithoutSearchTextbox" time="10.083"/>
  <testcase classname="com.tetherfi.test.fax.FaxSendersTest" name="database" time="15.436">
    <failure message="did not expect to find [true] but found [false]" type="java.lang.AssertionError">
      <![CDATA[java.lang.AssertionError: did not expect to find [true] but found [false]
at org.testng.Assert.fail(Assert.java:97)
at org.testng.Assert.failNotEquals(Assert.java:969)
at org.testng.Assert.assertTrue(Assert.java:43)
at org.testng.Assert.assertTrue(Assert.java:53)
at com.tetherfi.test.fax.FaxSendersTest.database(FaxSendersTest.java:244)
at java.base/jdk.internal.reflect.NativeMethodAccessorImpl.invoke0(Native Method)
at java.base/jdk.internal.reflect.NativeMethodAccessorImpl.invoke(Unknown Source)
at java.base/jdk.internal.reflect.DelegatingMethodAccessorImpl.invoke(Unknown Source)
at java.base/java.lang.reflect.Method.invoke(Unknown Source)
at org.testng.internal.MethodInvocationHelper.invokeMethod(MethodInvocationHelper.java:133)
at org.testng.internal.TestInvoker.invokeMethod(TestInvoker.java:584)
at org.testng.internal.TestInvoker.invokeTestMethod(TestInvoker.java:172)
at org.testng.internal.MethodRunner.runInSequence(MethodRunner.java:46)
at org.testng.internal.TestInvoker$MethodInvocationAgent.invoke(TestInvoker.java:804)
at org.testng.internal.TestInvoker.invokeTestMethods(TestInvoker.java:145)
at org.testng.internal.TestMethodWorker.invokeTestMethods(TestMethodWorker.java:146)
at org.testng.internal.TestMethodWorker.run(TestMethodWorker.java:128)
at java.base/java.util.ArrayList.forEach(Unknown Source)
at org.testng.TestRunner.privateRun(TestRunner.java:770)
at org.testng.TestRunner.run(TestRunner.java:591)
at org.testng.SuiteRunner.runTest(SuiteRunner.java:402)
at org.testng.SuiteRunner.runSequentially(SuiteRunner.java:396)
at org.testng.SuiteRunner.privateRun(SuiteRunner.java:355)
at org.testng.SuiteRunner.run(SuiteRunner.java:304)
at org.testng.SuiteRunnerWorker.runSuite(SuiteRunnerWorker.java:53)
at org.testng.SuiteRunnerWorker.run(SuiteRunnerWorker.java:96)
at org.testng.TestNG.runSuitesSequentially(TestNG.java:1180)
at org.testng.TestNG.runSuitesLocally(TestNG.java:1102)
at org.testng.TestNG.runSuites(TestNG.java:1032)
at org.testng.TestNG.run(TestNG.java:1000)
at org.testng.remote.AbstractRemoteTestNG.run(AbstractRemoteTestNG.java:115)
at org.testng.remote.RemoteTestNG.initAndRun(RemoteTestNG.java:251)
at org.testng.remote.RemoteTestNG.main(RemoteTestNG.java:77)
]]>
    </failure>
  </testcase> <!-- database -->
  <testcase classname="com.tetherfi.test.fax.FaxSendersTest" name="SearchClearSearch" time="13.538"/>
  <testcase classname="com.tetherfi.test.fax.FaxSendersTest" name="DeleteFaxSendersCancelRecord" time="11.408"/>
  <testcase classname="com.tetherfi.test.fax.FaxSendersTest" name="DeleteFaxSendersInvalidRecord" time="13.832"/>
  <testcase classname="com.tetherfi.test.fax.FaxSendersTest" name="DeleteFaxSendersRecord" time="16.271"/>
  <testcase classname="com.tetherfi.test.fax.FaxSendersTest" name="VerifyAuditTrialReportForDelete" time="37.354">
    <failure message="did not expect to find [true] but found [false]" type="java.lang.AssertionError">
      <![CDATA[java.lang.AssertionError: did not expect to find [true] but found [false]
at org.testng.Assert.fail(Assert.java:97)
at org.testng.Assert.failNotEquals(Assert.java:969)
at org.testng.Assert.assertTrue(Assert.java:43)
at org.testng.Assert.assertTrue(Assert.java:53)
at com.tetherfi.test.fax.FaxSendersTest.VerifyAuditTrialReportForDelete(FaxSendersTest.java:300)
at java.base/jdk.internal.reflect.NativeMethodAccessorImpl.invoke0(Native Method)
at java.base/jdk.internal.reflect.NativeMethodAccessorImpl.invoke(Unknown Source)
at java.base/jdk.internal.reflect.DelegatingMethodAccessorImpl.invoke(Unknown Source)
at java.base/java.lang.reflect.Method.invoke(Unknown Source)
at org.testng.internal.MethodInvocationHelper.invokeMethod(MethodInvocationHelper.java:133)
at org.testng.internal.TestInvoker.invokeMethod(TestInvoker.java:584)
at org.testng.internal.TestInvoker.invokeTestMethod(TestInvoker.java:172)
at org.testng.internal.MethodRunner.runInSequence(MethodRunner.java:46)
at org.testng.internal.TestInvoker$MethodInvocationAgent.invoke(TestInvoker.java:804)
at org.testng.internal.TestInvoker.invokeTestMethods(TestInvoker.java:145)
at org.testng.internal.TestMethodWorker.invokeTestMethods(TestMethodWorker.java:146)
at org.testng.internal.TestMethodWorker.run(TestMethodWorker.java:128)
at java.base/java.util.ArrayList.forEach(Unknown Source)
at org.testng.TestRunner.privateRun(TestRunner.java:770)
at org.testng.TestRunner.run(TestRunner.java:591)
at org.testng.SuiteRunner.runTest(SuiteRunner.java:402)
at org.testng.SuiteRunner.runSequentially(SuiteRunner.java:396)
at org.testng.SuiteRunner.privateRun(SuiteRunner.java:355)
at org.testng.SuiteRunner.run(SuiteRunner.java:304)
at org.testng.SuiteRunnerWorker.runSuite(SuiteRunnerWorker.java:53)
at org.testng.SuiteRunnerWorker.run(SuiteRunnerWorker.java:96)
at org.testng.TestNG.runSuitesSequentially(TestNG.java:1180)
at org.testng.TestNG.runSuitesLocally(TestNG.java:1102)
at org.testng.TestNG.runSuites(TestNG.java:1032)
at org.testng.TestNG.run(TestNG.java:1000)
at org.testng.remote.AbstractRemoteTestNG.run(AbstractRemoteTestNG.java:115)
at org.testng.remote.RemoteTestNG.initAndRun(RemoteTestNG.java:251)
at org.testng.remote.RemoteTestNG.main(RemoteTestNG.java:77)
]]>
    </failure>
  </testcase> <!-- VerifyAuditTrialReportForDelete -->
  <testcase classname="com.tetherfi.test.fax.FaxSendersTest" name="ExportToExcel" time="10.027"/>
  <testcase classname="com.tetherfi.test.fax.FaxSendersTest" name="ExportToExcelData" time="10.311"/>
  <testcase classname="com.tetherfi.test.fax.FaxSendersTest" name="ExporttoExcelWithoutData" time="13.826"/>
  <testcase classname="com.tetherfi.test.fax.FaxSendersTest" name="SortingByAscending" time="13.654"/>
  <testcase classname="com.tetherfi.test.fax.FaxSendersTest" name="SortingByDescending" time="14.895"/>
  <testcase classname="com.tetherfi.test.fax.FaxSendersTest" name="GroupBy" time="11.440"/>
  <testcase classname="com.tetherfi.test.fax.FaxSendersTest" name="VerifyArrowMoveForPreviousAndNextPage" time="6.389"/>
  <testcase classname="com.tetherfi.test.fax.FaxSendersTest" name="VerifyArrowMoveForFirstAndLastPage" time="5.710"/>
  <testcase classname="com.tetherfi.test.fax.FaxSendersTest" name="VerifyTotalNumberOfItemsPerPageDetails" time="6.843"/>
  <testcase classname="com.tetherfi.test.fax.FaxSendersTest" name="VerifyNumberOfItemsPerPageSelection" time="14.670"/>
  <testcase classname="com.tetherfi.test.fax.FaxSendersTest" name="VerifyDropdownForAllTheColumns" time="19.469"/>
  <testcase classname="com.tetherfi.test.fax.FaxSendersTest" name="VerifyColumnsHeaderEnable" time="14.469"/>
  <testcase classname="com.tetherfi.test.fax.FaxSendersTest" name="VerifyColumnsHeaderDisable" time="11.144"/>
  <testcase classname="com.tetherfi.test.fax.FaxSendersTest" name="BulkUploadData" time="12.927">
    <failure message="expected [CSV data being uploaded. Please check after a while] but found [CSV has not been uploaded]" type="java.lang.AssertionError">
      <![CDATA[java.lang.AssertionError: expected [CSV data being uploaded. Please check after a while] but found [CSV has not been uploaded]
at org.testng.Assert.fail(Assert.java:97)
at org.testng.Assert.assertEqualsImpl(Assert.java:136)
at org.testng.Assert.assertEquals(Assert.java:118)
at org.testng.Assert.assertEquals(Assert.java:575)
at org.testng.Assert.assertEquals(Assert.java:585)
at com.tetherfi.test.fax.FaxSendersTest.BulkUploadData(FaxSendersTest.java:403)
at java.base/jdk.internal.reflect.NativeMethodAccessorImpl.invoke0(Native Method)
at java.base/jdk.internal.reflect.NativeMethodAccessorImpl.invoke(Unknown Source)
at java.base/jdk.internal.reflect.DelegatingMethodAccessorImpl.invoke(Unknown Source)
at java.base/java.lang.reflect.Method.invoke(Unknown Source)
at org.testng.internal.MethodInvocationHelper.invokeMethod(MethodInvocationHelper.java:133)
at org.testng.internal.TestInvoker.invokeMethod(TestInvoker.java:584)
at org.testng.internal.TestInvoker.invokeTestMethod(TestInvoker.java:172)
at org.testng.internal.MethodRunner.runInSequence(MethodRunner.java:46)
at org.testng.internal.TestInvoker$MethodInvocationAgent.invoke(TestInvoker.java:804)
at org.testng.internal.TestInvoker.invokeTestMethods(TestInvoker.java:145)
at org.testng.internal.TestMethodWorker.invokeTestMethods(TestMethodWorker.java:146)
at org.testng.internal.TestMethodWorker.run(TestMethodWorker.java:128)
at java.base/java.util.ArrayList.forEach(Unknown Source)
at org.testng.TestRunner.privateRun(TestRunner.java:770)
at org.testng.TestRunner.run(TestRunner.java:591)
at org.testng.SuiteRunner.runTest(SuiteRunner.java:402)
at org.testng.SuiteRunner.runSequentially(SuiteRunner.java:396)
at org.testng.SuiteRunner.privateRun(SuiteRunner.java:355)
at org.testng.SuiteRunner.run(SuiteRunner.java:304)
at org.testng.SuiteRunnerWorker.runSuite(SuiteRunnerWorker.java:53)
at org.testng.SuiteRunnerWorker.run(SuiteRunnerWorker.java:96)
at org.testng.TestNG.runSuitesSequentially(TestNG.java:1180)
at org.testng.TestNG.runSuitesLocally(TestNG.java:1102)
at org.testng.TestNG.runSuites(TestNG.java:1032)
at org.testng.TestNG.run(TestNG.java:1000)
at org.testng.remote.AbstractRemoteTestNG.run(AbstractRemoteTestNG.java:115)
at org.testng.remote.RemoteTestNG.initAndRun(RemoteTestNG.java:251)
at org.testng.remote.RemoteTestNG.main(RemoteTestNG.java:77)
]]>
    </failure>
  </testcase> <!-- BulkUploadData -->
  <testcase classname="com.tetherfi.test.fax.FaxSendersTest" name="BulkUploadDataInvalidType" time="11.449"/>
  <testcase classname="com.tetherfi.test.fax.FaxSendersTest" name="BulkUploadDataInvalidNumber" time="12.436"/>
  <testcase classname="com.tetherfi.test.fax.FaxSendersTest" name="BulkUploadDataInvalidFaxline" time="14.224"/>
  <testcase classname="com.tetherfi.test.fax.FaxSendersTest" name="BulkUploadDataInvalidFile" time="13.283"/>
  <testcase classname="com.tetherfi.test.fax.FaxSendersTest" name="BulkUploadDuplicateData" time="14.569"/>
</testsuite> <!-- com.tetherfi.test.fax.FaxSendersTest -->
