<?xml version="1.0" encoding="UTF-8"?>
<!-- Generated by org.testng.reporters.JUnitReportReporter -->
<testsuite hostname="DESKTOP-O6A5C2O" failures="1" tests="39" name="com.tetherfi.test.ivr.CallBackAnnouncementTest" time="597.641" errors="0" timestamp="2020-04-07T22:44:48 IST" skipped="0">
  <testcase classname="com.tetherfi.test.ivr.CallBackAnnouncementTest" name="CallbackAnnouncementPage" time="6.774"/>
  <testcase classname="com.tetherfi.test.ivr.CallBackAnnouncementTest" name="VerifyDropdownForAllTheColumns" time="56.694"/>
  <testcase classname="com.tetherfi.test.ivr.CallBackAnnouncementTest" name="VerifyColumnsHeaderEnable" time="11.773"/>
  <testcase classname="com.tetherfi.test.ivr.CallBackAnnouncementTest" name="VerifyColumnsHeaderDisable" time="12.179"/>
  <testcase classname="com.tetherfi.test.ivr.CallBackAnnouncementTest" name="AddNewCallbackAnnouncementCancelRecord" time="17.750"/>
  <testcase classname="com.tetherfi.test.ivr.CallBackAnnouncementTest" name="AddNewCallbackAnnouncementRecord" time="17.297"/>
  <testcase classname="com.tetherfi.test.ivr.CallBackAnnouncementTest" name="VerifyAuditTrialReportForCreate" time="35.520"/>
  <testcase classname="com.tetherfi.test.ivr.CallBackAnnouncementTest" name="AddDuplicateCallBackAnnouncementRecord" time="18.137"/>
  <testcase classname="com.tetherfi.test.ivr.CallBackAnnouncementTest" name="AddNewCallbackAnnouncementWithoutWavFile" time="14.239"/>
  <testcase classname="com.tetherfi.test.ivr.CallBackAnnouncementTest" name="AddNewCallbackAnnouncementWithoutStartTime" time="17.203"/>
  <testcase classname="com.tetherfi.test.ivr.CallBackAnnouncementTest" name="AddNewCallbackAnnouncementWithoutEndTime" time="18.023"/>
  <testcase classname="com.tetherfi.test.ivr.CallBackAnnouncementTest" name="AddNewCallbackAnnouncementWithoutLanguage" time="15.935"/>
  <testcase classname="com.tetherfi.test.ivr.CallBackAnnouncementTest" name="VerifySearchIsNotEqualTo" time="13.087"/>
  <testcase classname="com.tetherfi.test.ivr.CallBackAnnouncementTest" name="VerifySearchContains" time="11.743"/>
  <testcase classname="com.tetherfi.test.ivr.CallBackAnnouncementTest" name="VerifySearchDoesNotContains" time="11.959"/>
  <testcase classname="com.tetherfi.test.ivr.CallBackAnnouncementTest" name="VerifySearchStartsWith" time="11.873"/>
  <testcase classname="com.tetherfi.test.ivr.CallBackAnnouncementTest" name="VerifySearchEndsWith" time="12.174"/>
  <testcase classname="com.tetherfi.test.ivr.CallBackAnnouncementTest" name="EditCallBackAnnouncementRecord" time="16.675"/>
  <testcase classname="com.tetherfi.test.ivr.CallBackAnnouncementTest" name="VerifyAuditTrialReportForUpdate" time="36.480"/>
  <testcase classname="com.tetherfi.test.ivr.CallBackAnnouncementTest" name="EditWithoutModifyReasonCallbackannouncementRecord" time="15.875"/>
  <testcase classname="com.tetherfi.test.ivr.CallBackAnnouncementTest" name="VerifyCancelButtonAtEditCallbackAnnouncementRecord" time="15.384"/>
  <testcase classname="com.tetherfi.test.ivr.CallBackAnnouncementTest" name="searchPage" time="11.013"/>
  <testcase classname="com.tetherfi.test.ivr.CallBackAnnouncementTest" name="searchwithoutSearchTextbox" time="9.250"/>
  <testcase classname="com.tetherfi.test.ivr.CallBackAnnouncementTest" name="DeleteWithoutDeleteReasonRecord" time="12.373"/>
  <testcase classname="com.tetherfi.test.ivr.CallBackAnnouncementTest" name="VerifyCancelButtonDeleteRecord" time="15.101"/>
  <testcase classname="com.tetherfi.test.ivr.CallBackAnnouncementTest" name="DeleteCallbackAnnouncementRecord" time="14.826"/>
  <testcase classname="com.tetherfi.test.ivr.CallBackAnnouncementTest" name="VerifyAuditTrialReportForDelete" time="36.401"/>
  <testcase classname="com.tetherfi.test.ivr.CallBackAnnouncementTest" name="ExportToExcel" time="8.858"/>
  <testcase classname="com.tetherfi.test.ivr.CallBackAnnouncementTest" name="ExportToExcelData" time="7.594"/>
  <testcase classname="com.tetherfi.test.ivr.CallBackAnnouncementTest" name="SearchClearSearch" time="11.956"/>
  <testcase classname="com.tetherfi.test.ivr.CallBackAnnouncementTest" name="ExporttoExcelWithoutData" time="12.713"/>
  <testcase classname="com.tetherfi.test.ivr.CallBackAnnouncementTest" name="SortingByAscending" time="10.745"/>
  <testcase classname="com.tetherfi.test.ivr.CallBackAnnouncementTest" name="SortingByDescending" time="11.470"/>
  <testcase classname="com.tetherfi.test.ivr.CallBackAnnouncementTest" name="GroupBy" time="9.060"/>
  <testcase classname="com.tetherfi.test.ivr.CallBackAnnouncementTest" name="VerifyArrowMoveForPreviousAndNextPage" time="6.773"/>
  <testcase classname="com.tetherfi.test.ivr.CallBackAnnouncementTest" name="VerifyArrowMoveForFirstAndLastPage" time="6.279"/>
  <testcase classname="com.tetherfi.test.ivr.CallBackAnnouncementTest" name="VerifyTotalNumberOfItemsPerPageDetails" time="6.608"/>
  <testcase classname="com.tetherfi.test.ivr.CallBackAnnouncementTest" name="VerifyNumberOfItemsPerPageSelection" time="10.918">
    <failure message="item per page assertion failed did not expect to find [true] but found [false]" type="java.lang.AssertionError">
      <![CDATA[java.lang.AssertionError: item per page assertion failed did not expect to find [true] but found [false]
at org.testng.Assert.fail(Assert.java:97)
at org.testng.Assert.failNotEquals(Assert.java:969)
at org.testng.Assert.assertTrue(Assert.java:43)
at com.tetherfi.test.ivr.CallBackAnnouncementTest.VerifyNumberOfItemsPerPageSelection(CallBackAnnouncementTest.java:393)
at java.base/jdk.internal.reflect.NativeMethodAccessorImpl.invoke0(Native Method)
at java.base/jdk.internal.reflect.NativeMethodAccessorImpl.invoke(Unknown Source)
at java.base/jdk.internal.reflect.DelegatingMethodAccessorImpl.invoke(Unknown Source)
at java.base/java.lang.reflect.Method.invoke(Unknown Source)
at org.testng.internal.MethodInvocationHelper.invokeMethod(MethodInvocationHelper.java:133)
at org.testng.internal.TestInvoker.invokeMethod(TestInvoker.java:584)
at org.testng.internal.TestInvoker.invokeTestMethod(TestInvoker.java:172)
at org.testng.internal.MethodRunner.runInSequence(MethodRunner.java:46)
at org.testng.internal.TestInvoker$MethodInvocationAgent.invoke(TestInvoker.java:804)
at org.testng.internal.TestInvoker.invokeTestMethods(TestInvoker.java:145)
at org.testng.internal.TestMethodWorker.invokeTestMethods(TestMethodWorker.java:146)
at org.testng.internal.TestMethodWorker.run(TestMethodWorker.java:128)
at java.base/java.util.ArrayList.forEach(Unknown Source)
at org.testng.TestRunner.privateRun(TestRunner.java:770)
at org.testng.TestRunner.run(TestRunner.java:591)
at org.testng.SuiteRunner.runTest(SuiteRunner.java:402)
at org.testng.SuiteRunner.runSequentially(SuiteRunner.java:396)
at org.testng.SuiteRunner.privateRun(SuiteRunner.java:355)
at org.testng.SuiteRunner.run(SuiteRunner.java:304)
at org.testng.SuiteRunnerWorker.runSuite(SuiteRunnerWorker.java:53)
at org.testng.SuiteRunnerWorker.run(SuiteRunnerWorker.java:96)
at org.testng.TestNG.runSuitesSequentially(TestNG.java:1180)
at org.testng.TestNG.runSuitesLocally(TestNG.java:1102)
at org.testng.TestNG.runSuites(TestNG.java:1032)
at org.testng.TestNG.run(TestNG.java:1000)
at org.testng.remote.AbstractRemoteTestNG.run(AbstractRemoteTestNG.java:115)
at org.testng.remote.RemoteTestNG.initAndRun(RemoteTestNG.java:251)
at org.testng.remote.RemoteTestNG.main(RemoteTestNG.java:77)
]]>
    </failure>
  </testcase> <!-- VerifyNumberOfItemsPerPageSelection -->
  <testcase classname="com.tetherfi.test.ivr.CallBackAnnouncementTest" name="database" time="8.929"/>
</testsuite> <!-- com.tetherfi.test.ivr.CallBackAnnouncementTest -->
