<?xml version="1.0" encoding="UTF-8"?>
<!-- Generated by org.testng.reporters.JUnitReportReporter -->
<testsuite hostname="DESKTOP-O6A5C2O" failures="0" tests="15" name="com.tetherfi.test.RoleBasedAccessManagementDeleteTest" time="704.421" errors="0" timestamp="2020-03-06T14:41:19 IST" skipped="0">
  <testcase classname="com.tetherfi.test.RoleBasedAccessManagementDeleteTest" name="DeleteCancelRoleBasedAccessManagementRecord" time="40.400"/>
  <testcase classname="com.tetherfi.test.RoleBasedAccessManagementDeleteTest" name="DeleteWithoutModifyReasonRecord" time="42.794"/>
  <testcase classname="com.tetherfi.test.RoleBasedAccessManagementDeleteTest" name="DeleteRecord" time="43.261"/>
  <testcase classname="com.tetherfi.test.RoleBasedAccessManagementDeleteTest" name="VerifyRevertForDeleteRecord" time="43.318"/>
  <testcase classname="com.tetherfi.test.RoleBasedAccessManagementDeleteTest" name="VerifyAuditTrialReportForRevertDelete" time="51.436"/>
  <testcase classname="com.tetherfi.test.RoleBasedAccessManagementDeleteTest" name="RejectDeleteRecord" time="47.250"/>
  <testcase classname="com.tetherfi.test.RoleBasedAccessManagementDeleteTest" name="VerifySendForApprovalForRejectDeleteNewRecord" time="43.680"/>
  <testcase classname="com.tetherfi.test.RoleBasedAccessManagementDeleteTest" name="RejectforDeleteRoleBasedAccessManagementRecord" time="44.309"/>
  <testcase classname="com.tetherfi.test.RoleBasedAccessManagementDeleteTest" name="VerifyAuditTrailReportForReject" time="58.358"/>
  <testcase classname="com.tetherfi.test.RoleBasedAccessManagementDeleteTest" name="DeleteRoleBasedAccessManagementRecord" time="45.320"/>
  <testcase classname="com.tetherfi.test.RoleBasedAccessManagementDeleteTest" name="VerifyAuditTrialReportForDelete" time="54.093"/>
  <testcase classname="com.tetherfi.test.RoleBasedAccessManagementDeleteTest" name="VerifyAuditTrailDataForDeleteRoleBasedAccessManagementRecord" time="39.383"/>
  <testcase classname="com.tetherfi.test.RoleBasedAccessManagementDeleteTest" name="VerifySendForApprovalForDeleteNewRecord" time="50.936"/>
  <testcase classname="com.tetherfi.test.RoleBasedAccessManagementDeleteTest" name="ApproveforDeleteRoleBasedAccessManagementRecord" time="44.933"/>
  <testcase classname="com.tetherfi.test.RoleBasedAccessManagementDeleteTest" name="VerifyAuditTrailReportForApprove" time="54.950"/>
</testsuite> <!-- com.tetherfi.test.RoleBasedAccessManagementDeleteTest -->
