<?xml version="1.0" encoding="UTF-8"?>
<!-- Generated by org.testng.reporters.JUnitReportReporter -->
<testsuite hostname="DESKTOP-O6A5C2O" failures="0" tests="16" name="com.tetherfi.test.fax.FaxTemplateUpdateTest" time="783.116" errors="0" timestamp="2020-02-25T15:28:19 IST" skipped="0">
  <testcase classname="com.tetherfi.test.fax.FaxTemplateUpdateTest" name="VerifyEditCancelButton" time="39.794"/>
  <testcase classname="com.tetherfi.test.fax.FaxTemplateUpdateTest" name="EditRevertFaxTemplateRecord" time="44.038"/>
  <testcase classname="com.tetherfi.test.fax.FaxTemplateUpdateTest" name="VerifyRevertforEditRecord" time="42.399"/>
  <testcase classname="com.tetherfi.test.fax.FaxTemplateUpdateTest" name="VerifyAuditTrailReportForEditRevertRecord" time="60.876"/>
  <testcase classname="com.tetherfi.test.fax.FaxTemplateUpdateTest" name="EditRejectFaxTemplateRecord" time="43.559"/>
  <testcase classname="com.tetherfi.test.fax.FaxTemplateUpdateTest" name="VerifySendForApprovalForEditRejectRecord" time="44.185"/>
  <testcase classname="com.tetherfi.test.fax.FaxTemplateUpdateTest" name="RejectforEditFaxTemplateRecord" time="46.572"/>
  <testcase classname="com.tetherfi.test.fax.FaxTemplateUpdateTest" name="VerifyAuditTrailReportForRejectRecord" time="58.868"/>
  <testcase classname="com.tetherfi.test.fax.FaxTemplateUpdateTest" name="EditApproveFaxTemplateRecord" time="44.457"/>
  <testcase classname="com.tetherfi.test.fax.FaxTemplateUpdateTest" name="VerifyAuditTrailDataForApproveRecord" time="40.170"/>
  <testcase classname="com.tetherfi.test.fax.FaxTemplateUpdateTest" name="VerifyAuditTrailReportForUpdate" time="58.578"/>
  <testcase classname="com.tetherfi.test.fax.FaxTemplateUpdateTest" name="VerifySendForApprovalForEditApproveRecord" time="44.548"/>
  <testcase classname="com.tetherfi.test.fax.FaxTemplateUpdateTest" name="VerifyAuditTrailReportForSendForApproval" time="59.646"/>
  <testcase classname="com.tetherfi.test.fax.FaxTemplateUpdateTest" name="ApproveForUpdatedFaxTemplateRecord" time="47.780"/>
  <testcase classname="com.tetherfi.test.fax.FaxTemplateUpdateTest" name="VerifyAuditTrailReportForApprove" time="66.178"/>
  <testcase classname="com.tetherfi.test.fax.FaxTemplateUpdateTest" name="EditApproveFaxTemplateRecordWithOutModifyReson" time="41.468"/>
</testsuite> <!-- com.tetherfi.test.fax.FaxTemplateUpdateTest -->
