<?xml version="1.0" encoding="UTF-8"?>
<!-- Generated by org.testng.reporters.JUnitReportReporter -->
<testsuite skipped="0" hostname="DESKTOP-NJVBPFB" name="com.tetherfi.test.DashboardColorCodeConfigTest" tests="3" failures="0" timestamp="2020-05-08T17:05:26 IST" time="49.081" errors="0">
  <testcase name="AddNewDashboardColorConfigRecord" time="13.662" classname="com.tetherfi.test.DashboardColorCodeConfigTest"/>
  <testcase name="EditDashboardColorConfigRecord" time="17.779" classname="com.tetherfi.test.DashboardColorCodeConfigTest"/>
  <testcase name="DeleteRecord" time="17.640" classname="com.tetherfi.test.DashboardColorCodeConfigTest"/>
</testsuite> <!-- com.tetherfi.test.DashboardColorCodeConfigTest -->
