<?xml version="1.0" encoding="UTF-8"?>
<!-- Generated by org.testng.reporters.JUnitReportReporter -->
<testsuite skipped="0" hostname="LAPTOP-NKH1C2HF" name="com.tetherfi.test.reports.OCMAgentAuxReportTest" tests="2" failures="0" timestamp="2021-05-17T14:46:39 IST" time="184.312" errors="0">
  <testcase name="verifyAdvancedSearchEndswith" time="80.928" classname="com.tetherfi.test.reports.OCMAgentAuxReportTest"/>
  <testcase name="verifyAdvancedSearchANDCriteria" time="103.384" classname="com.tetherfi.test.reports.OCMAgentAuxReportTest"/>
</testsuite> <!-- com.tetherfi.test.reports.OCMAgentAuxReportTest -->
