<?xml version="1.0" encoding="UTF-8"?>
<!-- Generated by org.testng.reporters.JUnitReportReporter -->
<testsuite skipped="0" hostname="DESKTOP-NJVBPFB" name="com.tetherfi.test.ivr.VIPListManagementTest" tests="3" failures="0" timestamp="2020-05-08T10:09:19 IST" time="52.954" errors="0">
  <testcase name="AddNewVIPListRecord" time="16.907" classname="com.tetherfi.test.ivr.VIPListManagementTest"/>
  <testcase name="EditVIPListRecord" time="19.060" classname="com.tetherfi.test.ivr.VIPListManagementTest"/>
  <testcase name="DeleteVIPListRecord" time="16.987" classname="com.tetherfi.test.ivr.VIPListManagementTest"/>
</testsuite> <!-- com.tetherfi.test.ivr.VIPListManagementTest -->
