<?xml version="1.0" encoding="UTF-8"?>
<!-- Generated by org.testng.reporters.JUnitReportReporter -->
<testsuite skipped="0" hostname="TTF-BLR-SANTOSHKOUJALAGI" name="com.tetherfi.test.tmac.TemplatesTemplateTabTest" tests="7" failures="0" timestamp="2021-11-09T21:45:05 IST" time="184.035" errors="0">
  <testcase name="EditRecordwithoutModifyreason" time="23.365" classname="com.tetherfi.test.tmac.TemplatesTemplateTabTest"/>
  <testcase name="VerifyCancelBtnatEditRecord" time="39.391" classname="com.tetherfi.test.tmac.TemplatesTemplateTabTest"/>
  <testcase name="DeleteRecordwithoutModifyreason" time="15.767" classname="com.tetherfi.test.tmac.TemplatesTemplateTabTest"/>
  <testcase name="VerifyCancelBtnatDeleteRecord" time="16.878" classname="com.tetherfi.test.tmac.TemplatesTemplateTabTest"/>
  <testcase name="DeleteRecord" time="15.228" classname="com.tetherfi.test.tmac.TemplatesTemplateTabTest"/>
  <testcase name="verifyAuditTrailReportForDelete" time="36.237" classname="com.tetherfi.test.tmac.TemplatesTemplateTabTest"/>
  <testcase name="verifydatabase" time="37.169" classname="com.tetherfi.test.tmac.TemplatesTemplateTabTest"/>
</testsuite> <!-- com.tetherfi.test.tmac.TemplatesTemplateTabTest -->
