<?xml version="1.0" encoding="UTF-8"?>
<!-- Generated by org.testng.reporters.JUnitReportReporter -->
<testsuite hostname="admin" failures="0" tests="3" name="com.tetherfi.test.chat.ChatIntentSkillMappingTest" time="50.619" errors="0" timestamp="15 May 2019 11:14:32 GMT" skipped="0">
  <testcase classname="com.tetherfi.test.chat.ChatIntentSkillMappingTest" name="AddRecordWithoutSegment" time="18.123"/>
  <testcase classname="com.tetherfi.test.chat.ChatIntentSkillMappingTest" name="AddRecordWithoutSubSegment" time="15.825"/>
  <testcase classname="com.tetherfi.test.chat.ChatIntentSkillMappingTest" name="AddRecordWithoutCustEntType" time="16.671"/>
</testsuite> <!-- com.tetherfi.test.chat.ChatIntentSkillMappingTest -->
