<?xml version="1.0" encoding="UTF-8"?>
<!-- Generated by org.testng.reporters.JUnitReportReporter -->
<testsuite skipped="0" hostname="DESKTOP-NJVBPFB" name="com.tetherfi.test.tmac.AgentSettingsTest" tests="3" failures="0" timestamp="2020-05-08T10:30:04 IST" time="140.357" errors="0">
  <testcase name="VerifyAddNewAgentSettingsRecord" time="75.307" classname="com.tetherfi.test.tmac.AgentSettingsTest"/>
  <testcase name="EditAgentSettingsRecord" time="31.621" classname="com.tetherfi.test.tmac.AgentSettingsTest"/>
  <testcase name="DeleteAgentSettingsRecord" time="33.429" classname="com.tetherfi.test.tmac.AgentSettingsTest"/>
</testsuite> <!-- com.tetherfi.test.tmac.AgentSettingsTest -->
