<?xml version="1.0" encoding="UTF-8"?>
<!-- Generated by org.testng.reporters.JUnitReportReporter -->
<testsuite skipped="0" hostname="DESKTOP-NJVBPFB" name="com.tetherfi.test.chat.ChatMenuDescriptionTest" tests="3" failures="0" timestamp="2020-05-06T18:25:22 IST" time="33.319" errors="0">
  <testcase name="AddNewChatMenuDescriptionRecord" time="8.143" classname="com.tetherfi.test.chat.ChatMenuDescriptionTest"/>
  <testcase name="EditChatMenuDescriptionRecord" time="14.890" classname="com.tetherfi.test.chat.ChatMenuDescriptionTest"/>
  <testcase name="DeleteChatMenuDescriptionRecord" time="10.286" classname="com.tetherfi.test.chat.ChatMenuDescriptionTest"/>
</testsuite> <!-- com.tetherfi.test.chat.ChatMenuDescriptionTest -->
