<?xml version="1.0" encoding="UTF-8"?>
<!-- Generated by org.testng.reporters.JUnitReportReporter -->
<testsuite hostname="admin" failures="0" tests="1" name="com.tetherfi.test.fax.FaxSendersTest" time="9.920" errors="0" timestamp="29 Mar 2019 09:48:07 GMT" skipped="0">
  <testcase classname="com.tetherfi.test.fax.FaxSendersTest" name="database" time="9.920"/>
</testsuite> <!-- com.tetherfi.test.fax.FaxSendersTest -->
