<?xml version="1.0" encoding="UTF-8"?>
<!-- Generated by org.testng.reporters.JUnitReportReporter -->
<testsuite hostname="admin" failures="0" tests="1" name="com.tetherfi.test.reports.OCMFaxSentDetailsReportTest" time="247.057" errors="0" timestamp="2020-06-21T15:15:55 IST" skipped="0">
  <testcase classname="com.tetherfi.test.reports.OCMFaxSentDetailsReportTest" name="database" time="247.057"/>
</testsuite> <!-- com.tetherfi.test.reports.OCMFaxSentDetailsReportTest -->
