<?xml version="1.0" encoding="UTF-8"?>
<!-- Generated by org.testng.reporters.JUnitReportReporter -->
<testsuite skipped="0" hostname="LAPTOP-NKH1C2HF" name="com.tetherfi.test.UserOnBoardingUpdateTest" tests="15" failures="0" timestamp="2021-05-14T12:57:06 IST" time="746.671" errors="0">
  <testcase name="EditRevertUserOnBoardingRecord" time="46.115" classname="com.tetherfi.test.UserOnBoardingUpdateTest"/>
  <testcase name="VerifyRevertForEditRecord" time="49.497" classname="com.tetherfi.test.UserOnBoardingUpdateTest"/>
  <testcase name="VerifyAuditTrialReportForRevertUpdate" time="71.989" classname="com.tetherfi.test.UserOnBoardingUpdateTest"/>
  <testcase name="EditRejectRecord" time="42.396" classname="com.tetherfi.test.UserOnBoardingUpdateTest"/>
  <testcase name="VerifySendForApprovalForEditRejectRecord" time="53.968" classname="com.tetherfi.test.UserOnBoardingUpdateTest"/>
  <testcase name="RejectforEditUserOnBoardingRecord" time="37.993" classname="com.tetherfi.test.UserOnBoardingUpdateTest"/>
  <testcase name="VerifyAuditTrailReportForReject" time="58.970" classname="com.tetherfi.test.UserOnBoardingUpdateTest"/>
  <testcase name="EditUserOnBoardingRecord" time="43.272" classname="com.tetherfi.test.UserOnBoardingUpdateTest"/>
  <testcase name="VerifyAuditTrailDataForEditUserOnBoardingRecord" time="37.136" classname="com.tetherfi.test.UserOnBoardingUpdateTest"/>
  <testcase name="VerifyAuditTrailReportForEdit" time="61.502" classname="com.tetherfi.test.UserOnBoardingUpdateTest"/>
  <testcase name="VerifySendForApprovalForEditedRecordforApprove" time="45.024" classname="com.tetherfi.test.UserOnBoardingUpdateTest"/>
  <testcase name="VerifyAuditTrialReportForSendForApprovalUpdate" time="62.600" classname="com.tetherfi.test.UserOnBoardingUpdateTest"/>
  <testcase name="ApproveforEditedUserOnBoardingRecord" time="41.654" classname="com.tetherfi.test.UserOnBoardingUpdateTest"/>
  <testcase name="VerifyAuditTrailReportForApprove" time="58.428" classname="com.tetherfi.test.UserOnBoardingUpdateTest"/>
  <testcase name="EditRecordWithoutModifyReason" time="36.127" classname="com.tetherfi.test.UserOnBoardingUpdateTest"/>
</testsuite> <!-- com.tetherfi.test.UserOnBoardingUpdateTest -->
