<?xml version="1.0" encoding="UTF-8"?>
<!-- Generated by org.testng.reporters.JUnitReportReporter -->
<testsuite skipped="0" hostname="TTF-BLR-SANTOSHKOUJALAGI" name="com.tetherfi.test.fax.FaxTemplateUITest" tests="27" failures="2" timestamp="2021-08-06T02:43:37 IST" time="538.227" errors="0">
  <testcase name="FaxTemplatePage" time="10.216" classname="com.tetherfi.test.fax.FaxTemplateUITest"/>
  <testcase name="VerifyFaxTemplateApprovedDataPage" time="8.351" classname="com.tetherfi.test.fax.FaxTemplateUITest"/>
  <testcase name="VerifyFaxTemplateAuditTrailDataPage" time="17.485" classname="com.tetherfi.test.fax.FaxTemplateUITest">
    <failure type="java.lang.AssertionError" message="Audit Trail table assertion failed did not expect to find [true] but found [false]">
      <![CDATA[java.lang.AssertionError: Audit Trail table assertion failed did not expect to find [true] but found [false]
at org.testng.Assert.fail(Assert.java:97)
at org.testng.Assert.failNotEquals(Assert.java:969)
at org.testng.Assert.assertTrue(Assert.java:43)
at com.tetherfi.test.fax.FaxTemplateUITest.VerifyFaxTemplateAuditTrailDataPage(FaxTemplateUITest.java:60)
at sun.reflect.NativeMethodAccessorImpl.invoke0(Native Method)
at sun.reflect.NativeMethodAccessorImpl.invoke(Unknown Source)
at sun.reflect.DelegatingMethodAccessorImpl.invoke(Unknown Source)
at java.lang.reflect.Method.invoke(Unknown Source)
at org.testng.internal.MethodInvocationHelper.invokeMethod(MethodInvocationHelper.java:133)
at org.testng.internal.TestInvoker.invokeMethod(TestInvoker.java:584)
at org.testng.internal.TestInvoker.invokeTestMethod(TestInvoker.java:172)
at org.testng.internal.MethodRunner.runInSequence(MethodRunner.java:46)
at org.testng.internal.TestInvoker$MethodInvocationAgent.invoke(TestInvoker.java:804)
at org.testng.internal.TestInvoker.invokeTestMethods(TestInvoker.java:145)
at org.testng.internal.TestMethodWorker.invokeTestMethods(TestMethodWorker.java:146)
at org.testng.internal.TestMethodWorker.run(TestMethodWorker.java:128)
at java.util.ArrayList.forEach(Unknown Source)
at org.testng.TestRunner.privateRun(TestRunner.java:770)
at org.testng.TestRunner.run(TestRunner.java:591)
at org.testng.SuiteRunner.runTest(SuiteRunner.java:402)
at org.testng.SuiteRunner.runSequentially(SuiteRunner.java:396)
at org.testng.SuiteRunner.privateRun(SuiteRunner.java:355)
at org.testng.SuiteRunner.run(SuiteRunner.java:304)
at org.testng.SuiteRunnerWorker.runSuite(SuiteRunnerWorker.java:53)
at org.testng.SuiteRunnerWorker.run(SuiteRunnerWorker.java:96)
at org.testng.TestNG.runSuitesSequentially(TestNG.java:1180)
at org.testng.TestNG.runSuitesLocally(TestNG.java:1102)
at org.testng.TestNG.runSuites(TestNG.java:1032)
at org.testng.TestNG.run(TestNG.java:1000)
at org.testng.remote.AbstractRemoteTestNG.run(AbstractRemoteTestNG.java:115)
at org.testng.remote.RemoteTestNG.initAndRun(RemoteTestNG.java:251)
at org.testng.remote.RemoteTestNG.main(RemoteTestNG.java:77)
]]>
    </failure>
  </testcase> <!-- VerifyFaxTemplateAuditTrailDataPage -->
  <testcase name="VerifyMakeFaxTemplateChangeButton" time="19.337" classname="com.tetherfi.test.fax.FaxTemplateUITest"/>
  <testcase name="VerifyDropDownForAllTheColumns" time="22.714" classname="com.tetherfi.test.fax.FaxTemplateUITest"/>
  <testcase name="VerifyColumnsHeaderEnable" time="22.662" classname="com.tetherfi.test.fax.FaxTemplateUITest"/>
  <testcase name="VerifyColumnsHeaderdisable" time="26.227" classname="com.tetherfi.test.fax.FaxTemplateUITest"/>
  <testcase name="VerifyArrowMoveForPreviousAndNextPage" time="18.733" classname="com.tetherfi.test.fax.FaxTemplateUITest"/>
  <testcase name="VerifyArrowMoveForFirstAndLastPage" time="18.518" classname="com.tetherfi.test.fax.FaxTemplateUITest"/>
  <testcase name="VerifyToatalNumberOfItemsPerPageDetails" time="18.046" classname="com.tetherfi.test.fax.FaxTemplateUITest"/>
  <testcase name="VerifyNumberOfItemsPerPageSelection" time="25.514" classname="com.tetherfi.test.fax.FaxTemplateUITest"/>
  <testcase name="ExportToExcel" time="20.517" classname="com.tetherfi.test.fax.FaxTemplateUITest"/>
  <testcase name="ExportToExcelData" time="21.457" classname="com.tetherfi.test.fax.FaxTemplateUITest"/>
  <testcase name="ExportToExcelWithoutData" time="24.480" classname="com.tetherfi.test.fax.FaxTemplateUITest"/>
  <testcase name="SortByAscending" time="24.584" classname="com.tetherfi.test.fax.FaxTemplateUITest"/>
  <testcase name="SortByDescending" time="25.050" classname="com.tetherfi.test.fax.FaxTemplateUITest"/>
  <testcase name="VerifyDragAndDrop" time="19.243" classname="com.tetherfi.test.fax.FaxTemplateUITest"/>
  <testcase name="verifyDragAndDropAlreadyGroupedHeader" time="19.257" classname="com.tetherfi.test.fax.FaxTemplateUITest"/>
  <testcase name="dataBase" time="15.385" classname="com.tetherfi.test.fax.FaxTemplateUITest">
    <failure type="java.lang.AssertionError" message="dataBase assertion Failed did not expect to find [true] but found [false]">
      <![CDATA[java.lang.AssertionError: dataBase assertion Failed did not expect to find [true] but found [false]
at org.testng.Assert.fail(Assert.java:97)
at org.testng.Assert.failNotEquals(Assert.java:969)
at org.testng.Assert.assertTrue(Assert.java:43)
at com.tetherfi.test.fax.FaxTemplateUITest.dataBase(FaxTemplateUITest.java:207)
at sun.reflect.NativeMethodAccessorImpl.invoke0(Native Method)
at sun.reflect.NativeMethodAccessorImpl.invoke(Unknown Source)
at sun.reflect.DelegatingMethodAccessorImpl.invoke(Unknown Source)
at java.lang.reflect.Method.invoke(Unknown Source)
at org.testng.internal.MethodInvocationHelper.invokeMethod(MethodInvocationHelper.java:133)
at org.testng.internal.TestInvoker.invokeMethod(TestInvoker.java:584)
at org.testng.internal.TestInvoker.invokeTestMethod(TestInvoker.java:172)
at org.testng.internal.MethodRunner.runInSequence(MethodRunner.java:46)
at org.testng.internal.TestInvoker$MethodInvocationAgent.invoke(TestInvoker.java:804)
at org.testng.internal.TestInvoker.invokeTestMethods(TestInvoker.java:145)
at org.testng.internal.TestMethodWorker.invokeTestMethods(TestMethodWorker.java:146)
at org.testng.internal.TestMethodWorker.run(TestMethodWorker.java:128)
at java.util.ArrayList.forEach(Unknown Source)
at org.testng.TestRunner.privateRun(TestRunner.java:770)
at org.testng.TestRunner.run(TestRunner.java:591)
at org.testng.SuiteRunner.runTest(SuiteRunner.java:402)
at org.testng.SuiteRunner.runSequentially(SuiteRunner.java:396)
at org.testng.SuiteRunner.privateRun(SuiteRunner.java:355)
at org.testng.SuiteRunner.run(SuiteRunner.java:304)
at org.testng.SuiteRunnerWorker.runSuite(SuiteRunnerWorker.java:53)
at org.testng.SuiteRunnerWorker.run(SuiteRunnerWorker.java:96)
at org.testng.TestNG.runSuitesSequentially(TestNG.java:1180)
at org.testng.TestNG.runSuitesLocally(TestNG.java:1102)
at org.testng.TestNG.runSuites(TestNG.java:1032)
at org.testng.TestNG.run(TestNG.java:1000)
at org.testng.remote.AbstractRemoteTestNG.run(AbstractRemoteTestNG.java:115)
at org.testng.remote.RemoteTestNG.initAndRun(RemoteTestNG.java:251)
at org.testng.remote.RemoteTestNG.main(RemoteTestNG.java:77)
]]>
    </failure>
  </testcase> <!-- dataBase -->
  <testcase name="SearchPage" time="11.051" classname="com.tetherfi.test.fax.FaxTemplateUITest"/>
  <testcase name="SearchWithoutSearchTextBox" time="10.997" classname="com.tetherfi.test.fax.FaxTemplateUITest"/>
  <testcase name="SearchClearSearch" time="12.452" classname="com.tetherfi.test.fax.FaxTemplateUITest"/>
  <testcase name="VerifySearchIsNotEqualTo" time="28.518" classname="com.tetherfi.test.fax.FaxTemplateUITest"/>
  <testcase name="VerifySearchContains" time="25.064" classname="com.tetherfi.test.fax.FaxTemplateUITest"/>
  <testcase name="VerifySearchDoesNotContains" time="25.664" classname="com.tetherfi.test.fax.FaxTemplateUITest"/>
  <testcase name="VerifySearchStartsWith" time="23.339" classname="com.tetherfi.test.fax.FaxTemplateUITest"/>
  <testcase name="VerifySearchEndsWith" time="23.366" classname="com.tetherfi.test.fax.FaxTemplateUITest"/>
</testsuite> <!-- com.tetherfi.test.fax.FaxTemplateUITest -->
