<?xml version="1.0" encoding="UTF-8"?>
<!-- Generated by org.testng.reporters.JUnitReportReporter -->
<testsuite skipped="0" hostname="TTF-BLR-SANTOSHKOUJALAGI" name="com.tetherfi.test.chat.ChatMenuDescriptionTest" tests="39" failures="0" timestamp="2021-08-11T00:01:38 IST" time="571.811" errors="0">
  <testcase name="ChatMenuDescriptionPage" time="7.187" classname="com.tetherfi.test.chat.ChatMenuDescriptionTest"/>
  <testcase name="VerifyDropdownForAllTheColumns" time="13.582" classname="com.tetherfi.test.chat.ChatMenuDescriptionTest"/>
  <testcase name="VerifyColumnsHeaderEnable" time="10.575" classname="com.tetherfi.test.chat.ChatMenuDescriptionTest"/>
  <testcase name="VerifyColumnsHeaderDisable" time="12.995" classname="com.tetherfi.test.chat.ChatMenuDescriptionTest"/>
  <testcase name="AddNewChatMenuDescriptionRecord" time="8.399" classname="com.tetherfi.test.chat.ChatMenuDescriptionTest"/>
  <testcase name="AddDuplicateChatMenuDescriptionRecord" time="9.390" classname="com.tetherfi.test.chat.ChatMenuDescriptionTest"/>
  <testcase name="VerifyAuditTrialReportForCreate" time="40.287" classname="com.tetherfi.test.chat.ChatMenuDescriptionTest"/>
  <testcase name="AddEmptyRecord" time="7.694" classname="com.tetherfi.test.chat.ChatMenuDescriptionTest"/>
  <testcase name="AddRecordWithoutMenuId" time="10.410" classname="com.tetherfi.test.chat.ChatMenuDescriptionTest"/>
  <testcase name="AddRecordWithoutIntent" time="9.982" classname="com.tetherfi.test.chat.ChatMenuDescriptionTest"/>
  <testcase name="AddRecordWithoutMenuName" time="9.502" classname="com.tetherfi.test.chat.ChatMenuDescriptionTest"/>
  <testcase name="VerifyCancelBtnAtAddRecord" time="30.680" classname="com.tetherfi.test.chat.ChatMenuDescriptionTest"/>
  <testcase name="VerifySearchIsNotEqualTo" time="15.430" classname="com.tetherfi.test.chat.ChatMenuDescriptionTest"/>
  <testcase name="VerifySearchContains" time="14.696" classname="com.tetherfi.test.chat.ChatMenuDescriptionTest"/>
  <testcase name="VerifySearchDoesNotContains" time="14.349" classname="com.tetherfi.test.chat.ChatMenuDescriptionTest"/>
  <testcase name="VerifySearchStartsWith" time="14.794" classname="com.tetherfi.test.chat.ChatMenuDescriptionTest"/>
  <testcase name="VerifySearchEndsWith" time="14.585" classname="com.tetherfi.test.chat.ChatMenuDescriptionTest"/>
  <testcase name="EditChatMenuDescriptionRecord" time="16.998" classname="com.tetherfi.test.chat.ChatMenuDescriptionTest"/>
  <testcase name="VerifyAuditTrialReportForUpdate" time="39.940" classname="com.tetherfi.test.chat.ChatMenuDescriptionTest"/>
  <testcase name="EditWithoutModifyReasonRecord" time="13.237" classname="com.tetherfi.test.chat.ChatMenuDescriptionTest"/>
  <testcase name="VerifyCancelBtnAtEditRecord" time="36.281" classname="com.tetherfi.test.chat.ChatMenuDescriptionTest"/>
  <testcase name="searchPage" time="10.444" classname="com.tetherfi.test.chat.ChatMenuDescriptionTest"/>
  <testcase name="searchwithoutSearchTextbox" time="9.958" classname="com.tetherfi.test.chat.ChatMenuDescriptionTest"/>
  <testcase name="ExportToExcel" time="9.084" classname="com.tetherfi.test.chat.ChatMenuDescriptionTest"/>
  <testcase name="ExportToExcelData" time="8.646" classname="com.tetherfi.test.chat.ChatMenuDescriptionTest"/>
  <testcase name="DeleteWithoutDeleteReasonRecord" time="13.353" classname="com.tetherfi.test.chat.ChatMenuDescriptionTest"/>
  <testcase name="VerifyCancelBtnAtDeleteChatMenuDescriptionRecord" time="13.085" classname="com.tetherfi.test.chat.ChatMenuDescriptionTest"/>
  <testcase name="DeleteChatMenuDescriptionRecord" time="13.479" classname="com.tetherfi.test.chat.ChatMenuDescriptionTest"/>
  <testcase name="VerifyAuditTrialReportForDelete" time="38.014" classname="com.tetherfi.test.chat.ChatMenuDescriptionTest"/>
  <testcase name="SearchClearSearch" time="12.849" classname="com.tetherfi.test.chat.ChatMenuDescriptionTest"/>
  <testcase name="ExporttoExcelWithoutData" time="12.805" classname="com.tetherfi.test.chat.ChatMenuDescriptionTest"/>
  <testcase name="SortingByAscending" time="11.766" classname="com.tetherfi.test.chat.ChatMenuDescriptionTest"/>
  <testcase name="SortingByDescending" time="11.843" classname="com.tetherfi.test.chat.ChatMenuDescriptionTest"/>
  <testcase name="GroupBy" time="9.623" classname="com.tetherfi.test.chat.ChatMenuDescriptionTest"/>
  <testcase name="VerifyArrowMoveForPreviousAndNextPage" time="6.497" classname="com.tetherfi.test.chat.ChatMenuDescriptionTest"/>
  <testcase name="VerifyArrowMoveForFirstAndLastPage" time="6.493" classname="com.tetherfi.test.chat.ChatMenuDescriptionTest"/>
  <testcase name="VerifyTotalNumberOfItemsPerPageDetails" time="7.594" classname="com.tetherfi.test.chat.ChatMenuDescriptionTest"/>
  <testcase name="VerifyNumberOfItemsPerPageSelection" time="11.381" classname="com.tetherfi.test.chat.ChatMenuDescriptionTest"/>
  <testcase name="database" time="13.904" classname="com.tetherfi.test.chat.ChatMenuDescriptionTest"/>
</testsuite> <!-- com.tetherfi.test.chat.ChatMenuDescriptionTest -->
