<?xml version="1.0" encoding="UTF-8"?>
<!-- Generated by org.testng.reporters.JUnitReportReporter -->
<testsuite skipped="0" hostname="admin" name="com.tetherfi.test.UserManagementDashboardE2ETest" tests="2" failures="0" timestamp="10 Feb 2019 13:49:06 GMT" time="302.415" errors="0">
  <testcase name="VerifyDashboardBtnNotAvailable" time="142.995" classname="com.tetherfi.test.UserManagementDashboardE2ETest"/>
  <testcase name="VerifyAccessOfChatCallback" time="159.420" classname="com.tetherfi.test.UserManagementDashboardE2ETest"/>
</testsuite> <!-- com.tetherfi.test.UserManagementDashboardE2ETest -->
