<?xml version="1.0" encoding="UTF-8"?>
<!-- Generated by org.testng.reporters.JUnitReportReporter -->
<testsuite skipped="7" hostname="TTF-BLR-SANTOSHKOUJALAGI" name="com.tetherfi.test.tmac.TmacTransferListTest" tests="55" failures="0" timestamp="2021-10-20T08:08:16 IST" time="1026.861" errors="2">
  <testcase name="VerifyAddConsultTransferPopUpContentDisplayed" time="12.585" classname="com.tetherfi.test.tmac.TmacTransferListTest"/>
  <testcase name="VerifyErrMsgNameBlank" time="15.453" classname="com.tetherfi.test.tmac.TmacTransferListTest"/>
  <testcase name="VerifyErrMsgAgtExtBlank" time="16.074" classname="com.tetherfi.test.tmac.TmacTransferListTest"/>
  <testcase name="VerifyErrMsgTypeNotSelected" time="15.709" classname="com.tetherfi.test.tmac.TmacTransferListTest"/>
  <testcase name="VerifyCancelonNewConsulTransfer" time="11.617" classname="com.tetherfi.test.tmac.TmacTransferListTest"/>
  <testcase name="AddNewTmacConsultTransferRecord" time="12.293" classname="com.tetherfi.test.tmac.TmacTransferListTest"/>
  <testcase name="VerifyAuditTrialReportForTMACConsultTransferCreate" time="39.593" classname="com.tetherfi.test.tmac.TmacTransferListTest"/>
  <testcase name="AddNewTmacConsultTransferRecord2" time="11.417" classname="com.tetherfi.test.tmac.TmacTransferListTest"/>
  <testcase name="VerifyNoModReasonErrMsgOnEditConsulRecd" time="23.374" classname="com.tetherfi.test.tmac.TmacTransferListTest"/>
  <testcase name="EditNameOnTmacConsultTransferRecord" time="18.864" classname="com.tetherfi.test.tmac.TmacTransferListTest"/>
  <testcase name="VerifyAuditTrialReportForUpdate" time="40.496" classname="com.tetherfi.test.tmac.TmacTransferListTest"/>
  <testcase name="EditAgtExtOnTmacConsultTransferRecord" time="19.711" classname="com.tetherfi.test.tmac.TmacTransferListTest"/>
  <testcase name="EditTypeOnTmacConsultTransferRecord" time="17.849" classname="com.tetherfi.test.tmac.TmacTransferListTest"/>
  <testcase name="EditAllOnTmacConsultTransferRecord" time="20.013" classname="com.tetherfi.test.tmac.TmacTransferListTest"/>
  <testcase name="ExportToExcel" time="9.739" classname="com.tetherfi.test.tmac.TmacTransferListTest"/>
  <testcase name="ExportToExcelData" time="13.236" classname="com.tetherfi.test.tmac.TmacTransferListTest"/>
  <testcase name="database" time="19.991" classname="com.tetherfi.test.tmac.TmacTransferListTest"/>
  <testcase name="GroupBy" time="12.513" classname="com.tetherfi.test.tmac.TmacTransferListTest"/>
  <testcase name="DeleteNoReasonErrMsgTmacConsultTransferRecord" time="18.067" classname="com.tetherfi.test.tmac.TmacTransferListTest"/>
  <testcase name="DeleteNoReasonNoBtnTmacConsultTransferRecord" time="37.710" classname="com.tetherfi.test.tmac.TmacTransferListTest"/>
  <testcase name="DeleteTmacConsultTransferRecord" time="18.979" classname="com.tetherfi.test.tmac.TmacTransferListTest"/>
  <testcase name="VerifyAuditTrialReportForTmacConsultTransferDelete" time="39.233" classname="com.tetherfi.test.tmac.TmacTransferListTest"/>
  <testcase name="DeleteTmacConsultTransferRecord2" time="20.134" classname="com.tetherfi.test.tmac.TmacTransferListTest"/>
  <testcase name="VerifyAddNewBlindTransferButton" time="9.075" classname="com.tetherfi.test.tmac.TmacTransferListTest"/>
  <testcase name="VerifyAddBlindTransferPopUpContentDisplayed" time="10.867" classname="com.tetherfi.test.tmac.TmacTransferListTest"/>
  <testcase name="VerifyErrMsgNoData" time="15.412" classname="com.tetherfi.test.tmac.TmacTransferListTest"/>
  <testcase name="VerifyErrMsgVDNBlank" time="16.382" classname="com.tetherfi.test.tmac.TmacTransferListTest"/>
  <testcase name="VerifyErrMsgSkillNameNotSelected" time="14.659" classname="com.tetherfi.test.tmac.TmacTransferListTest"/>
  <testcase name="VerifyErrMsgChannelNotSelected" time="16.243" classname="com.tetherfi.test.tmac.TmacTransferListTest"/>
  <testcase name="VerifyCancelonNewBlindTransfer" time="17.531" classname="com.tetherfi.test.tmac.TmacTransferListTest"/>
  <testcase name="AddNewTmacBlindTransferRecord" time="16.219" classname="com.tetherfi.test.tmac.TmacTransferListTest"/>
  <testcase name="VerifyAuditTrialReportForTmacBlindTransferCreate" time="38.082" classname="com.tetherfi.test.tmac.TmacTransferListTest"/>
  <testcase name="VerifyRecdBlindTransDupVDN" time="14.470" classname="com.tetherfi.test.tmac.TmacTransferListTest">
    <error type="org.openqa.selenium.StaleElementReferenceException" message="stale element reference: element is not attached to the page document
  (Session info: chrome=94.0.4606.81)
For documentation on this error, please visit: https://www.seleniumhq.org/exceptions/stale_element_reference.html
Build info: version: &#039;3.141.59&#039;, revision: &#039;e82be7d358&#039;, time: &#039;2018-11-14T08:17:03&#039;
System info: host: &#039;TTF-BLR-SANTOSH&#039;, ip: &#039;192.168.50.7&#039;, os.name: &#039;Windows 10&#039;, os.arch: &#039;amd64&#039;, os.version: &#039;10.0&#039;, java.version: &#039;1.8.0_181&#039;
Driver info: org.openqa.selenium.chrome.ChromeDriver
Capabilities {acceptInsecureCerts: false, browserName: chrome, browserVersion: 94.0.4606.81, chrome: {chromedriverVersion: 94.0.4606.41 (333e85df3c9b6..., userDataDir: C:\Users\admin\AppData\Loca...}, goog:chromeOptions: {debuggerAddress: localhost:62675}, javascriptEnabled: true, networkConnectionEnabled: false, pageLoadStrategy: normal, platform: WINDOWS, platformName: WINDOWS, proxy: Proxy(), setWindowRect: true, strictFileInteractability: false, timeouts: {implicit: 0, pageLoad: 300000, script: 30000}, unhandledPromptBehavior: dismiss and notify, webauthn:extension:credBlob: true, webauthn:extension:largeBlob: true, webauthn:virtualAuthenticators: true}
Session ID: cb3f1dba69b7aba8b6dcc0006f007864">
      <![CDATA[org.openqa.selenium.StaleElementReferenceException: stale element reference: element is not attached to the page document
  (Session info: chrome=94.0.4606.81)
For documentation on this error, please visit: https://www.seleniumhq.org/exceptions/stale_element_reference.html
Build info: version: '3.141.59', revision: 'e82be7d358', time: '2018-11-14T08:17:03'
System info: host: 'TTF-BLR-SANTOSH', ip: '192.168.50.7', os.name: 'Windows 10', os.arch: 'amd64', os.version: '10.0', java.version: '1.8.0_181'
Driver info: org.openqa.selenium.chrome.ChromeDriver
Capabilities {acceptInsecureCerts: false, browserName: chrome, browserVersion: 94.0.4606.81, chrome: {chromedriverVersion: 94.0.4606.41 (333e85df3c9b6..., userDataDir: C:\Users\admin\AppData\Loca...}, goog:chromeOptions: {debuggerAddress: localhost:62675}, javascriptEnabled: true, networkConnectionEnabled: false, pageLoadStrategy: normal, platform: WINDOWS, platformName: WINDOWS, proxy: Proxy(), setWindowRect: true, strictFileInteractability: false, timeouts: {implicit: 0, pageLoad: 300000, script: 30000}, unhandledPromptBehavior: dismiss and notify, webauthn:extension:credBlob: true, webauthn:extension:largeBlob: true, webauthn:virtualAuthenticators: true}
Session ID: cb3f1dba69b7aba8b6dcc0006f007864
at sun.reflect.NativeConstructorAccessorImpl.newInstance0(Native Method)
at sun.reflect.NativeConstructorAccessorImpl.newInstance(Unknown Source)
at sun.reflect.DelegatingConstructorAccessorImpl.newInstance(Unknown Source)
at java.lang.reflect.Constructor.newInstance(Unknown Source)
at org.openqa.selenium.remote.http.W3CHttpResponseCodec.createException(W3CHttpResponseCodec.java:187)
at org.openqa.selenium.remote.http.W3CHttpResponseCodec.decode(W3CHttpResponseCodec.java:122)
at org.openqa.selenium.remote.http.W3CHttpResponseCodec.decode(W3CHttpResponseCodec.java:49)
at org.openqa.selenium.remote.HttpCommandExecutor.execute(HttpCommandExecutor.java:158)
at org.openqa.selenium.remote.service.DriverCommandExecutor.execute(DriverCommandExecutor.java:83)
at org.openqa.selenium.remote.RemoteWebDriver.execute(RemoteWebDriver.java:552)
at org.openqa.selenium.remote.RemoteWebElement.execute(RemoteWebElement.java:285)
at org.openqa.selenium.remote.RemoteWebElement.getText(RemoteWebElement.java:166)
at com.tetherfi.pages.BasePage.selectDropdownFromVisibleText(BasePage.java:345)
at com.tetherfi.pages.TmacTransferListPage.addNewTmacBlindTransferList(TmacTransferListPage.java:656)
at com.tetherfi.test.tmac.TmacTransferListTest.VerifyRecdBlindTransDupVDN(TmacTransferListTest.java:575)
at sun.reflect.NativeMethodAccessorImpl.invoke0(Native Method)
at sun.reflect.NativeMethodAccessorImpl.invoke(Unknown Source)
at sun.reflect.DelegatingMethodAccessorImpl.invoke(Unknown Source)
at java.lang.reflect.Method.invoke(Unknown Source)
at org.testng.internal.MethodInvocationHelper.invokeMethod(MethodInvocationHelper.java:133)
at org.testng.internal.TestInvoker.invokeMethod(TestInvoker.java:584)
at org.testng.internal.TestInvoker.invokeTestMethod(TestInvoker.java:172)
at org.testng.internal.MethodRunner.runInSequence(MethodRunner.java:46)
at org.testng.internal.TestInvoker$MethodInvocationAgent.invoke(TestInvoker.java:804)
at org.testng.internal.TestInvoker.invokeTestMethods(TestInvoker.java:145)
at org.testng.internal.TestMethodWorker.invokeTestMethods(TestMethodWorker.java:146)
at org.testng.internal.TestMethodWorker.run(TestMethodWorker.java:128)
at java.util.ArrayList.forEach(Unknown Source)
at org.testng.TestRunner.privateRun(TestRunner.java:770)
at org.testng.TestRunner.run(TestRunner.java:591)
at org.testng.SuiteRunner.runTest(SuiteRunner.java:402)
at org.testng.SuiteRunner.runSequentially(SuiteRunner.java:396)
at org.testng.SuiteRunner.privateRun(SuiteRunner.java:355)
at org.testng.SuiteRunner.run(SuiteRunner.java:304)
at org.testng.SuiteRunnerWorker.runSuite(SuiteRunnerWorker.java:53)
at org.testng.SuiteRunnerWorker.run(SuiteRunnerWorker.java:96)
at org.testng.TestNG.runSuitesSequentially(TestNG.java:1180)
at org.testng.TestNG.runSuitesLocally(TestNG.java:1102)
at org.testng.TestNG.runSuites(TestNG.java:1032)
at org.testng.TestNG.run(TestNG.java:1000)
at org.testng.remote.AbstractRemoteTestNG.run(AbstractRemoteTestNG.java:115)
at org.testng.remote.RemoteTestNG.initAndRun(RemoteTestNG.java:251)
at org.testng.remote.RemoteTestNG.main(RemoteTestNG.java:77)
]]>
    </error>
  </testcase> <!-- VerifyRecdBlindTransDupVDN -->
  <testcase name="VerifyRecdBlindTransDiffVDN" time="17.862" classname="com.tetherfi.test.tmac.TmacTransferListTest"/>
  <testcase name="VerifyErrMsgNoModReasonEditTmacBlindTransferRecord" time="25.887" classname="com.tetherfi.test.tmac.TmacTransferListTest"/>
  <testcase name="EditTmacBlindTransferRecord" time="24.960" classname="com.tetherfi.test.tmac.TmacTransferListTest"/>
  <testcase name="VerifyAuditTrialReportForTmacBlindtransferUpdate" time="40.182" classname="com.tetherfi.test.tmac.TmacTransferListTest"/>
  <testcase name="ExportToExcelBlindTrans" time="10.980" classname="com.tetherfi.test.tmac.TmacTransferListTest"/>
  <testcase name="ExportToExcelDataBlindTrans" time="14.866" classname="com.tetherfi.test.tmac.TmacTransferListTest"/>
  <testcase name="databaseBlindTrans" time="23.033" classname="com.tetherfi.test.tmac.TmacTransferListTest"/>
  <testcase name="GroupByBlindTrans" time="13.064" classname="com.tetherfi.test.tmac.TmacTransferListTest"/>
  <testcase name="DeleteNoReasonErrMsgTmacBlindTransferRecord" time="19.684" classname="com.tetherfi.test.tmac.TmacTransferListTest"/>
  <testcase name="DeleteNoReasonNoBtnTmacBlindTransferRecord" time="38.020" classname="com.tetherfi.test.tmac.TmacTransferListTest"/>
  <testcase name="DeleteTmacBlindTransferRecord" time="17.350" classname="com.tetherfi.test.tmac.TmacTransferListTest"/>
  <testcase name="VerifyAuditTrialReportForTmacBlindTransferDelete" time="40.185" classname="com.tetherfi.test.tmac.TmacTransferListTest"/>
  <testcase name="DeleteTmacBlindTransferRecord2" time="75.738" classname="com.tetherfi.test.tmac.TmacTransferListTest">
    <error type="org.openqa.selenium.TimeoutException" message="Expected condition failed: waiting for visibility of Proxy element for: DefaultElementLocator &#039;By.cssSelector: #tdrillgrid .k-grid-CustomDelete&#039; (tried for 30 second(s) with 500 milliseconds interval)">
      <![CDATA[org.openqa.selenium.TimeoutException: Expected condition failed: waiting for visibility of Proxy element for: DefaultElementLocator 'By.cssSelector: #tdrillgrid .k-grid-CustomDelete' (tried for 30 second(s) with 500 milliseconds interval)
at org.openqa.selenium.support.ui.WebDriverWait.timeoutException(WebDriverWait.java:95)
at org.openqa.selenium.support.ui.FluentWait.until(FluentWait.java:272)
at com.tetherfi.pages.BasePage.waitUntilWebElementIsVisible(BasePage.java:129)
at com.tetherfi.pages.TmacTransferListPage.deleteTmacBlindTransferList(TmacTransferListPage.java:681)
at com.tetherfi.test.tmac.TmacTransferListTest.DeleteTmacBlindTransferRecord2(TmacTransferListTest.java:783)
at sun.reflect.NativeMethodAccessorImpl.invoke0(Native Method)
at sun.reflect.NativeMethodAccessorImpl.invoke(Unknown Source)
at sun.reflect.DelegatingMethodAccessorImpl.invoke(Unknown Source)
at java.lang.reflect.Method.invoke(Unknown Source)
at org.testng.internal.MethodInvocationHelper.invokeMethod(MethodInvocationHelper.java:133)
at org.testng.internal.TestInvoker.invokeMethod(TestInvoker.java:584)
at org.testng.internal.TestInvoker.invokeTestMethod(TestInvoker.java:172)
at org.testng.internal.MethodRunner.runInSequence(MethodRunner.java:46)
at org.testng.internal.TestInvoker$MethodInvocationAgent.invoke(TestInvoker.java:804)
at org.testng.internal.TestInvoker.invokeTestMethods(TestInvoker.java:145)
at org.testng.internal.TestMethodWorker.invokeTestMethods(TestMethodWorker.java:146)
at org.testng.internal.TestMethodWorker.run(TestMethodWorker.java:128)
at java.util.ArrayList.forEach(Unknown Source)
at org.testng.TestRunner.privateRun(TestRunner.java:770)
at org.testng.TestRunner.run(TestRunner.java:591)
at org.testng.SuiteRunner.runTest(SuiteRunner.java:402)
at org.testng.SuiteRunner.runSequentially(SuiteRunner.java:396)
at org.testng.SuiteRunner.privateRun(SuiteRunner.java:355)
at org.testng.SuiteRunner.run(SuiteRunner.java:304)
at org.testng.SuiteRunnerWorker.runSuite(SuiteRunnerWorker.java:53)
at org.testng.SuiteRunnerWorker.run(SuiteRunnerWorker.java:96)
at org.testng.TestNG.runSuitesSequentially(TestNG.java:1180)
at org.testng.TestNG.runSuitesLocally(TestNG.java:1102)
at org.testng.TestNG.runSuites(TestNG.java:1032)
at org.testng.TestNG.run(TestNG.java:1000)
at org.testng.remote.AbstractRemoteTestNG.run(AbstractRemoteTestNG.java:115)
at org.testng.remote.RemoteTestNG.initAndRun(RemoteTestNG.java:251)
at org.testng.remote.RemoteTestNG.main(RemoteTestNG.java:77)
Caused by: org.openqa.selenium.NoSuchElementException: no such element: Unable to locate element: {"method":"css selector","selector":"#tdrillgrid .k-grid-CustomDelete"}
  (Session info: chrome=94.0.4606.81)
For documentation on this error, please visit: https://www.seleniumhq.org/exceptions/no_such_element.html
Build info: version: '3.141.59', revision: 'e82be7d358', time: '2018-11-14T08:17:03'
System info: host: 'TTF-BLR-SANTOSH', ip: '192.168.50.7', os.name: 'Windows 10', os.arch: 'amd64', os.version: '10.0', java.version: '1.8.0_181'
Driver info: org.openqa.selenium.chrome.ChromeDriver
Capabilities {acceptInsecureCerts: false, browserName: chrome, browserVersion: 94.0.4606.81, chrome: {chromedriverVersion: 94.0.4606.41 (333e85df3c9b6..., userDataDir: C:\Users\admin\AppData\Loca...}, goog:chromeOptions: {debuggerAddress: localhost:62675}, javascriptEnabled: true, networkConnectionEnabled: false, pageLoadStrategy: normal, platform: WINDOWS, platformName: WINDOWS, proxy: Proxy(), setWindowRect: true, strictFileInteractability: false, timeouts: {implicit: 0, pageLoad: 300000, script: 30000}, unhandledPromptBehavior: dismiss and notify, webauthn:extension:credBlob: true, webauthn:extension:largeBlob: true, webauthn:virtualAuthenticators: true}
Session ID: cb3f1dba69b7aba8b6dcc0006f007864
*** Element info: {Using=css selector, value=#tdrillgrid .k-grid-CustomDelete}
at sun.reflect.NativeConstructorAccessorImpl.newInstance0(Native Method)
at sun.reflect.NativeConstructorAccessorImpl.newInstance(Unknown Source)
at sun.reflect.DelegatingConstructorAccessorImpl.newInstance(Unknown Source)
at java.lang.reflect.Constructor.newInstance(Unknown Source)
at org.openqa.selenium.remote.http.W3CHttpResponseCodec.createException(W3CHttpResponseCodec.java:187)
at org.openqa.selenium.remote.http.W3CHttpResponseCodec.decode(W3CHttpResponseCodec.java:122)
at org.openqa.selenium.remote.http.W3CHttpResponseCodec.decode(W3CHttpResponseCodec.java:49)
at org.openqa.selenium.remote.HttpCommandExecutor.execute(HttpCommandExecutor.java:158)
at org.openqa.selenium.remote.service.DriverCommandExecutor.execute(DriverCommandExecutor.java:83)
at org.openqa.selenium.remote.RemoteWebDriver.execute(RemoteWebDriver.java:552)
at org.openqa.selenium.remote.RemoteWebDriver.findElement(RemoteWebDriver.java:323)
at org.openqa.selenium.remote.RemoteWebDriver.findElementByCssSelector(RemoteWebDriver.java:420)
at org.openqa.selenium.By$ByCssSelector.findElement(By.java:431)
at org.openqa.selenium.remote.RemoteWebDriver.findElement(RemoteWebDriver.java:315)
at org.openqa.selenium.support.pagefactory.DefaultElementLocator.findElement(DefaultElementLocator.java:69)
at org.openqa.selenium.support.pagefactory.internal.LocatingElementHandler.invoke(LocatingElementHandler.java:38)
at com.sun.proxy.$Proxy11.isDisplayed(Unknown Source)
at org.openqa.selenium.support.ui.ExpectedConditions.elementIfVisible(ExpectedConditions.java:314)
at org.openqa.selenium.support.ui.ExpectedConditions.access$000(ExpectedConditions.java:43)
at org.openqa.selenium.support.ui.ExpectedConditions$10.apply(ExpectedConditions.java:300)
at org.openqa.selenium.support.ui.ExpectedConditions$10.apply(ExpectedConditions.java:297)
at org.openqa.selenium.support.ui.FluentWait.until(FluentWait.java:249)
... 31 more
]]>
    </error>
  </testcase> <!-- DeleteTmacBlindTransferRecord2 -->
  <testcase name="DeleteTmacBlindTransferRecord3" time="16.853" classname="com.tetherfi.test.tmac.TmacTransferListTest"/>
  <testcase name="fullScreenAndRestoreBlindTrans" time="14.607" classname="com.tetherfi.test.tmac.TmacTransferListTest"/>
  <testcase name="VerifyErrMsgDuplicateName" classname="com.tetherfi.test.tmac.TmacTransferListTest">
    <skipped/>
  </testcase> <!-- VerifyErrMsgDuplicateName -->
  <testcase name="VerifyErrMsgDuplicateValue" classname="com.tetherfi.test.tmac.TmacTransferListTest">
    <skipped/>
  </testcase> <!-- VerifyErrMsgDuplicateValue -->
  <testcase name="VerifyErrMsgDupSkillIdName" classname="com.tetherfi.test.tmac.TmacTransferListTest">
    <skipped/>
  </testcase> <!-- VerifyErrMsgDupSkillIdName -->
  <testcase name="VerifyDupNameErrMsgOnEditConsulRecd" classname="com.tetherfi.test.tmac.TmacTransferListTest">
    <skipped/>
  </testcase> <!-- VerifyDupNameErrMsgOnEditConsulRecd -->
  <testcase name="VerifyDupValueErrMsgOnEditConsulRecd" classname="com.tetherfi.test.tmac.TmacTransferListTest">
    <skipped/>
  </testcase> <!-- VerifyDupValueErrMsgOnEditConsulRecd -->
  <testcase name="VerifyErrMsgDupSkillIdNameVdn" classname="com.tetherfi.test.tmac.TmacTransferListTest">
    <skipped/>
  </testcase> <!-- VerifyErrMsgDupSkillIdNameVdn -->
  <testcase name="VerifyDupErrMsgEditTmacBlindTransferRecord" classname="com.tetherfi.test.tmac.TmacTransferListTest">
    <skipped/>
  </testcase> <!-- VerifyDupErrMsgEditTmacBlindTransferRecord -->
</testsuite> <!-- com.tetherfi.test.tmac.TmacTransferListTest -->
