<?xml version="1.0" encoding="UTF-8"?>
<!-- Generated by org.testng.reporters.JUnitReportReporter -->
<testsuite skipped="0" hostname="admin" name="com.tetherfi.test.UserManagementE2ETest" tests="4" failures="0" timestamp="12 Feb 2019 15:05:04 GMT" time="794.170" errors="0">
  <testcase name="VerifyAccessOfTMACBroadcastMsg" time="191.293" classname="com.tetherfi.test.UserManagementE2ETest"/>
  <testcase name="VerifyExportAccessOfTMACBroadcastMsg" time="204.647" classname="com.tetherfi.test.UserManagementE2ETest"/>
  <testcase name="VerifyEditAccessOfTMACBroadcastMsg" time="188.961" classname="com.tetherfi.test.UserManagementE2ETest"/>
  <testcase name="VerifyAddAccessOfTMACBroadcastMsg" time="209.269" classname="com.tetherfi.test.UserManagementE2ETest"/>
</testsuite> <!-- com.tetherfi.test.UserManagementE2ETest -->
