<?xml version="1.0" encoding="UTF-8"?>
<!-- Generated by org.testng.reporters.JUnitReportReporter -->
<testsuite hostname="DESKTOP-O6A5C2O" failures="2" tests="21" name="com.tetherfi.test.ivr.IvrConfigCreateTest" time="975.492" errors="0" timestamp="2020-03-18T19:12:02 IST" skipped="0">
  <testcase classname="com.tetherfi.test.ivr.IvrConfigCreateTest" name="VerifyAddCancelButton" time="36.363"/>
  <testcase classname="com.tetherfi.test.ivr.IvrConfigCreateTest" name="VerifyAddRecordWithoutParameter" time="43.171"/>
  <testcase classname="com.tetherfi.test.ivr.IvrConfigCreateTest" name="VerifyAddRecordWithoutValue" time="42.303"/>
  <testcase classname="com.tetherfi.test.ivr.IvrConfigCreateTest" name="VerifyAddRevertRecord" time="43.840"/>
  <testcase classname="com.tetherfi.test.ivr.IvrConfigCreateTest" name="VerifyRevertForAddNewRecord" time="46.787"/>
  <testcase classname="com.tetherfi.test.ivr.IvrConfigCreateTest" name="VerifyApprovedDataSectionWithoutApproval" time="38.089"/>
  <testcase classname="com.tetherfi.test.ivr.IvrConfigCreateTest" name="VerifyAuditTrailReportForRevert" time="63.511"/>
  <testcase classname="com.tetherfi.test.ivr.IvrConfigCreateTest" name="AddRejectRecord" time="44.194"/>
  <testcase classname="com.tetherfi.test.ivr.IvrConfigCreateTest" name="VerifySendForApprovalForAddNewRecord" time="44.021"/>
  <testcase classname="com.tetherfi.test.ivr.IvrConfigCreateTest" name="RejectforAddNewIvrConfigRecord" time="46.220"/>
  <testcase classname="com.tetherfi.test.ivr.IvrConfigCreateTest" name="VerifyAuditTrailReportForReject" time="57.727"/>
  <testcase classname="com.tetherfi.test.ivr.IvrConfigCreateTest" name="VerifyRecordAfterRejection" time="40.213"/>
  <testcase classname="com.tetherfi.test.ivr.IvrConfigCreateTest" name="AddNewIvrConfigRecord" time="42.513"/>
  <testcase classname="com.tetherfi.test.ivr.IvrConfigCreateTest" name="VerifyAuditTrailReportForCreate" time="58.080"/>
  <testcase classname="com.tetherfi.test.ivr.IvrConfigCreateTest" name="VerifyAuditTrailDataForAddNewIvrConfigRecord" time="41.235"/>
  <testcase classname="com.tetherfi.test.ivr.IvrConfigCreateTest" name="VerifySendForApprovalForAddIvrConfigRecord" time="44.513"/>
  <testcase classname="com.tetherfi.test.ivr.IvrConfigCreateTest" name="VerifyAuditTrailReportForSendForApproval" time="58.801">
    <failure message="Audit Trail report assertion failed did not expect to find [true] but found [false]" type="java.lang.AssertionError">
      <![CDATA[java.lang.AssertionError: Audit Trail report assertion failed did not expect to find [true] but found [false]
at org.testng.Assert.fail(Assert.java:97)
at org.testng.Assert.failNotEquals(Assert.java:969)
at org.testng.Assert.assertTrue(Assert.java:43)
at com.tetherfi.test.ivr.IvrConfigCreateTest.VerifyAuditTrailReportForSendForApproval(IvrConfigCreateTest.java:256)
at java.base/jdk.internal.reflect.NativeMethodAccessorImpl.invoke0(Native Method)
at java.base/jdk.internal.reflect.NativeMethodAccessorImpl.invoke(Unknown Source)
at java.base/jdk.internal.reflect.DelegatingMethodAccessorImpl.invoke(Unknown Source)
at java.base/java.lang.reflect.Method.invoke(Unknown Source)
at org.testng.internal.MethodInvocationHelper.invokeMethod(MethodInvocationHelper.java:133)
at org.testng.internal.TestInvoker.invokeMethod(TestInvoker.java:584)
at org.testng.internal.TestInvoker.invokeTestMethod(TestInvoker.java:172)
at org.testng.internal.MethodRunner.runInSequence(MethodRunner.java:46)
at org.testng.internal.TestInvoker$MethodInvocationAgent.invoke(TestInvoker.java:804)
at org.testng.internal.TestInvoker.invokeTestMethods(TestInvoker.java:145)
at org.testng.internal.TestMethodWorker.invokeTestMethods(TestMethodWorker.java:146)
at org.testng.internal.TestMethodWorker.run(TestMethodWorker.java:128)
at java.base/java.util.ArrayList.forEach(Unknown Source)
at org.testng.TestRunner.privateRun(TestRunner.java:770)
at org.testng.TestRunner.run(TestRunner.java:591)
at org.testng.SuiteRunner.runTest(SuiteRunner.java:402)
at org.testng.SuiteRunner.runSequentially(SuiteRunner.java:396)
at org.testng.SuiteRunner.privateRun(SuiteRunner.java:355)
at org.testng.SuiteRunner.run(SuiteRunner.java:304)
at org.testng.SuiteRunnerWorker.runSuite(SuiteRunnerWorker.java:53)
at org.testng.SuiteRunnerWorker.run(SuiteRunnerWorker.java:96)
at org.testng.TestNG.runSuitesSequentially(TestNG.java:1180)
at org.testng.TestNG.runSuitesLocally(TestNG.java:1102)
at org.testng.TestNG.runSuites(TestNG.java:1032)
at org.testng.TestNG.run(TestNG.java:1000)
at org.testng.remote.AbstractRemoteTestNG.run(AbstractRemoteTestNG.java:115)
at org.testng.remote.RemoteTestNG.initAndRun(RemoteTestNG.java:251)
at org.testng.remote.RemoteTestNG.main(RemoteTestNG.java:77)
]]>
    </failure>
  </testcase> <!-- VerifyAuditTrailReportForSendForApproval -->
  <testcase classname="com.tetherfi.test.ivr.IvrConfigCreateTest" name="ApproveforAddNewIvrConfigRecord" time="45.957"/>
  <testcase classname="com.tetherfi.test.ivr.IvrConfigCreateTest" name="VerifyAuditTrailReportForApprove" time="58.427">
    <failure message="Audit Trail report assertion failed did not expect to find [true] but found [false]" type="java.lang.AssertionError">
      <![CDATA[java.lang.AssertionError: Audit Trail report assertion failed did not expect to find [true] but found [false]
at org.testng.Assert.fail(Assert.java:97)
at org.testng.Assert.failNotEquals(Assert.java:969)
at org.testng.Assert.assertTrue(Assert.java:43)
at com.tetherfi.test.ivr.IvrConfigCreateTest.VerifyAuditTrailReportForApprove(IvrConfigCreateTest.java:279)
at java.base/jdk.internal.reflect.NativeMethodAccessorImpl.invoke0(Native Method)
at java.base/jdk.internal.reflect.NativeMethodAccessorImpl.invoke(Unknown Source)
at java.base/jdk.internal.reflect.DelegatingMethodAccessorImpl.invoke(Unknown Source)
at java.base/java.lang.reflect.Method.invoke(Unknown Source)
at org.testng.internal.MethodInvocationHelper.invokeMethod(MethodInvocationHelper.java:133)
at org.testng.internal.TestInvoker.invokeMethod(TestInvoker.java:584)
at org.testng.internal.TestInvoker.invokeTestMethod(TestInvoker.java:172)
at org.testng.internal.MethodRunner.runInSequence(MethodRunner.java:46)
at org.testng.internal.TestInvoker$MethodInvocationAgent.invoke(TestInvoker.java:804)
at org.testng.internal.TestInvoker.invokeTestMethods(TestInvoker.java:145)
at org.testng.internal.TestMethodWorker.invokeTestMethods(TestMethodWorker.java:146)
at org.testng.internal.TestMethodWorker.run(TestMethodWorker.java:128)
at java.base/java.util.ArrayList.forEach(Unknown Source)
at org.testng.TestRunner.privateRun(TestRunner.java:770)
at org.testng.TestRunner.run(TestRunner.java:591)
at org.testng.SuiteRunner.runTest(SuiteRunner.java:402)
at org.testng.SuiteRunner.runSequentially(SuiteRunner.java:396)
at org.testng.SuiteRunner.privateRun(SuiteRunner.java:355)
at org.testng.SuiteRunner.run(SuiteRunner.java:304)
at org.testng.SuiteRunnerWorker.runSuite(SuiteRunnerWorker.java:53)
at org.testng.SuiteRunnerWorker.run(SuiteRunnerWorker.java:96)
at org.testng.TestNG.runSuitesSequentially(TestNG.java:1180)
at org.testng.TestNG.runSuitesLocally(TestNG.java:1102)
at org.testng.TestNG.runSuites(TestNG.java:1032)
at org.testng.TestNG.run(TestNG.java:1000)
at org.testng.remote.AbstractRemoteTestNG.run(AbstractRemoteTestNG.java:115)
at org.testng.remote.RemoteTestNG.initAndRun(RemoteTestNG.java:251)
at org.testng.remote.RemoteTestNG.main(RemoteTestNG.java:77)
]]>
    </failure>
  </testcase> <!-- VerifyAuditTrailReportForApprove -->
  <testcase classname="com.tetherfi.test.ivr.IvrConfigCreateTest" name="VerifyRecordApprovedDataSectionafterApproval" time="39.075"/>
  <testcase classname="com.tetherfi.test.ivr.IvrConfigCreateTest" name="AddDuplicateRecord" time="40.452"/>
</testsuite> <!-- com.tetherfi.test.ivr.IvrConfigCreateTest -->
