<?xml version="1.0" encoding="UTF-8"?>
<!-- Generated by org.testng.reporters.JUnitReportReporter -->
<testsuite hostname="admin" failures="0" tests="1" name="com.tetherfi.test.fax.FaxTemplateUpdateTest" time="34.683" errors="0" timestamp="04 Apr 2019 08:46:43 GMT" skipped="0">
  <testcase classname="com.tetherfi.test.fax.FaxTemplateUpdateTest" name="EditInvalidRecord" time="34.683"/>
</testsuite> <!-- com.tetherfi.test.fax.FaxTemplateUpdateTest -->
