<?xml version="1.0" encoding="UTF-8"?>
<!-- Generated by org.testng.reporters.JUnitReportReporter -->
<testsuite skipped="11" hostname="LAPTOP-NKH1C2HF" name="com.tetherfi.test.UserOnBoardingCreateTest" tests="23" failures="0" timestamp="2021-05-12T18:14:33 IST" time="866.044" errors="3">
  <testcase name="NavigateToUserOnBoardingPage" time="59.543" classname="com.tetherfi.test.UserOnBoardingCreateTest">
    <error type="org.openqa.selenium.NoSuchWindowException" message="no such window: target window already closed
from unknown error: web view not found
  (Session info: chrome=90.0.4430.93)
Build info: version: &#039;3.141.59&#039;, revision: &#039;e82be7d358&#039;, time: &#039;2018-11-14T08:17:03&#039;
System info: host: &#039;LAPTOP-NKH1C2HF&#039;, ip: &#039;192.168.50.18&#039;, os.name: &#039;Windows 10&#039;, os.arch: &#039;amd64&#039;, os.version: &#039;10.0&#039;, java.version: &#039;1.8.0_181&#039;
Driver info: org.openqa.selenium.chrome.ChromeDriver
Capabilities {acceptInsecureCerts: false, browserName: chrome, browserVersion: 90.0.4430.93, chrome: {chromedriverVersion: 90.0.4430.24 (4c6d850f087da..., userDataDir: C:\Users\AMITHA~1\AppData\L...}, goog:chromeOptions: {debuggerAddress: localhost:56170}, javascriptEnabled: true, networkConnectionEnabled: false, pageLoadStrategy: normal, platform: WINDOWS, platformName: WINDOWS, proxy: Proxy(), setWindowRect: true, strictFileInteractability: false, timeouts: {implicit: 0, pageLoad: 300000, script: 30000}, unhandledPromptBehavior: dismiss and notify, webauthn:extension:largeBlob: true, webauthn:virtualAuthenticators: true}
Session ID: 1bca9df9475f003075e0a5ad6b0fd21e
*** Element info: {Using=xpath, value=//i[@class=&#039;navbar-icons fal fa-desktop&#039;]}">
      <![CDATA[org.openqa.selenium.NoSuchWindowException: no such window: target window already closed
from unknown error: web view not found
  (Session info: chrome=90.0.4430.93)
Build info: version: '3.141.59', revision: 'e82be7d358', time: '2018-11-14T08:17:03'
System info: host: 'LAPTOP-NKH1C2HF', ip: '192.168.50.18', os.name: 'Windows 10', os.arch: 'amd64', os.version: '10.0', java.version: '1.8.0_181'
Driver info: org.openqa.selenium.chrome.ChromeDriver
Capabilities {acceptInsecureCerts: false, browserName: chrome, browserVersion: 90.0.4430.93, chrome: {chromedriverVersion: 90.0.4430.24 (4c6d850f087da..., userDataDir: C:\Users\AMITHA~1\AppData\L...}, goog:chromeOptions: {debuggerAddress: localhost:56170}, javascriptEnabled: true, networkConnectionEnabled: false, pageLoadStrategy: normal, platform: WINDOWS, platformName: WINDOWS, proxy: Proxy(), setWindowRect: true, strictFileInteractability: false, timeouts: {implicit: 0, pageLoad: 300000, script: 30000}, unhandledPromptBehavior: dismiss and notify, webauthn:extension:largeBlob: true, webauthn:virtualAuthenticators: true}
Session ID: 1bca9df9475f003075e0a5ad6b0fd21e
*** Element info: {Using=xpath, value=//i[@class='navbar-icons fal fa-desktop']}
at sun.reflect.GeneratedConstructorAccessor61.newInstance(Unknown Source)
at sun.reflect.DelegatingConstructorAccessorImpl.newInstance(Unknown Source)
at java.lang.reflect.Constructor.newInstance(Unknown Source)
at org.openqa.selenium.remote.http.W3CHttpResponseCodec.createException(W3CHttpResponseCodec.java:187)
at org.openqa.selenium.remote.http.W3CHttpResponseCodec.decode(W3CHttpResponseCodec.java:122)
at org.openqa.selenium.remote.http.W3CHttpResponseCodec.decode(W3CHttpResponseCodec.java:49)
at org.openqa.selenium.remote.HttpCommandExecutor.execute(HttpCommandExecutor.java:158)
at org.openqa.selenium.remote.service.DriverCommandExecutor.execute(DriverCommandExecutor.java:83)
at org.openqa.selenium.remote.RemoteWebDriver.execute(RemoteWebDriver.java:552)
at org.openqa.selenium.remote.RemoteWebDriver.findElement(RemoteWebDriver.java:323)
at org.openqa.selenium.remote.RemoteWebDriver.findElementByXPath(RemoteWebDriver.java:428)
at org.openqa.selenium.By$ByXPath.findElement(By.java:353)
at org.openqa.selenium.remote.RemoteWebDriver.findElement(RemoteWebDriver.java:315)
at org.openqa.selenium.support.pagefactory.DefaultElementLocator.findElement(DefaultElementLocator.java:69)
at org.openqa.selenium.support.pagefactory.internal.LocatingElementHandler.invoke(LocatingElementHandler.java:38)
at com.sun.proxy.$Proxy9.toString(Unknown Source)
at java.lang.String.valueOf(Unknown Source)
at java.lang.StringBuilder.append(Unknown Source)
at org.openqa.selenium.support.ui.ExpectedConditions$10.toString(ExpectedConditions.java:305)
at java.lang.String.valueOf(Unknown Source)
at java.lang.StringBuilder.append(Unknown Source)
at org.openqa.selenium.support.ui.FluentWait.until(FluentWait.java:268)
at com.tetherfi.pages.BasePage.waitUntilWebElementIsVisible(BasePage.java:129)
at com.tetherfi.pages.BasePage.selectWebElement(BasePage.java:196)
at com.tetherfi.pages.HomePage.navigateToOCMPage(HomePage.java:61)
at com.tetherfi.test.UserOnBoardingCreateTest.NavigateToUserOnBoardingPage(UserOnBoardingCreateTest.java:61)
at sun.reflect.NativeMethodAccessorImpl.invoke0(Native Method)
at sun.reflect.NativeMethodAccessorImpl.invoke(Unknown Source)
at sun.reflect.DelegatingMethodAccessorImpl.invoke(Unknown Source)
at java.lang.reflect.Method.invoke(Unknown Source)
at org.testng.internal.MethodInvocationHelper.invokeMethod(MethodInvocationHelper.java:133)
at org.testng.internal.MethodInvocationHelper.invokeMethodConsideringTimeout(MethodInvocationHelper.java:62)
at org.testng.internal.ConfigInvoker.invokeConfigurationMethod(ConfigInvoker.java:340)
at org.testng.internal.ConfigInvoker.invokeConfigurations(ConfigInvoker.java:294)
at org.testng.internal.TestInvoker.runConfigMethods(TestInvoker.java:683)
at org.testng.internal.TestInvoker.invokeMethod(TestInvoker.java:510)
at org.testng.internal.TestInvoker.invokeTestMethod(TestInvoker.java:172)
at org.testng.internal.MethodRunner.runInSequence(MethodRunner.java:46)
at org.testng.internal.TestInvoker$MethodInvocationAgent.invoke(TestInvoker.java:804)
at org.testng.internal.TestInvoker.invokeTestMethods(TestInvoker.java:145)
at org.testng.internal.TestMethodWorker.invokeTestMethods(TestMethodWorker.java:146)
at org.testng.internal.TestMethodWorker.run(TestMethodWorker.java:128)
at java.util.ArrayList.forEach(Unknown Source)
at org.testng.TestRunner.privateRun(TestRunner.java:770)
at org.testng.TestRunner.run(TestRunner.java:591)
at org.testng.SuiteRunner.runTest(SuiteRunner.java:402)
at org.testng.SuiteRunner.runSequentially(SuiteRunner.java:396)
at org.testng.SuiteRunner.privateRun(SuiteRunner.java:355)
at org.testng.SuiteRunner.run(SuiteRunner.java:304)
at org.testng.SuiteRunnerWorker.runSuite(SuiteRunnerWorker.java:53)
at org.testng.SuiteRunnerWorker.run(SuiteRunnerWorker.java:96)
at org.testng.TestNG.runSuitesSequentially(TestNG.java:1180)
at org.testng.TestNG.runSuitesLocally(TestNG.java:1102)
at org.testng.TestNG.runSuites(TestNG.java:1032)
at org.testng.TestNG.run(TestNG.java:1000)
at org.testng.remote.AbstractRemoteTestNG.run(AbstractRemoteTestNG.java:115)
at org.testng.remote.RemoteTestNG.initAndRun(RemoteTestNG.java:251)
at org.testng.remote.RemoteTestNG.main(RemoteTestNG.java:77)
]]>
    </error>
  </testcase> <!-- NavigateToUserOnBoardingPage -->
  <testcase name="VerifyAddCancelButton" time="46.569" classname="com.tetherfi.test.UserOnBoardingCreateTest"/>
  <testcase name="VerifyStepIconPresenceandAddRecordWithAlltheFiledsBlank" time="29.545" classname="com.tetherfi.test.UserOnBoardingCreateTest"/>
  <testcase name="VerifyAddRecordWithoutFirstName" time="99.543" classname="com.tetherfi.test.UserOnBoardingCreateTest"/>
  <testcase name="VerifyAddRecordWithoutLastName" time="100.357" classname="com.tetherfi.test.UserOnBoardingCreateTest"/>
  <testcase name="VerifyAddRecordWithoutLanID" time="97.288" classname="com.tetherfi.test.UserOnBoardingCreateTest"/>
  <testcase name="VerifyAddRecordWithoutAvayaLoginID" time="94.666" classname="com.tetherfi.test.UserOnBoardingCreateTest"/>
  <testcase name="VerifyAddRecordWithoutOrgUnit" time="53.249" classname="com.tetherfi.test.UserOnBoardingCreateTest"/>
  <testcase name="VerifyAddRecordWithoutProfile" time="95.067" classname="com.tetherfi.test.UserOnBoardingCreateTest"/>
  <testcase name="VerifyAddRevertRecord" time="77.648" classname="com.tetherfi.test.UserOnBoardingCreateTest">
    <error type="org.openqa.selenium.WebDriverException" message="disconnected: not connected to DevTools
  (Session info: chrome=90.0.4430.93)
Build info: version: &#039;3.141.59&#039;, revision: &#039;e82be7d358&#039;, time: &#039;2018-11-14T08:17:03&#039;
System info: host: &#039;LAPTOP-NKH1C2HF&#039;, ip: &#039;192.168.50.18&#039;, os.name: &#039;Windows 10&#039;, os.arch: &#039;amd64&#039;, os.version: &#039;10.0&#039;, java.version: &#039;1.8.0_181&#039;
Driver info: org.openqa.selenium.chrome.ChromeDriver
Capabilities {acceptInsecureCerts: false, browserName: chrome, browserVersion: 90.0.4430.93, chrome: {chromedriverVersion: 90.0.4430.24 (4c6d850f087da..., userDataDir: C:\Users\AMITHA~1\AppData\L...}, goog:chromeOptions: {debuggerAddress: localhost:56085}, javascriptEnabled: true, networkConnectionEnabled: false, pageLoadStrategy: normal, platform: WINDOWS, platformName: WINDOWS, proxy: Proxy(), setWindowRect: true, strictFileInteractability: false, timeouts: {implicit: 0, pageLoad: 300000, script: 30000}, unhandledPromptBehavior: dismiss and notify, webauthn:extension:largeBlob: true, webauthn:virtualAuthenticators: true}
Session ID: 3b6f40acc320cee34b5808be54c5b653
*** Element info: {Using=class name, value=k-icon}">
      <![CDATA[org.openqa.selenium.WebDriverException: disconnected: not connected to DevTools
  (Session info: chrome=90.0.4430.93)
Build info: version: '3.141.59', revision: 'e82be7d358', time: '2018-11-14T08:17:03'
System info: host: 'LAPTOP-NKH1C2HF', ip: '192.168.50.18', os.name: 'Windows 10', os.arch: 'amd64', os.version: '10.0', java.version: '1.8.0_181'
Driver info: org.openqa.selenium.chrome.ChromeDriver
Capabilities {acceptInsecureCerts: false, browserName: chrome, browserVersion: 90.0.4430.93, chrome: {chromedriverVersion: 90.0.4430.24 (4c6d850f087da..., userDataDir: C:\Users\AMITHA~1\AppData\L...}, goog:chromeOptions: {debuggerAddress: localhost:56085}, javascriptEnabled: true, networkConnectionEnabled: false, pageLoadStrategy: normal, platform: WINDOWS, platformName: WINDOWS, proxy: Proxy(), setWindowRect: true, strictFileInteractability: false, timeouts: {implicit: 0, pageLoad: 300000, script: 30000}, unhandledPromptBehavior: dismiss and notify, webauthn:extension:largeBlob: true, webauthn:virtualAuthenticators: true}
Session ID: 3b6f40acc320cee34b5808be54c5b653
*** Element info: {Using=class name, value=k-icon}
at sun.reflect.NativeConstructorAccessorImpl.newInstance0(Native Method)
at sun.reflect.NativeConstructorAccessorImpl.newInstance(Unknown Source)
at sun.reflect.DelegatingConstructorAccessorImpl.newInstance(Unknown Source)
at java.lang.reflect.Constructor.newInstance(Unknown Source)
at org.openqa.selenium.remote.http.W3CHttpResponseCodec.createException(W3CHttpResponseCodec.java:187)
at org.openqa.selenium.remote.http.W3CHttpResponseCodec.decode(W3CHttpResponseCodec.java:122)
at org.openqa.selenium.remote.http.W3CHttpResponseCodec.decode(W3CHttpResponseCodec.java:49)
at org.openqa.selenium.remote.HttpCommandExecutor.execute(HttpCommandExecutor.java:158)
at org.openqa.selenium.remote.service.DriverCommandExecutor.execute(DriverCommandExecutor.java:83)
at org.openqa.selenium.remote.RemoteWebDriver.execute(RemoteWebDriver.java:552)
at org.openqa.selenium.remote.RemoteWebElement.execute(RemoteWebElement.java:285)
at org.openqa.selenium.remote.RemoteWebElement.findElements(RemoteWebElement.java:204)
at org.openqa.selenium.remote.RemoteWebElement.findElementsByClassName(RemoteWebElement.java:249)
at org.openqa.selenium.By$ByClassName.findElements(By.java:380)
at org.openqa.selenium.remote.RemoteWebElement.findElements(RemoteWebElement.java:177)
at com.tetherfi.pages.UserOnBoardingPage.ChooseTeamHeirarchy(UserOnBoardingPage.java:1246)
at com.tetherfi.pages.UserOnBoardingPage.addNewUserOnBoardingRecordWithAllValidData(UserOnBoardingPage.java:1592)
at com.tetherfi.test.UserOnBoardingCreateTest.VerifyAddRevertRecord(UserOnBoardingCreateTest.java:152)
at sun.reflect.NativeMethodAccessorImpl.invoke0(Native Method)
at sun.reflect.NativeMethodAccessorImpl.invoke(Unknown Source)
at sun.reflect.DelegatingMethodAccessorImpl.invoke(Unknown Source)
at java.lang.reflect.Method.invoke(Unknown Source)
at org.testng.internal.MethodInvocationHelper.invokeMethod(MethodInvocationHelper.java:133)
at org.testng.internal.TestInvoker.invokeMethod(TestInvoker.java:584)
at org.testng.internal.TestInvoker.invokeTestMethod(TestInvoker.java:172)
at org.testng.internal.MethodRunner.runInSequence(MethodRunner.java:46)
at org.testng.internal.TestInvoker$MethodInvocationAgent.invoke(TestInvoker.java:804)
at org.testng.internal.TestInvoker.invokeTestMethods(TestInvoker.java:145)
at org.testng.internal.TestMethodWorker.invokeTestMethods(TestMethodWorker.java:146)
at org.testng.internal.TestMethodWorker.run(TestMethodWorker.java:128)
at java.util.ArrayList.forEach(Unknown Source)
at org.testng.TestRunner.privateRun(TestRunner.java:770)
at org.testng.TestRunner.run(TestRunner.java:591)
at org.testng.SuiteRunner.runTest(SuiteRunner.java:402)
at org.testng.SuiteRunner.runSequentially(SuiteRunner.java:396)
at org.testng.SuiteRunner.privateRun(SuiteRunner.java:355)
at org.testng.SuiteRunner.run(SuiteRunner.java:304)
at org.testng.SuiteRunnerWorker.runSuite(SuiteRunnerWorker.java:53)
at org.testng.SuiteRunnerWorker.run(SuiteRunnerWorker.java:96)
at org.testng.TestNG.runSuitesSequentially(TestNG.java:1180)
at org.testng.TestNG.runSuitesLocally(TestNG.java:1102)
at org.testng.TestNG.runSuites(TestNG.java:1032)
at org.testng.TestNG.run(TestNG.java:1000)
at org.testng.remote.AbstractRemoteTestNG.run(AbstractRemoteTestNG.java:115)
at org.testng.remote.RemoteTestNG.initAndRun(RemoteTestNG.java:251)
at org.testng.remote.RemoteTestNG.main(RemoteTestNG.java:77)
]]>
    </error>
  </testcase> <!-- VerifyAddRevertRecord -->
  <testcase name="VerifyRevertForAddNewRecord" time="19.110" classname="com.tetherfi.test.UserOnBoardingCreateTest">
    <skipped/>
  </testcase> <!-- VerifyRevertForAddNewRecord -->
  <testcase name="VerifyAuditTrailReportForRevert" time="0.000" classname="com.tetherfi.test.UserOnBoardingCreateTest">
    <skipped/>
  </testcase> <!-- VerifyAuditTrailReportForRevert -->
  <testcase name="AddRejectRecord" time="18.175" classname="com.tetherfi.test.UserOnBoardingCreateTest">
    <error type="org.openqa.selenium.ElementClickInterceptedException" message="element click intercepted: Element &lt;span title=&quot;&quot; class=&quot;k-widget k-dropdown&quot; unselectable=&quot;on&quot; role=&quot;listbox&quot; aria-haspopup=&quot;true&quot; aria-expanded=&quot;false&quot; tabindex=&quot;0&quot; aria-owns=&quot;Profile_listbox&quot; aria-live=&quot;polite&quot; aria-disabled=&quot;false&quot; aria-readonly=&quot;false&quot; style=&quot;width: 100%;&quot; aria-busy=&quot;false&quot; aria-activedescendant=&quot;fae99dcf-1ee0-470b-a4db-e408e56b4b38&quot;&gt;...&lt;/span&gt; is not clickable at point (880, 370). Other element would receive the click: &lt;div class=&quot;k-top k-top&quot;&gt;...&lt;/div&gt;
  (Session info: chrome=90.0.4430.93)
Build info: version: &#039;3.141.59&#039;, revision: &#039;e82be7d358&#039;, time: &#039;2018-11-14T08:17:03&#039;
System info: host: &#039;LAPTOP-NKH1C2HF&#039;, ip: &#039;192.168.50.18&#039;, os.name: &#039;Windows 10&#039;, os.arch: &#039;amd64&#039;, os.version: &#039;10.0&#039;, java.version: &#039;1.8.0_181&#039;
Driver info: org.openqa.selenium.chrome.ChromeDriver
Capabilities {acceptInsecureCerts: false, browserName: chrome, browserVersion: 90.0.4430.93, chrome: {chromedriverVersion: 90.0.4430.24 (4c6d850f087da..., userDataDir: C:\Users\AMITHA~1\AppData\L...}, goog:chromeOptions: {debuggerAddress: localhost:56130}, javascriptEnabled: true, networkConnectionEnabled: false, pageLoadStrategy: normal, platform: WINDOWS, platformName: WINDOWS, proxy: Proxy(), setWindowRect: true, strictFileInteractability: false, timeouts: {implicit: 0, pageLoad: 300000, script: 30000}, unhandledPromptBehavior: dismiss and notify, webauthn:extension:largeBlob: true, webauthn:virtualAuthenticators: true}
Session ID: cdb9851c20c2031497aa43590b6309e2">
      <![CDATA[org.openqa.selenium.ElementClickInterceptedException: element click intercepted: Element <span title="" class="k-widget k-dropdown" unselectable="on" role="listbox" aria-haspopup="true" aria-expanded="false" tabindex="0" aria-owns="Profile_listbox" aria-live="polite" aria-disabled="false" aria-readonly="false" style="width: 100%;" aria-busy="false" aria-activedescendant="fae99dcf-1ee0-470b-a4db-e408e56b4b38">...</span> is not clickable at point (880, 370). Other element would receive the click: <div class="k-top k-top">...</div>
  (Session info: chrome=90.0.4430.93)
Build info: version: '3.141.59', revision: 'e82be7d358', time: '2018-11-14T08:17:03'
System info: host: 'LAPTOP-NKH1C2HF', ip: '192.168.50.18', os.name: 'Windows 10', os.arch: 'amd64', os.version: '10.0', java.version: '1.8.0_181'
Driver info: org.openqa.selenium.chrome.ChromeDriver
Capabilities {acceptInsecureCerts: false, browserName: chrome, browserVersion: 90.0.4430.93, chrome: {chromedriverVersion: 90.0.4430.24 (4c6d850f087da..., userDataDir: C:\Users\AMITHA~1\AppData\L...}, goog:chromeOptions: {debuggerAddress: localhost:56130}, javascriptEnabled: true, networkConnectionEnabled: false, pageLoadStrategy: normal, platform: WINDOWS, platformName: WINDOWS, proxy: Proxy(), setWindowRect: true, strictFileInteractability: false, timeouts: {implicit: 0, pageLoad: 300000, script: 30000}, unhandledPromptBehavior: dismiss and notify, webauthn:extension:largeBlob: true, webauthn:virtualAuthenticators: true}
Session ID: cdb9851c20c2031497aa43590b6309e2
at sun.reflect.NativeConstructorAccessorImpl.newInstance0(Native Method)
at sun.reflect.NativeConstructorAccessorImpl.newInstance(Unknown Source)
at sun.reflect.DelegatingConstructorAccessorImpl.newInstance(Unknown Source)
at java.lang.reflect.Constructor.newInstance(Unknown Source)
at org.openqa.selenium.remote.http.W3CHttpResponseCodec.createException(W3CHttpResponseCodec.java:187)
at org.openqa.selenium.remote.http.W3CHttpResponseCodec.decode(W3CHttpResponseCodec.java:122)
at org.openqa.selenium.remote.http.W3CHttpResponseCodec.decode(W3CHttpResponseCodec.java:49)
at org.openqa.selenium.remote.HttpCommandExecutor.execute(HttpCommandExecutor.java:158)
at org.openqa.selenium.remote.service.DriverCommandExecutor.execute(DriverCommandExecutor.java:83)
at org.openqa.selenium.remote.RemoteWebDriver.execute(RemoteWebDriver.java:552)
at org.openqa.selenium.remote.RemoteWebElement.execute(RemoteWebElement.java:285)
at org.openqa.selenium.remote.RemoteWebElement.click(RemoteWebElement.java:84)
at sun.reflect.GeneratedMethodAccessor3.invoke(Unknown Source)
at sun.reflect.DelegatingMethodAccessorImpl.invoke(Unknown Source)
at java.lang.reflect.Method.invoke(Unknown Source)
at org.openqa.selenium.support.pagefactory.internal.LocatingElementHandler.invoke(LocatingElementHandler.java:51)
at com.sun.proxy.$Proxy9.click(Unknown Source)
at com.tetherfi.pages.BasePage.selectWebElement(BasePage.java:200)
at com.tetherfi.pages.UserOnBoardingPage.selectProfile(UserOnBoardingPage.java:1281)
at com.tetherfi.pages.UserOnBoardingPage.addNewUserOnBoardingRecordWithAllValidData(UserOnBoardingPage.java:1593)
at com.tetherfi.test.UserOnBoardingCreateTest.AddRejectRecord(UserOnBoardingCreateTest.java:186)
at sun.reflect.NativeMethodAccessorImpl.invoke0(Native Method)
at sun.reflect.NativeMethodAccessorImpl.invoke(Unknown Source)
at sun.reflect.DelegatingMethodAccessorImpl.invoke(Unknown Source)
at java.lang.reflect.Method.invoke(Unknown Source)
at org.testng.internal.MethodInvocationHelper.invokeMethod(MethodInvocationHelper.java:133)
at org.testng.internal.TestInvoker.invokeMethod(TestInvoker.java:584)
at org.testng.internal.TestInvoker.invokeTestMethod(TestInvoker.java:172)
at org.testng.internal.MethodRunner.runInSequence(MethodRunner.java:46)
at org.testng.internal.TestInvoker$MethodInvocationAgent.invoke(TestInvoker.java:804)
at org.testng.internal.TestInvoker.invokeTestMethods(TestInvoker.java:145)
at org.testng.internal.TestMethodWorker.invokeTestMethods(TestMethodWorker.java:146)
at org.testng.internal.TestMethodWorker.run(TestMethodWorker.java:128)
at java.util.ArrayList.forEach(Unknown Source)
at org.testng.TestRunner.privateRun(TestRunner.java:770)
at org.testng.TestRunner.run(TestRunner.java:591)
at org.testng.SuiteRunner.runTest(SuiteRunner.java:402)
at org.testng.SuiteRunner.runSequentially(SuiteRunner.java:396)
at org.testng.SuiteRunner.privateRun(SuiteRunner.java:355)
at org.testng.SuiteRunner.run(SuiteRunner.java:304)
at org.testng.SuiteRunnerWorker.runSuite(SuiteRunnerWorker.java:53)
at org.testng.SuiteRunnerWorker.run(SuiteRunnerWorker.java:96)
at org.testng.TestNG.runSuitesSequentially(TestNG.java:1180)
at org.testng.TestNG.runSuitesLocally(TestNG.java:1102)
at org.testng.TestNG.runSuites(TestNG.java:1032)
at org.testng.TestNG.run(TestNG.java:1000)
at org.testng.remote.AbstractRemoteTestNG.run(AbstractRemoteTestNG.java:115)
at org.testng.remote.RemoteTestNG.initAndRun(RemoteTestNG.java:251)
at org.testng.remote.RemoteTestNG.main(RemoteTestNG.java:77)
]]>
    </error>
  </testcase> <!-- AddRejectRecord -->
  <testcase name="VerifySendForApprovalForAddNewUserOnBoardingRecord" time="0.000" classname="com.tetherfi.test.UserOnBoardingCreateTest">
    <skipped/>
  </testcase> <!-- VerifySendForApprovalForAddNewUserOnBoardingRecord -->
  <testcase name="RejectForAddNewUserOnBoardingRecord" time="0.000" classname="com.tetherfi.test.UserOnBoardingCreateTest">
    <skipped/>
  </testcase> <!-- RejectForAddNewUserOnBoardingRecord -->
  <testcase name="VerifyAuditTrailReportForReject" time="0.000" classname="com.tetherfi.test.UserOnBoardingCreateTest">
    <skipped/>
  </testcase> <!-- VerifyAuditTrailReportForReject -->
  <testcase name="AddNewUserOnBoardingRecord" time="75.284" classname="com.tetherfi.test.UserOnBoardingCreateTest"/>
  <testcase name="VerifyAuditTrailReportForCreate" time="0.000" classname="com.tetherfi.test.UserOnBoardingCreateTest">
    <skipped/>
  </testcase> <!-- VerifyAuditTrailReportForCreate -->
  <testcase name="VerifyAuditTrailDataForAddNewUserOnBoardingRecord" time="0.000" classname="com.tetherfi.test.UserOnBoardingCreateTest">
    <skipped/>
  </testcase> <!-- VerifyAuditTrailDataForAddNewUserOnBoardingRecord -->
  <testcase name="VerifySendForApprovalForAddNewUserOnBoarding" time="0.000" classname="com.tetherfi.test.UserOnBoardingCreateTest">
    <skipped/>
  </testcase> <!-- VerifySendForApprovalForAddNewUserOnBoarding -->
  <testcase name="VerifyAuditTrailReportForSendForApproval" time="0.000" classname="com.tetherfi.test.UserOnBoardingCreateTest">
    <skipped/>
  </testcase> <!-- VerifyAuditTrailReportForSendForApproval -->
  <testcase name="ApproveforAddNewUserOnBoardingRecord" time="0.000" classname="com.tetherfi.test.UserOnBoardingCreateTest">
    <skipped/>
  </testcase> <!-- ApproveforAddNewUserOnBoardingRecord -->
  <testcase name="VerifyAuditTrailReportForApprove" time="0.000" classname="com.tetherfi.test.UserOnBoardingCreateTest">
    <skipped/>
  </testcase> <!-- VerifyAuditTrailReportForApprove -->
</testsuite> <!-- com.tetherfi.test.UserOnBoardingCreateTest -->
