<?xml version="1.0" encoding="UTF-8"?>
<!-- Generated by org.testng.reporters.JUnitReportReporter -->
<testsuite skipped="0" hostname="DESKTOP-NJVBPFB" name="com.tetherfi.test.ivr.MenuDescriptionMappingTest" tests="3" failures="0" timestamp="2020-05-06T17:41:29 IST" time="38.685" errors="0">
  <testcase name="AddNewMenuDescriptionMappingRecord" time="9.923" classname="com.tetherfi.test.ivr.MenuDescriptionMappingTest"/>
  <testcase name="EditMenuDescriptionMappingRecord" time="14.042" classname="com.tetherfi.test.ivr.MenuDescriptionMappingTest"/>
  <testcase name="DeleteMenuDescriptionMappingRecord" time="14.720" classname="com.tetherfi.test.ivr.MenuDescriptionMappingTest"/>
</testsuite> <!-- com.tetherfi.test.ivr.MenuDescriptionMappingTest -->
