<?xml version="1.0" encoding="UTF-8"?>
<!-- Generated by org.testng.reporters.JUnitReportReporter -->
<testsuite skipped="0" hostname="TTF-BLR-SANTOSHKOUJALAGI" name="com.tetherfi.test.UserOnBoardingCountryLevelUserDeleteTest" tests="14" failures="0" timestamp="2021-08-01T23:47:21 IST" time="868.922" errors="0">
  <testcase name="DeleteRevertUserOnBoardingRecord" time="43.390" classname="com.tetherfi.test.UserOnBoardingCountryLevelUserDeleteTest"/>
  <testcase name="VerifyRevertForDeleteRecord" time="48.316" classname="com.tetherfi.test.UserOnBoardingCountryLevelUserDeleteTest"/>
  <testcase name="VerifyAuditTrialReportForRevertDelete" time="82.793" classname="com.tetherfi.test.UserOnBoardingCountryLevelUserDeleteTest"/>
  <testcase name="RejectDeleteRecord" time="42.158" classname="com.tetherfi.test.UserOnBoardingCountryLevelUserDeleteTest"/>
  <testcase name="VerifySendForApprovalForDeleteNewRecord" time="43.936" classname="com.tetherfi.test.UserOnBoardingCountryLevelUserDeleteTest"/>
  <testcase name="RejectforDeleteUserOnBoardingRecord" time="62.971" classname="com.tetherfi.test.UserOnBoardingCountryLevelUserDeleteTest"/>
  <testcase name="VerifyAuditTrailReportForReject" time="83.025" classname="com.tetherfi.test.UserOnBoardingCountryLevelUserDeleteTest"/>
  <testcase name="DeleteUserOnBoardingRecord" time="44.267" classname="com.tetherfi.test.UserOnBoardingCountryLevelUserDeleteTest"/>
  <testcase name="VerifyAuditTrialReportForDelete" time="85.447" classname="com.tetherfi.test.UserOnBoardingCountryLevelUserDeleteTest"/>
  <testcase name="VerifyAuditTrailDataForDeleteUserOnBoardingRecord" time="35.166" classname="com.tetherfi.test.UserOnBoardingCountryLevelUserDeleteTest"/>
  <testcase name="VerifySendForApprovalForDeleteRecord" time="66.179" classname="com.tetherfi.test.UserOnBoardingCountryLevelUserDeleteTest"/>
  <testcase name="VerifyAuditTrailReportForSendForApprove" time="83.431" classname="com.tetherfi.test.UserOnBoardingCountryLevelUserDeleteTest"/>
  <testcase name="ApproveforDeleteUserOnBoardingRecord" time="64.314" classname="com.tetherfi.test.UserOnBoardingCountryLevelUserDeleteTest"/>
  <testcase name="VerifyAuditTrailReportForApprove" time="83.529" classname="com.tetherfi.test.UserOnBoardingCountryLevelUserDeleteTest"/>
</testsuite> <!-- com.tetherfi.test.UserOnBoardingCountryLevelUserDeleteTest -->
