<?xml version="1.0" encoding="UTF-8"?>
<!-- Generated by org.testng.reporters.JUnitReportReporter -->
<testsuite skipped="0" hostname="TTF-BLR-SANTOSHKOUJALAGI" name="com.tetherfi.test.fax.FaxAutoACKConfigurationTest" tests="36" failures="0" timestamp="2021-08-11T00:58:31 IST" time="339.434" errors="0">
  <testcase name="FaxAutoACKConfigurationPage" time="2.568" classname="com.tetherfi.test.fax.FaxAutoACKConfigurationTest"/>
  <testcase name="VerifyDropdownForAllTheColumns" time="12.659" classname="com.tetherfi.test.fax.FaxAutoACKConfigurationTest"/>
  <testcase name="VerifyColumnsHeaderEnable" time="7.885" classname="com.tetherfi.test.fax.FaxAutoACKConfigurationTest"/>
  <testcase name="VerifyColumnsHeaderDisable" time="11.097" classname="com.tetherfi.test.fax.FaxAutoACKConfigurationTest"/>
  <testcase name="AddCancelAutoAckConfigRecord" time="3.923" classname="com.tetherfi.test.fax.FaxAutoACKConfigurationTest"/>
  <testcase name="AddNewAutoAckConfigRecord" time="8.641" classname="com.tetherfi.test.fax.FaxAutoACKConfigurationTest"/>
  <testcase name="DuplicateRecord" time="8.189" classname="com.tetherfi.test.fax.FaxAutoACKConfigurationTest"/>
  <testcase name="AddRecordWithoutFaxLine" time="7.616" classname="com.tetherfi.test.fax.FaxAutoACKConfigurationTest"/>
  <testcase name="AddRecordWithoutSenderType" time="7.996" classname="com.tetherfi.test.fax.FaxAutoACKConfigurationTest"/>
  <testcase name="AddRecordWithoutName" time="8.248" classname="com.tetherfi.test.fax.FaxAutoACKConfigurationTest"/>
  <testcase name="AddRecordWithoutStatus" time="8.447" classname="com.tetherfi.test.fax.FaxAutoACKConfigurationTest"/>
  <testcase name="AddRecordWithoutTemplate" time="9.563" classname="com.tetherfi.test.fax.FaxAutoACKConfigurationTest"/>
  <testcase name="GroupBy" time="5.985" classname="com.tetherfi.test.fax.FaxAutoACKConfigurationTest"/>
  <testcase name="EditCancelFaxAutoACKConfigRecord" time="7.207" classname="com.tetherfi.test.fax.FaxAutoACKConfigurationTest"/>
  <testcase name="EditFaxAutoAckConfigRecord" time="8.176" classname="com.tetherfi.test.fax.FaxAutoACKConfigurationTest"/>
  <testcase name="EditInvalidRecord" time="8.249" classname="com.tetherfi.test.fax.FaxAutoACKConfigurationTest"/>
  <testcase name="ExportToExcel" time="3.778" classname="com.tetherfi.test.fax.FaxAutoACKConfigurationTest"/>
  <testcase name="ExportToExcelData" time="4.752" classname="com.tetherfi.test.fax.FaxAutoACKConfigurationTest"/>
  <testcase name="AddDuplicateFaxlineDifferentSenderType" time="8.680" classname="com.tetherfi.test.fax.FaxAutoACKConfigurationTest"/>
  <testcase name="searchPage" time="5.410" classname="com.tetherfi.test.fax.FaxAutoACKConfigurationTest"/>
  <testcase name="searchwithoutSearchTextbox" time="5.598" classname="com.tetherfi.test.fax.FaxAutoACKConfigurationTest"/>
  <testcase name="DeleteCancelFaxAutoAckConfigRecord" time="8.295" classname="com.tetherfi.test.fax.FaxAutoACKConfigurationTest"/>
  <testcase name="DeleteFaxAutoAckConfigRecord" time="9.562" classname="com.tetherfi.test.fax.FaxAutoACKConfigurationTest"/>
  <testcase name="DeleteInvalidRecord" time="9.833" classname="com.tetherfi.test.fax.FaxAutoACKConfigurationTest"/>
  <testcase name="database" time="7.495" classname="com.tetherfi.test.fax.FaxAutoACKConfigurationTest"/>
  <testcase name="ExporttoExcelWithoutData" time="15.914" classname="com.tetherfi.test.fax.FaxAutoACKConfigurationTest"/>
  <testcase name="SearchClearSearch" time="6.539" classname="com.tetherfi.test.fax.FaxAutoACKConfigurationTest"/>
  <testcase name="SortingByAscending" time="8.023" classname="com.tetherfi.test.fax.FaxAutoACKConfigurationTest"/>
  <testcase name="SortingByDescending" time="8.578" classname="com.tetherfi.test.fax.FaxAutoACKConfigurationTest"/>
  <testcase name="VerifyArrowMoveForPreviousAndNextPage" time="3.875" classname="com.tetherfi.test.fax.FaxAutoACKConfigurationTest"/>
  <testcase name="VerifyArrowMoveForFirstAndLastPage" time="2.008" classname="com.tetherfi.test.fax.FaxAutoACKConfigurationTest"/>
  <testcase name="VerifyTotalNumberOfItemsPerPageDetails" time="1.854" classname="com.tetherfi.test.fax.FaxAutoACKConfigurationTest"/>
  <testcase name="VerifyNumberOfItemsPerPageSelection" time="7.735" classname="com.tetherfi.test.fax.FaxAutoACKConfigurationTest"/>
  <testcase name="VerifyAuditTrialReportForCreate" time="32.797" classname="com.tetherfi.test.fax.FaxAutoACKConfigurationTest"/>
  <testcase name="VerifyAuditTrialReportForUpdate" time="31.973" classname="com.tetherfi.test.fax.FaxAutoACKConfigurationTest"/>
  <testcase name="VerifyAuditTrialReportForDelete" time="30.286" classname="com.tetherfi.test.fax.FaxAutoACKConfigurationTest"/>
</testsuite> <!-- com.tetherfi.test.fax.FaxAutoACKConfigurationTest -->
