<?xml version="1.0" encoding="UTF-8"?>
<!-- Generated by org.testng.reporters.JUnitReportReporter -->
<testsuite hostname="admin" failures="0" tests="1" name="com.tetherfi.test.ivr.FaxApplicationFormTest" time="11.125" errors="0" timestamp="25 Apr 2019 12:28:42 GMT" skipped="0">
  <testcase classname="com.tetherfi.test.ivr.FaxApplicationFormTest" name="database" time="11.125"/>
</testsuite> <!-- com.tetherfi.test.ivr.FaxApplicationFormTest -->
