<?xml version="1.0" encoding="UTF-8"?>
<!-- Generated by org.testng.reporters.JUnitReportReporter -->
<testsuite skipped="0" hostname="TTF-BLR-SANTOSHKOUJALAGI" name="com.tetherfi.test.chat.ChatMenuDescriptionTest" tests="39" failures="1" timestamp="2021-08-04T11:52:54 IST" time="599.034" errors="0">
  <testcase name="ChatMenuDescriptionPage" time="8.538" classname="com.tetherfi.test.chat.ChatMenuDescriptionTest"/>
  <testcase name="VerifyDropdownForAllTheColumns" time="14.998" classname="com.tetherfi.test.chat.ChatMenuDescriptionTest"/>
  <testcase name="VerifyColumnsHeaderEnable" time="9.960" classname="com.tetherfi.test.chat.ChatMenuDescriptionTest"/>
  <testcase name="VerifyColumnsHeaderDisable" time="13.026" classname="com.tetherfi.test.chat.ChatMenuDescriptionTest"/>
  <testcase name="AddNewChatMenuDescriptionRecord" time="9.914" classname="com.tetherfi.test.chat.ChatMenuDescriptionTest"/>
  <testcase name="AddDuplicateChatMenuDescriptionRecord" time="9.656" classname="com.tetherfi.test.chat.ChatMenuDescriptionTest"/>
  <testcase name="VerifyAuditTrialReportForCreate" time="39.234" classname="com.tetherfi.test.chat.ChatMenuDescriptionTest"/>
  <testcase name="AddEmptyRecord" time="8.686" classname="com.tetherfi.test.chat.ChatMenuDescriptionTest"/>
  <testcase name="AddRecordWithoutMenuId" time="11.874" classname="com.tetherfi.test.chat.ChatMenuDescriptionTest"/>
  <testcase name="AddRecordWithoutIntent" time="8.847" classname="com.tetherfi.test.chat.ChatMenuDescriptionTest"/>
  <testcase name="AddRecordWithoutMenuName" time="8.466" classname="com.tetherfi.test.chat.ChatMenuDescriptionTest"/>
  <testcase name="VerifyCancelBtnAtAddRecord" time="31.015" classname="com.tetherfi.test.chat.ChatMenuDescriptionTest"/>
  <testcase name="VerifySearchIsNotEqualTo" time="16.241" classname="com.tetherfi.test.chat.ChatMenuDescriptionTest"/>
  <testcase name="VerifySearchContains" time="15.620" classname="com.tetherfi.test.chat.ChatMenuDescriptionTest"/>
  <testcase name="VerifySearchDoesNotContains" time="15.425" classname="com.tetherfi.test.chat.ChatMenuDescriptionTest"/>
  <testcase name="VerifySearchStartsWith" time="15.668" classname="com.tetherfi.test.chat.ChatMenuDescriptionTest"/>
  <testcase name="VerifySearchEndsWith" time="16.730" classname="com.tetherfi.test.chat.ChatMenuDescriptionTest"/>
  <testcase name="EditChatMenuDescriptionRecord" time="16.257" classname="com.tetherfi.test.chat.ChatMenuDescriptionTest"/>
  <testcase name="VerifyAuditTrialReportForUpdate" time="38.770" classname="com.tetherfi.test.chat.ChatMenuDescriptionTest"/>
  <testcase name="EditWithoutModifyReasonRecord" time="13.797" classname="com.tetherfi.test.chat.ChatMenuDescriptionTest"/>
  <testcase name="VerifyCancelBtnAtEditRecord" time="36.711" classname="com.tetherfi.test.chat.ChatMenuDescriptionTest"/>
  <testcase name="searchPage" time="13.288" classname="com.tetherfi.test.chat.ChatMenuDescriptionTest"/>
  <testcase name="searchwithoutSearchTextbox" time="10.308" classname="com.tetherfi.test.chat.ChatMenuDescriptionTest"/>
  <testcase name="ExportToExcel" time="10.047" classname="com.tetherfi.test.chat.ChatMenuDescriptionTest"/>
  <testcase name="ExportToExcelData" time="8.843" classname="com.tetherfi.test.chat.ChatMenuDescriptionTest"/>
  <testcase name="DeleteWithoutDeleteReasonRecord" time="13.908" classname="com.tetherfi.test.chat.ChatMenuDescriptionTest"/>
  <testcase name="VerifyCancelBtnAtDeleteChatMenuDescriptionRecord" time="14.325" classname="com.tetherfi.test.chat.ChatMenuDescriptionTest"/>
  <testcase name="DeleteChatMenuDescriptionRecord" time="14.944" classname="com.tetherfi.test.chat.ChatMenuDescriptionTest"/>
  <testcase name="VerifyAuditTrialReportForDelete" time="39.464" classname="com.tetherfi.test.chat.ChatMenuDescriptionTest"/>
  <testcase name="SearchClearSearch" time="15.096" classname="com.tetherfi.test.chat.ChatMenuDescriptionTest"/>
  <testcase name="ExporttoExcelWithoutData" time="13.992" classname="com.tetherfi.test.chat.ChatMenuDescriptionTest"/>
  <testcase name="SortingByAscending" time="12.224" classname="com.tetherfi.test.chat.ChatMenuDescriptionTest"/>
  <testcase name="SortingByDescending" time="12.711" classname="com.tetherfi.test.chat.ChatMenuDescriptionTest"/>
  <testcase name="GroupBy" time="10.012" classname="com.tetherfi.test.chat.ChatMenuDescriptionTest"/>
  <testcase name="VerifyArrowMoveForPreviousAndNextPage" time="7.881" classname="com.tetherfi.test.chat.ChatMenuDescriptionTest"/>
  <testcase name="VerifyArrowMoveForFirstAndLastPage" time="7.211" classname="com.tetherfi.test.chat.ChatMenuDescriptionTest"/>
  <testcase name="VerifyTotalNumberOfItemsPerPageDetails" time="8.495" classname="com.tetherfi.test.chat.ChatMenuDescriptionTest"/>
  <testcase name="VerifyNumberOfItemsPerPageSelection" time="13.615" classname="com.tetherfi.test.chat.ChatMenuDescriptionTest"/>
  <testcase name="database" time="13.237" classname="com.tetherfi.test.chat.ChatMenuDescriptionTest">
    <failure type="java.lang.AssertionError" message="did not expect to find [true] but found [false]">
      <![CDATA[java.lang.AssertionError: did not expect to find [true] but found [false]
at org.testng.Assert.fail(Assert.java:97)
at org.testng.Assert.failNotEquals(Assert.java:969)
at org.testng.Assert.assertTrue(Assert.java:43)
at org.testng.Assert.assertTrue(Assert.java:53)
at com.tetherfi.test.chat.ChatMenuDescriptionTest.database(ChatMenuDescriptionTest.java:402)
at sun.reflect.NativeMethodAccessorImpl.invoke0(Native Method)
at sun.reflect.NativeMethodAccessorImpl.invoke(Unknown Source)
at sun.reflect.DelegatingMethodAccessorImpl.invoke(Unknown Source)
at java.lang.reflect.Method.invoke(Unknown Source)
at org.testng.internal.MethodInvocationHelper.invokeMethod(MethodInvocationHelper.java:133)
at org.testng.internal.TestInvoker.invokeMethod(TestInvoker.java:584)
at org.testng.internal.TestInvoker.invokeTestMethod(TestInvoker.java:172)
at org.testng.internal.MethodRunner.runInSequence(MethodRunner.java:46)
at org.testng.internal.TestInvoker$MethodInvocationAgent.invoke(TestInvoker.java:804)
at org.testng.internal.TestInvoker.invokeTestMethods(TestInvoker.java:145)
at org.testng.internal.TestMethodWorker.invokeTestMethods(TestMethodWorker.java:146)
at org.testng.internal.TestMethodWorker.run(TestMethodWorker.java:128)
at java.util.ArrayList.forEach(Unknown Source)
at org.testng.TestRunner.privateRun(TestRunner.java:770)
at org.testng.TestRunner.run(TestRunner.java:591)
at org.testng.SuiteRunner.runTest(SuiteRunner.java:402)
at org.testng.SuiteRunner.runSequentially(SuiteRunner.java:396)
at org.testng.SuiteRunner.privateRun(SuiteRunner.java:355)
at org.testng.SuiteRunner.run(SuiteRunner.java:304)
at org.testng.SuiteRunnerWorker.runSuite(SuiteRunnerWorker.java:53)
at org.testng.SuiteRunnerWorker.run(SuiteRunnerWorker.java:96)
at org.testng.TestNG.runSuitesSequentially(TestNG.java:1180)
at org.testng.TestNG.runSuitesLocally(TestNG.java:1102)
at org.testng.TestNG.runSuites(TestNG.java:1032)
at org.testng.TestNG.run(TestNG.java:1000)
at org.testng.remote.AbstractRemoteTestNG.run(AbstractRemoteTestNG.java:115)
at org.testng.remote.RemoteTestNG.initAndRun(RemoteTestNG.java:251)
at org.testng.remote.RemoteTestNG.main(RemoteTestNG.java:77)
]]>
    </failure>
  </testcase> <!-- database -->
</testsuite> <!-- com.tetherfi.test.chat.ChatMenuDescriptionTest -->
