<?xml version="1.0" encoding="UTF-8"?>
<!-- Generated by org.testng.reporters.JUnitReportReporter -->
<testsuite skipped="0" hostname="TTF-BLR-SANTOSHKOUJALAGI" name="com.tetherfi.test.RoleBasedAccessManagementDeleteTest" tests="15" failures="0" timestamp="2021-08-09T21:47:36 IST" time="645.935" errors="0">
  <testcase name="DeleteCancelRoleBasedAccessManagementRecord" time="35.434" classname="com.tetherfi.test.RoleBasedAccessManagementDeleteTest"/>
  <testcase name="DeleteWithoutModifyReasonRecord" time="37.360" classname="com.tetherfi.test.RoleBasedAccessManagementDeleteTest"/>
  <testcase name="DeleteRecord" time="40.245" classname="com.tetherfi.test.RoleBasedAccessManagementDeleteTest"/>
  <testcase name="VerifyRevertForDeleteRecord" time="40.828" classname="com.tetherfi.test.RoleBasedAccessManagementDeleteTest"/>
  <testcase name="VerifyAuditTrialReportForRevertDelete" time="59.096" classname="com.tetherfi.test.RoleBasedAccessManagementDeleteTest"/>
  <testcase name="RejectDeleteRecord" time="37.279" classname="com.tetherfi.test.RoleBasedAccessManagementDeleteTest"/>
  <testcase name="VerifySendForApprovalForRejectDeleteNewRecord" time="38.891" classname="com.tetherfi.test.RoleBasedAccessManagementDeleteTest"/>
  <testcase name="RejectforDeleteRoleBasedAccessManagementRecord" time="40.000" classname="com.tetherfi.test.RoleBasedAccessManagementDeleteTest"/>
  <testcase name="VerifyAuditTrailReportForReject" time="55.490" classname="com.tetherfi.test.RoleBasedAccessManagementDeleteTest"/>
  <testcase name="DeleteRoleBasedAccessManagementRecord" time="38.739" classname="com.tetherfi.test.RoleBasedAccessManagementDeleteTest"/>
  <testcase name="VerifyAuditTrialReportForDelete" time="56.623" classname="com.tetherfi.test.RoleBasedAccessManagementDeleteTest"/>
  <testcase name="VerifyAuditTrailDataForDeleteRoleBasedAccessManagementRecord" time="29.871" classname="com.tetherfi.test.RoleBasedAccessManagementDeleteTest"/>
  <testcase name="VerifySendForApprovalForDeleteNewRecord" time="38.898" classname="com.tetherfi.test.RoleBasedAccessManagementDeleteTest"/>
  <testcase name="ApproveforDeleteRoleBasedAccessManagementRecord" time="40.011" classname="com.tetherfi.test.RoleBasedAccessManagementDeleteTest"/>
  <testcase name="VerifyAuditTrailReportForApprove" time="57.170" classname="com.tetherfi.test.RoleBasedAccessManagementDeleteTest"/>
</testsuite> <!-- com.tetherfi.test.RoleBasedAccessManagementDeleteTest -->
