<?xml version="1.0" encoding="UTF-8"?>
<!-- Generated by org.testng.reporters.JUnitReportReporter -->
<testsuite skipped="0" hostname="TTF-BLR-SANTOSHKOUJALAGI" name="com.tetherfi.test.RoleBasedAccessManagementDeleteTest" tests="15" failures="0" timestamp="2021-07-28T23:54:46 IST" time="918.271" errors="0">
  <testcase name="DeleteCancelRoleBasedAccessManagementRecord" time="40.726" classname="com.tetherfi.test.RoleBasedAccessManagementDeleteTest"/>
  <testcase name="DeleteWithoutModifyReasonRecord" time="61.931" classname="com.tetherfi.test.RoleBasedAccessManagementDeleteTest"/>
  <testcase name="DeleteRecord" time="64.905" classname="com.tetherfi.test.RoleBasedAccessManagementDeleteTest"/>
  <testcase name="VerifyRevertForDeleteRecord" time="40.690" classname="com.tetherfi.test.RoleBasedAccessManagementDeleteTest"/>
  <testcase name="VerifyAuditTrialReportForRevertDelete" time="93.358" classname="com.tetherfi.test.RoleBasedAccessManagementDeleteTest"/>
  <testcase name="RejectDeleteRecord" time="39.689" classname="com.tetherfi.test.RoleBasedAccessManagementDeleteTest"/>
  <testcase name="VerifySendForApprovalForRejectDeleteNewRecord" time="64.476" classname="com.tetherfi.test.RoleBasedAccessManagementDeleteTest"/>
  <testcase name="RejectforDeleteRoleBasedAccessManagementRecord" time="41.288" classname="com.tetherfi.test.RoleBasedAccessManagementDeleteTest"/>
  <testcase name="VerifyAuditTrailReportForReject" time="82.253" classname="com.tetherfi.test.RoleBasedAccessManagementDeleteTest"/>
  <testcase name="DeleteRoleBasedAccessManagementRecord" time="61.931" classname="com.tetherfi.test.RoleBasedAccessManagementDeleteTest"/>
  <testcase name="VerifyAuditTrialReportForDelete" time="80.728" classname="com.tetherfi.test.RoleBasedAccessManagementDeleteTest"/>
  <testcase name="VerifyAuditTrailDataForDeleteRoleBasedAccessManagementRecord" time="57.737" classname="com.tetherfi.test.RoleBasedAccessManagementDeleteTest"/>
  <testcase name="VerifySendForApprovalForDeleteNewRecord" time="64.051" classname="com.tetherfi.test.RoleBasedAccessManagementDeleteTest"/>
  <testcase name="ApproveforDeleteRoleBasedAccessManagementRecord" time="41.123" classname="com.tetherfi.test.RoleBasedAccessManagementDeleteTest"/>
  <testcase name="VerifyAuditTrailReportForApprove" time="83.385" classname="com.tetherfi.test.RoleBasedAccessManagementDeleteTest"/>
</testsuite> <!-- com.tetherfi.test.RoleBasedAccessManagementDeleteTest -->
