<?xml version="1.0" encoding="UTF-8"?>
<!-- Generated by org.testng.reporters.JUnitReportReporter -->
<testsuite skipped="0" hostname="TTF-BLR-SANTOSHKOUJALAGI" name="com.tetherfi.test.reports.OCMAgentLoginLogoutReportTest" tests="1" failures="0" timestamp="2021-12-09T20:52:29 IST" time="97.461" errors="0">
  <testcase name="database" time="97.461" classname="com.tetherfi.test.reports.OCMAgentLoginLogoutReportTest"/>
</testsuite> <!-- com.tetherfi.test.reports.OCMAgentLoginLogoutReportTest -->
