<?xml version="1.0" encoding="UTF-8"?>
<!-- Generated by org.testng.reporters.JUnitReportReporter -->
<testsuite skipped="0" hostname="TTF-BLR-SANTOSHKOUJALAGI" name="com.tetherfi.test.reports.OCMChatAgentPerformanceReportTest" tests="49" failures="1" timestamp="2021-09-02T01:44:11 IST" time="1126.136" errors="0">
  <testcase name="ShowReport" time="21.158" classname="com.tetherfi.test.reports.OCMChatAgentPerformanceReportTest"/>
  <testcase name="ShowReportInNewPage" time="17.436" classname="com.tetherfi.test.reports.OCMChatAgentPerformanceReportTest"/>
  <testcase name="database" time="34.058" classname="com.tetherfi.test.reports.OCMChatAgentPerformanceReportTest">
    <failure type="java.lang.AssertionError" message="did not expect to find [true] but found [false]">
      <![CDATA[java.lang.AssertionError: did not expect to find [true] but found [false]
at org.testng.Assert.fail(Assert.java:97)
at org.testng.Assert.failNotEquals(Assert.java:969)
at org.testng.Assert.assertTrue(Assert.java:43)
at org.testng.Assert.assertTrue(Assert.java:53)
at com.tetherfi.test.reports.OCMChatAgentPerformanceReportTest.database(OCMChatAgentPerformanceReportTest.java:59)
at sun.reflect.NativeMethodAccessorImpl.invoke0(Native Method)
at sun.reflect.NativeMethodAccessorImpl.invoke(Unknown Source)
at sun.reflect.DelegatingMethodAccessorImpl.invoke(Unknown Source)
at java.lang.reflect.Method.invoke(Unknown Source)
at org.testng.internal.MethodInvocationHelper.invokeMethod(MethodInvocationHelper.java:133)
at org.testng.internal.TestInvoker.invokeMethod(TestInvoker.java:584)
at org.testng.internal.TestInvoker.invokeTestMethod(TestInvoker.java:172)
at org.testng.internal.MethodRunner.runInSequence(MethodRunner.java:46)
at org.testng.internal.TestInvoker$MethodInvocationAgent.invoke(TestInvoker.java:804)
at org.testng.internal.TestInvoker.invokeTestMethods(TestInvoker.java:145)
at org.testng.internal.TestMethodWorker.invokeTestMethods(TestMethodWorker.java:146)
at org.testng.internal.TestMethodWorker.run(TestMethodWorker.java:128)
at java.util.ArrayList.forEach(Unknown Source)
at org.testng.TestRunner.privateRun(TestRunner.java:770)
at org.testng.TestRunner.run(TestRunner.java:591)
at org.testng.SuiteRunner.runTest(SuiteRunner.java:402)
at org.testng.SuiteRunner.runSequentially(SuiteRunner.java:396)
at org.testng.SuiteRunner.privateRun(SuiteRunner.java:355)
at org.testng.SuiteRunner.run(SuiteRunner.java:304)
at org.testng.SuiteRunnerWorker.runSuite(SuiteRunnerWorker.java:53)
at org.testng.SuiteRunnerWorker.run(SuiteRunnerWorker.java:96)
at org.testng.TestNG.runSuitesSequentially(TestNG.java:1180)
at org.testng.TestNG.runSuitesLocally(TestNG.java:1102)
at org.testng.TestNG.runSuites(TestNG.java:1032)
at org.testng.TestNG.run(TestNG.java:1000)
at org.testng.remote.AbstractRemoteTestNG.run(AbstractRemoteTestNG.java:115)
at org.testng.remote.RemoteTestNG.initAndRun(RemoteTestNG.java:251)
at org.testng.remote.RemoteTestNG.main(RemoteTestNG.java:77)
]]>
    </failure>
  </testcase> <!-- database -->
  <testcase name="VerifyNumberOfItemsPerPageSelection" time="44.842" classname="com.tetherfi.test.reports.OCMChatAgentPerformanceReportTest"/>
  <testcase name="ScheduleOCMChatAgentPerformanceReport" time="15.549" classname="com.tetherfi.test.reports.OCMChatAgentPerformanceReportTest"/>
  <testcase name="ExportOCMChatAgentPerformanceReport" time="15.144" classname="com.tetherfi.test.reports.OCMChatAgentPerformanceReportTest"/>
  <testcase name="ViewDownloadedOcmChatAgentPerformanceReportInReportsDownloadPage" time="21.571" classname="com.tetherfi.test.reports.OCMChatAgentPerformanceReportTest"/>
  <testcase name="VerifyViewDownloadedOcmChatAgentPerformanceReportInReportsDownloadPage" time="20.381" classname="com.tetherfi.test.reports.OCMChatAgentPerformanceReportTest"/>
  <testcase name="ShowOCMChatAgentPerformanceReportForDateRange" time="17.416" classname="com.tetherfi.test.reports.OCMChatAgentPerformanceReportTest"/>
  <testcase name="ShowOCMChatAgentPerformanceReportInNewTabDateRange" time="16.477" classname="com.tetherfi.test.reports.OCMChatAgentPerformanceReportTest"/>
  <testcase name="ScheduleOCMChatAgentPerformanceReportforDateRange" time="15.253" classname="com.tetherfi.test.reports.OCMChatAgentPerformanceReportTest"/>
  <testcase name="ExportOCMChatAgentPerformanceReportDateRange" time="15.018" classname="com.tetherfi.test.reports.OCMChatAgentPerformanceReportTest"/>
  <testcase name="ViewDownloadedOcmChatAgentPerformanceReportInReportsDownloadPageDateRange" time="11.377" classname="com.tetherfi.test.reports.OCMChatAgentPerformanceReportTest"/>
  <testcase name="VerifyViewDownloadedOcmChatAgentPerformanceReportInReportsDownloadDateRangePage" time="19.518" classname="com.tetherfi.test.reports.OCMChatAgentPerformanceReportTest"/>
  <testcase name="DeleteWithoutDeleteReasonRecordinReportsDownloadforDateRange" time="11.543" classname="com.tetherfi.test.reports.OCMChatAgentPerformanceReportTest"/>
  <testcase name="VerifyCancelBtnAtReportsDownloadDeleteBtnForDateRange" time="33.888" classname="com.tetherfi.test.reports.OCMChatAgentPerformanceReportTest"/>
  <testcase name="DeleteRecordAtReportsDownload" time="12.395" classname="com.tetherfi.test.reports.OCMChatAgentPerformanceReportTest"/>
  <testcase name="ClearAll" time="14.188" classname="com.tetherfi.test.reports.OCMChatAgentPerformanceReportTest"/>
  <testcase name="OCMWindow" time="17.554" classname="com.tetherfi.test.reports.OCMChatAgentPerformanceReportTest"/>
  <testcase name="VerifyDropdownForAllTheColumns" time="37.385" classname="com.tetherfi.test.reports.OCMChatAgentPerformanceReportTest"/>
  <testcase name="VerifyColumnsHeaderEnable" time="29.907" classname="com.tetherfi.test.reports.OCMChatAgentPerformanceReportTest"/>
  <testcase name="VerifyColumnsHeaderDisable" time="46.749" classname="com.tetherfi.test.reports.OCMChatAgentPerformanceReportTest"/>
  <testcase name="VerifyArrowMoveForPreviousAndNextPage" time="15.577" classname="com.tetherfi.test.reports.OCMChatAgentPerformanceReportTest"/>
  <testcase name="VerifyArrowMoveForFirstAndLastPage" time="15.882" classname="com.tetherfi.test.reports.OCMChatAgentPerformanceReportTest"/>
  <testcase name="VerifyTotalNumberOfItemsPerPageDetails" time="16.643" classname="com.tetherfi.test.reports.OCMChatAgentPerformanceReportTest"/>
  <testcase name="ExportPage" time="19.386" classname="com.tetherfi.test.reports.OCMChatAgentPerformanceReportTest"/>
  <testcase name="VerifyExportedPage" time="27.218" classname="com.tetherfi.test.reports.OCMChatAgentPerformanceReportTest"/>
  <testcase name="SchedulereportinOCMChatAgentPerformanceReportPage" time="17.745" classname="com.tetherfi.test.reports.OCMChatAgentPerformanceReportTest"/>
  <testcase name="ExportToExcelForChatAgentPerformanceReport" time="17.009" classname="com.tetherfi.test.reports.OCMChatAgentPerformanceReportTest"/>
  <testcase name="ViewDownloadedOcmChatAgentPerformanceReportInReportsDownloadPageinChatAgentPerformancePg" time="23.303" classname="com.tetherfi.test.reports.OCMChatAgentPerformanceReportTest"/>
  <testcase name="VerifyViewDownloadedOcmChatAgentPerformanceReportInReportsDownloadChatAgentPerformancePg" time="21.375" classname="com.tetherfi.test.reports.OCMChatAgentPerformanceReportTest"/>
  <testcase name="VerifySorting" time="20.131" classname="com.tetherfi.test.reports.OCMChatAgentPerformanceReportTest"/>
  <testcase name="VerifySearchByFeature" time="21.403" classname="com.tetherfi.test.reports.OCMChatAgentPerformanceReportTest"/>
  <testcase name="VerifySearchIsEqualTo" time="22.159" classname="com.tetherfi.test.reports.OCMChatAgentPerformanceReportTest"/>
  <testcase name="VerifySearchIsNotEqualTo" time="24.970" classname="com.tetherfi.test.reports.OCMChatAgentPerformanceReportTest"/>
  <testcase name="VerifySearchContains" time="22.242" classname="com.tetherfi.test.reports.OCMChatAgentPerformanceReportTest"/>
  <testcase name="VerifySearchDoesNotContains" time="25.792" classname="com.tetherfi.test.reports.OCMChatAgentPerformanceReportTest"/>
  <testcase name="VerifySearchStartsWith" time="22.128" classname="com.tetherfi.test.reports.OCMChatAgentPerformanceReportTest"/>
  <testcase name="VerifySearchEndsWith" time="22.372" classname="com.tetherfi.test.reports.OCMChatAgentPerformanceReportTest"/>
  <testcase name="searchwithoutSearchTextbox" time="20.887" classname="com.tetherfi.test.reports.OCMChatAgentPerformanceReportTest"/>
  <testcase name="SearchClear" time="18.749" classname="com.tetherfi.test.reports.OCMChatAgentPerformanceReportTest"/>
  <testcase name="verifyAdvancedSearchinreportpageSearchEqualTo" time="53.896" classname="com.tetherfi.test.reports.OCMChatAgentPerformanceReportTest"/>
  <testcase name="verifyAdvancedSearchSearchIsAfter" time="26.124" classname="com.tetherfi.test.reports.OCMChatAgentPerformanceReportTest"/>
  <testcase name="verifyAdvancedSearchIsBeforecriteria" time="26.592" classname="com.tetherfi.test.reports.OCMChatAgentPerformanceReportTest"/>
  <testcase name="verifyAdvancedSearchORCriteria" time="36.662" classname="com.tetherfi.test.reports.OCMChatAgentPerformanceReportTest"/>
  <testcase name="ClearfiltersAdvSrch" time="20.909" classname="com.tetherfi.test.reports.OCMChatAgentPerformanceReportTest"/>
  <testcase name="VerifyDrillDownforChatTransferred" time="30.420" classname="com.tetherfi.test.reports.OCMChatAgentPerformanceReportTest"/>
  <testcase name="VerifyDrillDownforChatConferenced" time="28.947" classname="com.tetherfi.test.reports.OCMChatAgentPerformanceReportTest"/>
  <testcase name="GroupBy" time="18.808" classname="com.tetherfi.test.reports.OCMChatAgentPerformanceReportTest"/>
</testsuite> <!-- com.tetherfi.test.reports.OCMChatAgentPerformanceReportTest -->
