<?xml version="1.0" encoding="UTF-8"?>
<!-- Generated by org.testng.reporters.JUnitReportReporter -->
<testsuite skipped="0" hostname="DESKTOP-NJVBPFB" name="com.tetherfi.test.tmac.WaitTimeColorConfigTest" tests="3" failures="0" timestamp="2020-05-08T10:41:39 IST" time="40.691" errors="0">
  <testcase name="AddNewWaitTimeColorConfigRecord" time="14.096" classname="com.tetherfi.test.tmac.WaitTimeColorConfigTest"/>
  <testcase name="EditWaitTimeColorConfigRecord" time="13.832" classname="com.tetherfi.test.tmac.WaitTimeColorConfigTest"/>
  <testcase name="DeleteRecord" time="12.763" classname="com.tetherfi.test.tmac.WaitTimeColorConfigTest"/>
</testsuite> <!-- com.tetherfi.test.tmac.WaitTimeColorConfigTest -->
