<?xml version="1.0" encoding="UTF-8"?>
<!-- Generated by org.testng.reporters.JUnitReportReporter -->
<testsuite hostname="DESKTOP-O6A5C2O" failures="0" tests="16" name="com.tetherfi.test.ivr.HostValueMappingDeleteTest" time="804.348" errors="0" timestamp="2020-03-11T15:26:44 IST" skipped="0">
  <testcase classname="com.tetherfi.test.ivr.HostValueMappingDeleteTest" name="DeleteCancelHostValueMappingRecord" time="44.479"/>
  <testcase classname="com.tetherfi.test.ivr.HostValueMappingDeleteTest" name="DeleteWithoutModifyReasonRecord" time="46.501"/>
  <testcase classname="com.tetherfi.test.ivr.HostValueMappingDeleteTest" name="DeleteRecord" time="42.982"/>
  <testcase classname="com.tetherfi.test.ivr.HostValueMappingDeleteTest" name="VerifyRevertForDeleteRecord" time="48.606"/>
  <testcase classname="com.tetherfi.test.ivr.HostValueMappingDeleteTest" name="VerifyAuditTrialReportForRevertDelete" time="63.008"/>
  <testcase classname="com.tetherfi.test.ivr.HostValueMappingDeleteTest" name="RejectDeleteRecord" time="46.923"/>
  <testcase classname="com.tetherfi.test.ivr.HostValueMappingDeleteTest" name="VerifySendForApprovalForDeleteNewRecord" time="47.749"/>
  <testcase classname="com.tetherfi.test.ivr.HostValueMappingDeleteTest" name="RejectforDeleteHostValueMappingRecord" time="47.095"/>
  <testcase classname="com.tetherfi.test.ivr.HostValueMappingDeleteTest" name="VerifyAuditTrailReportForReject" time="57.570"/>
  <testcase classname="com.tetherfi.test.ivr.HostValueMappingDeleteTest" name="DeleteHostValueMappingRecord" time="45.472"/>
  <testcase classname="com.tetherfi.test.ivr.HostValueMappingDeleteTest" name="VerifyAuditTrialReportForDelete" time="59.964"/>
  <testcase classname="com.tetherfi.test.ivr.HostValueMappingDeleteTest" name="VerifyAuditTrailDataForDeleteHostValueMappingRecord" time="44.998"/>
  <testcase classname="com.tetherfi.test.ivr.HostValueMappingDeleteTest" name="VerifySendForApprovalForDeleteRecord" time="47.532"/>
  <testcase classname="com.tetherfi.test.ivr.HostValueMappingDeleteTest" name="VerifyAuditTrailReportForSendForApprove" time="56.041"/>
  <testcase classname="com.tetherfi.test.ivr.HostValueMappingDeleteTest" name="ApproveforDeleteHostValueMappingRecord" time="48.348"/>
  <testcase classname="com.tetherfi.test.ivr.HostValueMappingDeleteTest" name="VerifyAuditTrailReportForApprove" time="57.080"/>
</testsuite> <!-- com.tetherfi.test.ivr.HostValueMappingDeleteTest -->
