<?xml version="1.0" encoding="UTF-8"?>
<!-- Generated by org.testng.reporters.JUnitReportReporter -->
<testsuite skipped="0" hostname="TTF-BLR-SANTOSHKOUJALAGI" name="com.tetherfi.test.ivr.OperatingHoursTest" tests="40" failures="0" timestamp="2021-07-30T12:35:27 IST" time="638.875" errors="0">
  <testcase name="OperatingHoursPage" time="2.784" classname="com.tetherfi.test.ivr.OperatingHoursTest"/>
  <testcase name="AddNewOperatingHoursRecord" time="23.242" classname="com.tetherfi.test.ivr.OperatingHoursTest"/>
  <testcase name="AddAlldaysOperatingHoursRecord" time="10.409" classname="com.tetherfi.test.ivr.OperatingHoursTest"/>
  <testcase name="AddLeavingFieldsBlank" time="4.507" classname="com.tetherfi.test.ivr.OperatingHoursTest"/>
  <testcase name="AddLeavingVDNBlank" time="15.293" classname="com.tetherfi.test.ivr.OperatingHoursTest"/>
  <testcase name="AddLeavingWeekDayFieldsBlank" time="11.535" classname="com.tetherfi.test.ivr.OperatingHoursTest"/>
  <testcase name="AddLeavingStartTimeFieldsBlank" time="15.110" classname="com.tetherfi.test.ivr.OperatingHoursTest"/>
  <testcase name="AddLeavingEndTimeFieldsBlank" time="14.346" classname="com.tetherfi.test.ivr.OperatingHoursTest"/>
  <testcase name="AddLeavingBypassPublicHolidayFieldsBlank" time="13.802" classname="com.tetherfi.test.ivr.OperatingHoursTest"/>
  <testcase name="AddDuplicateRecord" time="10.788" classname="com.tetherfi.test.ivr.OperatingHoursTest"/>
  <testcase name="AddInvalidVDNRecord" time="12.793" classname="com.tetherfi.test.ivr.OperatingHoursTest"/>
  <testcase name="AddInvalidStartTimeRecord" time="14.446" classname="com.tetherfi.test.ivr.OperatingHoursTest"/>
  <testcase name="AddInvalidStartAndEndTimeRecord" time="15.235" classname="com.tetherfi.test.ivr.OperatingHoursTest"/>
  <testcase name="EditOperatingHoursCancelRecord" time="22.904" classname="com.tetherfi.test.ivr.OperatingHoursTest"/>
  <testcase name="EditRecordWithoutReason" time="21.838" classname="com.tetherfi.test.ivr.OperatingHoursTest"/>
  <testcase name="EditInvalidRecord" time="46.897" classname="com.tetherfi.test.ivr.OperatingHoursTest"/>
  <testcase name="EditOperatingHoursRecord" time="23.989" classname="com.tetherfi.test.ivr.OperatingHoursTest"/>
  <testcase name="searchPage" time="9.188" classname="com.tetherfi.test.ivr.OperatingHoursTest"/>
  <testcase name="VerifySearchIsNotEqualTo" time="25.965" classname="com.tetherfi.test.ivr.OperatingHoursTest"/>
  <testcase name="VerifySearchContains" time="16.738" classname="com.tetherfi.test.ivr.OperatingHoursTest"/>
  <testcase name="VerifySearchDoesNotContains" time="22.336" classname="com.tetherfi.test.ivr.OperatingHoursTest"/>
  <testcase name="VerifySearchStartsWith" time="16.739" classname="com.tetherfi.test.ivr.OperatingHoursTest"/>
  <testcase name="VerifySearchEndsWith" time="16.863" classname="com.tetherfi.test.ivr.OperatingHoursTest"/>
  <testcase name="SearchClearSearch" time="10.411" classname="com.tetherfi.test.ivr.OperatingHoursTest"/>
  <testcase name="ExportToExcel" time="4.655" classname="com.tetherfi.test.ivr.OperatingHoursTest"/>
  <testcase name="ExportToExcelData" time="26.566" classname="com.tetherfi.test.ivr.OperatingHoursTest"/>
  <testcase name="ExporttoExcelWithoutData" time="11.022" classname="com.tetherfi.test.ivr.OperatingHoursTest"/>
  <testcase name="SortingByAscending" time="27.588" classname="com.tetherfi.test.ivr.OperatingHoursTest"/>
  <testcase name="SortingByDescending" time="29.662" classname="com.tetherfi.test.ivr.OperatingHoursTest"/>
  <testcase name="GroupBy" time="6.878" classname="com.tetherfi.test.ivr.OperatingHoursTest"/>
  <testcase name="VerifyArrowMoveForPreviousAndNextPage" time="4.945" classname="com.tetherfi.test.ivr.OperatingHoursTest"/>
  <testcase name="VerifyArrowMoveForFirstAndLastPage" time="4.031" classname="com.tetherfi.test.ivr.OperatingHoursTest"/>
  <testcase name="VerifyTotalNumberOfItemsPerPageDetails" time="1.780" classname="com.tetherfi.test.ivr.OperatingHoursTest"/>
  <testcase name="VerifyNumberOfItemsPerPageSelection" time="19.211" classname="com.tetherfi.test.ivr.OperatingHoursTest"/>
  <testcase name="VerifyDropdownForAllTheColumns" time="22.070" classname="com.tetherfi.test.ivr.OperatingHoursTest"/>
  <testcase name="VerifyColumnsHeaderEnable" time="11.957" classname="com.tetherfi.test.ivr.OperatingHoursTest"/>
  <testcase name="VerifyColumnsHeaderDisable" time="18.207" classname="com.tetherfi.test.ivr.OperatingHoursTest"/>
  <testcase name="DeleteWithoutDeleteReason" time="17.361" classname="com.tetherfi.test.ivr.OperatingHoursTest"/>
  <testcase name="DeleteOperatinghoursRecord" time="14.893" classname="com.tetherfi.test.ivr.OperatingHoursTest"/>
  <testcase name="database" time="19.891" classname="com.tetherfi.test.ivr.OperatingHoursTest"/>
</testsuite> <!-- com.tetherfi.test.ivr.OperatingHoursTest -->
