<?xml version="1.0" encoding="UTF-8"?>
<!-- Generated by org.testng.reporters.JUnitReportReporter -->
<testsuite hostname="admin" failures="0" tests="1" name="com.tetherfi.test.tmac.AgentSettingsEditTest" time="29.743" errors="0" timestamp="2019-09-26T16:38:34 IST" skipped="0">
  <testcase classname="com.tetherfi.test.tmac.AgentSettingsEditTest" name="DeleteSupervisorRecordWhenAgentAssigned" time="29.743"/>
</testsuite> <!-- com.tetherfi.test.tmac.AgentSettingsEditTest -->
