<?xml version="1.0" encoding="UTF-8"?>
<!-- Generated by org.testng.reporters.JUnitReportReporter -->
<testsuite skipped="0" hostname="DESKTOP-NJVBPFB" name="com.tetherfi.test.fax.FaxLineConfigTest" tests="3" failures="0" timestamp="2020-05-08T10:58:47 IST" time="55.538" errors="0">
  <testcase name="AddFaxLineConfigRecord" time="23.612" classname="com.tetherfi.test.fax.FaxLineConfigTest"/>
  <testcase name="EditFaxLineConfigRecord" time="16.382" classname="com.tetherfi.test.fax.FaxLineConfigTest"/>
  <testcase name="DeleteFaxLineConfigRecord" time="15.544" classname="com.tetherfi.test.fax.FaxLineConfigTest"/>
</testsuite> <!-- com.tetherfi.test.fax.FaxLineConfigTest -->
