<?xml version="1.0" encoding="UTF-8"?>
<!-- Generated by org.testng.reporters.JUnitReportReporter -->
<testsuite skipped="0" hostname="TTF-BLR-SANTOSHKOUJALAGI" name="com.tetherfi.test.ivr.CallBackAnnouncementTest" tests="39" failures="0" timestamp="2021-08-02T11:37:30 IST" time="470.504" errors="1">
  <testcase name="CallbackAnnouncementPage" time="3.682" classname="com.tetherfi.test.ivr.CallBackAnnouncementTest"/>
  <testcase name="VerifyDropdownForAllTheColumns" time="12.204" classname="com.tetherfi.test.ivr.CallBackAnnouncementTest"/>
  <testcase name="VerifyColumnsHeaderEnable" time="6.006" classname="com.tetherfi.test.ivr.CallBackAnnouncementTest"/>
  <testcase name="VerifyColumnsHeaderDisable" time="10.439" classname="com.tetherfi.test.ivr.CallBackAnnouncementTest"/>
  <testcase name="AddNewCallbackAnnouncementCancelRecord" time="16.818" classname="com.tetherfi.test.ivr.CallBackAnnouncementTest"/>
  <testcase name="AddNewCallbackAnnouncementRecord" time="14.282" classname="com.tetherfi.test.ivr.CallBackAnnouncementTest"/>
  <testcase name="AddDuplicateCallBackAnnouncementRecord" time="15.612" classname="com.tetherfi.test.ivr.CallBackAnnouncementTest"/>
  <testcase name="AddNewCallbackAnnouncementWithoutWavFile" time="9.383" classname="com.tetherfi.test.ivr.CallBackAnnouncementTest"/>
  <testcase name="AddNewCallbackAnnouncementWithoutStartTime" time="13.627" classname="com.tetherfi.test.ivr.CallBackAnnouncementTest"/>
  <testcase name="AddNewCallbackAnnouncementWithoutEndTime" time="14.695" classname="com.tetherfi.test.ivr.CallBackAnnouncementTest"/>
  <testcase name="AddNewCallbackAnnouncementWithoutLanguage" time="12.707" classname="com.tetherfi.test.ivr.CallBackAnnouncementTest"/>
  <testcase name="VerifySearchIsNotEqualTo" time="4.559" classname="com.tetherfi.test.ivr.CallBackAnnouncementTest">
    <error type="org.openqa.selenium.StaleElementReferenceException" message="stale element reference: element is not attached to the page document
  (Session info: chrome=92.0.4515.107)
For documentation on this error, please visit: https://www.seleniumhq.org/exceptions/stale_element_reference.html
Build info: version: &#039;3.141.59&#039;, revision: &#039;e82be7d358&#039;, time: &#039;2018-11-14T08:17:03&#039;
System info: host: &#039;TTF-BLR-SANTOSH&#039;, ip: &#039;192.168.50.12&#039;, os.name: &#039;Windows 10&#039;, os.arch: &#039;amd64&#039;, os.version: &#039;10.0&#039;, java.version: &#039;1.8.0_181&#039;
Driver info: org.openqa.selenium.chrome.ChromeDriver
Capabilities {acceptInsecureCerts: false, browserName: chrome, browserVersion: 92.0.4515.107, chrome: {chromedriverVersion: 91.0.4472.19 (1bf021f248676..., userDataDir: C:\Users\admin\AppData\Loca...}, goog:chromeOptions: {debuggerAddress: localhost:54199}, javascriptEnabled: true, networkConnectionEnabled: false, pageLoadStrategy: normal, platform: WINDOWS, platformName: WINDOWS, proxy: Proxy(), setWindowRect: true, strictFileInteractability: false, timeouts: {implicit: 0, pageLoad: 300000, script: 30000}, unhandledPromptBehavior: dismiss and notify, webauthn:extension:largeBlob: true, webauthn:virtualAuthenticators: true}
Session ID: 78e711c0d15642b2994263eadfb1d289">
      <![CDATA[org.openqa.selenium.StaleElementReferenceException: stale element reference: element is not attached to the page document
  (Session info: chrome=92.0.4515.107)
For documentation on this error, please visit: https://www.seleniumhq.org/exceptions/stale_element_reference.html
Build info: version: '3.141.59', revision: 'e82be7d358', time: '2018-11-14T08:17:03'
System info: host: 'TTF-BLR-SANTOSH', ip: '192.168.50.12', os.name: 'Windows 10', os.arch: 'amd64', os.version: '10.0', java.version: '1.8.0_181'
Driver info: org.openqa.selenium.chrome.ChromeDriver
Capabilities {acceptInsecureCerts: false, browserName: chrome, browserVersion: 92.0.4515.107, chrome: {chromedriverVersion: 91.0.4472.19 (1bf021f248676..., userDataDir: C:\Users\admin\AppData\Loca...}, goog:chromeOptions: {debuggerAddress: localhost:54199}, javascriptEnabled: true, networkConnectionEnabled: false, pageLoadStrategy: normal, platform: WINDOWS, platformName: WINDOWS, proxy: Proxy(), setWindowRect: true, strictFileInteractability: false, timeouts: {implicit: 0, pageLoad: 300000, script: 30000}, unhandledPromptBehavior: dismiss and notify, webauthn:extension:largeBlob: true, webauthn:virtualAuthenticators: true}
Session ID: 78e711c0d15642b2994263eadfb1d289
at sun.reflect.NativeConstructorAccessorImpl.newInstance0(Native Method)
at sun.reflect.NativeConstructorAccessorImpl.newInstance(Unknown Source)
at sun.reflect.DelegatingConstructorAccessorImpl.newInstance(Unknown Source)
at java.lang.reflect.Constructor.newInstance(Unknown Source)
at org.openqa.selenium.remote.http.W3CHttpResponseCodec.createException(W3CHttpResponseCodec.java:187)
at org.openqa.selenium.remote.http.W3CHttpResponseCodec.decode(W3CHttpResponseCodec.java:122)
at org.openqa.selenium.remote.http.W3CHttpResponseCodec.decode(W3CHttpResponseCodec.java:49)
at org.openqa.selenium.remote.HttpCommandExecutor.execute(HttpCommandExecutor.java:158)
at org.openqa.selenium.remote.service.DriverCommandExecutor.execute(DriverCommandExecutor.java:83)
at org.openqa.selenium.remote.RemoteWebDriver.execute(RemoteWebDriver.java:552)
at org.openqa.selenium.remote.RemoteWebElement.execute(RemoteWebElement.java:285)
at org.openqa.selenium.remote.RemoteWebElement.isDisplayed(RemoteWebElement.java:326)
at org.openqa.selenium.support.ui.ExpectedConditions.elementIfVisible(ExpectedConditions.java:314)
at org.openqa.selenium.support.ui.ExpectedConditions.access$000(ExpectedConditions.java:43)
at org.openqa.selenium.support.ui.ExpectedConditions$10.apply(ExpectedConditions.java:300)
at org.openqa.selenium.support.ui.ExpectedConditions$10.apply(ExpectedConditions.java:297)
at org.openqa.selenium.support.ui.FluentWait.until(FluentWait.java:249)
at com.tetherfi.pages.BasePage.waitUntilWebElementListIsVisible(BasePage.java:136)
at com.tetherfi.pages.BasePage.selectDropdownFromVisibleText(BasePage.java:341)
at com.tetherfi.pages.CallbackAnnouncementPage.verifySearchIsNotEqualTo(CallbackAnnouncementPage.java:735)
at com.tetherfi.test.ivr.CallBackAnnouncementTest.VerifySearchIsNotEqualTo(CallBackAnnouncementTest.java:146)
at sun.reflect.NativeMethodAccessorImpl.invoke0(Native Method)
at sun.reflect.NativeMethodAccessorImpl.invoke(Unknown Source)
at sun.reflect.DelegatingMethodAccessorImpl.invoke(Unknown Source)
at java.lang.reflect.Method.invoke(Unknown Source)
at org.testng.internal.MethodInvocationHelper.invokeMethod(MethodInvocationHelper.java:133)
at org.testng.internal.TestInvoker.invokeMethod(TestInvoker.java:584)
at org.testng.internal.TestInvoker.invokeTestMethod(TestInvoker.java:172)
at org.testng.internal.MethodRunner.runInSequence(MethodRunner.java:46)
at org.testng.internal.TestInvoker$MethodInvocationAgent.invoke(TestInvoker.java:804)
at org.testng.internal.TestInvoker.invokeTestMethods(TestInvoker.java:145)
at org.testng.internal.TestMethodWorker.invokeTestMethods(TestMethodWorker.java:146)
at org.testng.internal.TestMethodWorker.run(TestMethodWorker.java:128)
at java.util.ArrayList.forEach(Unknown Source)
at org.testng.TestRunner.privateRun(TestRunner.java:770)
at org.testng.TestRunner.run(TestRunner.java:591)
at org.testng.SuiteRunner.runTest(SuiteRunner.java:402)
at org.testng.SuiteRunner.runSequentially(SuiteRunner.java:396)
at org.testng.SuiteRunner.privateRun(SuiteRunner.java:355)
at org.testng.SuiteRunner.run(SuiteRunner.java:304)
at org.testng.SuiteRunnerWorker.runSuite(SuiteRunnerWorker.java:53)
at org.testng.SuiteRunnerWorker.run(SuiteRunnerWorker.java:96)
at org.testng.TestNG.runSuitesSequentially(TestNG.java:1180)
at org.testng.TestNG.runSuitesLocally(TestNG.java:1102)
at org.testng.TestNG.runSuites(TestNG.java:1032)
at org.testng.TestNG.run(TestNG.java:1000)
at org.testng.remote.AbstractRemoteTestNG.run(AbstractRemoteTestNG.java:115)
at org.testng.remote.RemoteTestNG.initAndRun(RemoteTestNG.java:251)
at org.testng.remote.RemoteTestNG.main(RemoteTestNG.java:77)
]]>
    </error>
  </testcase> <!-- VerifySearchIsNotEqualTo -->
  <testcase name="VerifySearchContains" time="12.106" classname="com.tetherfi.test.ivr.CallBackAnnouncementTest"/>
  <testcase name="VerifySearchDoesNotContains" time="11.571" classname="com.tetherfi.test.ivr.CallBackAnnouncementTest"/>
  <testcase name="VerifySearchStartsWith" time="11.644" classname="com.tetherfi.test.ivr.CallBackAnnouncementTest"/>
  <testcase name="VerifySearchEndsWith" time="11.807" classname="com.tetherfi.test.ivr.CallBackAnnouncementTest"/>
  <testcase name="EditCallBackAnnouncementRecord" time="15.216" classname="com.tetherfi.test.ivr.CallBackAnnouncementTest"/>
  <testcase name="EditWithoutModifyReasonCallbackannouncementRecord" time="14.446" classname="com.tetherfi.test.ivr.CallBackAnnouncementTest"/>
  <testcase name="VerifyCancelButtonAtEditCallbackAnnouncementRecord" time="14.606" classname="com.tetherfi.test.ivr.CallBackAnnouncementTest"/>
  <testcase name="searchPage" time="6.202" classname="com.tetherfi.test.ivr.CallBackAnnouncementTest"/>
  <testcase name="searchwithoutSearchTextbox" time="9.039" classname="com.tetherfi.test.ivr.CallBackAnnouncementTest"/>
  <testcase name="DeleteWithoutDeleteReasonRecord" time="12.053" classname="com.tetherfi.test.ivr.CallBackAnnouncementTest"/>
  <testcase name="VerifyCancelButtonDeleteRecord" time="15.892" classname="com.tetherfi.test.ivr.CallBackAnnouncementTest"/>
  <testcase name="DeleteCallbackAnnouncementRecord" time="14.565" classname="com.tetherfi.test.ivr.CallBackAnnouncementTest"/>
  <testcase name="ExportToExcel" time="4.950" classname="com.tetherfi.test.ivr.CallBackAnnouncementTest"/>
  <testcase name="ExportToExcelData" time="4.596" classname="com.tetherfi.test.ivr.CallBackAnnouncementTest"/>
  <testcase name="SearchClearSearch" time="10.320" classname="com.tetherfi.test.ivr.CallBackAnnouncementTest"/>
  <testcase name="ExporttoExcelWithoutData" time="10.535" classname="com.tetherfi.test.ivr.CallBackAnnouncementTest"/>
  <testcase name="SortingByAscending" time="6.261" classname="com.tetherfi.test.ivr.CallBackAnnouncementTest"/>
  <testcase name="SortingByDescending" time="12.071" classname="com.tetherfi.test.ivr.CallBackAnnouncementTest"/>
  <testcase name="GroupBy" time="4.699" classname="com.tetherfi.test.ivr.CallBackAnnouncementTest"/>
  <testcase name="VerifyArrowMoveForPreviousAndNextPage" time="2.632" classname="com.tetherfi.test.ivr.CallBackAnnouncementTest"/>
  <testcase name="VerifyArrowMoveForFirstAndLastPage" time="3.321" classname="com.tetherfi.test.ivr.CallBackAnnouncementTest"/>
  <testcase name="VerifyTotalNumberOfItemsPerPageDetails" time="2.167" classname="com.tetherfi.test.ivr.CallBackAnnouncementTest"/>
  <testcase name="VerifyNumberOfItemsPerPageSelection" time="11.214" classname="com.tetherfi.test.ivr.CallBackAnnouncementTest"/>
  <testcase name="database" time="10.274" classname="com.tetherfi.test.ivr.CallBackAnnouncementTest"/>
  <testcase name="VerifyAuditTrialReportForCreate" time="35.882" classname="com.tetherfi.test.ivr.CallBackAnnouncementTest"/>
  <testcase name="VerifyAuditTrialReportForUpdate" time="34.492" classname="com.tetherfi.test.ivr.CallBackAnnouncementTest"/>
  <testcase name="VerifyAuditTrialReportForDelete" time="33.929" classname="com.tetherfi.test.ivr.CallBackAnnouncementTest"/>
</testsuite> <!-- com.tetherfi.test.ivr.CallBackAnnouncementTest -->
