<?xml version="1.0" encoding="UTF-8"?>
<!-- Generated by org.testng.reporters.JUnitReportReporter -->
<testsuite hostname="admin" failures="0" tests="35" name="com.tetherfi.test.ivr.VBEnrollmentFlagTest" time="116.524" errors="2" timestamp="2019-09-23T14:53:26 IST" skipped="29">
  <testcase classname="com.tetherfi.test.ivr.VBEnrollmentFlagTest" name="afterEachMethod" time="5.049">
    <error message="no such window: target window already closed
from unknown error: web view not found
  (Session info: chrome=77.0.3865.90)
Build info: version: &#039;3.141.59&#039;, revision: &#039;e82be7d358&#039;, time: &#039;2018-11-14T08:17:03&#039;
System info: host: &#039;ADMIN&#039;, ip: &#039;192.168.1.15&#039;, os.name: &#039;Windows 8.1&#039;, os.arch: &#039;amd64&#039;, os.version: &#039;6.3&#039;, java.version: &#039;9.0.4&#039;
Driver info: org.openqa.selenium.chrome.ChromeDriver
Capabilities {acceptInsecureCerts: false, browserName: chrome, browserVersion: 77.0.3865.90, chrome: {chromedriverVersion: 76.0.3809.68 (420c9498db8ce..., userDataDir: C:\Users\ADMINP~1\AppData\L...}, goog:chromeOptions: {debuggerAddress: localhost:56679}, javascriptEnabled: true, networkConnectionEnabled: false, pageLoadStrategy: normal, platform: XP, platformName: XP, proxy: Proxy(), setWindowRect: true, strictFileInteractability: false, timeouts: {implicit: 0, pageLoad: 300000, script: 30000}, unhandledPromptBehavior: dismiss and notify}
Session ID: feb7b40c3ca04fcd299dcb0eabba9c36" type="org.openqa.selenium.NoSuchWindowException">
      <![CDATA[org.openqa.selenium.NoSuchWindowException: no such window: target window already closed
from unknown error: web view not found
  (Session info: chrome=77.0.3865.90)
Build info: version: '3.141.59', revision: 'e82be7d358', time: '2018-11-14T08:17:03'
System info: host: 'ADMIN', ip: '192.168.1.15', os.name: 'Windows 8.1', os.arch: 'amd64', os.version: '6.3', java.version: '9.0.4'
Driver info: org.openqa.selenium.chrome.ChromeDriver
Capabilities {acceptInsecureCerts: false, browserName: chrome, browserVersion: 77.0.3865.90, chrome: {chromedriverVersion: 76.0.3809.68 (420c9498db8ce..., userDataDir: C:\Users\ADMINP~1\AppData\L...}, goog:chromeOptions: {debuggerAddress: localhost:56679}, javascriptEnabled: true, networkConnectionEnabled: false, pageLoadStrategy: normal, platform: XP, platformName: XP, proxy: Proxy(), setWindowRect: true, strictFileInteractability: false, timeouts: {implicit: 0, pageLoad: 300000, script: 30000}, unhandledPromptBehavior: dismiss and notify}
Session ID: feb7b40c3ca04fcd299dcb0eabba9c36
at jdk.internal.reflect.GeneratedConstructorAccessor29.newInstance(Unknown Source)
at java.base/jdk.internal.reflect.DelegatingConstructorAccessorImpl.newInstance(Unknown Source)
at java.base/java.lang.reflect.Constructor.newInstance(Unknown Source)
at org.openqa.selenium.remote.http.W3CHttpResponseCodec.createException(W3CHttpResponseCodec.java:187)
at org.openqa.selenium.remote.http.W3CHttpResponseCodec.decode(W3CHttpResponseCodec.java:122)
at org.openqa.selenium.remote.http.W3CHttpResponseCodec.decode(W3CHttpResponseCodec.java:49)
at org.openqa.selenium.remote.HttpCommandExecutor.execute(HttpCommandExecutor.java:158)
at org.openqa.selenium.remote.service.DriverCommandExecutor.execute(DriverCommandExecutor.java:83)
at org.openqa.selenium.remote.RemoteWebDriver.execute(RemoteWebDriver.java:552)
at org.openqa.selenium.remote.RemoteWebDriver.execute(RemoteWebDriver.java:609)
at org.openqa.selenium.remote.RemoteWebDriver$RemoteNavigation.refresh(RemoteWebDriver.java:865)
at com.tetherfi.test.ivr.VBEnrollmentFlagTest.afterEachMethod(VBEnrollmentFlagTest.java:371)
at java.base/jdk.internal.reflect.NativeMethodAccessorImpl.invoke0(Native Method)
at java.base/jdk.internal.reflect.NativeMethodAccessorImpl.invoke(Unknown Source)
at java.base/jdk.internal.reflect.DelegatingMethodAccessorImpl.invoke(Unknown Source)
at java.base/java.lang.reflect.Method.invoke(Unknown Source)
at org.testng.internal.MethodInvocationHelper.invokeMethod(MethodInvocationHelper.java:133)
at org.testng.internal.MethodInvocationHelper.invokeMethodConsideringTimeout(MethodInvocationHelper.java:62)
at org.testng.internal.ConfigInvoker.invokeConfigurationMethod(ConfigInvoker.java:340)
at org.testng.internal.ConfigInvoker.invokeConfigurations(ConfigInvoker.java:294)
at org.testng.internal.TestInvoker.runConfigMethods(TestInvoker.java:683)
at org.testng.internal.TestInvoker.runAfterGroupsConfigurations(TestInvoker.java:658)
at org.testng.internal.TestInvoker.invokeMethod(TestInvoker.java:642)
at org.testng.internal.TestInvoker.invokeTestMethod(TestInvoker.java:172)
at org.testng.internal.MethodRunner.runInSequence(MethodRunner.java:46)
at org.testng.internal.TestInvoker$MethodInvocationAgent.invoke(TestInvoker.java:804)
at org.testng.internal.TestInvoker.invokeTestMethods(TestInvoker.java:145)
at org.testng.internal.TestMethodWorker.invokeTestMethods(TestMethodWorker.java:146)
at org.testng.internal.TestMethodWorker.run(TestMethodWorker.java:128)
at java.base/java.util.ArrayList.forEach(Unknown Source)
at org.testng.TestRunner.privateRun(TestRunner.java:770)
at org.testng.TestRunner.run(TestRunner.java:591)
at org.testng.SuiteRunner.runTest(SuiteRunner.java:402)
at org.testng.SuiteRunner.runSequentially(SuiteRunner.java:396)
at org.testng.SuiteRunner.privateRun(SuiteRunner.java:355)
at org.testng.SuiteRunner.run(SuiteRunner.java:304)
at org.testng.SuiteRunnerWorker.runSuite(SuiteRunnerWorker.java:53)
at org.testng.SuiteRunnerWorker.run(SuiteRunnerWorker.java:96)
at org.testng.TestNG.runSuitesSequentially(TestNG.java:1180)
at org.testng.TestNG.runSuitesLocally(TestNG.java:1102)
at org.testng.TestNG.runSuites(TestNG.java:1032)
at org.testng.TestNG.run(TestNG.java:1000)
at org.testng.remote.AbstractRemoteTestNG.run(AbstractRemoteTestNG.java:115)
at org.testng.remote.RemoteTestNG.initAndRun(RemoteTestNG.java:251)
at org.testng.remote.RemoteTestNG.main(RemoteTestNG.java:77)
]]>
    </error>
  </testcase> <!-- afterEachMethod -->
  <testcase classname="com.tetherfi.test.ivr.VBEnrollmentFlagTest" name="VbEnrollmentFlagPage" time="7.013"/>
  <testcase classname="com.tetherfi.test.ivr.VBEnrollmentFlagTest" name="VerifyDropdownForAllTheColumns" time="13.602"/>
  <testcase classname="com.tetherfi.test.ivr.VBEnrollmentFlagTest" name="VerifyColumnsHeaderEnable" time="9.327"/>
  <testcase classname="com.tetherfi.test.ivr.VBEnrollmentFlagTest" name="VerifyColumnsHeaderDisable" time="8.767"/>
  <testcase classname="com.tetherfi.test.ivr.VBEnrollmentFlagTest" name="AddNewVBEnrollmentFlagRecord" time="72.764">
    <error message="no such window: target window already closed
from unknown error: web view not found
  (Session info: chrome=77.0.3865.90)
Build info: version: &#039;3.141.59&#039;, revision: &#039;e82be7d358&#039;, time: &#039;2018-11-14T08:17:03&#039;
System info: host: &#039;ADMIN&#039;, ip: &#039;192.168.1.15&#039;, os.name: &#039;Windows 8.1&#039;, os.arch: &#039;amd64&#039;, os.version: &#039;6.3&#039;, java.version: &#039;9.0.4&#039;
Driver info: org.openqa.selenium.chrome.ChromeDriver
Capabilities {acceptInsecureCerts: false, browserName: chrome, browserVersion: 77.0.3865.90, chrome: {chromedriverVersion: 76.0.3809.68 (420c9498db8ce..., userDataDir: C:\Users\ADMINP~1\AppData\L...}, goog:chromeOptions: {debuggerAddress: localhost:56679}, javascriptEnabled: true, networkConnectionEnabled: false, pageLoadStrategy: normal, platform: XP, platformName: XP, proxy: Proxy(), setWindowRect: true, strictFileInteractability: false, timeouts: {implicit: 0, pageLoad: 300000, script: 30000}, unhandledPromptBehavior: dismiss and notify}
Session ID: feb7b40c3ca04fcd299dcb0eabba9c36
*** Element info: {Using=css selector, value=#toast-container .toast-message}" type="org.openqa.selenium.NoSuchWindowException">
      <![CDATA[org.openqa.selenium.NoSuchWindowException: no such window: target window already closed
from unknown error: web view not found
  (Session info: chrome=77.0.3865.90)
Build info: version: '3.141.59', revision: 'e82be7d358', time: '2018-11-14T08:17:03'
System info: host: 'ADMIN', ip: '192.168.1.15', os.name: 'Windows 8.1', os.arch: 'amd64', os.version: '6.3', java.version: '9.0.4'
Driver info: org.openqa.selenium.chrome.ChromeDriver
Capabilities {acceptInsecureCerts: false, browserName: chrome, browserVersion: 77.0.3865.90, chrome: {chromedriverVersion: 76.0.3809.68 (420c9498db8ce..., userDataDir: C:\Users\ADMINP~1\AppData\L...}, goog:chromeOptions: {debuggerAddress: localhost:56679}, javascriptEnabled: true, networkConnectionEnabled: false, pageLoadStrategy: normal, platform: XP, platformName: XP, proxy: Proxy(), setWindowRect: true, strictFileInteractability: false, timeouts: {implicit: 0, pageLoad: 300000, script: 30000}, unhandledPromptBehavior: dismiss and notify}
Session ID: feb7b40c3ca04fcd299dcb0eabba9c36
*** Element info: {Using=css selector, value=#toast-container .toast-message}
at jdk.internal.reflect.GeneratedConstructorAccessor29.newInstance(Unknown Source)
at java.base/jdk.internal.reflect.DelegatingConstructorAccessorImpl.newInstance(Unknown Source)
at java.base/java.lang.reflect.Constructor.newInstance(Unknown Source)
at org.openqa.selenium.remote.http.W3CHttpResponseCodec.createException(W3CHttpResponseCodec.java:187)
at org.openqa.selenium.remote.http.W3CHttpResponseCodec.decode(W3CHttpResponseCodec.java:122)
at org.openqa.selenium.remote.http.W3CHttpResponseCodec.decode(W3CHttpResponseCodec.java:49)
at org.openqa.selenium.remote.HttpCommandExecutor.execute(HttpCommandExecutor.java:158)
at org.openqa.selenium.remote.service.DriverCommandExecutor.execute(DriverCommandExecutor.java:83)
at org.openqa.selenium.remote.RemoteWebDriver.execute(RemoteWebDriver.java:552)
at org.openqa.selenium.remote.RemoteWebDriver.findElement(RemoteWebDriver.java:323)
at org.openqa.selenium.remote.RemoteWebDriver.findElementByCssSelector(RemoteWebDriver.java:420)
at org.openqa.selenium.By$ByCssSelector.findElement(By.java:431)
at org.openqa.selenium.remote.RemoteWebDriver.findElement(RemoteWebDriver.java:315)
at org.openqa.selenium.support.pagefactory.DefaultElementLocator.findElement(DefaultElementLocator.java:69)
at org.openqa.selenium.support.pagefactory.internal.LocatingElementHandler.invoke(LocatingElementHandler.java:38)
at com.sun.proxy.$Proxy14.toString(Unknown Source)
at java.base/java.lang.String.valueOf(Unknown Source)
at java.base/java.lang.StringBuilder.append(Unknown Source)
at org.openqa.selenium.support.ui.ExpectedConditions$10.toString(ExpectedConditions.java:305)
at java.base/java.lang.String.valueOf(Unknown Source)
at java.base/java.lang.StringBuilder.append(Unknown Source)
at org.openqa.selenium.support.ui.FluentWait.until(FluentWait.java:268)
at com.tetherfi.pages.BasePage.waitUntilWebElementIsVisible(BasePage.java:127)
at com.tetherfi.pages.VbEnrollmentFlagPage.verifySuccessMessage(VbEnrollmentFlagPage.java:631)
at com.tetherfi.test.ivr.VBEnrollmentFlagTest.AddNewVBEnrollmentFlagRecord(VBEnrollmentFlagTest.java:83)
at java.base/jdk.internal.reflect.NativeMethodAccessorImpl.invoke0(Native Method)
at java.base/jdk.internal.reflect.NativeMethodAccessorImpl.invoke(Unknown Source)
at java.base/jdk.internal.reflect.DelegatingMethodAccessorImpl.invoke(Unknown Source)
at java.base/java.lang.reflect.Method.invoke(Unknown Source)
at org.testng.internal.MethodInvocationHelper.invokeMethod(MethodInvocationHelper.java:133)
at org.testng.internal.TestInvoker.invokeMethod(TestInvoker.java:584)
at org.testng.internal.TestInvoker.invokeTestMethod(TestInvoker.java:172)
at org.testng.internal.MethodRunner.runInSequence(MethodRunner.java:46)
at org.testng.internal.TestInvoker$MethodInvocationAgent.invoke(TestInvoker.java:804)
at org.testng.internal.TestInvoker.invokeTestMethods(TestInvoker.java:145)
at org.testng.internal.TestMethodWorker.invokeTestMethods(TestMethodWorker.java:146)
at org.testng.internal.TestMethodWorker.run(TestMethodWorker.java:128)
at java.base/java.util.ArrayList.forEach(Unknown Source)
at org.testng.TestRunner.privateRun(TestRunner.java:770)
at org.testng.TestRunner.run(TestRunner.java:591)
at org.testng.SuiteRunner.runTest(SuiteRunner.java:402)
at org.testng.SuiteRunner.runSequentially(SuiteRunner.java:396)
at org.testng.SuiteRunner.privateRun(SuiteRunner.java:355)
at org.testng.SuiteRunner.run(SuiteRunner.java:304)
at org.testng.SuiteRunnerWorker.runSuite(SuiteRunnerWorker.java:53)
at org.testng.SuiteRunnerWorker.run(SuiteRunnerWorker.java:96)
at org.testng.TestNG.runSuitesSequentially(TestNG.java:1180)
at org.testng.TestNG.runSuitesLocally(TestNG.java:1102)
at org.testng.TestNG.runSuites(TestNG.java:1032)
at org.testng.TestNG.run(TestNG.java:1000)
at org.testng.remote.AbstractRemoteTestNG.run(AbstractRemoteTestNG.java:115)
at org.testng.remote.RemoteTestNG.initAndRun(RemoteTestNG.java:251)
at org.testng.remote.RemoteTestNG.main(RemoteTestNG.java:77)
]]>
    </error>
  </testcase> <!-- AddNewVBEnrollmentFlagRecord -->
  <testcase classname="com.tetherfi.test.ivr.VBEnrollmentFlagTest" name="AddDuplicateVBEnrollmentFlagRecord" time="0.000">
    <skipped/>
  </testcase> <!-- AddDuplicateVBEnrollmentFlagRecord -->
  <testcase classname="com.tetherfi.test.ivr.VBEnrollmentFlagTest" name="VerifyAuditTrialReportForCreate" time="0.000">
    <skipped/>
  </testcase> <!-- VerifyAuditTrialReportForCreate -->
  <testcase classname="com.tetherfi.test.ivr.VBEnrollmentFlagTest" name="AddEmptyRecord" time="0.001">
    <skipped/>
  </testcase> <!-- AddEmptyRecord -->
  <testcase classname="com.tetherfi.test.ivr.VBEnrollmentFlagTest" name="AddRecordWithoutDNIS" time="0.000">
    <skipped/>
  </testcase> <!-- AddRecordWithoutDNIS -->
  <testcase classname="com.tetherfi.test.ivr.VBEnrollmentFlagTest" name="AddRecordWithoutHotLineName" time="0.000">
    <skipped/>
  </testcase> <!-- AddRecordWithoutHotLineName -->
  <testcase classname="com.tetherfi.test.ivr.VBEnrollmentFlagTest" name="AddRecordWithoutEnrollmentFlag" time="0.000">
    <skipped/>
  </testcase> <!-- AddRecordWithoutEnrollmentFlag -->
  <testcase classname="com.tetherfi.test.ivr.VBEnrollmentFlagTest" name="VerifyCancelBtnAtAddRecord" time="0.000">
    <skipped/>
  </testcase> <!-- VerifyCancelBtnAtAddRecord -->
  <testcase classname="com.tetherfi.test.ivr.VBEnrollmentFlagTest" name="EditVBEnrollmentFlagRecord" time="0.000">
    <skipped/>
  </testcase> <!-- EditVBEnrollmentFlagRecord -->
  <testcase classname="com.tetherfi.test.ivr.VBEnrollmentFlagTest" name="VerifyAuditTrialReportForUpdate" time="0.000">
    <skipped/>
  </testcase> <!-- VerifyAuditTrialReportForUpdate -->
  <testcase classname="com.tetherfi.test.ivr.VBEnrollmentFlagTest" name="EditWithoutModifyReasonRecord" time="0.000">
    <skipped/>
  </testcase> <!-- EditWithoutModifyReasonRecord -->
  <testcase classname="com.tetherfi.test.ivr.VBEnrollmentFlagTest" name="VerifyCancelBtnAtEditRecord" time="0.000">
    <skipped/>
  </testcase> <!-- VerifyCancelBtnAtEditRecord -->
  <testcase classname="com.tetherfi.test.ivr.VBEnrollmentFlagTest" name="searchPage" time="0.000">
    <skipped/>
  </testcase> <!-- searchPage -->
  <testcase classname="com.tetherfi.test.ivr.VBEnrollmentFlagTest" name="searchwithoutSearchTextbox" time="0.000">
    <skipped/>
  </testcase> <!-- searchwithoutSearchTextbox -->
  <testcase classname="com.tetherfi.test.ivr.VBEnrollmentFlagTest" name="ExportToExcel" time="0.000">
    <skipped/>
  </testcase> <!-- ExportToExcel -->
  <testcase classname="com.tetherfi.test.ivr.VBEnrollmentFlagTest" name="ExportToExcelData" time="0.000">
    <skipped/>
  </testcase> <!-- ExportToExcelData -->
  <testcase classname="com.tetherfi.test.ivr.VBEnrollmentFlagTest" name="SortingByAscending" time="0.000">
    <skipped/>
  </testcase> <!-- SortingByAscending -->
  <testcase classname="com.tetherfi.test.ivr.VBEnrollmentFlagTest" name="SortingByDescending" time="0.000">
    <skipped/>
  </testcase> <!-- SortingByDescending -->
  <testcase classname="com.tetherfi.test.ivr.VBEnrollmentFlagTest" name="GroupBy" time="0.000">
    <skipped/>
  </testcase> <!-- GroupBy -->
  <testcase classname="com.tetherfi.test.ivr.VBEnrollmentFlagTest" name="VerifyArrowMoveForPreviousAndNextPage" time="0.000">
    <skipped/>
  </testcase> <!-- VerifyArrowMoveForPreviousAndNextPage -->
  <testcase classname="com.tetherfi.test.ivr.VBEnrollmentFlagTest" name="VerifyArrowMoveForFirstAndLastPage" time="0.000">
    <skipped/>
  </testcase> <!-- VerifyArrowMoveForFirstAndLastPage -->
  <testcase classname="com.tetherfi.test.ivr.VBEnrollmentFlagTest" name="VerifyTotalNumberOfItemsPerPageDetails" time="0.000">
    <skipped/>
  </testcase> <!-- VerifyTotalNumberOfItemsPerPageDetails -->
  <testcase classname="com.tetherfi.test.ivr.VBEnrollmentFlagTest" name="VerifyNumberOfItemsPerPageSelection" time="0.000">
    <skipped/>
  </testcase> <!-- VerifyNumberOfItemsPerPageSelection -->
  <testcase classname="com.tetherfi.test.ivr.VBEnrollmentFlagTest" name="database" time="0.000">
    <skipped/>
  </testcase> <!-- database -->
  <testcase classname="com.tetherfi.test.ivr.VBEnrollmentFlagTest" name="DeleteWithoutDeleteReasonRecord" time="0.000">
    <skipped/>
  </testcase> <!-- DeleteWithoutDeleteReasonRecord -->
  <testcase classname="com.tetherfi.test.ivr.VBEnrollmentFlagTest" name="VerifyCancelBtnAtDeleteVBEnrollmentFlagRecord" time="0.001">
    <skipped/>
  </testcase> <!-- VerifyCancelBtnAtDeleteVBEnrollmentFlagRecord -->
  <testcase classname="com.tetherfi.test.ivr.VBEnrollmentFlagTest" name="DeleteVBEnrollmentFlagRecord" time="0.000">
    <skipped/>
  </testcase> <!-- DeleteVBEnrollmentFlagRecord -->
  <testcase classname="com.tetherfi.test.ivr.VBEnrollmentFlagTest" name="VerifyAuditTrialReportForDelete" time="0.000">
    <skipped/>
  </testcase> <!-- VerifyAuditTrialReportForDelete -->
  <testcase classname="com.tetherfi.test.ivr.VBEnrollmentFlagTest" name="SearchClearSearch" time="0.000">
    <skipped/>
  </testcase> <!-- SearchClearSearch -->
  <testcase classname="com.tetherfi.test.ivr.VBEnrollmentFlagTest" name="ExporttoExcelWithoutData" time="0.000">
    <skipped/>
  </testcase> <!-- ExporttoExcelWithoutData -->
</testsuite> <!-- com.tetherfi.test.ivr.VBEnrollmentFlagTest -->
