<?xml version="1.0" encoding="UTF-8"?>
<!-- Generated by org.testng.reporters.JUnitReportReporter -->
<testsuite skipped="0" hostname="DESKTOP-NJVBPFB" name="com.tetherfi.test.tmac.TmacAuxCodesTest" tests="3" failures="0" timestamp="2020-05-08T10:32:33 IST" time="43.524" errors="0">
  <testcase name="AddNewTmacAuxCodesRecord" time="9.871" classname="com.tetherfi.test.tmac.TmacAuxCodesTest"/>
  <testcase name="verifyEditRecord" time="17.752" classname="com.tetherfi.test.tmac.TmacAuxCodesTest"/>
  <testcase name="DeleteTmacAuxCodesRecord" time="15.901" classname="com.tetherfi.test.tmac.TmacAuxCodesTest"/>
</testsuite> <!-- com.tetherfi.test.tmac.TmacAuxCodesTest -->
